== 2023-11-12 15:17:54,150 easyblock.py:313 INFO This is EasyBuild 4.8.2.dev0-r88d088397ce3e4744961ae34156ca2296fb593dc (framework: 4.8.2.dev0-r6fccffea4619bc1e64337d019fb0c91479ea09f6, easyblocks: 4.8.2.dev0-r88d088397ce3e4744961ae34156ca2296fb593dc) on host gligar08.gastly.os.
== 2023-11-12 15:17:54,150 easyblock.py:319 INFO This is easyblock PythonBundle from module easybuild.easyblocks.generic.pythonbundle (/user/gent/438/vsc43810/easybuild/easybuild-easyblocks/easybuild/easyblocks/generic/pythonbundle.py)
== 2023-11-12 15:17:54,150 easyblock.py:1056 INFO Build dir set to /tmp/vsc43810/easybuild/build/EUKulele/2.0.6/foss-2022a
== 2023-11-12 15:17:54,150 easyblock.py:1113 INFO Software install dir set to /scratch/gent/vo/001/gvo00117/easybuild/RHEL8/cascadelake-ampere-ib/software/EUKulele/2.0.6-foss-2022a
== 2023-11-12 15:17:54,150 easyblock.py:1118 INFO Module install dir set to /scratch/gent/vo/001/gvo00117/easybuild/RHEL8/cascadelake-ampere-ib/modules/all
== 2023-11-12 15:17:54,150 easyblock.py:288 INFO Init completed for application name EUKulele version 2.0.6
== 2023-11-12 15:17:54,150 pythonbundle.py:73 INFO Detection of downloaded extension dependencies is enabled
== 2023-11-12 15:17:54,150 pythonbundle.py:75 INFO exts_default_options: {'buildcmd': None, 'check_ldshared': None, 'download_dep_fail': True, 'install_src': None, 'install_target': 'install', 'pip_ignore_installed': True, 'pip_no_index': None, 'req_py_majver': None, 'req_py_minver': None, 'sanity_pip_check': True, 'runtest': True, 'testinstall': False, 'unpack_sources': None, 'unversioned_packages': [], 'use_pip': True, 'use_pip_editable': False, 'use_pip_extras': None, 'use_pip_for_deps': False, 'use_pip_requirement': False, 'zipped_egg': False, 'source_urls': ['https://pypi.python.org/packages/source/%(nameletter)s/%(name)s'], 'options': {}}
== 2023-11-12 15:17:54,150 easyblock.py:4220 INFO Obtained application instance of for EUKulele (easyblock: PythonBundle)
== 2023-11-12 15:17:54,150 easyconfig.py:1702 INFO Generating template values...
== 2023-11-12 15:17:54,151 mpi.py:122 INFO Using template MPI command 'mpirun -n %(nr_ranks)s %(cmd)s' for MPI family 'OpenMPI'
== 2023-11-12 15:17:54,151 mpi.py:307 INFO Using MPI command template 'mpirun -n %(nr_ranks)s %(cmd)s' (params: {'nr_ranks': 1, 'cmd': 'xxx_command_xxx'})
== 2023-11-12 15:17:54,151 easyconfig.py:1721 INFO Template values: arch='x86_64', bitbucket_account='eukulele', github_account='eukulele', module_name='EUKulele/2.0.6-foss-2022a', mpi_cmd_prefix='mpirun -n 1', name='EUKulele', nameletter='E', nameletterlower='e', namelower='eukulele', pymajver='3', pyminver='10', pyshortver='3.10', pyver='3.10.4', sysroot='', toolchain_name='foss', toolchain_version='2022a', version='2.0.6', version_major='2', version_major_minor='2.0', version_minor='0', versionprefix='', versionsuffix=''
== 2023-11-12 15:17:54,152 one.py:180 INFO Skipping reformatting value for parameter 'toolchain'
== 2023-11-12 15:17:54,152 filetools.py:1911 INFO Creating directory /tmp/vsc43810/eb-qcv25zbd/reprod_20231112151754_2830472 (parents: True, set_gid: False, sticky: False)
== 2023-11-12 15:17:54,152 easyblock.py:4474 INFO Dumped easyconfig instance to /tmp/vsc43810/eb-qcv25zbd/reprod_20231112151754_2830472/EUKulele-2.0.6-foss-2022a.eb
== 2023-11-12 15:17:54,153 filetools.py:1911 INFO Creating directory /tmp/vsc43810/eb-qcv25zbd/reprod_20231112151754_2830472/easyblocks (parents: True, set_gid: False, sticky: False)
== 2023-11-12 15:17:54,153 filetools.py:2424 INFO /user/gent/438/vsc43810/easybuild/easybuild-easyblocks/easybuild/easyblocks/generic/pythonbundle.py copied to /tmp/vsc43810/eb-qcv25zbd/reprod_20231112151754_2830472/easyblocks/pythonbundle.py
== 2023-11-12 15:17:54,153 easyblock.py:4454 INFO Dumped easyblock pythonbundle.py required for reproduction to /tmp/vsc43810/eb-qcv25zbd/reprod_20231112151754_2830472/easyblocks
== 2023-11-12 15:17:54,153 filetools.py:2424 INFO /user/gent/438/vsc43810/easybuild/easybuild-easyblocks/easybuild/easyblocks/generic/bundle.py copied to /tmp/vsc43810/eb-qcv25zbd/reprod_20231112151754_2830472/easyblocks/bundle.py
== 2023-11-12 15:17:54,154 easyblock.py:4454 INFO Dumped easyblock bundle.py required for reproduction to /tmp/vsc43810/eb-qcv25zbd/reprod_20231112151754_2830472/easyblocks
== 2023-11-12 15:17:54,154 easyblock.py:2225 INFO Number of iterations to perform for central part of installation procedure: 1
== 2023-11-12 15:17:54,154 build_log.py:267 INFO building and installing EUKulele/2.0.6-foss-2022a...
== 2023-11-12 15:17:54,154 filetools.py:2004 INFO Lock /scratch/gent/vo/001/gvo00117/easybuild/RHEL8/cascadelake-ampere-ib/software/.locks/_scratch_gent_vo_001_gvo00117_easybuild_RHEL8_cascadelake-ampere-ib_software_EUKulele_2.0.6-foss-2022a.lock does not exist
== 2023-11-12 15:17:54,154 filetools.py:1945 INFO Creating lock at /scratch/gent/vo/001/gvo00117/easybuild/RHEL8/cascadelake-ampere-ib/software/.locks/_scratch_gent_vo_001_gvo00117_easybuild_RHEL8_cascadelake-ampere-ib_software_EUKulele_2.0.6-foss-2022a.lock...
== 2023-11-12 15:17:54,155 filetools.py:1911 INFO Creating directory /scratch/gent/vo/001/gvo00117/easybuild/RHEL8/cascadelake-ampere-ib/software/.locks/_scratch_gent_vo_001_gvo00117_easybuild_RHEL8_cascadelake-ampere-ib_software_EUKulele_2.0.6-foss-2022a.lock (parents: True, set_gid: False, sticky: False)
== 2023-11-12 15:17:54,155 filetools.py:1954 INFO Lock created: /scratch/gent/vo/001/gvo00117/easybuild/RHEL8/cascadelake-ampere-ib/software/.locks/_scratch_gent_vo_001_gvo00117_easybuild_RHEL8_cascadelake-ampere-ib_software_EUKulele_2.0.6-foss-2022a.lock
== 2023-11-12 15:17:54,155 build_log.py:267 INFO fetching files...
== 2023-11-12 15:17:54,155 easyblock.py:3942 INFO Starting fetch step
== 2023-11-12 15:17:54,155 easyconfig.py:1702 INFO Generating template values...
== 2023-11-12 15:17:54,155 mpi.py:122 INFO Using template MPI command 'mpirun -n %(nr_ranks)s %(cmd)s' for MPI family 'OpenMPI'
== 2023-11-12 15:17:54,155 mpi.py:307 INFO Using MPI command template 'mpirun -n %(nr_ranks)s %(cmd)s' (params: {'nr_ranks': 1, 'cmd': 'xxx_command_xxx'})
== 2023-11-12 15:17:54,155 easyconfig.py:1721 INFO Template values: arch='x86_64', bitbucket_account='eukulele', builddir='/tmp/vsc43810/easybuild/build/EUKulele/2.0.6/foss-2022a', github_account='eukulele', installdir='/scratch/gent/vo/001/gvo00117/easybuild/RHEL8/cascadelake-ampere-ib/software/EUKulele/2.0.6-foss-2022a', module_name='EUKulele/2.0.6-foss-2022a', mpi_cmd_prefix='mpirun -n 1', name='EUKulele', nameletter='E', nameletterlower='e', namelower='eukulele', pymajver='3', pyminver='10', pyshortver='3.10', pyver='3.10.4', start_dir='None', sysroot='', toolchain_name='foss', toolchain_version='2022a', version='2.0.6', version_major='2', version_major_minor='2.0', version_minor='0', versionprefix='', versionsuffix=''
== 2023-11-12 15:17:54,156 easyblock.py:3950 INFO Running method fetch_step part of step fetch
== 2023-11-12 15:17:54,156 easyblock.py:2347 WARNING Easyconfig does not specify an EasyBuild-version (key 'easybuild_version')! Assuming the latest version
== 2023-11-12 15:17:54,156 easyblock.py:2375 INFO no sources provided
== 2023-11-12 15:17:54,156 easyblock.py:2390 INFO no patches provided
== 2023-11-12 15:17:54,156 easyblock.py:810 INFO Considering directory in which easyconfig file is located when searching for multiprocess-0.70.14.tar.gz: /kyukon/home/gent/438/vsc43810/vsc-software-stack/206_EUKulele
== 2023-11-12 15:17:54,156 tools.py:273 INFO Found location to 'eb' script via $EB_SCRIPT_PATH: /user/gent/438/vsc43810/easybuild/easybuild-framework/eb
== 2023-11-12 15:17:54,156 tools.py:289 INFO Not considering /user/gent/438/vsc43810/easybuild (no easybuild/easyconfigs subdir found)
== 2023-11-12 15:17:54,157 tools.py:297 INFO Also considering installation prefix /kyukon/home/gent/438/vsc43810/easybuild (via resolved path to 'eb')...
== 2023-11-12 15:17:54,157 easyblock.py:851 INFO Found file multiprocess-0.70.14.tar.gz at /data/gent/vo/001/gvo00117/easybuild/sources/e/EUKulele/extensions/multiprocess-0.70.14.tar.gz
== 2023-11-12 15:17:54,162 easyblock.py:679 INFO md5 checksum for /data/gent/vo/001/gvo00117/easybuild/sources/e/EUKulele/extensions/multiprocess-0.70.14.tar.gz: 210315f0978d08fd8975ec879a0240ed
== 2023-11-12 15:17:54,164 easyblock.py:679 INFO sha256 checksum for /data/gent/vo/001/gvo00117/easybuild/sources/e/EUKulele/extensions/multiprocess-0.70.14.tar.gz: 3eddafc12f2260d27ae03fe6069b12570ab4764ab59a75e81624fac453fbf46a
== 2023-11-12 15:17:54,166 easyblock.py:685 INFO Checksum for extension source multiprocess-0.70.14.tar.gz verified
== 2023-11-12 15:17:54,166 easyblock.py:532 INFO Fetched extension patches: []
== 2023-11-12 15:17:54,166 easyblock.py:810 INFO Considering directory in which easyconfig file is located when searching for joblib-1.3.1.tar.gz: /kyukon/home/gent/438/vsc43810/vsc-software-stack/206_EUKulele
== 2023-11-12 15:17:54,166 tools.py:273 INFO Found location to 'eb' script via $EB_SCRIPT_PATH: /user/gent/438/vsc43810/easybuild/easybuild-framework/eb
== 2023-11-12 15:17:54,167 tools.py:289 INFO Not considering /user/gent/438/vsc43810/easybuild (no easybuild/easyconfigs subdir found)
== 2023-11-12 15:17:54,167 tools.py:297 INFO Also considering installation prefix /kyukon/home/gent/438/vsc43810/easybuild (via resolved path to 'eb')...
== 2023-11-12 15:17:54,167 easyblock.py:851 INFO Found file joblib-1.3.1.tar.gz at /data/gent/vo/001/gvo00117/easybuild/sources/e/EUKulele/extensions/joblib-1.3.1.tar.gz
== 2023-11-12 15:17:54,171 easyblock.py:679 INFO md5 checksum for /data/gent/vo/001/gvo00117/easybuild/sources/e/EUKulele/extensions/joblib-1.3.1.tar.gz: c26408c34e1ffbc2319f4f38ed538ead
== 2023-11-12 15:17:54,173 easyblock.py:679 INFO sha256 checksum for /data/gent/vo/001/gvo00117/easybuild/sources/e/EUKulele/extensions/joblib-1.3.1.tar.gz: 1f937906df65329ba98013dc9692fe22a4c5e4a648112de500508b18a21b41e3
== 2023-11-12 15:17:54,175 easyblock.py:685 INFO Checksum for extension source joblib-1.3.1.tar.gz verified
== 2023-11-12 15:17:54,175 easyblock.py:532 INFO Fetched extension patches: []
== 2023-11-12 15:17:54,176 easyblock.py:810 INFO Considering directory in which easyconfig file is located when searching for python-coveralls-2.9.3.tar.gz: /kyukon/home/gent/438/vsc43810/vsc-software-stack/206_EUKulele
== 2023-11-12 15:17:54,176 tools.py:273 INFO Found location to 'eb' script via $EB_SCRIPT_PATH: /user/gent/438/vsc43810/easybuild/easybuild-framework/eb
== 2023-11-12 15:17:54,176 tools.py:289 INFO Not considering /user/gent/438/vsc43810/easybuild (no easybuild/easyconfigs subdir found)
== 2023-11-12 15:17:54,176 tools.py:297 INFO Also considering installation prefix /kyukon/home/gent/438/vsc43810/easybuild (via resolved path to 'eb')...
== 2023-11-12 15:17:54,176 easyblock.py:851 INFO Found file python-coveralls-2.9.3.tar.gz at /apps/gent/sources/e/EUKulele/extensions/python-coveralls-2.9.3.tar.gz
== 2023-11-12 15:17:54,177 easyblock.py:679 INFO md5 checksum for /apps/gent/sources/e/EUKulele/extensions/python-coveralls-2.9.3.tar.gz: 5334bf80c510a15f59e530210c6df367
== 2023-11-12 15:17:54,177 easyblock.py:679 INFO sha256 checksum for /apps/gent/sources/e/EUKulele/extensions/python-coveralls-2.9.3.tar.gz: bfaf7811e7dc5628e83b6b162962a4e2485dbff184b30e49f380374ed1bcee55
== 2023-11-12 15:17:54,177 easyblock.py:810 INFO Considering directory in which easyconfig file is located when searching for checksums.json: /kyukon/home/gent/438/vsc43810/vsc-software-stack/206_EUKulele
== 2023-11-12 15:17:54,177 tools.py:273 INFO Found location to 'eb' script via $EB_SCRIPT_PATH: /user/gent/438/vsc43810/easybuild/easybuild-framework/eb
== 2023-11-12 15:17:54,177 tools.py:289 INFO Not considering /user/gent/438/vsc43810/easybuild (no easybuild/easyconfigs subdir found)
== 2023-11-12 15:17:54,177 tools.py:297 INFO Also considering installation prefix /kyukon/home/gent/438/vsc43810/easybuild (via resolved path to 'eb')...
== 2023-11-12 15:17:54,178 easyblock.py:881 WARNING Couldn't find file checksums.json anywhere, and downloading it is disabled... Paths attempted (in order): /kyukon/home/gent/438/vsc43810/vsc-software-stack/206_EUKulele/e/EUKulele/checksums.json, /kyukon/home/gent/438/vsc43810/vsc-software-stack/206_EUKulele/EUKulele/checksums.json, /kyukon/home/gent/438/vsc43810/vsc-software-stack/206_EUKulele/checksums.json, /user/gent/438/vsc43810/easybuild/easybuild-easyconfigs/easybuild/easyconfigs/e/EUKulele/checksums.json, /user/gent/438/vsc43810/easybuild/easybuild-easyconfigs/easybuild/easyconfigs/EUKulele/checksums.json, /user/gent/438/vsc43810/easybuild/easybuild-easyconfigs/easybuild/easyconfigs/checksums.json, /user/gent/438/vsc43810/easybuild/easybuild-easyconfigs/easybuild/easyconfigs/e/EUKulele/checksums.json, /user/gent/438/vsc43810/easybuild/easybuild-easyconfigs/easybuild/easyconfigs/EUKulele/checksums.json, /user/gent/438/vsc43810/easybuild/easybuild-easyconfigs/easybuild/easyconfigs/checksums.json, /data/gent/vo/001/gvo00117/easybuild/sources/e/EUKulele/checksums.json, /data/gent/vo/001/gvo00117/easybuild/sources/EUKulele/checksums.json, /data/gent/vo/001/gvo00117/easybuild/sources/checksums.json, /apps/gent/sources/e/EUKulele/checksums.json, /apps/gent/sources/EUKulele/checksums.json, /apps/gent/sources/checksums.json 
== 2023-11-12 15:17:54,178 easyblock.py:685 INFO Checksum for extension source python-coveralls-2.9.3.tar.gz verified
== 2023-11-12 15:17:54,178 easyblock.py:532 INFO Fetched extension patches: []
== 2023-11-12 15:17:54,178 easyblock.py:810 INFO Considering directory in which easyconfig file is located when searching for pytest-cov-4.1.0.tar.gz: /kyukon/home/gent/438/vsc43810/vsc-software-stack/206_EUKulele
== 2023-11-12 15:17:54,178 tools.py:273 INFO Found location to 'eb' script via $EB_SCRIPT_PATH: /user/gent/438/vsc43810/easybuild/easybuild-framework/eb
== 2023-11-12 15:17:54,179 tools.py:289 INFO Not considering /user/gent/438/vsc43810/easybuild (no easybuild/easyconfigs subdir found)
== 2023-11-12 15:17:54,179 tools.py:297 INFO Also considering installation prefix /kyukon/home/gent/438/vsc43810/easybuild (via resolved path to 'eb')...
== 2023-11-12 15:17:54,179 easyblock.py:851 INFO Found file pytest-cov-4.1.0.tar.gz at /data/gent/vo/001/gvo00117/easybuild/sources/e/EUKulele/extensions/pytest-cov-4.1.0.tar.gz
== 2023-11-12 15:17:54,180 easyblock.py:679 INFO md5 checksum for /data/gent/vo/001/gvo00117/easybuild/sources/e/EUKulele/extensions/pytest-cov-4.1.0.tar.gz: 593d6458518d96ebc63ea69eaf17840f
== 2023-11-12 15:17:54,180 easyblock.py:679 INFO sha256 checksum for /data/gent/vo/001/gvo00117/easybuild/sources/e/EUKulele/extensions/pytest-cov-4.1.0.tar.gz: 3904b13dfbfec47f003b8e77fd5b589cd11904a21ddf1ab38a64f204d6a10ef6
== 2023-11-12 15:17:54,180 easyblock.py:685 INFO Checksum for extension source pytest-cov-4.1.0.tar.gz verified
== 2023-11-12 15:17:54,180 easyblock.py:532 INFO Fetched extension patches: []
== 2023-11-12 15:17:54,181 easyblock.py:810 INFO Considering directory in which easyconfig file is located when searching for pybtex-0.24.0.tar.gz: /kyukon/home/gent/438/vsc43810/vsc-software-stack/206_EUKulele
== 2023-11-12 15:17:54,181 tools.py:273 INFO Found location to 'eb' script via $EB_SCRIPT_PATH: /user/gent/438/vsc43810/easybuild/easybuild-framework/eb
== 2023-11-12 15:17:54,181 tools.py:289 INFO Not considering /user/gent/438/vsc43810/easybuild (no easybuild/easyconfigs subdir found)
== 2023-11-12 15:17:54,181 tools.py:297 INFO Also considering installation prefix /kyukon/home/gent/438/vsc43810/easybuild (via resolved path to 'eb')...
== 2023-11-12 15:17:54,182 easyblock.py:851 INFO Found file pybtex-0.24.0.tar.gz at /apps/gent/sources/e/EUKulele/extensions/pybtex-0.24.0.tar.gz
== 2023-11-12 15:17:54,183 easyblock.py:679 INFO md5 checksum for /apps/gent/sources/e/EUKulele/extensions/pybtex-0.24.0.tar.gz: 70336a5add1a95e0210b3a2c703e0768
== 2023-11-12 15:17:54,184 easyblock.py:679 INFO sha256 checksum for /apps/gent/sources/e/EUKulele/extensions/pybtex-0.24.0.tar.gz: 818eae35b61733e5c007c3fcd2cfb75ed1bc8b4173c1f70b56cc4c0802d34755
== 2023-11-12 15:17:54,185 easyblock.py:685 INFO Checksum for extension source pybtex-0.24.0.tar.gz verified
== 2023-11-12 15:17:54,185 easyblock.py:532 INFO Fetched extension patches: []
== 2023-11-12 15:17:54,185 easyblock.py:810 INFO Considering directory in which easyconfig file is located when searching for pybtex-docutils-1.0.3.tar.gz: /kyukon/home/gent/438/vsc43810/vsc-software-stack/206_EUKulele
== 2023-11-12 15:17:54,185 tools.py:273 INFO Found location to 'eb' script via $EB_SCRIPT_PATH: /user/gent/438/vsc43810/easybuild/easybuild-framework/eb
== 2023-11-12 15:17:54,185 tools.py:289 INFO Not considering /user/gent/438/vsc43810/easybuild (no easybuild/easyconfigs subdir found)
== 2023-11-12 15:17:54,185 tools.py:297 INFO Also considering installation prefix /kyukon/home/gent/438/vsc43810/easybuild (via resolved path to 'eb')...
== 2023-11-12 15:17:54,186 easyblock.py:851 INFO Found file pybtex-docutils-1.0.3.tar.gz at /data/gent/vo/001/gvo00117/easybuild/sources/e/EUKulele/extensions/pybtex-docutils-1.0.3.tar.gz
== 2023-11-12 15:17:54,186 easyblock.py:679 INFO md5 checksum for /data/gent/vo/001/gvo00117/easybuild/sources/e/EUKulele/extensions/pybtex-docutils-1.0.3.tar.gz: 2f729370721e55a4517cad7367ce98f9
== 2023-11-12 15:17:54,186 easyblock.py:679 INFO sha256 checksum for /data/gent/vo/001/gvo00117/easybuild/sources/e/EUKulele/extensions/pybtex-docutils-1.0.3.tar.gz: 3a7ebdf92b593e00e8c1c538aa9a20bca5d92d84231124715acc964d51d93c6b
== 2023-11-12 15:17:54,186 easyblock.py:685 INFO Checksum for extension source pybtex-docutils-1.0.3.tar.gz verified
== 2023-11-12 15:17:54,186 easyblock.py:532 INFO Fetched extension patches: []
== 2023-11-12 15:17:54,187 easyblock.py:810 INFO Considering directory in which easyconfig file is located when searching for sphinxcontrib-bibtex-2.6.1.tar.gz: /kyukon/home/gent/438/vsc43810/vsc-software-stack/206_EUKulele
== 2023-11-12 15:17:54,187 tools.py:273 INFO Found location to 'eb' script via $EB_SCRIPT_PATH: /user/gent/438/vsc43810/easybuild/easybuild-framework/eb
== 2023-11-12 15:17:54,187 tools.py:289 INFO Not considering /user/gent/438/vsc43810/easybuild (no easybuild/easyconfigs subdir found)
== 2023-11-12 15:17:54,187 tools.py:297 INFO Also considering installation prefix /kyukon/home/gent/438/vsc43810/easybuild (via resolved path to 'eb')...
== 2023-11-12 15:17:54,187 easyblock.py:851 INFO Found file sphinxcontrib-bibtex-2.6.1.tar.gz at /data/gent/vo/001/gvo00117/easybuild/sources/e/EUKulele/extensions/sphinxcontrib-bibtex-2.6.1.tar.gz
== 2023-11-12 15:17:54,188 easyblock.py:679 INFO md5 checksum for /data/gent/vo/001/gvo00117/easybuild/sources/e/EUKulele/extensions/sphinxcontrib-bibtex-2.6.1.tar.gz: 2ff7456412245ae68656038256b2b418
== 2023-11-12 15:17:54,188 easyblock.py:679 INFO sha256 checksum for /data/gent/vo/001/gvo00117/easybuild/sources/e/EUKulele/extensions/sphinxcontrib-bibtex-2.6.1.tar.gz: 046b49f070ae5276af34c1b8ddb9bc9562ef6de2f7a52d37a91cb8e53f54b863
== 2023-11-12 15:17:54,188 easyblock.py:685 INFO Checksum for extension source sphinxcontrib-bibtex-2.6.1.tar.gz verified
== 2023-11-12 15:17:54,188 easyblock.py:532 INFO Fetched extension patches: []
== 2023-11-12 15:17:54,188 easyblock.py:810 INFO Considering directory in which easyconfig file is located when searching for v2.0.6.tar.gz: /kyukon/home/gent/438/vsc43810/vsc-software-stack/206_EUKulele
== 2023-11-12 15:17:54,188 tools.py:273 INFO Found location to 'eb' script via $EB_SCRIPT_PATH: /user/gent/438/vsc43810/easybuild/easybuild-framework/eb
== 2023-11-12 15:17:54,189 tools.py:289 INFO Not considering /user/gent/438/vsc43810/easybuild (no easybuild/easyconfigs subdir found)
== 2023-11-12 15:17:54,189 tools.py:297 INFO Also considering installation prefix /kyukon/home/gent/438/vsc43810/easybuild (via resolved path to 'eb')...
== 2023-11-12 15:17:54,614 filetools.py:816 INFO File size for https://github.com/AlexanderLabWHOI/EUKulele/archive/v2.0.6.tar.gz: None
== 2023-11-12 15:18:01,764 filetools.py:823 INFO Downloaded file v2.0.6.tar.gz from url https://github.com/AlexanderLabWHOI/EUKulele/archive/v2.0.6.tar.gz to /data/gent/vo/001/gvo00117/easybuild/sources/e/EUKulele/extensions/v2.0.6.tar.gz
== 2023-11-12 15:18:01,764 filetools.py:855 INFO Successful download of file v2.0.6.tar.gz from url https://github.com/AlexanderLabWHOI/EUKulele/archive/v2.0.6.tar.gz to path /data/gent/vo/001/gvo00117/easybuild/sources/e/EUKulele/extensions/v2.0.6.tar.gz
== 2023-11-12 15:18:01,765 easyblock.py:951 INFO Successfully downloaded source file v2.0.6.tar.gz from https://github.com/AlexanderLabWHOI/EUKulele/archive/v2.0.6.tar.gz
== 2023-11-12 15:18:01,962 easyblock.py:679 INFO md5 checksum for /data/gent/vo/001/gvo00117/easybuild/sources/e/EUKulele/extensions/v2.0.6.tar.gz: b30dfa9d3fa1feef8bc7df8e7a5088c7
== 2023-11-12 15:18:02,052 easyblock.py:679 INFO sha256 checksum for /data/gent/vo/001/gvo00117/easybuild/sources/e/EUKulele/extensions/v2.0.6.tar.gz: ab4efb692886f25c2b94e9405b98f3935d78b7c716b66b5f7d43f3bca02184b4
== 2023-11-12 15:18:02,052 easyblock.py:685 INFO Checksum for extension source v2.0.6.tar.gz verified
== 2023-11-12 15:18:02,052 easyblock.py:532 INFO Fetched extension patches: []
== 2023-11-12 15:18:02,052 easyblock.py:2435 INFO Checking dirs that need to be created: ['/scratch/gent/vo/001/gvo00117/easybuild/RHEL8/cascadelake-ampere-ib/software/EUKulele/2.0.6-foss-2022a', '/scratch/gent/vo/001/gvo00117/easybuild/RHEL8/cascadelake-ampere-ib/modules/all/EUKulele', '/scratch/gent/vo/001/gvo00117/easybuild/RHEL8/cascadelake-ampere-ib/modules/bio/EUKulele']
== 2023-11-12 15:18:02,052 filetools.py:1911 INFO Creating directory /scratch/gent/vo/001/gvo00117/easybuild/RHEL8/cascadelake-ampere-ib/software/EUKulele/2.0.6-foss-2022a (parents: True, set_gid: False, sticky: False)
== 2023-11-12 15:18:02,080 filetools.py:1911 INFO Creating directory /scratch/gent/vo/001/gvo00117/easybuild/RHEL8/cascadelake-ampere-ib/modules/all/EUKulele (parents: True, set_gid: False, sticky: False)
== 2023-11-12 15:18:02,096 filetools.py:1911 INFO Creating directory /scratch/gent/vo/001/gvo00117/easybuild/RHEL8/cascadelake-ampere-ib/modules/bio/EUKulele (parents: True, set_gid: False, sticky: False)
== 2023-11-12 15:18:02,117 build_log.py:267 INFO ... (took 7 secs)
== 2023-11-12 15:18:02,117 build_log.py:267 INFO creating build dir, resetting environment...
== 2023-11-12 15:18:02,117 easyblock.py:3942 INFO Starting ready step
== 2023-11-12 15:18:02,117 easyconfig.py:1702 INFO Generating template values...
== 2023-11-12 15:18:02,117 mpi.py:122 INFO Using template MPI command 'mpirun -n %(nr_ranks)s %(cmd)s' for MPI family 'OpenMPI'
== 2023-11-12 15:18:02,117 mpi.py:307 INFO Using MPI command template 'mpirun -n %(nr_ranks)s %(cmd)s' (params: {'nr_ranks': 1, 'cmd': 'xxx_command_xxx'})
== 2023-11-12 15:18:02,118 easyconfig.py:1721 INFO Template values: arch='x86_64', bitbucket_account='eukulele', builddir='/tmp/vsc43810/easybuild/build/EUKulele/2.0.6/foss-2022a', github_account='eukulele', installdir='/scratch/gent/vo/001/gvo00117/easybuild/RHEL8/cascadelake-ampere-ib/software/EUKulele/2.0.6-foss-2022a', module_name='EUKulele/2.0.6-foss-2022a', mpi_cmd_prefix='mpirun -n 1', name='EUKulele', nameletter='E', nameletterlower='e', namelower='eukulele', pymajver='3', pyminver='10', pyshortver='3.10', pyver='3.10.4', start_dir='None', sysroot='', toolchain_name='foss', toolchain_version='2022a', version='2.0.6', version_major='2', version_major_minor='2.0', version_minor='0', versionprefix='', versionsuffix=''
== 2023-11-12 15:18:02,118 easyblock.py:3950 INFO Running method check_readiness_step part of step ready
== 2023-11-12 15:18:02,125 run.py:246 INFO running cmd: ulimit -u 
== 2023-11-12 15:18:02,130 easyblock.py:2244 INFO Setting parallelism: 16
== 2023-11-12 15:18:02,189 easyblock.py:2296 WARNING Loaded modules detected: ['env/vsc/donphan', 'env/slurm/donphan', 'env/software/donphan', 'cluster/donphan']
== 2023-11-12 15:18:02,189 easyblock.py:3950 INFO Running method make_builddir part of step ready
== 2023-11-12 15:18:02,189 filetools.py:1911 INFO Creating directory /tmp/vsc43810/easybuild/build/EUKulele/2.0.6/foss-2022a (parents: True, set_gid: False, sticky: False)
== 2023-11-12 15:18:02,190 easyblock.py:3950 INFO Running method reset_env part of step ready
== 2023-11-12 15:18:02,190 easyblock.py:3950 INFO Running method handle_iterate_opts part of step ready
== 2023-11-12 15:18:02,190 easyconfig.py:1702 INFO Generating template values...
== 2023-11-12 15:18:02,190 mpi.py:122 INFO Using template MPI command 'mpirun -n %(nr_ranks)s %(cmd)s' for MPI family 'OpenMPI'
== 2023-11-12 15:18:02,191 mpi.py:307 INFO Using MPI command template 'mpirun -n %(nr_ranks)s %(cmd)s' (params: {'nr_ranks': 1, 'cmd': 'xxx_command_xxx'})
== 2023-11-12 15:18:02,191 easyconfig.py:1721 INFO Template values: arch='x86_64', bitbucket_account='eukulele', builddir='/tmp/vsc43810/easybuild/build/EUKulele/2.0.6/foss-2022a', github_account='eukulele', installdir='/scratch/gent/vo/001/gvo00117/easybuild/RHEL8/cascadelake-ampere-ib/software/EUKulele/2.0.6-foss-2022a', module_name='EUKulele/2.0.6-foss-2022a', mpi_cmd_prefix='mpirun -n 1', name='EUKulele', nameletter='E', nameletterlower='e', namelower='eukulele', parallel='16', pymajver='3', pyminver='10', pyshortver='3.10', pyver='3.10.4', start_dir='None', sysroot='', toolchain_name='foss', toolchain_version='2022a', version='2.0.6', version_major='2', version_major_minor='2.0', version_minor='0', versionprefix='', versionsuffix=''
== 2023-11-12 15:18:02,191 build_log.py:267 INFO ... (took < 1 sec)
== 2023-11-12 15:18:02,191 build_log.py:267 INFO unpacking...
== 2023-11-12 15:18:02,191 easyblock.py:3942 INFO Starting source step
== 2023-11-12 15:18:02,191 easyconfig.py:1702 INFO Generating template values...
== 2023-11-12 15:18:02,191 mpi.py:122 INFO Using template MPI command 'mpirun -n %(nr_ranks)s %(cmd)s' for MPI family 'OpenMPI'
== 2023-11-12 15:18:02,191 mpi.py:307 INFO Using MPI command template 'mpirun -n %(nr_ranks)s %(cmd)s' (params: {'nr_ranks': 1, 'cmd': 'xxx_command_xxx'})
== 2023-11-12 15:18:02,191 easyconfig.py:1721 INFO Template values: arch='x86_64', bitbucket_account='eukulele', builddir='/tmp/vsc43810/easybuild/build/EUKulele/2.0.6/foss-2022a', github_account='eukulele', installdir='/scratch/gent/vo/001/gvo00117/easybuild/RHEL8/cascadelake-ampere-ib/software/EUKulele/2.0.6-foss-2022a', module_name='EUKulele/2.0.6-foss-2022a', mpi_cmd_prefix='mpirun -n 1', name='EUKulele', nameletter='E', nameletterlower='e', namelower='eukulele', parallel='16', pymajver='3', pyminver='10', pyshortver='3.10', pyver='3.10.4', start_dir='None', sysroot='', toolchain_name='foss', toolchain_version='2022a', version='2.0.6', version_major='2', version_major_minor='2.0', version_minor='0', versionprefix='', versionsuffix=''
== 2023-11-12 15:18:02,192 easyblock.py:3950 INFO Running method checksum_step part of step source
== 2023-11-12 15:18:02,192 easyblock.py:3950 INFO Running method extract_step part of step source
== 2023-11-12 15:18:02,192 build_log.py:267 INFO ... (took < 1 sec)
== 2023-11-12 15:18:02,192 build_log.py:267 INFO patching...
== 2023-11-12 15:18:02,192 easyblock.py:3942 INFO Starting patch step
== 2023-11-12 15:18:02,192 easyconfig.py:1702 INFO Generating template values...
== 2023-11-12 15:18:02,192 mpi.py:122 INFO Using template MPI command 'mpirun -n %(nr_ranks)s %(cmd)s' for MPI family 'OpenMPI'
== 2023-11-12 15:18:02,192 mpi.py:307 INFO Using MPI command template 'mpirun -n %(nr_ranks)s %(cmd)s' (params: {'nr_ranks': 1, 'cmd': 'xxx_command_xxx'})
== 2023-11-12 15:18:02,192 easyconfig.py:1721 INFO Template values: arch='x86_64', bitbucket_account='eukulele', builddir='/tmp/vsc43810/easybuild/build/EUKulele/2.0.6/foss-2022a', github_account='eukulele', installdir='/scratch/gent/vo/001/gvo00117/easybuild/RHEL8/cascadelake-ampere-ib/software/EUKulele/2.0.6-foss-2022a', module_name='EUKulele/2.0.6-foss-2022a', mpi_cmd_prefix='mpirun -n 1', name='EUKulele', nameletter='E', nameletterlower='e', namelower='eukulele', parallel='16', pymajver='3', pyminver='10', pyshortver='3.10', pyver='3.10.4', start_dir='None', sysroot='', toolchain_name='foss', toolchain_version='2022a', version='2.0.6', version_major='2', version_major_minor='2.0', version_minor='0', versionprefix='', versionsuffix=''
== 2023-11-12 15:18:02,192 easyblock.py:3950 INFO Running method patch_step part of step patch
== 2023-11-12 15:18:02,192 build_log.py:267 INFO ... (took < 1 sec)
== 2023-11-12 15:18:02,192 build_log.py:267 INFO preparing...
== 2023-11-12 15:18:02,193 easyblock.py:3942 INFO Starting prepare step
== 2023-11-12 15:18:02,193 easyconfig.py:1702 INFO Generating template values...
== 2023-11-12 15:18:02,193 mpi.py:122 INFO Using template MPI command 'mpirun -n %(nr_ranks)s %(cmd)s' for MPI family 'OpenMPI'
== 2023-11-12 15:18:02,193 mpi.py:307 INFO Using MPI command template 'mpirun -n %(nr_ranks)s %(cmd)s' (params: {'nr_ranks': 1, 'cmd': 'xxx_command_xxx'})
== 2023-11-12 15:18:02,193 easyconfig.py:1721 INFO Template values: arch='x86_64', bitbucket_account='eukulele', builddir='/tmp/vsc43810/easybuild/build/EUKulele/2.0.6/foss-2022a', github_account='eukulele', installdir='/scratch/gent/vo/001/gvo00117/easybuild/RHEL8/cascadelake-ampere-ib/software/EUKulele/2.0.6-foss-2022a', module_name='EUKulele/2.0.6-foss-2022a', mpi_cmd_prefix='mpirun -n 1', name='EUKulele', nameletter='E', nameletterlower='e', namelower='eukulele', parallel='16', pymajver='3', pyminver='10', pyshortver='3.10', pyver='3.10.4', start_dir='None', sysroot='', toolchain_name='foss', toolchain_version='2022a', version='2.0.6', version_major='2', version_major_minor='2.0', version_minor='0', versionprefix='', versionsuffix=''
== 2023-11-12 15:18:02,193 easyblock.py:3950 INFO Running method prepare_step part of step prepare
== 2023-11-12 15:18:02,195 modules.py:626 INFO Checking whether Python/3.10.4-GCCcore-11.3.0 exists...
== 2023-11-12 15:18:02,195 modules.py:631 INFO Module Python/3.10.4-GCCcore-11.3.0 exists (found in list of available modules)
== 2023-11-12 15:18:02,195 modules.py:654 INFO Result for existence check of Python/3.10.4-GCCcore-11.3.0 module: True
== 2023-11-12 15:18:02,195 modules.py:626 INFO Checking whether Biopython/1.79-foss-2022a exists...
== 2023-11-12 15:18:02,195 modules.py:631 INFO Module Biopython/1.79-foss-2022a exists (found in list of available modules)
== 2023-11-12 15:18:02,195 modules.py:654 INFO Result for existence check of Biopython/1.79-foss-2022a module: True
== 2023-11-12 15:18:02,195 modules.py:626 INFO Checking whether SciPy-bundle/2022.05-foss-2022a exists...
== 2023-11-12 15:18:02,195 modules.py:631 INFO Module SciPy-bundle/2022.05-foss-2022a exists (found in list of available modules)
== 2023-11-12 15:18:02,195 modules.py:654 INFO Result for existence check of SciPy-bundle/2022.05-foss-2022a module: True
== 2023-11-12 15:18:02,195 modules.py:626 INFO Checking whether Seaborn/0.12.1-foss-2022a exists...
== 2023-11-12 15:18:02,195 modules.py:631 INFO Module Seaborn/0.12.1-foss-2022a exists (found in list of available modules)
== 2023-11-12 15:18:02,195 modules.py:654 INFO Result for existence check of Seaborn/0.12.1-foss-2022a module: True
== 2023-11-12 15:18:02,195 modules.py:626 INFO Checking whether PyYAML/6.0-GCCcore-11.3.0 exists...
== 2023-11-12 15:18:02,195 modules.py:631 INFO Module PyYAML/6.0-GCCcore-11.3.0 exists (found in list of available modules)
== 2023-11-12 15:18:02,195 modules.py:654 INFO Result for existence check of PyYAML/6.0-GCCcore-11.3.0 module: True
== 2023-11-12 15:18:02,196 modules.py:626 INFO Checking whether coverage/7.2.7-GCCcore-11.3.0 exists...
== 2023-11-12 15:18:02,196 modules.py:631 INFO Module coverage/7.2.7-GCCcore-11.3.0 exists (found in list of available modules)
== 2023-11-12 15:18:02,196 modules.py:654 INFO Result for existence check of coverage/7.2.7-GCCcore-11.3.0 module: True
== 2023-11-12 15:18:02,196 modules.py:626 INFO Checking whether matplotlib/3.5.2-foss-2022a exists...
== 2023-11-12 15:18:02,196 modules.py:631 INFO Module matplotlib/3.5.2-foss-2022a exists (found in list of available modules)
== 2023-11-12 15:18:02,196 modules.py:654 INFO Result for existence check of matplotlib/3.5.2-foss-2022a module: True
== 2023-11-12 15:18:02,196 modules.py:626 INFO Checking whether pytest-xdist/2.5.0-GCCcore-11.3.0 exists...
== 2023-11-12 15:18:02,196 modules.py:631 INFO Module pytest-xdist/2.5.0-GCCcore-11.3.0 exists (found in list of available modules)
== 2023-11-12 15:18:02,196 modules.py:654 INFO Result for existence check of pytest-xdist/2.5.0-GCCcore-11.3.0 module: True
== 2023-11-12 15:18:02,196 modules.py:626 INFO Checking whether foss/2022a exists...
== 2023-11-12 15:18:02,196 modules.py:634 INFO Module foss/2022a not found in list of available modules, checking via 'module show'...
== 2023-11-12 15:18:02,998 modules.py:654 INFO Result for existence check of foss/2022a module: True
== 2023-11-12 15:18:05,264 environment.py:93 INFO Environment variable LD_LIBRARY_PATH set to /apps/gent/RHEL8/cascadelake-ib/software/Python/3.10.4-GCCcore-11.3.0/lib:/apps/gent/RHEL8/cascadelake-ib/software/libffi/3.4.2-GCCcore-11.3.0/lib64:/apps/gent/RHEL8/cascadelake-ib/software/GMP/6.2.1-GCCcore-11.3.0/lib:/apps/gent/RHEL8/cascadelake-ib/software/SQLite/3.38.3-GCCcore-11.3.0/lib:/apps/gent/RHEL8/cascadelake-ib/software/Tcl/8.6.12-GCCcore-11.3.0/lib:/apps/gent/RHEL8/cascadelake-ib/software/libreadline/8.1.2-GCCcore-11.3.0/lib:/apps/gent/RHEL8/cascadelake-ib/software/ncurses/6.3-GCCcore-11.3.0/lib:/scratch/gent/vo/001/gvo00117/easybuild/RHEL8/cascadelake-ampere-ib/software/bzip2/1.0.8-GCCcore-11.3.0/lib:/apps/gent/RHEL8/cascadelake-ib/software/ScaLAPACK/2.2.0-gompi-2022a-fb/lib:/apps/gent/RHEL8/cascadelake-ib/software/FFTW.MPI/3.3.10-gompi-2022a/lib:/apps/gent/RHEL8/cascadelake-ib/software/FFTW/3.3.10-GCC-11.3.0/lib:/apps/gent/RHEL8/cascadelake-ib/software/FlexiBLAS/3.2.0-GCC-11.3.0/lib:/apps/gent/RHEL8/cascadelake-ib/software/OpenBLAS/0.3.20-GCC-11.3.0/lib:/apps/gent/RHEL8/cascadelake-ib/software/OpenMPI/4.1.4-GCC-11.3.0/lib:/apps/gent/RHEL8/cascadelake-ib/software/UCC/1.0.0-GCCcore-11.3.0/lib:/apps/gent/RHEL8/cascadelake-ib/software/PMIx/4.1.2-GCCcore-11.3.0/lib:/apps/gent/RHEL8/cascadelake-ib/software/libfabric/1.15.1-GCCcore-11.3.0/lib:/apps/gent/RHEL8/cascadelake-ib/software/UCX/1.12.1-GCCcore-11.3.0/lib:/apps/gent/RHEL8/cascadelake-ib/software/libevent/2.1.12-GCCcore-11.3.0/lib:/apps/gent/RHEL8/cascadelake-ib/software/OpenSSL/1.1/lib:/apps/gent/RHEL8/cascadelake-ib/software/hwloc/2.7.1-GCCcore-11.3.0/lib:/apps/gent/RHEL8/cascadelake-ib/software/libpciaccess/0.16-GCCcore-11.3.0/lib:/apps/gent/RHEL8/cascadelake-ib/software/libxml2/2.9.13-GCCcore-11.3.0/lib:/apps/gent/RHEL8/cascadelake-ib/software/XZ/5.2.5-GCCcore-11.3.0/lib:/apps/gent/RHEL8/cascadelake-ib/software/numactl/2.0.14-GCCcore-11.3.0/lib:/apps/gent/RHEL8/cascadelake-ib/software/binutils/2.38-GCCcore-11.3.0/lib:/apps/gent/RHEL8/cascadelake-ib/software/zlib/1.2.12-GCCcore-11.3.0/lib:/apps/gent/RHEL8/cascadelake-ib/software/GCCcore/11.3.0/lib64 (previous value: '/apps/gent/RHEL8/cascadelake-ib/software/Python/3.10.4-GCCcore-11.3.0/lib:/apps/gent/RHEL8/cascadelake-ib/software/libffi/3.4.2-GCCcore-11.3.0/lib64:/apps/gent/RHEL8/cascadelake-ib/software/GMP/6.2.1-GCCcore-11.3.0/lib:/apps/gent/RHEL8/cascadelake-ib/software/SQLite/3.38.3-GCCcore-11.3.0/lib:/apps/gent/RHEL8/cascadelake-ib/software/Tcl/8.6.12-GCCcore-11.3.0/lib:/apps/gent/RHEL8/cascadelake-ib/software/libreadline/8.1.2-GCCcore-11.3.0/lib:/apps/gent/RHEL8/cascadelake-ib/software/ncurses/6.3-GCCcore-11.3.0/lib:/scratch/gent/vo/001/gvo00117/easybuild/RHEL8/cascadelake-ampere-ib/software/bzip2/1.0.8-GCCcore-11.3.0/lib')
== 2023-11-12 15:18:06,409 environment.py:93 INFO Environment variable LD_LIBRARY_PATH set to /apps/gent/RHEL8/cascadelake-ib/software/SciPy-bundle/2022.05-foss-2022a/lib/python3.10/site-packages/numpy/core/lib:/apps/gent/RHEL8/cascadelake-ib/software/Python/3.10.4-GCCcore-11.3.0/lib:/apps/gent/RHEL8/cascadelake-ib/software/libffi/3.4.2-GCCcore-11.3.0/lib64:/apps/gent/RHEL8/cascadelake-ib/software/GMP/6.2.1-GCCcore-11.3.0/lib:/apps/gent/RHEL8/cascadelake-ib/software/SQLite/3.38.3-GCCcore-11.3.0/lib:/apps/gent/RHEL8/cascadelake-ib/software/Tcl/8.6.12-GCCcore-11.3.0/lib:/apps/gent/RHEL8/cascadelake-ib/software/libreadline/8.1.2-GCCcore-11.3.0/lib:/apps/gent/RHEL8/cascadelake-ib/software/ncurses/6.3-GCCcore-11.3.0/lib:/scratch/gent/vo/001/gvo00117/easybuild/RHEL8/cascadelake-ampere-ib/software/bzip2/1.0.8-GCCcore-11.3.0/lib:/apps/gent/RHEL8/cascadelake-ib/software/ScaLAPACK/2.2.0-gompi-2022a-fb/lib:/apps/gent/RHEL8/cascadelake-ib/software/FFTW.MPI/3.3.10-gompi-2022a/lib:/apps/gent/RHEL8/cascadelake-ib/software/FFTW/3.3.10-GCC-11.3.0/lib:/apps/gent/RHEL8/cascadelake-ib/software/FlexiBLAS/3.2.0-GCC-11.3.0/lib:/apps/gent/RHEL8/cascadelake-ib/software/OpenBLAS/0.3.20-GCC-11.3.0/lib:/apps/gent/RHEL8/cascadelake-ib/software/OpenMPI/4.1.4-GCC-11.3.0/lib:/apps/gent/RHEL8/cascadelake-ib/software/UCC/1.0.0-GCCcore-11.3.0/lib:/apps/gent/RHEL8/cascadelake-ib/software/PMIx/4.1.2-GCCcore-11.3.0/lib:/apps/gent/RHEL8/cascadelake-ib/software/libfabric/1.15.1-GCCcore-11.3.0/lib:/apps/gent/RHEL8/cascadelake-ib/software/UCX/1.12.1-GCCcore-11.3.0/lib:/apps/gent/RHEL8/cascadelake-ib/software/libevent/2.1.12-GCCcore-11.3.0/lib:/apps/gent/RHEL8/cascadelake-ib/software/OpenSSL/1.1/lib:/apps/gent/RHEL8/cascadelake-ib/software/hwloc/2.7.1-GCCcore-11.3.0/lib:/apps/gent/RHEL8/cascadelake-ib/software/libpciaccess/0.16-GCCcore-11.3.0/lib:/apps/gent/RHEL8/cascadelake-ib/software/libxml2/2.9.13-GCCcore-11.3.0/lib:/apps/gent/RHEL8/cascadelake-ib/software/XZ/5.2.5-GCCcore-11.3.0/lib:/apps/gent/RHEL8/cascadelake-ib/software/numactl/2.0.14-GCCcore-11.3.0/lib:/apps/gent/RHEL8/cascadelake-ib/software/binutils/2.38-GCCcore-11.3.0/lib:/apps/gent/RHEL8/cascadelake-ib/software/zlib/1.2.12-GCCcore-11.3.0/lib:/apps/gent/RHEL8/cascadelake-ib/software/GCCcore/11.3.0/lib64 (previous value: '/apps/gent/RHEL8/cascadelake-ib/software/SciPy-bundle/2022.05-foss-2022a/lib/python3.10/site-packages/numpy/core/lib')
== 2023-11-12 15:18:07,385 environment.py:93 INFO Environment variable LD_LIBRARY_PATH set to /apps/gent/RHEL8/cascadelake-ib/software/SciPy-bundle/2022.05-foss-2022a/lib/python3.10/site-packages/numpy/core/lib:/apps/gent/RHEL8/cascadelake-ib/software/Python/3.10.4-GCCcore-11.3.0/lib:/apps/gent/RHEL8/cascadelake-ib/software/libffi/3.4.2-GCCcore-11.3.0/lib64:/apps/gent/RHEL8/cascadelake-ib/software/GMP/6.2.1-GCCcore-11.3.0/lib:/apps/gent/RHEL8/cascadelake-ib/software/SQLite/3.38.3-GCCcore-11.3.0/lib:/apps/gent/RHEL8/cascadelake-ib/software/Tcl/8.6.12-GCCcore-11.3.0/lib:/apps/gent/RHEL8/cascadelake-ib/software/libreadline/8.1.2-GCCcore-11.3.0/lib:/apps/gent/RHEL8/cascadelake-ib/software/ncurses/6.3-GCCcore-11.3.0/lib:/scratch/gent/vo/001/gvo00117/easybuild/RHEL8/cascadelake-ampere-ib/software/bzip2/1.0.8-GCCcore-11.3.0/lib:/apps/gent/RHEL8/cascadelake-ib/software/ScaLAPACK/2.2.0-gompi-2022a-fb/lib:/apps/gent/RHEL8/cascadelake-ib/software/FFTW.MPI/3.3.10-gompi-2022a/lib:/apps/gent/RHEL8/cascadelake-ib/software/FFTW/3.3.10-GCC-11.3.0/lib:/apps/gent/RHEL8/cascadelake-ib/software/FlexiBLAS/3.2.0-GCC-11.3.0/lib:/apps/gent/RHEL8/cascadelake-ib/software/OpenBLAS/0.3.20-GCC-11.3.0/lib:/apps/gent/RHEL8/cascadelake-ib/software/OpenMPI/4.1.4-GCC-11.3.0/lib:/apps/gent/RHEL8/cascadelake-ib/software/UCC/1.0.0-GCCcore-11.3.0/lib:/apps/gent/RHEL8/cascadelake-ib/software/PMIx/4.1.2-GCCcore-11.3.0/lib:/apps/gent/RHEL8/cascadelake-ib/software/libfabric/1.15.1-GCCcore-11.3.0/lib:/apps/gent/RHEL8/cascadelake-ib/software/UCX/1.12.1-GCCcore-11.3.0/lib:/apps/gent/RHEL8/cascadelake-ib/software/libevent/2.1.12-GCCcore-11.3.0/lib:/apps/gent/RHEL8/cascadelake-ib/software/OpenSSL/1.1/lib:/apps/gent/RHEL8/cascadelake-ib/software/hwloc/2.7.1-GCCcore-11.3.0/lib:/apps/gent/RHEL8/cascadelake-ib/software/libpciaccess/0.16-GCCcore-11.3.0/lib:/apps/gent/RHEL8/cascadelake-ib/software/libxml2/2.9.13-GCCcore-11.3.0/lib:/apps/gent/RHEL8/cascadelake-ib/software/XZ/5.2.5-GCCcore-11.3.0/lib:/apps/gent/RHEL8/cascadelake-ib/software/numactl/2.0.14-GCCcore-11.3.0/lib:/apps/gent/RHEL8/cascadelake-ib/software/binutils/2.38-GCCcore-11.3.0/lib:/apps/gent/RHEL8/cascadelake-ib/software/zlib/1.2.12-GCCcore-11.3.0/lib:/apps/gent/RHEL8/cascadelake-ib/software/GCCcore/11.3.0/lib64 (previous value: '/apps/gent/RHEL8/cascadelake-ib/software/SciPy-bundle/2022.05-foss-2022a/lib/python3.10/site-packages/numpy/core/lib')
== 2023-11-12 15:18:08,786 environment.py:93 INFO Environment variable LD_LIBRARY_PATH set to /apps/gent/RHEL8/cascadelake-ib/software/Qhull/2020.2-GCCcore-11.3.0/lib:/apps/gent/RHEL8/cascadelake-ib/software/LibTIFF/4.3.0-GCCcore-11.3.0/lib:/apps/gent/RHEL8/cascadelake-ib/software/libdeflate/1.10-GCCcore-11.3.0/lib:/apps/gent/RHEL8/cascadelake-ib/software/zstd/1.5.2-GCCcore-11.3.0/lib:/apps/gent/RHEL8/cascadelake-ib/software/lz4/1.9.3-GCCcore-11.3.0/lib:/apps/gent/RHEL8/cascadelake-ib/software/jbigkit/2.1-GCCcore-11.3.0/lib:/apps/gent/RHEL8/cascadelake-ib/software/libjpeg-turbo/2.1.3-GCCcore-11.3.0/lib:/apps/gent/RHEL8/cascadelake-ib/software/Tk/8.6.12-GCCcore-11.3.0/lib:/apps/gent/RHEL8/cascadelake-ib/software/X11/20220504-GCCcore-11.3.0/lib:/apps/gent/RHEL8/cascadelake-ib/software/fontconfig/2.14.0-GCCcore-11.3.0/lib:/apps/gent/RHEL8/cascadelake-ib/software/util-linux/2.38-GCCcore-11.3.0/lib:/apps/gent/RHEL8/cascadelake-ib/software/expat/2.4.8-GCCcore-11.3.0/lib:/apps/gent/RHEL8/cascadelake-ib/software/freetype/2.12.1-GCCcore-11.3.0/lib:/apps/gent/RHEL8/cascadelake-ib/software/Brotli/1.0.9-GCCcore-11.3.0/lib:/apps/gent/RHEL8/cascadelake-ib/software/libpng/1.6.37-GCCcore-11.3.0/lib:/apps/gent/RHEL8/cascadelake-ib/software/SciPy-bundle/2022.05-foss-2022a/lib/python3.10/site-packages/numpy/core/lib:/apps/gent/RHEL8/cascadelake-ib/software/Python/3.10.4-GCCcore-11.3.0/lib:/apps/gent/RHEL8/cascadelake-ib/software/libffi/3.4.2-GCCcore-11.3.0/lib64:/apps/gent/RHEL8/cascadelake-ib/software/GMP/6.2.1-GCCcore-11.3.0/lib:/apps/gent/RHEL8/cascadelake-ib/software/SQLite/3.38.3-GCCcore-11.3.0/lib:/apps/gent/RHEL8/cascadelake-ib/software/Tcl/8.6.12-GCCcore-11.3.0/lib:/apps/gent/RHEL8/cascadelake-ib/software/libreadline/8.1.2-GCCcore-11.3.0/lib:/apps/gent/RHEL8/cascadelake-ib/software/ncurses/6.3-GCCcore-11.3.0/lib:/scratch/gent/vo/001/gvo00117/easybuild/RHEL8/cascadelake-ampere-ib/software/bzip2/1.0.8-GCCcore-11.3.0/lib:/apps/gent/RHEL8/cascadelake-ib/software/ScaLAPACK/2.2.0-gompi-2022a-fb/lib:/apps/gent/RHEL8/cascadelake-ib/software/FFTW.MPI/3.3.10-gompi-2022a/lib:/apps/gent/RHEL8/cascadelake-ib/software/FFTW/3.3.10-GCC-11.3.0/lib:/apps/gent/RHEL8/cascadelake-ib/software/FlexiBLAS/3.2.0-GCC-11.3.0/lib:/apps/gent/RHEL8/cascadelake-ib/software/OpenBLAS/0.3.20-GCC-11.3.0/lib:/apps/gent/RHEL8/cascadelake-ib/software/OpenMPI/4.1.4-GCC-11.3.0/lib:/apps/gent/RHEL8/cascadelake-ib/software/UCC/1.0.0-GCCcore-11.3.0/lib:/apps/gent/RHEL8/cascadelake-ib/software/PMIx/4.1.2-GCCcore-11.3.0/lib:/apps/gent/RHEL8/cascadelake-ib/software/libfabric/1.15.1-GCCcore-11.3.0/lib:/apps/gent/RHEL8/cascadelake-ib/software/UCX/1.12.1-GCCcore-11.3.0/lib:/apps/gent/RHEL8/cascadelake-ib/software/libevent/2.1.12-GCCcore-11.3.0/lib:/apps/gent/RHEL8/cascadelake-ib/software/OpenSSL/1.1/lib:/apps/gent/RHEL8/cascadelake-ib/software/hwloc/2.7.1-GCCcore-11.3.0/lib:/apps/gent/RHEL8/cascadelake-ib/software/libpciaccess/0.16-GCCcore-11.3.0/lib:/apps/gent/RHEL8/cascadelake-ib/software/libxml2/2.9.13-GCCcore-11.3.0/lib:/apps/gent/RHEL8/cascadelake-ib/software/XZ/5.2.5-GCCcore-11.3.0/lib:/apps/gent/RHEL8/cascadelake-ib/software/numactl/2.0.14-GCCcore-11.3.0/lib:/apps/gent/RHEL8/cascadelake-ib/software/binutils/2.38-GCCcore-11.3.0/lib:/apps/gent/RHEL8/cascadelake-ib/software/zlib/1.2.12-GCCcore-11.3.0/lib:/apps/gent/RHEL8/cascadelake-ib/software/GCCcore/11.3.0/lib64 (previous value: '/apps/gent/RHEL8/cascadelake-ib/software/Qhull/2020.2-GCCcore-11.3.0/lib:/apps/gent/RHEL8/cascadelake-ib/software/LibTIFF/4.3.0-GCCcore-11.3.0/lib:/apps/gent/RHEL8/cascadelake-ib/software/libdeflate/1.10-GCCcore-11.3.0/lib:/apps/gent/RHEL8/cascadelake-ib/software/zstd/1.5.2-GCCcore-11.3.0/lib:/apps/gent/RHEL8/cascadelake-ib/software/lz4/1.9.3-GCCcore-11.3.0/lib:/apps/gent/RHEL8/cascadelake-ib/software/jbigkit/2.1-GCCcore-11.3.0/lib:/apps/gent/RHEL8/cascadelake-ib/software/libjpeg-turbo/2.1.3-GCCcore-11.3.0/lib:/apps/gent/RHEL8/cascadelake-ib/software/Tk/8.6.12-GCCcore-11.3.0/lib:/apps/gent/RHEL8/cascadelake-ib/software/X11/20220504-GCCcore-11.3.0/lib:/apps/gent/RHEL8/cascadelake-ib/software/fontconfig/2.14.0-GCCcore-11.3.0/lib:/apps/gent/RHEL8/cascadelake-ib/software/util-linux/2.38-GCCcore-11.3.0/lib:/apps/gent/RHEL8/cascadelake-ib/software/expat/2.4.8-GCCcore-11.3.0/lib:/apps/gent/RHEL8/cascadelake-ib/software/freetype/2.12.1-GCCcore-11.3.0/lib:/apps/gent/RHEL8/cascadelake-ib/software/Brotli/1.0.9-GCCcore-11.3.0/lib:/apps/gent/RHEL8/cascadelake-ib/software/libpng/1.6.37-GCCcore-11.3.0/lib')
== 2023-11-12 15:18:09,972 environment.py:93 INFO Environment variable LD_LIBRARY_PATH set to /apps/gent/RHEL8/cascadelake-ib/software/libyaml/0.2.5-GCCcore-11.3.0/lib:/apps/gent/RHEL8/cascadelake-ib/software/Qhull/2020.2-GCCcore-11.3.0/lib:/apps/gent/RHEL8/cascadelake-ib/software/LibTIFF/4.3.0-GCCcore-11.3.0/lib:/apps/gent/RHEL8/cascadelake-ib/software/libdeflate/1.10-GCCcore-11.3.0/lib:/apps/gent/RHEL8/cascadelake-ib/software/zstd/1.5.2-GCCcore-11.3.0/lib:/apps/gent/RHEL8/cascadelake-ib/software/lz4/1.9.3-GCCcore-11.3.0/lib:/apps/gent/RHEL8/cascadelake-ib/software/jbigkit/2.1-GCCcore-11.3.0/lib:/apps/gent/RHEL8/cascadelake-ib/software/libjpeg-turbo/2.1.3-GCCcore-11.3.0/lib:/apps/gent/RHEL8/cascadelake-ib/software/Tk/8.6.12-GCCcore-11.3.0/lib:/apps/gent/RHEL8/cascadelake-ib/software/X11/20220504-GCCcore-11.3.0/lib:/apps/gent/RHEL8/cascadelake-ib/software/fontconfig/2.14.0-GCCcore-11.3.0/lib:/apps/gent/RHEL8/cascadelake-ib/software/util-linux/2.38-GCCcore-11.3.0/lib:/apps/gent/RHEL8/cascadelake-ib/software/expat/2.4.8-GCCcore-11.3.0/lib:/apps/gent/RHEL8/cascadelake-ib/software/freetype/2.12.1-GCCcore-11.3.0/lib:/apps/gent/RHEL8/cascadelake-ib/software/Brotli/1.0.9-GCCcore-11.3.0/lib:/apps/gent/RHEL8/cascadelake-ib/software/libpng/1.6.37-GCCcore-11.3.0/lib:/apps/gent/RHEL8/cascadelake-ib/software/SciPy-bundle/2022.05-foss-2022a/lib/python3.10/site-packages/numpy/core/lib:/apps/gent/RHEL8/cascadelake-ib/software/Python/3.10.4-GCCcore-11.3.0/lib:/apps/gent/RHEL8/cascadelake-ib/software/libffi/3.4.2-GCCcore-11.3.0/lib64:/apps/gent/RHEL8/cascadelake-ib/software/GMP/6.2.1-GCCcore-11.3.0/lib:/apps/gent/RHEL8/cascadelake-ib/software/SQLite/3.38.3-GCCcore-11.3.0/lib:/apps/gent/RHEL8/cascadelake-ib/software/Tcl/8.6.12-GCCcore-11.3.0/lib:/apps/gent/RHEL8/cascadelake-ib/software/libreadline/8.1.2-GCCcore-11.3.0/lib:/apps/gent/RHEL8/cascadelake-ib/software/ncurses/6.3-GCCcore-11.3.0/lib:/scratch/gent/vo/001/gvo00117/easybuild/RHEL8/cascadelake-ampere-ib/software/bzip2/1.0.8-GCCcore-11.3.0/lib:/apps/gent/RHEL8/cascadelake-ib/software/ScaLAPACK/2.2.0-gompi-2022a-fb/lib:/apps/gent/RHEL8/cascadelake-ib/software/FFTW.MPI/3.3.10-gompi-2022a/lib:/apps/gent/RHEL8/cascadelake-ib/software/FFTW/3.3.10-GCC-11.3.0/lib:/apps/gent/RHEL8/cascadelake-ib/software/FlexiBLAS/3.2.0-GCC-11.3.0/lib:/apps/gent/RHEL8/cascadelake-ib/software/OpenBLAS/0.3.20-GCC-11.3.0/lib:/apps/gent/RHEL8/cascadelake-ib/software/OpenMPI/4.1.4-GCC-11.3.0/lib:/apps/gent/RHEL8/cascadelake-ib/software/UCC/1.0.0-GCCcore-11.3.0/lib:/apps/gent/RHEL8/cascadelake-ib/software/PMIx/4.1.2-GCCcore-11.3.0/lib:/apps/gent/RHEL8/cascadelake-ib/software/libfabric/1.15.1-GCCcore-11.3.0/lib:/apps/gent/RHEL8/cascadelake-ib/software/UCX/1.12.1-GCCcore-11.3.0/lib:/apps/gent/RHEL8/cascadelake-ib/software/libevent/2.1.12-GCCcore-11.3.0/lib:/apps/gent/RHEL8/cascadelake-ib/software/OpenSSL/1.1/lib:/apps/gent/RHEL8/cascadelake-ib/software/hwloc/2.7.1-GCCcore-11.3.0/lib:/apps/gent/RHEL8/cascadelake-ib/software/libpciaccess/0.16-GCCcore-11.3.0/lib:/apps/gent/RHEL8/cascadelake-ib/software/libxml2/2.9.13-GCCcore-11.3.0/lib:/apps/gent/RHEL8/cascadelake-ib/software/XZ/5.2.5-GCCcore-11.3.0/lib:/apps/gent/RHEL8/cascadelake-ib/software/numactl/2.0.14-GCCcore-11.3.0/lib:/apps/gent/RHEL8/cascadelake-ib/software/binutils/2.38-GCCcore-11.3.0/lib:/apps/gent/RHEL8/cascadelake-ib/software/zlib/1.2.12-GCCcore-11.3.0/lib:/apps/gent/RHEL8/cascadelake-ib/software/GCCcore/11.3.0/lib64 (previous value: '/apps/gent/RHEL8/cascadelake-ib/software/libyaml/0.2.5-GCCcore-11.3.0/lib')
== 2023-11-12 15:18:13,683 modules.py:626 INFO Checking whether foss/2022a exists...
== 2023-11-12 15:18:13,683 modules.py:634 INFO Module foss/2022a not found in list of available modules, checking via 'module show'...
== 2023-11-12 15:18:13,683 modules.py:654 INFO Result for existence check of foss/2022a module: True
== 2023-11-12 15:18:13,684 toolchain.py:762 INFO List of toolchain dependency modules and toolchain definition match!
== 2023-11-12 15:18:13,687 compiler.py:363 INFO _set_optimal_architecture: using march=native as optarch for x86_64.
== 2023-11-12 15:18:13,703 variables.py:203 WARNING flags_for_subdirs: directory /apps/gent/RHEL8/cascadelake-ib/software/ScaLAPACK/2.2.0-gompi-2022a-fb/include was not found
== 2023-11-12 15:18:13,709 variables.py:203 WARNING flags_for_subdirs: directory /apps/gent/RHEL8/cascadelake-ib/software/Biopython/1.79-foss-2022a/include was not found
== 2023-11-12 15:18:13,710 variables.py:203 WARNING flags_for_subdirs: directory /apps/gent/RHEL8/cascadelake-ib/software/SciPy-bundle/2022.05-foss-2022a/include was not found
== 2023-11-12 15:18:13,713 variables.py:203 WARNING flags_for_subdirs: directory /apps/gent/RHEL8/cascadelake-ib/software/Seaborn/0.12.1-foss-2022a/include was not found
== 2023-11-12 15:18:13,715 variables.py:203 WARNING flags_for_subdirs: directory /apps/gent/RHEL8/cascadelake-ib/software/PyYAML/6.0-GCCcore-11.3.0/include was not found
== 2023-11-12 15:18:13,717 variables.py:203 WARNING flags_for_subdirs: directory /scratch/gent/vo/001/gvo00117/easybuild/RHEL8/cascadelake-ampere-ib/software/coverage/7.2.7-GCCcore-11.3.0/include was not found
== 2023-11-12 15:18:13,718 variables.py:203 WARNING flags_for_subdirs: directory /apps/gent/RHEL8/cascadelake-ib/software/matplotlib/3.5.2-foss-2022a/include was not found
== 2023-11-12 15:18:13,720 variables.py:203 WARNING flags_for_subdirs: directory /scratch/gent/vo/001/gvo00117/easybuild/RHEL8/cascadelake-ampere-ib/software/pytest-xdist/2.5.0-GCCcore-11.3.0/include was not found
== 2023-11-12 15:18:13,724 environment.py:93 INFO Environment variable BLAS_INC_DIR set to /apps/gent/RHEL8/cascadelake-ib/software/FlexiBLAS/3.2.0-GCC-11.3.0/include/flexiblas (previously undefined)
== 2023-11-12 15:18:13,724 environment.py:93 INFO Environment variable EBVARBLAS_INC_DIR set to /apps/gent/RHEL8/cascadelake-ib/software/FlexiBLAS/3.2.0-GCC-11.3.0/include/flexiblas (previously undefined)
== 2023-11-12 15:18:13,724 environment.py:93 INFO Environment variable BLAS_LAPACK_INC_DIR set to /apps/gent/RHEL8/cascadelake-ib/software/FlexiBLAS/3.2.0-GCC-11.3.0/include/flexiblas (previously undefined)
== 2023-11-12 15:18:13,724 environment.py:93 INFO Environment variable EBVARBLAS_LAPACK_INC_DIR set to /apps/gent/RHEL8/cascadelake-ib/software/FlexiBLAS/3.2.0-GCC-11.3.0/include/flexiblas (previously undefined)
== 2023-11-12 15:18:13,724 environment.py:93 INFO Environment variable BLAS_LAPACK_LIB_DIR set to /apps/gent/RHEL8/cascadelake-ib/software/FlexiBLAS/3.2.0-GCC-11.3.0/lib (previously undefined)
== 2023-11-12 15:18:13,724 environment.py:93 INFO Environment variable EBVARBLAS_LAPACK_LIB_DIR set to /apps/gent/RHEL8/cascadelake-ib/software/FlexiBLAS/3.2.0-GCC-11.3.0/lib (previously undefined)
== 2023-11-12 15:18:13,724 environment.py:93 INFO Environment variable BLAS_LAPACK_MT_SHARED_LIBS set to libflexiblas.so,libgfortran.so (previously undefined)
== 2023-11-12 15:18:13,724 environment.py:93 INFO Environment variable EBVARBLAS_LAPACK_MT_SHARED_LIBS set to libflexiblas.so,libgfortran.so (previously undefined)
== 2023-11-12 15:18:13,724 environment.py:93 INFO Environment variable BLAS_LAPACK_MT_STATIC_LIBS set to libflexiblas.a,libgfortran.a (previously undefined)
== 2023-11-12 15:18:13,724 environment.py:93 INFO Environment variable EBVARBLAS_LAPACK_MT_STATIC_LIBS set to libflexiblas.a,libgfortran.a (previously undefined)
== 2023-11-12 15:18:13,724 environment.py:93 INFO Environment variable BLAS_LAPACK_SHARED_LIBS set to libflexiblas.so,libgfortran.so (previously undefined)
== 2023-11-12 15:18:13,725 environment.py:93 INFO Environment variable EBVARBLAS_LAPACK_SHARED_LIBS set to libflexiblas.so,libgfortran.so (previously undefined)
== 2023-11-12 15:18:13,725 environment.py:93 INFO Environment variable BLAS_LAPACK_STATIC_LIBS set to libflexiblas.a,libgfortran.a (previously undefined)
== 2023-11-12 15:18:13,725 environment.py:93 INFO Environment variable EBVARBLAS_LAPACK_STATIC_LIBS set to libflexiblas.a,libgfortran.a (previously undefined)
== 2023-11-12 15:18:13,725 environment.py:93 INFO Environment variable BLAS_LIB_DIR set to /apps/gent/RHEL8/cascadelake-ib/software/FlexiBLAS/3.2.0-GCC-11.3.0/lib (previously undefined)
== 2023-11-12 15:18:13,725 environment.py:93 INFO Environment variable EBVARBLAS_LIB_DIR set to /apps/gent/RHEL8/cascadelake-ib/software/FlexiBLAS/3.2.0-GCC-11.3.0/lib (previously undefined)
== 2023-11-12 15:18:13,725 environment.py:93 INFO Environment variable BLAS_MT_SHARED_LIBS set to libflexiblas.so,libgfortran.so (previously undefined)
== 2023-11-12 15:18:13,725 environment.py:93 INFO Environment variable EBVARBLAS_MT_SHARED_LIBS set to libflexiblas.so,libgfortran.so (previously undefined)
== 2023-11-12 15:18:13,725 environment.py:93 INFO Environment variable BLAS_MT_STATIC_LIBS set to libflexiblas.a,libgfortran.a (previously undefined)
== 2023-11-12 15:18:13,725 environment.py:93 INFO Environment variable EBVARBLAS_MT_STATIC_LIBS set to libflexiblas.a,libgfortran.a (previously undefined)
== 2023-11-12 15:18:13,725 environment.py:93 INFO Environment variable BLAS_SHARED_LIBS set to libflexiblas.so,libgfortran.so (previously undefined)
== 2023-11-12 15:18:13,725 environment.py:93 INFO Environment variable EBVARBLAS_SHARED_LIBS set to libflexiblas.so,libgfortran.so (previously undefined)
== 2023-11-12 15:18:13,725 environment.py:93 INFO Environment variable BLAS_STATIC_LIBS set to libflexiblas.a,libgfortran.a (previously undefined)
== 2023-11-12 15:18:13,725 environment.py:93 INFO Environment variable EBVARBLAS_STATIC_LIBS set to libflexiblas.a,libgfortran.a (previously undefined)
== 2023-11-12 15:18:13,725 environment.py:93 INFO Environment variable CC set to gcc (previously undefined)
== 2023-11-12 15:18:13,725 environment.py:93 INFO Environment variable EBVARCC set to gcc (previously undefined)
== 2023-11-12 15:18:13,726 environment.py:93 INFO Environment variable CFLAGS set to -O2 -ftree-vectorize -march=native -fno-math-errno (previously undefined)
== 2023-11-12 15:18:13,726 environment.py:93 INFO Environment variable EBVARCFLAGS set to -O2 -ftree-vectorize -march=native -fno-math-errno (previously undefined)
== 2023-11-12 15:18:13,726 environment.py:93 INFO Environment variable CPPFLAGS set to -I/apps/gent/RHEL8/cascadelake-ib/software/Python/3.10.4-GCCcore-11.3.0/include -I/apps/gent/RHEL8/cascadelake-ib/software/FFTW/3.3.10-GCC-11.3.0/include -I/apps/gent/RHEL8/cascadelake-ib/software/FlexiBLAS/3.2.0-GCC-11.3.0/include -I/apps/gent/RHEL8/cascadelake-ib/software/FlexiBLAS/3.2.0-GCC-11.3.0/include/flexiblas (previously undefined)
== 2023-11-12 15:18:13,726 environment.py:93 INFO Environment variable EBVARCPPFLAGS set to -I/apps/gent/RHEL8/cascadelake-ib/software/Python/3.10.4-GCCcore-11.3.0/include -I/apps/gent/RHEL8/cascadelake-ib/software/FFTW/3.3.10-GCC-11.3.0/include -I/apps/gent/RHEL8/cascadelake-ib/software/FlexiBLAS/3.2.0-GCC-11.3.0/include -I/apps/gent/RHEL8/cascadelake-ib/software/FlexiBLAS/3.2.0-GCC-11.3.0/include/flexiblas (previously undefined)
== 2023-11-12 15:18:13,726 environment.py:93 INFO Environment variable CXX set to g++ (previously undefined)
== 2023-11-12 15:18:13,726 environment.py:93 INFO Environment variable EBVARCXX set to g++ (previously undefined)
== 2023-11-12 15:18:13,726 environment.py:93 INFO Environment variable CXXFLAGS set to -O2 -ftree-vectorize -march=native -fno-math-errno (previously undefined)
== 2023-11-12 15:18:13,726 environment.py:93 INFO Environment variable EBVARCXXFLAGS set to -O2 -ftree-vectorize -march=native -fno-math-errno (previously undefined)
== 2023-11-12 15:18:13,726 environment.py:93 INFO Environment variable F77 set to gfortran (previously undefined)
== 2023-11-12 15:18:13,726 environment.py:93 INFO Environment variable EBVARF77 set to gfortran (previously undefined)
== 2023-11-12 15:18:13,726 environment.py:93 INFO Environment variable F90 set to gfortran (previously undefined)
== 2023-11-12 15:18:13,726 environment.py:93 INFO Environment variable EBVARF90 set to gfortran (previously undefined)
== 2023-11-12 15:18:13,726 environment.py:93 INFO Environment variable F90FLAGS set to -O2 -ftree-vectorize -march=native -fno-math-errno (previously undefined)
== 2023-11-12 15:18:13,726 environment.py:93 INFO Environment variable EBVARF90FLAGS set to -O2 -ftree-vectorize -march=native -fno-math-errno (previously undefined)
== 2023-11-12 15:18:13,726 environment.py:93 INFO Environment variable FC set to gfortran (previously undefined)
== 2023-11-12 15:18:13,727 environment.py:93 INFO Environment variable EBVARFC set to gfortran (previously undefined)
== 2023-11-12 15:18:13,727 environment.py:93 INFO Environment variable FCFLAGS set to -O2 -ftree-vectorize -march=native -fno-math-errno (previously undefined)
== 2023-11-12 15:18:13,727 environment.py:93 INFO Environment variable EBVARFCFLAGS set to -O2 -ftree-vectorize -march=native -fno-math-errno (previously undefined)
== 2023-11-12 15:18:13,727 environment.py:93 INFO Environment variable FFLAGS set to -O2 -ftree-vectorize -march=native -fno-math-errno (previously undefined)
== 2023-11-12 15:18:13,727 environment.py:93 INFO Environment variable EBVARFFLAGS set to -O2 -ftree-vectorize -march=native -fno-math-errno (previously undefined)
== 2023-11-12 15:18:13,727 environment.py:93 INFO Environment variable FFTW_INC_DIR set to /apps/gent/RHEL8/cascadelake-ib/software/FFTW/3.3.10-GCC-11.3.0/include (previously undefined)
== 2023-11-12 15:18:13,727 environment.py:93 INFO Environment variable EBVARFFTW_INC_DIR set to /apps/gent/RHEL8/cascadelake-ib/software/FFTW/3.3.10-GCC-11.3.0/include (previously undefined)
== 2023-11-12 15:18:13,727 environment.py:93 INFO Environment variable FFTW_LIB_DIR set to /apps/gent/RHEL8/cascadelake-ib/software/FFTW/3.3.10-GCC-11.3.0/lib (previously undefined)
== 2023-11-12 15:18:13,727 environment.py:93 INFO Environment variable EBVARFFTW_LIB_DIR set to /apps/gent/RHEL8/cascadelake-ib/software/FFTW/3.3.10-GCC-11.3.0/lib (previously undefined)
== 2023-11-12 15:18:13,727 environment.py:93 INFO Environment variable FFTW_SHARED_LIBS set to libfftw3.so (previously undefined)
== 2023-11-12 15:18:13,727 environment.py:93 INFO Environment variable EBVARFFTW_SHARED_LIBS set to libfftw3.so (previously undefined)
== 2023-11-12 15:18:13,727 environment.py:93 INFO Environment variable FFTW_SHARED_LIBS_MT set to libfftw3.so,libpthread.so (previously undefined)
== 2023-11-12 15:18:13,727 environment.py:93 INFO Environment variable EBVARFFTW_SHARED_LIBS_MT set to libfftw3.so,libpthread.so (previously undefined)
== 2023-11-12 15:18:13,727 environment.py:93 INFO Environment variable FFTW_STATIC_LIBS set to libfftw3.a (previously undefined)
== 2023-11-12 15:18:13,727 environment.py:93 INFO Environment variable EBVARFFTW_STATIC_LIBS set to libfftw3.a (previously undefined)
== 2023-11-12 15:18:13,728 environment.py:93 INFO Environment variable FFTW_STATIC_LIBS_MT set to libfftw3.a,libpthread.a (previously undefined)
== 2023-11-12 15:18:13,728 environment.py:93 INFO Environment variable EBVARFFTW_STATIC_LIBS_MT set to libfftw3.a,libpthread.a (previously undefined)
== 2023-11-12 15:18:13,728 environment.py:93 INFO Environment variable FFT_INC_DIR set to /apps/gent/RHEL8/cascadelake-ib/software/FFTW/3.3.10-GCC-11.3.0/include (previously undefined)
== 2023-11-12 15:18:13,728 environment.py:93 INFO Environment variable EBVARFFT_INC_DIR set to /apps/gent/RHEL8/cascadelake-ib/software/FFTW/3.3.10-GCC-11.3.0/include (previously undefined)
== 2023-11-12 15:18:13,728 environment.py:93 INFO Environment variable FFT_LIB_DIR set to /apps/gent/RHEL8/cascadelake-ib/software/FFTW/3.3.10-GCC-11.3.0/lib (previously undefined)
== 2023-11-12 15:18:13,728 environment.py:93 INFO Environment variable EBVARFFT_LIB_DIR set to /apps/gent/RHEL8/cascadelake-ib/software/FFTW/3.3.10-GCC-11.3.0/lib (previously undefined)
== 2023-11-12 15:18:13,728 environment.py:93 INFO Environment variable FFT_SHARED_LIBS set to libfftw3.so (previously undefined)
== 2023-11-12 15:18:13,728 environment.py:93 INFO Environment variable EBVARFFT_SHARED_LIBS set to libfftw3.so (previously undefined)
== 2023-11-12 15:18:13,728 environment.py:93 INFO Environment variable FFT_SHARED_LIBS_MT set to libfftw3.so,libpthread.so (previously undefined)
== 2023-11-12 15:18:13,728 environment.py:93 INFO Environment variable EBVARFFT_SHARED_LIBS_MT set to libfftw3.so,libpthread.so (previously undefined)
== 2023-11-12 15:18:13,728 environment.py:93 INFO Environment variable FFT_STATIC_LIBS set to libfftw3.a (previously undefined)
== 2023-11-12 15:18:13,728 environment.py:93 INFO Environment variable EBVARFFT_STATIC_LIBS set to libfftw3.a (previously undefined)
== 2023-11-12 15:18:13,728 environment.py:93 INFO Environment variable FFT_STATIC_LIBS_MT set to libfftw3.a,libpthread.a (previously undefined)
== 2023-11-12 15:18:13,728 environment.py:93 INFO Environment variable EBVARFFT_STATIC_LIBS_MT set to libfftw3.a,libpthread.a (previously undefined)
== 2023-11-12 15:18:13,729 environment.py:93 INFO Environment variable FLIBS set to -lgfortran (previously undefined)
== 2023-11-12 15:18:13,729 environment.py:93 INFO Environment variable EBVARFLIBS set to -lgfortran (previously undefined)
== 2023-11-12 15:18:13,729 environment.py:93 INFO Environment variable LAPACK_INC_DIR set to /apps/gent/RHEL8/cascadelake-ib/software/FlexiBLAS/3.2.0-GCC-11.3.0/include/flexiblas (previously undefined)
== 2023-11-12 15:18:13,729 environment.py:93 INFO Environment variable EBVARLAPACK_INC_DIR set to /apps/gent/RHEL8/cascadelake-ib/software/FlexiBLAS/3.2.0-GCC-11.3.0/include/flexiblas (previously undefined)
== 2023-11-12 15:18:13,729 environment.py:93 INFO Environment variable LAPACK_LIB_DIR set to /apps/gent/RHEL8/cascadelake-ib/software/FlexiBLAS/3.2.0-GCC-11.3.0/lib (previously undefined)
== 2023-11-12 15:18:13,729 environment.py:93 INFO Environment variable EBVARLAPACK_LIB_DIR set to /apps/gent/RHEL8/cascadelake-ib/software/FlexiBLAS/3.2.0-GCC-11.3.0/lib (previously undefined)
== 2023-11-12 15:18:13,729 environment.py:93 INFO Environment variable LAPACK_MT_SHARED_LIBS set to libflexiblas.so,libgfortran.so (previously undefined)
== 2023-11-12 15:18:13,729 environment.py:93 INFO Environment variable EBVARLAPACK_MT_SHARED_LIBS set to libflexiblas.so,libgfortran.so (previously undefined)
== 2023-11-12 15:18:13,729 environment.py:93 INFO Environment variable LAPACK_MT_STATIC_LIBS set to libflexiblas.a,libgfortran.a (previously undefined)
== 2023-11-12 15:18:13,729 environment.py:93 INFO Environment variable EBVARLAPACK_MT_STATIC_LIBS set to libflexiblas.a,libgfortran.a (previously undefined)
== 2023-11-12 15:18:13,729 environment.py:93 INFO Environment variable LAPACK_SHARED_LIBS set to libflexiblas.so,libgfortran.so (previously undefined)
== 2023-11-12 15:18:13,729 environment.py:93 INFO Environment variable EBVARLAPACK_SHARED_LIBS set to libflexiblas.so,libgfortran.so (previously undefined)
== 2023-11-12 15:18:13,729 environment.py:93 INFO Environment variable LAPACK_STATIC_LIBS set to libflexiblas.a,libgfortran.a (previously undefined)
== 2023-11-12 15:18:13,729 environment.py:93 INFO Environment variable EBVARLAPACK_STATIC_LIBS set to libflexiblas.a,libgfortran.a (previously undefined)
== 2023-11-12 15:18:13,729 environment.py:93 INFO Environment variable LDFLAGS set to -L/scratch/gent/vo/001/gvo00117/easybuild/RHEL8/cascadelake-ampere-ib/software/pytest-xdist/2.5.0-GCCcore-11.3.0/lib64 -L/scratch/gent/vo/001/gvo00117/easybuild/RHEL8/cascadelake-ampere-ib/software/pytest-xdist/2.5.0-GCCcore-11.3.0/lib -L/apps/gent/RHEL8/cascadelake-ib/software/matplotlib/3.5.2-foss-2022a/lib64 -L/apps/gent/RHEL8/cascadelake-ib/software/matplotlib/3.5.2-foss-2022a/lib -L/scratch/gent/vo/001/gvo00117/easybuild/RHEL8/cascadelake-ampere-ib/software/coverage/7.2.7-GCCcore-11.3.0/lib64 -L/scratch/gent/vo/001/gvo00117/easybuild/RHEL8/cascadelake-ampere-ib/software/coverage/7.2.7-GCCcore-11.3.0/lib -L/apps/gent/RHEL8/cascadelake-ib/software/PyYAML/6.0-GCCcore-11.3.0/lib64 -L/apps/gent/RHEL8/cascadelake-ib/software/PyYAML/6.0-GCCcore-11.3.0/lib -L/apps/gent/RHEL8/cascadelake-ib/software/Seaborn/0.12.1-foss-2022a/lib64 -L/apps/gent/RHEL8/cascadelake-ib/software/Seaborn/0.12.1-foss-2022a/lib -L/apps/gent/RHEL8/cascadelake-ib/software/SciPy-bundle/2022.05-foss-2022a/lib64 -L/apps/gent/RHEL8/cascadelake-ib/software/SciPy-bundle/2022.05-foss-2022a/lib -L/apps/gent/RHEL8/cascadelake-ib/software/Biopython/1.79-foss-2022a/lib64 -L/apps/gent/RHEL8/cascadelake-ib/software/Biopython/1.79-foss-2022a/lib -L/apps/gent/RHEL8/cascadelake-ib/software/Python/3.10.4-GCCcore-11.3.0/lib64 -L/apps/gent/RHEL8/cascadelake-ib/software/Python/3.10.4-GCCcore-11.3.0/lib -L/apps/gent/RHEL8/cascadelake-ib/software/FFTW/3.3.10-GCC-11.3.0/lib64 -L/apps/gent/RHEL8/cascadelake-ib/software/FFTW/3.3.10-GCC-11.3.0/lib -L/apps/gent/RHEL8/cascadelake-ib/software/ScaLAPACK/2.2.0-gompi-2022a-fb/lib64 -L/apps/gent/RHEL8/cascadelake-ib/software/ScaLAPACK/2.2.0-gompi-2022a-fb/lib -L/apps/gent/RHEL8/cascadelake-ib/software/FlexiBLAS/3.2.0-GCC-11.3.0/lib64 -L/apps/gent/RHEL8/cascadelake-ib/software/FlexiBLAS/3.2.0-GCC-11.3.0/lib -L/apps/gent/RHEL8/cascadelake-ib/software/GCCcore/11.3.0/lib64 -L/apps/gent/RHEL8/cascadelake-ib/software/GCCcore/11.3.0/lib (previously undefined)
== 2023-11-12 15:18:13,730 environment.py:93 INFO Environment variable EBVARLDFLAGS set to -L/scratch/gent/vo/001/gvo00117/easybuild/RHEL8/cascadelake-ampere-ib/software/pytest-xdist/2.5.0-GCCcore-11.3.0/lib64 -L/scratch/gent/vo/001/gvo00117/easybuild/RHEL8/cascadelake-ampere-ib/software/pytest-xdist/2.5.0-GCCcore-11.3.0/lib -L/apps/gent/RHEL8/cascadelake-ib/software/matplotlib/3.5.2-foss-2022a/lib64 -L/apps/gent/RHEL8/cascadelake-ib/software/matplotlib/3.5.2-foss-2022a/lib -L/scratch/gent/vo/001/gvo00117/easybuild/RHEL8/cascadelake-ampere-ib/software/coverage/7.2.7-GCCcore-11.3.0/lib64 -L/scratch/gent/vo/001/gvo00117/easybuild/RHEL8/cascadelake-ampere-ib/software/coverage/7.2.7-GCCcore-11.3.0/lib -L/apps/gent/RHEL8/cascadelake-ib/software/PyYAML/6.0-GCCcore-11.3.0/lib64 -L/apps/gent/RHEL8/cascadelake-ib/software/PyYAML/6.0-GCCcore-11.3.0/lib -L/apps/gent/RHEL8/cascadelake-ib/software/Seaborn/0.12.1-foss-2022a/lib64 -L/apps/gent/RHEL8/cascadelake-ib/software/Seaborn/0.12.1-foss-2022a/lib -L/apps/gent/RHEL8/cascadelake-ib/software/SciPy-bundle/2022.05-foss-2022a/lib64 -L/apps/gent/RHEL8/cascadelake-ib/software/SciPy-bundle/2022.05-foss-2022a/lib -L/apps/gent/RHEL8/cascadelake-ib/software/Biopython/1.79-foss-2022a/lib64 -L/apps/gent/RHEL8/cascadelake-ib/software/Biopython/1.79-foss-2022a/lib -L/apps/gent/RHEL8/cascadelake-ib/software/Python/3.10.4-GCCcore-11.3.0/lib64 -L/apps/gent/RHEL8/cascadelake-ib/software/Python/3.10.4-GCCcore-11.3.0/lib -L/apps/gent/RHEL8/cascadelake-ib/software/FFTW/3.3.10-GCC-11.3.0/lib64 -L/apps/gent/RHEL8/cascadelake-ib/software/FFTW/3.3.10-GCC-11.3.0/lib -L/apps/gent/RHEL8/cascadelake-ib/software/ScaLAPACK/2.2.0-gompi-2022a-fb/lib64 -L/apps/gent/RHEL8/cascadelake-ib/software/ScaLAPACK/2.2.0-gompi-2022a-fb/lib -L/apps/gent/RHEL8/cascadelake-ib/software/FlexiBLAS/3.2.0-GCC-11.3.0/lib64 -L/apps/gent/RHEL8/cascadelake-ib/software/FlexiBLAS/3.2.0-GCC-11.3.0/lib -L/apps/gent/RHEL8/cascadelake-ib/software/GCCcore/11.3.0/lib64 -L/apps/gent/RHEL8/cascadelake-ib/software/GCCcore/11.3.0/lib (previously undefined)
== 2023-11-12 15:18:13,730 environment.py:93 INFO Environment variable LIBBLAS set to -lflexiblas -lgfortran (previously undefined)
== 2023-11-12 15:18:13,730 environment.py:93 INFO Environment variable EBVARLIBBLAS set to -lflexiblas -lgfortran (previously undefined)
== 2023-11-12 15:18:13,730 environment.py:93 INFO Environment variable LIBBLAS_MT set to -lflexiblas -lgfortran (previously undefined)
== 2023-11-12 15:18:13,730 environment.py:93 INFO Environment variable EBVARLIBBLAS_MT set to -lflexiblas -lgfortran (previously undefined)
== 2023-11-12 15:18:13,730 environment.py:93 INFO Environment variable LIBFFT set to -lfftw3 (previously undefined)
== 2023-11-12 15:18:13,730 environment.py:93 INFO Environment variable EBVARLIBFFT set to -lfftw3 (previously undefined)
== 2023-11-12 15:18:13,730 environment.py:93 INFO Environment variable LIBFFT_MT set to -lfftw3 -lpthread (previously undefined)
== 2023-11-12 15:18:13,730 environment.py:93 INFO Environment variable EBVARLIBFFT_MT set to -lfftw3 -lpthread (previously undefined)
== 2023-11-12 15:18:13,730 environment.py:93 INFO Environment variable LIBLAPACK set to -lflexiblas -lgfortran (previously undefined)
== 2023-11-12 15:18:13,730 environment.py:93 INFO Environment variable EBVARLIBLAPACK set to -lflexiblas -lgfortran (previously undefined)
== 2023-11-12 15:18:13,730 environment.py:93 INFO Environment variable LIBLAPACK_MT set to -lflexiblas -lgfortran (previously undefined)
== 2023-11-12 15:18:13,730 environment.py:93 INFO Environment variable EBVARLIBLAPACK_MT set to -lflexiblas -lgfortran (previously undefined)
== 2023-11-12 15:18:13,730 environment.py:93 INFO Environment variable LIBLAPACK_MT_ONLY set to -lflexiblas -lgfortran (previously undefined)
== 2023-11-12 15:18:13,731 environment.py:93 INFO Environment variable EBVARLIBLAPACK_MT_ONLY set to -lflexiblas -lgfortran (previously undefined)
== 2023-11-12 15:18:13,731 environment.py:93 INFO Environment variable LIBLAPACK_ONLY set to -lflexiblas -lgfortran (previously undefined)
== 2023-11-12 15:18:13,731 environment.py:93 INFO Environment variable EBVARLIBLAPACK_ONLY set to -lflexiblas -lgfortran (previously undefined)
== 2023-11-12 15:18:13,731 environment.py:93 INFO Environment variable LIBS set to -lm -lpthread (previously undefined)
== 2023-11-12 15:18:13,731 environment.py:93 INFO Environment variable EBVARLIBS set to -lm -lpthread (previously undefined)
== 2023-11-12 15:18:13,731 environment.py:93 INFO Environment variable LIBSCALAPACK set to -lscalapack -lflexiblas -lgfortran (previously undefined)
== 2023-11-12 15:18:13,731 environment.py:93 INFO Environment variable EBVARLIBSCALAPACK set to -lscalapack -lflexiblas -lgfortran (previously undefined)
== 2023-11-12 15:18:13,731 environment.py:93 INFO Environment variable LIBSCALAPACK_MT set to -lscalapack -lflexiblas -lpthread -lgfortran (previously undefined)
== 2023-11-12 15:18:13,731 environment.py:93 INFO Environment variable EBVARLIBSCALAPACK_MT set to -lscalapack -lflexiblas -lpthread -lgfortran (previously undefined)
== 2023-11-12 15:18:13,731 environment.py:93 INFO Environment variable LIBSCALAPACK_MT_ONLY set to -lscalapack -lgfortran (previously undefined)
== 2023-11-12 15:18:13,731 environment.py:93 INFO Environment variable EBVARLIBSCALAPACK_MT_ONLY set to -lscalapack -lgfortran (previously undefined)
== 2023-11-12 15:18:13,731 environment.py:93 INFO Environment variable LIBSCALAPACK_ONLY set to -lscalapack -lgfortran (previously undefined)
== 2023-11-12 15:18:13,731 environment.py:93 INFO Environment variable EBVARLIBSCALAPACK_ONLY set to -lscalapack -lgfortran (previously undefined)
== 2023-11-12 15:18:13,731 environment.py:93 INFO Environment variable MPICC set to mpicc (previously undefined)
== 2023-11-12 15:18:13,732 environment.py:93 INFO Environment variable EBVARMPICC set to mpicc (previously undefined)
== 2023-11-12 15:18:13,732 environment.py:93 INFO Environment variable MPICXX set to mpicxx (previously undefined)
== 2023-11-12 15:18:13,732 environment.py:93 INFO Environment variable EBVARMPICXX set to mpicxx (previously undefined)
== 2023-11-12 15:18:13,732 environment.py:93 INFO Environment variable MPIF77 set to mpifort (previously undefined)
== 2023-11-12 15:18:13,732 environment.py:93 INFO Environment variable EBVARMPIF77 set to mpifort (previously undefined)
== 2023-11-12 15:18:13,732 environment.py:93 INFO Environment variable MPIF90 set to mpifort (previously undefined)
== 2023-11-12 15:18:13,732 environment.py:93 INFO Environment variable EBVARMPIF90 set to mpifort (previously undefined)
== 2023-11-12 15:18:13,732 environment.py:93 INFO Environment variable MPIFC set to mpifort (previously undefined)
== 2023-11-12 15:18:13,732 environment.py:93 INFO Environment variable EBVARMPIFC set to mpifort (previously undefined)
== 2023-11-12 15:18:13,732 environment.py:93 INFO Environment variable MPI_INC_DIR set to /apps/gent/RHEL8/cascadelake-ib/software/OpenMPI/4.1.4-GCC-11.3.0/include (previously undefined)
== 2023-11-12 15:18:13,732 environment.py:93 INFO Environment variable EBVARMPI_INC_DIR set to /apps/gent/RHEL8/cascadelake-ib/software/OpenMPI/4.1.4-GCC-11.3.0/include (previously undefined)
== 2023-11-12 15:18:13,732 environment.py:93 INFO Environment variable MPI_LIB_DIR set to /apps/gent/RHEL8/cascadelake-ib/software/OpenMPI/4.1.4-GCC-11.3.0/lib64 (previously undefined)
== 2023-11-12 15:18:13,732 environment.py:93 INFO Environment variable EBVARMPI_LIB_DIR set to /apps/gent/RHEL8/cascadelake-ib/software/OpenMPI/4.1.4-GCC-11.3.0/lib64 (previously undefined)
== 2023-11-12 15:18:13,732 environment.py:93 INFO Environment variable MPI_LIB_SHARED set to /apps/gent/RHEL8/cascadelake-ib/software/OpenMPI/4.1.4-GCC-11.3.0/lib64/libmpi.so (previously undefined)
== 2023-11-12 15:18:13,732 environment.py:93 INFO Environment variable EBVARMPI_LIB_SHARED set to /apps/gent/RHEL8/cascadelake-ib/software/OpenMPI/4.1.4-GCC-11.3.0/lib64/libmpi.so (previously undefined)
== 2023-11-12 15:18:13,733 environment.py:93 INFO Environment variable MPI_LIB_STATIC set to  (previously undefined)
== 2023-11-12 15:18:13,733 environment.py:93 INFO Environment variable EBVARMPI_LIB_STATIC set to  (previously undefined)
== 2023-11-12 15:18:13,733 environment.py:93 INFO Environment variable OMPI_CC set to gcc (previously undefined)
== 2023-11-12 15:18:13,733 environment.py:93 INFO Environment variable EBVAROMPI_CC set to gcc (previously undefined)
== 2023-11-12 15:18:13,733 environment.py:93 INFO Environment variable OMPI_CXX set to g++ (previously undefined)
== 2023-11-12 15:18:13,733 environment.py:93 INFO Environment variable EBVAROMPI_CXX set to g++ (previously undefined)
== 2023-11-12 15:18:13,733 environment.py:93 INFO Environment variable OMPI_F77 set to gfortran (previously undefined)
== 2023-11-12 15:18:13,733 environment.py:93 INFO Environment variable EBVAROMPI_F77 set to gfortran (previously undefined)
== 2023-11-12 15:18:13,733 environment.py:93 INFO Environment variable OMPI_F90 set to gfortran (previously undefined)
== 2023-11-12 15:18:13,733 environment.py:93 INFO Environment variable EBVAROMPI_F90 set to gfortran (previously undefined)
== 2023-11-12 15:18:13,733 environment.py:93 INFO Environment variable OMPI_FC set to gfortran (previously undefined)
== 2023-11-12 15:18:13,733 environment.py:93 INFO Environment variable EBVAROMPI_FC set to gfortran (previously undefined)
== 2023-11-12 15:18:13,733 environment.py:93 INFO Environment variable OPTFLAGS set to -O2 -ftree-vectorize -march=native (previously undefined)
== 2023-11-12 15:18:13,733 environment.py:93 INFO Environment variable EBVAROPTFLAGS set to -O2 -ftree-vectorize -march=native (previously undefined)
== 2023-11-12 15:18:13,733 environment.py:93 INFO Environment variable PRECFLAGS set to -fno-math-errno (previously undefined)
== 2023-11-12 15:18:13,734 environment.py:93 INFO Environment variable EBVARPRECFLAGS set to -fno-math-errno (previously undefined)
== 2023-11-12 15:18:13,734 environment.py:93 INFO Environment variable SCALAPACK_INC_DIR set to  (previously undefined)
== 2023-11-12 15:18:13,734 environment.py:93 INFO Environment variable EBVARSCALAPACK_INC_DIR set to  (previously undefined)
== 2023-11-12 15:18:13,734 environment.py:93 INFO Environment variable SCALAPACK_LIB_DIR set to /apps/gent/RHEL8/cascadelake-ib/software/ScaLAPACK/2.2.0-gompi-2022a-fb/lib (previously undefined)
== 2023-11-12 15:18:13,734 environment.py:93 INFO Environment variable EBVARSCALAPACK_LIB_DIR set to /apps/gent/RHEL8/cascadelake-ib/software/ScaLAPACK/2.2.0-gompi-2022a-fb/lib (previously undefined)
== 2023-11-12 15:18:13,734 environment.py:93 INFO Environment variable SCALAPACK_MT_SHARED_LIBS set to libscalapack.so,libflexiblas.so,libgfortran.so,libpthread.so (previously undefined)
== 2023-11-12 15:18:13,734 environment.py:93 INFO Environment variable EBVARSCALAPACK_MT_SHARED_LIBS set to libscalapack.so,libflexiblas.so,libgfortran.so,libpthread.so (previously undefined)
== 2023-11-12 15:18:13,734 environment.py:93 INFO Environment variable SCALAPACK_MT_STATIC_LIBS set to libscalapack.a,libflexiblas.a,libgfortran.a,libpthread.a (previously undefined)
== 2023-11-12 15:18:13,734 environment.py:93 INFO Environment variable EBVARSCALAPACK_MT_STATIC_LIBS set to libscalapack.a,libflexiblas.a,libgfortran.a,libpthread.a (previously undefined)
== 2023-11-12 15:18:13,734 environment.py:93 INFO Environment variable SCALAPACK_SHARED_LIBS set to libscalapack.so,libflexiblas.so,libgfortran.so (previously undefined)
== 2023-11-12 15:18:13,734 environment.py:93 INFO Environment variable EBVARSCALAPACK_SHARED_LIBS set to libscalapack.so,libflexiblas.so,libgfortran.so (previously undefined)
== 2023-11-12 15:18:13,734 environment.py:93 INFO Environment variable SCALAPACK_STATIC_LIBS set to libscalapack.a,libflexiblas.a,libgfortran.a (previously undefined)
== 2023-11-12 15:18:13,734 environment.py:93 INFO Environment variable EBVARSCALAPACK_STATIC_LIBS set to libscalapack.a,libflexiblas.a,libgfortran.a (previously undefined)
== 2023-11-12 15:18:13,735 easyblock.py:2128 INFO Using /tmp/vsc43810/easybuild/build/EUKulele/2.0.6/foss-2022a/ as start dir
== 2023-11-12 15:18:13,736 filetools.py:526 INFO Command python found at /apps/gent/RHEL8/cascadelake-ib/software/Python/3.10.4-GCCcore-11.3.0/bin/python
== 2023-11-12 15:18:13,736 run.py:246 INFO running cmd: python -c 'import distutils.sysconfig; print(distutils.sysconfig.get_python_lib(plat_specific=False, prefix="/tmp/"))' 
== 2023-11-12 15:18:14,489 build_log.py:171 ERROR EasyBuild crashed with an error (at easybuild/easybuild-framework/easybuild/base/exceptions.py:126 in __init__): cmd "python -c 'import distutils.sysconfig; print(distutils.sysconfig.get_python_lib(plat_specific=False, prefix="/tmp/"))'" exited with exit code -4 and output:
 (at easybuild/easybuild-framework/easybuild/tools/run.py:681 in parse_cmd_output)
== 2023-11-12 15:18:14,490 build_log.py:267 INFO ... (took 12 secs)
== 2023-11-12 15:18:14,490 filetools.py:2012 INFO Removing lock /scratch/gent/vo/001/gvo00117/easybuild/RHEL8/cascadelake-ampere-ib/software/.locks/_scratch_gent_vo_001_gvo00117_easybuild_RHEL8_cascadelake-ampere-ib_software_EUKulele_2.0.6-foss-2022a.lock...
== 2023-11-12 15:18:14,490 filetools.py:383 INFO Path /scratch/gent/vo/001/gvo00117/easybuild/RHEL8/cascadelake-ampere-ib/software/.locks/_scratch_gent_vo_001_gvo00117_easybuild_RHEL8_cascadelake-ampere-ib_software_EUKulele_2.0.6-foss-2022a.lock successfully removed.
== 2023-11-12 15:18:14,491 filetools.py:2016 INFO Lock removed: /scratch/gent/vo/001/gvo00117/easybuild/RHEL8/cascadelake-ampere-ib/software/.locks/_scratch_gent_vo_001_gvo00117_easybuild_RHEL8_cascadelake-ampere-ib_software_EUKulele_2.0.6-foss-2022a.lock
== 2023-11-12 15:18:14,491 easyblock.py:4277 WARNING build failed (first 300 chars): cmd "python -c 'import distutils.sysconfig; print(distutils.sysconfig.get_python_lib(plat_specific=False, prefix="/tmp/"))'" exited with exit code -4 and output:

== 2023-11-12 15:18:14,491 easyblock.py:328 INFO Closing log for application name EUKulele version 2.0.6
