== 2022-08-29 19:52:45,045 easyblock.py:303 INFO This is EasyBuild 4.6.1.dev0-r840fe7c59226ed99f32aa6edca053e8f9c0e26b6 (framework: 4.5.4.dev0-rd559852df0618afeba101601360e98ee4f005ff6, easyblocks: 4.6.1.dev0-r840fe7c59226ed99f32aa6edca053e8f9c0e26b6) on host node3701.slaking.os.
== 2022-08-29 19:52:45,045 easyblock.py:309 INFO This is easyblock CMakeMake from module easybuild.easyblocks.generic.cmakemake (/user/gent/445/vsc44588/easybuild/easybuild-easyblocks/easybuild/easyblocks/generic/cmakemake.py)
== 2022-08-29 19:52:45,046 easyblock.py:967 INFO Build dir set to /tmp/vsc44588/easybuild/build/kallisto/0.44.0/gompi-2021b
== 2022-08-29 19:52:45,046 easyblock.py:1024 INFO Software install dir set to /scratch/gent/vo/001/gvo00117/easybuild/RHEL8/haswell-ib/software/kallisto/0.44.0-gompi-2021b
== 2022-08-29 19:52:45,046 easyblock.py:1029 INFO Module install dir set to /scratch/gent/vo/001/gvo00117/easybuild/RHEL8/haswell-ib/modules/all
== 2022-08-29 19:52:45,046 easyblock.py:278 INFO Init completed for application name kallisto version 0.44.0
== 2022-08-29 19:52:45,047 easyblock.py:4020 INFO Obtained application instance of for kallisto (easyblock: CMakeMake)
== 2022-08-29 19:52:45,047 easyconfig.py:1686 INFO Generating template values...
== 2022-08-29 19:52:45,048 mpi.py:120 INFO Using template MPI command 'mpirun -n %(nr_ranks)s %(cmd)s' for MPI family 'OpenMPI'
== 2022-08-29 19:52:45,048 mpi.py:305 INFO Using MPI command template 'mpirun -n %(nr_ranks)s %(cmd)s' (params: {'nr_ranks': 1, 'cmd': 'xxx_command_xxx'})
== 2022-08-29 19:52:45,048 easyconfig.py:1705 INFO Template values: arch='x86_64', bitbucket_account='kallisto', github_account='pachterlab', module_name='kallisto/0.44.0-gompi-2021b', mpi_cmd_prefix='mpirun -n 1', name='kallisto', nameletter='k', nameletterlower='k', namelower='kallisto', parallel='1', toolchain_name='gompi', toolchain_version='2021b', version='0.44.0', version_major='0', version_major_minor='0.44', version_minor='44', versionprefix='', versionsuffix=''
== 2022-08-29 19:52:45,050 one.py:175 INFO Skipping reformatting value for parameter 'toolchain'
== 2022-08-29 19:52:45,050 one.py:175 INFO Skipping reformatting value for parameter 'toolchainopts'
== 2022-08-29 19:52:45,052 filetools.py:1882 INFO Creating directory /tmp/vsc44588/eb-rosa08w4/reprod_20220829195245_1541166 (parents: True, set_gid: False, sticky: False)
== 2022-08-29 19:52:45,053 easyblock.py:4274 INFO Dumped easyconfig instance to /tmp/vsc44588/eb-rosa08w4/reprod_20220829195245_1541166/kallisto-0.44.0-gompi-2021b.eb
== 2022-08-29 19:52:45,055 filetools.py:1882 INFO Creating directory /tmp/vsc44588/eb-rosa08w4/reprod_20220829195245_1541166/easyblocks (parents: True, set_gid: False, sticky: False)
== 2022-08-29 19:52:45,065 filetools.py:2395 INFO /user/gent/445/vsc44588/easybuild/easybuild-easyblocks/easybuild/easyblocks/generic/configuremake.py copied to /tmp/vsc44588/eb-rosa08w4/reprod_20220829195245_1541166/easyblocks/configuremake.py
== 2022-08-29 19:52:45,065 easyblock.py:4254 INFO Dumped easyblock configuremake.py required for reproduction to /tmp/vsc44588/eb-rosa08w4/reprod_20220829195245_1541166/easyblocks
== 2022-08-29 19:52:45,085 filetools.py:2395 INFO /user/gent/445/vsc44588/easybuild/easybuild-easyblocks/easybuild/easyblocks/generic/cmakemake.py copied to /tmp/vsc44588/eb-rosa08w4/reprod_20220829195245_1541166/easyblocks/cmakemake.py
== 2022-08-29 19:52:45,085 easyblock.py:4254 INFO Dumped easyblock cmakemake.py required for reproduction to /tmp/vsc44588/eb-rosa08w4/reprod_20220829195245_1541166/easyblocks
== 2022-08-29 19:52:45,090 easyblock.py:2096 INFO Number of iterations to perform for central part of installation procedure: 1
== 2022-08-29 19:52:45,092 build_log.py:265 INFO building and installing kallisto/0.44.0-gompi-2021b...
== 2022-08-29 19:52:45,105 filetools.py:1975 INFO Lock /scratch/gent/vo/001/gvo00117/easybuild/RHEL8/haswell-ib/software/.locks/_scratch_gent_vo_001_gvo00117_easybuild_RHEL8_haswell-ib_software_kallisto_0.44.0-gompi-2021b.lock does not exist
== 2022-08-29 19:52:45,105 filetools.py:1916 INFO Creating lock at /scratch/gent/vo/001/gvo00117/easybuild/RHEL8/haswell-ib/software/.locks/_scratch_gent_vo_001_gvo00117_easybuild_RHEL8_haswell-ib_software_kallisto_0.44.0-gompi-2021b.lock...
== 2022-08-29 19:52:45,106 filetools.py:1882 INFO Creating directory /scratch/gent/vo/001/gvo00117/easybuild/RHEL8/haswell-ib/software/.locks/_scratch_gent_vo_001_gvo00117_easybuild_RHEL8_haswell-ib_software_kallisto_0.44.0-gompi-2021b.lock (parents: True, set_gid: False, sticky: False)
== 2022-08-29 19:52:45,107 filetools.py:1925 INFO Lock created: /scratch/gent/vo/001/gvo00117/easybuild/RHEL8/haswell-ib/software/.locks/_scratch_gent_vo_001_gvo00117_easybuild_RHEL8_haswell-ib_software_kallisto_0.44.0-gompi-2021b.lock
== 2022-08-29 19:52:45,107 build_log.py:265 INFO fetching files...
== 2022-08-29 19:52:45,113 easyblock.py:3746 INFO Starting fetch step
== 2022-08-29 19:52:45,113 easyconfig.py:1686 INFO Generating template values...
== 2022-08-29 19:52:45,114 mpi.py:120 INFO Using template MPI command 'mpirun -n %(nr_ranks)s %(cmd)s' for MPI family 'OpenMPI'
== 2022-08-29 19:52:45,114 mpi.py:305 INFO Using MPI command template 'mpirun -n %(nr_ranks)s %(cmd)s' (params: {'nr_ranks': 1, 'cmd': 'xxx_command_xxx'})
== 2022-08-29 19:52:45,114 easyconfig.py:1705 INFO Template values: arch='x86_64', bitbucket_account='kallisto', builddir='/tmp/vsc44588/easybuild/build/kallisto/0.44.0/gompi-2021b', github_account='pachterlab', installdir='/scratch/gent/vo/001/gvo00117/easybuild/RHEL8/haswell-ib/software/kallisto/0.44.0-gompi-2021b', module_name='kallisto/0.44.0-gompi-2021b', mpi_cmd_prefix='mpirun -n 1', name='kallisto', nameletter='k', nameletterlower='k', namelower='kallisto', parallel='1', toolchain_name='gompi', toolchain_version='2021b', version='0.44.0', version_major='0', version_major_minor='0.44', version_minor='44', versionprefix='', versionsuffix=''
== 2022-08-29 19:52:45,114 easyblock.py:3754 INFO Running method fetch_step part of step fetch
== 2022-08-29 19:52:45,115 easyblock.py:2218 WARNING Easyconfig does not specify an EasyBuild-version (key 'easybuild_version')! Assuming the latest version
== 2022-08-29 19:52:45,116 tools.py:271 INFO Found location to 'eb' script via $EB_SCRIPT_PATH: /user/gent/445/vsc44588/easybuild/easybuild-framework/eb
== 2022-08-29 19:52:45,116 tools.py:287 INFO Not considering /user/gent/445/vsc44588/easybuild (no easybuild/easyconfigs subdir found)
== 2022-08-29 19:52:45,117 tools.py:295 INFO Also considering installation prefix /kyukon/home/gent/445/vsc44588/easybuild (via resolved path to 'eb')...
== 2022-08-29 19:52:45,142 easyblock.py:780 INFO Found file v0.44.0.tar.gz at /apps/gent/sources/k/kallisto/v0.44.0.tar.gz
== 2022-08-29 19:52:45,143 easyblock.py:451 INFO Added sources: [{'name': 'v0.44.0.tar.gz', 'path': '/apps/gent/sources/k/kallisto/v0.44.0.tar.gz', 'cmd': None, 'checksum': None, 'finalpath': '/tmp/vsc44588/easybuild/build/kallisto/0.44.0/gompi-2021b'}]
== 2022-08-29 19:52:45,143 easyblock.py:2261 INFO no patches provided
== 2022-08-29 19:52:45,177 easyblock.py:2271 INFO md5 checksum for /apps/gent/sources/k/kallisto/v0.44.0.tar.gz: 6744c80e12fc4669d59d8ec0557d4386
== 2022-08-29 19:52:45,195 easyblock.py:2271 INFO sha256 checksum for /apps/gent/sources/k/kallisto/v0.44.0.tar.gz: 35a81201a56f4557697e6fe693dc6b701bbbd0a7b2b6e1c6c845ef816d67ca29
== 2022-08-29 19:52:45,207 easyblock.py:2306 INFO Checking dirs that need to be created: ['/scratch/gent/vo/001/gvo00117/easybuild/RHEL8/haswell-ib/software/kallisto/0.44.0-gompi-2021b', '/scratch/gent/vo/001/gvo00117/easybuild/RHEL8/haswell-ib/modules/all/kallisto', '/scratch/gent/vo/001/gvo00117/easybuild/RHEL8/haswell-ib/modules/bio/kallisto']
== 2022-08-29 19:52:45,231 configuremake.py:95 INFO config.guess version: 2018-08-29 (last updated: 2022-08-15T17:53:38.019237, SHA256 checksum: c02eb9cc55c86cfd1e9a794e548d25db5c9539e7b2154beb649bc6e2cbffc74c)
== 2022-08-29 19:52:45,232 configuremake.py:150 INFO Found config.guess at /data/gent/vo/001/gvo00117/easybuild/sources/generic/eb_v4.6.1.dev0/ConfigureMake/config.guess
== 2022-08-29 19:52:45,232 build_log.py:265 INFO ... (took < 1 sec)
== 2022-08-29 19:52:45,238 build_log.py:265 INFO creating build dir, resetting environment...
== 2022-08-29 19:52:45,244 easyblock.py:3746 INFO Starting ready step
== 2022-08-29 19:52:45,244 easyconfig.py:1686 INFO Generating template values...
== 2022-08-29 19:52:45,245 mpi.py:120 INFO Using template MPI command 'mpirun -n %(nr_ranks)s %(cmd)s' for MPI family 'OpenMPI'
== 2022-08-29 19:52:45,245 mpi.py:305 INFO Using MPI command template 'mpirun -n %(nr_ranks)s %(cmd)s' (params: {'nr_ranks': 1, 'cmd': 'xxx_command_xxx'})
== 2022-08-29 19:52:45,245 easyconfig.py:1705 INFO Template values: arch='x86_64', bitbucket_account='kallisto', builddir='/tmp/vsc44588/easybuild/build/kallisto/0.44.0/gompi-2021b', github_account='pachterlab', installdir='/scratch/gent/vo/001/gvo00117/easybuild/RHEL8/haswell-ib/software/kallisto/0.44.0-gompi-2021b', module_name='kallisto/0.44.0-gompi-2021b', mpi_cmd_prefix='mpirun -n 1', name='kallisto', nameletter='k', nameletterlower='k', namelower='kallisto', parallel='1', toolchain_name='gompi', toolchain_version='2021b', version='0.44.0', version_major='0', version_major_minor='0.44', version_minor='44', versionprefix='', versionsuffix=''
== 2022-08-29 19:52:45,245 easyblock.py:3754 INFO Running method check_readiness_step part of step ready
== 2022-08-29 19:52:45,246 easyblock.py:2115 INFO Setting parallelism: 1
== 2022-08-29 19:52:45,345 easyblock.py:2167 WARNING Loaded modules detected: ['cluster/slaking']
== 2022-08-29 19:52:45,346 easyblock.py:3754 INFO Running method make_builddir part of step ready
== 2022-08-29 19:52:45,347 filetools.py:1882 INFO Creating directory /tmp/vsc44588/easybuild/build/kallisto/0.44.0/gompi-2021b (parents: True, set_gid: False, sticky: False)
== 2022-08-29 19:52:45,353 easyblock.py:3754 INFO Running method reset_env part of step ready
== 2022-08-29 19:52:45,354 easyblock.py:3754 INFO Running method handle_iterate_opts part of step ready
== 2022-08-29 19:52:45,354 easyconfig.py:1686 INFO Generating template values...
== 2022-08-29 19:52:45,355 mpi.py:120 INFO Using template MPI command 'mpirun -n %(nr_ranks)s %(cmd)s' for MPI family 'OpenMPI'
== 2022-08-29 19:52:45,355 mpi.py:305 INFO Using MPI command template 'mpirun -n %(nr_ranks)s %(cmd)s' (params: {'nr_ranks': 1, 'cmd': 'xxx_command_xxx'})
== 2022-08-29 19:52:45,356 easyconfig.py:1705 INFO Template values: arch='x86_64', bitbucket_account='kallisto', builddir='/tmp/vsc44588/easybuild/build/kallisto/0.44.0/gompi-2021b', github_account='pachterlab', installdir='/scratch/gent/vo/001/gvo00117/easybuild/RHEL8/haswell-ib/software/kallisto/0.44.0-gompi-2021b', module_name='kallisto/0.44.0-gompi-2021b', mpi_cmd_prefix='mpirun -n 1', name='kallisto', nameletter='k', nameletterlower='k', namelower='kallisto', parallel='1', toolchain_name='gompi', toolchain_version='2021b', version='0.44.0', version_major='0', version_major_minor='0.44', version_minor='44', versionprefix='', versionsuffix=''
== 2022-08-29 19:52:45,356 build_log.py:265 INFO ... (took < 1 sec)
== 2022-08-29 19:52:45,362 build_log.py:265 INFO unpacking...
== 2022-08-29 19:52:45,368 easyblock.py:3746 INFO Starting source step
== 2022-08-29 19:52:45,368 easyconfig.py:1686 INFO Generating template values...
== 2022-08-29 19:52:45,369 mpi.py:120 INFO Using template MPI command 'mpirun -n %(nr_ranks)s %(cmd)s' for MPI family 'OpenMPI'
== 2022-08-29 19:52:45,369 mpi.py:305 INFO Using MPI command template 'mpirun -n %(nr_ranks)s %(cmd)s' (params: {'nr_ranks': 1, 'cmd': 'xxx_command_xxx'})
== 2022-08-29 19:52:45,369 easyconfig.py:1705 INFO Template values: arch='x86_64', bitbucket_account='kallisto', builddir='/tmp/vsc44588/easybuild/build/kallisto/0.44.0/gompi-2021b', github_account='pachterlab', installdir='/scratch/gent/vo/001/gvo00117/easybuild/RHEL8/haswell-ib/software/kallisto/0.44.0-gompi-2021b', module_name='kallisto/0.44.0-gompi-2021b', mpi_cmd_prefix='mpirun -n 1', name='kallisto', nameletter='k', nameletterlower='k', namelower='kallisto', parallel='1', toolchain_name='gompi', toolchain_version='2021b', version='0.44.0', version_major='0', version_major_minor='0.44', version_minor='44', versionprefix='', versionsuffix=''
== 2022-08-29 19:52:45,369 easyblock.py:3754 INFO Running method checksum_step part of step source
== 2022-08-29 19:52:45,370 easyblock.py:2324 INFO Checksum verification for /apps/gent/sources/k/kallisto/v0.44.0.tar.gz using None passed.
== 2022-08-29 19:52:45,370 easyblock.py:3754 INFO Running method extract_step part of step source
== 2022-08-29 19:52:45,370 easyblock.py:2416 INFO Unpacking source v0.44.0.tar.gz
== 2022-08-29 19:52:45,380 run.py:233 INFO running cmd: tar xzf /apps/gent/sources/k/kallisto/v0.44.0.tar.gz 
== 2022-08-29 19:52:45,556 build_log.py:265 INFO ... (took < 1 sec)
== 2022-08-29 19:52:45,562 build_log.py:265 INFO patching...
== 2022-08-29 19:52:45,568 easyblock.py:3746 INFO Starting patch step
== 2022-08-29 19:52:45,568 easyconfig.py:1686 INFO Generating template values...
== 2022-08-29 19:52:45,569 mpi.py:120 INFO Using template MPI command 'mpirun -n %(nr_ranks)s %(cmd)s' for MPI family 'OpenMPI'
== 2022-08-29 19:52:45,569 mpi.py:305 INFO Using MPI command template 'mpirun -n %(nr_ranks)s %(cmd)s' (params: {'nr_ranks': 1, 'cmd': 'xxx_command_xxx'})
== 2022-08-29 19:52:45,570 easyconfig.py:1705 INFO Template values: arch='x86_64', bitbucket_account='kallisto', builddir='/tmp/vsc44588/easybuild/build/kallisto/0.44.0/gompi-2021b', github_account='pachterlab', installdir='/scratch/gent/vo/001/gvo00117/easybuild/RHEL8/haswell-ib/software/kallisto/0.44.0-gompi-2021b', module_name='kallisto/0.44.0-gompi-2021b', mpi_cmd_prefix='mpirun -n 1', name='kallisto', nameletter='k', nameletterlower='k', namelower='kallisto', parallel='1', toolchain_name='gompi', toolchain_version='2021b', version='0.44.0', version_major='0', version_major_minor='0.44', version_minor='44', versionprefix='', versionsuffix=''
== 2022-08-29 19:52:45,570 easyblock.py:3754 INFO Running method patch_step part of step patch
== 2022-08-29 19:52:45,570 build_log.py:265 INFO ... (took < 1 sec)
== 2022-08-29 19:52:45,576 build_log.py:265 INFO preparing...
== 2022-08-29 19:52:45,583 easyblock.py:3746 INFO Starting prepare step
== 2022-08-29 19:52:45,583 easyconfig.py:1686 INFO Generating template values...
== 2022-08-29 19:52:45,583 mpi.py:120 INFO Using template MPI command 'mpirun -n %(nr_ranks)s %(cmd)s' for MPI family 'OpenMPI'
== 2022-08-29 19:52:45,584 mpi.py:305 INFO Using MPI command template 'mpirun -n %(nr_ranks)s %(cmd)s' (params: {'nr_ranks': 1, 'cmd': 'xxx_command_xxx'})
== 2022-08-29 19:52:45,584 easyconfig.py:1705 INFO Template values: arch='x86_64', bitbucket_account='kallisto', builddir='/tmp/vsc44588/easybuild/build/kallisto/0.44.0/gompi-2021b', github_account='pachterlab', installdir='/scratch/gent/vo/001/gvo00117/easybuild/RHEL8/haswell-ib/software/kallisto/0.44.0-gompi-2021b', module_name='kallisto/0.44.0-gompi-2021b', mpi_cmd_prefix='mpirun -n 1', name='kallisto', nameletter='k', nameletterlower='k', namelower='kallisto', parallel='1', toolchain_name='gompi', toolchain_version='2021b', version='0.44.0', version_major='0', version_major_minor='0.44', version_minor='44', versionprefix='', versionsuffix=''
== 2022-08-29 19:52:45,584 easyblock.py:3754 INFO Running method prepare_step part of step prepare
== 2022-08-29 19:52:45,586 modules.py:626 INFO Checking whether Autotools/20210726-GCCcore-11.2.0 exists...
== 2022-08-29 19:52:45,587 modules.py:631 INFO Module Autotools/20210726-GCCcore-11.2.0 exists (found in list of available modules)
== 2022-08-29 19:52:45,587 modules.py:654 INFO Result for existence check of Autotools/20210726-GCCcore-11.2.0 module: True
== 2022-08-29 19:52:45,587 modules.py:626 INFO Checking whether CMake/3.22.1-GCCcore-11.2.0 exists...
== 2022-08-29 19:52:45,587 modules.py:631 INFO Module CMake/3.22.1-GCCcore-11.2.0 exists (found in list of available modules)
== 2022-08-29 19:52:45,587 modules.py:654 INFO Result for existence check of CMake/3.22.1-GCCcore-11.2.0 module: True
== 2022-08-29 19:52:45,587 modules.py:626 INFO Checking whether zlib/1.2.11-GCCcore-11.2.0 exists...
== 2022-08-29 19:52:45,588 modules.py:631 INFO Module zlib/1.2.11-GCCcore-11.2.0 exists (found in list of available modules)
== 2022-08-29 19:52:45,588 modules.py:654 INFO Result for existence check of zlib/1.2.11-GCCcore-11.2.0 module: True
== 2022-08-29 19:52:45,588 modules.py:626 INFO Checking whether HDF5/1.12.1-gompi-2021b exists...
== 2022-08-29 19:52:45,588 modules.py:631 INFO Module HDF5/1.12.1-gompi-2021b exists (found in list of available modules)
== 2022-08-29 19:52:45,588 modules.py:654 INFO Result for existence check of HDF5/1.12.1-gompi-2021b module: True
== 2022-08-29 19:52:45,589 modules.py:626 INFO Checking whether gompi/2021b exists...
== 2022-08-29 19:52:45,589 modules.py:634 INFO Module gompi/2021b not found in list of available modules, checking via 'module show'...
== 2022-08-29 19:52:47,214 modules.py:654 INFO Result for existence check of gompi/2021b module: True
== 2022-08-29 19:52:49,911 environment.py:91 INFO Environment variable LD_LIBRARY_PATH set to /apps/gent/RHEL8/haswell-ib/software/libtool/2.4.6-GCCcore-11.2.0/lib:/apps/gent/RHEL8/haswell-ib/software/OpenMPI/4.1.1-GCC-11.2.0/lib:/apps/gent/RHEL8/haswell-ib/software/PMIx/4.1.0-GCCcore-11.2.0/lib:/apps/gent/RHEL8/haswell-ib/software/libfabric/1.13.2-GCCcore-11.2.0/lib:/apps/gent/RHEL8/haswell-ib/software/UCX/1.11.2-GCCcore-11.2.0/lib:/apps/gent/RHEL8/haswell-ib/software/libevent/2.1.12-GCCcore-11.2.0/lib:/apps/gent/RHEL8/haswell-ib/software/OpenSSL/1.1/lib:/apps/gent/RHEL8/haswell-ib/software/hwloc/2.5.0-GCCcore-11.2.0/lib:/apps/gent/RHEL8/haswell-ib/software/libpciaccess/0.16-GCCcore-11.2.0/lib:/apps/gent/RHEL8/haswell-ib/software/libxml2/2.9.10-GCCcore-11.2.0/lib:/apps/gent/RHEL8/haswell-ib/software/XZ/5.2.5-GCCcore-11.2.0/lib:/apps/gent/RHEL8/haswell-ib/software/numactl/2.0.14-GCCcore-11.2.0/lib:/apps/gent/RHEL8/haswell-ib/software/binutils/2.37-GCCcore-11.2.0/lib:/apps/gent/RHEL8/haswell-ib/software/zlib/1.2.11-GCCcore-11.2.0/lib:/apps/gent/RHEL8/haswell-ib/software/GCCcore/11.2.0/lib64 (previous value: '/apps/gent/RHEL8/haswell-ib/software/libtool/2.4.6-GCCcore-11.2.0/lib')
== 2022-08-29 19:52:50,844 environment.py:91 INFO Environment variable LD_LIBRARY_PATH set to /apps/gent/RHEL8/haswell-ib/software/libarchive/3.5.1-GCCcore-11.2.0/lib:/apps/gent/RHEL8/haswell-ib/software/cURL/7.78.0-GCCcore-11.2.0/lib:/apps/gent/RHEL8/haswell-ib/software/bzip2/1.0.8-GCCcore-11.2.0/lib:/apps/gent/RHEL8/haswell-ib/software/ncurses/6.2-GCCcore-11.2.0/lib:/apps/gent/RHEL8/haswell-ib/software/libtool/2.4.6-GCCcore-11.2.0/lib:/apps/gent/RHEL8/haswell-ib/software/OpenMPI/4.1.1-GCC-11.2.0/lib:/apps/gent/RHEL8/haswell-ib/software/PMIx/4.1.0-GCCcore-11.2.0/lib:/apps/gent/RHEL8/haswell-ib/software/libfabric/1.13.2-GCCcore-11.2.0/lib:/apps/gent/RHEL8/haswell-ib/software/UCX/1.11.2-GCCcore-11.2.0/lib:/apps/gent/RHEL8/haswell-ib/software/libevent/2.1.12-GCCcore-11.2.0/lib:/apps/gent/RHEL8/haswell-ib/software/OpenSSL/1.1/lib:/apps/gent/RHEL8/haswell-ib/software/hwloc/2.5.0-GCCcore-11.2.0/lib:/apps/gent/RHEL8/haswell-ib/software/libpciaccess/0.16-GCCcore-11.2.0/lib:/apps/gent/RHEL8/haswell-ib/software/libxml2/2.9.10-GCCcore-11.2.0/lib:/apps/gent/RHEL8/haswell-ib/software/XZ/5.2.5-GCCcore-11.2.0/lib:/apps/gent/RHEL8/haswell-ib/software/numactl/2.0.14-GCCcore-11.2.0/lib:/apps/gent/RHEL8/haswell-ib/software/binutils/2.37-GCCcore-11.2.0/lib:/apps/gent/RHEL8/haswell-ib/software/zlib/1.2.11-GCCcore-11.2.0/lib:/apps/gent/RHEL8/haswell-ib/software/GCCcore/11.2.0/lib64 (previous value: '/apps/gent/RHEL8/haswell-ib/software/libarchive/3.5.1-GCCcore-11.2.0/lib:/apps/gent/RHEL8/haswell-ib/software/cURL/7.78.0-GCCcore-11.2.0/lib:/apps/gent/RHEL8/haswell-ib/software/bzip2/1.0.8-GCCcore-11.2.0/lib:/apps/gent/RHEL8/haswell-ib/software/ncurses/6.2-GCCcore-11.2.0/lib')
== 2022-08-29 19:52:51,574 environment.py:91 INFO Environment variable LD_LIBRARY_PATH set to /apps/gent/RHEL8/haswell-ib/software/libarchive/3.5.1-GCCcore-11.2.0/lib:/apps/gent/RHEL8/haswell-ib/software/cURL/7.78.0-GCCcore-11.2.0/lib:/apps/gent/RHEL8/haswell-ib/software/bzip2/1.0.8-GCCcore-11.2.0/lib:/apps/gent/RHEL8/haswell-ib/software/ncurses/6.2-GCCcore-11.2.0/lib:/apps/gent/RHEL8/haswell-ib/software/libtool/2.4.6-GCCcore-11.2.0/lib:/apps/gent/RHEL8/haswell-ib/software/OpenMPI/4.1.1-GCC-11.2.0/lib:/apps/gent/RHEL8/haswell-ib/software/PMIx/4.1.0-GCCcore-11.2.0/lib:/apps/gent/RHEL8/haswell-ib/software/libfabric/1.13.2-GCCcore-11.2.0/lib:/apps/gent/RHEL8/haswell-ib/software/UCX/1.11.2-GCCcore-11.2.0/lib:/apps/gent/RHEL8/haswell-ib/software/libevent/2.1.12-GCCcore-11.2.0/lib:/apps/gent/RHEL8/haswell-ib/software/OpenSSL/1.1/lib:/apps/gent/RHEL8/haswell-ib/software/hwloc/2.5.0-GCCcore-11.2.0/lib:/apps/gent/RHEL8/haswell-ib/software/libpciaccess/0.16-GCCcore-11.2.0/lib:/apps/gent/RHEL8/haswell-ib/software/libxml2/2.9.10-GCCcore-11.2.0/lib:/apps/gent/RHEL8/haswell-ib/software/XZ/5.2.5-GCCcore-11.2.0/lib:/apps/gent/RHEL8/haswell-ib/software/numactl/2.0.14-GCCcore-11.2.0/lib:/apps/gent/RHEL8/haswell-ib/software/binutils/2.37-GCCcore-11.2.0/lib:/apps/gent/RHEL8/haswell-ib/software/zlib/1.2.11-GCCcore-11.2.0/lib:/apps/gent/RHEL8/haswell-ib/software/GCCcore/11.2.0/lib64 (previous value: '/apps/gent/RHEL8/haswell-ib/software/zlib/1.2.11-GCCcore-11.2.0/lib')
== 2022-08-29 19:52:52,357 environment.py:91 INFO Environment variable LD_LIBRARY_PATH set to /apps/gent/RHEL8/haswell-ib/software/HDF5/1.12.1-gompi-2021b/lib:/apps/gent/RHEL8/haswell-ib/software/Szip/2.1.1-GCCcore-11.2.0/lib:/apps/gent/RHEL8/haswell-ib/software/libarchive/3.5.1-GCCcore-11.2.0/lib:/apps/gent/RHEL8/haswell-ib/software/cURL/7.78.0-GCCcore-11.2.0/lib:/apps/gent/RHEL8/haswell-ib/software/bzip2/1.0.8-GCCcore-11.2.0/lib:/apps/gent/RHEL8/haswell-ib/software/ncurses/6.2-GCCcore-11.2.0/lib:/apps/gent/RHEL8/haswell-ib/software/libtool/2.4.6-GCCcore-11.2.0/lib:/apps/gent/RHEL8/haswell-ib/software/OpenMPI/4.1.1-GCC-11.2.0/lib:/apps/gent/RHEL8/haswell-ib/software/PMIx/4.1.0-GCCcore-11.2.0/lib:/apps/gent/RHEL8/haswell-ib/software/libfabric/1.13.2-GCCcore-11.2.0/lib:/apps/gent/RHEL8/haswell-ib/software/UCX/1.11.2-GCCcore-11.2.0/lib:/apps/gent/RHEL8/haswell-ib/software/libevent/2.1.12-GCCcore-11.2.0/lib:/apps/gent/RHEL8/haswell-ib/software/OpenSSL/1.1/lib:/apps/gent/RHEL8/haswell-ib/software/hwloc/2.5.0-GCCcore-11.2.0/lib:/apps/gent/RHEL8/haswell-ib/software/libpciaccess/0.16-GCCcore-11.2.0/lib:/apps/gent/RHEL8/haswell-ib/software/libxml2/2.9.10-GCCcore-11.2.0/lib:/apps/gent/RHEL8/haswell-ib/software/XZ/5.2.5-GCCcore-11.2.0/lib:/apps/gent/RHEL8/haswell-ib/software/numactl/2.0.14-GCCcore-11.2.0/lib:/apps/gent/RHEL8/haswell-ib/software/binutils/2.37-GCCcore-11.2.0/lib:/apps/gent/RHEL8/haswell-ib/software/zlib/1.2.11-GCCcore-11.2.0/lib:/apps/gent/RHEL8/haswell-ib/software/GCCcore/11.2.0/lib64 (previous value: '/apps/gent/RHEL8/haswell-ib/software/HDF5/1.12.1-gompi-2021b/lib:/apps/gent/RHEL8/haswell-ib/software/Szip/2.1.1-GCCcore-11.2.0/lib')
== 2022-08-29 19:52:52,398 modules.py:626 INFO Checking whether gompi/2021b exists...
== 2022-08-29 19:52:52,399 modules.py:634 INFO Module gompi/2021b not found in list of available modules, checking via 'module show'...
== 2022-08-29 19:52:52,399 modules.py:654 INFO Result for existence check of gompi/2021b module: True
== 2022-08-29 19:52:52,401 toolchain.py:760 INFO List of toolchain dependency modules and toolchain definition match!
== 2022-08-29 19:52:52,407 compiler.py:361 INFO _set_optimal_architecture: using march=native as optarch for x86_64.
== 2022-08-29 19:52:52,423 variables.py:201 WARNING flags_for_subdirs: directory /apps/gent/RHEL8/haswell-ib/software/Autotools/20210726-GCCcore-11.2.0/include was not found
== 2022-08-29 19:52:52,424 variables.py:201 WARNING flags_for_subdirs: directory /apps/gent/RHEL8/haswell-ib/software/Autotools/20210726-GCCcore-11.2.0/lib64 was not found
== 2022-08-29 19:52:52,424 variables.py:201 WARNING flags_for_subdirs: directory /apps/gent/RHEL8/haswell-ib/software/Autotools/20210726-GCCcore-11.2.0/lib was not found
== 2022-08-29 19:52:52,424 variables.py:201 WARNING flags_for_subdirs: directory /apps/gent/RHEL8/haswell-ib/software/CMake/3.22.1-GCCcore-11.2.0/include was not found
== 2022-08-29 19:52:52,425 variables.py:201 WARNING flags_for_subdirs: directory /apps/gent/RHEL8/haswell-ib/software/CMake/3.22.1-GCCcore-11.2.0/lib64 was not found
== 2022-08-29 19:52:52,425 variables.py:201 WARNING flags_for_subdirs: directory /apps/gent/RHEL8/haswell-ib/software/CMake/3.22.1-GCCcore-11.2.0/lib was not found
== 2022-08-29 19:52:52,434 environment.py:91 INFO Environment variable CC set to mpicc (previously undefined)
== 2022-08-29 19:52:52,434 environment.py:91 INFO Environment variable EBVARCC set to mpicc (previously undefined)
== 2022-08-29 19:52:52,435 environment.py:91 INFO Environment variable CC_SEQ set to gcc (previously undefined)
== 2022-08-29 19:52:52,435 environment.py:91 INFO Environment variable EBVARCC_SEQ set to gcc (previously undefined)
== 2022-08-29 19:52:52,435 environment.py:91 INFO Environment variable CFLAGS set to -O2 -ftree-vectorize -march=native -fno-math-errno -fPIC (previously undefined)
== 2022-08-29 19:52:52,435 environment.py:91 INFO Environment variable EBVARCFLAGS set to -O2 -ftree-vectorize -march=native -fno-math-errno -fPIC (previously undefined)
== 2022-08-29 19:52:52,435 environment.py:91 INFO Environment variable CPPFLAGS set to -I/apps/gent/RHEL8/haswell-ib/software/HDF5/1.12.1-gompi-2021b/include -I/apps/gent/RHEL8/haswell-ib/software/zlib/1.2.11-GCCcore-11.2.0/include (previously undefined)
== 2022-08-29 19:52:52,436 environment.py:91 INFO Environment variable EBVARCPPFLAGS set to -I/apps/gent/RHEL8/haswell-ib/software/HDF5/1.12.1-gompi-2021b/include -I/apps/gent/RHEL8/haswell-ib/software/zlib/1.2.11-GCCcore-11.2.0/include (previously undefined)
== 2022-08-29 19:52:52,436 environment.py:91 INFO Environment variable CXX set to mpicxx (previously undefined)
== 2022-08-29 19:52:52,436 environment.py:91 INFO Environment variable EBVARCXX set to mpicxx (previously undefined)
== 2022-08-29 19:52:52,436 environment.py:91 INFO Environment variable CXXFLAGS set to -O2 -ftree-vectorize -march=native -fno-math-errno -fPIC (previously undefined)
== 2022-08-29 19:52:52,436 environment.py:91 INFO Environment variable EBVARCXXFLAGS set to -O2 -ftree-vectorize -march=native -fno-math-errno -fPIC (previously undefined)
== 2022-08-29 19:52:52,436 environment.py:91 INFO Environment variable CXX_SEQ set to g++ (previously undefined)
== 2022-08-29 19:52:52,437 environment.py:91 INFO Environment variable EBVARCXX_SEQ set to g++ (previously undefined)
== 2022-08-29 19:52:52,437 environment.py:91 INFO Environment variable F77 set to mpifort (previously undefined)
== 2022-08-29 19:52:52,437 environment.py:91 INFO Environment variable EBVARF77 set to mpifort (previously undefined)
== 2022-08-29 19:52:52,437 environment.py:91 INFO Environment variable F77_SEQ set to gfortran (previously undefined)
== 2022-08-29 19:52:52,437 environment.py:91 INFO Environment variable EBVARF77_SEQ set to gfortran (previously undefined)
== 2022-08-29 19:52:52,438 environment.py:91 INFO Environment variable F90 set to mpifort (previously undefined)
== 2022-08-29 19:52:52,438 environment.py:91 INFO Environment variable EBVARF90 set to mpifort (previously undefined)
== 2022-08-29 19:52:52,438 environment.py:91 INFO Environment variable F90FLAGS set to -O2 -ftree-vectorize -march=native -fno-math-errno -fPIC (previously undefined)
== 2022-08-29 19:52:52,438 environment.py:91 INFO Environment variable EBVARF90FLAGS set to -O2 -ftree-vectorize -march=native -fno-math-errno -fPIC (previously undefined)
== 2022-08-29 19:52:52,438 environment.py:91 INFO Environment variable F90_SEQ set to gfortran (previously undefined)
== 2022-08-29 19:52:52,438 environment.py:91 INFO Environment variable EBVARF90_SEQ set to gfortran (previously undefined)
== 2022-08-29 19:52:52,439 environment.py:91 INFO Environment variable FC set to mpifort (previously undefined)
== 2022-08-29 19:52:52,439 environment.py:91 INFO Environment variable EBVARFC set to mpifort (previously undefined)
== 2022-08-29 19:52:52,439 environment.py:91 INFO Environment variable FCFLAGS set to -O2 -ftree-vectorize -march=native -fno-math-errno -fPIC (previously undefined)
== 2022-08-29 19:52:52,439 environment.py:91 INFO Environment variable EBVARFCFLAGS set to -O2 -ftree-vectorize -march=native -fno-math-errno -fPIC (previously undefined)
== 2022-08-29 19:52:52,439 environment.py:91 INFO Environment variable FC_SEQ set to gfortran (previously undefined)
== 2022-08-29 19:52:52,440 environment.py:91 INFO Environment variable EBVARFC_SEQ set to gfortran (previously undefined)
== 2022-08-29 19:52:52,440 environment.py:91 INFO Environment variable FFLAGS set to -O2 -ftree-vectorize -march=native -fno-math-errno -fPIC (previously undefined)
== 2022-08-29 19:52:52,440 environment.py:91 INFO Environment variable EBVARFFLAGS set to -O2 -ftree-vectorize -march=native -fno-math-errno -fPIC (previously undefined)
== 2022-08-29 19:52:52,440 environment.py:91 INFO Environment variable FLIBS set to -lgfortran (previously undefined)
== 2022-08-29 19:52:52,440 environment.py:91 INFO Environment variable EBVARFLIBS set to -lgfortran (previously undefined)
== 2022-08-29 19:52:52,441 environment.py:91 INFO Environment variable LDFLAGS set to -L/apps/gent/RHEL8/haswell-ib/software/HDF5/1.12.1-gompi-2021b/lib64 -L/apps/gent/RHEL8/haswell-ib/software/HDF5/1.12.1-gompi-2021b/lib -L/apps/gent/RHEL8/haswell-ib/software/zlib/1.2.11-GCCcore-11.2.0/lib64 -L/apps/gent/RHEL8/haswell-ib/software/zlib/1.2.11-GCCcore-11.2.0/lib -L/apps/gent/RHEL8/haswell-ib/software/GCCcore/11.2.0/lib64 -L/apps/gent/RHEL8/haswell-ib/software/GCCcore/11.2.0/lib (previously undefined)
== 2022-08-29 19:52:52,441 environment.py:91 INFO Environment variable EBVARLDFLAGS set to -L/apps/gent/RHEL8/haswell-ib/software/HDF5/1.12.1-gompi-2021b/lib64 -L/apps/gent/RHEL8/haswell-ib/software/HDF5/1.12.1-gompi-2021b/lib -L/apps/gent/RHEL8/haswell-ib/software/zlib/1.2.11-GCCcore-11.2.0/lib64 -L/apps/gent/RHEL8/haswell-ib/software/zlib/1.2.11-GCCcore-11.2.0/lib -L/apps/gent/RHEL8/haswell-ib/software/GCCcore/11.2.0/lib64 -L/apps/gent/RHEL8/haswell-ib/software/GCCcore/11.2.0/lib (previously undefined)
== 2022-08-29 19:52:52,441 environment.py:91 INFO Environment variable LIBS set to -lm -lpthread (previously undefined)
== 2022-08-29 19:52:52,441 environment.py:91 INFO Environment variable EBVARLIBS set to -lm -lpthread (previously undefined)
== 2022-08-29 19:52:52,441 environment.py:91 INFO Environment variable MPICC set to mpicc (previously undefined)
== 2022-08-29 19:52:52,442 environment.py:91 INFO Environment variable EBVARMPICC set to mpicc (previously undefined)
== 2022-08-29 19:52:52,442 environment.py:91 INFO Environment variable MPICXX set to mpicxx (previously undefined)
== 2022-08-29 19:52:52,442 environment.py:91 INFO Environment variable EBVARMPICXX set to mpicxx (previously undefined)
== 2022-08-29 19:52:52,442 environment.py:91 INFO Environment variable MPIF77 set to mpifort (previously undefined)
== 2022-08-29 19:52:52,442 environment.py:91 INFO Environment variable EBVARMPIF77 set to mpifort (previously undefined)
== 2022-08-29 19:52:52,442 environment.py:91 INFO Environment variable MPIF90 set to mpifort (previously undefined)
== 2022-08-29 19:52:52,443 environment.py:91 INFO Environment variable EBVARMPIF90 set to mpifort (previously undefined)
== 2022-08-29 19:52:52,443 environment.py:91 INFO Environment variable MPIFC set to mpifort (previously undefined)
== 2022-08-29 19:52:52,443 environment.py:91 INFO Environment variable EBVARMPIFC set to mpifort (previously undefined)
== 2022-08-29 19:52:52,443 environment.py:91 INFO Environment variable MPI_INC_DIR set to /apps/gent/RHEL8/haswell-ib/software/OpenMPI/4.1.1-GCC-11.2.0/include (previously undefined)
== 2022-08-29 19:52:52,443 environment.py:91 INFO Environment variable EBVARMPI_INC_DIR set to /apps/gent/RHEL8/haswell-ib/software/OpenMPI/4.1.1-GCC-11.2.0/include (previously undefined)
== 2022-08-29 19:52:52,444 environment.py:91 INFO Environment variable MPI_LIB_DIR set to /apps/gent/RHEL8/haswell-ib/software/OpenMPI/4.1.1-GCC-11.2.0/lib64 (previously undefined)
== 2022-08-29 19:52:52,444 environment.py:91 INFO Environment variable EBVARMPI_LIB_DIR set to /apps/gent/RHEL8/haswell-ib/software/OpenMPI/4.1.1-GCC-11.2.0/lib64 (previously undefined)
== 2022-08-29 19:52:52,444 environment.py:91 INFO Environment variable MPI_LIB_SHARED set to /apps/gent/RHEL8/haswell-ib/software/OpenMPI/4.1.1-GCC-11.2.0/lib64/libmpi.so (previously undefined)
== 2022-08-29 19:52:52,444 environment.py:91 INFO Environment variable EBVARMPI_LIB_SHARED set to /apps/gent/RHEL8/haswell-ib/software/OpenMPI/4.1.1-GCC-11.2.0/lib64/libmpi.so (previously undefined)
== 2022-08-29 19:52:52,444 environment.py:91 INFO Environment variable MPI_LIB_STATIC set to  (previously undefined)
== 2022-08-29 19:52:52,444 environment.py:91 INFO Environment variable EBVARMPI_LIB_STATIC set to  (previously undefined)
== 2022-08-29 19:52:52,445 environment.py:91 INFO Environment variable OMPI_CC set to gcc (previously undefined)
== 2022-08-29 19:52:52,445 environment.py:91 INFO Environment variable EBVAROMPI_CC set to gcc (previously undefined)
== 2022-08-29 19:52:52,445 environment.py:91 INFO Environment variable OMPI_CXX set to g++ (previously undefined)
== 2022-08-29 19:52:52,445 environment.py:91 INFO Environment variable EBVAROMPI_CXX set to g++ (previously undefined)
== 2022-08-29 19:52:52,445 environment.py:91 INFO Environment variable OMPI_F77 set to gfortran (previously undefined)
== 2022-08-29 19:52:52,446 environment.py:91 INFO Environment variable EBVAROMPI_F77 set to gfortran (previously undefined)
== 2022-08-29 19:52:52,446 environment.py:91 INFO Environment variable OMPI_F90 set to gfortran (previously undefined)
== 2022-08-29 19:52:52,446 environment.py:91 INFO Environment variable EBVAROMPI_F90 set to gfortran (previously undefined)
== 2022-08-29 19:52:52,446 environment.py:91 INFO Environment variable OMPI_FC set to gfortran (previously undefined)
== 2022-08-29 19:52:52,446 environment.py:91 INFO Environment variable EBVAROMPI_FC set to gfortran (previously undefined)
== 2022-08-29 19:52:52,447 environment.py:91 INFO Environment variable OPTFLAGS set to -O2 -ftree-vectorize -march=native (previously undefined)
== 2022-08-29 19:52:52,447 environment.py:91 INFO Environment variable EBVAROPTFLAGS set to -O2 -ftree-vectorize -march=native (previously undefined)
== 2022-08-29 19:52:52,447 environment.py:91 INFO Environment variable PRECFLAGS set to -fno-math-errno (previously undefined)
== 2022-08-29 19:52:52,447 environment.py:91 INFO Environment variable EBVARPRECFLAGS set to -fno-math-errno (previously undefined)
== 2022-08-29 19:52:52,448 easyblock.py:1999 INFO Using /tmp/vsc44588/easybuild/build/kallisto/0.44.0/gompi-2021b/kallisto-0.44.0/ as start dir
== 2022-08-29 19:52:52,448 build_log.py:265 INFO ... (took 6 secs)
== 2022-08-29 19:52:52,455 build_log.py:265 INFO configuring...
== 2022-08-29 19:52:52,467 easyblock.py:3746 INFO Starting configure step
== 2022-08-29 19:52:52,467 easyconfig.py:1686 INFO Generating template values...
== 2022-08-29 19:52:52,467 mpi.py:120 INFO Using template MPI command 'mpirun -n %(nr_ranks)s %(cmd)s' for MPI family 'OpenMPI'
== 2022-08-29 19:52:52,468 mpi.py:305 INFO Using MPI command template 'mpirun -n %(nr_ranks)s %(cmd)s' (params: {'nr_ranks': 1, 'cmd': 'xxx_command_xxx'})
== 2022-08-29 19:52:52,468 easyconfig.py:1705 INFO Template values: arch='x86_64', bitbucket_account='kallisto', builddir='/tmp/vsc44588/easybuild/build/kallisto/0.44.0/gompi-2021b', github_account='pachterlab', installdir='/scratch/gent/vo/001/gvo00117/easybuild/RHEL8/haswell-ib/software/kallisto/0.44.0-gompi-2021b', module_name='kallisto/0.44.0-gompi-2021b', mpi_cmd_prefix='mpirun -n 1', name='kallisto', nameletter='k', nameletterlower='k', namelower='kallisto', parallel='1', toolchain_name='gompi', toolchain_version='2021b', version='0.44.0', version_major='0', version_major_minor='0.44', version_minor='44', versionprefix='', versionsuffix=''
== 2022-08-29 19:52:52,468 easyblock.py:3754 INFO Running method configure_step part of step configure
== 2022-08-29 19:52:52,469 environment.py:91 INFO Environment variable CMAKE_INCLUDE_PATH set to /apps/gent/RHEL8/haswell-ib/software/zlib/1.2.11-GCCcore-11.2.0/include:/apps/gent/RHEL8/haswell-ib/software/HDF5/1.12.1-gompi-2021b/include:/apps/gent/RHEL8/haswell-ib/software/Szip/2.1.1-GCCcore-11.2.0/include:/apps/gent/RHEL8/haswell-ib/software/libarchive/3.5.1-GCCcore-11.2.0/include:/apps/gent/RHEL8/haswell-ib/software/cURL/7.78.0-GCCcore-11.2.0/include:/apps/gent/RHEL8/haswell-ib/software/bzip2/1.0.8-GCCcore-11.2.0/include:/apps/gent/RHEL8/haswell-ib/software/ncurses/6.2-GCCcore-11.2.0/include:/apps/gent/RHEL8/haswell-ib/software/libtool/2.4.6-GCCcore-11.2.0/include:/apps/gent/RHEL8/haswell-ib/software/OpenMPI/4.1.1-GCC-11.2.0/include:/apps/gent/RHEL8/haswell-ib/software/PMIx/4.1.0-GCCcore-11.2.0/include:/apps/gent/RHEL8/haswell-ib/software/libfabric/1.13.2-GCCcore-11.2.0/include:/apps/gent/RHEL8/haswell-ib/software/UCX/1.11.2-GCCcore-11.2.0/include:/apps/gent/RHEL8/haswell-ib/software/libevent/2.1.12-GCCcore-11.2.0/include:/apps/gent/RHEL8/haswell-ib/software/OpenSSL/1.1/include:/apps/gent/RHEL8/haswell-ib/software/hwloc/2.5.0-GCCcore-11.2.0/include:/apps/gent/RHEL8/haswell-ib/software/libpciaccess/0.16-GCCcore-11.2.0/include:/apps/gent/RHEL8/haswell-ib/software/libxml2/2.9.10-GCCcore-11.2.0/include/libxml2:/apps/gent/RHEL8/haswell-ib/software/libxml2/2.9.10-GCCcore-11.2.0/include:/apps/gent/RHEL8/haswell-ib/software/XZ/5.2.5-GCCcore-11.2.0/include:/apps/gent/RHEL8/haswell-ib/software/numactl/2.0.14-GCCcore-11.2.0/include:/apps/gent/RHEL8/haswell-ib/software/binutils/2.37-GCCcore-11.2.0/include (previously undefined)
== 2022-08-29 19:52:52,469 environment.py:91 INFO Environment variable CMAKE_LIBRARY_PATH set to /apps/gent/RHEL8/haswell-ib/software/GCCcore/11.2.0/lib64:/apps/gent/RHEL8/haswell-ib/software/GCCcore/11.2.0/lib:/apps/gent/RHEL8/haswell-ib/software/zlib/1.2.11-GCCcore-11.2.0/lib64:/apps/gent/RHEL8/haswell-ib/software/zlib/1.2.11-GCCcore-11.2.0/lib:/apps/gent/RHEL8/haswell-ib/software/HDF5/1.12.1-gompi-2021b/lib64:/apps/gent/RHEL8/haswell-ib/software/HDF5/1.12.1-gompi-2021b/lib:/apps/gent/RHEL8/haswell-ib/software/Szip/2.1.1-GCCcore-11.2.0/lib:/apps/gent/RHEL8/haswell-ib/software/libarchive/3.5.1-GCCcore-11.2.0/lib:/apps/gent/RHEL8/haswell-ib/software/cURL/7.78.0-GCCcore-11.2.0/lib:/apps/gent/RHEL8/haswell-ib/software/bzip2/1.0.8-GCCcore-11.2.0/lib:/apps/gent/RHEL8/haswell-ib/software/ncurses/6.2-GCCcore-11.2.0/lib:/apps/gent/RHEL8/haswell-ib/software/libtool/2.4.6-GCCcore-11.2.0/lib:/apps/gent/RHEL8/haswell-ib/software/OpenMPI/4.1.1-GCC-11.2.0/lib:/apps/gent/RHEL8/haswell-ib/software/PMIx/4.1.0-GCCcore-11.2.0/lib:/apps/gent/RHEL8/haswell-ib/software/libfabric/1.13.2-GCCcore-11.2.0/lib:/apps/gent/RHEL8/haswell-ib/software/UCX/1.11.2-GCCcore-11.2.0/lib:/apps/gent/RHEL8/haswell-ib/software/libevent/2.1.12-GCCcore-11.2.0/lib:/apps/gent/RHEL8/haswell-ib/software/OpenSSL/1.1/lib:/apps/gent/RHEL8/haswell-ib/software/hwloc/2.5.0-GCCcore-11.2.0/lib:/apps/gent/RHEL8/haswell-ib/software/libpciaccess/0.16-GCCcore-11.2.0/lib:/apps/gent/RHEL8/haswell-ib/software/libxml2/2.9.10-GCCcore-11.2.0/lib:/apps/gent/RHEL8/haswell-ib/software/XZ/5.2.5-GCCcore-11.2.0/lib:/apps/gent/RHEL8/haswell-ib/software/numactl/2.0.14-GCCcore-11.2.0/lib:/apps/gent/RHEL8/haswell-ib/software/binutils/2.37-GCCcore-11.2.0/lib (previous value: '/apps/gent/RHEL8/haswell-ib/software/GCCcore/11.2.0/lib64')
== 2022-08-29 19:52:52,469 environment.py:91 INFO Environment variable FC set to mpifort (previous value: 'mpifort')
== 2022-08-29 19:52:52,479 run.py:233 INFO running cmd: cd ../kallisto-0.44.0/ext/htslib/ && sed -i '/AC_PROG_CC/a AC_CANONICAL_HOST' configure.ac && autoreconf -i && autoheader && autoconf && cd - &&  cmake  -DCMAKE_INSTALL_PREFIX=/scratch/gent/vo/001/gvo00117/easybuild/RHEL8/haswell-ib/software/kallisto/0.44.0-gompi-2021b -DCMAKE_BUILD_TYPE=Release -DCMAKE_POSITION_INDEPENDENT_CODE=ON -DCMAKE_VERBOSE_MAKEFILE=ON -DCMAKE_FIND_USE_PACKAGE_REGISTRY=OFF  /tmp/vsc44588/easybuild/build/kallisto/0.44.0/gompi-2021b/kallisto-0.44.0/ 
== 2022-08-29 19:53:06,744 run.py:623 INFO cmd "cd ../kallisto-0.44.0/ext/htslib/ && sed -i '/AC_PROG_CC/a AC_CANONICAL_HOST' configure.ac && autoreconf -i && autoheader && autoconf && cd - &&  cmake  -DCMAKE_INSTALL_PREFIX=/scratch/gent/vo/001/gvo00117/easybuild/RHEL8/haswell-ib/software/kallisto/0.44.0-gompi-2021b -DCMAKE_BUILD_TYPE=Release -DCMAKE_POSITION_INDEPENDENT_CODE=ON -DCMAKE_VERBOSE_MAKEFILE=ON -DCMAKE_FIND_USE_PACKAGE_REGISTRY=OFF  /tmp/vsc44588/easybuild/build/kallisto/0.44.0/gompi-2021b/kallisto-0.44.0/" exited with exit code 0 and output:
/tmp/vsc44588/easybuild/build/kallisto/0.44.0/gompi-2021b/easybuild_obj
-- The C compiler identification is GNU 11.2.0
-- The CXX compiler identification is GNU 11.2.0
-- Detecting C compiler ABI info
-- Detecting C compiler ABI info - done
-- Check for working C compiler: /apps/gent/RHEL8/haswell-ib/software/OpenMPI/4.1.1-GCC-11.2.0/bin/mpicc - skipped
-- Detecting C compile features
-- Detecting C compile features - done
-- Detecting CXX compiler ABI info
-- Detecting CXX compiler ABI info - done
-- Check for working CXX compiler: /apps/gent/RHEL8/haswell-ib/software/OpenMPI/4.1.1-GCC-11.2.0/bin/mpicxx - skipped
-- Detecting CXX compile features
-- Detecting CXX compile features - done
shared build
-- Looking for pthread.h
-- Looking for pthread.h - found
-- Performing Test CMAKE_HAVE_LIBC_PTHREAD
-- Performing Test CMAKE_HAVE_LIBC_PTHREAD - Failed
-- Looking for pthread_create in pthreads
-- Looking for pthread_create in pthreads - not found
-- Looking for pthread_create in pthread
-- Looking for pthread_create in pthread - found
-- Found Threads: TRUE  
-- Found HDF5: /apps/gent/RHEL8/haswell-ib/software/HDF5/1.12.1-gompi-2021b/lib/libhdf5.so;/apps/gent/RHEL8/haswell-ib/software/Szip/2.1.1-GCCcore-11.2.0/lib/libsz.so;/apps/gent/RHEL8/haswell-ib/software/zlib/1.2.11-GCCcore-11.2.0/lib/libz.so;/usr/lib64/libdl.so;/usr/lib64/libm.so;/usr/lib64/libm.so;/usr/lib64/libpthread.so (found version "1.12.1")  
-- Found ZLIB: /apps/gent/RHEL8/haswell-ib/software/zlib/1.2.11-GCCcore-11.2.0/lib/libz.so (found version "1.2.11") 
-- Configuring done
-- Generating done
-- Build files have been written to: /tmp/vsc44588/easybuild/build/kallisto/0.44.0/gompi-2021b/easybuild_obj

== 2022-08-29 19:53:06,745 run.py:676 INFO parse_log_for_error msg: Command used: cd ../kallisto-0.44.0/ext/htslib/ && sed -i '/AC_PROG_CC/a AC_CANONICAL_HOST' configure.ac && autoreconf -i && autoheader && autoconf && cd - &&  cmake  -DCMAKE_INSTALL_PREFIX=/scratch/gent/vo/001/gvo00117/easybuild/RHEL8/haswell-ib/software/kallisto/0.44.0-gompi-2021b -DCMAKE_BUILD_TYPE=Release -DCMAKE_POSITION_INDEPENDENT_CODE=ON -DCMAKE_VERBOSE_MAKEFILE=ON -DCMAKE_FIND_USE_PACKAGE_REGISTRY=OFF  /tmp/vsc44588/easybuild/build/kallisto/0.44.0/gompi-2021b/kallisto-0.44.0/
== 2022-08-29 19:53:06,746 run.py:678 INFO parse_log_for_error (some may be harmless) regExp (?<![(,-]|\w)(?:error|segmentation fault|failed)(?![(,-]|\.?\w) found:
-- Performing Test CMAKE_HAVE_LIBC_PTHREAD - Failed
== 2022-08-29 19:53:06,746 run.py:635 WARNING Found 1 errors in command output (output: -- Performing Test CMAKE_HAVE_LIBC_PTHREAD - Failed)
== 2022-08-29 19:53:06,746 build_log.py:265 INFO ... (took 14 secs)
== 2022-08-29 19:53:06,752 build_log.py:265 INFO building...
== 2022-08-29 19:53:06,758 easyblock.py:3746 INFO Starting build step
== 2022-08-29 19:53:06,759 easyconfig.py:1686 INFO Generating template values...
== 2022-08-29 19:53:06,759 mpi.py:120 INFO Using template MPI command 'mpirun -n %(nr_ranks)s %(cmd)s' for MPI family 'OpenMPI'
== 2022-08-29 19:53:06,760 mpi.py:305 INFO Using MPI command template 'mpirun -n %(nr_ranks)s %(cmd)s' (params: {'nr_ranks': 1, 'cmd': 'xxx_command_xxx'})
== 2022-08-29 19:53:06,760 easyconfig.py:1705 INFO Template values: arch='x86_64', bitbucket_account='kallisto', builddir='/tmp/vsc44588/easybuild/build/kallisto/0.44.0/gompi-2021b', github_account='pachterlab', installdir='/scratch/gent/vo/001/gvo00117/easybuild/RHEL8/haswell-ib/software/kallisto/0.44.0-gompi-2021b', module_name='kallisto/0.44.0-gompi-2021b', mpi_cmd_prefix='mpirun -n 1', name='kallisto', nameletter='k', nameletterlower='k', namelower='kallisto', parallel='1', toolchain_name='gompi', toolchain_version='2021b', version='0.44.0', version_major='0', version_major_minor='0.44', version_minor='44', versionprefix='', versionsuffix=''
== 2022-08-29 19:53:06,760 easyblock.py:3754 INFO Running method build_step part of step build
== 2022-08-29 19:53:06,760 configuremake.py:340 INFO Building target ''
== 2022-08-29 19:53:06,769 run.py:233 INFO running cmd:  make  -j 1  
== 2022-08-29 19:53:54,216 build_log.py:169 ERROR EasyBuild crashed with an error (at easybuild/easybuild-framework/easybuild/base/exceptions.py:124 in __init__): cmd " make  -j 1 " exited with exit code 2 and output:
/kyukon/home/apps/RHEL8/haswell-ib/software/CMake/3.22.1-GCCcore-11.2.0/bin/cmake -S/tmp/vsc44588/easybuild/build/kallisto/0.44.0/gompi-2021b/kallisto-0.44.0 -B/tmp/vsc44588/easybuild/build/kallisto/0.44.0/gompi-2021b/easybuild_obj --check-build-system CMakeFiles/Makefile.cmake 0
/kyukon/home/apps/RHEL8/haswell-ib/software/CMake/3.22.1-GCCcore-11.2.0/bin/cmake -E cmake_progress_start /tmp/vsc44588/easybuild/build/kallisto/0.44.0/gompi-2021b/easybuild_obj/CMakeFiles /tmp/vsc44588/easybuild/build/kallisto/0.44.0/gompi-2021b/easybuild_obj//CMakeFiles/progress.marks
make  -f CMakeFiles/Makefile2 all
make[1]: Entering directory '/tmp/vsc44588/easybuild/build/kallisto/0.44.0/gompi-2021b/easybuild_obj'
make  -f CMakeFiles/htslib.dir/build.make CMakeFiles/htslib.dir/depend
make[2]: Entering directory '/tmp/vsc44588/easybuild/build/kallisto/0.44.0/gompi-2021b/easybuild_obj'
cd /tmp/vsc44588/easybuild/build/kallisto/0.44.0/gompi-2021b/easybuild_obj && /kyukon/home/apps/RHEL8/haswell-ib/software/CMake/3.22.1-GCCcore-11.2.0/bin/cmake -E cmake_depends "Unix Makefiles" /tmp/vsc44588/easybuild/build/kallisto/0.44.0/gompi-2021b/kallisto-0.44.0 /tmp/vsc44588/easybuild/build/kallisto/0.44.0/gompi-2021b/kallisto-0.44.0 /tmp/vsc44588/easybuild/build/kallisto/0.44.0/gompi-2021b/easybuild_obj /tmp/vsc44588/easybuild/build/kallisto/0.44.0/gompi-2021b/easybuild_obj /tmp/vsc44588/easybuild/build/kallisto/0.44.0/gompi-2021b/easybuild_obj/CMakeFiles/htslib.dir/DependInfo.cmake --color=
make[2]: Leaving directory '/tmp/vsc44588/easybuild/build/kallisto/0.44.0/gompi-2021b/easybuild_obj'
make  -f CMakeFiles/htslib.dir/build.make CMakeFiles/htslib.dir/build
make[2]: Entering directory '/tmp/vsc44588/easybuild/build/kallisto/0.44.0/gompi-2021b/easybuild_obj'
[  3%] Creating directories for 'htslib'
/kyukon/home/apps/RHEL8/haswell-ib/software/CMake/3.22.1-GCCcore-11.2.0/bin/cmake -E make_directory /tmp/vsc44588/easybuild/build/kallisto/0.44.0/gompi-2021b/kallisto-0.44.0/ext/htslib
/kyukon/home/apps/RHEL8/haswell-ib/software/CMake/3.22.1-GCCcore-11.2.0/bin/cmake -E make_directory /tmp/vsc44588/easybuild/build/kallisto/0.44.0/gompi-2021b/kallisto-0.44.0/ext/htslib
/kyukon/home/apps/RHEL8/haswell-ib/software/CMake/3.22.1-GCCcore-11.2.0/bin/cmake -E make_directory /tmp/vsc44588/easybuild/build/kallisto/0.44.0/gompi-2021b/kallisto-0.44.0/ext/htslib
/kyukon/home/apps/RHEL8/haswell-ib/software/CMake/3.22.1-GCCcore-11.2.0/bin/cmake -E make_directory /tmp/vsc44588/easybuild/build/kallisto/0.44.0/gompi-2021b/kallisto-0.44.0/ext/htslib/tmp
/kyukon/home/apps/RHEL8/haswell-ib/software/CMake/3.22.1-GCCcore-11.2.0/bin/cmake -E make_directory /tmp/vsc44588/easybuild/build/kallisto/0.44.0/gompi-2021b/kallisto-0.44.0/ext/htslib/src/htslib-stamp
/kyukon/home/apps/RHEL8/haswell-ib/software/CMake/3.22.1-GCCcore-11.2.0/bin/cmake -E make_directory /tmp/vsc44588/easybuild/build/kallisto/0.44.0/gompi-2021b/kallisto-0.44.0/ext/htslib/src
/kyukon/home/apps/RHEL8/haswell-ib/software/CMake/3.22.1-GCCcore-11.2.0/bin/cmake -E make_directory /tmp/vsc44588/easybuild/build/kallisto/0.44.0/gompi-2021b/kallisto-0.44.0/ext/htslib/src/htslib-stamp
/kyukon/home/apps/RHEL8/haswell-ib/software/CMake/3.22.1-GCCcore-11.2.0/bin/cmake -E touch /tmp/vsc44588/easybuild/build/kallisto/0.44.0/gompi-2021b/kallisto-0.44.0/ext/htslib/src/htslib-stamp/htslib-mkdir
[  7%] No download step for 'htslib'
/kyukon/home/apps/RHEL8/haswell-ib/software/CMake/3.22.1-GCCcore-11.2.0/bin/cmake -E echo_append
/kyukon/home/apps/RHEL8/haswell-ib/software/CMake/3.22.1-GCCcore-11.2.0/bin/cmake -E touch /tmp/vsc44588/easybuild/build/kallisto/0.44.0/gompi-2021b/kallisto-0.44.0/ext/htslib/src/htslib-stamp/htslib-download
[ 11%] No update step for 'htslib'
/kyukon/home/apps/RHEL8/haswell-ib/software/CMake/3.22.1-GCCcore-11.2.0/bin/cmake -E echo_append
/kyukon/home/apps/RHEL8/haswell-ib/software/CMake/3.22.1-GCCcore-11.2.0/bin/cmake -E touch /tmp/vsc44588/easybuild/build/kallisto/0.44.0/gompi-2021b/kallisto-0.44.0/ext/htslib/src/htslib-stamp/htslib-update
[ 15%] No patch step for 'htslib'
/kyukon/home/apps/RHEL8/haswell-ib/software/CMake/3.22.1-GCCcore-11.2.0/bin/cmake -E echo_append
/kyukon/home/apps/RHEL8/haswell-ib/software/CMake/3.22.1-GCCcore-11.2.0/bin/cmake -E touch /tmp/vsc44588/easybuild/build/kallisto/0.44.0/gompi-2021b/kallisto-0.44.0/ext/htslib/src/htslib-stamp/htslib-patch
[ 19%] Performing configure step for 'htslib'
cd /tmp/vsc44588/easybuild/build/kallisto/0.44.0/gompi-2021b/kallisto-0.44.0/ext/htslib && /tmp/vsc44588/easybuild/build/kallisto/0.44.0/gompi-2021b/kallisto-0.44.0/ext/htslib/configure --prefix= --disable-bz2 --disable-lzma --disable-libcurl
checking for gcc... mpicc
checking whether the C compiler works... yes
checking for C compiler default output file name... a.out
checking for suffix of executables... 
checking whether we are cross compiling... no
checking for suffix of object files... o
checking whether the compiler supports GNU C... yes
checking whether mpicc accepts -g... yes
checking for mpicc option to enable C11 features... none needed
checking build system type... x86_64-pc-linux-gnu
checking host system type... x86_64-pc-linux-gnu
checking for ranlib... ranlib
checking for special C compiler options needed for large files... no
checking for _FILE_OFFSET_BITS value needed for large files... no
checking shared library type... plain .so
checking for stdio.h... yes
checking for stdlib.h... yes
checking for string.h... yes
checking for inttypes.h... yes
checking for stdint.h... yes
checking for strings.h... yes
checking for sys/stat.h... yes
checking for sys/types.h... yes
checking for unistd.h... yes
checking for sys/param.h... yes
checking for getpagesize... yes
checking for working mmap... yes
checking for gmtime_r... yes
checking for mpicc options needed to detect all undeclared functions... none needed
checking whether fdatasync is declared... yes
checking for fdatasync... yes
checking for library containing log... none required
checking for zlib.h... yes
checking for inflate in -lz... yes
checking for library containing connect... none required
configure: WARNING: GCS support not enabled: requires libcurl support
configure: WARNING: S3 support not enabled: requires libcurl support
configure: creating ./config.status
config.status: creating config.mk
config.status: creating htslib.pc.tmp
config.status: creating config.h
cd /tmp/vsc44588/easybuild/build/kallisto/0.44.0/gompi-2021b/kallisto-0.44.0/ext/htslib && /kyukon/home/apps/RHEL8/haswell-ib/software/CMake/3.22.1-GCCcore-11.2.0/bin/cmake -E touch /tmp/vsc44588/easybuild/build/kallisto/0.44.0/gompi-2021b/kallisto-0.44.0/ext/htslib/src/htslib-stamp/htslib-configure
[ 23%] Performing build step for 'htslib'
cd /tmp/vsc44588/easybuild/build/kallisto/0.44.0/gompi-2021b/kallisto-0.44.0/ext/htslib && make lib-static
make[3]: Entering directory '/tmp/vsc44588/easybuild/build/kallisto/0.44.0/gompi-2021b/kallisto-0.44.0/ext/htslib'
mpicc -O2 -ftree-vectorize -march=native -fno-math-errno -fPIC -I. -I/apps/gent/RHEL8/haswell-ib/software/HDF5/1.12.1-gompi-2021b/include -I/apps/gent/RHEL8/haswell-ib/software/zlib/1.2.11-GCCcore-11.2.0/include -c -o kfunc.o kfunc.c
mpicc -O2 -ftree-vectorize -march=native -fno-math-errno -fPIC -I. -I/apps/gent/RHEL8/haswell-ib/software/HDF5/1.12.1-gompi-2021b/include -I/apps/gent/RHEL8/haswell-ib/software/zlib/1.2.11-GCCcore-11.2.0/include -c -o knetfile.o knetfile.c
mpicc -O2 -ftree-vectorize -march=native -fno-math-errno -fPIC -I. -I/apps/gent/RHEL8/haswell-ib/software/HDF5/1.12.1-gompi-2021b/include -I/apps/gent/RHEL8/haswell-ib/software/zlib/1.2.11-GCCcore-11.2.0/include -c -o kstring.o kstring.c
mpicc -O2 -ftree-vectorize -march=native -fno-math-errno -fPIC -I. -I/apps/gent/RHEL8/haswell-ib/software/HDF5/1.12.1-gompi-2021b/include -I/apps/gent/RHEL8/haswell-ib/software/zlib/1.2.11-GCCcore-11.2.0/include -c -o bcf_sr_sort.o bcf_sr_sort.c
mpicc -O2 -ftree-vectorize -march=native -fno-math-errno -fPIC -I. -I/apps/gent/RHEL8/haswell-ib/software/HDF5/1.12.1-gompi-2021b/include -I/apps/gent/RHEL8/haswell-ib/software/zlib/1.2.11-GCCcore-11.2.0/include -c -o bgzf.o bgzf.c
mpicc -O2 -ftree-vectorize -march=native -fno-math-errno -fPIC -I. -I/apps/gent/RHEL8/haswell-ib/software/HDF5/1.12.1-gompi-2021b/include -I/apps/gent/RHEL8/haswell-ib/software/zlib/1.2.11-GCCcore-11.2.0/include -c -o errmod.o errmod.c
mpicc -O2 -ftree-vectorize -march=native -fno-math-errno -fPIC -I. -I/apps/gent/RHEL8/haswell-ib/software/HDF5/1.12.1-gompi-2021b/include -I/apps/gent/RHEL8/haswell-ib/software/zlib/1.2.11-GCCcore-11.2.0/include -c -o faidx.o faidx.c
mpicc -O2 -ftree-vectorize -march=native -fno-math-errno -fPIC -I. -I/apps/gent/RHEL8/haswell-ib/software/HDF5/1.12.1-gompi-2021b/include -I/apps/gent/RHEL8/haswell-ib/software/zlib/1.2.11-GCCcore-11.2.0/include -c -o hfile.o hfile.c
mpicc -O2 -ftree-vectorize -march=native -fno-math-errno -fPIC -I. -I/apps/gent/RHEL8/haswell-ib/software/HDF5/1.12.1-gompi-2021b/include -I/apps/gent/RHEL8/haswell-ib/software/zlib/1.2.11-GCCcore-11.2.0/include -c -o hfile_net.o hfile_net.c
echo '#define HTS_VERSION "1.4.1"' > version.h
mpicc -O2 -ftree-vectorize -march=native -fno-math-errno -fPIC -I. -I/apps/gent/RHEL8/haswell-ib/software/HDF5/1.12.1-gompi-2021b/include -I/apps/gent/RHEL8/haswell-ib/software/zlib/1.2.11-GCCcore-11.2.0/include -c -o hts.o hts.c
hts.c: In function hts_idx_init:
hts.c:1333:59: warning: overflow in conversion from uint32_t {aka unsigned int} to int changes value from idx->z.last_bin = 4294967295 to -1 [-Woverflow]
 1333 |     idx->z.save_bin = idx->z.save_tid = idx->z.last_tid = idx->z.last_bin = 0xffffffffu;
      |                                                           ^~~
mpicc -O2 -ftree-vectorize -march=native -fno-math-errno -fPIC -I. -I/apps/gent/RHEL8/haswell-ib/software/HDF5/1.12.1-gompi-2021b/include -I/apps/gent/RHEL8/haswell-ib/software/zlib/1.2.11-GCCcore-11.2.0/include -c -o md5.o md5.c
mpicc -O2 -ftree-vectorize -march=native -fno-math-errno -fPIC -I. -I/apps/gent/RHEL8/haswell-ib/software/HDF5/1.12.1-gompi-2021b/include -I/apps/gent/RHEL8/haswell-ib/software/zlib/1.2.11-GCCcore-11.2.0/include -c -o multipart.o multipart.c
mpicc -O2 -ftree-vectorize -march=native -fno-math-errno -fPIC -I. -I/apps/gent/RHEL8/haswell-ib/software/HDF5/1.12.1-gompi-2021b/include -I/apps/gent/RHEL8/haswell-ib/software/zlib/1.2.11-GCCcore-11.2.0/include -c -o probaln.o probaln.c
mpicc -O2 -ftree-vectorize -march=native -fno-math-errno -fPIC -I. -I/apps/gent/RHEL8/haswell-ib/software/HDF5/1.12.1-gompi-2021b/include -I/apps/gent/RHEL8/haswell-ib/software/zlib/1.2.11-GCCcore-11.2.0/include -c -o realn.o realn.c
realn.c: In function sam_prob_realn:
realn.c:112:23: warning: writing 1 byte into a region of size 0 [-Wstringop-overflow=]
  112 |             *(bq - 3) = 'Z';
      |             ~~~~~~~~~~^~~~~
realn.c:96:15: note: at offset -2 into destination object of size [0, 9223372036854775807] allocated by bam_aux_get
   96 |     if ((bq = bam_aux_get(b, "BQ")) != 0) ++bq;
      |               ^~~~~~~~~~~~~~~~~~~~
mpicc -O2 -ftree-vectorize -march=native -fno-math-errno -fPIC -I. -I/apps/gent/RHEL8/haswell-ib/software/HDF5/1.12.1-gompi-2021b/include -I/apps/gent/RHEL8/haswell-ib/software/zlib/1.2.11-GCCcore-11.2.0/include -c -o regidx.o regidx.c
mpicc -O2 -ftree-vectorize -march=native -fno-math-errno -fPIC -I. -I/apps/gent/RHEL8/haswell-ib/software/HDF5/1.12.1-gompi-2021b/include -I/apps/gent/RHEL8/haswell-ib/software/zlib/1.2.11-GCCcore-11.2.0/include -c -o sam.o sam.c
mpicc -O2 -ftree-vectorize -march=native -fno-math-errno -fPIC -I. -I/apps/gent/RHEL8/haswell-ib/software/HDF5/1.12.1-gompi-2021b/include -I/apps/gent/RHEL8/haswell-ib/software/zlib/1.2.11-GCCcore-11.2.0/include -c -o synced_bcf_reader.o synced_bcf_reader.c
mpicc -O2 -ftree-vectorize -march=native -fno-math-errno -fPIC -I. -I/apps/gent/RHEL8/haswell-ib/software/HDF5/1.12.1-gompi-2021b/include -I/apps/gent/RHEL8/haswell-ib/software/zlib/1.2.11-GCCcore-11.2.0/include -c -o vcf_sweep.o vcf_sweep.c
mpicc -O2 -ftree-vectorize -march=native -fno-math-errno -fPIC -I. -I/apps/gent/RHEL8/haswell-ib/software/HDF5/1.12.1-gompi-2021b/include -I/apps/gent/RHEL8/haswell-ib/software/zlib/1.2.11-GCCcore-11.2.0/include -c -o tbx.o tbx.c
mpicc -O2 -ftree-vectorize -march=native -fno-math-errno -fPIC -I. -I/apps/gent/RHEL8/haswell-ib/software/HDF5/1.12.1-gompi-2021b/include -I/apps/gent/RHEL8/haswell-ib/software/zlib/1.2.11-GCCcore-11.2.0/include -c -o textutils.o textutils.c
mpicc -O2 -ftree-vectorize -march=native -fno-math-errno -fPIC -I. -I/apps/gent/RHEL8/haswell-ib/software/HDF5/1.12.1-gompi-2021b/include -I/apps/gent/RHEL8/haswell-ib/software/zlib/1.2.11-GCCcore-11.2.0/include -c -o thread_pool.o thread_pool.c
mpicc -O2 -ftree-vectorize -march=native -fno-math-errno -fPIC -I. -I/apps/gent/RHEL8/haswell-ib/software/HDF5/1.12.1-gompi-2021b/include -I/apps/gent/RHEL8/haswell-ib/software/zlib/1.2.11-GCCcore-11.2.0/include -c -o vcf.o vcf.c
mpicc -O2 -ftree-vectorize -march=native -fno-math-errno -fPIC -I. -I/apps/gent/RHEL8/haswell-ib/software/HDF5/1.12.1-gompi-2021b/include -I/apps/gent/RHEL8/haswell-ib/software/zlib/1.2.11-GCCcore-11.2.0/include -c -o vcfutils.o vcfutils.c
mpicc -O2 -ftree-vectorize -march=native -fno-math-errno -fPIC -I. -I/apps/gent/RHEL8/haswell-ib/software/HDF5/1.12.1-gompi-2021b/include -I/apps/gent/RHEL8/haswell-ib/software/zlib/1.2.11-GCCcore-11.2.0/include -c -o cram/cram_codecs.o cram/cram_codecs.c
mpicc -O2 -ftree-vectorize -march=native -fno-math-errno -fPIC -I. -I/apps/gent/RHEL8/haswell-ib/software/HDF5/1.12.1-gompi-2021b/include -I/apps/gent/RHEL8/haswell-ib/software/zlib/1.2.11-GCCcore-11.2.0/include -c -o cram/cram_decode.o cram/cram_decode.c
mpicc -O2 -ftree-vectorize -march=native -fno-math-errno -fPIC -I. -I/apps/gent/RHEL8/haswell-ib/software/HDF5/1.12.1-gompi-2021b/include -I/apps/gent/RHEL8/haswell-ib/software/zlib/1.2.11-GCCcore-11.2.0/include -c -o cram/cram_encode.o cram/cram_encode.c
mpicc -O2 -ftree-vectorize -march=native -fno-math-errno -fPIC -I. -I/apps/gent/RHEL8/haswell-ib/software/HDF5/1.12.1-gompi-2021b/include -I/apps/gent/RHEL8/haswell-ib/software/zlib/1.2.11-GCCcore-11.2.0/include -c -o cram/cram_external.o cram/cram_external.c
mpicc -O2 -ftree-vectorize -march=native -fno-math-errno -fPIC -I. -I/apps/gent/RHEL8/haswell-ib/software/HDF5/1.12.1-gompi-2021b/include -I/apps/gent/RHEL8/haswell-ib/software/zlib/1.2.11-GCCcore-11.2.0/include -c -o cram/cram_index.o cram/cram_index.c
In file included from ./cram/sam_header.h:56,
                 from ./cram/cram_samtools.h:77,
                 from ./cram/cram.h:45,
                 from cram/cram_index.c:65:
In function kputsn,
    inlined from kputs at ./htslib/kstring.h:156:9,
    inlined from cram_index_build at cram/cram_index.c:516:9:
./htslib/kstring.h:150:20: warning: writing 1 byte into a region of size 0 [-Wstringop-overflow=]
  150 |         s->s[s->l] = 0;
      |         ~~~~~~~~~~~^~~
./htslib/kstring.h:148:9: warning: memcpy specified bound 18446744073709551614 exceeds maximum object size 9223372036854775807 [-Wstringop-overflow=]
  148 |         memcpy(s->s + s->l, p, l);
      |         ^~~~~~~~~~~~~~~~~~~~~~~~~
mpicc -O2 -ftree-vectorize -march=native -fno-math-errno -fPIC -I. -I/apps/gent/RHEL8/haswell-ib/software/HDF5/1.12.1-gompi-2021b/include -I/apps/gent/RHEL8/haswell-ib/software/zlib/1.2.11-GCCcore-11.2.0/include -c -o cram/cram_io.o cram/cram_io.c
mpicc -O2 -ftree-vectorize -march=native -fno-math-errno -fPIC -I. -I/apps/gent/RHEL8/haswell-ib/software/HDF5/1.12.1-gompi-2021b/include -I/apps/gent/RHEL8/haswell-ib/software/zlib/1.2.11-GCCcore-11.2.0/include -c -o cram/cram_samtools.o cram/cram_samtools.c
mpicc -O2 -ftree-vectorize -march=native -fno-math-errno -fPIC -I. -I/apps/gent/RHEL8/haswell-ib/software/HDF5/1.12.1-gompi-2021b/include -I/apps/gent/RHEL8/haswell-ib/software/zlib/1.2.11-GCCcore-11.2.0/include -c -o cram/cram_stats.o cram/cram_stats.c
mpicc -O2 -ftree-vectorize -march=native -fno-math-errno -fPIC -I. -I/apps/gent/RHEL8/haswell-ib/software/HDF5/1.12.1-gompi-2021b/include -I/apps/gent/RHEL8/haswell-ib/software/zlib/1.2.11-GCCcore-11.2.0/include -c -o cram/files.o cram/files.c
mpicc -O2 -ftree-vectorize -march=native -fno-math-errno -fPIC -I. -I/apps/gent/RHEL8/haswell-ib/software/HDF5/1.12.1-gompi-2021b/include -I/apps/gent/RHEL8/haswell-ib/software/zlib/1.2.11-GCCcore-11.2.0/include -c -o cram/mFILE.o cram/mFILE.c
mpicc -O2 -ftree-vectorize -march=native -fno-math-errno -fPIC -I. -I/apps/gent/RHEL8/haswell-ib/software/HDF5/1.12.1-gompi-2021b/include -I/apps/gent/RHEL8/haswell-ib/software/zlib/1.2.11-GCCcore-11.2.0/include -c -o cram/open_trace_file.o cram/open_trace_file.c
mpicc -O2 -ftree-vectorize -march=native -fno-math-errno -fPIC -I. -I/apps/gent/RHEL8/haswell-ib/software/HDF5/1.12.1-gompi-2021b/include -I/apps/gent/RHEL8/haswell-ib/software/zlib/1.2.11-GCCcore-11.2.0/include -c -o cram/pooled_alloc.o cram/pooled_alloc.c
mpicc -O2 -ftree-vectorize -march=native -fno-math-errno -fPIC -I. -I/apps/gent/RHEL8/haswell-ib/software/HDF5/1.12.1-gompi-2021b/include -I/apps/gent/RHEL8/haswell-ib/software/zlib/1.2.11-GCCcore-11.2.0/include -c -o cram/rANS_static.o cram/rANS_static.c
mpicc -O2 -ftree-vectorize -march=native -fno-math-errno -fPIC -I. -I/apps/gent/RHEL8/haswell-ib/software/HDF5/1.12.1-gompi-2021b/include -I/apps/gent/RHEL8/haswell-ib/software/zlib/1.2.11-GCCcore-11.2.0/include -c -o cram/sam_header.o cram/sam_header.c
mpicc -O2 -ftree-vectorize -march=native -fno-math-errno -fPIC -I. -I/apps/gent/RHEL8/haswell-ib/software/HDF5/1.12.1-gompi-2021b/include -I/apps/gent/RHEL8/haswell-ib/software/zlib/1.2.11-GCCcore-11.2.0/include -c -o cram/string_alloc.o cram/string_alloc.c
mpicc -O2 -ftree-vectorize -march=native -fno-math-errno -fPIC -I. -I/apps/gent/RHEL8/haswell-ib/software/HDF5/1.12.1-gompi-2021b/include -I/apps/gent/RHEL8/haswell-ib/software/zlib/1.2.11-GCCcore-11.2.0/include -c -o cram/vlen.o cram/vlen.c
mpicc -O2 -ftree-vectorize -march=native -fno-math-errno -fPIC -I. -I/apps/gent/RHEL8/haswell-ib/software/HDF5/1.12.1-gompi-2021b/include -I/apps/gent/RHEL8/haswell-ib/software/zlib/1.2.11-GCCcore-11.2.0/include -c -o cram/zfio.o cram/zfio.c
ar -rc libhts.a kfunc.o knetfile.o kstring.o bcf_sr_sort.o bgzf.o errmod.o faidx.o hfile.o hfile_net.o hts.o md5.o multipart.o probaln.o realn.o regidx.o sam.o synced_bcf_reader.o vcf_sweep.o tbx.o textutils.o thread_pool.o vcf.o vcfutils.o cram/cram_codecs.o cram/cram_decode.o cram/cram_encode.o cram/cram_external.o cram/cram_index.o cram/cram_io.o cram/cram_samtools.o cram/cram_stats.o cram/files.o cram/mFILE.o cram/open_trace_file.o cram/pooled_alloc.o cram/rANS_static.o cram/sam_header.o cram/string_alloc.o cram/vlen.o cram/zfio.o 
ranlib libhts.a
make[3]: Leaving directory '/tmp/vsc44588/easybuild/build/kallisto/0.44.0/gompi-2021b/kallisto-0.44.0/ext/htslib'
cd /tmp/vsc44588/easybuild/build/kallisto/0.44.0/gompi-2021b/kallisto-0.44.0/ext/htslib && /kyukon/home/apps/RHEL8/haswell-ib/software/CMake/3.22.1-GCCcore-11.2.0/bin/cmake -E touch /tmp/vsc44588/easybuild/build/kallisto/0.44.0/gompi-2021b/kallisto-0.44.0/ext/htslib/src/htslib-stamp/htslib-build
[ 26%] No install step for 'htslib'
cd /tmp/vsc44588/easybuild/build/kallisto/0.44.0/gompi-2021b/kallisto-0.44.0/ext/htslib && /kyukon/home/apps/RHEL8/haswell-ib/software/CMake/3.22.1-GCCcore-11.2.0/bin/cmake -E echo_append
cd /tmp/vsc44588/easybuild/build/kallisto/0.44.0/gompi-2021b/kallisto-0.44.0/ext/htslib && /kyukon/home/apps/RHEL8/haswell-ib/software/CMake/3.22.1-GCCcore-11.2.0/bin/cmake -E touch /tmp/vsc44588/easybuild/build/kallisto/0.44.0/gompi-2021b/kallisto-0.44.0/ext/htslib/src/htslib-stamp/htslib-install
[ 30%] Completed 'htslib'
/kyukon/home/apps/RHEL8/haswell-ib/software/CMake/3.22.1-GCCcore-11.2.0/bin/cmake -E make_directory /tmp/vsc44588/easybuild/build/kallisto/0.44.0/gompi-2021b/easybuild_obj/CMakeFiles
/kyukon/home/apps/RHEL8/haswell-ib/software/CMake/3.22.1-GCCcore-11.2.0/bin/cmake -E touch /tmp/vsc44588/easybuild/build/kallisto/0.44.0/gompi-2021b/easybuild_obj/CMakeFiles/htslib-complete
/kyukon/home/apps/RHEL8/haswell-ib/software/CMake/3.22.1-GCCcore-11.2.0/bin/cmake -E touch /tmp/vsc44588/easybuild/build/kallisto/0.44.0/gompi-2021b/kallisto-0.44.0/ext/htslib/src/htslib-stamp/htslib-done
make[2]: Leaving directory '/tmp/vsc44588/easybuild/build/kallisto/0.44.0/gompi-2021b/easybuild_obj'
[ 30%] Built target htslib
make  -f src/CMakeFiles/kallisto_core.dir/build.make src/CMakeFiles/kallisto_core.dir/depend
make[2]: Entering directory '/tmp/vsc44588/easybuild/build/kallisto/0.44.0/gompi-2021b/easybuild_obj'
cd /tmp/vsc44588/easybuild/build/kallisto/0.44.0/gompi-2021b/easybuild_obj && /kyukon/home/apps/RHEL8/haswell-ib/software/CMake/3.22.1-GCCcore-11.2.0/bin/cmake -E cmake_depends "Unix Makefiles" /tmp/vsc44588/easybuild/build/kallisto/0.44.0/gompi-2021b/kallisto-0.44.0 /tmp/vsc44588/easybuild/build/kallisto/0.44.0/gompi-2021b/kallisto-0.44.0/src /tmp/vsc44588/easybuild/build/kallisto/0.44.0/gompi-2021b/easybuild_obj /tmp/vsc44588/easybuild/build/kallisto/0.44.0/gompi-2021b/easybuild_obj/src /tmp/vsc44588/easybuild/build/kallisto/0.44.0/gompi-2021b/easybuild_obj/src/CMakeFiles/kallisto_core.dir/DependInfo.cmake --color=
make[2]: Leaving directory '/tmp/vsc44588/easybuild/build/kallisto/0.44.0/gompi-2021b/easybuild_obj'
make  -f src/CMakeFiles/kallisto_core.dir/build.make src/CMakeFiles/kallisto_core.dir/build
make[2]: Entering directory '/tmp/vsc44588/easybuild/build/kallisto/0.44.0/gompi-2021b/easybuild_obj'
[ 34%] Building CXX object src/CMakeFiles/kallisto_core.dir/Bootstrap.cpp.o
cd /tmp/vsc44588/easybuild/build/kallisto/0.44.0/gompi-2021b/easybuild_obj/src && /apps/gent/RHEL8/haswell-ib/software/OpenMPI/4.1.1-GCC-11.2.0/bin/mpicxx  -I/src/htslib -I/tmp/vsc44588/easybuild/build/kallisto/0.44.0/gompi-2021b/kallisto-0.44.0/src/../ext/htslib -I/tmp/vsc44588/easybuild/build/kallisto/0.44.0/gompi-2021b/kallisto-0.44.0/src -I/apps/gent/RHEL8/haswell-ib/software/zlib/1.2.11-GCCcore-11.2.0/include -I/apps/gent/RHEL8/haswell-ib/software/HDF5/1.12.1-gompi-2021b/include -I/apps/gent/RHEL8/haswell-ib/software/Szip/2.1.1-GCCcore-11.2.0/include -O2 -ftree-vectorize -march=native -fno-math-errno -fPIC -O3 -DNDEBUG -fPIC -std=c++11 -MD -MT src/CMakeFiles/kallisto_core.dir/Bootstrap.cpp.o -MF CMakeFiles/kallisto_core.dir/Bootstrap.cpp.o.d -o CMakeFiles/kallisto_core.dir/Bootstrap.cpp.o -c /tmp/vsc44588/easybuild/build/kallisto/0.44.0/gompi-2021b/kallisto-0.44.0/src/Bootstrap.cpp
[ 38%] Building CXX object src/CMakeFiles/kallisto_core.dir/GeneModel.cpp.o
cd /tmp/vsc44588/easybuild/build/kallisto/0.44.0/gompi-2021b/easybuild_obj/src && /apps/gent/RHEL8/haswell-ib/software/OpenMPI/4.1.1-GCC-11.2.0/bin/mpicxx  -I/src/htslib -I/tmp/vsc44588/easybuild/build/kallisto/0.44.0/gompi-2021b/kallisto-0.44.0/src/../ext/htslib -I/tmp/vsc44588/easybuild/build/kallisto/0.44.0/gompi-2021b/kallisto-0.44.0/src -I/apps/gent/RHEL8/haswell-ib/software/zlib/1.2.11-GCCcore-11.2.0/include -I/apps/gent/RHEL8/haswell-ib/software/HDF5/1.12.1-gompi-2021b/include -I/apps/gent/RHEL8/haswell-ib/software/Szip/2.1.1-GCCcore-11.2.0/include -O2 -ftree-vectorize -march=native -fno-math-errno -fPIC -O3 -DNDEBUG -fPIC -std=c++11 -MD -MT src/CMakeFiles/kallisto_core.dir/GeneModel.cpp.o -MF CMakeFiles/kallisto_core.dir/GeneModel.cpp.o.d -o CMakeFiles/kallisto_core.dir/GeneModel.cpp.o -c /tmp/vsc44588/easybuild/build/kallisto/0.44.0/gompi-2021b/kallisto-0.44.0/src/GeneModel.cpp
[ 42%] Building CXX object src/CMakeFiles/kallisto_core.dir/H5Writer.cpp.o
cd /tmp/vsc44588/easybuild/build/kallisto/0.44.0/gompi-2021b/easybuild_obj/src && /apps/gent/RHEL8/haswell-ib/software/OpenMPI/4.1.1-GCC-11.2.0/bin/mpicxx  -I/src/htslib -I/tmp/vsc44588/easybuild/build/kallisto/0.44.0/gompi-2021b/kallisto-0.44.0/src/../ext/htslib -I/tmp/vsc44588/easybuild/build/kallisto/0.44.0/gompi-2021b/kallisto-0.44.0/src -I/apps/gent/RHEL8/haswell-ib/software/zlib/1.2.11-GCCcore-11.2.0/include -I/apps/gent/RHEL8/haswell-ib/software/HDF5/1.12.1-gompi-2021b/include -I/apps/gent/RHEL8/haswell-ib/software/Szip/2.1.1-GCCcore-11.2.0/include -O2 -ftree-vectorize -march=native -fno-math-errno -fPIC -O3 -DNDEBUG -fPIC -std=c++11 -MD -MT src/CMakeFiles/kallisto_core.dir/H5Writer.cpp.o -MF CMakeFiles/kallisto_core.dir/H5Writer.cpp.o.d -o CMakeFiles/kallisto_core.dir/H5Writer.cpp.o -c /tmp/vsc44588/easybuild/build/kallisto/0.44.0/gompi-2021b/kallisto-0.44.0/src/H5Writer.cpp
[ 46%] Building CXX object src/CMakeFiles/kallisto_core.dir/Kmer.cpp.o
cd /tmp/vsc44588/easybuild/build/kallisto/0.44.0/gompi-2021b/easybuild_obj/src && /apps/gent/RHEL8/haswell-ib/software/OpenMPI/4.1.1-GCC-11.2.0/bin/mpicxx  -I/src/htslib -I/tmp/vsc44588/easybuild/build/kallisto/0.44.0/gompi-2021b/kallisto-0.44.0/src/../ext/htslib -I/tmp/vsc44588/easybuild/build/kallisto/0.44.0/gompi-2021b/kallisto-0.44.0/src -I/apps/gent/RHEL8/haswell-ib/software/zlib/1.2.11-GCCcore-11.2.0/include -I/apps/gent/RHEL8/haswell-ib/software/HDF5/1.12.1-gompi-2021b/include -I/apps/gent/RHEL8/haswell-ib/software/Szip/2.1.1-GCCcore-11.2.0/include -O2 -ftree-vectorize -march=native -fno-math-errno -fPIC -O3 -DNDEBUG -fPIC -std=c++11 -MD -MT src/CMakeFiles/kallisto_core.dir/Kmer.cpp.o -MF CMakeFiles/kallisto_core.dir/Kmer.cpp.o.d -o CMakeFiles/kallisto_core.dir/Kmer.cpp.o -c /tmp/vsc44588/easybuild/build/kallisto/0.44.0/gompi-2021b/kallisto-0.44.0/src/Kmer.cpp
[ 50%] Building CXX object src/CMakeFiles/kallisto_core.dir/KmerIndex.cpp.o
cd /tmp/vsc44588/easybuild/build/kallisto/0.44.0/gompi-2021b/easybuild_obj/src && /apps/gent/RHEL8/haswell-ib/software/OpenMPI/4.1.1-GCC-11.2.0/bin/mpicxx  -I/src/htslib -I/tmp/vsc44588/easybuild/build/kallisto/0.44.0/gompi-2021b/kallisto-0.44.0/src/../ext/htslib -I/tmp/vsc44588/easybuild/build/kallisto/0.44.0/gompi-2021b/kallisto-0.44.0/src -I/apps/gent/RHEL8/haswell-ib/software/zlib/1.2.11-GCCcore-11.2.0/include -I/apps/gent/RHEL8/haswell-ib/software/HDF5/1.12.1-gompi-2021b/include -I/apps/gent/RHEL8/haswell-ib/software/Szip/2.1.1-GCCcore-11.2.0/include -O2 -ftree-vectorize -march=native -fno-math-errno -fPIC -O3 -DNDEBUG -fPIC -std=c++11 -MD -MT src/CMakeFiles/kallisto_core.dir/KmerIndex.cpp.o -MF CMakeFiles/kallisto_core.dir/KmerIndex.cpp.o.d -o CMakeFiles/kallisto_core.dir/KmerIndex.cpp.o -c /tmp/vsc44588/easybuild/build/kallisto/0.44.0/gompi-2021b/kallisto-0.44.0/src/KmerIndex.cpp
[ 53%] Building CXX object src/CMakeFiles/kallisto_core.dir/KmerIterator.cpp.o
cd /tmp/vsc44588/easybuild/build/kallisto/0.44.0/gompi-2021b/easybuild_obj/src && /apps/gent/RHEL8/haswell-ib/software/OpenMPI/4.1.1-GCC-11.2.0/bin/mpicxx  -I/src/htslib -I/tmp/vsc44588/easybuild/build/kallisto/0.44.0/gompi-2021b/kallisto-0.44.0/src/../ext/htslib -I/tmp/vsc44588/easybuild/build/kallisto/0.44.0/gompi-2021b/kallisto-0.44.0/src -I/apps/gent/RHEL8/haswell-ib/software/zlib/1.2.11-GCCcore-11.2.0/include -I/apps/gent/RHEL8/haswell-ib/software/HDF5/1.12.1-gompi-2021b/include -I/apps/gent/RHEL8/haswell-ib/software/Szip/2.1.1-GCCcore-11.2.0/include -O2 -ftree-vectorize -march=native -fno-math-errno -fPIC -O3 -DNDEBUG -fPIC -std=c++11 -MD -MT src/CMakeFiles/kallisto_core.dir/KmerIterator.cpp.o -MF CMakeFiles/kallisto_core.dir/KmerIterator.cpp.o.d -o CMakeFiles/kallisto_core.dir/KmerIterator.cpp.o -c /tmp/vsc44588/easybuild/build/kallisto/0.44.0/gompi-2021b/kallisto-0.44.0/src/KmerIterator.cpp
[ 57%] Building CXX object src/CMakeFiles/kallisto_core.dir/MinCollector.cpp.o
cd /tmp/vsc44588/easybuild/build/kallisto/0.44.0/gompi-2021b/easybuild_obj/src && /apps/gent/RHEL8/haswell-ib/software/OpenMPI/4.1.1-GCC-11.2.0/bin/mpicxx  -I/src/htslib -I/tmp/vsc44588/easybuild/build/kallisto/0.44.0/gompi-2021b/kallisto-0.44.0/src/../ext/htslib -I/tmp/vsc44588/easybuild/build/kallisto/0.44.0/gompi-2021b/kallisto-0.44.0/src -I/apps/gent/RHEL8/haswell-ib/software/zlib/1.2.11-GCCcore-11.2.0/include -I/apps/gent/RHEL8/haswell-ib/software/HDF5/1.12.1-gompi-2021b/include -I/apps/gent/RHEL8/haswell-ib/software/Szip/2.1.1-GCCcore-11.2.0/include -O2 -ftree-vectorize -march=native -fno-math-errno -fPIC -O3 -DNDEBUG -fPIC -std=c++11 -MD -MT src/CMakeFiles/kallisto_core.dir/MinCollector.cpp.o -MF CMakeFiles/kallisto_core.dir/MinCollector.cpp.o.d -o CMakeFiles/kallisto_core.dir/MinCollector.cpp.o -c /tmp/vsc44588/easybuild/build/kallisto/0.44.0/gompi-2021b/kallisto-0.44.0/src/MinCollector.cpp
/tmp/vsc44588/easybuild/build/kallisto/0.44.0/gompi-2021b/kallisto-0.44.0/src/MinCollector.cpp: In member function std::vector<int> MinCollector::intersectECs(std::vector<std::pair<KmerEntry, int> >&) const:
/tmp/vsc44588/easybuild/build/kallisto/0.44.0/gompi-2021b/kallisto-0.44.0/src/MinCollector.cpp:194:21: error: numeric_limits is not a member of std
  194 |   int minpos = std::numeric_limits<int>::max();
      |                     ^~~~~~~~~~~~~~
/tmp/vsc44588/easybuild/build/kallisto/0.44.0/gompi-2021b/kallisto-0.44.0/src/MinCollector.cpp:194:36: error: expected primary-expression before int
  194 |   int minpos = std::numeric_limits<int>::max();
      |                                    ^~~
make[2]: *** [src/CMakeFiles/kallisto_core.dir/build.make:163: src/CMakeFiles/kallisto_core.dir/MinCollector.cpp.o] Error 1
make[2]: Leaving directory '/tmp/vsc44588/easybuild/build/kallisto/0.44.0/gompi-2021b/easybuild_obj'
make[1]: *** [CMakeFiles/Makefile2:131: src/CMakeFiles/kallisto_core.dir/all] Error 2
make[1]: Leaving directory '/tmp/vsc44588/easybuild/build/kallisto/0.44.0/gompi-2021b/easybuild_obj'
make: *** [Makefile:139: all] Error 2
 (at easybuild/easybuild-framework/easybuild/tools/run.py:618 in parse_cmd_output)
== 2022-08-29 19:53:54,216 build_log.py:265 INFO ... (took 47 secs)
== 2022-08-29 19:53:54,223 filetools.py:1983 INFO Removing lock /scratch/gent/vo/001/gvo00117/easybuild/RHEL8/haswell-ib/software/.locks/_scratch_gent_vo_001_gvo00117_easybuild_RHEL8_haswell-ib_software_kallisto_0.44.0-gompi-2021b.lock...
== 2022-08-29 19:53:54,228 filetools.py:382 INFO Path /scratch/gent/vo/001/gvo00117/easybuild/RHEL8/haswell-ib/software/.locks/_scratch_gent_vo_001_gvo00117_easybuild_RHEL8_haswell-ib_software_kallisto_0.44.0-gompi-2021b.lock successfully removed.
== 2022-08-29 19:53:54,228 filetools.py:1987 INFO Lock removed: /scratch/gent/vo/001/gvo00117/easybuild/RHEL8/haswell-ib/software/.locks/_scratch_gent_vo_001_gvo00117_easybuild_RHEL8_haswell-ib_software_kallisto_0.44.0-gompi-2021b.lock
== 2022-08-29 19:53:54,229 easyblock.py:4077 WARNING build failed (first 300 chars): cmd " make  -j 1 " exited with exit code 2 and output:
/kyukon/home/apps/RHEL8/haswell-ib/software/CMake/3.22.1-GCCcore-11.2.0/bin/cmake -S/tmp/vsc44588/easybuild/build/kallisto/0.44.0/gompi-2021b/kallisto-0.44.0 -B/tmp/vsc44588/easybuild/build/kallisto/0.44.0/gompi-2021b/easybuild_obj --check-build
== 2022-08-29 19:53:54,230 easyblock.py:318 INFO Closing log for application name kallisto version 0.44.0
