# output for command: cmake  -DCMAKE_INSTALL_PREFIX=/scratch/gent/vo/001/gvo00117/easybuild/RHEL8/cascadelake-ampere-ib/software/LevelDB/1.23-GCCcore-11.3.0 -DCMAKE_BUILD_TYPE=Release -DCMAKE_VERBOSE_MAKEFILE=ON -DCMAKE_FIND_USE_PACKAGE_REGISTRY=OFF -DBUILD_SHARED_LIBS=ON -DLEVELDB_BUILD_BENCHMARKS=OFF  /tmp/vsc43810/easybuild/build/LevelDB/1.23/GCCcore-11.3.0/leveldb-1.23/

-- The C compiler identification is GNU 11.3.0
-- The CXX compiler identification is GNU 11.3.0
-- Detecting C compiler ABI info
-- Detecting C compiler ABI info - done
-- Check for working C compiler: /apps/gent/RHEL8/cascadelake-ib/software/GCCcore/11.3.0/bin/gcc - skipped
-- Detecting C compile features
-- Detecting C compile features - done
-- Detecting CXX compiler ABI info
-- Detecting CXX compiler ABI info - done
-- Check for working CXX compiler: /apps/gent/RHEL8/cascadelake-ib/software/GCCcore/11.3.0/bin/g++ - skipped
-- Detecting CXX compile features
-- Detecting CXX compile features - done
-- Looking for unistd.h
-- Looking for unistd.h - found
-- Looking for crc32c_value in crc32c
-- Looking for crc32c_value in crc32c - not found
-- Looking for snappy_compress in snappy
-- Looking for snappy_compress in snappy - not found
-- Looking for malloc in tcmalloc
-- Looking for malloc in tcmalloc - not found
-- Looking for fdatasync
-- Looking for fdatasync - found
-- Looking for F_FULLFSYNC
-- Looking for F_FULLFSYNC - not found
-- Looking for O_CLOEXEC
-- Looking for O_CLOEXEC - found
-- Performing Test HAVE_CLANG_THREAD_SAFETY
-- Performing Test HAVE_CLANG_THREAD_SAFETY - Failed
-- Performing Test LEVELDB_HAVE_NO_MISSING_FIELD_INITIALIZERS
-- Performing Test LEVELDB_HAVE_NO_MISSING_FIELD_INITIALIZERS - Success
-- Performing Test HAVE_CXX17_HAS_INCLUDE
-- Performing Test HAVE_CXX17_HAS_INCLUDE - Success
-- Looking for pthread.h
-- Looking for pthread.h - found
-- Performing Test CMAKE_HAVE_LIBC_PTHREAD
-- Performing Test CMAKE_HAVE_LIBC_PTHREAD - Failed
-- Looking for pthread_create in pthreads
-- Looking for pthread_create in pthreads - not found
-- Looking for pthread_create in pthread
-- Looking for pthread_create in pthread - found
-- Found Threads: TRUE  
CMake Error at CMakeLists.txt:299 (add_subdirectory):
  The source directory

    /tmp/vsc43810/easybuild/build/LevelDB/1.23/GCCcore-11.3.0/leveldb-1.23/third_party/googletest

  does not contain a CMakeLists.txt file.


CMake Error at CMakeLists.txt:304 (add_subdirectory):
  The source directory

    /tmp/vsc43810/easybuild/build/LevelDB/1.23/GCCcore-11.3.0/leveldb-1.23/third_party/benchmark

  does not contain a CMakeLists.txt file.


CMake Error at CMakeLists.txt:308 (set_property):
  set_property could not find TARGET gtest.  Perhaps it has not yet been
  created.


CMake Error at CMakeLists.txt:310 (set_property):
  set_property could not find TARGET gmock.  Perhaps it has not yet been
  created.


-- Configuring incomplete, errors occurred!
See also "/tmp/vsc43810/easybuild/build/LevelDB/1.23/GCCcore-11.3.0/easybuild_obj/CMakeFiles/CMakeOutput.log".
See also "/tmp/vsc43810/easybuild/build/LevelDB/1.23/GCCcore-11.3.0/easybuild_obj/CMakeFiles/CMakeError.log".
