# output for command: cp /tmp/vsc43810/easybuild/build/SRAToolkit/3.0.0/gompi-2021b/ncbi-vdb-3.0.0/setup/os-arch.prl /tmp/vsc43810/easybuild/build/SRAToolkit/3.0.0/gompi-2021b/sra-tools-3.0.0/setup/ &&  ./configure --prefix=/scratch/gent/vo/001/gvo00117/easybuild/RHEL8/haswell-ib/software/SRA-Toolkit/3.0.0-gompi-2021b --build-prefix=/tmp/vsc43810/easybuild/build/SRAToolkit/3.0.0/gompi-2021b  --with-hdf5-prefix=$EBROOTHDF5 --with-xml2-prefix=$EBROOTLIBXML2 --with-ncbi-vdb-prefix=/tmp/vsc43810/easybuild/build/SRAToolkit/3.0.0/gompi-2021b/ncbi-vdb/linux/gcc/x86_64/rel/

Configuring SRA-TOOLS package
checking system type... Linux
checking OS distributor... RedHatEnterprise
checking machine architecture... x86_64
checking for supported architecture... x86_64 (64 bits) is supported
checking for supported OS... Linux (linux) is supported
checking for supported tool chain... gcc tool chain is supported
checking for gcc... gcc (GCC) 11.2.0
checking for g++... yes
checking for Python 3... /apps/gent/RHEL8/haswell-ib/software/Python/3.9.6-GCCcore-11.2.0/bin/python
checking whether gcc accepts -Wno-array-bounds... yes
checking whether g++ accepts -static-libstdc++... yes
checking for QMake... no
checking for fuse library... no
checking for hdf5 library... no
checking for magic library... no
checking for xml2 library... yes
checking for ncbi-vdb package... no
configure: error: required ncbi-vdb package not found.
