== 2022-10-17 16:16:53,721 easyblock.py:304 INFO This is EasyBuild 4.6.2.dev0-r3f63d69a6ad4cf85665ab50f7974b1949ef39bbb (framework: 4.6.2.dev0-r3f63d69a6ad4cf85665ab50f7974b1949ef39bbb, easyblocks: 4.6.2.dev0-r0e8d0ba2234bdb4b307ebd4295418f07d2de2e1c) on host node3702.slaking.os.
== 2022-10-17 16:16:53,721 easyblock.py:310 INFO This is easyblock CmdCp from module easybuild.easyblocks.generic.cmdcp (/user/gent/438/vsc43810/easybuild/easybuild-easyblocks/easybuild/easyblocks/generic/cmdcp.py)
== 2022-10-17 16:16:53,721 easyblock.py:983 INFO Build dir set to /tmp/vsc43810/easybuild/build/finder/1.1.0/foss-2021b
== 2022-10-17 16:16:53,721 easyblock.py:1040 INFO Software install dir set to /scratch/gent/vo/001/gvo00117/easybuild/RHEL8/haswell-ib/software/finder/1.1.0-foss-2021b
== 2022-10-17 16:16:53,722 easyblock.py:1045 INFO Module install dir set to /scratch/gent/vo/001/gvo00117/easybuild/RHEL8/haswell-ib/modules/all
== 2022-10-17 16:16:53,722 easyblock.py:279 INFO Init completed for application name finder version 1.1.0
== 2022-10-17 16:16:53,722 easyblock.py:4033 INFO Obtained application instance of for finder (easyblock: CmdCp)
== 2022-10-17 16:16:53,722 easyconfig.py:1686 INFO Generating template values...
== 2022-10-17 16:16:53,723 mpi.py:120 INFO Using template MPI command 'mpirun -n %(nr_ranks)s %(cmd)s' for MPI family 'OpenMPI'
== 2022-10-17 16:16:53,723 mpi.py:305 INFO Using MPI command template 'mpirun -n %(nr_ranks)s %(cmd)s' (params: {'nr_ranks': 1, 'cmd': 'xxx_command_xxx'})
== 2022-10-17 16:16:53,724 easyconfig.py:1705 INFO Template values: arch='x86_64', bitbucket_account='finder', github_account='finder', module_name='finder/1.1.0-foss-2021b', mpi_cmd_prefix='mpirun -n 1', name='finder', nameletter='f', nameletterlower='f', namelower='finder', pymajver='3', pyminver='9', pyshortver='3.9', pyver='3.9.6', toolchain_name='foss', toolchain_version='2021b', version='1.1.0', version_major='1', version_major_minor='1.1', version_minor='1', versionprefix='', versionsuffix=''
== 2022-10-17 16:16:53,727 one.py:178 INFO Skipping reformatting value for parameter 'toolchain'
== 2022-10-17 16:16:53,727 one.py:178 INFO Skipping reformatting value for parameter 'toolchainopts'
== 2022-10-17 16:16:53,729 filetools.py:1913 INFO Creating directory /tmp/vsc43810/eb-3annk3l7/reprod_20221017161653_299789 (parents: True, set_gid: False, sticky: False)
== 2022-10-17 16:16:53,729 easyblock.py:4287 INFO Dumped easyconfig instance to /tmp/vsc43810/eb-3annk3l7/reprod_20221017161653_299789/finder-1.1.0-foss-2021b.eb
== 2022-10-17 16:16:53,733 filetools.py:1913 INFO Creating directory /tmp/vsc43810/eb-3annk3l7/reprod_20221017161653_299789/easyblocks (parents: True, set_gid: False, sticky: False)
== 2022-10-17 16:16:53,760 filetools.py:2426 INFO /user/gent/438/vsc43810/easybuild/easybuild-easyblocks/easybuild/easyblocks/generic/makecp.py copied to /tmp/vsc43810/eb-3annk3l7/reprod_20221017161653_299789/easyblocks/makecp.py
== 2022-10-17 16:16:53,760 easyblock.py:4267 INFO Dumped easyblock makecp.py required for reproduction to /tmp/vsc43810/eb-3annk3l7/reprod_20221017161653_299789/easyblocks
== 2022-10-17 16:16:53,761 filetools.py:2426 INFO /user/gent/438/vsc43810/easybuild/easybuild-easyblocks/easybuild/easyblocks/generic/cmdcp.py copied to /tmp/vsc43810/eb-3annk3l7/reprod_20221017161653_299789/easyblocks/cmdcp.py
== 2022-10-17 16:16:53,761 easyblock.py:4267 INFO Dumped easyblock cmdcp.py required for reproduction to /tmp/vsc43810/eb-3annk3l7/reprod_20221017161653_299789/easyblocks
== 2022-10-17 16:16:53,780 filetools.py:2426 INFO /user/gent/438/vsc43810/easybuild/easybuild-easyblocks/easybuild/easyblocks/generic/configuremake.py copied to /tmp/vsc43810/eb-3annk3l7/reprod_20221017161653_299789/easyblocks/configuremake.py
== 2022-10-17 16:16:53,780 easyblock.py:4267 INFO Dumped easyblock configuremake.py required for reproduction to /tmp/vsc43810/eb-3annk3l7/reprod_20221017161653_299789/easyblocks
== 2022-10-17 16:16:53,782 easyblock.py:2118 INFO Number of iterations to perform for central part of installation procedure: 1
== 2022-10-17 16:16:53,783 build_log.py:265 INFO building and installing finder/1.1.0-foss-2021b...
== 2022-10-17 16:16:53,796 filetools.py:2006 INFO Lock /scratch/gent/vo/001/gvo00117/easybuild/RHEL8/haswell-ib/software/.locks/_scratch_gent_vo_001_gvo00117_easybuild_RHEL8_haswell-ib_software_finder_1.1.0-foss-2021b.lock does not exist
== 2022-10-17 16:16:53,796 filetools.py:1947 INFO Creating lock at /scratch/gent/vo/001/gvo00117/easybuild/RHEL8/haswell-ib/software/.locks/_scratch_gent_vo_001_gvo00117_easybuild_RHEL8_haswell-ib_software_finder_1.1.0-foss-2021b.lock...
== 2022-10-17 16:16:53,797 filetools.py:1913 INFO Creating directory /scratch/gent/vo/001/gvo00117/easybuild/RHEL8/haswell-ib/software/.locks/_scratch_gent_vo_001_gvo00117_easybuild_RHEL8_haswell-ib_software_finder_1.1.0-foss-2021b.lock (parents: True, set_gid: False, sticky: False)
== 2022-10-17 16:16:53,798 filetools.py:1956 INFO Lock created: /scratch/gent/vo/001/gvo00117/easybuild/RHEL8/haswell-ib/software/.locks/_scratch_gent_vo_001_gvo00117_easybuild_RHEL8_haswell-ib_software_finder_1.1.0-foss-2021b.lock
== 2022-10-17 16:16:53,798 build_log.py:265 INFO fetching files...
== 2022-10-17 16:16:53,804 easyblock.py:3759 INFO Starting fetch step
== 2022-10-17 16:16:53,804 easyconfig.py:1686 INFO Generating template values...
== 2022-10-17 16:16:53,805 mpi.py:120 INFO Using template MPI command 'mpirun -n %(nr_ranks)s %(cmd)s' for MPI family 'OpenMPI'
== 2022-10-17 16:16:53,805 mpi.py:305 INFO Using MPI command template 'mpirun -n %(nr_ranks)s %(cmd)s' (params: {'nr_ranks': 1, 'cmd': 'xxx_command_xxx'})
== 2022-10-17 16:16:53,805 easyconfig.py:1705 INFO Template values: arch='x86_64', bitbucket_account='finder', builddir='/tmp/vsc43810/easybuild/build/finder/1.1.0/foss-2021b', github_account='finder', installdir='/scratch/gent/vo/001/gvo00117/easybuild/RHEL8/haswell-ib/software/finder/1.1.0-foss-2021b', module_name='finder/1.1.0-foss-2021b', mpi_cmd_prefix='mpirun -n 1', name='finder', nameletter='f', nameletterlower='f', namelower='finder', pymajver='3', pyminver='9', pyshortver='3.9', pyver='3.9.6', toolchain_name='foss', toolchain_version='2021b', version='1.1.0', version_major='1', version_major_minor='1.1', version_minor='1', versionprefix='', versionsuffix=''
== 2022-10-17 16:16:53,806 easyblock.py:3767 INFO Running method fetch_step part of step fetch
== 2022-10-17 16:16:53,806 easyblock.py:2240 WARNING Easyconfig does not specify an EasyBuild-version (key 'easybuild_version')! Assuming the latest version
== 2022-10-17 16:16:53,807 tools.py:271 INFO Found location to 'eb' script via $EB_SCRIPT_PATH: /user/gent/438/vsc43810/easybuild/easybuild-framework/eb
== 2022-10-17 16:16:53,807 tools.py:287 INFO Not considering /user/gent/438/vsc43810/easybuild (no easybuild/easyconfigs subdir found)
== 2022-10-17 16:16:53,808 tools.py:295 INFO Also considering installation prefix /kyukon/home/gent/438/vsc43810/easybuild (via resolved path to 'eb')...
== 2022-10-17 16:16:54,722 filetools.py:835 WARNING URL https://github.com/finder/finder/archive/v1.1.0.tar.gz was not found (HTTP response code 404), not trying again
== 2022-10-17 16:16:54,724 filetools.py:862 WARNING Download of https://github.com/finder/finder/archive/v1.1.0.tar.gz to /data/gent/vo/001/gvo00117/easybuild/sources/f/finder/v1.1.0.tar.gz failed, done trying
== 2022-10-17 16:16:55,155 filetools.py:835 WARNING URL https://sources.easybuild.io/f/finder/v1.1.0.tar.gz was not found (HTTP response code 404), not trying again
== 2022-10-17 16:16:55,157 filetools.py:862 WARNING Download of https://sources.easybuild.io/f/finder/v1.1.0.tar.gz to /data/gent/vo/001/gvo00117/easybuild/sources/f/finder/v1.1.0.tar.gz failed, done trying
== 2022-10-17 16:16:55,633 build_log.py:169 ERROR EasyBuild crashed with an error (at easybuild/easybuild-framework/easybuild/base/exceptions.py:124 in __init__): Couldn't find file v1.1.0.tar.gz anywhere, and downloading it didn't work either... Paths attempted (in order): /kyukon/home/gent/438/vsc43810/vsc-software-stack/21_finder/f/finder/v1.1.0.tar.gz, /kyukon/home/gent/438/vsc43810/vsc-software-stack/21_finder/finder/v1.1.0.tar.gz, /kyukon/home/gent/438/vsc43810/vsc-software-stack/21_finder/v1.1.0.tar.gz, /user/gent/438/vsc43810/easybuild/easybuild-easyconfigs/easybuild/easyconfigs/f/finder/v1.1.0.tar.gz, /user/gent/438/vsc43810/easybuild/easybuild-easyconfigs/easybuild/easyconfigs/finder/v1.1.0.tar.gz, /user/gent/438/vsc43810/easybuild/easybuild-easyconfigs/easybuild/easyconfigs/v1.1.0.tar.gz, /user/gent/438/vsc43810/easybuild/easybuild-easyconfigs/easybuild/easyconfigs/f/finder/v1.1.0.tar.gz, /user/gent/438/vsc43810/easybuild/easybuild-easyconfigs/easybuild/easyconfigs/finder/v1.1.0.tar.gz, /user/gent/438/vsc43810/easybuild/easybuild-easyconfigs/easybuild/easyconfigs/v1.1.0.tar.gz, /data/gent/vo/001/gvo00117/easybuild/sources/f/finder/v1.1.0.tar.gz, /data/gent/vo/001/gvo00117/easybuild/sources/finder/v1.1.0.tar.gz, /data/gent/vo/001/gvo00117/easybuild/sources/v1.1.0.tar.gz, /apps/gent/sources/f/finder/v1.1.0.tar.gz, /apps/gent/sources/finder/v1.1.0.tar.gz, /apps/gent/sources/v1.1.0.tar.gz, https://github.com/finder/finder/archive/v1.1.0.tar.gz, https://sources.easybuild.io/f/finder/v1.1.0.tar.gz  (at easybuild/easybuild-framework/easybuild/framework/easyblock.py:905 in obtain_file)
== 2022-10-17 16:16:55,633 build_log.py:265 INFO ... (took 1 secs)
== 2022-10-17 16:16:55,639 filetools.py:2014 INFO Removing lock /scratch/gent/vo/001/gvo00117/easybuild/RHEL8/haswell-ib/software/.locks/_scratch_gent_vo_001_gvo00117_easybuild_RHEL8_haswell-ib_software_finder_1.1.0-foss-2021b.lock...
== 2022-10-17 16:16:55,640 filetools.py:382 INFO Path /scratch/gent/vo/001/gvo00117/easybuild/RHEL8/haswell-ib/software/.locks/_scratch_gent_vo_001_gvo00117_easybuild_RHEL8_haswell-ib_software_finder_1.1.0-foss-2021b.lock successfully removed.
== 2022-10-17 16:16:55,640 filetools.py:2018 INFO Lock removed: /scratch/gent/vo/001/gvo00117/easybuild/RHEL8/haswell-ib/software/.locks/_scratch_gent_vo_001_gvo00117_easybuild_RHEL8_haswell-ib_software_finder_1.1.0-foss-2021b.lock
== 2022-10-17 16:16:55,640 easyblock.py:4090 WARNING build failed (first 300 chars): Couldn't find file v1.1.0.tar.gz anywhere, and downloading it didn't work either... Paths attempted (in order): /kyukon/home/gent/438/vsc43810/vsc-software-stack/21_finder/f/finder/v1.1.0.tar.gz, /kyukon/home/gent/438/vsc43810/vsc-software-stack/21_finder/finder/v1.1.0.tar.gz, /kyukon/home/gent/438/
== 2022-10-17 16:16:55,640 easyblock.py:319 INFO Closing log for application name finder version 1.1.0
