# output for command: make  -j 8

g++ -c -o subexon-info.o -I./samtools-0.1.19 -L./samtools-0.1.19 -Wall -O3  SubexonInfo.cpp -lbam -lz -lm -lpthread 
g++ -c -o stats.o -I./samtools-0.1.19 -L./samtools-0.1.19 -Wall -O3  stats.cpp -lbam -lz -lm -lpthread 
g++ -c -o subexon-graph.o -I./samtools-0.1.19 -L./samtools-0.1.19 -Wall -O3  SubexonGraph.cpp -lbam -lz -lm -lpthread 
g++ -c -o combine-subexons.o -I./samtools-0.1.19 -L./samtools-0.1.19 -Wall -O3  CombineSubexons.cpp -lbam -lz -lm -lpthread 
g++ -c -o classes.o -I./samtools-0.1.19 -L./samtools-0.1.19 -Wall -O3  classes.cpp -lbam -lz -lm -lpthread 
g++ -c -o constraints.o -I./samtools-0.1.19 -L./samtools-0.1.19 -Wall -O3  Constraints.cpp -lbam -lz -lm -lpthread 
g++ -c -o transcript-decider.o -I./samtools-0.1.19 -L./samtools-0.1.19 -Wall -O3  TranscriptDecider.cpp -lbam -lz -lm -lpthread 
g++ -c -o vote-transcripts.o -I./samtools-0.1.19 -L./samtools-0.1.19 -Wall -O3  Vote.cpp -lbam -lz -lm -lpthread 
stats.cpp: In function long double digammal(long double):
stats.cpp:74:38: warning: ISO C++17 does not allow register storage class specifier [-Wregister]
   74 |                 register long double Tn_1 = 1.0L ;      /* T_{n-1}(x), started at n=1 */
      |                                      ^~~~
stats.cpp:75:38: warning: ISO C++17 does not allow register storage class specifier [-Wregister]
   75 |                 register long double Tn = x-2.0L ;      /* T_{n}(x) , started at n=1 */
      |                                      ^~
stats.cpp:76:38: warning: ISO C++17 does not allow register storage class specifier [-Wregister]
   76 |                 register long double resul = Kncoe[0] + Kncoe[1]*Tn ;
      |                                      ^~~~~
g++ -c -o junc.o -I./samtools-0.1.19 -L./samtools-0.1.19 -Wall -O3  FindJunction.cpp -lbam -lz -lm -lpthread 
FindJunction.cpp: In function bool CompareJunctions(int, char*):
FindJunction.cpp:546:107: warning: array subscript has type char [-Wchar-subscripts]
  546 |                                                                 ++count[ nucToNum[  col[9][pos + j] - 'A' ] ] ;
      |                                                                          ~~~~~~~~~~~~~~~~~~~~~~~~~~~~~~~~~^
FindJunction.cpp:526:29: warning: variable softStart set but not used [-Wunused-but-set-variable]
  526 |                         int softStart = -1 ;
      |                             ^~~~~~~~~
FindJunction.cpp:527:29: warning: variable softEnd set but not used [-Wunused-but-set-variable]
  527 |                         int softEnd = 0 ;
      |                             ^~~~~~~
FindJunction.cpp:532:29: warning: unused variable readLen [-Wunused-variable]
  532 |                         int readLen = strlen( col[9] ) ;
      |                             ^~~~~~~
FindJunction.cpp: In function int main(int, char**):
FindJunction.cpp:968:41: warning: format %s expects argument of type char*, but argument 3 has type char (*)[4097] [-Wformat=]
  968 |                         sscanf( line, "%s%s%s%s%s%s%s%s%s%s%s", col, col + 1, col + 2, col + 3, col + 4,
      |                                        ~^                       ~~~
      |                                         |                       |
      |                                         char*                   char (*)[4097]
FindJunction.cpp:968:43: warning: format %s expects argument of type char*, but argument 4 has type char (*)[4097] [-Wformat=]
  968 |                         sscanf( line, "%s%s%s%s%s%s%s%s%s%s%s", col, col + 1, col + 2, col + 3, col + 4,
      |                                          ~^                          ~~~~~~~
      |                                           |                              |
      |                                           char*                          char (*)[4097]
FindJunction.cpp:968:45: warning: format %s expects argument of type char*, but argument 5 has type char (*)[4097] [-Wformat=]
  968 |                         sscanf( line, "%s%s%s%s%s%s%s%s%s%s%s", col, col + 1, col + 2, col + 3, col + 4,
      |                                            ~^                                 ~~~~~~~
      |                                             |                                     |
      |                                             char*                                 char (*)[4097]
FindJunction.cpp:968:47: warning: format %s expects argument of type char*, but argument 6 has type char (*)[4097] [-Wformat=]
  968 |                         sscanf( line, "%s%s%s%s%s%s%s%s%s%s%s", col, col + 1, col + 2, col + 3, col + 4,
      |                                              ~^                                        ~~~~~~~
      |                                               |                                            |
      |                                               char*                                        char (*)[4097]
FindJunction.cpp:968:49: warning: format %s expects argument of type char*, but argument 7 has type char (*)[4097] [-Wformat=]
  968 |                         sscanf( line, "%s%s%s%s%s%s%s%s%s%s%s", col, col + 1, col + 2, col + 3, col + 4,
      |                                                ~^                                               ~~~~~~~
      |                                                 |                                                   |
      |                                                 char*                                               char (*)[4097]
FindJunction.cpp:968:51: warning: format %s expects argument of type char*, but argument 8 has type char (*)[4097] [-Wformat=]
  968 |                         sscanf( line, "%s%s%s%s%s%s%s%s%s%s%s", col, col + 1, col + 2, col + 3, col + 4,
      |                                                  ~^
      |                                                   |
      |                                                   char*
  969 |                                         col + 5, col + 6, col + 7, col + 8, col + 9,  col + 10 ) ;
      |                                         ~~~~~~~    
      |                                             |
      |                                             char (*)[4097]
FindJunction.cpp:968:53: warning: format %s expects argument of type char*, but argument 9 has type char (*)[4097] [-Wformat=]
  968 |                         sscanf( line, "%s%s%s%s%s%s%s%s%s%s%s", col, col + 1, col + 2, col + 3, col + 4,
      |                                                    ~^
      |                                                     |
      |                                                     char*
  969 |                                         col + 5, col + 6, col + 7, col + 8, col + 9,  col + 10 ) ;
      |                                                  ~~~~~~~
      |                                                      |
      |                                                      char (*)[4097]
FindJunction.cpp:968:55: warning: format %s expects argument of type char*, but argument 10 has type char (*)[4097] [-Wformat=]
  968 |                         sscanf( line, "%s%s%s%s%s%s%s%s%s%s%s", col, col + 1, col + 2, col + 3, col + 4,
      |                                                      ~^
      |                                                       |
      |                                                       char*
  969 |                                         col + 5, col + 6, col + 7, col + 8, col + 9,  col + 10 ) ;
      |                                                           ~~~~~~~
      |                                                               |
      |                                                               char (*)[4097]
FindJunction.cpp:968:57: warning: format %s expects argument of type char*, but argument 11 has type char (*)[4097] [-Wformat=]
  968 |                         sscanf( line, "%s%s%s%s%s%s%s%s%s%s%s", col, col + 1, col + 2, col + 3, col + 4,
      |                                                        ~^
      |                                                         |
      |                                                         char*
  969 |                                         col + 5, col + 6, col + 7, col + 8, col + 9,  col + 10 ) ;
      |                                                                    ~~~~~~~
      |                                                                        |
      |                                                                        char (*)[4097]
FindJunction.cpp:968:59: warning: format %s expects argument of type char*, but argument 12 has type char (*)[4097] [-Wformat=]
  968 |                         sscanf( line, "%s%s%s%s%s%s%s%s%s%s%s", col, col + 1, col + 2, col + 3, col + 4,
      |                                                          ~^
      |                                                           |
      |                                                           char*
  969 |                                         col + 5, col + 6, col + 7, col + 8, col + 9,  col + 10 ) ;
      |                                                                             ~~~~~~~
      |                                                                                 |
      |                                                                                 char (*)[4097]
FindJunction.cpp:968:61: warning: format %s expects argument of type char*, but argument 13 has type char (*)[4097] [-Wformat=]
  968 |                         sscanf( line, "%s%s%s%s%s%s%s%s%s%s%s", col, col + 1, col + 2, col + 3, col + 4,
      |                                                            ~^
      |                                                             |
      |                                                             char*
  969 |                                         col + 5, col + 6, col + 7, col + 8, col + 9,  col + 10 ) ;
      |                                                                                       ~~~~~~~~
      |                                                                                           |
      |                                                                                           char (*)[4097]
FindJunction.cpp:972:32: warning: suggest parentheses around assignment used as truth value [-Wparentheses]
  972 |                         if ( p = strstr( line, "NH" ) )
      |                              ~~^~~~~~~~~~~~~~~~~~~~~~
FindJunction.cpp: In function void cigar2string(bam1_core_t*, uint32_t*, char*):
FindJunction.cpp:742:24: warning: opcode may be used uninitialized in this function [-Wmaybe-uninitialized]
  742 |                 sprintf( out_cigar + strlen( out_cigar ), "%d%c", l, opcode ) ;
      |                 ~~~~~~~^~~~~~~~~~~~~~~~~~~~~~~~~~~~~~~~~~~~~~~~~~~~~~~~~~~~~~
FindJunction.cpp: In function int main(int, char**):
FindJunction.cpp:742:24: warning: opcode may be used uninitialized in this function [-Wmaybe-uninitialized]
  742 |                 sprintf( out_cigar + strlen( out_cigar ), "%d%c", l, opcode ) ;
      |                 ~~~~~~~^~~~~~~~~~~~~~~~~~~~~~~~~~~~~~~~~~~~~~~~~~~~~~~~~~~~~~
FindJunction.cpp:725:14: note: opcode was declared here
  725 |         char opcode ;
      |              ^~~~~~
g++ -c -o grader.o -I./samtools-0.1.19 -L./samtools-0.1.19 -Wall -O3  grader.cpp -lbam -lz -lm -lpthread 
grader.cpp: In function int main(int, char**):
grader.cpp:777:22: warning: variable flag set but not used [-Wunused-but-set-variable]
  777 |                 bool flag = false ;
      |                      ^~~~
In file included from SubexonGraph.hpp:5,
                 from SubexonGraph.cpp:1:
blocks.hpp: In member function int Blocks::BuildExonBlocks(Alignments&):
blocks.hpp:362:37: warning: variable eid set but not used [-Wunused-but-set-variable]
  362 |                                 int eid = 0 ; // the exonblock id that the segment update
      |                                     ^~~
In file included from SubexonGraph.hpp:5,
                 from classes.cpp:7:
blocks.hpp: In member function int Blocks::BuildExonBlocks(Alignments&):
blocks.hpp:362:37: warning: variable eid set but not used [-Wunused-but-set-variable]
  362 |                                 int eid = 0 ; // the exonblock id that the segment update
      |                                     ^~~
In file included from SubexonGraph.hpp:5,
                 from TranscriptDecider.hpp:10,
                 from TranscriptDecider.cpp:1:
blocks.hpp: In member function int Blocks::BuildExonBlocks(Alignments&):
blocks.hpp:362:37: warning: variable eid set but not used [-Wunused-but-set-variable]
  362 |                                 int eid = 0 ; // the exonblock id that the segment update
      |                                     ^~~
In file included from SubexonInfo.cpp:15:
blocks.hpp: In member function int Blocks::BuildExonBlocks(Alignments&):
blocks.hpp:362:37: warning: variable eid set but not used [-Wunused-but-set-variable]
  362 |                                 int eid = 0 ; // the exonblock id that the segment update
      |                                     ^~~
SubexonInfo.cpp: In function void GradientDescentGammaDistribution(double&, double&, double, double, double, double, double, double, double*, double*, int):
SubexonInfo.cpp:429:30: warning: variable flag set but not used [-Wunused-but-set-variable]
  429 |                         bool flag = false ;
      |                              ^~~~
In file included from CombineSubexons.cpp:10:
blocks.hpp: In member function int Blocks::BuildExonBlocks(Alignments&):
blocks.hpp:362:37: warning: variable eid set but not used [-Wunused-but-set-variable]
  362 |                                 int eid = 0 ; // the exonblock id that the segment update
      |                                     ^~~
In file included from SubexonGraph.hpp:5,
                 from TranscriptDecider.hpp:10,
                 from Vote.cpp:11:
blocks.hpp: In member function int Blocks::BuildExonBlocks(Alignments&):
blocks.hpp:362:37: warning: variable eid set but not used [-Wunused-but-set-variable]
  362 |                                 int eid = 0 ; // the exonblock id that the segment update
      |                                     ^~~
In file included from SubexonGraph.hpp:5,
                 from Constraints.hpp:12,
                 from Constraints.cpp:1:
blocks.hpp: In member function int Blocks::BuildExonBlocks(Alignments&):
blocks.hpp:362:37: warning: variable eid set but not used [-Wunused-but-set-variable]
  362 |                                 int eid = 0 ; // the exonblock id that the segment update
      |                                     ^~~
CombineSubexons.cpp: In function void CleanUpSubexonConnections(std::vector<_subexon>&):
CombineSubexons.cpp:509:25: warning: this for clause does not guard... [-Wmisleading-indentation]
  509 |                         for ( ; k < seCnt ; ++k )
      |                         ^~~
CombineSubexons.cpp:512:33: note: ...this statement, but the latter is misleadingly indented as if it were guarded by the for
  512 |                                 if ( subexons[k].start == subexons[i].next[j]
      |                                 ^~
CombineSubexons.cpp: In function int main(int, char**):
CombineSubexons.cpp:594:22: warning: unused variable chrName [-Wunused-variable]
  594 |                 char chrName[50] ;
      |                      ^~~~~~~
CombineSubexons.cpp:1209:33: warning: unused variable se [-Wunused-variable]
 1209 |                 struct _subexon se ;
      |                                 ^~
CombineSubexons.cpp:1210:38: warning: unused variable sp [-Wunused-variable]
 1210 |                 struct _subexonSplit sp ;
      |                                      ^~
CombineSubexons.cpp:1211:22: warning: unused variable chrName [-Wunused-variable]
 1211 |                 char chrName[50] ;
      |                      ^~~~~~~
CombineSubexons.cpp:1155:16: warning: unused variable avgIrPiCov [-Wunused-variable]
 1155 |         double avgIrPiCov = 0 ;
      |                ^~~~~~~~~~
CombineSubexons.cpp:1160:16: warning: unused variable avgOverhangPiCov [-Wunused-variable]
 1160 |         double avgOverhangPiCov = 0 ;
      |                ^~~~~~~~~~~~~~~~
Vote.cpp: In function int main(int, char**):
Vote.cpp:404:13: warning: variable prevGid set but not used [-Wunused-but-set-variable]
  404 |         int prevGid = -1 ;
      |             ^~~~~~~
TranscriptDecider.cpp: In member function void TranscriptDecider::AugmentTranscripts(_subexon*, std::vector<_transcript>&, int, bool):
TranscriptDecider.cpp:1234:60: warning: comparison of integer expressions of different signedness: std::vector<_transcript>::size_type {aka long unsigned int} and int [-Wsign-compare]
 1234 |                                 if ( alltranscripts.size() >= limit )
      |                                      ~~~~~~~~~~~~~~~~~~~~~~^~~~~~~~
TranscriptDecider.cpp:1255:60: warning: comparison of integer expressions of different signedness: std::vector<_transcript>::size_type {aka long unsigned int} and int [-Wsign-compare]
 1255 |                                 if ( alltranscripts.size() >= limit )
      |                                      ~~~~~~~~~~~~~~~~~~~~~~^~~~~~~~
TranscriptDecider.cpp:1299:92: warning: comparison of integer expressions of different signedness: std::vector<_transcript>::size_type {aka long unsigned int} and int [-Wsign-compare]
 1299 |                                                                 if ( alltranscripts.size() >= limit )
      |                                                                      ~~~~~~~~~~~~~~~~~~~~~~^~~~~~~~
TranscriptDecider.cpp:1349:92: warning: comparison of integer expressions of different signedness: std::vector<_transcript>::size_type {aka long unsigned int} and int [-Wsign-compare]
 1349 |                                                                 if ( alltranscripts.size() >= limit )
      |                                                                      ~~~~~~~~~~~~~~~~~~~~~~^~~~~~~~
TranscriptDecider.cpp: In member function void TranscriptDecider::PickTranscripts(_subexon*, std::vector<_transcript>&, Constraints&, SubexonCorrelation&, std::vector<_transcript>&):
TranscriptDecider.cpp:1481:32: warning: variable firstRegion set but not used [-Wunused-but-set-variable]
 1481 |                 struct _pair32 firstRegion, lastRegion ;
      |                                ^~~~~~~~~~~
TranscriptDecider.cpp:1481:45: warning: variable lastRegion set but not used [-Wunused-but-set-variable]
 1481 |                 struct _pair32 firstRegion, lastRegion ;
      |                                             ^~~~~~~~~~
TranscriptDecider.cpp:1386:13: warning: unused variable coalesceThreshold [-Wunused-variable]
 1386 |         int coalesceThreshold = 1024 ;
      |             ^~~~~~~~~~~~~~~~~
TranscriptDecider.cpp: In member function void TranscriptDecider::AbundanceEstimation(_subexon*, int, Constraints&, std::vector<_transcript>&):
TranscriptDecider.cpp:2124:13: warning: unused variable size [-Wunused-variable]
 2124 |         int size ;
      |             ^~~~
TranscriptDecider.cpp: In member function int TranscriptDecider::RefineTranscripts(_subexon*, int, bool, std::map<int, int>*, int*, std::vector<_transcript>&, Constraints&):
TranscriptDecider.cpp:2521:24: warning: unused variable maxFPKM [-Wunused-variable]
 2521 |                 double maxFPKM = -1 ;
      |                        ^~~~~~~
TranscriptDecider.cpp:2604:21: warning: unused variable maxCover [-Wunused-variable]
 2604 |                 int maxCover = -1 ;
      |                     ^~~~~~~~
TranscriptDecider.cpp: In member function int TranscriptDecider::Solve(_subexon*, int, std::vector<Constraints>&, SubexonCorrelation&):
TranscriptDecider.cpp:3395:36: warning: comparison of integer expressions of different signedness: int and std::vector<_transcript>::size_type {aka long unsigned int} [-Wsign-compare]
 3395 |                         if ( psize != predTranscripts[i].size() )
      |                              ~~~~~~^~~~~~~~~~~~~~~~~~~~~~~~~~~~
TranscriptDecider.cpp:3374:29: warning: unused variable tcCnt [-Wunused-variable]
 3374 |                         int tcCnt = constraints[i].matePairs.size() ;
      |                             ^~~~~
TranscriptDecider.cpp:3406:29: warning: unused variable tcCnt [-Wunused-variable]
 3406 |                         int tcCnt = constraints[i].matePairs.size() ;
      |                             ^~~~~
g++ -c -o trust-splice.o -I./samtools-0.1.19 -L./samtools-0.1.19 -Wall -O3  GetTrustedSplice.cpp -lbam -lz -lm -lpthread 
g++ -c -o add-genename.o -I./samtools-0.1.19 -L./samtools-0.1.19 -Wall -O3  AddGeneName.cpp -lbam -lz -lm -lpthread 
In file included from Constraints.hpp:11,
                 from Constraints.cpp:1:
alignments.hpp: In member function bool Alignments::IsGCRich(bool):
alignments.hpp:487:9: warning: control reaches end of non-void function [-Wreturn-type]
  487 |         }
      |         ^
AddGeneName.cpp: In function int main(int, char**):
AddGeneName.cpp:149:16: warning: unused variable j [-Wunused-variable]
  149 |         int i, j, k ;
      |                ^
AddGeneName.cpp:149:19: warning: unused variable k [-Wunused-variable]
  149 |         int i, j, k ;
      |                   ^
Vote.cpp:75:19: warning: k may be used uninitialized [-Wmaybe-uninitialized]
   75 |         int i, j, k ;
      |                   ^
g++ -c -o addXS.o -I./samtools-0.1.19 -L./samtools-0.1.19 -Wall -O3  AddXS.cpp -lbam -lz -lm -lpthread 
g++ -o vote-transcripts -I./samtools-0.1.19 -L./samtools-0.1.19 -Wall -O3  stats.o subexon-graph.o  vote-transcripts.o -lbam -lz -lm -lpthread 
AddXS.cpp: In function int main(int, char**):
AddXS.cpp:447:43: warning: variable to set but not used [-Wunused-but-set-variable]
  447 |                                 int from, to ;
      |                                           ^~
AddXS.cpp:538:69: warning: array subscript has type char [-Wchar-subscripts]
  538 |                                 ++count[ nucToNum[ pattern[j] - 'A' ] ] ;
      |                                          ~~~~~~~~~~~~~~~~~~~~~~~~~~~^
g++ -o junc -I./samtools-0.1.19 -L./samtools-0.1.19 -Wall -O3  junc.o -lbam -lz -lm -lpthread 
g++ -o grader -I./samtools-0.1.19 -L./samtools-0.1.19 -Wall -O3  grader.o -lbam -lz -lm -lpthread 
AddXS.cpp:246:55: warning: chrId may be used uninitialized in this function [-Wmaybe-uninitialized]
  246 |                         BitSequence &bs = genome[chrId] ;
      |                                                       ^
g++ -o add-genename -I./samtools-0.1.19 -L./samtools-0.1.19 -Wall -O3  add-genename.o -lbam -lz -lm -lpthread 
if [ ! -f ./samtools-0.1.19/libbam.a ] ; \
        then \
	                cd samtools-0.1.19 ; make ;\
fi ;
make[1]: warning: jobserver unavailable: using -j1.  Add '+' to parent make rule.
make[1]: Entering directory '/tmp/vsc43810/easybuild/build/PsiCLASS/1.0.3/foss-2021b/PsiCLASS-1.0.3/samtools-0.1.19'
make[2]: Entering directory '/tmp/vsc43810/easybuild/build/PsiCLASS/1.0.3/foss-2021b/PsiCLASS-1.0.3/samtools-0.1.19'
make[3]: Entering directory '/tmp/vsc43810/easybuild/build/PsiCLASS/1.0.3/foss-2021b/PsiCLASS-1.0.3/samtools-0.1.19'
gcc -c -g -Wall -O2 -D_FILE_OFFSET_BITS=64 -D_LARGEFILE64_SOURCE -D_USE_KNETFILE -D_CURSES_LIB=0 -DBGZF_CACHE -I. bgzf.c -o bgzf.o
g++ -o combine-subexons -I./samtools-0.1.19 -L./samtools-0.1.19 -Wall -O3  stats.o subexon-graph.o  combine-subexons.o -lbam -lz -lm -lpthread 
g++ -o trust-splice -I./samtools-0.1.19 -L./samtools-0.1.19 -Wall -O3  stats.o subexon-graph.o  trust-splice.o -lbam -lz -lm -lpthread 
/apps/gent/RHEL8/haswell-ib/software/binutils/2.37-GCCcore-11.2.0/bin/ld.gold: error: /apps/gent/RHEL8/haswell-ib/software/binutils/2.37-GCCcore-11.2.0/bin/ld.gold: error: /apps/gent/RHEL8/haswell-ib/software/binutils/2.37-GCCcore-11.2.0/bin/ld.gold: error: /apps/gent/RHEL8/haswell-ib/software/binutils/2.37-GCCcore-11.2.0/bin/ld.gold: error: /apps/gent/RHEL8/haswell-ib/software/binutils/2.37-GCCcore-11.2.0/bin/ld.gold: error: /apps/gent/RHEL8/haswell-ib/software/binutils/2.37-GCCcore-11.2.0/bin/ld.gold: error: cannot find -lbamcannot find -lbamcannot find -lbamcannot find -lbamcannot find -lbam




cannot find -lbam
TranscriptDecider.cpp: In member function void TranscriptDecider::PickTranscriptsByDP(_subexon*, int, int, Constraints&, SubexonCorrelation&, _dpAttribute&, std::vector<_transcript>&):
TranscriptDecider.cpp:976:20: warning: bestDp._dp::last may be used uninitialized in this function [-Wmaybe-uninitialized]
  976 |         struct _dp bestDp ;
      |                    ^~~~~~
TranscriptDecider.cpp:976:20: warning: bestDp._dp::first may be used uninitialized in this function [-Wmaybe-uninitialized]
TranscriptDecider.cpp:975:20: warning: maxCoverDp._dp::strand may be used uninitialized in this function [-Wmaybe-uninitialized]
  975 |         struct _dp maxCoverDp ;
      |                    ^~~~~~~~~~
TranscriptDecider.cpp:1026:72: warning: maxCoverDp._dp::cnt may be used uninitialized in this function [-Wmaybe-uninitialized]
 1026 |                                 cachedCoverResult[ attr.minAbundance ] = ccr ;
TranscriptDecider.cpp:975:20: warning: maxCoverDp._dp::last may be used uninitialized in this function [-Wmaybe-uninitialized]
  975 |         struct _dp maxCoverDp ;
      |                    ^~~~~~~~~~
TranscriptDecider.cpp:975:20: warning: maxCoverDp._dp::first may be used uninitialized in this function [-Wmaybe-uninitialized]
junc.o:FindJunction.cpp:function main: error: undefined reference to 'samread'
junc.o:FindJunction.cpp:function main: error: undefined reference to 'bam_aux_get'
junc.o:FindJunction.cpp:function main: error: undefined reference to 'bam_aux_get'
junc.o:FindJunction.cpp:function main: error: undefined reference to 'bam_aux2i'
junc.o:FindJunction.cpp:function main: error: undefined reference to 'bam_aux_get'
junc.o:FindJunction.cpp:function main: error: undefined reference to 'bam_aux_get'
junc.o:FindJunction.cpp:function main: error: undefined reference to 'bam_aux2i'
junc.o:FindJunction.cpp:function main: error: undefined reference to 'samopen'
trust-splice.o:GetTrustedSplice.cpp:function Alignments::Open(): error: undefined reference to 'samopen'
junc.o:FindJunction.cpp:function main: error: undefined reference to 'bam_aux2i'
combine-subexons.o:CombineSubexons.cpp:function Alignments::Open(): error: undefined reference to 'samopen'
junc.o:FindJunction.cpp:function main: error: undefined reference to 'bam_aux2A'
junc.o:FindJunction.cpp:function main: error: undefined reference to 'bam_aux2i'
collect2: error: ld returned 1 exit status
collect2: error: ld returned 1 exit status
collect2: error: ld returned 1 exit status
collect2: error: ld returned 1 exit status
collect2: error: ld returned 1 exit status
make: *** [Makefile:37: junc] Error 1
make: *** Waiting for unfinished jobs....
make: *** [Makefile:34: vote-transcripts] Error 1
make: *** [Makefile:40: grader] Error 1
make: *** [Makefile:46: add-genename] Error 1
make: *** [Makefile:31: trust-splice] Error 1
collect2: error: ld returned 1 exit status
make: *** [Makefile:25: combine-subexons] Error 1
bgzf.c: In function worker_aux:
bgzf.c:392:16: warning: variable tmp set but not used [-Wunused-but-set-variable]
  392 |         int i, tmp, stop = 0;
      |                ^~~
bgzf.c: In function bgzf_close:
bgzf.c:572:18: warning: variable count set but not used [-Wunused-but-set-variable]
  572 |         int ret, count, block_length;
      |                  ^~~~~
gcc -c -g -Wall -O2 -D_FILE_OFFSET_BITS=64 -D_LARGEFILE64_SOURCE -D_USE_KNETFILE -D_CURSES_LIB=0 -I. kstring.c -o kstring.o
gcc -c -g -Wall -O2 -D_FILE_OFFSET_BITS=64 -D_LARGEFILE64_SOURCE -D_USE_KNETFILE -D_CURSES_LIB=0 -I. bam_aux.c -o bam_aux.o
gcc -c -g -Wall -O2 -D_FILE_OFFSET_BITS=64 -D_LARGEFILE64_SOURCE -D_USE_KNETFILE -D_CURSES_LIB=0 -I. bam.c -o bam.o
bam.c: In function bam_header_write:
bam.c:128:9: warning: strncpy output truncated before terminating nul copying 4 bytes from a string of the same length [-Wstringop-truncation]
  128 |         strncpy(buf, "BAM\001", 4);
      |         ^~~~~~~~~~~~~~~~~~~~~~~~~~
gcc -c -g -Wall -O2 -D_FILE_OFFSET_BITS=64 -D_LARGEFILE64_SOURCE -D_USE_KNETFILE -D_CURSES_LIB=0 -I. bam_import.c -o bam_import.o
gcc -c -g -Wall -O2 -D_FILE_OFFSET_BITS=64 -D_LARGEFILE64_SOURCE -D_USE_KNETFILE -D_CURSES_LIB=0 -I. sam.c -o sam.o
gcc -c -g -Wall -O2 -D_FILE_OFFSET_BITS=64 -D_LARGEFILE64_SOURCE -D_USE_KNETFILE -D_CURSES_LIB=0 -I. bam_index.c -o bam_index.o
bam_index.c: In function bam_index_core:
bam_index.c:178:42: warning: overflow in conversion from uint32_t {aka unsigned int} to int32_t {aka int} changes value from last_bin = 4294967295 to -1 [-Woverflow]
  178 |         save_bin = save_tid = last_tid = last_bin = 0xffffffffu;
      |                                          ^~~~~~~~
gcc -c -g -Wall -O2 -D_FILE_OFFSET_BITS=64 -D_LARGEFILE64_SOURCE -D_USE_KNETFILE -D_CURSES_LIB=0 -I. bam_pileup.c -o bam_pileup.o
bam_pileup.c: In function resolve_cigar2:
bam_pileup.c:75:16: warning: variable is_head set but not used [-Wunused-but-set-variable]
   75 |         int k, is_head = 0;
      |                ^~~~~~~
gcc -c -g -Wall -O2 -D_FILE_OFFSET_BITS=64 -D_LARGEFILE64_SOURCE -D_USE_KNETFILE -D_CURSES_LIB=0 -I. bam_lpileup.c -o bam_lpileup.o
gcc -c -g -Wall -O2 -D_FILE_OFFSET_BITS=64 -D_LARGEFILE64_SOURCE -D_USE_KNETFILE -D_CURSES_LIB=0 -I. bam_md.c -o bam_md.o
bam_md.c: In function bam_prob_realn_core:
bam_md.c:214:35: warning: writing 1 byte into a region of size 0 [-Wstringop-overflow=]
  214 |                         *(bq - 3) = 'Z';
      |                         ~~~~~~~~~~^~~~~
bam_md.c:198:19: note: at offset -2 into destination object of size [0, 9223372036854775807] allocated by bam_aux_get
  198 |         if ((bq = bam_aux_get(b, "BQ")) != 0) ++bq;
      |                   ^~~~~~~~~~~~~~~~~~~~
gcc -c -g -Wall -O2 -D_FILE_OFFSET_BITS=64 -D_LARGEFILE64_SOURCE -D_USE_KNETFILE -D_CURSES_LIB=0 -I. razf.c -o razf.o
razf.c: In function razf_open_w:
razf.c:178:9: warning: strncpy output truncated before terminating nul copying 4 bytes from a string of the same length [-Wstringop-truncation]
  178 |         strncpy((char*)rz->header->extra, "RAZF", 4);
      |         ^~~~~~~~~~~~~~~~~~~~~~~~~~~~~~~~~~~~~~~~~~~~
gcc -c -g -Wall -O2 -D_FILE_OFFSET_BITS=64 -D_LARGEFILE64_SOURCE -D_USE_KNETFILE -D_CURSES_LIB=0 -I. faidx.c -o faidx.o
faidx.c: In function fai_load:
faidx.c:277:5: warning: this else clause does not guard... [-Wmisleading-indentation]
  277 |     else
      |     ^~~~
faidx.c:280:9: note: ...this statement, but the latter is misleadingly indented as if it were guarded by the else
  280 |         if (fp == 0) {
      |         ^~
gcc -c -g -Wall -O2 -D_FILE_OFFSET_BITS=64 -D_LARGEFILE64_SOURCE -D_USE_KNETFILE -D_CURSES_LIB=0 -I. bedidx.c -o bedidx.o
gcc -c -g -Wall -O2 -D_FILE_OFFSET_BITS=64 -D_LARGEFILE64_SOURCE -D_USE_KNETFILE -D_CURSES_LIB=0 -I. knetfile.c -o knetfile.o
gcc -c -g -Wall -O2 -D_FILE_OFFSET_BITS=64 -D_LARGEFILE64_SOURCE -D_USE_KNETFILE -D_CURSES_LIB=0 -I. bam_sort.c -o bam_sort.o
gcc -c -g -Wall -O2 -D_FILE_OFFSET_BITS=64 -D_LARGEFILE64_SOURCE -D_USE_KNETFILE -D_CURSES_LIB=0 -I. sam_header.c -o sam_header.o
gcc -c -g -Wall -O2 -D_FILE_OFFSET_BITS=64 -D_LARGEFILE64_SOURCE -D_USE_KNETFILE -D_CURSES_LIB=0 -I. bam_reheader.c -o bam_reheader.o
bam_reheader.c: In function bam_reheader:
bam_reheader.c:12:23: warning: variable old set but not used [-Wunused-but-set-variable]
   12 |         bam_header_t *old;
      |                       ^~~
gcc -c -g -Wall -O2 -D_FILE_OFFSET_BITS=64 -D_LARGEFILE64_SOURCE -D_USE_KNETFILE -D_CURSES_LIB=0 -I. kprobaln.c -o kprobaln.o
kprobaln.c: In function kpa_glocal:
kprobaln.c:78:28: warning: variable is_diff set but not used [-Wunused-but-set-variable]
   78 |         int bw, bw2, i, k, is_diff = 0, is_backward = 1, Pr;
      |                            ^~~~~~~
gcc -c -g -Wall -O2 -D_FILE_OFFSET_BITS=64 -D_LARGEFILE64_SOURCE -D_USE_KNETFILE -D_CURSES_LIB=0 -I. bam_cat.c -o bam_cat.o
ar -csru libbam.a bgzf.o kstring.o bam_aux.o bam.o bam_import.o sam.o bam_index.o bam_pileup.o bam_lpileup.o bam_md.o razf.o faidx.o bedidx.o knetfile.o bam_sort.o sam_header.o bam_reheader.o kprobaln.o bam_cat.o
make[3]: Leaving directory '/tmp/vsc43810/easybuild/build/PsiCLASS/1.0.3/foss-2021b/PsiCLASS-1.0.3/samtools-0.1.19'
make[3]: Entering directory '/tmp/vsc43810/easybuild/build/PsiCLASS/1.0.3/foss-2021b/PsiCLASS-1.0.3/samtools-0.1.19/bcftools'
gcc -c -g -Wall -O2 -D_FILE_OFFSET_BITS=64 -D_LARGEFILE64_SOURCE -D_USE_KNETFILE -D_CURSES_LIB=0 -I.. -I. bcf.c -o bcf.o
bcf.c: In function bcf_fmt_core:
bcf.c:233:9: warning: variable iPL set but not used [-Wunused-but-set-variable]
  233 |     int iPL = -1;
      |         ^~~
gcc -c -g -Wall -O2 -D_FILE_OFFSET_BITS=64 -D_LARGEFILE64_SOURCE -D_USE_KNETFILE -D_CURSES_LIB=0 -I.. -I. vcf.c -o vcf.o
gcc -c -g -Wall -O2 -D_FILE_OFFSET_BITS=64 -D_LARGEFILE64_SOURCE -D_USE_KNETFILE -D_CURSES_LIB=0 -I.. -I. bcfutils.c -o bcfutils.o
bcfutils.c: In function bcf_fit_alt:
bcfutils.c:119:9: warning: variable ipl set but not used [-Wunused-but-set-variable]
  119 |     int ipl=-1, igt=-1;
      |         ^~~
bcfutils.c: In function bcf_fix_gt:
bcfutils.c:254:5: warning: this else clause does not guard... [-Wmisleading-indentation]
  254 |     else
      |     ^~~~
bcfutils.c:256:9: note: ...this statement, but the latter is misleadingly indented as if it were guarded by the else
  256 |         b->fmt[0] = 'G'; b->fmt[1] = 'T'; b->fmt[2] = ':';
      |         ^
gcc -c -g -Wall -O2 -D_FILE_OFFSET_BITS=64 -D_LARGEFILE64_SOURCE -D_USE_KNETFILE -D_CURSES_LIB=0 -I.. -I. prob1.c -o prob1.o
gcc -c -g -Wall -O2 -D_FILE_OFFSET_BITS=64 -D_LARGEFILE64_SOURCE -D_USE_KNETFILE -D_CURSES_LIB=0 -I.. -I. em.c -o em.o
em.c: In function bcf_em1:
em.c:174:19: warning: variable n2 set but not used [-Wunused-but-set-variable]
  174 |         int i, n, n2;
      |                   ^~
gcc -c -g -Wall -O2 -D_FILE_OFFSET_BITS=64 -D_LARGEFILE64_SOURCE -D_USE_KNETFILE -D_CURSES_LIB=0 -I.. -I. kfunc.c -o kfunc.o
gcc -c -g -Wall -O2 -D_FILE_OFFSET_BITS=64 -D_LARGEFILE64_SOURCE -D_USE_KNETFILE -D_CURSES_LIB=0 -I.. -I. kmin.c -o kmin.o
gcc -c -g -Wall -O2 -D_FILE_OFFSET_BITS=64 -D_LARGEFILE64_SOURCE -D_USE_KNETFILE -D_CURSES_LIB=0 -I.. -I. index.c -o index.o
gcc -c -g -Wall -O2 -D_FILE_OFFSET_BITS=64 -D_LARGEFILE64_SOURCE -D_USE_KNETFILE -D_CURSES_LIB=0 -I.. -I. fet.c -o fet.o
gcc -c -g -Wall -O2 -D_FILE_OFFSET_BITS=64 -D_LARGEFILE64_SOURCE -D_USE_KNETFILE -D_CURSES_LIB=0 -I.. -I. mut.c -o mut.o
gcc -c -g -Wall -O2 -D_FILE_OFFSET_BITS=64 -D_LARGEFILE64_SOURCE -D_USE_KNETFILE -D_CURSES_LIB=0 -I.. -I. bcf2qcall.c -o bcf2qcall.o
ar -csru libbcf.a bcf.o vcf.o bcfutils.o prob1.o em.o kfunc.o kmin.o index.o fet.o mut.o bcf2qcall.o
make[3]: Leaving directory '/tmp/vsc43810/easybuild/build/PsiCLASS/1.0.3/foss-2021b/PsiCLASS-1.0.3/samtools-0.1.19/bcftools'
make[3]: Entering directory '/tmp/vsc43810/easybuild/build/PsiCLASS/1.0.3/foss-2021b/PsiCLASS-1.0.3/samtools-0.1.19/misc'
make[3]: Nothing to be done for 'lib'.
make[3]: Leaving directory '/tmp/vsc43810/easybuild/build/PsiCLASS/1.0.3/foss-2021b/PsiCLASS-1.0.3/samtools-0.1.19/misc'
gcc -c -g -Wall -O2 -D_FILE_OFFSET_BITS=64 -D_LARGEFILE64_SOURCE -D_USE_KNETFILE -D_CURSES_LIB=0 -I. bam_tview.c -o bam_tview.o
gcc -c -g -Wall -O2 -D_FILE_OFFSET_BITS=64 -D_LARGEFILE64_SOURCE -D_USE_KNETFILE -D_CURSES_LIB=0 -I. bam_plcmd.c -o bam_plcmd.o
gcc -c -g -Wall -O2 -D_FILE_OFFSET_BITS=64 -D_LARGEFILE64_SOURCE -D_USE_KNETFILE -D_CURSES_LIB=0 -I. sam_view.c -o sam_view.o
gcc -c -g -Wall -O2 -D_FILE_OFFSET_BITS=64 -D_LARGEFILE64_SOURCE -D_USE_KNETFILE -D_CURSES_LIB=0 -I. bam_rmdup.c -o bam_rmdup.o
gcc -c -g -Wall -O2 -D_FILE_OFFSET_BITS=64 -D_LARGEFILE64_SOURCE -D_USE_KNETFILE -D_CURSES_LIB=0 -I. bam_rmdupse.c -o bam_rmdupse.o
gcc -c -g -Wall -O2 -D_FILE_OFFSET_BITS=64 -D_LARGEFILE64_SOURCE -D_USE_KNETFILE -D_CURSES_LIB=0 -I. bam_mate.c -o bam_mate.o
gcc -c -g -Wall -O2 -D_FILE_OFFSET_BITS=64 -D_LARGEFILE64_SOURCE -D_USE_KNETFILE -D_CURSES_LIB=0 -I. bam_stat.c -o bam_stat.o
gcc -c -g -Wall -O2 -D_FILE_OFFSET_BITS=64 -D_LARGEFILE64_SOURCE -D_USE_KNETFILE -D_CURSES_LIB=0 -I. bam_color.c -o bam_color.o
gcc -c -g -Wall -O2 -D_FILE_OFFSET_BITS=64 -D_LARGEFILE64_SOURCE -D_USE_KNETFILE -D_CURSES_LIB=0 -I. bamtk.c -o bamtk.o
gcc -c -g -Wall -O2 -D_FILE_OFFSET_BITS=64 -D_LARGEFILE64_SOURCE -D_USE_KNETFILE -D_CURSES_LIB=0 -I. kaln.c -o kaln.o
gcc -c -g -Wall -O2 -D_FILE_OFFSET_BITS=64 -D_LARGEFILE64_SOURCE -D_USE_KNETFILE -D_CURSES_LIB=0 -I. bam2bcf.c -o bam2bcf.o
bam2bcf.c: In function bcf_call2bcf:
bam2bcf.c:428:5: warning: this if clause does not guard... [-Wmisleading-indentation]
  428 |     if (bc->read_pos_bias != -1 )
      |     ^~
bam2bcf.c:430:9: note: ...this statement, but the latter is misleadingly indented as if it were guarded by the if
  430 |         kputc('\0', &s);
      |         ^~~~~
gcc -c -g -Wall -O2 -D_FILE_OFFSET_BITS=64 -D_LARGEFILE64_SOURCE -D_USE_KNETFILE -D_CURSES_LIB=0 -I. bam2bcf_indel.c -o bam2bcf_indel.o
bam2bcf_indel.c: In function bcf_call_add_rg:
bam2bcf_indel.c:32:25: warning: this for clause does not guard... [-Wmisleading-indentation]
   32 |                         for (r = p; *r && *r != '\t' && *r != '\n'; ++r); lp = r - p;
      |                         ^~~
bam2bcf_indel.c:32:75: note: ...this statement, but the latter is misleadingly indented as if it were guarded by the for
   32 |                         for (r = p; *r && *r != '\t' && *r != '\n'; ++r); lp = r - p;
      |                                                                           ^~
bam2bcf_indel.c:33:25: warning: this for clause does not guard... [-Wmisleading-indentation]
   33 |                         for (r = q; *r && *r != '\t' && *r != '\n'; ++r); lq = r - q;
      |                         ^~~
bam2bcf_indel.c:33:75: note: ...this statement, but the latter is misleadingly indented as if it were guarded by the for
   33 |                         for (r = q; *r && *r != '\t' && *r != '\n'; ++r); lq = r - q;
      |                                                                           ^~
gcc -c -g -Wall -O2 -D_FILE_OFFSET_BITS=64 -D_LARGEFILE64_SOURCE -D_USE_KNETFILE -D_CURSES_LIB=0 -I. errmod.c -o errmod.o
errmod.c: In function errmod_cal:
errmod.c:79:15: warning: self-comparison always evaluates to false [-Wtautological-compare]
   79 |         if (m > m) return -1;
      |               ^
gcc -c -g -Wall -O2 -D_FILE_OFFSET_BITS=64 -D_LARGEFILE64_SOURCE -D_USE_KNETFILE -D_CURSES_LIB=0 -I. sample.c -o sample.o
gcc -c -g -Wall -O2 -D_FILE_OFFSET_BITS=64 -D_LARGEFILE64_SOURCE -D_USE_KNETFILE -D_CURSES_LIB=0 -I. cut_target.c -o cut_target.o
cut_target.c: In function main_cut_target:
cut_target.c:137:43: warning: variable lastpos set but not used [-Wunused-but-set-variable]
  137 |         int c, tid, pos, n, lasttid = -1, lastpos = -1, l, max_l;
      |                                           ^~~~~~~
gcc -c -g -Wall -O2 -D_FILE_OFFSET_BITS=64 -D_LARGEFILE64_SOURCE -D_USE_KNETFILE -D_CURSES_LIB=0 -I. phase.c -o phase.o
gcc -c -g -Wall -O2 -D_FILE_OFFSET_BITS=64 -D_LARGEFILE64_SOURCE -D_USE_KNETFILE -D_CURSES_LIB=0 -I. bam2depth.c -o bam2depth.o
bam2depth.c: In function main_depth:
bam2depth.c:85:5: warning: this else clause does not guard... [-Wmisleading-indentation]
   85 |     else
      |     ^~~~
bam2depth.c:87:9: note: ...this statement, but the latter is misleadingly indented as if it were guarded by the else
   87 |         data = calloc(n, sizeof(void*)); // data[i] for the i-th input
      |         ^~~~
gcc -c -g -Wall -O2 -D_FILE_OFFSET_BITS=64 -D_LARGEFILE64_SOURCE -D_USE_KNETFILE -D_CURSES_LIB=0 -I. padding.c -o padding.o
gcc -c -g -Wall -O2 -D_FILE_OFFSET_BITS=64 -D_LARGEFILE64_SOURCE -D_USE_KNETFILE -D_CURSES_LIB=0 -I. bedcov.c -o bedcov.o
gcc -c -g -Wall -O2 -D_FILE_OFFSET_BITS=64 -D_LARGEFILE64_SOURCE -D_USE_KNETFILE -D_CURSES_LIB=0 -I. bamshuf.c -o bamshuf.o
gcc -c -g -Wall -O2 -D_FILE_OFFSET_BITS=64 -D_LARGEFILE64_SOURCE -D_USE_KNETFILE -D_CURSES_LIB=0 -I. bam_tview_curses.c -o bam_tview_curses.o
bam_tview_curses.c:287:2: warning: #warning "No curses library is available; tview with curses is disabled." [-Wcpp]
  287 | #warning "No curses library is available; tview with curses is disabled."
      |  ^~~~~~~
gcc -c -g -Wall -O2 -D_FILE_OFFSET_BITS=64 -D_LARGEFILE64_SOURCE -D_USE_KNETFILE -D_CURSES_LIB=0 -I. bam_tview_html.c -o bam_tview_html.o
gcc -g -Wall -O2 -o samtools bam_tview.o bam_plcmd.o sam_view.o bam_rmdup.o bam_rmdupse.o bam_mate.o bam_stat.o bam_color.o bamtk.o kaln.o bam2bcf.o bam2bcf_indel.o errmod.o sample.o cut_target.o phase.o bam2depth.o padding.o bedcov.o bamshuf.o bam_tview_curses.o bam_tview_html.o -L/apps/gent/RHEL8/haswell-ib/software/SAMtools/1.15-GCC-11.2.0/lib64 -L/apps/gent/RHEL8/haswell-ib/software/SAMtools/1.15-GCC-11.2.0/lib -L/apps/gent/RHEL8/haswell-ib/software/FFTW/3.3.10-gompi-2021b/lib64 -L/apps/gent/RHEL8/haswell-ib/software/FFTW/3.3.10-gompi-2021b/lib -L/scratch/gent/vo/001/gvo00117/easybuild/RHEL8/haswell-ib/software/ScaLAPACK/2.1.0-gompi-2021b-fb/lib64 -L/scratch/gent/vo/001/gvo00117/easybuild/RHEL8/haswell-ib/software/ScaLAPACK/2.1.0-gompi-2021b-fb/lib -L/apps/gent/RHEL8/haswell-ib/software/FlexiBLAS/3.0.4-GCC-11.2.0/lib64 -L/apps/gent/RHEL8/haswell-ib/software/FlexiBLAS/3.0.4-GCC-11.2.0/lib -L/apps/gent/RHEL8/haswell-ib/software/GCCcore/11.2.0/lib64 -L/apps/gent/RHEL8/haswell-ib/software/GCCcore/11.2.0/lib libbam.a -Lbcftools -lbcf   -lm -lz -lpthread
make[2]: Leaving directory '/tmp/vsc43810/easybuild/build/PsiCLASS/1.0.3/foss-2021b/PsiCLASS-1.0.3/samtools-0.1.19'
make[2]: Entering directory '/tmp/vsc43810/easybuild/build/PsiCLASS/1.0.3/foss-2021b/PsiCLASS-1.0.3/samtools-0.1.19/bcftools'
gcc -c -g -Wall -O2 -D_FILE_OFFSET_BITS=64 -D_LARGEFILE64_SOURCE -D_USE_KNETFILE -D_CURSES_LIB=0 -I.. -I. call1.c -o call1.o
call1.c: In function write_header:
call1.c:303:5: warning: this if clause does not guard... [-Wmisleading-indentation]
  303 |     if (!strstr(str.s, "##FORMAT=<ID=GL,"))
      |     ^~
call1.c:305:9: note: ...this statement, but the latter is misleadingly indented as if it were guarded by the if
  305 |         if (!strstr(str.s, "##FORMAT=<ID=DP,"))
      |         ^~
gcc -c -g -Wall -O2 -D_FILE_OFFSET_BITS=64 -D_LARGEFILE64_SOURCE -D_USE_KNETFILE -D_CURSES_LIB=0 -I.. -I. main.c -o main.o
gcc -g -Wall -O2 -o bcftools call1.o main.o ../kstring.o ../bgzf.o ../knetfile.o ../bedidx.o -L.  -lbcf -lm -lz -lpthread
make[2]: Leaving directory '/tmp/vsc43810/easybuild/build/PsiCLASS/1.0.3/foss-2021b/PsiCLASS-1.0.3/samtools-0.1.19/bcftools'
make[2]: Entering directory '/tmp/vsc43810/easybuild/build/PsiCLASS/1.0.3/foss-2021b/PsiCLASS-1.0.3/samtools-0.1.19/misc'
gcc -c -g -Wall -O2 -DMD5SUM_MAIN -o md5sum-lite.o md5.c
md5.c: In function MD5Final:
md5.c:155:26: warning: argument to sizeof in memset call is the same expression as the destination; did you mean to dereference it? [-Wsizeof-pointer-memaccess]
  155 |     memset(ctx, 0, sizeof(ctx));        /* In case it's sensitive */
      |                          ^
gcc -g -Wall -O2 -o md5sum-lite md5sum-lite.o
gcc -c -g -Wall -O2 -D_FILE_OFFSET_BITS=64 -D_LARGEFILE64_SOURCE -D_USE_KNETFILE -D_CURSES_LIB=0 -I. md5.c -o md5.o
md5.c: In function MD5Final:
md5.c:155:26: warning: argument to sizeof in memset call is the same expression as the destination; did you mean to dereference it? [-Wsizeof-pointer-memaccess]
  155 |     memset(ctx, 0, sizeof(ctx));        /* In case it's sensitive */
      |                          ^
gcc -g -Wall -O2 -c -I.. -o md5fa.o md5fa.c
gcc -g -Wall -O2 -o md5fa md5.o md5fa.o -lz
gcc -g -Wall -O2 -o maq2sam-short maq2sam.c -lz
gcc -g -Wall -O2 -DMAQ_LONGREADS -o maq2sam-long maq2sam.c -lz
gcc -g -Wall -O2 -c -I.. -o ace2sam.o ace2sam.c
ace2sam.c: In function main:
ace2sam.c:162:25: warning: this if clause does not guard... [-Wmisleading-indentation]
  162 |                         if (write_cns) puts(t[4].s); t[4].l = 0;
      |                         ^~
ace2sam.c:162:54: note: ...this statement, but the latter is misleadingly indented as if it were guarded by the if
  162 |                         if (write_cns) puts(t[4].s); t[4].l = 0;
      |                                                      ^
gcc -g -Wall -O2 -o ace2sam ace2sam.o -lz
gcc -g -Wall -O2 -c -I.. -o wgsim.o wgsim.c
gcc -g -Wall -O2 -o wgsim wgsim.o -lm -lz
gcc -g -Wall -O2 -c -I.. -o bamcheck.o bamcheck.c
gcc -g -Wall -O2 -o bamcheck bamcheck.o -L.. -lm -lbam -lpthread -lz
make[2]: Leaving directory '/tmp/vsc43810/easybuild/build/PsiCLASS/1.0.3/foss-2021b/PsiCLASS-1.0.3/samtools-0.1.19/misc'
make[1]: Leaving directory '/tmp/vsc43810/easybuild/build/PsiCLASS/1.0.3/foss-2021b/PsiCLASS-1.0.3/samtools-0.1.19'
g++ -o subexon-info -I./samtools-0.1.19 -L./samtools-0.1.19 -Wall -O3  stats.o subexon-graph.o  subexon-info.o -lbam -lz -lm -lpthread 
