# output for command: cmake  -DCMAKE_INSTALL_PREFIX=/scratch/gent/vo/001/gvo00117/easybuild/RHEL8/haswell-ib/software/SRA-Toolkit/3.0.1-foss-2021b -DCMAKE_BUILD_TYPE=Release -DCMAKE_VERBOSE_MAKEFILE=ON -DCMAKE_FIND_USE_PACKAGE_REGISTRY=OFF  /tmp/vsc43810/easybuild/build/SRAToolkit/3.0.1/foss-2021b/sra-tools-3.0.1/

CMAKE_VERSION=3.21.1
-- The C compiler identification is GNU 11.2.0
-- The CXX compiler identification is GNU 11.2.0
-- Detecting C compiler ABI info
-- Detecting C compiler ABI info - done
-- Check for working C compiler: /apps/gent/RHEL8/haswell-ib/software/GCCcore/11.2.0/bin/gcc - skipped
-- Detecting C compile features
-- Detecting C compile features - done
-- Detecting CXX compiler ABI info
-- Detecting CXX compiler ABI info - done
-- Check for working CXX compiler: /apps/gent/RHEL8/haswell-ib/software/GCCcore/11.2.0/bin/g++ - skipped
-- Detecting CXX compile features
-- Detecting CXX compile features - done
VERSION=3.0.1
-- Performing Test COMPILER_OPTION_SSE42_SUPPORTED
-- Performing Test COMPILER_OPTION_SSE42_SUPPORTED - Success
-- Found FLEX: /usr/bin/flex (found suitable version "2.6.1", minimum required is "2.6") 
-- Found BISON: /usr/bin/bison (found suitable version "3.0.4", minimum required is "3") 
-- Found LibXml2: /apps/gent/RHEL8/haswell-ib/software/libxml2/2.9.10-GCCcore-11.2.0/lib/libxml2.so (found version "2.9.10") 
LIBXML2_INCLUDE_DIR=/apps/gent/RHEL8/haswell-ib/software/libxml2/2.9.10-GCCcore-11.2.0/include/libxml2
LIBXML2_LIBRARIES=/apps/gent/RHEL8/haswell-ib/software/libxml2/2.9.10-GCCcore-11.2.0/lib/libxml2.so
-- Found Java: /apps/gent/RHEL8/haswell-ib/software/Java/11.0.2/bin/java (found version "11.0.2") found components: Development 
-- Found Python3: /apps/gent/RHEL8/haswell-ib/software/Python/3.9.6-GCCcore-11.2.0/bin/python3.9 (found version "3.9.6") found components: Interpreter 
CMake Error at build/env.cmake:262 (message):
  
  VDB_INCDIR="/tmp/vsc43810/easybuild/build/SRAToolkit/3.0.1/foss-2021b/sra-tools-3.0.1/../ncbi-vdb/interfaces"
  does not exist - ncbi-vdb was not installed in that location.  VDB_INCDIR
  variable pointing to the ncbi-vdb headers (interfaces) must be specified.
Call Stack (most recent call first):
  CMakeLists.txt:62 (include)


-- Configuring incomplete, errors occurred!
See also "/tmp/vsc43810/easybuild/build/SRAToolkit/3.0.1/foss-2021b/easybuild_obj/CMakeFiles/CMakeOutput.log".
