# output for command: make  -j 8  -L$EBROOTSAMTOOLS/lib -lbam

make: invalid option -- '/'
make: invalid option -- 'a'
make: invalid option -- '/'
make: invalid option -- 'g'
make: invalid option -- '/'
make: invalid option -- 'H'
make: invalid option -- 'E'
make: invalid option -- '8'
make: invalid option -- '/'
make: invalid option -- 'a'
Usage: make [options] [target] ...
Options:
  -b, -m                      Ignored for compatibility.
  -B, --always-make           Unconditionally make all targets.
  -C DIRECTORY, --directory=DIRECTORY
                              Change to DIRECTORY before doing anything.
  -d                          Print lots of debugging information.
  --debug[=FLAGS]             Print various types of debugging information.
  -e, --environment-overrides
                              Environment variables override makefiles.
  --eval=STRING               Evaluate STRING as a makefile statement.
  -f FILE, --file=FILE, --makefile=FILE
                              Read FILE as a makefile.
  -h, --help                  Print this message and exit.
  -i, --ignore-errors         Ignore errors from recipes.
  -I DIRECTORY, --include-dir=DIRECTORY
                              Search DIRECTORY for included makefiles.
  -j [N], --jobs[=N]          Allow N jobs at once; infinite jobs with no arg.
  -k, --keep-going            Keep going when some targets can't be made.
  -l [N], --load-average[=N], --max-load[=N]
                              Don't start multiple jobs unless load is below N.
  -L, --check-symlink-times   Use the latest mtime between symlinks and target.
  -n, --just-print, --dry-run, --recon
                              Don't actually run any recipe; just print them.
  -o FILE, --old-file=FILE, --assume-old=FILE
                              Consider FILE to be very old and don't remake it.
  -O[TYPE], --output-sync[=TYPE]
                              Synchronize output of parallel jobs by TYPE.
  -p, --print-data-base       Print make's internal database.
  -q, --question              Run no recipe; exit status says if up to date.
  -r, --no-builtin-rules      Disable the built-in implicit rules.
  -R, --no-builtin-variables  Disable the built-in variable settings.
  -s, --silent, --quiet       Don't echo recipes.
  -S, --no-keep-going, --stop
                              Turns off -k.
  -t, --touch                 Touch targets instead of remaking them.
  --trace                     Print tracing information.
  -v, --version               Print the version number of make and exit.
  -w, --print-directory       Print the current directory.
  --no-print-directory        Turn off -w, even if it was turned on implicitly.
  -W FILE, --what-if=FILE, --new-file=FILE, --assume-new=FILE
                              Consider FILE to be infinitely new.
  --warn-undefined-variables  Warn when an undefined variable is referenced.

This program built for x86_64-redhat-linux-gnu
Report bugs to <bug-make@gnu.org>
# GNU Make 4.2.1
# Built for x86_64-redhat-linux-gnu
# Copyright (C) 1988-2016 Free Software Foundation, Inc.
# License GPLv3+: GNU GPL version 3 or later <http://gnu.org/licenses/gpl.html>
# This is free software: you are free to change and redistribute it.
# There is NO WARRANTY, to the extent permitted by law.

# Make data base, printed on Tue Sep  6 16:53:17 2022

# Variables

# environment
OMPI_FC = gfortran
# environment
BLAS_SHARED_LIBS = libflexiblas.so,libgfortran.so
# environment
BLAS_LAPACK_MT_SHARED_LIBS = libflexiblas.so,libgfortran.so
# environment
__LMOD_REF_COUNT_CMAKE_PREFIX_PATH = /apps/gent/RHEL8/haswell-ib/software/SAMtools/1.15-GCC-11.2.0:1;/apps/gent/RHEL8/haswell-ib/software/cURL/7.78.0-GCCcore-11.2.0:1;/apps/gent/RHEL8/haswell-ib/software/bzip2/1.0.8-GCCcore-11.2.0:1;/apps/gent/RHEL8/haswell-ib/software/ncurses/6.2-GCCcore-11.2.0:1;/scratch/gent/vo/001/gvo00117/easybuild/RHEL8/haswell-ib/software/ScaLAPACK/2.1.0-gompi-2021b-fb:1;/apps/gent/RHEL8/haswell-ib/software/FFTW/3.3.10-gompi-2021b:1;/apps/gent/RHEL8/haswell-ib/software/FlexiBLAS/3.0.4-GCC-11.2.0:1;/apps/gent/RHEL8/haswell-ib/software/OpenBLAS/0.3.18-GCC-11.2.0:1;/apps/gent/RHEL8/haswell-ib/software/OpenMPI/4.1.1-GCC-11.2.0:1;/apps/gent/RHEL8/haswell-ib/software/PMIx/4.1.0-GCCcore-11.2.0:1;/apps/gent/RHEL8/haswell-ib/software/libfabric/1.13.2-GCCcore-11.2.0:1;/apps/gent/RHEL8/haswell-ib/software/UCX/1.11.2-GCCcore-11.2.0:1;/apps/gent/RHEL8/haswell-ib/software/libevent/2.1.12-GCCcore-11.2.0:1;/apps/gent/RHEL8/haswell-ib/software/OpenSSL/1.1:1;/apps/gent/RHEL8/haswell-ib/software/hwloc/2.5.0-GCCcore-11.2.0:1;/apps/gent/RHEL8/haswell-ib/software/libpciaccess/0.16-GCCcore-11.2.0:1;/apps/gent/RHEL8/haswell-ib/software/libxml2/2.9.10-GCCcore-11.2.0:1;/apps/gent/RHEL8/haswell-ib/software/XZ/5.2.5-GCCcore-11.2.0:1;/apps/gent/RHEL8/haswell-ib/software/numactl/2.0.14-GCCcore-11.2.0:1;/apps/gent/RHEL8/haswell-ib/software/binutils/2.37-GCCcore-11.2.0:1;/apps/gent/RHEL8/haswell-ib/software/zlib/1.2.11-GCCcore-11.2.0:1;/apps/gent/RHEL8/haswell-ib/software/GCCcore/11.2.0:1
# environment
EBVERSIONFLEXIBLAS = 3.0.4
# environment
_ModuleTable003_ = R0NDID0gewpmbiA9ICIvYXBwcy9nZW50L1JIRUw4L2hhc3dlbGwtaWIvbW9kdWxlcy9hbGwvR0NDLzExLjIuMC5sdWEiLApmdWxsTmFtZSA9ICJHQ0MvMTEuMi4wIiwKbG9hZE9yZGVyID0gNSwKcHJvcFQgPSB7fSwKc3RhY2tEZXB0aCA9IDEsCnN0YXR1cyA9ICJhY3RpdmUiLAp1c2VyTmFtZSA9ICJHQ0MvMTEuMi4wIiwKd1YgPSAiMDAwMDAwMDExLjAwMDAwMDAwMi4qemZpbmFsIiwKfSwKR0NDY29yZSA9IHsKZm4gPSAiL2FwcHMvZ2VudC9SSEVMOC9oYXN3ZWxsLWliL21vZHVsZXMvYWxsL0dDQ2NvcmUvMTEuMi4wLmx1YSIsCmZ1bGxOYW1lID0gIkdDQ2NvcmUvMTEuMi4wIiwKbG9hZE9yZGVyID0gMiwKcHJvcFQgPSB7fSwKc3RhY2tEZXB0aCA9IDIsCnN0YXR1cyA9ICJh
# default
.SHELLFLAGS := -c
# environment
EBVARFFT_SHARED_LIBS_MT = libfftw3.so,libpthread.so
# environment
EBVARMPI_LIB_DIR = /apps/gent/RHEL8/haswell-ib/software/OpenMPI/4.1.1-GCC-11.2.0/lib64
# environment
EBVARMPI_LIB_STATIC = 
# environment
LOADEDMODULES = cluster/slaking:GCCcore/11.2.0:zlib/1.2.11-GCCcore-11.2.0:binutils/2.37-GCCcore-11.2.0:GCC/11.2.0:numactl/2.0.14-GCCcore-11.2.0:XZ/5.2.5-GCCcore-11.2.0:libxml2/2.9.10-GCCcore-11.2.0:libpciaccess/0.16-GCCcore-11.2.0:hwloc/2.5.0-GCCcore-11.2.0:OpenSSL/1.1:libevent/2.1.12-GCCcore-11.2.0:UCX/1.11.2-GCCcore-11.2.0:libfabric/1.13.2-GCCcore-11.2.0:PMIx/4.1.0-GCCcore-11.2.0:OpenMPI/4.1.1-GCC-11.2.0:OpenBLAS/0.3.18-GCC-11.2.0:FlexiBLAS/3.0.4-GCC-11.2.0:gompi/2021b:FFTW/3.3.10-gompi-2021b:ScaLAPACK/2.1.0-gompi-2021b-fb:foss/2021b:ncurses/6.2-GCCcore-11.2.0:bzip2/1.0.8-GCCcore-11.2.0:cURL/7.78.0-GCCcore-11.2.0:SAMtools/1.15-GCC-11.2.0
# environment
MPI_INC_DIR = /apps/gent/RHEL8/haswell-ib/software/OpenMPI/4.1.1-GCC-11.2.0/include
# environment
EBVARF90 = gfortran
# environment
EBDEVELOPENBLAS = /apps/gent/RHEL8/haswell-ib/software/OpenBLAS/0.3.18-GCC-11.2.0/easybuild/OpenBLAS-0.3.18-GCC-11.2.0-easybuild-devel
# environment
EBVARCC = gcc
# environment
EBVARMPICC = mpicc
# environment
CPPFLAGS = -I/apps/gent/RHEL8/haswell-ib/software/SAMtools/1.15-GCC-11.2.0/include -I/apps/gent/RHEL8/haswell-ib/software/FFTW/3.3.10-gompi-2021b/include -I/apps/gent/RHEL8/haswell-ib/software/FlexiBLAS/3.0.4-GCC-11.2.0/include -I/apps/gent/RHEL8/haswell-ib/software/FlexiBLAS/3.0.4-GCC-11.2.0/include/flexiblas
# environment
EBDEVELSAMTOOLS = /apps/gent/RHEL8/haswell-ib/software/SAMtools/1.15-GCC-11.2.0/easybuild/SAMtools-1.15-GCC-11.2.0-easybuild-devel
# environment
_ModuleTable001_ = X01vZHVsZVRhYmxlXyA9IHsKTVR2ZXJzaW9uID0gMywKY19yZWJ1aWxkVGltZSA9IDcyMDAuMCwKY19zaG9ydFRpbWUgPSAwLjAxNTcxNzAyOTU3MTUzMywKZGVwdGhUID0ge30sCmZhbWlseSA9IHsKY2x1c3RlciA9ICJjbHVzdGVyIiwKfSwKbVQgPSB7CkZGVFcgPSB7CmZuID0gIi9hcHBzL2dlbnQvUkhFTDgvaGFzd2VsbC1pYi9tb2R1bGVzL2FsbC9GRlRXLzMuMy4xMC1nb21waS0yMDIxYi5sdWEiLApmdWxsTmFtZSA9ICJGRlRXLzMuMy4xMC1nb21waS0yMDIxYiIsCmxvYWRPcmRlciA9IDIwLApwcm9wVCA9IHt9LApzdGFja0RlcHRoID0gMSwKc3RhdHVzID0gImFjdGl2ZSIsCnVzZXJOYW1lID0gIkZGVFcvMy4zLjEwLWdvbXBpLTIwMjFiIiwKd1YgPSAiMDAwMDAwMDAz
# environment
EBVERSIONLIBFABRIC = 1.13.2
# environment
EBVARLIBLAPACK_ONLY = -lflexiblas -lgfortran
# environment
COLUMNS = 171
# environment
EBVARMPIFC = mpifort
# environment
VSC_SCRATCH_VO_USER = /scratch/gent/vo/001/gvo00117/vsc43810
# environment
EBDEVELGCC = /apps/gent/RHEL8/haswell-ib/software/GCC/11.2.0/easybuild/GCC-11.2.0-easybuild-devel
# environment
EBVARSCALAPACK_INC_DIR = 
# environment
EBDEVELGOMPI = /apps/gent/RHEL8/haswell-ib/software/gompi/2021b/easybuild/gompi-2021b-easybuild-devel
# environment
EBDEVELLIBEVENT = /apps/gent/RHEL8/haswell-ib/software/libevent/2.1.12-GCCcore-11.2.0/easybuild/libevent-2.1.12-GCCcore-11.2.0-easybuild-devel
# environment
EBVARBLAS_LAPACK_SHARED_LIBS = libflexiblas.so,libgfortran.so
# environment
EBVERSIONXZ = 5.2.5
# environment
EBVARFFT_STATIC_LIBS = libfftw3.a
# environment
FFT_SHARED_LIBS_MT = libfftw3.so,libpthread.so
# environment
LMOD_DIR = /usr/share/lmod/lmod/libexec
# environment
EBVARLIBLAPACK = -lflexiblas -lgfortran
# environment
_ = /usr/bin/make
# environment
EBVARBLAS_MT_STATIC_LIBS = libflexiblas.a,libgfortran.a
# environment
CFLAGS = -O2 -ftree-vectorize -march=native -fno-math-errno
# environment
EBVARLAPACK_SHARED_LIBS = libflexiblas.so,libgfortran.so
# environment
F90 = gfortran
# environment
FFTW_LIB_DIR = /apps/gent/RHEL8/haswell-ib/software/FFTW/3.3.10-gompi-2021b/lib
# environment
BLAS_MT_STATIC_LIBS = libflexiblas.a,libgfortran.a
# environment
EBDEVELHWLOC = /apps/gent/RHEL8/haswell-ib/software/hwloc/2.5.0-GCCcore-11.2.0/easybuild/hwloc-2.5.0-GCCcore-11.2.0-easybuild-devel
# environment
_ModuleTable009_ = L2dlbnQvUkhFTDgvaGFzd2VsbC1pYi9tb2R1bGVzL2FsbC9VQ1gvMS4xMS4yLUdDQ2NvcmUtMTEuMi4wLmx1YSIsCmZ1bGxOYW1lID0gIlVDWC8xLjExLjItR0NDY29yZS0xMS4yLjAiLApsb2FkT3JkZXIgPSAxMywKcHJvcFQgPSB7fSwKc3RhY2tEZXB0aCA9IDIsCnN0YXR1cyA9ICJhY3RpdmUiLAp1c2VyTmFtZSA9ICJVQ1gvMS4xMS4yLUdDQ2NvcmUtMTEuMi4wIiwKd1YgPSAiMDAwMDAwMDAxLjAwMDAwMDAxMS4wMDAwMDAwMDIuKmdjY2NvcmUuKnpmaW5hbC0uMDAwMDAwMDExLjAwMDAwMDAwMi4qemZpbmFsIiwKfSwKWFogPSB7CmZuID0gIi9hcHBzL2dlbnQvUkhFTDgvaGFzd2VsbC1pYi9tb2R1bGVzL2FsbC9YWi81LjIuNS1HQ0Njb3JlLTExLjIuMC5sdWEiLApmdWxs
# environment
EBVERSIONOPENBLAS = 0.3.18
# environment
_ModuleTable010_ = TmFtZSA9ICJYWi81LjIuNS1HQ0Njb3JlLTExLjIuMCIsCmxvYWRPcmRlciA9IDcsCnByb3BUID0ge30sCnN0YWNrRGVwdGggPSA0LApzdGF0dXMgPSAiYWN0aXZlIiwKdXNlck5hbWUgPSAiWFovNS4yLjUtR0NDY29yZS0xMS4yLjAiLAp3ViA9ICIwMDAwMDAwMDUuMDAwMDAwMDAyLjAwMDAwMDAwNS4qZ2NjY29yZS4qemZpbmFsLS4wMDAwMDAwMTEuMDAwMDAwMDAyLip6ZmluYWwiLAp9LApiaW51dGlscyA9IHsKZm4gPSAiL2FwcHMvZ2VudC9SSEVMOC9oYXN3ZWxsLWliL21vZHVsZXMvYWxsL2JpbnV0aWxzLzIuMzctR0NDY29yZS0xMS4yLjAubHVhIiwKZnVsbE5hbWUgPSAiYmludXRpbHMvMi4zNy1HQ0Njb3JlLTExLjIuMCIsCmxvYWRPcmRlciA9IDQsCnByb3BUID0ge30s
# environment
OMPI_F90 = gfortran
# environment
LESSOPEN = ||/usr/bin/lesspipe.sh %s
# environment
EBDEVELLIBFABRIC = /apps/gent/RHEL8/haswell-ib/software/libfabric/1.13.2-GCCcore-11.2.0/easybuild/libfabric-1.13.2-GCCcore-11.2.0-easybuild-devel
# environment
MODULEPATH = /scratch/gent/vo/001/gvo00117/easybuild/RHEL8/haswell-ib/modules/all:/apps/gent/RHEL8/haswell-ib/modules/all:/etc/modulefiles/vsc
# environment
VSC_DATA_VO = /data/gent/vo/001/gvo00117
# environment
EBVARMPIF77 = mpifort
# environment
FFT_STATIC_LIBS = libfftw3.a
# environment
_ModuleTable017_ = ICJhY3RpdmUiLAp1c2VyTmFtZSA9ICJsaWJmYWJyaWMvMS4xMy4yLUdDQ2NvcmUtMTEuMi4wIiwKd1YgPSAiMDAwMDAwMDAxLjAwMDAwMDAxMy4wMDAwMDAwMDIuKmdjY2NvcmUuKnpmaW5hbC0uMDAwMDAwMDExLjAwMDAwMDAwMi4qemZpbmFsIiwKfSwKbGlicGNpYWNjZXNzID0gewpmbiA9ICIvYXBwcy9nZW50L1JIRUw4L2hhc3dlbGwtaWIvbW9kdWxlcy9hbGwvbGlicGNpYWNjZXNzLzAuMTYtR0NDY29yZS0xMS4yLjAubHVhIiwKZnVsbE5hbWUgPSAibGlicGNpYWNjZXNzLzAuMTYtR0NDY29yZS0xMS4yLjAiLApsb2FkT3JkZXIgPSA5LApwcm9wVCA9IHt9LApzdGFja0RlcHRoID0gMywKc3RhdHVzID0gImFjdGl2ZSIsCnVzZXJOYW1lID0gImxpYnBjaWFjY2Vzcy8wLjE2
# environment
EBVERSIONSAMTOOLS = 1.15
# environment
HISTCONTROL = ignoredups
# environment
EBROOTSCALAPACK = /scratch/gent/vo/001/gvo00117/easybuild/RHEL8/haswell-ib/software/ScaLAPACK/2.1.0-gompi-2021b-fb
# environment
EBDEVELOPENMPI = /apps/gent/RHEL8/haswell-ib/software/OpenMPI/4.1.1-GCC-11.2.0/easybuild/OpenMPI-4.1.1-GCC-11.2.0-easybuild-devel
# environment
EBVARBLAS_MT_SHARED_LIBS = libflexiblas.so,libgfortran.so
# environment
TMP = /tmp/vsc43810/eb-z2d9bs9n
# environment
EBDEVELBZIP2 = /apps/gent/RHEL8/haswell-ib/software/bzip2/1.0.8-GCCcore-11.2.0/easybuild/bzip2-1.0.8-GCCcore-11.2.0-easybuild-devel
# environment
_ModuleTable002_ = LjAwMDAwMDAwMy4wMDAwMDAwMTAuKmdvbXBpLip6ZmluYWwtLjAwMDAwMjAyMS4qYi4qemZpbmFsIiwKfSwKRmxleGlCTEFTID0gewpmbiA9ICIvYXBwcy9nZW50L1JIRUw4L2hhc3dlbGwtaWIvbW9kdWxlcy9hbGwvRmxleGlCTEFTLzMuMC40LUdDQy0xMS4yLjAubHVhIiwKZnVsbE5hbWUgPSAiRmxleGlCTEFTLzMuMC40LUdDQy0xMS4yLjAiLApsb2FkT3JkZXIgPSAxOCwKcHJvcFQgPSB7fSwKc3RhY2tEZXB0aCA9IDEsCnN0YXR1cyA9ICJhY3RpdmUiLAp1c2VyTmFtZSA9ICJGbGV4aUJMQVMvMy4wLjQtR0NDLTExLjIuMCIsCndWID0gIjAwMDAwMDAwMy4wMDAwMDAwMDAuMDAwMDAwMDA0LipnY2MuKnpmaW5hbC0uMDAwMDAwMDExLjAwMDAwMDAwMi4qemZpbmFsIiwKfSwK
# environment
_ModuleTable020_ = UkhFTDgvaGFzd2VsbC1pYi9tb2R1bGVzL2FsbC9udW1hY3RsLzIuMC4xNC1HQ0Njb3JlLTExLjIuMC5sdWEiLApmdWxsTmFtZSA9ICJudW1hY3RsLzIuMC4xNC1HQ0Njb3JlLTExLjIuMCIsCmxvYWRPcmRlciA9IDYsCnByb3BUID0ge30sCnN0YWNrRGVwdGggPSAzLApzdGF0dXMgPSAiYWN0aXZlIiwKdXNlck5hbWUgPSAibnVtYWN0bC8yLjAuMTQtR0NDY29yZS0xMS4yLjAiLAp3ViA9ICIwMDAwMDAwMDIuMDAwMDAwMDAwLjAwMDAwMDAxNC4qZ2NjY29yZS4qemZpbmFsLS4wMDAwMDAwMTEuMDAwMDAwMDAyLip6ZmluYWwiLAp9LAp6bGliID0gewpmbiA9ICIvYXBwcy9nZW50L1JIRUw4L2hhc3dlbGwtaWIvbW9kdWxlcy9hbGwvemxpYi8xLjIuMTEtR0NDY29yZS0xMS4yLjAu
# environment
CXXFLAGS = -O2 -ftree-vectorize -march=native -fno-math-errno
# environment
XDG_DATA_DIRS = /apps/gent/RHEL8/haswell-ib/software/SAMtools/1.15-GCC-11.2.0/share:/apps/gent/RHEL8/haswell-ib/software/cURL/7.78.0-GCCcore-11.2.0/share:/apps/gent/RHEL8/haswell-ib/software/ncurses/6.2-GCCcore-11.2.0/share:/apps/gent/RHEL8/haswell-ib/software/FFTW/3.3.10-gompi-2021b/share:/apps/gent/RHEL8/haswell-ib/software/FlexiBLAS/3.0.4-GCC-11.2.0/share:/apps/gent/RHEL8/haswell-ib/software/OpenMPI/4.1.1-GCC-11.2.0/share:/apps/gent/RHEL8/haswell-ib/software/PMIx/4.1.0-GCCcore-11.2.0/share:/apps/gent/RHEL8/haswell-ib/software/libfabric/1.13.2-GCCcore-11.2.0/share:/apps/gent/RHEL8/haswell-ib/software/UCX/1.11.2-GCCcore-11.2.0/share:/apps/gent/RHEL8/haswell-ib/software/hwloc/2.5.0-GCCcore-11.2.0/share:/apps/gent/RHEL8/haswell-ib/software/libxml2/2.9.10-GCCcore-11.2.0/share:/apps/gent/RHEL8/haswell-ib/software/XZ/5.2.5-GCCcore-11.2.0/share:/apps/gent/RHEL8/haswell-ib/software/numactl/2.0.14-GCCcore-11.2.0/share:/apps/gent/RHEL8/haswell-ib/software/binutils/2.37-GCCcore-11.2.0/share:/apps/gent/RHEL8/haswell-ib/software/zlib/1.2.11-GCCcore-11.2.0/share:/apps/gent/RHEL8/haswell-ib/software/GCCcore/11.2.0/share
# environment
LIBFFT_MT = -lfftw3 -lpthread
# environment
LAPACK_STATIC_LIBS = libflexiblas.a,libgfortran.a
# environment
DBUS_SESSION_BUS_ADDRESS = unix:path=/run/user/2543810/bus
# environment
LMOD_IGNORE_CACHE = 1
# environment
VSC_DATA = /data/gent/438/vsc43810
# environment
SINGULARITY_TMPDIR = /kyukon/scratch/gent/singularity/tmp
# environment
PBS_DEFAULT = SLURM_NOT_TORQUE_PBS
# environment
__LMOD_REF_COUNT_LIBRARY_PATH = /apps/gent/RHEL8/haswell-ib/software/SAMtools/1.15-GCC-11.2.0/lib:1;/apps/gent/RHEL8/haswell-ib/software/cURL/7.78.0-GCCcore-11.2.0/lib:1;/apps/gent/RHEL8/haswell-ib/software/bzip2/1.0.8-GCCcore-11.2.0/lib:1;/apps/gent/RHEL8/haswell-ib/software/ncurses/6.2-GCCcore-11.2.0/lib:1;/scratch/gent/vo/001/gvo00117/easybuild/RHEL8/haswell-ib/software/ScaLAPACK/2.1.0-gompi-2021b-fb/lib:1;/apps/gent/RHEL8/haswell-ib/software/FFTW/3.3.10-gompi-2021b/lib:1;/apps/gent/RHEL8/haswell-ib/software/FlexiBLAS/3.0.4-GCC-11.2.0/lib:1;/apps/gent/RHEL8/haswell-ib/software/OpenBLAS/0.3.18-GCC-11.2.0/lib:1;/apps/gent/RHEL8/haswell-ib/software/OpenMPI/4.1.1-GCC-11.2.0/lib:1;/apps/gent/RHEL8/haswell-ib/software/PMIx/4.1.0-GCCcore-11.2.0/lib:1;/apps/gent/RHEL8/haswell-ib/software/libfabric/1.13.2-GCCcore-11.2.0/lib:1;/apps/gent/RHEL8/haswell-ib/software/UCX/1.11.2-GCCcore-11.2.0/lib:1;/apps/gent/RHEL8/haswell-ib/software/libevent/2.1.12-GCCcore-11.2.0/lib:1;/apps/gent/RHEL8/haswell-ib/software/OpenSSL/1.1/lib:1;/apps/gent/RHEL8/haswell-ib/software/hwloc/2.5.0-GCCcore-11.2.0/lib:1;/apps/gent/RHEL8/haswell-ib/software/libpciaccess/0.16-GCCcore-11.2.0/lib:1;/apps/gent/RHEL8/haswell-ib/software/libxml2/2.9.10-GCCcore-11.2.0/lib:1;/apps/gent/RHEL8/haswell-ib/software/XZ/5.2.5-GCCcore-11.2.0/lib:1;/apps/gent/RHEL8/haswell-ib/software/numactl/2.0.14-GCCcore-11.2.0/lib:1;/apps/gent/RHEL8/haswell-ib/software/binutils/2.37-GCCcore-11.2.0/lib:1;/apps/gent/RHEL8/haswell-ib/software/zlib/1.2.11-GCCcore-11.2.0/lib:1
# environment
EBVARBLAS_SHARED_LIBS = libflexiblas.so,libgfortran.so
# environment
BLAS_LAPACK_STATIC_LIBS = libflexiblas.a,libgfortran.a
# environment
_ModuleTable012_ = Mi4wIiwKd1YgPSAiMDAwMDAwMDAxLjAwMDAwMDAwMC4wMDAwMDAwMDguKmdjY2NvcmUuKnpmaW5hbC0uMDAwMDAwMDExLjAwMDAwMDAwMi4qemZpbmFsIiwKfSwKY1VSTCA9IHsKZm4gPSAiL2FwcHMvZ2VudC9SSEVMOC9oYXN3ZWxsLWliL21vZHVsZXMvYWxsL2NVUkwvNy43OC4wLUdDQ2NvcmUtMTEuMi4wLmx1YSIsCmZ1bGxOYW1lID0gImNVUkwvNy43OC4wLUdDQ2NvcmUtMTEuMi4wIiwKbG9hZE9yZGVyID0gMjUsCnByb3BUID0ge30sCnN0YWNrRGVwdGggPSAxLApzdGF0dXMgPSAiYWN0aXZlIiwKdXNlck5hbWUgPSAiY1VSTC83Ljc4LjAtR0NDY29yZS0xMS4yLjAiLAp3ViA9ICIwMDAwMDAwMDcuMDAwMDAwMDc4LipnY2Njb3JlLip6ZmluYWwtLjAwMDAwMDAxMS4wMDAw
# environment
MPI_LIB_DIR = /apps/gent/RHEL8/haswell-ib/software/OpenMPI/4.1.1-GCC-11.2.0/lib64
# environment
EBROOTUCX = /apps/gent/RHEL8/haswell-ib/software/UCX/1.11.2-GCCcore-11.2.0
# environment
MPI_LIB_STATIC = 
# environment
EBVERSIONOPENMPI = 4.1.1
# environment
VSC_SCRATCH_ARCANINE_VO = /arcanine/scratch/gent/vo/001/gvo00117
# environment
LC_NAME = en_CA.UTF-8
# environment
EBVAROMPI_CC = gcc
# environment
EBVARFFLAGS = -O2 -ftree-vectorize -march=native -fno-math-errno
# environment
EBVERSIONBZIP2 = 1.0.8
# environment
EBROOTZLIB = /apps/gent/RHEL8/haswell-ib/software/zlib/1.2.11-GCCcore-11.2.0
# environment
LIBLAPACK = -lflexiblas -lgfortran
# environment
EBVERSIONBINUTILS = 2.37
# environment
EBVARLAPACK_INC_DIR = /apps/gent/RHEL8/haswell-ib/software/FlexiBLAS/3.0.4-GCC-11.2.0/include/flexiblas
# environment
SSH_CONNECTION = 10.141.10.67 34344 10.141.6.2 22
# environment
PATH = /apps/gent/RHEL8/haswell-ib/software/SAMtools/1.15-GCC-11.2.0/bin:/apps/gent/RHEL8/haswell-ib/software/cURL/7.78.0-GCCcore-11.2.0/bin:/apps/gent/RHEL8/haswell-ib/software/bzip2/1.0.8-GCCcore-11.2.0/bin:/apps/gent/RHEL8/haswell-ib/software/ncurses/6.2-GCCcore-11.2.0/bin:/apps/gent/RHEL8/haswell-ib/software/FFTW/3.3.10-gompi-2021b/bin:/apps/gent/RHEL8/haswell-ib/software/FlexiBLAS/3.0.4-GCC-11.2.0/bin:/apps/gent/RHEL8/haswell-ib/software/OpenMPI/4.1.1-GCC-11.2.0/bin:/apps/gent/RHEL8/haswell-ib/software/PMIx/4.1.0-GCCcore-11.2.0/bin:/apps/gent/RHEL8/haswell-ib/software/libfabric/1.13.2-GCCcore-11.2.0/bin:/apps/gent/RHEL8/haswell-ib/software/UCX/1.11.2-GCCcore-11.2.0/bin:/apps/gent/RHEL8/haswell-ib/software/libevent/2.1.12-GCCcore-11.2.0/bin:/apps/gent/RHEL8/haswell-ib/software/OpenSSL/1.1/bin:/apps/gent/RHEL8/haswell-ib/software/hwloc/2.5.0-GCCcore-11.2.0/sbin:/apps/gent/RHEL8/haswell-ib/software/hwloc/2.5.0-GCCcore-11.2.0/bin:/apps/gent/RHEL8/haswell-ib/software/libxml2/2.9.10-GCCcore-11.2.0/bin:/apps/gent/RHEL8/haswell-ib/software/XZ/5.2.5-GCCcore-11.2.0/bin:/apps/gent/RHEL8/haswell-ib/software/numactl/2.0.14-GCCcore-11.2.0/bin:/apps/gent/RHEL8/haswell-ib/software/binutils/2.37-GCCcore-11.2.0/bin:/apps/gent/RHEL8/haswell-ib/software/GCCcore/11.2.0/bin:/user/gent/438/vsc43810/.local/bin:/user/gent/438/vsc43810/easybuild/easybuild-framework:/usr/libexec/jobcli:/usr/local/bin:/usr/bin:/usr/local/sbin:/usr/sbin:/user/gent/438/vsc43810/.dotnet/tools
# environment
EBVARLIBSCALAPACK_ONLY = -lscalapack -lgfortran
# environment
__LMOD_REF_COUNT_PATH = /apps/gent/RHEL8/haswell-ib/software/SAMtools/1.15-GCC-11.2.0/bin:1;/apps/gent/RHEL8/haswell-ib/software/cURL/7.78.0-GCCcore-11.2.0/bin:1;/apps/gent/RHEL8/haswell-ib/software/bzip2/1.0.8-GCCcore-11.2.0/bin:1;/apps/gent/RHEL8/haswell-ib/software/ncurses/6.2-GCCcore-11.2.0/bin:1;/apps/gent/RHEL8/haswell-ib/software/FFTW/3.3.10-gompi-2021b/bin:1;/apps/gent/RHEL8/haswell-ib/software/FlexiBLAS/3.0.4-GCC-11.2.0/bin:1;/apps/gent/RHEL8/haswell-ib/software/OpenMPI/4.1.1-GCC-11.2.0/bin:1;/apps/gent/RHEL8/haswell-ib/software/PMIx/4.1.0-GCCcore-11.2.0/bin:1;/apps/gent/RHEL8/haswell-ib/software/libfabric/1.13.2-GCCcore-11.2.0/bin:1;/apps/gent/RHEL8/haswell-ib/software/UCX/1.11.2-GCCcore-11.2.0/bin:1;/apps/gent/RHEL8/haswell-ib/software/libevent/2.1.12-GCCcore-11.2.0/bin:1;/apps/gent/RHEL8/haswell-ib/software/OpenSSL/1.1/bin:1;/apps/gent/RHEL8/haswell-ib/software/hwloc/2.5.0-GCCcore-11.2.0/sbin:1;/apps/gent/RHEL8/haswell-ib/software/hwloc/2.5.0-GCCcore-11.2.0/bin:1;/apps/gent/RHEL8/haswell-ib/software/libxml2/2.9.10-GCCcore-11.2.0/bin:1;/apps/gent/RHEL8/haswell-ib/software/XZ/5.2.5-GCCcore-11.2.0/bin:1;/apps/gent/RHEL8/haswell-ib/software/numactl/2.0.14-GCCcore-11.2.0/bin:1;/apps/gent/RHEL8/haswell-ib/software/binutils/2.37-GCCcore-11.2.0/bin:1;/apps/gent/RHEL8/haswell-ib/software/GCCcore/11.2.0/bin:1;/user/gent/438/vsc43810/.local/bin:1;/user/gent/438/vsc43810/easybuild/easybuild-framework:1;/usr/libexec/jobcli:1;/usr/local/bin:1;/usr/bin:1;/usr/local/sbin:1;/usr/sbin:1;/user/gent/438/vsc43810/.dotnet/tools:1
# environment
LMOD_CMD = /usr/share/lmod/lmod/libexec/lmod
# environment
EBVARSCALAPACK_LIB_DIR = /scratch/gent/vo/001/gvo00117/easybuild/RHEL8/haswell-ib/software/ScaLAPACK/2.1.0-gompi-2021b-fb/lib
# environment
LIBLAPACK_ONLY = -lflexiblas -lgfortran
# environment
MPIFC = mpifort
# environment
EBROOTFFTW = /apps/gent/RHEL8/haswell-ib/software/FFTW/3.3.10-gompi-2021b
# environment
VSC_SCRATCH_KYUKON_VO = /kyukon/scratch/gent/vo/001/gvo00117
# environment
EBVARLIBLAPACK_MT = -lflexiblas -lgfortran
# environment
_ModuleTable018_ = LUdDQ2NvcmUtMTEuMi4wIiwKd1YgPSAiMDAwMDAwMDAwLjAwMDAwMDAxNi4qZ2NjY29yZS4qemZpbmFsLS4wMDAwMDAwMTEuMDAwMDAwMDAyLip6ZmluYWwiLAp9LApsaWJ4bWwyID0gewpmbiA9ICIvYXBwcy9nZW50L1JIRUw4L2hhc3dlbGwtaWIvbW9kdWxlcy9hbGwvbGlieG1sMi8yLjkuMTAtR0NDY29yZS0xMS4yLjAubHVhIiwKZnVsbE5hbWUgPSAibGlieG1sMi8yLjkuMTAtR0NDY29yZS0xMS4yLjAiLApsb2FkT3JkZXIgPSA4LApwcm9wVCA9IHt9LApzdGFja0RlcHRoID0gMywKc3RhdHVzID0gImFjdGl2ZSIsCnVzZXJOYW1lID0gImxpYnhtbDIvMi45LjEwLUdDQ2NvcmUtMTEuMi4wIiwKd1YgPSAiMDAwMDAwMDAyLjAwMDAwMDAwOS4wMDAwMDAwMTAuKmdjY2NvcmUu
# environment
SCALAPACK_MT_SHARED_LIBS = libscalapack.so,libflexiblas.so,libgfortran.so,libpthread.so
# environment
BLAS_MT_SHARED_LIBS = libflexiblas.so,libgfortran.so
# environment
VSC_SCRATCH_ARCANINE = /arcanine/scratch/gent/438/vsc43810
# environment
EBVARBLAS_LIB_DIR = /apps/gent/RHEL8/haswell-ib/software/FlexiBLAS/3.0.4-GCC-11.2.0/lib
# environment
LIBBLAS = -lflexiblas -lgfortran
# environment
EBVARBLAS_LAPACK_MT_SHARED_LIBS = libflexiblas.so,libgfortran.so
# environment
SSH_TTY = /dev/pts/1
# environment
LC_ADDRESS = en_CA.UTF-8
# environment
FFLAGS = -O2 -ftree-vectorize -march=native -fno-math-errno
# environment
EBVARFFT_STATIC_LIBS_MT = libfftw3.a,libpthread.a
# environment
LIBRARY_PATH = /apps/gent/RHEL8/haswell-ib/software/SAMtools/1.15-GCC-11.2.0/lib:/apps/gent/RHEL8/haswell-ib/software/cURL/7.78.0-GCCcore-11.2.0/lib:/apps/gent/RHEL8/haswell-ib/software/bzip2/1.0.8-GCCcore-11.2.0/lib:/apps/gent/RHEL8/haswell-ib/software/ncurses/6.2-GCCcore-11.2.0/lib:/scratch/gent/vo/001/gvo00117/easybuild/RHEL8/haswell-ib/software/ScaLAPACK/2.1.0-gompi-2021b-fb/lib:/apps/gent/RHEL8/haswell-ib/software/FFTW/3.3.10-gompi-2021b/lib:/apps/gent/RHEL8/haswell-ib/software/FlexiBLAS/3.0.4-GCC-11.2.0/lib:/apps/gent/RHEL8/haswell-ib/software/OpenBLAS/0.3.18-GCC-11.2.0/lib:/apps/gent/RHEL8/haswell-ib/software/OpenMPI/4.1.1-GCC-11.2.0/lib:/apps/gent/RHEL8/haswell-ib/software/PMIx/4.1.0-GCCcore-11.2.0/lib:/apps/gent/RHEL8/haswell-ib/software/libfabric/1.13.2-GCCcore-11.2.0/lib:/apps/gent/RHEL8/haswell-ib/software/UCX/1.11.2-GCCcore-11.2.0/lib:/apps/gent/RHEL8/haswell-ib/software/libevent/2.1.12-GCCcore-11.2.0/lib:/apps/gent/RHEL8/haswell-ib/software/OpenSSL/1.1/lib:/apps/gent/RHEL8/haswell-ib/software/hwloc/2.5.0-GCCcore-11.2.0/lib:/apps/gent/RHEL8/haswell-ib/software/libpciaccess/0.16-GCCcore-11.2.0/lib:/apps/gent/RHEL8/haswell-ib/software/libxml2/2.9.10-GCCcore-11.2.0/lib:/apps/gent/RHEL8/haswell-ib/software/XZ/5.2.5-GCCcore-11.2.0/lib:/apps/gent/RHEL8/haswell-ib/software/numactl/2.0.14-GCCcore-11.2.0/lib:/apps/gent/RHEL8/haswell-ib/software/binutils/2.37-GCCcore-11.2.0/lib:/apps/gent/RHEL8/haswell-ib/software/zlib/1.2.11-GCCcore-11.2.0/lib
# environment
EBVARCXX = g++
# environment
EBVARMPICXX = mpicxx
# environment
EBDEVELUCX = /apps/gent/RHEL8/haswell-ib/software/UCX/1.11.2-GCCcore-11.2.0/easybuild/UCX-1.11.2-GCCcore-11.2.0-easybuild-devel
# environment
_ModuleTable011_ = CnN0YWNrRGVwdGggPSAyLApzdGF0dXMgPSAiYWN0aXZlIiwKdXNlck5hbWUgPSAiYmludXRpbHMvMi4zNy1HQ0Njb3JlLTExLjIuMCIsCndWID0gIjAwMDAwMDAwMi4wMDAwMDAwMzcuKmdjY2NvcmUuKnpmaW5hbC0uMDAwMDAwMDExLjAwMDAwMDAwMi4qemZpbmFsIiwKfSwKYnppcDIgPSB7CmZuID0gIi9hcHBzL2dlbnQvUkhFTDgvaGFzd2VsbC1pYi9tb2R1bGVzL2FsbC9iemlwMi8xLjAuOC1HQ0Njb3JlLTExLjIuMC5sdWEiLApmdWxsTmFtZSA9ICJiemlwMi8xLjAuOC1HQ0Njb3JlLTExLjIuMCIsCmxvYWRPcmRlciA9IDI0LApwcm9wVCA9IHt9LApzdGFja0RlcHRoID0gMSwKc3RhdHVzID0gImFjdGl2ZSIsCnVzZXJOYW1lID0gImJ6aXAyLzEuMC44LUdDQ2NvcmUtMTEu
# environment
EBVAROPTFLAGS = -O2 -ftree-vectorize -march=native
# environment
EBVARLAPACK_MT_SHARED_LIBS = libflexiblas.so,libgfortran.so
# environment
CPATH = /apps/gent/RHEL8/haswell-ib/software/SAMtools/1.15-GCC-11.2.0/include:/apps/gent/RHEL8/haswell-ib/software/cURL/7.78.0-GCCcore-11.2.0/include:/apps/gent/RHEL8/haswell-ib/software/bzip2/1.0.8-GCCcore-11.2.0/include:/apps/gent/RHEL8/haswell-ib/software/ncurses/6.2-GCCcore-11.2.0/include:/apps/gent/RHEL8/haswell-ib/software/FFTW/3.3.10-gompi-2021b/include:/apps/gent/RHEL8/haswell-ib/software/FlexiBLAS/3.0.4-GCC-11.2.0/include/flexiblas:/apps/gent/RHEL8/haswell-ib/software/OpenBLAS/0.3.18-GCC-11.2.0/include:/apps/gent/RHEL8/haswell-ib/software/OpenMPI/4.1.1-GCC-11.2.0/include:/apps/gent/RHEL8/haswell-ib/software/PMIx/4.1.0-GCCcore-11.2.0/include:/apps/gent/RHEL8/haswell-ib/software/libfabric/1.13.2-GCCcore-11.2.0/include:/apps/gent/RHEL8/haswell-ib/software/UCX/1.11.2-GCCcore-11.2.0/include:/apps/gent/RHEL8/haswell-ib/software/libevent/2.1.12-GCCcore-11.2.0/include:/apps/gent/RHEL8/haswell-ib/software/OpenSSL/1.1/include:/apps/gent/RHEL8/haswell-ib/software/hwloc/2.5.0-GCCcore-11.2.0/include:/apps/gent/RHEL8/haswell-ib/software/libpciaccess/0.16-GCCcore-11.2.0/include:/apps/gent/RHEL8/haswell-ib/software/libxml2/2.9.10-GCCcore-11.2.0/include/libxml2:/apps/gent/RHEL8/haswell-ib/software/libxml2/2.9.10-GCCcore-11.2.0/include:/apps/gent/RHEL8/haswell-ib/software/XZ/5.2.5-GCCcore-11.2.0/include:/apps/gent/RHEL8/haswell-ib/software/numactl/2.0.14-GCCcore-11.2.0/include:/apps/gent/RHEL8/haswell-ib/software/binutils/2.37-GCCcore-11.2.0/include:/apps/gent/RHEL8/haswell-ib/software/zlib/1.2.11-GCCcore-11.2.0/include
# environment
__LMOD_REF_COUNT_ACLOCAL_PATH = /apps/gent/RHEL8/haswell-ib/software/cURL/7.78.0-GCCcore-11.2.0/share/aclocal:1;/apps/gent/RHEL8/haswell-ib/software/libxml2/2.9.10-GCCcore-11.2.0/share/aclocal:1
# environment
EBDEVELNCURSES = /apps/gent/RHEL8/haswell-ib/software/ncurses/6.2-GCCcore-11.2.0/easybuild/ncurses-6.2-GCCcore-11.2.0-easybuild-devel
# environment
MPIF77 = mpifort
# environment
EBVARFFTW_SHARED_LIBS = libfftw3.so
# environment
SCALAPACK_STATIC_LIBS = libscalapack.a,libflexiblas.a,libgfortran.a
# environment
BLAS_STATIC_LIBS = libflexiblas.a,libgfortran.a
# environment
LIBSCALAPACK_ONLY = -lscalapack -lgfortran
# environment
FANCYLOGGER_IGNORE_MPI4PY = 1
# environment
VSC_VO = gvo00117
# environment
EBDEVELPMIX = /apps/gent/RHEL8/haswell-ib/software/PMIx/4.1.0-GCCcore-11.2.0/easybuild/PMIx-4.1.0-GCCcore-11.2.0-easybuild-devel
# environment
EBVARBLAS_LAPACK_STATIC_LIBS = libflexiblas.a,libgfortran.a
# environment
LC_NUMERIC = en_CA.UTF-8
# environment
FFT_STATIC_LIBS_MT = libfftw3.a,libpthread.a
# environment
LMOD_VERSION = 8.7.4
# environment
LDFLAGS = -L/apps/gent/RHEL8/haswell-ib/software/SAMtools/1.15-GCC-11.2.0/lib64 -L/apps/gent/RHEL8/haswell-ib/software/SAMtools/1.15-GCC-11.2.0/lib -L/apps/gent/RHEL8/haswell-ib/software/FFTW/3.3.10-gompi-2021b/lib64 -L/apps/gent/RHEL8/haswell-ib/software/FFTW/3.3.10-gompi-2021b/lib -L/scratch/gent/vo/001/gvo00117/easybuild/RHEL8/haswell-ib/software/ScaLAPACK/2.1.0-gompi-2021b-fb/lib64 -L/scratch/gent/vo/001/gvo00117/easybuild/RHEL8/haswell-ib/software/ScaLAPACK/2.1.0-gompi-2021b-fb/lib -L/apps/gent/RHEL8/haswell-ib/software/FlexiBLAS/3.0.4-GCC-11.2.0/lib64 -L/apps/gent/RHEL8/haswell-ib/software/FlexiBLAS/3.0.4-GCC-11.2.0/lib -L/apps/gent/RHEL8/haswell-ib/software/GCCcore/11.2.0/lib64 -L/apps/gent/RHEL8/haswell-ib/software/GCCcore/11.2.0/lib
# environment
VSC_SCRATCH_KYUKON_VO_USER = /kyukon/scratch/gent/vo/001/gvo00117/vsc43810
# default
.FEATURES := target-specific order-only second-expansion else-if shortest-stem undefine oneshell archives jobserver output-sync check-symlink load
# environment
EBROOTFOSS = /apps/gent/RHEL8/haswell-ib/software/foss/2021b
# environment
CMAKE_PREFIX_PATH = /apps/gent/RHEL8/haswell-ib/software/SAMtools/1.15-GCC-11.2.0:/apps/gent/RHEL8/haswell-ib/software/cURL/7.78.0-GCCcore-11.2.0:/apps/gent/RHEL8/haswell-ib/software/bzip2/1.0.8-GCCcore-11.2.0:/apps/gent/RHEL8/haswell-ib/software/ncurses/6.2-GCCcore-11.2.0:/scratch/gent/vo/001/gvo00117/easybuild/RHEL8/haswell-ib/software/ScaLAPACK/2.1.0-gompi-2021b-fb:/apps/gent/RHEL8/haswell-ib/software/FFTW/3.3.10-gompi-2021b:/apps/gent/RHEL8/haswell-ib/software/FlexiBLAS/3.0.4-GCC-11.2.0:/apps/gent/RHEL8/haswell-ib/software/OpenBLAS/0.3.18-GCC-11.2.0:/apps/gent/RHEL8/haswell-ib/software/OpenMPI/4.1.1-GCC-11.2.0:/apps/gent/RHEL8/haswell-ib/software/PMIx/4.1.0-GCCcore-11.2.0:/apps/gent/RHEL8/haswell-ib/software/libfabric/1.13.2-GCCcore-11.2.0:/apps/gent/RHEL8/haswell-ib/software/UCX/1.11.2-GCCcore-11.2.0:/apps/gent/RHEL8/haswell-ib/software/libevent/2.1.12-GCCcore-11.2.0:/apps/gent/RHEL8/haswell-ib/software/OpenSSL/1.1:/apps/gent/RHEL8/haswell-ib/software/hwloc/2.5.0-GCCcore-11.2.0:/apps/gent/RHEL8/haswell-ib/software/libpciaccess/0.16-GCCcore-11.2.0:/apps/gent/RHEL8/haswell-ib/software/libxml2/2.9.10-GCCcore-11.2.0:/apps/gent/RHEL8/haswell-ib/software/XZ/5.2.5-GCCcore-11.2.0:/apps/gent/RHEL8/haswell-ib/software/numactl/2.0.14-GCCcore-11.2.0:/apps/gent/RHEL8/haswell-ib/software/binutils/2.37-GCCcore-11.2.0:/apps/gent/RHEL8/haswell-ib/software/zlib/1.2.11-GCCcore-11.2.0:/apps/gent/RHEL8/haswell-ib/software/GCCcore/11.2.0
# environment
EBVARLAPACK_STATIC_LIBS = libflexiblas.a,libgfortran.a
# environment
LS_COLORS = 
# environment
EBVARFFT_INC_DIR = /apps/gent/RHEL8/haswell-ib/software/FFTW/3.3.10-gompi-2021b/include
# environment
VSC_DEFAULT_CLUSTER_MODULE = slaking
# environment
FFTW_SHARED_LIBS = libfftw3.so
# environment
__LMOD_REF_COUNT_MANPATH = /apps/gent/RHEL8/haswell-ib/software/SAMtools/1.15-GCC-11.2.0/share/man:1;/apps/gent/RHEL8/haswell-ib/software/cURL/7.78.0-GCCcore-11.2.0/share/man:1;/apps/gent/RHEL8/haswell-ib/software/bzip2/1.0.8-GCCcore-11.2.0/man:1;/apps/gent/RHEL8/haswell-ib/software/ncurses/6.2-GCCcore-11.2.0/share/man:1;/apps/gent/RHEL8/haswell-ib/software/FFTW/3.3.10-gompi-2021b/share/man:1;/apps/gent/RHEL8/haswell-ib/software/FlexiBLAS/3.0.4-GCC-11.2.0/share/man:1;/apps/gent/RHEL8/haswell-ib/software/OpenMPI/4.1.1-GCC-11.2.0/share/man:1;/apps/gent/RHEL8/haswell-ib/software/libfabric/1.13.2-GCCcore-11.2.0/share/man:1;/apps/gent/RHEL8/haswell-ib/software/hwloc/2.5.0-GCCcore-11.2.0/share/man:1;/apps/gent/RHEL8/haswell-ib/software/libxml2/2.9.10-GCCcore-11.2.0/share/man:1;/apps/gent/RHEL8/haswell-ib/software/XZ/5.2.5-GCCcore-11.2.0/share/man:1;/apps/gent/RHEL8/haswell-ib/software/numactl/2.0.14-GCCcore-11.2.0/share/man:1;/apps/gent/RHEL8/haswell-ib/software/binutils/2.37-GCCcore-11.2.0/share/man:1;/apps/gent/RHEL8/haswell-ib/software/zlib/1.2.11-GCCcore-11.2.0/share/man:1;/apps/gent/RHEL8/haswell-ib/software/GCCcore/11.2.0/share/man:1
# environment
EBROOTOPENBLAS = /apps/gent/RHEL8/haswell-ib/software/OpenBLAS/0.3.18-GCC-11.2.0
# environment
EBVERSIONNCURSES = 6.2
# environment
EBVARMPIF90 = mpifort
# environment
EBVERSIONGCC = 11.2.0
# environment
EBVERSIONGOMPI = 2021b
# environment
__LMOD_REF_COUNT_LD_LIBRARY_PATH = /apps/gent/RHEL8/haswell-ib/software/SAMtools/1.15-GCC-11.2.0/lib:1;/apps/gent/RHEL8/haswell-ib/software/cURL/7.78.0-GCCcore-11.2.0/lib:1;/apps/gent/RHEL8/haswell-ib/software/bzip2/1.0.8-GCCcore-11.2.0/lib:1;/apps/gent/RHEL8/haswell-ib/software/ncurses/6.2-GCCcore-11.2.0/lib:1
# environment
SLURM_CONF = /etc/slurm/slurm.conf_slaking
# environment
_ModuleTable013_ = MDAwMDIuKnpmaW5hbCIsCn0sCmNsdXN0ZXIgPSB7CmZuID0gIi9ldGMvbW9kdWxlZmlsZXMvdnNjL2NsdXN0ZXIvc2xha2luZy5sdWEiLApmdWxsTmFtZSA9ICJjbHVzdGVyL3NsYWtpbmciLApsb2FkT3JkZXIgPSAxLApwcm9wVCA9IHsKbG1vZCA9IHsKc3RpY2t5ID0gMSwKfSwKfSwKc3RhY2tEZXB0aCA9IDAsCnN0YXR1cyA9ICJhY3RpdmUiLAp1c2VyTmFtZSA9ICJjbHVzdGVyL3NsYWtpbmciLAp3ViA9ICIqc2xha2luZy4qemZpbmFsIiwKfSwKZm9zcyA9IHsKZm4gPSAiL2FwcHMvZ2VudC9SSEVMOC9oYXN3ZWxsLWliL21vZHVsZXMvYWxsL2Zvc3MvMjAyMWIubHVhIiwKZnVsbE5hbWUgPSAiZm9zcy8yMDIxYiIsCmxvYWRPcmRlciA9IDIyLApwcm9wVCA9IHt9LApzdGFj
# environment
EBDEVELBINUTILS = /apps/gent/RHEL8/haswell-ib/software/binutils/2.37-GCCcore-11.2.0/easybuild/binutils-2.37-GCCcore-11.2.0-easybuild-devel
# environment
SLURM_CLUSTERS = slaking
# environment
LMOD_FAMILY_CLUSTER_VERSION = slaking
# environment
EBVERSIONPMIX = 4.1.0
# environment
EBROOTGCC = /apps/gent/RHEL8/haswell-ib/software/GCCcore/11.2.0
# environment
BLAS_LAPACK_MT_STATIC_LIBS = libflexiblas.a,libgfortran.a
# environment
EBVARPRECFLAGS = -fno-math-errno
# environment
EBROOTGOMPI = /apps/gent/RHEL8/haswell-ib/software/gompi/2021b
# environment
EBROOTLIBEVENT = /apps/gent/RHEL8/haswell-ib/software/libevent/2.1.12-GCCcore-11.2.0
# environment
EASYBUILD_TMPDIR = /tmp/vsc43810
# environment
EBVERSIONFFTW = 3.3.10
# environment
PWD = /tmp/vsc43810/easybuild/build/PsiCLASS/1.0.3/foss-2021b/PsiCLASS-1.0.3
# environment
FFT_INC_DIR = /apps/gent/RHEL8/haswell-ib/software/FFTW/3.3.10-gompi-2021b/include
# environment
EBVERSIONUCX = 1.11.2
# environment
EBDEVELLIBPCIACCESS = /apps/gent/RHEL8/haswell-ib/software/libpciaccess/0.16-GCCcore-11.2.0/easybuild/libpciaccess-0.16-GCCcore-11.2.0-easybuild-devel
# environment
DOTNET_ROOT = /usr/lib64/dotnet
# environment
__LMOD_REF_COUNT_CMAKE_LIBRARY_PATH = /apps/gent/RHEL8/haswell-ib/software/GCCcore/11.2.0/lib64:1
# default
.LOADED := 
# environment
EBVAROMPI_FC = gfortran
# environment
EBROOTHWLOC = /apps/gent/RHEL8/haswell-ib/software/hwloc/2.5.0-GCCcore-11.2.0
# environment
LIBLAPACK_MT = -lflexiblas -lgfortran
# environment
define BASH_FUNC_ml%%
() {  eval "$($LMOD_DIR/ml_cmd "$@")"
}
endef
# environment
VSC_DATA_VO_GENT = /data/gent/vo/001/gvo00117
# environment
VSCPROFILELOADED = 1
# environment
LIBLAPACK_MT_ONLY = -lflexiblas -lgfortran
# environment
PKG_CONFIG_PATH = /apps/gent/RHEL8/haswell-ib/software/cURL/7.78.0-GCCcore-11.2.0/lib/pkgconfig:/apps/gent/RHEL8/haswell-ib/software/bzip2/1.0.8-GCCcore-11.2.0/lib/pkgconfig:/scratch/gent/vo/001/gvo00117/easybuild/RHEL8/haswell-ib/software/ScaLAPACK/2.1.0-gompi-2021b-fb/lib/pkgconfig:/apps/gent/RHEL8/haswell-ib/software/FFTW/3.3.10-gompi-2021b/lib/pkgconfig:/apps/gent/RHEL8/haswell-ib/software/FlexiBLAS/3.0.4-GCC-11.2.0/lib/pkgconfig:/apps/gent/RHEL8/haswell-ib/software/OpenBLAS/0.3.18-GCC-11.2.0/lib/pkgconfig:/apps/gent/RHEL8/haswell-ib/software/OpenMPI/4.1.1-GCC-11.2.0/lib/pkgconfig:/apps/gent/RHEL8/haswell-ib/software/PMIx/4.1.0-GCCcore-11.2.0/lib/pkgconfig:/apps/gent/RHEL8/haswell-ib/software/libfabric/1.13.2-GCCcore-11.2.0/lib/pkgconfig:/apps/gent/RHEL8/haswell-ib/software/UCX/1.11.2-GCCcore-11.2.0/lib/pkgconfig:/apps/gent/RHEL8/haswell-ib/software/libevent/2.1.12-GCCcore-11.2.0/lib/pkgconfig:/apps/gent/RHEL8/haswell-ib/software/OpenSSL/1.1/lib/pkgconfig:/apps/gent/RHEL8/haswell-ib/software/hwloc/2.5.0-GCCcore-11.2.0/lib/pkgconfig:/apps/gent/RHEL8/haswell-ib/software/libpciaccess/0.16-GCCcore-11.2.0/lib/pkgconfig:/apps/gent/RHEL8/haswell-ib/software/libxml2/2.9.10-GCCcore-11.2.0/lib/pkgconfig:/apps/gent/RHEL8/haswell-ib/software/XZ/5.2.5-GCCcore-11.2.0/lib/pkgconfig:/apps/gent/RHEL8/haswell-ib/software/numactl/2.0.14-GCCcore-11.2.0/lib/pkgconfig:/apps/gent/RHEL8/haswell-ib/software/zlib/1.2.11-GCCcore-11.2.0/lib/pkgconfig
# environment
__LMOD_REF_COUNT_PKG_CONFIG_PATH = /apps/gent/RHEL8/haswell-ib/software/cURL/7.78.0-GCCcore-11.2.0/lib/pkgconfig:1;/apps/gent/RHEL8/haswell-ib/software/bzip2/1.0.8-GCCcore-11.2.0/lib/pkgconfig:1;/scratch/gent/vo/001/gvo00117/easybuild/RHEL8/haswell-ib/software/ScaLAPACK/2.1.0-gompi-2021b-fb/lib/pkgconfig:1;/apps/gent/RHEL8/haswell-ib/software/FFTW/3.3.10-gompi-2021b/lib/pkgconfig:1;/apps/gent/RHEL8/haswell-ib/software/FlexiBLAS/3.0.4-GCC-11.2.0/lib/pkgconfig:1;/apps/gent/RHEL8/haswell-ib/software/OpenBLAS/0.3.18-GCC-11.2.0/lib/pkgconfig:1;/apps/gent/RHEL8/haswell-ib/software/OpenMPI/4.1.1-GCC-11.2.0/lib/pkgconfig:1;/apps/gent/RHEL8/haswell-ib/software/PMIx/4.1.0-GCCcore-11.2.0/lib/pkgconfig:1;/apps/gent/RHEL8/haswell-ib/software/libfabric/1.13.2-GCCcore-11.2.0/lib/pkgconfig:1;/apps/gent/RHEL8/haswell-ib/software/UCX/1.11.2-GCCcore-11.2.0/lib/pkgconfig:1;/apps/gent/RHEL8/haswell-ib/software/libevent/2.1.12-GCCcore-11.2.0/lib/pkgconfig:1;/apps/gent/RHEL8/haswell-ib/software/OpenSSL/1.1/lib/pkgconfig:1;/apps/gent/RHEL8/haswell-ib/software/hwloc/2.5.0-GCCcore-11.2.0/lib/pkgconfig:1;/apps/gent/RHEL8/haswell-ib/software/libpciaccess/0.16-GCCcore-11.2.0/lib/pkgconfig:1;/apps/gent/RHEL8/haswell-ib/software/libxml2/2.9.10-GCCcore-11.2.0/lib/pkgconfig:1;/apps/gent/RHEL8/haswell-ib/software/XZ/5.2.5-GCCcore-11.2.0/lib/pkgconfig:1;/apps/gent/RHEL8/haswell-ib/software/numactl/2.0.14-GCCcore-11.2.0/lib/pkgconfig:1;/apps/gent/RHEL8/haswell-ib/software/zlib/1.2.11-GCCcore-11.2.0/lib/pkgconfig:1
# environment
EBROOTPMIX = /apps/gent/RHEL8/haswell-ib/software/PMIx/4.1.0-GCCcore-11.2.0
# environment
EBROOTSAMTOOLS = /apps/gent/RHEL8/haswell-ib/software/SAMtools/1.15-GCC-11.2.0
# environment
EBVARBLAS_STATIC_LIBS = libflexiblas.a,libgfortran.a
# environment
EBDEVELGCCCORE = /apps/gent/RHEL8/haswell-ib/software/GCCcore/11.2.0/easybuild/GCCcore-11.2.0-easybuild-devel
# environment
MANPATH = /apps/gent/RHEL8/haswell-ib/software/SAMtools/1.15-GCC-11.2.0/share/man:/apps/gent/RHEL8/haswell-ib/software/cURL/7.78.0-GCCcore-11.2.0/share/man:/apps/gent/RHEL8/haswell-ib/software/bzip2/1.0.8-GCCcore-11.2.0/man:/apps/gent/RHEL8/haswell-ib/software/ncurses/6.2-GCCcore-11.2.0/share/man:/apps/gent/RHEL8/haswell-ib/software/FFTW/3.3.10-gompi-2021b/share/man:/apps/gent/RHEL8/haswell-ib/software/FlexiBLAS/3.0.4-GCC-11.2.0/share/man:/apps/gent/RHEL8/haswell-ib/software/OpenMPI/4.1.1-GCC-11.2.0/share/man:/apps/gent/RHEL8/haswell-ib/software/libfabric/1.13.2-GCCcore-11.2.0/share/man:/apps/gent/RHEL8/haswell-ib/software/hwloc/2.5.0-GCCcore-11.2.0/share/man:/apps/gent/RHEL8/haswell-ib/software/libxml2/2.9.10-GCCcore-11.2.0/share/man:/apps/gent/RHEL8/haswell-ib/software/XZ/5.2.5-GCCcore-11.2.0/share/man:/apps/gent/RHEL8/haswell-ib/software/numactl/2.0.14-GCCcore-11.2.0/share/man:/apps/gent/RHEL8/haswell-ib/software/binutils/2.37-GCCcore-11.2.0/share/man:/apps/gent/RHEL8/haswell-ib/software/zlib/1.2.11-GCCcore-11.2.0/share/man:/apps/gent/RHEL8/haswell-ib/software/GCCcore/11.2.0/share/man::
# environment
EBVAROMPI_CXX = g++
# environment
HOME = /user/gent/438/vsc43810
# environment
HPCUGENT_FAMILY_CLUSTER = cluster
# environment
LD_LIBRARY_PATH = /apps/gent/RHEL8/haswell-ib/software/SAMtools/1.15-GCC-11.2.0/lib:/apps/gent/RHEL8/haswell-ib/software/cURL/7.78.0-GCCcore-11.2.0/lib:/apps/gent/RHEL8/haswell-ib/software/bzip2/1.0.8-GCCcore-11.2.0/lib:/apps/gent/RHEL8/haswell-ib/software/ncurses/6.2-GCCcore-11.2.0/lib:/scratch/gent/vo/001/gvo00117/easybuild/RHEL8/haswell-ib/software/ScaLAPACK/2.1.0-gompi-2021b-fb/lib:/apps/gent/RHEL8/haswell-ib/software/FFTW/3.3.10-gompi-2021b/lib:/apps/gent/RHEL8/haswell-ib/software/FlexiBLAS/3.0.4-GCC-11.2.0/lib:/apps/gent/RHEL8/haswell-ib/software/OpenBLAS/0.3.18-GCC-11.2.0/lib:/apps/gent/RHEL8/haswell-ib/software/OpenMPI/4.1.1-GCC-11.2.0/lib:/apps/gent/RHEL8/haswell-ib/software/PMIx/4.1.0-GCCcore-11.2.0/lib:/apps/gent/RHEL8/haswell-ib/software/libfabric/1.13.2-GCCcore-11.2.0/lib:/apps/gent/RHEL8/haswell-ib/software/UCX/1.11.2-GCCcore-11.2.0/lib:/apps/gent/RHEL8/haswell-ib/software/libevent/2.1.12-GCCcore-11.2.0/lib:/apps/gent/RHEL8/haswell-ib/software/OpenSSL/1.1/lib:/apps/gent/RHEL8/haswell-ib/software/hwloc/2.5.0-GCCcore-11.2.0/lib:/apps/gent/RHEL8/haswell-ib/software/libpciaccess/0.16-GCCcore-11.2.0/lib:/apps/gent/RHEL8/haswell-ib/software/libxml2/2.9.10-GCCcore-11.2.0/lib:/apps/gent/RHEL8/haswell-ib/software/XZ/5.2.5-GCCcore-11.2.0/lib:/apps/gent/RHEL8/haswell-ib/software/numactl/2.0.14-GCCcore-11.2.0/lib:/apps/gent/RHEL8/haswell-ib/software/binutils/2.37-GCCcore-11.2.0/lib:/apps/gent/RHEL8/haswell-ib/software/zlib/1.2.11-GCCcore-11.2.0/lib:/apps/gent/RHEL8/haswell-ib/software/GCCcore/11.2.0/lib64
# environment
MPICXX = mpicxx
# environment
LIBBLAS_MT = -lflexiblas -lgfortran
# environment
EBROOTOPENMPI = /apps/gent/RHEL8/haswell-ib/software/OpenMPI/4.1.1-GCC-11.2.0
# environment
OPTFLAGS = -O2 -ftree-vectorize -march=native
# environment
SLURM_JOB_ID = 60022567
# environment
LAPACK_MT_SHARED_LIBS = libflexiblas.so,libgfortran.so
# environment
BLAS_LAPACK_INC_DIR = /apps/gent/RHEL8/haswell-ib/software/FlexiBLAS/3.0.4-GCC-11.2.0/include/flexiblas
# environment
_ModuleTable021_ = bHVhIiwKZnVsbE5hbWUgPSAiemxpYi8xLjIuMTEtR0NDY29yZS0xMS4yLjAiLApsb2FkT3JkZXIgPSAzLApwcm9wVCA9IHt9LApzdGFja0RlcHRoID0gMywKc3RhdHVzID0gImFjdGl2ZSIsCnVzZXJOYW1lID0gInpsaWIvMS4yLjExLUdDQ2NvcmUtMTEuMi4wIiwKd1YgPSAiMDAwMDAwMDAxLjAwMDAwMDAwMi4wMDAwMDAwMTEuKmdjY2NvcmUuKnpmaW5hbC0uMDAwMDAwMDExLjAwMDAwMDAwMi4qemZpbmFsIiwKfSwKfSwKbXBhdGhBID0gewoiL3NjcmF0Y2gvZ2VudC92by8wMDEvZ3ZvMDAxMTcvZWFzeWJ1aWxkL1JIRUw4L2hhc3dlbGwtaWIvbW9kdWxlcy9hbGwiLCAiL2FwcHMvZ2VudC9SSEVMOC9oYXN3ZWxsLWliL21vZHVsZXMvYWxsIiwgIi9ldGMvbW9kdWxlZmlsZXMv
# environment
MODULESHOME = /usr/share/lmod/lmod
# environment
VSC_INSTITUTE_CLUSTER = slaking
# environment
LOGNAME = vsc43810
# environment
EBVERSIONLIBPCIACCESS = 0.16
# environment
SCALAPACK_SHARED_LIBS = libscalapack.so,libflexiblas.so,libgfortran.so
# environment
EBVAROMPI_F77 = gfortran
# environment
EBVARCPPFLAGS = -I/apps/gent/RHEL8/haswell-ib/software/SAMtools/1.15-GCC-11.2.0/include -I/apps/gent/RHEL8/haswell-ib/software/FFTW/3.3.10-gompi-2021b/include -I/apps/gent/RHEL8/haswell-ib/software/FlexiBLAS/3.0.4-GCC-11.2.0/include -I/apps/gent/RHEL8/haswell-ib/software/FlexiBLAS/3.0.4-GCC-11.2.0/include/flexiblas
# environment
PRECFLAGS = -fno-math-errno
# environment
VSC_INSTITUTE = gent
# environment
EBDEVELXZ = /apps/gent/RHEL8/haswell-ib/software/XZ/5.2.5-GCCcore-11.2.0/easybuild/XZ-5.2.5-GCCcore-11.2.0-easybuild-devel
# environment
_ModuleTable019_ = KnpmaW5hbC0uMDAwMDAwMDExLjAwMDAwMDAwMi4qemZpbmFsIiwKfSwKbmN1cnNlcyA9IHsKZm4gPSAiL2FwcHMvZ2VudC9SSEVMOC9oYXN3ZWxsLWliL21vZHVsZXMvYWxsL25jdXJzZXMvNi4yLUdDQ2NvcmUtMTEuMi4wLmx1YSIsCmZ1bGxOYW1lID0gIm5jdXJzZXMvNi4yLUdDQ2NvcmUtMTEuMi4wIiwKbG9hZE9yZGVyID0gMjMsCnByb3BUID0ge30sCnN0YWNrRGVwdGggPSAxLApzdGF0dXMgPSAiYWN0aXZlIiwKdXNlck5hbWUgPSAibmN1cnNlcy82LjItR0NDY29yZS0xMS4yLjAiLAp3ViA9ICIwMDAwMDAwMDYuMDAwMDAwMDAyLipnY2Njb3JlLip6ZmluYWwtLjAwMDAwMDAxMS4wMDAwMDAwMDIuKnpmaW5hbCIsCn0sCm51bWFjdGwgPSB7CmZuID0gIi9hcHBzL2dlbnQv
# environment
_ModuleTable005_ = emZpbmFsIiwKfSwKT3Blbk1QSSA9IHsKZm4gPSAiL2FwcHMvZ2VudC9SSEVMOC9oYXN3ZWxsLWliL21vZHVsZXMvYWxsL09wZW5NUEkvNC4xLjEtR0NDLTExLjIuMC5sdWEiLApmdWxsTmFtZSA9ICJPcGVuTVBJLzQuMS4xLUdDQy0xMS4yLjAiLApsb2FkT3JkZXIgPSAxNiwKcHJvcFQgPSB7fSwKc3RhY2tEZXB0aCA9IDEsCnN0YXR1cyA9ICJhY3RpdmUiLAp1c2VyTmFtZSA9ICJPcGVuTVBJLzQuMS4xLUdDQy0xMS4yLjAiLAp3ViA9ICIwMDAwMDAwMDQuMDAwMDAwMDAxLjAwMDAwMDAwMS4qZ2NjLip6ZmluYWwtLjAwMDAwMDAxMS4wMDAwMDAwMDIuKnpmaW5hbCIsCn0sCk9wZW5TU0wgPSB7CmZuID0gIi9hcHBzL2dlbnQvUkhFTDgvaGFzd2VsbC1pYi9tb2R1bGVzL2FsbC9P
# environment
EBDEVELCURL = /apps/gent/RHEL8/haswell-ib/software/cURL/7.78.0-GCCcore-11.2.0/easybuild/cURL-7.78.0-GCCcore-11.2.0-easybuild-devel
# environment
EBVARSCALAPACK_SHARED_LIBS = libscalapack.so,libflexiblas.so,libgfortran.so
# environment
EBDEVELFOSS = /apps/gent/RHEL8/haswell-ib/software/foss/2021b/easybuild/foss-2021b-easybuild-devel
# environment
EBVARFFTW_SHARED_LIBS_MT = libfftw3.so,libpthread.so
# environment
LIBSCALAPACK = -lscalapack -lflexiblas -lgfortran
# environment
EBROOTBINUTILS = /apps/gent/RHEL8/haswell-ib/software/binutils/2.37-GCCcore-11.2.0
# environment
EBDEVELFFTW = /apps/gent/RHEL8/haswell-ib/software/FFTW/3.3.10-gompi-2021b/easybuild/FFTW-3.3.10-gompi-2021b-easybuild-devel
# environment
HOSTNAME = node3702.slaking.os
# environment
EBVARBLAS_LAPACK_MT_STATIC_LIBS = libflexiblas.a,libgfortran.a
# environment
VSC_HOME = /user/gent/438/vsc43810
# environment
EBVARFFT_LIB_DIR = /apps/gent/RHEL8/haswell-ib/software/FFTW/3.3.10-gompi-2021b/lib
# environment
_ModuleTable015_ = LTExLjIuMC5sdWEiLApmdWxsTmFtZSA9ICJod2xvYy8yLjUuMC1HQ0Njb3JlLTExLjIuMCIsCmxvYWRPcmRlciA9IDEwLApwcm9wVCA9IHt9LApzdGFja0RlcHRoID0gMiwKc3RhdHVzID0gImFjdGl2ZSIsCnVzZXJOYW1lID0gImh3bG9jLzIuNS4wLUdDQ2NvcmUtMTEuMi4wIiwKd1YgPSAiMDAwMDAwMDAyLjAwMDAwMDAwNS4qZ2NjY29yZS4qemZpbmFsLS4wMDAwMDAwMTEuMDAwMDAwMDAyLip6ZmluYWwiLAp9LApsaWJldmVudCA9IHsKZm4gPSAiL2FwcHMvZ2VudC9SSEVMOC9oYXN3ZWxsLWliL21vZHVsZXMvYWxsL2xpYmV2ZW50LzIuMS4xMi1HQ0Njb3JlLTExLjIuMC5sdWEiLApmdWxsTmFtZSA9ICJsaWJldmVudC8yLjEuMTItR0NDY29yZS0xMS4yLjAiLApsb2FkT3Jk
# environment
GNUMAKEFLAGS := 
# environment
LC_TIME = en_CA.UTF-8
# environment
EBVARFC = gfortran
# environment
EBDEVELLIBXML2 = /apps/gent/RHEL8/haswell-ib/software/libxml2/2.9.10-GCCcore-11.2.0/easybuild/libxml2-2.9.10-GCCcore-11.2.0-easybuild-devel
# environment
EBVARLIBSCALAPACK_MT = -lscalapack -lflexiblas -lpthread -lgfortran
# environment
EBVARLIBSCALAPACK_MT_ONLY = -lscalapack -lgfortran
# environment
OMPI_CC = gcc
# environment
_ModuleTable_Sz_ = 22
# environment
EBVARLAPACK_MT_STATIC_LIBS = libflexiblas.a,libgfortran.a
# environment
VSC_SCRATCH_VO = /scratch/gent/vo/001/gvo00117
# environment
SHLVL = 3
# environment
EB_SCRIPT_PATH = /user/gent/438/vsc43810/easybuild/easybuild-framework/eb
# environment
EBVARFFTW_STATIC_LIBS = libfftw3.a
# environment
FFTW_SHARED_LIBS_MT = libfftw3.so,libpthread.so
# environment
EBVARFCFLAGS = -O2 -ftree-vectorize -march=native -fno-math-errno
# environment
CC = gcc
# environment
ACLOCAL_PATH = /apps/gent/RHEL8/haswell-ib/software/cURL/7.78.0-GCCcore-11.2.0/share/aclocal:/apps/gent/RHEL8/haswell-ib/software/libxml2/2.9.10-GCCcore-11.2.0/share/aclocal
# environment
EBVERSIONCURL = 7.78.0
# environment
FFT_LIB_DIR = /apps/gent/RHEL8/haswell-ib/software/FFTW/3.3.10-gompi-2021b/lib
# environment
XDG_SESSION_ID = c168487
# environment
USER = vsc43810
# environment
FC = gfortran
# environment
LC_MONETARY = en_CA.UTF-8
# environment
BLAS_INC_DIR = /apps/gent/RHEL8/haswell-ib/software/FlexiBLAS/3.0.4-GCC-11.2.0/include/flexiblas
# environment
EBVARCXXFLAGS = -O2 -ftree-vectorize -march=native -fno-math-errno
# environment
EBVARF77 = gfortran
# environment
EBVERSIONLIBXML2 = 2.9.10
# environment
VSC_SCRATCH = /scratch/gent/438/vsc43810
# environment
MPICC = mpicc
# environment
EBVARBLAS_LAPACK_INC_DIR = /apps/gent/RHEL8/haswell-ib/software/FlexiBLAS/3.0.4-GCC-11.2.0/include/flexiblas
# environment
VSC_SCRATCH_SITE = /scratch/gent/438/vsc43810
# environment
VSC_DATA_VO_USER = /data/gent/vo/001/gvo00117/vsc43810
# environment
FFTW_STATIC_LIBS = libfftw3.a
# environment
_ModuleTable006_ = cGVuU1NMLzEuMS5sdWEiLApmdWxsTmFtZSA9ICJPcGVuU1NMLzEuMSIsCmxvYWRPcmRlciA9IDExLApwcm9wVCA9IHt9LApzdGFja0RlcHRoID0gMywKc3RhdHVzID0gImFjdGl2ZSIsCnVzZXJOYW1lID0gIk9wZW5TU0wvMS4xIiwKd1YgPSAiMDAwMDAwMDAxLjAwMDAwMDAwMS4qemZpbmFsIiwKfSwKUE1JeCA9IHsKZm4gPSAiL2FwcHMvZ2VudC9SSEVMOC9oYXN3ZWxsLWliL21vZHVsZXMvYWxsL1BNSXgvNC4xLjAtR0NDY29yZS0xMS4yLjAubHVhIiwKZnVsbE5hbWUgPSAiUE1JeC80LjEuMC1HQ0Njb3JlLTExLjIuMCIsCmxvYWRPcmRlciA9IDE1LApwcm9wVCA9IHt9LApzdGFja0RlcHRoID0gMiwKc3RhdHVzID0gImFjdGl2ZSIsCnVzZXJOYW1lID0gIlBNSXgvNC4xLjAt
# environment
EBDEVELNUMACTL = /apps/gent/RHEL8/haswell-ib/software/numactl/2.0.14-GCCcore-11.2.0/easybuild/numactl-2.0.14-GCCcore-11.2.0-easybuild-devel
# environment
FCFLAGS = -O2 -ftree-vectorize -march=native -fno-math-errno
# environment
LC_TELEPHONE = en_CA.UTF-8
# environment
EBROOTNCURSES = /apps/gent/RHEL8/haswell-ib/software/ncurses/6.2-GCCcore-11.2.0
# environment
VSC_VO_GENT = gvo00117
# environment
OMPI_CXX = g++
# environment
EBVARLIBBLAS = -lflexiblas -lgfortran
# environment
EBROOTLIBFABRIC = /apps/gent/RHEL8/haswell-ib/software/libfabric/1.13.2-GCCcore-11.2.0
# environment
EBROOTFLEXIBLAS = /apps/gent/RHEL8/haswell-ib/software/FlexiBLAS/3.0.4-GCC-11.2.0
# environment
EBVARLIBSCALAPACK = -lscalapack -lflexiblas -lgfortran
# environment
BLAS_LAPACK_LIB_DIR = /apps/gent/RHEL8/haswell-ib/software/FlexiBLAS/3.0.4-GCC-11.2.0/lib
# environment
VSC_ARCH_SUFFIX = -ib
# environment
EASYBUILD_BUILDPATH = /tmp/vsc43810/easybuild/build
# environment
EBROOTOPENSSL = /apps/gent/RHEL8/haswell-ib/software/OpenSSL/1.1
# environment
EBVERSIONHWLOC = 2.5.0
# environment
F77 = gfortran
# environment
OLDPWD = /user/gent/438/vsc43810/vsc-software-stack
# environment
EBROOTBZIP2 = /apps/gent/RHEL8/haswell-ib/software/bzip2/1.0.8-GCCcore-11.2.0
# environment
EBVERSIONLIBEVENT = 2.1.12
# default
.VARIABLES := 
# environment
TMPDIR = /tmp/vsc43810/eb-z2d9bs9n
# environment
OMPI_F77 = gfortran
# environment
EBVARLIBS = -lm -lpthread
# environment
SCALAPACK_MT_STATIC_LIBS = libscalapack.a,libflexiblas.a,libgfortran.a,libpthread.a
# environment
EBVARLDFLAGS = -L/apps/gent/RHEL8/haswell-ib/software/SAMtools/1.15-GCC-11.2.0/lib64 -L/apps/gent/RHEL8/haswell-ib/software/SAMtools/1.15-GCC-11.2.0/lib -L/apps/gent/RHEL8/haswell-ib/software/FFTW/3.3.10-gompi-2021b/lib64 -L/apps/gent/RHEL8/haswell-ib/software/FFTW/3.3.10-gompi-2021b/lib -L/scratch/gent/vo/001/gvo00117/easybuild/RHEL8/haswell-ib/software/ScaLAPACK/2.1.0-gompi-2021b-fb/lib64 -L/scratch/gent/vo/001/gvo00117/easybuild/RHEL8/haswell-ib/software/ScaLAPACK/2.1.0-gompi-2021b-fb/lib -L/apps/gent/RHEL8/haswell-ib/software/FlexiBLAS/3.0.4-GCC-11.2.0/lib64 -L/apps/gent/RHEL8/haswell-ib/software/FlexiBLAS/3.0.4-GCC-11.2.0/lib -L/apps/gent/RHEL8/haswell-ib/software/GCCcore/11.2.0/lib64 -L/apps/gent/RHEL8/haswell-ib/software/GCCcore/11.2.0/lib
# environment
define BASH_FUNC_module%%
() {  if [ -z "${LMOD_SH_DBG_ON+x}" ]; then
 case "$-" in 
 *v*x*)
 __lmod_sh_dbg='vx'
 ;;
 *v*)
 __lmod_sh_dbg='v'
 ;;
 *x*)
 __lmod_sh_dbg='x'
 ;;
 esac;
 fi;
 if [ -n "${__lmod_sh_dbg:-}" ]; then
 set +$__lmod_sh_dbg;
 echo "Shell debugging temporarily silenced: export LMOD_SH_DBG_ON=1 for Lmod's output" 1>&2;
 fi;
 eval "$($LMOD_CMD bash "$@")" && eval $(${LMOD_SETTARG_CMD:-:} -s sh);
 __lmod_my_status=$?;
 if [ -n "${__lmod_sh_dbg:-}" ]; then
 echo "Shell debugging restarted" 1>&2;
 set -$__lmod_sh_dbg;
 fi;
 unset __lmod_sh_dbg;
 return $__lmod_my_status
}
endef
# environment
EBVERSIONNUMACTL = 2.0.14
# environment
MAIL = /var/spool/mail/vsc43810
# environment
EBVERSIONFOSS = 2021b
# environment
VSC_SCRATCH_ARCANINE_VO_USER = /arcanine/scratch/gent/vo/001/gvo00117/vsc43810
# environment
_ModuleTable004_ = Y3RpdmUiLAp1c2VyTmFtZSA9ICJHQ0Njb3JlLzExLjIuMCIsCndWID0gIjAwMDAwMDAxMS4wMDAwMDAwMDIuKnpmaW5hbCIsCn0sCk9wZW5CTEFTID0gewpmbiA9ICIvYXBwcy9nZW50L1JIRUw4L2hhc3dlbGwtaWIvbW9kdWxlcy9hbGwvT3BlbkJMQVMvMC4zLjE4LUdDQy0xMS4yLjAubHVhIiwKZnVsbE5hbWUgPSAiT3BlbkJMQVMvMC4zLjE4LUdDQy0xMS4yLjAiLApsb2FkT3JkZXIgPSAxNywKcHJvcFQgPSB7fSwKc3RhY2tEZXB0aCA9IDIsCnN0YXR1cyA9ICJhY3RpdmUiLAp1c2VyTmFtZSA9ICJPcGVuQkxBUy8wLjMuMTgtR0NDLTExLjIuMCIsCndWID0gIjAwMDAwMDAwMC4wMDAwMDAwMDMuMDAwMDAwMDE4LipnY2MuKnpmaW5hbC0uMDAwMDAwMDExLjAwMDAwMDAwMi4q
# environment
LMOD_SYSTEM_NAME = RHEL8-haswell
# environment
SSH_CLIENT = 10.141.10.67 34344 22
# environment
EBVARSCALAPACK_MT_SHARED_LIBS = libscalapack.so,libflexiblas.so,libgfortran.so,libpthread.so
# environment
EBVARLIBBLAS_MT = -lflexiblas -lgfortran
# environment
EBVARFFTW_LIB_DIR = /apps/gent/RHEL8/haswell-ib/software/FFTW/3.3.10-gompi-2021b/lib
# environment
EASYBUILD_TRACE = 1
# environment
MPIF90 = mpifort
# environment
LIBSCALAPACK_MT = -lscalapack -lflexiblas -lpthread -lgfortran
# environment
SHELL = /bin/bash
# environment
LIBSCALAPACK_MT_ONLY = -lscalapack -lgfortran
# environment
EBDEVELSCALAPACK = /scratch/gent/vo/001/gvo00117/easybuild/RHEL8/haswell-ib/software/ScaLAPACK/2.1.0-gompi-2021b-fb/easybuild/ScaLAPACK-2.1.0-gompi-2021b-fb-easybuild-devel
# environment
LAPACK_MT_STATIC_LIBS = libflexiblas.a,libgfortran.a
# environment
EBROOTLIBPCIACCESS = /apps/gent/RHEL8/haswell-ib/software/libpciaccess/0.16-GCCcore-11.2.0
# environment
EBVARBLAS_INC_DIR = /apps/gent/RHEL8/haswell-ib/software/FlexiBLAS/3.0.4-GCC-11.2.0/include/flexiblas
# environment
OMP_PROC_BIND = TRUE
# environment
LC_PAPER = en_CA.UTF-8
# environment
VSC_OS_LOCAL = RHEL8
# environment
LMOD_REDIRECT = no
# environment
_ModuleTable007_ = R0NDY29yZS0xMS4yLjAiLAp3ViA9ICIwMDAwMDAwMDQuMDAwMDAwMDAxLipnY2Njb3JlLip6ZmluYWwtLjAwMDAwMDAxMS4wMDAwMDAwMDIuKnpmaW5hbCIsCn0sClNBTXRvb2xzID0gewpmbiA9ICIvYXBwcy9nZW50L1JIRUw4L2hhc3dlbGwtaWIvbW9kdWxlcy9hbGwvU0FNdG9vbHMvMS4xNS1HQ0MtMTEuMi4wLmx1YSIsCmZ1bGxOYW1lID0gIlNBTXRvb2xzLzEuMTUtR0NDLTExLjIuMCIsCmxvYWRPcmRlciA9IDI2LApwcm9wVCA9IHt9LApzdGFja0RlcHRoID0gMCwKc3RhdHVzID0gImFjdGl2ZSIsCnVzZXJOYW1lID0gIlNBTXRvb2xzLzEuMTUtR0NDLTExLjIuMCIsCndWID0gIjAwMDAwMDAwMS4wMDAwMDAwMTUuKmdjYy4qemZpbmFsLS4wMDAwMDAwMTEuMDAwMDAwMDAy
# environment
EBVARMPI_LIB_SHARED = /apps/gent/RHEL8/haswell-ib/software/OpenMPI/4.1.1-GCC-11.2.0/lib64/libmpi.so
# environment
LMOD_PKG = /usr/share/lmod/lmod
# environment
S_COLORS = auto
# environment
EBDEVELZLIB = /apps/gent/RHEL8/haswell-ib/software/zlib/1.2.11-GCCcore-11.2.0/easybuild/zlib-1.2.11-GCCcore-11.2.0-easybuild-devel
# environment
EBVARLIBFFT = -lfftw3
# environment
TEMP = /tmp/vsc43810/eb-z2d9bs9n
# environment
_ModuleTable014_ = a0RlcHRoID0gMCwKc3RhdHVzID0gImFjdGl2ZSIsCnVzZXJOYW1lID0gImZvc3MvMjAyMWIiLAp3ViA9ICIwMDAwMDIwMjEuKmIuKnpmaW5hbCIsCn0sCmdvbXBpID0gewpmbiA9ICIvYXBwcy9nZW50L1JIRUw4L2hhc3dlbGwtaWIvbW9kdWxlcy9hbGwvZ29tcGkvMjAyMWIubHVhIiwKZnVsbE5hbWUgPSAiZ29tcGkvMjAyMWIiLApsb2FkT3JkZXIgPSAxOSwKcHJvcFQgPSB7fSwKc3RhY2tEZXB0aCA9IDIsCnN0YXR1cyA9ICJhY3RpdmUiLAp1c2VyTmFtZSA9ICJnb21waS8yMDIxYiIsCndWID0gIjAwMDAwMjAyMS4qYi4qemZpbmFsIiwKfSwKaHdsb2MgPSB7CmZuID0gIi9hcHBzL2dlbnQvUkhFTDgvaGFzd2VsbC1pYi9tb2R1bGVzL2FsbC9od2xvYy8yLjUuMC1HQ0Njb3Jl
# environment
EBVERSIONGCCCORE = 11.2.0
# environment
EBVARSCALAPACK_STATIC_LIBS = libscalapack.a,libflexiblas.a,libgfortran.a
# environment
EBVARFFTW_STATIC_LIBS_MT = libfftw3.a,libpthread.a
# environment
CMAKE_LIBRARY_PATH = /apps/gent/RHEL8/haswell-ib/software/GCCcore/11.2.0/lib64
# environment
SCALAPACK_LIB_DIR = /scratch/gent/vo/001/gvo00117/easybuild/RHEL8/haswell-ib/software/ScaLAPACK/2.1.0-gompi-2021b-fb/lib
# environment
BLAS_LIB_DIR = /apps/gent/RHEL8/haswell-ib/software/FlexiBLAS/3.0.4-GCC-11.2.0/lib
# environment
EBROOTGCCCORE = /apps/gent/RHEL8/haswell-ib/software/GCCcore/11.2.0
# environment
EBVARBLAS_LAPACK_LIB_DIR = /apps/gent/RHEL8/haswell-ib/software/FlexiBLAS/3.0.4-GCC-11.2.0/lib
# environment
_LMFILES_ = /etc/modulefiles/vsc/cluster/slaking.lua:/apps/gent/RHEL8/haswell-ib/modules/all/GCCcore/11.2.0.lua:/apps/gent/RHEL8/haswell-ib/modules/all/zlib/1.2.11-GCCcore-11.2.0.lua:/apps/gent/RHEL8/haswell-ib/modules/all/binutils/2.37-GCCcore-11.2.0.lua:/apps/gent/RHEL8/haswell-ib/modules/all/GCC/11.2.0.lua:/apps/gent/RHEL8/haswell-ib/modules/all/numactl/2.0.14-GCCcore-11.2.0.lua:/apps/gent/RHEL8/haswell-ib/modules/all/XZ/5.2.5-GCCcore-11.2.0.lua:/apps/gent/RHEL8/haswell-ib/modules/all/libxml2/2.9.10-GCCcore-11.2.0.lua:/apps/gent/RHEL8/haswell-ib/modules/all/libpciaccess/0.16-GCCcore-11.2.0.lua:/apps/gent/RHEL8/haswell-ib/modules/all/hwloc/2.5.0-GCCcore-11.2.0.lua:/apps/gent/RHEL8/haswell-ib/modules/all/OpenSSL/1.1.lua:/apps/gent/RHEL8/haswell-ib/modules/all/libevent/2.1.12-GCCcore-11.2.0.lua:/apps/gent/RHEL8/haswell-ib/modules/all/UCX/1.11.2-GCCcore-11.2.0.lua:/apps/gent/RHEL8/haswell-ib/modules/all/libfabric/1.13.2-GCCcore-11.2.0.lua:/apps/gent/RHEL8/haswell-ib/modules/all/PMIx/4.1.0-GCCcore-11.2.0.lua:/apps/gent/RHEL8/haswell-ib/modules/all/OpenMPI/4.1.1-GCC-11.2.0.lua:/apps/gent/RHEL8/haswell-ib/modules/all/OpenBLAS/0.3.18-GCC-11.2.0.lua:/apps/gent/RHEL8/haswell-ib/modules/all/FlexiBLAS/3.0.4-GCC-11.2.0.lua:/apps/gent/RHEL8/haswell-ib/modules/all/gompi/2021b.lua:/apps/gent/RHEL8/haswell-ib/modules/all/FFTW/3.3.10-gompi-2021b.lua:/scratch/gent/vo/001/gvo00117/easybuild/RHEL8/haswell-ib/modules/all/ScaLAPACK/2.1.0-gompi-2021b-fb.lua:/apps/gent/RHEL8/haswell-ib/modules/all/foss/2021b.lua:/apps/gent/RHEL8/haswell-ib/modules/all/ncurses/6.2-GCCcore-11.2.0.lua:/apps/gent/RHEL8/haswell-ib/modules/all/bzip2/1.0.8-GCCcore-11.2.0.lua:/apps/gent/RHEL8/haswell-ib/modules/all/cURL/7.78.0-GCCcore-11.2.0.lua:/apps/gent/RHEL8/haswell-ib/modules/all/SAMtools/1.15-GCC-11.2.0.lua
# environment
_ModuleTable022_ = dnNjIiwKfSwKc3lzdGVtQmFzZU1QQVRIID0gIi9ldGMvbW9kdWxlZmlsZXMvdnNjIiwKfQo=
# environment
EBVARFFT_SHARED_LIBS = libfftw3.so
# environment
EBVARLIBLAPACK_MT_ONLY = -lflexiblas -lgfortran
# environment
__LMOD_REF_COUNT_XDG_DATA_DIRS = /apps/gent/RHEL8/haswell-ib/software/SAMtools/1.15-GCC-11.2.0/share:1;/apps/gent/RHEL8/haswell-ib/software/cURL/7.78.0-GCCcore-11.2.0/share:1;/apps/gent/RHEL8/haswell-ib/software/ncurses/6.2-GCCcore-11.2.0/share:1;/apps/gent/RHEL8/haswell-ib/software/FFTW/3.3.10-gompi-2021b/share:1;/apps/gent/RHEL8/haswell-ib/software/FlexiBLAS/3.0.4-GCC-11.2.0/share:1;/apps/gent/RHEL8/haswell-ib/software/OpenMPI/4.1.1-GCC-11.2.0/share:1;/apps/gent/RHEL8/haswell-ib/software/PMIx/4.1.0-GCCcore-11.2.0/share:1;/apps/gent/RHEL8/haswell-ib/software/libfabric/1.13.2-GCCcore-11.2.0/share:1;/apps/gent/RHEL8/haswell-ib/software/UCX/1.11.2-GCCcore-11.2.0/share:1;/apps/gent/RHEL8/haswell-ib/software/hwloc/2.5.0-GCCcore-11.2.0/share:1;/apps/gent/RHEL8/haswell-ib/software/libxml2/2.9.10-GCCcore-11.2.0/share:1;/apps/gent/RHEL8/haswell-ib/software/XZ/5.2.5-GCCcore-11.2.0/share:1;/apps/gent/RHEL8/haswell-ib/software/numactl/2.0.14-GCCcore-11.2.0/share:1;/apps/gent/RHEL8/haswell-ib/software/binutils/2.37-GCCcore-11.2.0/share:1;/apps/gent/RHEL8/haswell-ib/software/zlib/1.2.11-GCCcore-11.2.0/share:1;/apps/gent/RHEL8/haswell-ib/software/GCCcore/11.2.0/share:1
# environment
EASYBUILD_SOURCEPATH = /data/gent/vo/001/gvo00117/easybuild/sources:/apps/gent/sources
# environment
EB_PYTHON = python3
# environment
EBVERSIONSCALAPACK = 2.1.0
# environment
LAPACK_INC_DIR = /apps/gent/RHEL8/haswell-ib/software/FlexiBLAS/3.0.4-GCC-11.2.0/include/flexiblas
# environment
CXX = g++
# environment
LC_MEASUREMENT = en_CA.UTF-8
# environment
EBDEVELFLEXIBLAS = /apps/gent/RHEL8/haswell-ib/software/FlexiBLAS/3.0.4-GCC-11.2.0/easybuild/FlexiBLAS-3.0.4-GCC-11.2.0-easybuild-devel
# environment
EBVERSIONZLIB = 1.2.11
# environment
FFTW_STATIC_LIBS_MT = libfftw3.a,libpthread.a
# environment
EBVARCFLAGS = -O2 -ftree-vectorize -march=native -fno-math-errno
# environment
EBROOTXZ = /apps/gent/RHEL8/haswell-ib/software/XZ/5.2.5-GCCcore-11.2.0
# environment
EBVARMPI_INC_DIR = /apps/gent/RHEL8/haswell-ib/software/OpenMPI/4.1.1-GCC-11.2.0/include
# environment
MPI_LIB_SHARED = /apps/gent/RHEL8/haswell-ib/software/OpenMPI/4.1.1-GCC-11.2.0/lib64/libmpi.so
# environment
EASYBUILD_PREFIX = /scratch/gent/vo/001/gvo00117/easybuild/RHEL8/haswell-ib
# environment
EBDEVELOPENSSL = /apps/gent/RHEL8/haswell-ib/software/OpenSSL/1.1/easybuild/OpenSSL-1.1-easybuild-devel
# environment
_ModuleTable016_ = ZXIgPSAxMiwKcHJvcFQgPSB7fSwKc3RhY2tEZXB0aCA9IDIsCnN0YXR1cyA9ICJhY3RpdmUiLAp1c2VyTmFtZSA9ICJsaWJldmVudC8yLjEuMTItR0NDY29yZS0xMS4yLjAiLAp3ViA9ICIwMDAwMDAwMDIuMDAwMDAwMDAxLjAwMDAwMDAxMi4qZ2NjY29yZS4qemZpbmFsLS4wMDAwMDAwMTEuMDAwMDAwMDAyLip6ZmluYWwiLAp9LApsaWJmYWJyaWMgPSB7CmZuID0gIi9hcHBzL2dlbnQvUkhFTDgvaGFzd2VsbC1pYi9tb2R1bGVzL2FsbC9saWJmYWJyaWMvMS4xMy4yLUdDQ2NvcmUtMTEuMi4wLmx1YSIsCmZ1bGxOYW1lID0gImxpYmZhYnJpYy8xLjEzLjItR0NDY29yZS0xMS4yLjAiLApsb2FkT3JkZXIgPSAxNCwKcHJvcFQgPSB7fSwKc3RhY2tEZXB0aCA9IDIsCnN0YXR1cyA9
# environment
LMOD_FAMILY_CLUSTER = cluster
# environment
DOTNET_BUNDLE_EXTRACT_BASE_DIR = /user/gent/438/vsc43810/.cache/dotnet_bundle_extract
# environment
EBVARFFTW_INC_DIR = /apps/gent/RHEL8/haswell-ib/software/FFTW/3.3.10-gompi-2021b/include
# environment
EBVARLAPACK_LIB_DIR = /apps/gent/RHEL8/haswell-ib/software/FlexiBLAS/3.0.4-GCC-11.2.0/lib
# environment
FFT_SHARED_LIBS = libfftw3.so
# environment
FLIBS = -lgfortran
# environment
EBVERSIONOPENSSL = 1.1
# environment
EBVARFLIBS = -lgfortran
# environment
EBROOTLIBXML2 = /apps/gent/RHEL8/haswell-ib/software/libxml2/2.9.10-GCCcore-11.2.0
# environment
LMOD_QUIET = 1
# environment
SCALAPACK_INC_DIR = 
# environment
HISTSIZE = 1000
# environment
EBVARF90FLAGS = -O2 -ftree-vectorize -march=native -fno-math-errno
# environment
VSC_SCRATCH_KYUKON = /kyukon/scratch/gent/438/vsc43810
# environment
EASYBUILD_GITHUB_USER = deniskristak
# environment
EBROOTCURL = /apps/gent/RHEL8/haswell-ib/software/cURL/7.78.0-GCCcore-11.2.0
# environment
LMOD_ROOT = /usr/share/lmod
# environment
LMOD_SETTARG_FULL_SUPPORT = no
# environment
LMOD_EXTENDED_DEFAULT = no
# environment
FFTW_INC_DIR = /apps/gent/RHEL8/haswell-ib/software/FFTW/3.3.10-gompi-2021b/include
# environment
EBVAROMPI_F90 = gfortran
# environment
LAPACK_SHARED_LIBS = libflexiblas.so,libgfortran.so
# environment
LC_IDENTIFICATION = en_CA.UTF-8
# environment
EASYBUILD_GIT_WORKING_DIRS_PATH = /user/gent/438/vsc43810/easybuild
# environment
LAPACK_LIB_DIR = /apps/gent/RHEL8/haswell-ib/software/FlexiBLAS/3.0.4-GCC-11.2.0/lib
# environment
BLAS_LAPACK_SHARED_LIBS = libflexiblas.so,libgfortran.so
# environment
LIBS = -lm -lpthread
# default
.RECIPEPREFIX := 
# environment
VSC_DATA_VO_USER_GENT = /data/gent/vo/001/gvo00117/vsc43810
# environment
VSC_INSTITUTE_LOCAL = gent
# environment
HPCUGENT_FAMILY_CLUSTER_VERSION = slaking
# environment
VSC_SCRATCH_CLUSTER = /local
# environment
__LMOD_REF_COUNT_MODULEPATH = /scratch/gent/vo/001/gvo00117/easybuild/RHEL8/haswell-ib/modules/all:1;/apps/gent/RHEL8/haswell-ib/modules/all:1;/etc/modulefiles/vsc:1
# environment
XDG_RUNTIME_DIR = /run/user/2543810
# environment
__LMOD_REF_COUNT_CPATH = /apps/gent/RHEL8/haswell-ib/software/SAMtools/1.15-GCC-11.2.0/include:1;/apps/gent/RHEL8/haswell-ib/software/cURL/7.78.0-GCCcore-11.2.0/include:1;/apps/gent/RHEL8/haswell-ib/software/bzip2/1.0.8-GCCcore-11.2.0/include:1;/apps/gent/RHEL8/haswell-ib/software/ncurses/6.2-GCCcore-11.2.0/include:1;/apps/gent/RHEL8/haswell-ib/software/FFTW/3.3.10-gompi-2021b/include:1;/apps/gent/RHEL8/haswell-ib/software/FlexiBLAS/3.0.4-GCC-11.2.0/include/flexiblas:1;/apps/gent/RHEL8/haswell-ib/software/OpenBLAS/0.3.18-GCC-11.2.0/include:1;/apps/gent/RHEL8/haswell-ib/software/OpenMPI/4.1.1-GCC-11.2.0/include:1;/apps/gent/RHEL8/haswell-ib/software/PMIx/4.1.0-GCCcore-11.2.0/include:1;/apps/gent/RHEL8/haswell-ib/software/libfabric/1.13.2-GCCcore-11.2.0/include:1;/apps/gent/RHEL8/haswell-ib/software/UCX/1.11.2-GCCcore-11.2.0/include:1;/apps/gent/RHEL8/haswell-ib/software/libevent/2.1.12-GCCcore-11.2.0/include:1;/apps/gent/RHEL8/haswell-ib/software/OpenSSL/1.1/include:1;/apps/gent/RHEL8/haswell-ib/software/hwloc/2.5.0-GCCcore-11.2.0/include:1;/apps/gent/RHEL8/haswell-ib/software/libpciaccess/0.16-GCCcore-11.2.0/include:1;/apps/gent/RHEL8/haswell-ib/software/libxml2/2.9.10-GCCcore-11.2.0/include/libxml2:1;/apps/gent/RHEL8/haswell-ib/software/libxml2/2.9.10-GCCcore-11.2.0/include:1;/apps/gent/RHEL8/haswell-ib/software/XZ/5.2.5-GCCcore-11.2.0/include:1;/apps/gent/RHEL8/haswell-ib/software/numactl/2.0.14-GCCcore-11.2.0/include:1;/apps/gent/RHEL8/haswell-ib/software/binutils/2.37-GCCcore-11.2.0/include:1;/apps/gent/RHEL8/haswell-ib/software/zlib/1.2.11-GCCcore-11.2.0/include:1
# environment
LIBFFT = -lfftw3
# environment
F90FLAGS = -O2 -ftree-vectorize -march=native -fno-math-errno
# environment
LANG = en_US.UTF-8
# environment
_ModuleTable008_ = Lip6ZmluYWwiLAp9LApTY2FMQVBBQ0sgPSB7CmZuID0gIi9zY3JhdGNoL2dlbnQvdm8vMDAxL2d2bzAwMTE3L2Vhc3lidWlsZC9SSEVMOC9oYXN3ZWxsLWliL21vZHVsZXMvYWxsL1NjYUxBUEFDSy8yLjEuMC1nb21waS0yMDIxYi1mYi5sdWEiLApmdWxsTmFtZSA9ICJTY2FMQVBBQ0svMi4xLjAtZ29tcGktMjAyMWItZmIiLApsb2FkT3JkZXIgPSAyMSwKcHJvcFQgPSB7fSwKc3RhY2tEZXB0aCA9IDEsCnN0YXR1cyA9ICJhY3RpdmUiLAp1c2VyTmFtZSA9ICJTY2FMQVBBQ0svMi4xLjAtZ29tcGktMjAyMWItZmIiLAp3ViA9ICIwMDAwMDAwMDIuMDAwMDAwMDAxLipnb21waS4qemZpbmFsLS4wMDAwMDIwMjEuKmIuKmZiLip6ZmluYWwiLAp9LApVQ1ggPSB7CmZuID0gIi9hcHBz
# environment
TERM = xterm-256color
# environment
VSC_ARCH_LOCAL = haswell
# environment
EBROOTNUMACTL = /apps/gent/RHEL8/haswell-ib/software/numactl/2.0.14-GCCcore-11.2.0
# environment
EBVARLIBFFT_MT = -lfftw3 -lpthread
# environment
VSC_SCRATCH_NODE = /local
# environment
CURL_INCLUDES = /apps/gent/RHEL8/haswell-ib/software/cURL/7.78.0-GCCcore-11.2.0/include
# environment
EBVARSCALAPACK_MT_STATIC_LIBS = libscalapack.a,libflexiblas.a,libgfortran.a,libpthread.a
# variable set hash-table stats:
# Load=385/1024=38%, Rehash=0, Collisions=109/387=28%

# Pattern-specific Variable Values

# No pattern-specific variable values.

# Directories


# No files, no impossibilities in 0 directories.

# Implicit Rules

# No implicit rules.

# Files

# files hash-table stats:
# Load=0/1024=0%, Rehash=0, Collisions=0/0=0%
# VPATH Search Paths

# No 'vpath' search paths.

# No general ('VPATH' variable) search path.

# No strcache buffers

# Finished Make data base on Tue Sep  6 16:53:17 2022

