# output for command: make  -j 8

g++ -c -o subexon-info.o "-IBROOTSAMTOOLS/include -LBROOTSAMTOOLS/lib" -Wall -O3  SubexonInfo.cpp -lbam -lz -lm -lpthread 
g++ -c -o stats.o "-IBROOTSAMTOOLS/include -LBROOTSAMTOOLS/lib" -Wall -O3  stats.cpp -lbam -lz -lm -lpthread 
g++ -c -o subexon-graph.o "-IBROOTSAMTOOLS/include -LBROOTSAMTOOLS/lib" -Wall -O3  SubexonGraph.cpp -lbam -lz -lm -lpthread 
g++ -c -o combine-subexons.o "-IBROOTSAMTOOLS/include -LBROOTSAMTOOLS/lib" -Wall -O3  CombineSubexons.cpp -lbam -lz -lm -lpthread 
g++ -c -o classes.o "-IBROOTSAMTOOLS/include -LBROOTSAMTOOLS/lib" -Wall -O3  classes.cpp -lbam -lz -lm -lpthread 
g++ -c -o constraints.o "-IBROOTSAMTOOLS/include -LBROOTSAMTOOLS/lib" -Wall -O3  Constraints.cpp -lbam -lz -lm -lpthread 
g++ -c -o transcript-decider.o "-IBROOTSAMTOOLS/include -LBROOTSAMTOOLS/lib" -Wall -O3  TranscriptDecider.cpp -lbam -lz -lm -lpthread 
g++ -c -o vote-transcripts.o "-IBROOTSAMTOOLS/include -LBROOTSAMTOOLS/lib" -Wall -O3  Vote.cpp -lbam -lz -lm -lpthread 
In file included from SubexonGraph.hpp:4,
                 from SubexonGraph.cpp:1:
alignments.hpp:6:10: fatal error: sam.h: No such file or directory
    6 | #include <sam.h>
      |          ^~~~~~~
compilation terminated.
make: *** [Makefile:55: subexon-graph.o] Error 1
make: *** Waiting for unfinished jobs....
In file included from TranscriptDecider.hpp:9,
                 from TranscriptDecider.cpp:1:
alignments.hpp:6:10: fatal error: sam.h: No such file or directory
    6 | #include <sam.h>
      |          ^~~~~~~
compilation terminated.
make: *** [Makefile:59: transcript-decider.o] Error 1
In file included from classes.cpp:6:
alignments.hpp:6:10: fatal error: sam.h: No such file or directory
    6 | #include <sam.h>
      |          ^~~~~~~
compilation terminated.
make: *** [Makefile:61: classes.o] Error 1
In file included from SubexonInfo.cpp:14:
alignments.hpp:6:10: fatal error: sam.h: No such file or directory
    6 | #include <sam.h>
      |          ^~~~~~~
compilation terminated.
make: *** [Makefile:49: subexon-info.o] Error 1
stats.cpp: In function long double digammal(long double):
stats.cpp:74:38: warning: ISO C++17 does not allow register storage class specifier [-Wregister]
   74 |                 register long double Tn_1 = 1.0L ;      /* T_{n-1}(x), started at n=1 */
      |                                      ^~~~
stats.cpp:75:38: warning: ISO C++17 does not allow register storage class specifier [-Wregister]
   75 |                 register long double Tn = x-2.0L ;      /* T_{n}(x) , started at n=1 */
      |                                      ^~
stats.cpp:76:38: warning: ISO C++17 does not allow register storage class specifier [-Wregister]
   76 |                 register long double resul = Kncoe[0] + Kncoe[1]*Tn ;
      |                                      ^~~~~
In file included from CombineSubexons.cpp:9:
alignments.hpp:6:10: fatal error: sam.h: No such file or directory
    6 | #include <sam.h>
      |          ^~~~~~~
compilation terminated.
In file included from TranscriptDecider.hpp:9,
                 from Vote.cpp:11:
alignments.hpp:6:10: fatal error: sam.h: No such file or directory
    6 | #include <sam.h>
      |          ^~~~~~~
compilation terminated.
make: *** [Makefile:51: combine-subexons.o] Error 1
make: *** [Makefile:65: vote-transcripts.o] Error 1
In file included from Constraints.hpp:11,
                 from Constraints.cpp:1:
alignments.hpp:6:10: fatal error: sam.h: No such file or directory
    6 | #include <sam.h>
      |          ^~~~~~~
compilation terminated.
make: *** [Makefile:57: constraints.o] Error 1
