# output for command: make  -j 8

g++ -O2 -ftree-vectorize -march=native -fno-math-errno -Wall -DM_THREAD=1 -DUSE_ZLIB=1 -c spaln.cc
g++ -O2 -ftree-vectorize -march=native -fno-math-errno -Wall -DM_THREAD=1 -DUSE_ZLIB=1 -c blksrc.cc
g++ -O2 -ftree-vectorize -march=native -fno-math-errno -Wall -DM_THREAD=1 -DUSE_ZLIB=1 -c aln2.cc
g++ -O2 -ftree-vectorize -march=native -fno-math-errno -Wall -DM_THREAD=1 -DUSE_ZLIB=1 -c dbs.cc
g++ -O2 -ftree-vectorize -march=native -fno-math-errno -Wall -DM_THREAD=1 -DUSE_ZLIB=1 -c gaps.cc
g++ -O2 -ftree-vectorize -march=native -fno-math-errno -Wall -DM_THREAD=1 -DUSE_ZLIB=1 -c codepot.cc
g++ -O2 -ftree-vectorize -march=native -fno-math-errno -Wall -DM_THREAD=1 -DUSE_ZLIB=1 -c divseq.cc
g++ -O2 -ftree-vectorize -march=native -fno-math-errno -Wall -DM_THREAD=1 -DUSE_ZLIB=1 -c gsinfo.cc
g++ -O2 -ftree-vectorize -march=native -fno-math-errno -Wall -DM_THREAD=1 -DUSE_ZLIB=1 -c fwd2b1.cc
g++ -O2 -ftree-vectorize -march=native -fno-math-errno -Wall -DM_THREAD=1 -DUSE_ZLIB=1 -c fwd2d1.cc
g++ -O2 -ftree-vectorize -march=native -fno-math-errno -Wall -DM_THREAD=1 -DUSE_ZLIB=1 -c fwd2h1.cc
g++ -O2 -ftree-vectorize -march=native -fno-math-errno -Wall -DM_THREAD=1 -DUSE_ZLIB=1 -c fwd2s1.cc
g++ -O2 -ftree-vectorize -march=native -fno-math-errno -Wall -DM_THREAD=1 -DUSE_ZLIB=1 -c bitpat.cc
fwd2b1.cc:32:10: fatal error: fwd2s1_simd.h: No such file or directory
   32 | #include "fwd2s1_simd.h"
      |          ^~~~~~~~~~~~~~~
compilation terminated.
make: *** [Makefile:30: fwd2b1.o] Error 1
make: *** Waiting for unfinished jobs....
fwd2h1.cc:35:10: fatal error: fwd2h1_simd.h: No such file or directory
   35 | #include "fwd2h1_simd.h"
      |          ^~~~~~~~~~~~~~~
compilation terminated.
make: *** [Makefile:30: fwd2h1.o] Error 1
fwd2s1.cc:34:10: fatal error: fwd2s1_simd.h: No such file or directory
   34 | #include "fwd2s1_simd.h"
      |          ^~~~~~~~~~~~~~~
compilation terminated.
make: *** [Makefile:30: fwd2s1.o] Error 1
