# output for command: cp /tmp/vsc43810/easybuild/build/SRAToolkit/3.0.0/gompi-2021b/ncbi-vdb-3.0.0/setup/os-arch.prl /tmp/vsc43810/easybuild/build/SRAToolkit/3.0.0/gompi-2021b/sra-tools-3.0.0/setup/ && ./configure --help && ./configure --prefix=/scratch/gent/vo/001/gvo00117/easybuild/RHEL8/haswell-ib/software/SRA-Toolkit/3.0.0-gompi-2021b --build-prefix=/tmp/vsc43810/easybuild/build/SRAToolkit/3.0.0/gompi-2021b  --with-hdf5-prefix=$EBROOTHDF5 --with-xml2-prefix=$EBROOTLIBXML2 --with-ncbi-vdb-prefix=/tmp/vsc43810/easybuild/build/SRAToolkit/3.0.0/gompi-2021b/ncbi-vdb/linux/gcc/x86_64/rel/

`configure' configures SRA-TOOLS to adapt to many kinds of systems.

Usage: ./configure [OPTION]...

Defaults for the options are specified in brackets.

Configuration:
  -h, --help              display this help and exit

Installation directories:
  --prefix=PREFIX         install all files in PREFIX
                          [/usr/local/ncbi/sra-tools]

By default, `make install' will install all the files in
`/usr/local/ncbi/sra-tools/bin', `/usr/local/ncbi/sra-tools/lib' etc.
You can specify an installation prefix other than `/usr/local/ncbi/sra-tools'
using `--prefix', for instance `--prefix=/user/gent/438/vsc43810/ncbi/sra-tools'.

For better control, use the options below.

Required Packages:
  --with-ncbi-vdb-prefix=DIR      search for ncbi-vdb package in DIR

Optional Packages:
  --with-fuse-prefix=DIR    search for fuse files in DIR
  --with-hdf5-prefix=DIR    search for hdf5 files in DIR
  --with-magic-prefix=DIR    search for magic files in DIR
  --with-xml2-prefix=DIR    search for xml2 files in DIR

Optional Features:
  --enable-static         build static executable [default=no]

Build tuning:
  --with-debug
  --without-debug

  --relative-build-out-dir generate build output into directory
                           relative to sources [/user/gent/438/vsc43810/ncbi-outdir]
  --build-prefix=DIR       generate build output into DIR directory
                           [/user/gent/438/vsc43810/ncbi-outdir]

Miscellaneous:
  --reconfigure            rerun `configure'
                           using the same command-line arguments
  --status                 print current configuration information
  --clean                  remove all configuration results
  --debug                  print lots of debugging information

If `configure' was already run running `configure' without options
will rerun `configure' using the same command-line arguments.

Report bugs to sra-tools@ncbi.nlm.nih.gov
Configuring SRA-TOOLS package
checking system type... Linux
checking OS distributor... RedHatEnterprise
checking machine architecture... x86_64
checking for supported architecture... x86_64 (64 bits) is supported
checking for supported OS... Linux (linux) is supported
checking for supported tool chain... gcc tool chain is supported
checking for gcc... gcc (GCC) 11.2.0
checking for g++... yes
checking for Python 3... /apps/gent/RHEL8/haswell-ib/software/Python/3.9.6-GCCcore-11.2.0/bin/python
checking whether gcc accepts -Wno-array-bounds... yes
checking whether g++ accepts -static-libstdc++... yes
checking for QMake... no
checking for fuse library... no
checking for hdf5 library... no
checking for magic library... no
checking for xml2 library... yes
checking for ncbi-vdb package... no
configure: error: required ncbi-vdb package not found.
