== 2022-09-13 17:23:42,636 easyblock.py:304 INFO This is EasyBuild 4.6.1.dev0-r71ae5cd8517340f5c9e06aff7ed7bc6028bf91f7 (framework: 4.6.1.dev0-r6dc5424a7c9ae282b0d98a09be97a01a6b3df8c9, easyblocks: 4.6.1.dev0-r71ae5cd8517340f5c9e06aff7ed7bc6028bf91f7) on host node3701.slaking.os.
== 2022-09-13 17:23:42,637 easyblock.py:310 INFO This is easyblock MakeCp from module easybuild.easyblocks.generic.makecp (/user/gent/438/vsc43810/easybuild/easybuild-easyblocks/easybuild/easyblocks/generic/makecp.py)
== 2022-09-13 17:23:42,637 easyblock.py:983 INFO Build dir set to /tmp/vsc43810/easybuild/build/PsiCLASS/1.0.3/GCC-11.2.0
== 2022-09-13 17:23:42,637 easyblock.py:1040 INFO Software install dir set to /scratch/gent/vo/001/gvo00117/easybuild/RHEL8/haswell-ib/software/PsiCLASS/1.0.3-GCC-11.2.0
== 2022-09-13 17:23:42,637 easyblock.py:1045 INFO Module install dir set to /scratch/gent/vo/001/gvo00117/easybuild/RHEL8/haswell-ib/modules/all
== 2022-09-13 17:23:42,638 easyblock.py:279 INFO Init completed for application name PsiCLASS version 1.0.3
== 2022-09-13 17:23:42,638 easyblock.py:4032 INFO Obtained application instance of for PsiCLASS (easyblock: MakeCp)
== 2022-09-13 17:23:42,638 easyconfig.py:1686 INFO Generating template values...
== 2022-09-13 17:23:42,639 easyconfig.py:1705 INFO Template values: arch='x86_64', bitbucket_account='psiclass', github_account='psiclass', module_name='PsiCLASS/1.0.3-GCC-11.2.0', name='PsiCLASS', nameletter='P', nameletterlower='p', namelower='psiclass', toolchain_name='GCC', toolchain_version='11.2.0', version='1.0.3', version_major='1', version_major_minor='1.0', version_minor='0', versionprefix='', versionsuffix=''
== 2022-09-13 17:23:42,640 one.py:178 INFO Skipping reformatting value for parameter 'toolchain'
== 2022-09-13 17:23:42,642 filetools.py:1913 INFO Creating directory /tmp/vsc43810/eb-kxsjm_na/reprod_20220913172342_992303 (parents: True, set_gid: False, sticky: False)
== 2022-09-13 17:23:42,643 easyblock.py:4286 INFO Dumped easyconfig instance to /tmp/vsc43810/eb-kxsjm_na/reprod_20220913172342_992303/PsiCLASS-1.0.3-GCC-11.2.0.eb
== 2022-09-13 17:23:42,645 filetools.py:1913 INFO Creating directory /tmp/vsc43810/eb-kxsjm_na/reprod_20220913172342_992303/easyblocks (parents: True, set_gid: False, sticky: False)
== 2022-09-13 17:23:42,661 filetools.py:2426 INFO /user/gent/438/vsc43810/easybuild/easybuild-easyblocks/easybuild/easyblocks/generic/makecp.py copied to /tmp/vsc43810/eb-kxsjm_na/reprod_20220913172342_992303/easyblocks/makecp.py
== 2022-09-13 17:23:42,661 easyblock.py:4266 INFO Dumped easyblock makecp.py required for reproduction to /tmp/vsc43810/eb-kxsjm_na/reprod_20220913172342_992303/easyblocks
== 2022-09-13 17:23:42,673 filetools.py:2426 INFO /user/gent/438/vsc43810/easybuild/easybuild-easyblocks/easybuild/easyblocks/generic/configuremake.py copied to /tmp/vsc43810/eb-kxsjm_na/reprod_20220913172342_992303/easyblocks/configuremake.py
== 2022-09-13 17:23:42,673 easyblock.py:4266 INFO Dumped easyblock configuremake.py required for reproduction to /tmp/vsc43810/eb-kxsjm_na/reprod_20220913172342_992303/easyblocks
== 2022-09-13 17:23:42,676 easyblock.py:2118 INFO Number of iterations to perform for central part of installation procedure: 1
== 2022-09-13 17:23:42,678 build_log.py:265 INFO building and installing PsiCLASS/1.0.3-GCC-11.2.0...
== 2022-09-13 17:23:42,691 filetools.py:2006 INFO Lock /scratch/gent/vo/001/gvo00117/easybuild/RHEL8/haswell-ib/software/.locks/_scratch_gent_vo_001_gvo00117_easybuild_RHEL8_haswell-ib_software_PsiCLASS_1.0.3-GCC-11.2.0.lock does not exist
== 2022-09-13 17:23:42,691 filetools.py:1947 INFO Creating lock at /scratch/gent/vo/001/gvo00117/easybuild/RHEL8/haswell-ib/software/.locks/_scratch_gent_vo_001_gvo00117_easybuild_RHEL8_haswell-ib_software_PsiCLASS_1.0.3-GCC-11.2.0.lock...
== 2022-09-13 17:23:42,691 filetools.py:1913 INFO Creating directory /scratch/gent/vo/001/gvo00117/easybuild/RHEL8/haswell-ib/software/.locks/_scratch_gent_vo_001_gvo00117_easybuild_RHEL8_haswell-ib_software_PsiCLASS_1.0.3-GCC-11.2.0.lock (parents: True, set_gid: False, sticky: False)
== 2022-09-13 17:23:42,693 filetools.py:1956 INFO Lock created: /scratch/gent/vo/001/gvo00117/easybuild/RHEL8/haswell-ib/software/.locks/_scratch_gent_vo_001_gvo00117_easybuild_RHEL8_haswell-ib_software_PsiCLASS_1.0.3-GCC-11.2.0.lock
== 2022-09-13 17:23:42,693 build_log.py:265 INFO fetching files...
== 2022-09-13 17:23:42,699 easyblock.py:3758 INFO Starting fetch step
== 2022-09-13 17:23:42,699 easyconfig.py:1686 INFO Generating template values...
== 2022-09-13 17:23:42,700 easyconfig.py:1705 INFO Template values: arch='x86_64', bitbucket_account='psiclass', builddir='/tmp/vsc43810/easybuild/build/PsiCLASS/1.0.3/GCC-11.2.0', github_account='psiclass', installdir='/scratch/gent/vo/001/gvo00117/easybuild/RHEL8/haswell-ib/software/PsiCLASS/1.0.3-GCC-11.2.0', module_name='PsiCLASS/1.0.3-GCC-11.2.0', name='PsiCLASS', nameletter='P', nameletterlower='p', namelower='psiclass', toolchain_name='GCC', toolchain_version='11.2.0', version='1.0.3', version_major='1', version_major_minor='1.0', version_minor='0', versionprefix='', versionsuffix=''
== 2022-09-13 17:23:42,700 easyblock.py:3766 INFO Running method fetch_step part of step fetch
== 2022-09-13 17:23:42,700 easyblock.py:2240 WARNING Easyconfig does not specify an EasyBuild-version (key 'easybuild_version')! Assuming the latest version
== 2022-09-13 17:23:42,701 tools.py:271 INFO Found location to 'eb' script via $EB_SCRIPT_PATH: /user/gent/438/vsc43810/easybuild/easybuild-framework/eb
== 2022-09-13 17:23:42,701 tools.py:287 INFO Not considering /user/gent/438/vsc43810/easybuild (no easybuild/easyconfigs subdir found)
== 2022-09-13 17:23:42,702 tools.py:295 INFO Also considering installation prefix /kyukon/home/gent/438/vsc43810/easybuild (via resolved path to 'eb')...
== 2022-09-13 17:23:42,713 easyblock.py:794 INFO Found file v1.0.3.tar.gz at /data/gent/vo/001/gvo00117/easybuild/sources/p/PsiCLASS/v1.0.3.tar.gz
== 2022-09-13 17:23:42,714 easyblock.py:454 INFO Added sources: [{'name': 'v1.0.3.tar.gz', 'path': '/data/gent/vo/001/gvo00117/easybuild/sources/p/PsiCLASS/v1.0.3.tar.gz', 'cmd': None, 'checksum': None, 'finalpath': '/tmp/vsc43810/easybuild/build/PsiCLASS/1.0.3/GCC-11.2.0'}]
== 2022-09-13 17:23:42,714 tools.py:271 INFO Found location to 'eb' script via $EB_SCRIPT_PATH: /user/gent/438/vsc43810/easybuild/easybuild-framework/eb
== 2022-09-13 17:23:42,714 tools.py:287 INFO Not considering /user/gent/438/vsc43810/easybuild (no easybuild/easyconfigs subdir found)
== 2022-09-13 17:23:42,715 tools.py:295 INFO Also considering installation prefix /kyukon/home/gent/438/vsc43810/easybuild (via resolved path to 'eb')...
== 2022-09-13 17:23:42,716 easyblock.py:794 INFO Found file PsiCLASS-samtool_as_dep.patch at /kyukon/home/gent/438/vsc43810/vsc-software-stack/21_finder/PsiCLASS-samtool_as_dep.patch
== 2022-09-13 17:23:42,716 easyblock.py:493 INFO Added patches: [{'name': 'PsiCLASS-samtool_as_dep.patch', 'postinstall': False, 'path': '/kyukon/home/gent/438/vsc43810/vsc-software-stack/21_finder/PsiCLASS-samtool_as_dep.patch', 'checksum': None}]
== 2022-09-13 17:23:42,739 easyblock.py:2293 INFO md5 checksum for /data/gent/vo/001/gvo00117/easybuild/sources/p/PsiCLASS/v1.0.3.tar.gz: d82d6128d3c2d819d60c838a09b66d41
== 2022-09-13 17:23:42,745 easyblock.py:2293 INFO sha256 checksum for /data/gent/vo/001/gvo00117/easybuild/sources/p/PsiCLASS/v1.0.3.tar.gz: c60c0f33f9a076b97ccdba68b9140a5fb6936a5c5e309d70b3d0cf558828f73d
== 2022-09-13 17:23:42,746 easyblock.py:2293 INFO md5 checksum for /kyukon/home/gent/438/vsc43810/vsc-software-stack/21_finder/PsiCLASS-samtool_as_dep.patch: 27c3cf2b319a7e95ea1c4a0dd9fe290b
== 2022-09-13 17:23:42,747 easyblock.py:2293 INFO sha256 checksum for /kyukon/home/gent/438/vsc43810/vsc-software-stack/21_finder/PsiCLASS-samtool_as_dep.patch: 8adce698b4ca636a2109621f71f30a08d8c817d71b953fa5ca22d4ab5d3acbc9
== 2022-09-13 17:23:42,777 easyblock.py:2328 INFO Checking dirs that need to be created: ['/scratch/gent/vo/001/gvo00117/easybuild/RHEL8/haswell-ib/software/PsiCLASS/1.0.3-GCC-11.2.0', '/scratch/gent/vo/001/gvo00117/easybuild/RHEL8/haswell-ib/modules/all/PsiCLASS', '/scratch/gent/vo/001/gvo00117/easybuild/RHEL8/haswell-ib/modules/bio/PsiCLASS']
== 2022-09-13 17:23:42,796 configuremake.py:95 INFO config.guess version: 2018-08-29 (last updated: 2022-08-15T17:53:38.019237, SHA256 checksum: c02eb9cc55c86cfd1e9a794e548d25db5c9539e7b2154beb649bc6e2cbffc74c)
== 2022-09-13 17:23:42,796 configuremake.py:150 INFO Found config.guess at /data/gent/vo/001/gvo00117/easybuild/sources/generic/eb_v4.6.1.dev0/ConfigureMake/config.guess
== 2022-09-13 17:23:42,796 build_log.py:265 INFO ... (took < 1 sec)
== 2022-09-13 17:23:42,802 build_log.py:265 INFO creating build dir, resetting environment...
== 2022-09-13 17:23:42,808 easyblock.py:3758 INFO Starting ready step
== 2022-09-13 17:23:42,809 easyconfig.py:1686 INFO Generating template values...
== 2022-09-13 17:23:42,809 easyconfig.py:1705 INFO Template values: arch='x86_64', bitbucket_account='psiclass', builddir='/tmp/vsc43810/easybuild/build/PsiCLASS/1.0.3/GCC-11.2.0', github_account='psiclass', installdir='/scratch/gent/vo/001/gvo00117/easybuild/RHEL8/haswell-ib/software/PsiCLASS/1.0.3-GCC-11.2.0', module_name='PsiCLASS/1.0.3-GCC-11.2.0', name='PsiCLASS', nameletter='P', nameletterlower='p', namelower='psiclass', toolchain_name='GCC', toolchain_version='11.2.0', version='1.0.3', version_major='1', version_major_minor='1.0', version_minor='0', versionprefix='', versionsuffix=''
== 2022-09-13 17:23:42,809 easyblock.py:3766 INFO Running method check_readiness_step part of step ready
== 2022-09-13 17:23:42,809 easyblock.py:2137 INFO Setting parallelism: 1
== 2022-09-13 17:23:42,906 easyblock.py:2189 WARNING Loaded modules detected: ['cluster/slaking']
== 2022-09-13 17:23:42,907 easyblock.py:3766 INFO Running method make_builddir part of step ready
== 2022-09-13 17:23:42,907 easyblock.py:1065 INFO Found old directory /tmp/vsc43810/easybuild/build/PsiCLASS/1.0.3/GCC-11.2.0
== 2022-09-13 17:23:42,911 filetools.py:382 INFO Path /tmp/vsc43810/easybuild/build/PsiCLASS/1.0.3/GCC-11.2.0 successfully removed.
== 2022-09-13 17:23:42,911 easyblock.py:1073 INFO Removed old directory /tmp/vsc43810/easybuild/build/PsiCLASS/1.0.3/GCC-11.2.0
== 2022-09-13 17:23:42,912 filetools.py:1913 INFO Creating directory /tmp/vsc43810/easybuild/build/PsiCLASS/1.0.3/GCC-11.2.0 (parents: True, set_gid: False, sticky: False)
== 2022-09-13 17:23:42,918 easyblock.py:3766 INFO Running method reset_env part of step ready
== 2022-09-13 17:23:42,919 easyblock.py:3766 INFO Running method handle_iterate_opts part of step ready
== 2022-09-13 17:23:42,919 easyconfig.py:1686 INFO Generating template values...
== 2022-09-13 17:23:42,919 easyconfig.py:1705 INFO Template values: arch='x86_64', bitbucket_account='psiclass', builddir='/tmp/vsc43810/easybuild/build/PsiCLASS/1.0.3/GCC-11.2.0', github_account='psiclass', installdir='/scratch/gent/vo/001/gvo00117/easybuild/RHEL8/haswell-ib/software/PsiCLASS/1.0.3-GCC-11.2.0', module_name='PsiCLASS/1.0.3-GCC-11.2.0', name='PsiCLASS', nameletter='P', nameletterlower='p', namelower='psiclass', parallel='1', toolchain_name='GCC', toolchain_version='11.2.0', version='1.0.3', version_major='1', version_major_minor='1.0', version_minor='0', versionprefix='', versionsuffix=''
== 2022-09-13 17:23:42,920 build_log.py:265 INFO ... (took < 1 sec)
== 2022-09-13 17:23:42,926 build_log.py:265 INFO unpacking...
== 2022-09-13 17:23:42,931 easyblock.py:3758 INFO Starting source step
== 2022-09-13 17:23:42,932 easyconfig.py:1686 INFO Generating template values...
== 2022-09-13 17:23:42,932 easyconfig.py:1705 INFO Template values: arch='x86_64', bitbucket_account='psiclass', builddir='/tmp/vsc43810/easybuild/build/PsiCLASS/1.0.3/GCC-11.2.0', github_account='psiclass', installdir='/scratch/gent/vo/001/gvo00117/easybuild/RHEL8/haswell-ib/software/PsiCLASS/1.0.3-GCC-11.2.0', module_name='PsiCLASS/1.0.3-GCC-11.2.0', name='PsiCLASS', nameletter='P', nameletterlower='p', namelower='psiclass', parallel='1', toolchain_name='GCC', toolchain_version='11.2.0', version='1.0.3', version_major='1', version_major_minor='1.0', version_minor='0', versionprefix='', versionsuffix=''
== 2022-09-13 17:23:42,932 easyblock.py:3766 INFO Running method checksum_step part of step source
== 2022-09-13 17:23:42,932 easyblock.py:2346 INFO Checksum verification for /data/gent/vo/001/gvo00117/easybuild/sources/p/PsiCLASS/v1.0.3.tar.gz using None passed.
== 2022-09-13 17:23:42,933 easyblock.py:2346 INFO Checksum verification for /kyukon/home/gent/438/vsc43810/vsc-software-stack/21_finder/PsiCLASS-samtool_as_dep.patch using None passed.
== 2022-09-13 17:23:42,933 easyblock.py:3766 INFO Running method extract_step part of step source
== 2022-09-13 17:23:42,933 easyblock.py:2438 INFO Unpacking source v1.0.3.tar.gz
== 2022-09-13 17:23:42,943 run.py:234 INFO running cmd: tar xzf /data/gent/vo/001/gvo00117/easybuild/sources/p/PsiCLASS/v1.0.3.tar.gz 
== 2022-09-13 17:23:43,001 build_log.py:265 INFO ... (took < 1 sec)
== 2022-09-13 17:23:43,007 build_log.py:265 INFO patching...
== 2022-09-13 17:23:43,013 easyblock.py:3758 INFO Starting patch step
== 2022-09-13 17:23:43,013 easyconfig.py:1686 INFO Generating template values...
== 2022-09-13 17:23:43,014 easyconfig.py:1705 INFO Template values: arch='x86_64', bitbucket_account='psiclass', builddir='/tmp/vsc43810/easybuild/build/PsiCLASS/1.0.3/GCC-11.2.0', github_account='psiclass', installdir='/scratch/gent/vo/001/gvo00117/easybuild/RHEL8/haswell-ib/software/PsiCLASS/1.0.3-GCC-11.2.0', module_name='PsiCLASS/1.0.3-GCC-11.2.0', name='PsiCLASS', nameletter='P', nameletterlower='p', namelower='psiclass', parallel='1', toolchain_name='GCC', toolchain_version='11.2.0', version='1.0.3', version_major='1', version_major_minor='1.0', version_minor='0', versionprefix='', versionsuffix=''
== 2022-09-13 17:23:43,014 easyblock.py:3766 INFO Running method patch_step part of step patch
== 2022-09-13 17:23:43,014 easyblock.py:2456 INFO Applying patch PsiCLASS-samtool_as_dep.patch
== 2022-09-13 17:23:43,024 run.py:234 INFO running cmd: patch -p1 -i /kyukon/home/gent/438/vsc43810/vsc-software-stack/21_finder/PsiCLASS-samtool_as_dep.patch 
== 2022-09-13 17:23:43,039 build_log.py:265 INFO ... (took < 1 sec)
== 2022-09-13 17:23:43,047 build_log.py:265 INFO preparing...
== 2022-09-13 17:23:43,053 easyblock.py:3758 INFO Starting prepare step
== 2022-09-13 17:23:43,053 easyconfig.py:1686 INFO Generating template values...
== 2022-09-13 17:23:43,054 easyconfig.py:1705 INFO Template values: arch='x86_64', bitbucket_account='psiclass', builddir='/tmp/vsc43810/easybuild/build/PsiCLASS/1.0.3/GCC-11.2.0', github_account='psiclass', installdir='/scratch/gent/vo/001/gvo00117/easybuild/RHEL8/haswell-ib/software/PsiCLASS/1.0.3-GCC-11.2.0', module_name='PsiCLASS/1.0.3-GCC-11.2.0', name='PsiCLASS', nameletter='P', nameletterlower='p', namelower='psiclass', parallel='1', toolchain_name='GCC', toolchain_version='11.2.0', version='1.0.3', version_major='1', version_major_minor='1.0', version_minor='0', versionprefix='', versionsuffix=''
== 2022-09-13 17:23:43,054 easyblock.py:3766 INFO Running method prepare_step part of step prepare
== 2022-09-13 17:23:44,765 modules.py:626 INFO Checking whether SAMtools/0.1.19-GCC-11.2.0 exists...
== 2022-09-13 17:23:44,765 modules.py:631 INFO Module SAMtools/0.1.19-GCC-11.2.0 exists (found in list of available modules)
== 2022-09-13 17:23:44,766 modules.py:654 INFO Result for existence check of SAMtools/0.1.19-GCC-11.2.0 module: True
== 2022-09-13 17:23:44,766 modules.py:626 INFO Checking whether GCC/11.2.0 exists...
== 2022-09-13 17:23:44,766 modules.py:634 INFO Module GCC/11.2.0 not found in list of available modules, checking via 'module show'...
== 2022-09-13 17:23:45,981 modules.py:654 INFO Result for existence check of GCC/11.2.0 module: True
== 2022-09-13 17:23:47,528 environment.py:91 INFO Environment variable LD_LIBRARY_PATH set to /scratch/gent/vo/001/gvo00117/easybuild/RHEL8/haswell-ib/software/SAMtools/0.1.19-GCC-11.2.0/lib:/apps/gent/RHEL8/haswell-ib/software/ncurses/6.2-GCCcore-11.2.0/lib:/apps/gent/RHEL8/haswell-ib/software/binutils/2.37-GCCcore-11.2.0/lib:/apps/gent/RHEL8/haswell-ib/software/zlib/1.2.11-GCCcore-11.2.0/lib:/apps/gent/RHEL8/haswell-ib/software/GCCcore/11.2.0/lib64 (previous value: '/scratch/gent/vo/001/gvo00117/easybuild/RHEL8/haswell-ib/software/SAMtools/0.1.19-GCC-11.2.0/lib:/apps/gent/RHEL8/haswell-ib/software/ncurses/6.2-GCCcore-11.2.0/lib')
== 2022-09-13 17:23:47,552 modules.py:626 INFO Checking whether GCC/11.2.0 exists...
== 2022-09-13 17:23:47,552 modules.py:634 INFO Module GCC/11.2.0 not found in list of available modules, checking via 'module show'...
== 2022-09-13 17:23:47,552 modules.py:654 INFO Result for existence check of GCC/11.2.0 module: True
== 2022-09-13 17:23:47,554 toolchain.py:760 INFO List of toolchain dependency modules and toolchain definition match!
== 2022-09-13 17:23:47,559 compiler.py:361 INFO _set_optimal_architecture: using march=native as optarch for x86_64.
== 2022-09-13 17:23:47,567 environment.py:91 INFO Environment variable CC set to gcc (previously undefined)
== 2022-09-13 17:23:47,567 environment.py:91 INFO Environment variable EBVARCC set to gcc (previously undefined)
== 2022-09-13 17:23:47,567 environment.py:91 INFO Environment variable CFLAGS set to -O2 -ftree-vectorize -march=native -fno-math-errno (previously undefined)
== 2022-09-13 17:23:47,567 environment.py:91 INFO Environment variable EBVARCFLAGS set to -O2 -ftree-vectorize -march=native -fno-math-errno (previously undefined)
== 2022-09-13 17:23:47,568 environment.py:91 INFO Environment variable CPPFLAGS set to -I/scratch/gent/vo/001/gvo00117/easybuild/RHEL8/haswell-ib/software/SAMtools/0.1.19-GCC-11.2.0/include (previously undefined)
== 2022-09-13 17:23:47,568 environment.py:91 INFO Environment variable EBVARCPPFLAGS set to -I/scratch/gent/vo/001/gvo00117/easybuild/RHEL8/haswell-ib/software/SAMtools/0.1.19-GCC-11.2.0/include (previously undefined)
== 2022-09-13 17:23:47,568 environment.py:91 INFO Environment variable CXX set to g++ (previously undefined)
== 2022-09-13 17:23:47,568 environment.py:91 INFO Environment variable EBVARCXX set to g++ (previously undefined)
== 2022-09-13 17:23:47,568 environment.py:91 INFO Environment variable CXXFLAGS set to -O2 -ftree-vectorize -march=native -fno-math-errno (previously undefined)
== 2022-09-13 17:23:47,568 environment.py:91 INFO Environment variable EBVARCXXFLAGS set to -O2 -ftree-vectorize -march=native -fno-math-errno (previously undefined)
== 2022-09-13 17:23:47,569 environment.py:91 INFO Environment variable F77 set to gfortran (previously undefined)
== 2022-09-13 17:23:47,569 environment.py:91 INFO Environment variable EBVARF77 set to gfortran (previously undefined)
== 2022-09-13 17:23:47,569 environment.py:91 INFO Environment variable F90 set to gfortran (previously undefined)
== 2022-09-13 17:23:47,569 environment.py:91 INFO Environment variable EBVARF90 set to gfortran (previously undefined)
== 2022-09-13 17:23:47,569 environment.py:91 INFO Environment variable F90FLAGS set to -O2 -ftree-vectorize -march=native -fno-math-errno (previously undefined)
== 2022-09-13 17:23:47,569 environment.py:91 INFO Environment variable EBVARF90FLAGS set to -O2 -ftree-vectorize -march=native -fno-math-errno (previously undefined)
== 2022-09-13 17:23:47,570 environment.py:91 INFO Environment variable FC set to gfortran (previously undefined)
== 2022-09-13 17:23:47,570 environment.py:91 INFO Environment variable EBVARFC set to gfortran (previously undefined)
== 2022-09-13 17:23:47,570 environment.py:91 INFO Environment variable FCFLAGS set to -O2 -ftree-vectorize -march=native -fno-math-errno (previously undefined)
== 2022-09-13 17:23:47,570 environment.py:91 INFO Environment variable EBVARFCFLAGS set to -O2 -ftree-vectorize -march=native -fno-math-errno (previously undefined)
== 2022-09-13 17:23:47,570 environment.py:91 INFO Environment variable FFLAGS set to -O2 -ftree-vectorize -march=native -fno-math-errno (previously undefined)
== 2022-09-13 17:23:47,570 environment.py:91 INFO Environment variable EBVARFFLAGS set to -O2 -ftree-vectorize -march=native -fno-math-errno (previously undefined)
== 2022-09-13 17:23:47,570 environment.py:91 INFO Environment variable FLIBS set to -lgfortran (previously undefined)
== 2022-09-13 17:23:47,571 environment.py:91 INFO Environment variable EBVARFLIBS set to -lgfortran (previously undefined)
== 2022-09-13 17:23:47,571 environment.py:91 INFO Environment variable LDFLAGS set to -L/scratch/gent/vo/001/gvo00117/easybuild/RHEL8/haswell-ib/software/SAMtools/0.1.19-GCC-11.2.0/lib64 -L/scratch/gent/vo/001/gvo00117/easybuild/RHEL8/haswell-ib/software/SAMtools/0.1.19-GCC-11.2.0/lib -L/apps/gent/RHEL8/haswell-ib/software/GCCcore/11.2.0/lib64 -L/apps/gent/RHEL8/haswell-ib/software/GCCcore/11.2.0/lib (previously undefined)
== 2022-09-13 17:23:47,571 environment.py:91 INFO Environment variable EBVARLDFLAGS set to -L/scratch/gent/vo/001/gvo00117/easybuild/RHEL8/haswell-ib/software/SAMtools/0.1.19-GCC-11.2.0/lib64 -L/scratch/gent/vo/001/gvo00117/easybuild/RHEL8/haswell-ib/software/SAMtools/0.1.19-GCC-11.2.0/lib -L/apps/gent/RHEL8/haswell-ib/software/GCCcore/11.2.0/lib64 -L/apps/gent/RHEL8/haswell-ib/software/GCCcore/11.2.0/lib (previously undefined)
== 2022-09-13 17:23:47,571 environment.py:91 INFO Environment variable LIBS set to -lm -lpthread (previously undefined)
== 2022-09-13 17:23:47,571 environment.py:91 INFO Environment variable EBVARLIBS set to -lm -lpthread (previously undefined)
== 2022-09-13 17:23:47,571 environment.py:91 INFO Environment variable OPTFLAGS set to -O2 -ftree-vectorize -march=native (previously undefined)
== 2022-09-13 17:23:47,572 environment.py:91 INFO Environment variable EBVAROPTFLAGS set to -O2 -ftree-vectorize -march=native (previously undefined)
== 2022-09-13 17:23:47,572 environment.py:91 INFO Environment variable PRECFLAGS set to -fno-math-errno (previously undefined)
== 2022-09-13 17:23:47,572 environment.py:91 INFO Environment variable EBVARPRECFLAGS set to -fno-math-errno (previously undefined)
== 2022-09-13 17:23:47,572 easyblock.py:2021 INFO Using /tmp/vsc43810/easybuild/build/PsiCLASS/1.0.3/GCC-11.2.0/PsiCLASS-1.0.3/ as start dir
== 2022-09-13 17:23:47,573 build_log.py:265 INFO ... (took 4 secs)
== 2022-09-13 17:23:47,579 build_log.py:265 INFO configuring...
== 2022-09-13 17:23:47,584 easyblock.py:3758 INFO Starting configure step
== 2022-09-13 17:23:47,584 easyconfig.py:1686 INFO Generating template values...
== 2022-09-13 17:23:47,585 easyconfig.py:1705 INFO Template values: arch='x86_64', bitbucket_account='psiclass', builddir='/tmp/vsc43810/easybuild/build/PsiCLASS/1.0.3/GCC-11.2.0', github_account='psiclass', installdir='/scratch/gent/vo/001/gvo00117/easybuild/RHEL8/haswell-ib/software/PsiCLASS/1.0.3-GCC-11.2.0', module_name='PsiCLASS/1.0.3-GCC-11.2.0', name='PsiCLASS', nameletter='P', nameletterlower='p', namelower='psiclass', parallel='1', toolchain_name='GCC', toolchain_version='11.2.0', version='1.0.3', version_major='1', version_major_minor='1.0', version_minor='0', versionprefix='', versionsuffix=''
== 2022-09-13 17:23:47,585 easyblock.py:3766 INFO Running method configure_step part of step configure
== 2022-09-13 17:23:47,586 build_log.py:265 INFO ... (took < 1 sec)
== 2022-09-13 17:23:47,591 build_log.py:265 INFO building...
== 2022-09-13 17:23:47,597 easyblock.py:3758 INFO Starting build step
== 2022-09-13 17:23:47,597 easyconfig.py:1686 INFO Generating template values...
== 2022-09-13 17:23:47,598 easyconfig.py:1705 INFO Template values: arch='x86_64', bitbucket_account='psiclass', builddir='/tmp/vsc43810/easybuild/build/PsiCLASS/1.0.3/GCC-11.2.0', github_account='psiclass', installdir='/scratch/gent/vo/001/gvo00117/easybuild/RHEL8/haswell-ib/software/PsiCLASS/1.0.3-GCC-11.2.0', module_name='PsiCLASS/1.0.3-GCC-11.2.0', name='PsiCLASS', nameletter='P', nameletterlower='p', namelower='psiclass', parallel='1', toolchain_name='GCC', toolchain_version='11.2.0', version='1.0.3', version_major='1', version_major_minor='1.0', version_minor='0', versionprefix='', versionsuffix=''
== 2022-09-13 17:23:47,598 easyblock.py:3766 INFO Running method build_step part of step build
== 2022-09-13 17:23:47,598 configuremake.py:340 INFO Building target ''
== 2022-09-13 17:23:47,606 run.py:234 INFO running cmd: rm -r samtools-0.1.19 &&  make  -j 1  
== 2022-09-13 17:24:19,669 run.py:646 INFO cmd "rm -r samtools-0.1.19 &&  make  -j 1 " exited with exit code 0 and output:
g++ -c -o subexon-info.o -I/scratch/gent/vo/001/gvo00117/easybuild/RHEL8/haswell-ib/software/SAMtools/0.1.19-GCC-11.2.0/include/bam -Wall -O3  SubexonInfo.cpp -lbam -lz -lm -lpthread 
In file included from SubexonInfo.cpp:15:
blocks.hpp: In member function int Blocks::BuildExonBlocks(Alignments&):
blocks.hpp:362:37: warning: variable eid set but not used [-Wunused-but-set-variable]
  362 |                                 int eid = 0 ; // the exonblock id that the segment update
      |                                     ^~~
SubexonInfo.cpp: In function void GradientDescentGammaDistribution(double&, double&, double, double, double, double, double, double, double*, double*, int):
SubexonInfo.cpp:429:30: warning: variable flag set but not used [-Wunused-but-set-variable]
  429 |                         bool flag = false ;
      |                              ^~~~
g++ -c -o stats.o -I/scratch/gent/vo/001/gvo00117/easybuild/RHEL8/haswell-ib/software/SAMtools/0.1.19-GCC-11.2.0/include/bam -Wall -O3  stats.cpp -lbam -lz -lm -lpthread 
stats.cpp: In function long double digammal(long double):
stats.cpp:74:38: warning: ISO C++17 does not allow register storage class specifier [-Wregister]
   74 |                 register long double Tn_1 = 1.0L ;      /* T_{n-1}(x), started at n=1 */
      |                                      ^~~~
stats.cpp:75:38: warning: ISO C++17 does not allow register storage class specifier [-Wregister]
   75 |                 register long double Tn = x-2.0L ;      /* T_{n}(x) , started at n=1 */
      |                                      ^~
stats.cpp:76:38: warning: ISO C++17 does not allow register storage class specifier [-Wregister]
   76 |                 register long double resul = Kncoe[0] + Kncoe[1]*Tn ;
      |                                      ^~~~~
g++ -c -o subexon-graph.o -I/scratch/gent/vo/001/gvo00117/easybuild/RHEL8/haswell-ib/software/SAMtools/0.1.19-GCC-11.2.0/include/bam -Wall -O3  SubexonGraph.cpp -lbam -lz -lm -lpthread 
In file included from SubexonGraph.hpp:5,
                 from SubexonGraph.cpp:1:
blocks.hpp: In member function int Blocks::BuildExonBlocks(Alignments&):
blocks.hpp:362:37: warning: variable eid set but not used [-Wunused-but-set-variable]
  362 |                                 int eid = 0 ; // the exonblock id that the segment update
      |                                     ^~~
g++ -o subexon-info -I/scratch/gent/vo/001/gvo00117/easybuild/RHEL8/haswell-ib/software/SAMtools/0.1.19-GCC-11.2.0/include/bam -Wall -O3  stats.o subexon-graph.o  subexon-info.o -lbam -lz -lm -lpthread 
g++ -c -o combine-subexons.o -I/scratch/gent/vo/001/gvo00117/easybuild/RHEL8/haswell-ib/software/SAMtools/0.1.19-GCC-11.2.0/include/bam -Wall -O3  CombineSubexons.cpp -lbam -lz -lm -lpthread 
In file included from CombineSubexons.cpp:10:
blocks.hpp: In member function int Blocks::BuildExonBlocks(Alignments&):
blocks.hpp:362:37: warning: variable eid set but not used [-Wunused-but-set-variable]
  362 |                                 int eid = 0 ; // the exonblock id that the segment update
      |                                     ^~~
CombineSubexons.cpp: In function void CleanUpSubexonConnections(std::vector<_subexon>&):
CombineSubexons.cpp:509:25: warning: this for clause does not guard... [-Wmisleading-indentation]
  509 |                         for ( ; k < seCnt ; ++k )
      |                         ^~~
CombineSubexons.cpp:512:33: note: ...this statement, but the latter is misleadingly indented as if it were guarded by the for
  512 |                                 if ( subexons[k].start == subexons[i].next[j]
      |                                 ^~
CombineSubexons.cpp: In function int main(int, char**):
CombineSubexons.cpp:594:22: warning: unused variable chrName [-Wunused-variable]
  594 |                 char chrName[50] ;
      |                      ^~~~~~~
CombineSubexons.cpp:1209:33: warning: unused variable se [-Wunused-variable]
 1209 |                 struct _subexon se ;
      |                                 ^~
CombineSubexons.cpp:1210:38: warning: unused variable sp [-Wunused-variable]
 1210 |                 struct _subexonSplit sp ;
      |                                      ^~
CombineSubexons.cpp:1211:22: warning: unused variable chrName [-Wunused-variable]
 1211 |                 char chrName[50] ;
      |                      ^~~~~~~
CombineSubexons.cpp:1155:16: warning: unused variable avgIrPiCov [-Wunused-variable]
 1155 |         double avgIrPiCov = 0 ;
      |                ^~~~~~~~~~
CombineSubexons.cpp:1160:16: warning: unused variable avgOverhangPiCov [-Wunused-variable]
 1160 |         double avgOverhangPiCov = 0 ;
      |                ^~~~~~~~~~~~~~~~
g++ -o combine-subexons -I/scratch/gent/vo/001/gvo00117/easybuild/RHEL8/haswell-ib/software/SAMtools/0.1.19-GCC-11.2.0/include/bam -Wall -O3  stats.o subexon-graph.o  combine-subexons.o -lbam -lz -lm -lpthread 
g++ -c -o classes.o -I/scratch/gent/vo/001/gvo00117/easybuild/RHEL8/haswell-ib/software/SAMtools/0.1.19-GCC-11.2.0/include/bam -Wall -O3  classes.cpp -lbam -lz -lm -lpthread 
In file included from SubexonGraph.hpp:5,
                 from classes.cpp:7:
blocks.hpp: In member function int Blocks::BuildExonBlocks(Alignments&):
blocks.hpp:362:37: warning: variable eid set but not used [-Wunused-but-set-variable]
  362 |                                 int eid = 0 ; // the exonblock id that the segment update
      |                                     ^~~
g++ -c -o constraints.o -I/scratch/gent/vo/001/gvo00117/easybuild/RHEL8/haswell-ib/software/SAMtools/0.1.19-GCC-11.2.0/include/bam -Wall -O3  Constraints.cpp -lbam -lz -lm -lpthread 
In file included from SubexonGraph.hpp:5,
                 from Constraints.hpp:12,
                 from Constraints.cpp:1:
blocks.hpp: In member function int Blocks::BuildExonBlocks(Alignments&):
blocks.hpp:362:37: warning: variable eid set but not used [-Wunused-but-set-variable]
  362 |                                 int eid = 0 ; // the exonblock id that the segment update
      |                                     ^~~
In file included from Constraints.hpp:11,
                 from Constraints.cpp:1:
alignments.hpp: In member function bool Alignments::IsGCRich(bool):
alignments.hpp:491:5: warning: control reaches end of non-void function [-Wreturn-type]
  491 |     }
      |     ^
g++ -c -o transcript-decider.o -I/scratch/gent/vo/001/gvo00117/easybuild/RHEL8/haswell-ib/software/SAMtools/0.1.19-GCC-11.2.0/include/bam -Wall -O3  TranscriptDecider.cpp -lbam -lz -lm -lpthread 
In file included from SubexonGraph.hpp:5,
                 from TranscriptDecider.hpp:10,
                 from TranscriptDecider.cpp:1:
blocks.hpp: In member function int Blocks::BuildExonBlocks(Alignments&):
blocks.hpp:362:37: warning: variable eid set but not used [-Wunused-but-set-variable]
  362 |                                 int eid = 0 ; // the exonblock id that the segment update
      |                                     ^~~
TranscriptDecider.cpp: In member function void TranscriptDecider::AugmentTranscripts(_subexon*, std::vector<_transcript>&, int, bool):
TranscriptDecider.cpp:1234:60: warning: comparison of integer expressions of different signedness: std::vector<_transcript>::size_type {aka long unsigned int} and int [-Wsign-compare]
 1234 |                                 if ( alltranscripts.size() >= limit )
      |                                      ~~~~~~~~~~~~~~~~~~~~~~^~~~~~~~
TranscriptDecider.cpp:1255:60: warning: comparison of integer expressions of different signedness: std::vector<_transcript>::size_type {aka long unsigned int} and int [-Wsign-compare]
 1255 |                                 if ( alltranscripts.size() >= limit )
      |                                      ~~~~~~~~~~~~~~~~~~~~~~^~~~~~~~
TranscriptDecider.cpp:1299:92: warning: comparison of integer expressions of different signedness: std::vector<_transcript>::size_type {aka long unsigned int} and int [-Wsign-compare]
 1299 |                                                                 if ( alltranscripts.size() >= limit )
      |                                                                      ~~~~~~~~~~~~~~~~~~~~~~^~~~~~~~
TranscriptDecider.cpp:1349:92: warning: comparison of integer expressions of different signedness: std::vector<_transcript>::size_type {aka long unsigned int} and int [-Wsign-compare]
 1349 |                                                                 if ( alltranscripts.size() >= limit )
      |                                                                      ~~~~~~~~~~~~~~~~~~~~~~^~~~~~~~
TranscriptDecider.cpp: In member function void TranscriptDecider::PickTranscripts(_subexon*, std::vector<_transcript>&, Constraints&, SubexonCorrelation&, std::vector<_transcript>&):
TranscriptDecider.cpp:1481:32: warning: variable firstRegion set but not used [-Wunused-but-set-variable]
 1481 |                 struct _pair32 firstRegion, lastRegion ;
      |                                ^~~~~~~~~~~
TranscriptDecider.cpp:1481:45: warning: variable lastRegion set but not used [-Wunused-but-set-variable]
 1481 |                 struct _pair32 firstRegion, lastRegion ;
      |                                             ^~~~~~~~~~
TranscriptDecider.cpp:1386:13: warning: unused variable coalesceThreshold [-Wunused-variable]
 1386 |         int coalesceThreshold = 1024 ;
      |             ^~~~~~~~~~~~~~~~~
TranscriptDecider.cpp: In member function void TranscriptDecider::AbundanceEstimation(_subexon*, int, Constraints&, std::vector<_transcript>&):
TranscriptDecider.cpp:2124:13: warning: unused variable size [-Wunused-variable]
 2124 |         int size ;
      |             ^~~~
TranscriptDecider.cpp: In member function int TranscriptDecider::RefineTranscripts(_subexon*, int, bool, std::map<int, int>*, int*, std::vector<_transcript>&, Constraints&):
TranscriptDecider.cpp:2521:24: warning: unused variable maxFPKM [-Wunused-variable]
 2521 |                 double maxFPKM = -1 ;
      |                        ^~~~~~~
TranscriptDecider.cpp:2604:21: warning: unused variable maxCover [-Wunused-variable]
 2604 |                 int maxCover = -1 ;
      |                     ^~~~~~~~
TranscriptDecider.cpp: In member function int TranscriptDecider::Solve(_subexon*, int, std::vector<Constraints>&, SubexonCorrelation&):
TranscriptDecider.cpp:3395:36: warning: comparison of integer expressions of different signedness: int and std::vector<_transcript>::size_type {aka long unsigned int} [-Wsign-compare]
 3395 |                         if ( psize != predTranscripts[i].size() )
      |                              ~~~~~~^~~~~~~~~~~~~~~~~~~~~~~~~~~~
TranscriptDecider.cpp:3374:29: warning: unused variable tcCnt [-Wunused-variable]
 3374 |                         int tcCnt = constraints[i].matePairs.size() ;
      |                             ^~~~~
TranscriptDecider.cpp:3406:29: warning: unused variable tcCnt [-Wunused-variable]
 3406 |                         int tcCnt = constraints[i].matePairs.size() ;
      |                             ^~~~~
TranscriptDecider.cpp: In member function void TranscriptDecider::PickTranscriptsByDP(_subexon*, int, int, Constraints&, SubexonCorrelation&, _dpAttribute&, std::vector<_transcript>&):
TranscriptDecider.cpp:976:20: warning: bestDp._dp::last may be used uninitialized in this function [-Wmaybe-uninitialized]
  976 |         struct _dp bestDp ;
      |                    ^~~~~~
TranscriptDecider.cpp:976:20: warning: bestDp._dp::first may be used uninitialized in this function [-Wmaybe-uninitialized]
TranscriptDecider.cpp:975:20: warning: maxCoverDp._dp::strand may be used uninitialized in this function [-Wmaybe-uninitialized]
  975 |         struct _dp maxCoverDp ;
      |                    ^~~~~~~~~~
TranscriptDecider.cpp:1026:72: warning: maxCoverDp._dp::cnt may be used uninitialized in this function [-Wmaybe-uninitialized]
 1026 |                                 cachedCoverResult[ attr.minAbundance ] = ccr ;
TranscriptDecider.cpp:975:20: warning: maxCoverDp._dp::last may be used uninitialized in this function [-Wmaybe-uninitialized]
  975 |         struct _dp maxCoverDp ;
      |                    ^~~~~~~~~~
TranscriptDecider.cpp:975:20: warning: maxCoverDp._dp::first may be used uninitialized in this function [-Wmaybe-uninitialized]
g++ -o classes -I/scratch/gent/vo/001/gvo00117/easybuild/RHEL8/haswell-ib/software/SAMtools/0.1.19-GCC-11.2.0/include/bam -Wall -O3  stats.o subexon-graph.o  constraints.o transcript-decider.o classes.o -lbam -lz -lm -lpthread 
g++ -c -o vote-transcripts.o -I/scratch/gent/vo/001/gvo00117/easybuild/RHEL8/haswell-ib/software/SAMtools/0.1.19-GCC-11.2.0/include/bam -Wall -O3  Vote.cpp -lbam -lz -lm -lpthread 
In file included from SubexonGraph.hpp:5,
                 from TranscriptDecider.hpp:10,
                 from Vote.cpp:11:
blocks.hpp: In member function int Blocks::BuildExonBlocks(Alignments&):
blocks.hpp:362:37: warning: variable eid set but not used [-Wunused-but-set-variable]
  362 |                                 int eid = 0 ; // the exonblock id that the segment update
      |                                     ^~~
Vote.cpp: In function int main(int, char**):
Vote.cpp:404:13: warning: variable prevGid set but not used [-Wunused-but-set-variable]
  404 |         int prevGid = -1 ;
      |             ^~~~~~~
Vote.cpp:75:19: warning: k may be used uninitialized [-Wmaybe-uninitialized]
   75 |         int i, j, k ;
      |                   ^
g++ -o vote-transcripts -I/scratch/gent/vo/001/gvo00117/easybuild/RHEL8/haswell-ib/software/SAMtools/0.1.19-GCC-11.2.0/include/bam -Wall -O3  stats.o subexon-graph.o  vote-transcripts.o -lbam -lz -lm -lpthread 
g++ -c -o junc.o -I/scratch/gent/vo/001/gvo00117/easybuild/RHEL8/haswell-ib/software/SAMtools/0.1.19-GCC-11.2.0/include/bam -Wall -O3  FindJunction.cpp -lbam -lz -lm -lpthread 
FindJunction.cpp: In function bool CompareJunctions(int, char*):
FindJunction.cpp:546:107: warning: array subscript has type char [-Wchar-subscripts]
  546 |                                                                 ++count[ nucToNum[  col[9][pos + j] - 'A' ] ] ;
      |                                                                          ~~~~~~~~~~~~~~~~~~~~~~~~~~~~~~~~~^
FindJunction.cpp:526:29: warning: variable softStart set but not used [-Wunused-but-set-variable]
  526 |                         int softStart = -1 ;
      |                             ^~~~~~~~~
FindJunction.cpp:527:29: warning: variable softEnd set but not used [-Wunused-but-set-variable]
  527 |                         int softEnd = 0 ;
      |                             ^~~~~~~
FindJunction.cpp:532:29: warning: unused variable readLen [-Wunused-variable]
  532 |                         int readLen = strlen( col[9] ) ;
      |                             ^~~~~~~
FindJunction.cpp: In function int main(int, char**):
FindJunction.cpp:968:41: warning: format %s expects argument of type char*, but argument 3 has type char (*)[4097] [-Wformat=]
  968 |                         sscanf( line, "%s%s%s%s%s%s%s%s%s%s%s", col, col + 1, col + 2, col + 3, col + 4,
      |                                        ~^                       ~~~
      |                                         |                       |
      |                                         char*                   char (*)[4097]
FindJunction.cpp:968:43: warning: format %s expects argument of type char*, but argument 4 has type char (*)[4097] [-Wformat=]
  968 |                         sscanf( line, "%s%s%s%s%s%s%s%s%s%s%s", col, col + 1, col + 2, col + 3, col + 4,
      |                                          ~^                          ~~~~~~~
      |                                           |                              |
      |                                           char*                          char (*)[4097]
FindJunction.cpp:968:45: warning: format %s expects argument of type char*, but argument 5 has type char (*)[4097] [-Wformat=]
  968 |                         sscanf( line, "%s%s%s%s%s%s%s%s%s%s%s", col, col + 1, col + 2, col + 3, col + 4,
      |                                            ~^                                 ~~~~~~~
      |                                             |                                     |
      |                                             char*                                 char (*)[4097]
FindJunction.cpp:968:47: warning: format %s expects argument of type char*, but argument 6 has type char (*)[4097] [-Wformat=]
  968 |                         sscanf( line, "%s%s%s%s%s%s%s%s%s%s%s", col, col + 1, col + 2, col + 3, col + 4,
      |                                              ~^                                        ~~~~~~~
      |                                               |                                            |
      |                                               char*                                        char (*)[4097]
FindJunction.cpp:968:49: warning: format %s expects argument of type char*, but argument 7 has type char (*)[4097] [-Wformat=]
  968 |                         sscanf( line, "%s%s%s%s%s%s%s%s%s%s%s", col, col + 1, col + 2, col + 3, col + 4,
      |                                                ~^                                               ~~~~~~~
      |                                                 |                                                   |
      |                                                 char*                                               char (*)[4097]
FindJunction.cpp:968:51: warning: format %s expects argument of type char*, but argument 8 has type char (*)[4097] [-Wformat=]
  968 |                         sscanf( line, "%s%s%s%s%s%s%s%s%s%s%s", col, col + 1, col + 2, col + 3, col + 4,
      |                                                  ~^
      |                                                   |
      |                                                   char*
  969 |                                         col + 5, col + 6, col + 7, col + 8, col + 9,  col + 10 ) ;
      |                                         ~~~~~~~    
      |                                             |
      |                                             char (*)[4097]
FindJunction.cpp:968:53: warning: format %s expects argument of type char*, but argument 9 has type char (*)[4097] [-Wformat=]
  968 |                         sscanf( line, "%s%s%s%s%s%s%s%s%s%s%s", col, col + 1, col + 2, col + 3, col + 4,
      |                                                    ~^
      |                                                     |
      |                                                     char*
  969 |                                         col + 5, col + 6, col + 7, col + 8, col + 9,  col + 10 ) ;
      |                                                  ~~~~~~~
      |                                                      |
      |                                                      char (*)[4097]
FindJunction.cpp:968:55: warning: format %s expects argument of type char*, but argument 10 has type char (*)[4097] [-Wformat=]
  968 |                         sscanf( line, "%s%s%s%s%s%s%s%s%s%s%s", col, col + 1, col + 2, col + 3, col + 4,
      |                                                      ~^
      |                                                       |
      |                                                       char*
  969 |                                         col + 5, col + 6, col + 7, col + 8, col + 9,  col + 10 ) ;
      |                                                           ~~~~~~~
      |                                                               |
      |                                                               char (*)[4097]
FindJunction.cpp:968:57: warning: format %s expects argument of type char*, but argument 11 has type char (*)[4097] [-Wformat=]
  968 |                         sscanf( line, "%s%s%s%s%s%s%s%s%s%s%s", col, col + 1, col + 2, col + 3, col + 4,
      |                                                        ~^
      |                                                         |
      |                                                         char*
  969 |                                         col + 5, col + 6, col + 7, col + 8, col + 9,  col + 10 ) ;
      |                                                                    ~~~~~~~
      |                                                                        |
      |                                                                        char (*)[4097]
FindJunction.cpp:968:59: warning: format %s expects argument of type char*, but argument 12 has type char (*)[4097] [-Wformat=]
  968 |                         sscanf( line, "%s%s%s%s%s%s%s%s%s%s%s", col, col + 1, col + 2, col + 3, col + 4,
      |                                                          ~^
      |                                                           |
      |                                                           char*
  969 |                                         col + 5, col + 6, col + 7, col + 8, col + 9,  col + 10 ) ;
      |                                                                             ~~~~~~~
      |                                                                                 |
      |                                                                                 char (*)[4097]
FindJunction.cpp:968:61: warning: format %s expects argument of type char*, but argument 13 has type char (*)[4097] [-Wformat=]
  968 |                         sscanf( line, "%s%s%s%s%s%s%s%s%s%s%s", col, col + 1, col + 2, col + 3, col + 4,
      |                                                            ~^
      |                                                             |
      |                                                             char*
  969 |                                         col + 5, col + 6, col + 7, col + 8, col + 9,  col + 10 ) ;
      |                                                                                       ~~~~~~~~
      |                                                                                           |
      |                                                                                           char (*)[4097]
FindJunction.cpp:972:32: warning: suggest parentheses around assignment used as truth value [-Wparentheses]
  972 |                         if ( p = strstr( line, "NH" ) )
      |                              ~~^~~~~~~~~~~~~~~~~~~~~~
FindJunction.cpp: In function void cigar2string(bam1_core_t*, uint32_t*, char*):
FindJunction.cpp:742:24: warning: opcode may be used uninitialized in this function [-Wmaybe-uninitialized]
  742 |                 sprintf( out_cigar + strlen( out_cigar ), "%d%c", l, opcode ) ;
      |                 ~~~~~~~^~~~~~~~~~~~~~~~~~~~~~~~~~~~~~~~~~~~~~~~~~~~~~~~~~~~~~
FindJunction.cpp: In function int main(int, char**):
FindJunction.cpp:742:24: warning: opcode may be used uninitialized in this function [-Wmaybe-uninitialized]
  742 |                 sprintf( out_cigar + strlen( out_cigar ), "%d%c", l, opcode ) ;
      |                 ~~~~~~~^~~~~~~~~~~~~~~~~~~~~~~~~~~~~~~~~~~~~~~~~~~~~~~~~~~~~~
FindJunction.cpp:725:14: note: opcode was declared here
  725 |         char opcode ;
      |              ^~~~~~
g++ -o junc -I/scratch/gent/vo/001/gvo00117/easybuild/RHEL8/haswell-ib/software/SAMtools/0.1.19-GCC-11.2.0/include/bam -Wall -O3  junc.o -lbam -lz -lm -lpthread 
g++ -c -o grader.o -I/scratch/gent/vo/001/gvo00117/easybuild/RHEL8/haswell-ib/software/SAMtools/0.1.19-GCC-11.2.0/include/bam -Wall -O3  grader.cpp -lbam -lz -lm -lpthread 
grader.cpp: In function int main(int, char**):
grader.cpp:777:22: warning: variable flag set but not used [-Wunused-but-set-variable]
  777 |                 bool flag = false ;
      |                      ^~~~
g++ -o grader -I/scratch/gent/vo/001/gvo00117/easybuild/RHEL8/haswell-ib/software/SAMtools/0.1.19-GCC-11.2.0/include/bam -Wall -O3  grader.o -lbam -lz -lm -lpthread 
g++ -c -o trust-splice.o -I/scratch/gent/vo/001/gvo00117/easybuild/RHEL8/haswell-ib/software/SAMtools/0.1.19-GCC-11.2.0/include/bam -Wall -O3  GetTrustedSplice.cpp -lbam -lz -lm -lpthread 
g++ -o trust-splice -I/scratch/gent/vo/001/gvo00117/easybuild/RHEL8/haswell-ib/software/SAMtools/0.1.19-GCC-11.2.0/include/bam -Wall -O3  stats.o subexon-graph.o  trust-splice.o -lbam -lz -lm -lpthread 
g++ -c -o add-genename.o -I/scratch/gent/vo/001/gvo00117/easybuild/RHEL8/haswell-ib/software/SAMtools/0.1.19-GCC-11.2.0/include/bam -Wall -O3  AddGeneName.cpp -lbam -lz -lm -lpthread 
AddGeneName.cpp: In function int main(int, char**):
AddGeneName.cpp:149:16: warning: unused variable j [-Wunused-variable]
  149 |         int i, j, k ;
      |                ^
AddGeneName.cpp:149:19: warning: unused variable k [-Wunused-variable]
  149 |         int i, j, k ;
      |                   ^
g++ -o add-genename -I/scratch/gent/vo/001/gvo00117/easybuild/RHEL8/haswell-ib/software/SAMtools/0.1.19-GCC-11.2.0/include/bam -Wall -O3  add-genename.o -lbam -lz -lm -lpthread 
g++ -c -o addXS.o -I/scratch/gent/vo/001/gvo00117/easybuild/RHEL8/haswell-ib/software/SAMtools/0.1.19-GCC-11.2.0/include/bam -Wall -O3  AddXS.cpp -lbam -lz -lm -lpthread 
AddXS.cpp: In function int main(int, char**):
AddXS.cpp:447:43: warning: variable to set but not used [-Wunused-but-set-variable]
  447 |                                 int from, to ;
      |                                           ^~
AddXS.cpp:538:69: warning: array subscript has type char [-Wchar-subscripts]
  538 |                                 ++count[ nucToNum[ pattern[j] - 'A' ] ] ;
      |                                          ~~~~~~~~~~~~~~~~~~~~~~~~~~~^
AddXS.cpp:246:55: warning: chrId may be used uninitialized in this function [-Wmaybe-uninitialized]
  246 |                         BitSequence &bs = genome[chrId] ;
      |                                                       ^
g++ -o addXS -I/scratch/gent/vo/001/gvo00117/easybuild/RHEL8/haswell-ib/software/SAMtools/0.1.19-GCC-11.2.0/include/bam -Wall -O3  addXS.o -lbam -lz -lm -lpthread 

== 2022-09-13 17:24:19,676 build_log.py:265 INFO ... (took 32 secs)
== 2022-09-13 17:24:19,682 build_log.py:265 INFO testing...
== 2022-09-13 17:24:19,688 easyblock.py:3758 INFO Starting test step
== 2022-09-13 17:24:19,688 easyconfig.py:1686 INFO Generating template values...
== 2022-09-13 17:24:19,689 easyconfig.py:1705 INFO Template values: arch='x86_64', bitbucket_account='psiclass', builddir='/tmp/vsc43810/easybuild/build/PsiCLASS/1.0.3/GCC-11.2.0', github_account='psiclass', installdir='/scratch/gent/vo/001/gvo00117/easybuild/RHEL8/haswell-ib/software/PsiCLASS/1.0.3-GCC-11.2.0', module_name='PsiCLASS/1.0.3-GCC-11.2.0', name='PsiCLASS', nameletter='P', nameletterlower='p', namelower='psiclass', parallel='1', toolchain_name='GCC', toolchain_version='11.2.0', version='1.0.3', version_major='1', version_major_minor='1.0', version_minor='0', versionprefix='', versionsuffix=''
== 2022-09-13 17:24:19,689 easyblock.py:3766 INFO Running method test_step part of step test
== 2022-09-13 17:24:19,689 build_log.py:265 INFO ... (took < 1 sec)
== 2022-09-13 17:24:19,695 build_log.py:265 INFO installing...
== 2022-09-13 17:24:19,701 easyblock.py:3758 INFO Starting install step
== 2022-09-13 17:24:19,706 easyconfig.py:1686 INFO Generating template values...
== 2022-09-13 17:24:19,707 easyconfig.py:1705 INFO Template values: arch='x86_64', bitbucket_account='psiclass', builddir='/tmp/vsc43810/easybuild/build/PsiCLASS/1.0.3/GCC-11.2.0', github_account='psiclass', installdir='/scratch/gent/vo/001/gvo00117/easybuild/RHEL8/haswell-ib/software/PsiCLASS/1.0.3-GCC-11.2.0', module_name='PsiCLASS/1.0.3-GCC-11.2.0', name='PsiCLASS', nameletter='P', nameletterlower='p', namelower='psiclass', parallel='1', toolchain_name='GCC', toolchain_version='11.2.0', version='1.0.3', version_major='1', version_major_minor='1.0', version_minor='0', versionprefix='', versionsuffix=''
== 2022-09-13 17:24:19,707 easyblock.py:3766 INFO Running method stage_install_step part of step install
== 2022-09-13 17:24:19,707 easyblock.py:3766 INFO Running method make_installdir part of step install
== 2022-09-13 17:24:19,709 easyblock.py:1065 INFO Found old directory /scratch/gent/vo/001/gvo00117/easybuild/RHEL8/haswell-ib/software/PsiCLASS/1.0.3-GCC-11.2.0
== 2022-09-13 17:24:19,910 filetools.py:382 INFO Path /scratch/gent/vo/001/gvo00117/easybuild/RHEL8/haswell-ib/software/PsiCLASS/1.0.3-GCC-11.2.0 successfully removed.
== 2022-09-13 17:24:19,910 easyblock.py:1073 INFO Removed old directory /scratch/gent/vo/001/gvo00117/easybuild/RHEL8/haswell-ib/software/PsiCLASS/1.0.3-GCC-11.2.0
== 2022-09-13 17:24:19,910 filetools.py:1913 INFO Creating directory /scratch/gent/vo/001/gvo00117/easybuild/RHEL8/haswell-ib/software/PsiCLASS/1.0.3-GCC-11.2.0 (parents: True, set_gid: False, sticky: False)
== 2022-09-13 17:24:19,911 easyblock.py:3766 INFO Running method install_step part of step install
== 2022-09-13 17:24:19,913 filetools.py:2426 INFO /tmp/vsc43810/easybuild/build/PsiCLASS/1.0.3/GCC-11.2.0/PsiCLASS-1.0.3/AddGeneName.cpp copied to /scratch/gent/vo/001/gvo00117/easybuild/RHEL8/haswell-ib/software/PsiCLASS/1.0.3-GCC-11.2.0
== 2022-09-13 17:24:19,915 filetools.py:2426 INFO /tmp/vsc43810/easybuild/build/PsiCLASS/1.0.3/GCC-11.2.0/PsiCLASS-1.0.3/AddXS.cpp copied to /scratch/gent/vo/001/gvo00117/easybuild/RHEL8/haswell-ib/software/PsiCLASS/1.0.3-GCC-11.2.0
== 2022-09-13 17:24:19,916 filetools.py:2426 INFO /tmp/vsc43810/easybuild/build/PsiCLASS/1.0.3/GCC-11.2.0/PsiCLASS-1.0.3/BitTable.hpp copied to /scratch/gent/vo/001/gvo00117/easybuild/RHEL8/haswell-ib/software/PsiCLASS/1.0.3-GCC-11.2.0
== 2022-09-13 17:24:19,917 filetools.py:2426 INFO /tmp/vsc43810/easybuild/build/PsiCLASS/1.0.3/GCC-11.2.0/PsiCLASS-1.0.3/CombineSubexons.cpp copied to /scratch/gent/vo/001/gvo00117/easybuild/RHEL8/haswell-ib/software/PsiCLASS/1.0.3-GCC-11.2.0
== 2022-09-13 17:24:19,918 filetools.py:2426 INFO /tmp/vsc43810/easybuild/build/PsiCLASS/1.0.3/GCC-11.2.0/PsiCLASS-1.0.3/Constraints.cpp copied to /scratch/gent/vo/001/gvo00117/easybuild/RHEL8/haswell-ib/software/PsiCLASS/1.0.3-GCC-11.2.0
== 2022-09-13 17:24:19,919 filetools.py:2426 INFO /tmp/vsc43810/easybuild/build/PsiCLASS/1.0.3/GCC-11.2.0/PsiCLASS-1.0.3/Constraints.hpp copied to /scratch/gent/vo/001/gvo00117/easybuild/RHEL8/haswell-ib/software/PsiCLASS/1.0.3-GCC-11.2.0
== 2022-09-13 17:24:19,920 filetools.py:2426 INFO /tmp/vsc43810/easybuild/build/PsiCLASS/1.0.3/GCC-11.2.0/PsiCLASS-1.0.3/FilterSplice.pl copied to /scratch/gent/vo/001/gvo00117/easybuild/RHEL8/haswell-ib/software/PsiCLASS/1.0.3-GCC-11.2.0
== 2022-09-13 17:24:19,921 filetools.py:2426 INFO /tmp/vsc43810/easybuild/build/PsiCLASS/1.0.3/GCC-11.2.0/PsiCLASS-1.0.3/FindJunction.cpp copied to /scratch/gent/vo/001/gvo00117/easybuild/RHEL8/haswell-ib/software/PsiCLASS/1.0.3-GCC-11.2.0
== 2022-09-13 17:24:19,922 filetools.py:2426 INFO /tmp/vsc43810/easybuild/build/PsiCLASS/1.0.3/GCC-11.2.0/PsiCLASS-1.0.3/GetTrustedSplice.cpp copied to /scratch/gent/vo/001/gvo00117/easybuild/RHEL8/haswell-ib/software/PsiCLASS/1.0.3-GCC-11.2.0
== 2022-09-13 17:24:19,923 filetools.py:2426 INFO /tmp/vsc43810/easybuild/build/PsiCLASS/1.0.3/GCC-11.2.0/PsiCLASS-1.0.3/GetTrustedSplice.pl copied to /scratch/gent/vo/001/gvo00117/easybuild/RHEL8/haswell-ib/software/PsiCLASS/1.0.3-GCC-11.2.0
== 2022-09-13 17:24:19,924 filetools.py:2426 INFO /tmp/vsc43810/easybuild/build/PsiCLASS/1.0.3/GCC-11.2.0/PsiCLASS-1.0.3/Makefile copied to /scratch/gent/vo/001/gvo00117/easybuild/RHEL8/haswell-ib/software/PsiCLASS/1.0.3-GCC-11.2.0
== 2022-09-13 17:24:19,925 filetools.py:2426 INFO /tmp/vsc43810/easybuild/build/PsiCLASS/1.0.3/GCC-11.2.0/PsiCLASS-1.0.3/ManipulateIntronFile.pl copied to /scratch/gent/vo/001/gvo00117/easybuild/RHEL8/haswell-ib/software/PsiCLASS/1.0.3-GCC-11.2.0
== 2022-09-13 17:24:19,926 filetools.py:2426 INFO /tmp/vsc43810/easybuild/build/PsiCLASS/1.0.3/GCC-11.2.0/PsiCLASS-1.0.3/README.md copied to /scratch/gent/vo/001/gvo00117/easybuild/RHEL8/haswell-ib/software/PsiCLASS/1.0.3-GCC-11.2.0
== 2022-09-13 17:24:19,927 filetools.py:2426 INFO /tmp/vsc43810/easybuild/build/PsiCLASS/1.0.3/GCC-11.2.0/PsiCLASS-1.0.3/SubexonCorrelation.hpp copied to /scratch/gent/vo/001/gvo00117/easybuild/RHEL8/haswell-ib/software/PsiCLASS/1.0.3-GCC-11.2.0
== 2022-09-13 17:24:19,928 filetools.py:2426 INFO /tmp/vsc43810/easybuild/build/PsiCLASS/1.0.3/GCC-11.2.0/PsiCLASS-1.0.3/SubexonGraph.cpp copied to /scratch/gent/vo/001/gvo00117/easybuild/RHEL8/haswell-ib/software/PsiCLASS/1.0.3-GCC-11.2.0
== 2022-09-13 17:24:19,930 filetools.py:2426 INFO /tmp/vsc43810/easybuild/build/PsiCLASS/1.0.3/GCC-11.2.0/PsiCLASS-1.0.3/SubexonGraph.hpp copied to /scratch/gent/vo/001/gvo00117/easybuild/RHEL8/haswell-ib/software/PsiCLASS/1.0.3-GCC-11.2.0
== 2022-09-13 17:24:19,931 filetools.py:2426 INFO /tmp/vsc43810/easybuild/build/PsiCLASS/1.0.3/GCC-11.2.0/PsiCLASS-1.0.3/SubexonInfo.cpp copied to /scratch/gent/vo/001/gvo00117/easybuild/RHEL8/haswell-ib/software/PsiCLASS/1.0.3-GCC-11.2.0
== 2022-09-13 17:24:19,932 filetools.py:2426 INFO /tmp/vsc43810/easybuild/build/PsiCLASS/1.0.3/GCC-11.2.0/PsiCLASS-1.0.3/TranscriptDecider.cpp copied to /scratch/gent/vo/001/gvo00117/easybuild/RHEL8/haswell-ib/software/PsiCLASS/1.0.3-GCC-11.2.0
== 2022-09-13 17:24:19,933 filetools.py:2426 INFO /tmp/vsc43810/easybuild/build/PsiCLASS/1.0.3/GCC-11.2.0/PsiCLASS-1.0.3/TranscriptDecider.hpp copied to /scratch/gent/vo/001/gvo00117/easybuild/RHEL8/haswell-ib/software/PsiCLASS/1.0.3-GCC-11.2.0
== 2022-09-13 17:24:19,934 filetools.py:2426 INFO /tmp/vsc43810/easybuild/build/PsiCLASS/1.0.3/GCC-11.2.0/PsiCLASS-1.0.3/Vote.cpp copied to /scratch/gent/vo/001/gvo00117/easybuild/RHEL8/haswell-ib/software/PsiCLASS/1.0.3-GCC-11.2.0
== 2022-09-13 17:24:19,935 filetools.py:2426 INFO /tmp/vsc43810/easybuild/build/PsiCLASS/1.0.3/GCC-11.2.0/PsiCLASS-1.0.3/alignments.hpp copied to /scratch/gent/vo/001/gvo00117/easybuild/RHEL8/haswell-ib/software/PsiCLASS/1.0.3-GCC-11.2.0
== 2022-09-13 17:24:19,936 filetools.py:2426 INFO /tmp/vsc43810/easybuild/build/PsiCLASS/1.0.3/GCC-11.2.0/PsiCLASS-1.0.3/blocks.hpp copied to /scratch/gent/vo/001/gvo00117/easybuild/RHEL8/haswell-ib/software/PsiCLASS/1.0.3-GCC-11.2.0
== 2022-09-13 17:24:19,937 filetools.py:2426 INFO /tmp/vsc43810/easybuild/build/PsiCLASS/1.0.3/GCC-11.2.0/PsiCLASS-1.0.3/classes.cpp copied to /scratch/gent/vo/001/gvo00117/easybuild/RHEL8/haswell-ib/software/PsiCLASS/1.0.3-GCC-11.2.0
== 2022-09-13 17:24:19,938 filetools.py:2426 INFO /tmp/vsc43810/easybuild/build/PsiCLASS/1.0.3/GCC-11.2.0/PsiCLASS-1.0.3/defs.h copied to /scratch/gent/vo/001/gvo00117/easybuild/RHEL8/haswell-ib/software/PsiCLASS/1.0.3-GCC-11.2.0
== 2022-09-13 17:24:19,941 filetools.py:2569 INFO /tmp/vsc43810/easybuild/build/PsiCLASS/1.0.3/GCC-11.2.0/PsiCLASS-1.0.3/example copied to /scratch/gent/vo/001/gvo00117/easybuild/RHEL8/haswell-ib/software/PsiCLASS/1.0.3-GCC-11.2.0/example
== 2022-09-13 17:24:19,942 filetools.py:2426 INFO /tmp/vsc43810/easybuild/build/PsiCLASS/1.0.3/GCC-11.2.0/PsiCLASS-1.0.3/gamma.cpp copied to /scratch/gent/vo/001/gvo00117/easybuild/RHEL8/haswell-ib/software/PsiCLASS/1.0.3-GCC-11.2.0
== 2022-09-13 17:24:19,943 filetools.py:2426 INFO /tmp/vsc43810/easybuild/build/PsiCLASS/1.0.3/GCC-11.2.0/PsiCLASS-1.0.3/gamma.hpp copied to /scratch/gent/vo/001/gvo00117/easybuild/RHEL8/haswell-ib/software/PsiCLASS/1.0.3-GCC-11.2.0
== 2022-09-13 17:24:19,944 filetools.py:2426 INFO /tmp/vsc43810/easybuild/build/PsiCLASS/1.0.3/GCC-11.2.0/PsiCLASS-1.0.3/grader.cpp copied to /scratch/gent/vo/001/gvo00117/easybuild/RHEL8/haswell-ib/software/PsiCLASS/1.0.3-GCC-11.2.0
== 2022-09-13 17:24:19,945 filetools.py:2426 INFO /tmp/vsc43810/easybuild/build/PsiCLASS/1.0.3/GCC-11.2.0/PsiCLASS-1.0.3/psiclass copied to /scratch/gent/vo/001/gvo00117/easybuild/RHEL8/haswell-ib/software/PsiCLASS/1.0.3-GCC-11.2.0
== 2022-09-13 17:24:19,947 filetools.py:2426 INFO /tmp/vsc43810/easybuild/build/PsiCLASS/1.0.3/GCC-11.2.0/PsiCLASS-1.0.3/stats.cpp copied to /scratch/gent/vo/001/gvo00117/easybuild/RHEL8/haswell-ib/software/PsiCLASS/1.0.3-GCC-11.2.0
== 2022-09-13 17:24:19,948 filetools.py:2426 INFO /tmp/vsc43810/easybuild/build/PsiCLASS/1.0.3/GCC-11.2.0/PsiCLASS-1.0.3/stats.hpp copied to /scratch/gent/vo/001/gvo00117/easybuild/RHEL8/haswell-ib/software/PsiCLASS/1.0.3-GCC-11.2.0
== 2022-09-13 17:24:19,948 filetools.py:2426 INFO /tmp/vsc43810/easybuild/build/PsiCLASS/1.0.3/GCC-11.2.0/PsiCLASS-1.0.3/support.hpp copied to /scratch/gent/vo/001/gvo00117/easybuild/RHEL8/haswell-ib/software/PsiCLASS/1.0.3-GCC-11.2.0
== 2022-09-13 17:24:19,950 filetools.py:2426 INFO /tmp/vsc43810/easybuild/build/PsiCLASS/1.0.3/GCC-11.2.0/PsiCLASS-1.0.3/subexon-info.o copied to /scratch/gent/vo/001/gvo00117/easybuild/RHEL8/haswell-ib/software/PsiCLASS/1.0.3-GCC-11.2.0
== 2022-09-13 17:24:19,951 filetools.py:2426 INFO /tmp/vsc43810/easybuild/build/PsiCLASS/1.0.3/GCC-11.2.0/PsiCLASS-1.0.3/stats.o copied to /scratch/gent/vo/001/gvo00117/easybuild/RHEL8/haswell-ib/software/PsiCLASS/1.0.3-GCC-11.2.0
== 2022-09-13 17:24:19,952 filetools.py:2426 INFO /tmp/vsc43810/easybuild/build/PsiCLASS/1.0.3/GCC-11.2.0/PsiCLASS-1.0.3/subexon-graph.o copied to /scratch/gent/vo/001/gvo00117/easybuild/RHEL8/haswell-ib/software/PsiCLASS/1.0.3-GCC-11.2.0
== 2022-09-13 17:24:19,954 filetools.py:2426 INFO /tmp/vsc43810/easybuild/build/PsiCLASS/1.0.3/GCC-11.2.0/PsiCLASS-1.0.3/subexon-info copied to /scratch/gent/vo/001/gvo00117/easybuild/RHEL8/haswell-ib/software/PsiCLASS/1.0.3-GCC-11.2.0
== 2022-09-13 17:24:19,955 filetools.py:2426 INFO /tmp/vsc43810/easybuild/build/PsiCLASS/1.0.3/GCC-11.2.0/PsiCLASS-1.0.3/combine-subexons.o copied to /scratch/gent/vo/001/gvo00117/easybuild/RHEL8/haswell-ib/software/PsiCLASS/1.0.3-GCC-11.2.0
== 2022-09-13 17:24:19,956 filetools.py:2426 INFO /tmp/vsc43810/easybuild/build/PsiCLASS/1.0.3/GCC-11.2.0/PsiCLASS-1.0.3/combine-subexons copied to /scratch/gent/vo/001/gvo00117/easybuild/RHEL8/haswell-ib/software/PsiCLASS/1.0.3-GCC-11.2.0
== 2022-09-13 17:24:19,963 filetools.py:2426 INFO /tmp/vsc43810/easybuild/build/PsiCLASS/1.0.3/GCC-11.2.0/PsiCLASS-1.0.3/classes.o copied to /scratch/gent/vo/001/gvo00117/easybuild/RHEL8/haswell-ib/software/PsiCLASS/1.0.3-GCC-11.2.0
== 2022-09-13 17:24:19,964 filetools.py:2426 INFO /tmp/vsc43810/easybuild/build/PsiCLASS/1.0.3/GCC-11.2.0/PsiCLASS-1.0.3/constraints.o copied to /scratch/gent/vo/001/gvo00117/easybuild/RHEL8/haswell-ib/software/PsiCLASS/1.0.3-GCC-11.2.0
== 2022-09-13 17:24:19,965 filetools.py:2426 INFO /tmp/vsc43810/easybuild/build/PsiCLASS/1.0.3/GCC-11.2.0/PsiCLASS-1.0.3/transcript-decider.o copied to /scratch/gent/vo/001/gvo00117/easybuild/RHEL8/haswell-ib/software/PsiCLASS/1.0.3-GCC-11.2.0
== 2022-09-13 17:24:19,967 filetools.py:2426 INFO /tmp/vsc43810/easybuild/build/PsiCLASS/1.0.3/GCC-11.2.0/PsiCLASS-1.0.3/classes copied to /scratch/gent/vo/001/gvo00117/easybuild/RHEL8/haswell-ib/software/PsiCLASS/1.0.3-GCC-11.2.0
== 2022-09-13 17:24:19,968 filetools.py:2426 INFO /tmp/vsc43810/easybuild/build/PsiCLASS/1.0.3/GCC-11.2.0/PsiCLASS-1.0.3/vote-transcripts.o copied to /scratch/gent/vo/001/gvo00117/easybuild/RHEL8/haswell-ib/software/PsiCLASS/1.0.3-GCC-11.2.0
== 2022-09-13 17:24:19,969 filetools.py:2426 INFO /tmp/vsc43810/easybuild/build/PsiCLASS/1.0.3/GCC-11.2.0/PsiCLASS-1.0.3/vote-transcripts copied to /scratch/gent/vo/001/gvo00117/easybuild/RHEL8/haswell-ib/software/PsiCLASS/1.0.3-GCC-11.2.0
== 2022-09-13 17:24:19,970 filetools.py:2426 INFO /tmp/vsc43810/easybuild/build/PsiCLASS/1.0.3/GCC-11.2.0/PsiCLASS-1.0.3/junc.o copied to /scratch/gent/vo/001/gvo00117/easybuild/RHEL8/haswell-ib/software/PsiCLASS/1.0.3-GCC-11.2.0
== 2022-09-13 17:24:19,972 filetools.py:2426 INFO /tmp/vsc43810/easybuild/build/PsiCLASS/1.0.3/GCC-11.2.0/PsiCLASS-1.0.3/junc copied to /scratch/gent/vo/001/gvo00117/easybuild/RHEL8/haswell-ib/software/PsiCLASS/1.0.3-GCC-11.2.0
== 2022-09-13 17:24:19,973 filetools.py:2426 INFO /tmp/vsc43810/easybuild/build/PsiCLASS/1.0.3/GCC-11.2.0/PsiCLASS-1.0.3/grader.o copied to /scratch/gent/vo/001/gvo00117/easybuild/RHEL8/haswell-ib/software/PsiCLASS/1.0.3-GCC-11.2.0
== 2022-09-13 17:24:19,974 filetools.py:2426 INFO /tmp/vsc43810/easybuild/build/PsiCLASS/1.0.3/GCC-11.2.0/PsiCLASS-1.0.3/grader copied to /scratch/gent/vo/001/gvo00117/easybuild/RHEL8/haswell-ib/software/PsiCLASS/1.0.3-GCC-11.2.0
== 2022-09-13 17:24:19,975 filetools.py:2426 INFO /tmp/vsc43810/easybuild/build/PsiCLASS/1.0.3/GCC-11.2.0/PsiCLASS-1.0.3/trust-splice.o copied to /scratch/gent/vo/001/gvo00117/easybuild/RHEL8/haswell-ib/software/PsiCLASS/1.0.3-GCC-11.2.0
== 2022-09-13 17:24:19,977 filetools.py:2426 INFO /tmp/vsc43810/easybuild/build/PsiCLASS/1.0.3/GCC-11.2.0/PsiCLASS-1.0.3/trust-splice copied to /scratch/gent/vo/001/gvo00117/easybuild/RHEL8/haswell-ib/software/PsiCLASS/1.0.3-GCC-11.2.0
== 2022-09-13 17:24:19,978 filetools.py:2426 INFO /tmp/vsc43810/easybuild/build/PsiCLASS/1.0.3/GCC-11.2.0/PsiCLASS-1.0.3/add-genename.o copied to /scratch/gent/vo/001/gvo00117/easybuild/RHEL8/haswell-ib/software/PsiCLASS/1.0.3-GCC-11.2.0
== 2022-09-13 17:24:19,979 filetools.py:2426 INFO /tmp/vsc43810/easybuild/build/PsiCLASS/1.0.3/GCC-11.2.0/PsiCLASS-1.0.3/add-genename copied to /scratch/gent/vo/001/gvo00117/easybuild/RHEL8/haswell-ib/software/PsiCLASS/1.0.3-GCC-11.2.0
== 2022-09-13 17:24:19,980 filetools.py:2426 INFO /tmp/vsc43810/easybuild/build/PsiCLASS/1.0.3/GCC-11.2.0/PsiCLASS-1.0.3/addXS.o copied to /scratch/gent/vo/001/gvo00117/easybuild/RHEL8/haswell-ib/software/PsiCLASS/1.0.3-GCC-11.2.0
== 2022-09-13 17:24:19,981 filetools.py:2426 INFO /tmp/vsc43810/easybuild/build/PsiCLASS/1.0.3/GCC-11.2.0/PsiCLASS-1.0.3/addXS copied to /scratch/gent/vo/001/gvo00117/easybuild/RHEL8/haswell-ib/software/PsiCLASS/1.0.3-GCC-11.2.0
== 2022-09-13 17:24:19,982 build_log.py:265 INFO ... (took < 1 sec)
== 2022-09-13 17:24:19,987 build_log.py:265 INFO taking care of extensions...
== 2022-09-13 17:24:19,993 easyblock.py:3758 INFO Starting extensions step
== 2022-09-13 17:24:19,993 easyconfig.py:1686 INFO Generating template values...
== 2022-09-13 17:24:19,994 easyconfig.py:1705 INFO Template values: arch='x86_64', bitbucket_account='psiclass', builddir='/tmp/vsc43810/easybuild/build/PsiCLASS/1.0.3/GCC-11.2.0', github_account='psiclass', installdir='/scratch/gent/vo/001/gvo00117/easybuild/RHEL8/haswell-ib/software/PsiCLASS/1.0.3-GCC-11.2.0', module_name='PsiCLASS/1.0.3-GCC-11.2.0', name='PsiCLASS', nameletter='P', nameletterlower='p', namelower='psiclass', parallel='1', toolchain_name='GCC', toolchain_version='11.2.0', version='1.0.3', version_major='1', version_major_minor='1.0', version_minor='0', versionprefix='', versionsuffix=''
== 2022-09-13 17:24:19,994 easyblock.py:3766 INFO Running method extensions_step part of step extensions
== 2022-09-13 17:24:19,994 build_log.py:265 INFO ... (took < 1 sec)
== 2022-09-13 17:24:20,000 build_log.py:265 INFO restore after iterating...
== 2022-09-13 17:24:20,006 easyblock.py:3758 INFO Starting postiter step
== 2022-09-13 17:24:20,006 easyconfig.py:1686 INFO Generating template values...
== 2022-09-13 17:24:20,006 easyconfig.py:1705 INFO Template values: arch='x86_64', bitbucket_account='psiclass', builddir='/tmp/vsc43810/easybuild/build/PsiCLASS/1.0.3/GCC-11.2.0', github_account='psiclass', installdir='/scratch/gent/vo/001/gvo00117/easybuild/RHEL8/haswell-ib/software/PsiCLASS/1.0.3-GCC-11.2.0', module_name='PsiCLASS/1.0.3-GCC-11.2.0', name='PsiCLASS', nameletter='P', nameletterlower='p', namelower='psiclass', parallel='1', toolchain_name='GCC', toolchain_version='11.2.0', version='1.0.3', version_major='1', version_major_minor='1.0', version_minor='0', versionprefix='', versionsuffix=''
== 2022-09-13 17:24:20,007 easyblock.py:3766 INFO Running method post_iter_step part of step postiter
== 2022-09-13 17:24:20,007 build_log.py:265 INFO ... (took < 1 sec)
== 2022-09-13 17:24:20,013 build_log.py:265 INFO postprocessing...
== 2022-09-13 17:24:20,018 easyblock.py:3758 INFO Starting postproc step
== 2022-09-13 17:24:20,018 easyconfig.py:1686 INFO Generating template values...
== 2022-09-13 17:24:20,019 easyconfig.py:1705 INFO Template values: arch='x86_64', bitbucket_account='psiclass', builddir='/tmp/vsc43810/easybuild/build/PsiCLASS/1.0.3/GCC-11.2.0', github_account='psiclass', installdir='/scratch/gent/vo/001/gvo00117/easybuild/RHEL8/haswell-ib/software/PsiCLASS/1.0.3-GCC-11.2.0', module_name='PsiCLASS/1.0.3-GCC-11.2.0', name='PsiCLASS', nameletter='P', nameletterlower='p', namelower='psiclass', parallel='1', toolchain_name='GCC', toolchain_version='11.2.0', version='1.0.3', version_major='1', version_major_minor='1.0', version_minor='0', versionprefix='', versionsuffix=''
== 2022-09-13 17:24:20,019 easyblock.py:3766 INFO Running method post_install_step part of step postproc
== 2022-09-13 17:24:20,019 easyblock.py:2812 INFO Path to 'env' command to use in patched shebang lines: /usr/bin/env
== 2022-09-13 17:24:20,021 build_log.py:265 INFO ... (took < 1 sec)
== 2022-09-13 17:24:20,026 build_log.py:265 INFO sanity checking...
== 2022-09-13 17:24:20,032 easyblock.py:3758 INFO Starting sanitycheck step
== 2022-09-13 17:24:20,032 easyconfig.py:1686 INFO Generating template values...
== 2022-09-13 17:24:20,033 easyconfig.py:1705 INFO Template values: arch='x86_64', bitbucket_account='psiclass', builddir='/tmp/vsc43810/easybuild/build/PsiCLASS/1.0.3/GCC-11.2.0', github_account='psiclass', installdir='/scratch/gent/vo/001/gvo00117/easybuild/RHEL8/haswell-ib/software/PsiCLASS/1.0.3-GCC-11.2.0', module_name='PsiCLASS/1.0.3-GCC-11.2.0', name='PsiCLASS', nameletter='P', nameletterlower='p', namelower='psiclass', parallel='1', toolchain_name='GCC', toolchain_version='11.2.0', version='1.0.3', version_major='1', version_major_minor='1.0', version_minor='0', versionprefix='', versionsuffix=''
== 2022-09-13 17:24:20,033 easyblock.py:3766 INFO Running method sanity_check_step part of step sanitycheck
== 2022-09-13 17:24:20,033 easyblock.py:3181 INFO Using (only) sanity check paths specified by easyconfig file: {'files': ['classes', 'grader', 'psiclass'], 'dirs': []}
== 2022-09-13 17:24:20,033 easyblock.py:3225 INFO Using (only) sanity check commands specified by easyconfig file: ['psiclass -b $EBROOTPSICLASS/example/s1.bam,$EBROOTPSICLASS/example/s2.bam']
== 2022-09-13 17:24:20,199 filetools.py:1913 INFO Creating directory /tmp/vsc43810/eb-kxsjm_na/tmpiajv83g1/all/PsiCLASS (parents: True, set_gid: False, sticky: False)
== 2022-09-13 17:24:20,200 easyblock.py:3574 INFO Module file /tmp/vsc43810/eb-kxsjm_na/tmpiajv83g1/all/PsiCLASS/1.0.3-GCC-11.2.0.lua written: help([==[

Description
===========
PsiCLASS is a reference-based transcriptome assembler for single or multiple RNA-seq samples.


More information
================
 - Homepage: https://github.com/splicebox/PsiCLASS
]==])

whatis([==[Description: PsiCLASS is a reference-based transcriptome assembler for single or multiple RNA-seq samples.]==])
whatis([==[Homepage: https://github.com/splicebox/PsiCLASS]==])
whatis([==[URL: https://github.com/splicebox/PsiCLASS]==])

local root = "/scratch/gent/vo/001/gvo00117/easybuild/RHEL8/haswell-ib/software/PsiCLASS/1.0.3-GCC-11.2.0"

conflict("PsiCLASS")

if not ( isloaded("GCC/11.2.0") ) then
    load("GCC/11.2.0")
end

if not ( isloaded("SAMtools/0.1.19-GCC-11.2.0") ) then
    load("SAMtools/0.1.19-GCC-11.2.0")
end

prepend_path("CMAKE_PREFIX_PATH", root)
setenv("EBROOTPSICLASS", root)
setenv("EBVERSIONPSICLASS", "1.0.3")
setenv("EBDEVELPSICLASS", pathJoin(root, "easybuild/PsiCLASS-1.0.3-GCC-11.2.0-easybuild-devel"))

prepend_path("PATH", root)
-- Built with EasyBuild version 4.6.1.dev0-r6dc5424a7c9ae282b0d98a09be97a01a6b3df8c9

== 2022-09-13 17:24:20,201 filetools.py:1913 INFO Creating directory /tmp/vsc43810/eb-kxsjm_na/tmpiajv83g1/bio/PsiCLASS (parents: True, set_gid: False, sticky: False)
== 2022-09-13 17:24:20,201 easyblock.py:3605 INFO Skipping devel module...
== 2022-09-13 17:24:20,202 filetools.py:337 INFO Symlinked 1.0.3-GCC-11.2.0.lua to /tmp/vsc43810/eb-kxsjm_na/tmpiajv83g1/all/PsiCLASS/default
== 2022-09-13 17:24:20,202 module_generator.py:1487 INFO Module default version file written to point to /tmp/vsc43810/eb-kxsjm_na/tmpiajv83g1/all/PsiCLASS/default
== 2022-09-13 17:24:21,480 environment.py:91 INFO Environment variable __LMOD_REF_COUNT_PATH set to /usr/libexec/jobcli:1;/usr/local/bin:1;/usr/bin:1;/usr/local/sbin:1;/usr/sbin:1;/user/gent/438/vsc43810/.dotnet/tools:1 (previous value: '/scratch/gent/vo/001/gvo00117/easybuild/RHEL8/haswell-ib/software/SAMtools/0.1.19-GCC-11.2.0/bin:1;/apps/gent/RHEL8/haswell-ib/software/ncurses/6.2-GCCcore-11.2.0/bin:1;/apps/gent/RHEL8/haswell-ib/software/binutils/2.37-GCCcore-11.2.0/bin:1;/apps/gent/RHEL8/haswell-ib/software/GCCcore/11.2.0/bin:1;/user/gent/438/vsc43810/.local/bin:1;/user/gent/438/vsc43810/easybuild/easybuild-framework:1;/usr/libexec/jobcli:1;/usr/local/bin:1;/usr/bin:1;/usr/local/sbin:1;/usr/sbin:1;/user/gent/438/vsc43810/.dotnet/tools:1')
== 2022-09-13 17:24:21,480 environment.py:91 INFO Environment variable _ModuleTable002_ set to bXBhdGhBID0gewoiL3NjcmF0Y2gvZ2VudC92by8wMDEvZ3ZvMDAxMTcvZWFzeWJ1aWxkL1JIRUw4L2hhc3dlbGwtaWIvbW9kdWxlcy9hbGwiLCAiL2FwcHMvZ2VudC9SSEVMOC9oYXN3ZWxsLWliL21vZHVsZXMvYWxsIiwgIi9ldGMvbW9kdWxlZmlsZXMvdnNjIiwKfSwKc3lzdGVtQmFzZU1QQVRIID0gIi9ldGMvbW9kdWxlZmlsZXMvdnNjIiwKfQo= (previous value: 'Ii9hcHBzL2dlbnQvUkhFTDgvaGFzd2VsbC1pYi9tb2R1bGVzL2FsbC9HQ0Njb3JlLzExLjIuMC5sdWEiLApmdWxsTmFtZSA9ICJHQ0Njb3JlLzExLjIuMCIsCmxvYWRPcmRlciA9IDIsCnByb3BUID0ge30sCnN0YWNrRGVwdGggPSAxLApzdGF0dXMgPSAiYWN0aXZlIiwKdXNlck5hbWUgPSAiR0NDY29yZS8xMS4yLjAiLAp3ViA9ICIwMDAwMDAwMTEuMDAwMDAwMDAyLip6ZmluYWwiLAp9LApTQU10b29scyA9IHsKZm4gPSAiL3NjcmF0Y2gvZ2VudC92by8wMDEvZ3ZvMDAxMTcvZWFzeWJ1aWxkL1JIRUw4L2hhc3dlbGwtaWIvbW9kdWxlcy9hbGwvU0FNdG9vbHMvMC4xLjE5LUdDQy0xMS4yLjAubHVhIiwKZnVsbE5hbWUgPSAiU0FNdG9vbHMvMC4xLjE5LUdDQy0xMS4yLjAiLAps')
== 2022-09-13 17:24:21,481 environment.py:91 INFO Environment variable __LMOD_REF_COUNT_MODULEPATH set to /scratch/gent/vo/001/gvo00117/easybuild/RHEL8/haswell-ib/modules/all:1;/apps/gent/RHEL8/haswell-ib/modules/all:1;/etc/modulefiles/vsc:1 (previous value: '/tmp/vsc43810/eb-kxsjm_na/tmpiajv83g1/all:1;/scratch/gent/vo/001/gvo00117/easybuild/RHEL8/haswell-ib/modules/all:1;/apps/gent/RHEL8/haswell-ib/modules/all:1;/etc/modulefiles/vsc:1')
== 2022-09-13 17:24:21,481 environment.py:91 INFO Environment variable _ModuleTable001_ set to X01vZHVsZVRhYmxlXyA9IHsKTVR2ZXJzaW9uID0gMywKY19yZWJ1aWxkVGltZSA9IDcyMDAuMCwKY19zaG9ydFRpbWUgPSAwLjAxODQxNDk3NDIxMjY0NiwKZGVwdGhUID0ge30sCmZhbWlseSA9IHsKY2x1c3RlciA9ICJjbHVzdGVyIiwKfSwKbVQgPSB7CmNsdXN0ZXIgPSB7CmZuID0gIi9ldGMvbW9kdWxlZmlsZXMvdnNjL2NsdXN0ZXIvc2xha2luZy5sdWEiLApmdWxsTmFtZSA9ICJjbHVzdGVyL3NsYWtpbmciLApsb2FkT3JkZXIgPSAxLApwcm9wVCA9IHsKbG1vZCA9IHsKc3RpY2t5ID0gMSwKfSwKfSwKc3RhY2tEZXB0aCA9IDAsCnN0YXR1cyA9ICJhY3RpdmUiLAp1c2VyTmFtZSA9ICJjbHVzdGVyL3NsYWtpbmciLAp3ViA9ICIqc2xha2luZy4qemZpbmFsIiwKfSwKfSwK (previous value: 'X01vZHVsZVRhYmxlXyA9IHsKTVR2ZXJzaW9uID0gMywKY19yZWJ1aWxkVGltZSA9IDcyMDAuMCwKY19zaG9ydFRpbWUgPSAwLjAxODQxNDk3NDIxMjY0NiwKZGVwdGhUID0ge30sCmZhbWlseSA9IHsKY2x1c3RlciA9ICJjbHVzdGVyIiwKfSwKbVQgPSB7CkdDQyA9IHsKZm4gPSAiL2FwcHMvZ2VudC9SSEVMOC9oYXN3ZWxsLWliL21vZHVsZXMvYWxsL0dDQy8xMS4yLjAubHVhIiwKZnVsbE5hbWUgPSAiR0NDLzExLjIuMCIsCmxvYWRPcmRlciA9IDUsCnByb3BUID0ge30sCnN0YWNrRGVwdGggPSAwLApzdGF0dXMgPSAiYWN0aXZlIiwKdXNlck5hbWUgPSAiR0NDLzExLjIuMCIsCndWID0gIjAwMDAwMDAxMS4wMDAwMDAwMDIuKnpmaW5hbCIsCn0sCkdDQ2NvcmUgPSB7CmZuID0g')
== 2022-09-13 17:24:21,481 environment.py:91 INFO Environment variable LOADEDMODULES set to cluster/slaking (previous value: 'cluster/slaking:GCCcore/11.2.0:zlib/1.2.11-GCCcore-11.2.0:binutils/2.37-GCCcore-11.2.0:GCC/11.2.0:ncurses/6.2-GCCcore-11.2.0:SAMtools/0.1.19-GCC-11.2.0')
== 2022-09-13 17:24:21,482 environment.py:91 INFO Environment variable _ModuleTable_Sz_ set to 2 (previous value: '7')
== 2022-09-13 17:24:21,482 environment.py:91 INFO Environment variable MANPATH set to : (previous value: '/apps/gent/RHEL8/haswell-ib/software/ncurses/6.2-GCCcore-11.2.0/share/man:/apps/gent/RHEL8/haswell-ib/software/binutils/2.37-GCCcore-11.2.0/share/man:/apps/gent/RHEL8/haswell-ib/software/zlib/1.2.11-GCCcore-11.2.0/share/man:/apps/gent/RHEL8/haswell-ib/software/GCCcore/11.2.0/share/man::')
== 2022-09-13 17:24:21,482 environment.py:91 INFO Environment variable MODULEPATH set to /scratch/gent/vo/001/gvo00117/easybuild/RHEL8/haswell-ib/modules/all:/apps/gent/RHEL8/haswell-ib/modules/all:/etc/modulefiles/vsc (previous value: '/tmp/vsc43810/eb-kxsjm_na/tmpiajv83g1/all:/scratch/gent/vo/001/gvo00117/easybuild/RHEL8/haswell-ib/modules/all:/apps/gent/RHEL8/haswell-ib/modules/all:/etc/modulefiles/vsc')
== 2022-09-13 17:24:21,482 environment.py:91 INFO Environment variable PATH set to /user/gent/438/vsc43810/.local/bin:/user/gent/438/vsc43810/easybuild/easybuild-framework:/usr/libexec/jobcli:/usr/local/bin:/usr/bin:/usr/local/sbin:/usr/sbin:/user/gent/438/vsc43810/.dotnet/tools (previous value: '/scratch/gent/vo/001/gvo00117/easybuild/RHEL8/haswell-ib/software/SAMtools/0.1.19-GCC-11.2.0/bin:/apps/gent/RHEL8/haswell-ib/software/ncurses/6.2-GCCcore-11.2.0/bin:/apps/gent/RHEL8/haswell-ib/software/binutils/2.37-GCCcore-11.2.0/bin:/apps/gent/RHEL8/haswell-ib/software/GCCcore/11.2.0/bin:/user/gent/438/vsc43810/.local/bin:/user/gent/438/vsc43810/easybuild/easybuild-framework:/usr/libexec/jobcli:/usr/local/bin:/usr/bin:/usr/local/sbin:/usr/sbin:/user/gent/438/vsc43810/.dotnet/tools')
== 2022-09-13 17:24:21,483 environment.py:91 INFO Environment variable _LMFILES_ set to /etc/modulefiles/vsc/cluster/slaking.lua (previous value: '/etc/modulefiles/vsc/cluster/slaking.lua:/apps/gent/RHEL8/haswell-ib/modules/all/GCCcore/11.2.0.lua:/apps/gent/RHEL8/haswell-ib/modules/all/zlib/1.2.11-GCCcore-11.2.0.lua:/apps/gent/RHEL8/haswell-ib/modules/all/binutils/2.37-GCCcore-11.2.0.lua:/apps/gent/RHEL8/haswell-ib/modules/all/GCC/11.2.0.lua:/apps/gent/RHEL8/haswell-ib/modules/all/ncurses/6.2-GCCcore-11.2.0.lua:/scratch/gent/vo/001/gvo00117/easybuild/RHEL8/haswell-ib/modules/all/SAMtools/0.1.19-GCC-11.2.0.lua')
== 2022-09-13 17:24:21,485 modules.py:472 INFO $MODULEPATH set via list of module paths (w/ 'module use'): /tmp/vsc43810/eb-kxsjm_na/tmpiajv83g1/all:/scratch/gent/vo/001/gvo00117/easybuild/RHEL8/haswell-ib/modules/all:/apps/gent/RHEL8/haswell-ib/modules/all:/etc/modulefiles/vsc
== 2022-09-13 17:24:22,877 run.py:234 INFO running cmd: psiclass -b $EBROOTPSICLASS/example/s1.bam,$EBROOTPSICLASS/example/s2.bam 
== 2022-09-13 17:24:22,949 easyblock.py:3442 WARNING Sanity check: sanity check command psiclass -b $EBROOTPSICLASS/example/s1.bam,$EBROOTPSICLASS/example/s2.bam exited with code 255 (output: Global symbol "$EBROOTSAMTOOLS" requires explicit package name (did you forget to declare "my $EBROOTSAMTOOLS"?) at /scratch/gent/vo/001/gvo00117/easybuild/RHEL8/haswell-ib/software/PsiCLASS/1.0.3-GCC-11.2.0/psiclass line 196.
Execution of /scratch/gent/vo/001/gvo00117/easybuild/RHEL8/haswell-ib/software/PsiCLASS/1.0.3-GCC-11.2.0/psiclass aborted due to compilation errors.
)
== 2022-09-13 17:24:22,957 easyblock.py:3061 INFO Checking for banned/required linked shared libraries...
== 2022-09-13 17:24:22,957 easyblock.py:3077 INFO No banned/required libraries specified
== 2022-09-13 17:24:23,113 filetools.py:382 INFO Path /tmp/vsc43810/eb-kxsjm_na/tmpiajv83g1 successfully removed.
== 2022-09-13 17:24:23,114 environment.py:91 INFO Environment variable _ModuleTable002_ set to Ii9hcHBzL2dlbnQvUkhFTDgvaGFzd2VsbC1pYi9tb2R1bGVzL2FsbC9HQ0Njb3JlLzExLjIuMC5sdWEiLApmdWxsTmFtZSA9ICJHQ0Njb3JlLzExLjIuMCIsCmxvYWRPcmRlciA9IDIsCnByb3BUID0ge30sCnN0YWNrRGVwdGggPSAxLApzdGF0dXMgPSAiYWN0aXZlIiwKdXNlck5hbWUgPSAiR0NDY29yZS8xMS4yLjAiLAp3ViA9ICIwMDAwMDAwMTEuMDAwMDAwMDAyLip6ZmluYWwiLAp9LApTQU10b29scyA9IHsKZm4gPSAiL3NjcmF0Y2gvZ2VudC92by8wMDEvZ3ZvMDAxMTcvZWFzeWJ1aWxkL1JIRUw4L2hhc3dlbGwtaWIvbW9kdWxlcy9hbGwvU0FNdG9vbHMvMC4xLjE5LUdDQy0xMS4yLjAubHVhIiwKZnVsbE5hbWUgPSAiU0FNdG9vbHMvMC4xLjE5LUdDQy0xMS4yLjAiLAps (previous value: 'Ii9hcHBzL2dlbnQvUkhFTDgvaGFzd2VsbC1pYi9tb2R1bGVzL2FsbC9HQ0Njb3JlLzExLjIuMC5sdWEiLApmdWxsTmFtZSA9ICJHQ0Njb3JlLzExLjIuMCIsCmxvYWRPcmRlciA9IDIsCnByb3BUID0ge30sCnN0YWNrRGVwdGggPSAyLApzdGF0dXMgPSAiYWN0aXZlIiwKdXNlck5hbWUgPSAiR0NDY29yZS8xMS4yLjAiLAp3ViA9ICIwMDAwMDAwMTEuMDAwMDAwMDAyLip6ZmluYWwiLAp9LApTQU10b29scyA9IHsKZm4gPSAiL3NjcmF0Y2gvZ2VudC92by8wMDEvZ3ZvMDAxMTcvZWFzeWJ1aWxkL1JIRUw4L2hhc3dlbGwtaWIvbW9kdWxlcy9hbGwvU0FNdG9vbHMvMC4xLjE5LUdDQy0xMS4yLjAubHVhIiwKZnVsbE5hbWUgPSAiU0FNdG9vbHMvMC4xLjE5LUdDQy0xMS4yLjAiLAps')
== 2022-09-13 17:24:23,114 environment.py:91 INFO Environment variable __LMOD_REF_COUNT_MODULEPATH set to /scratch/gent/vo/001/gvo00117/easybuild/RHEL8/haswell-ib/modules/all:1;/apps/gent/RHEL8/haswell-ib/modules/all:1;/etc/modulefiles/vsc:1 (previous value: '/tmp/vsc43810/eb-kxsjm_na/tmpiajv83g1/all:1;/scratch/gent/vo/001/gvo00117/easybuild/RHEL8/haswell-ib/modules/all:1;/apps/gent/RHEL8/haswell-ib/modules/all:1;/etc/modulefiles/vsc:1')
== 2022-09-13 17:24:23,115 environment.py:91 INFO Environment variable _ModuleTable001_ set to X01vZHVsZVRhYmxlXyA9IHsKTVR2ZXJzaW9uID0gMywKY19yZWJ1aWxkVGltZSA9IDcyMDAuMCwKY19zaG9ydFRpbWUgPSAwLjAxODQxNDk3NDIxMjY0NiwKZGVwdGhUID0ge30sCmZhbWlseSA9IHsKY2x1c3RlciA9ICJjbHVzdGVyIiwKfSwKbVQgPSB7CkdDQyA9IHsKZm4gPSAiL2FwcHMvZ2VudC9SSEVMOC9oYXN3ZWxsLWliL21vZHVsZXMvYWxsL0dDQy8xMS4yLjAubHVhIiwKZnVsbE5hbWUgPSAiR0NDLzExLjIuMCIsCmxvYWRPcmRlciA9IDUsCnByb3BUID0ge30sCnN0YWNrRGVwdGggPSAwLApzdGF0dXMgPSAiYWN0aXZlIiwKdXNlck5hbWUgPSAiR0NDLzExLjIuMCIsCndWID0gIjAwMDAwMDAxMS4wMDAwMDAwMDIuKnpmaW5hbCIsCn0sCkdDQ2NvcmUgPSB7CmZuID0g (previous value: 'X01vZHVsZVRhYmxlXyA9IHsKTVR2ZXJzaW9uID0gMywKY19yZWJ1aWxkVGltZSA9IDcyMDAuMCwKY19zaG9ydFRpbWUgPSAwLjAxODQxNDk3NDIxMjY0NiwKZGVwdGhUID0ge30sCmZhbWlseSA9IHsKY2x1c3RlciA9ICJjbHVzdGVyIiwKfSwKbVQgPSB7CkdDQyA9IHsKZm4gPSAiL2FwcHMvZ2VudC9SSEVMOC9oYXN3ZWxsLWliL21vZHVsZXMvYWxsL0dDQy8xMS4yLjAubHVhIiwKZnVsbE5hbWUgPSAiR0NDLzExLjIuMCIsCmxvYWRPcmRlciA9IDUsCnByb3BUID0ge30sCnN0YWNrRGVwdGggPSAxLApzdGF0dXMgPSAiYWN0aXZlIiwKdXNlck5hbWUgPSAiR0NDLzExLjIuMCIsCndWID0gIjAwMDAwMDAxMS4wMDAwMDAwMDIuKnpmaW5hbCIsCn0sCkdDQ2NvcmUgPSB7CmZuID0g')
== 2022-09-13 17:24:23,116 environment.py:91 INFO Environment variable __LMOD_REF_COUNT_LD_LIBRARY_PATH set to /scratch/gent/vo/001/gvo00117/easybuild/RHEL8/haswell-ib/software/SAMtools/0.1.19-GCC-11.2.0/lib:1;/apps/gent/RHEL8/haswell-ib/software/ncurses/6.2-GCCcore-11.2.0/lib:1 (previous value: '/scratch/gent/vo/001/gvo00117/easybuild/RHEL8/haswell-ib/software/SAMtools/0.1.19-GCC-11.2.0/lib:1;/apps/gent/RHEL8/haswell-ib/software/ncurses/6.2-GCCcore-11.2.0/lib:1;/apps/gent/RHEL8/haswell-ib/software/binutils/2.37-GCCcore-11.2.0/lib:1;/apps/gent/RHEL8/haswell-ib/software/zlib/1.2.11-GCCcore-11.2.0/lib:1;/apps/gent/RHEL8/haswell-ib/software/GCCcore/11.2.0/lib64:1')
== 2022-09-13 17:24:23,116 environment.py:91 INFO Environment variable _ModuleTable003_ set to b2FkT3JkZXIgPSA3LApwcm9wVCA9IHt9LApzdGFja0RlcHRoID0gMCwKc3RhdHVzID0gImFjdGl2ZSIsCnVzZXJOYW1lID0gIlNBTXRvb2xzLzAuMS4xOS1HQ0MtMTEuMi4wIiwKd1YgPSAiMDAwMDAwMDAwLjAwMDAwMDAwMS4wMDAwMDAwMTkuKmdjYy4qemZpbmFsLS4wMDAwMDAwMTEuMDAwMDAwMDAyLip6ZmluYWwiLAp9LApiaW51dGlscyA9IHsKZm4gPSAiL2FwcHMvZ2VudC9SSEVMOC9oYXN3ZWxsLWliL21vZHVsZXMvYWxsL2JpbnV0aWxzLzIuMzctR0NDY29yZS0xMS4yLjAubHVhIiwKZnVsbE5hbWUgPSAiYmludXRpbHMvMi4zNy1HQ0Njb3JlLTExLjIuMCIsCmxvYWRPcmRlciA9IDQsCnByb3BUID0ge30sCnN0YWNrRGVwdGggPSAxLApzdGF0dXMgPSAiYWN0aXZlIiwK (previous value: 'b2FkT3JkZXIgPSA3LApwcm9wVCA9IHt9LApzdGFja0RlcHRoID0gMSwKc3RhdHVzID0gImFjdGl2ZSIsCnVzZXJOYW1lID0gIlNBTXRvb2xzLzAuMS4xOS1HQ0MtMTEuMi4wIiwKd1YgPSAiMDAwMDAwMDAwLjAwMDAwMDAwMS4wMDAwMDAwMTkuKmdjYy4qemZpbmFsLS4wMDAwMDAwMTEuMDAwMDAwMDAyLip6ZmluYWwiLAp9LApiaW51dGlscyA9IHsKZm4gPSAiL2FwcHMvZ2VudC9SSEVMOC9oYXN3ZWxsLWliL21vZHVsZXMvYWxsL2JpbnV0aWxzLzIuMzctR0NDY29yZS0xMS4yLjAubHVhIiwKZnVsbE5hbWUgPSAiYmludXRpbHMvMi4zNy1HQ0Njb3JlLTExLjIuMCIsCmxvYWRPcmRlciA9IDQsCnByb3BUID0ge30sCnN0YWNrRGVwdGggPSAyLApzdGF0dXMgPSAiYWN0aXZlIiwK')
== 2022-09-13 17:24:23,116 environment.py:91 INFO Environment variable _ModuleTable005_ set to L1JIRUw4L2hhc3dlbGwtaWIvbW9kdWxlcy9hbGwvbmN1cnNlcy82LjItR0NDY29yZS0xMS4yLjAubHVhIiwKZnVsbE5hbWUgPSAibmN1cnNlcy82LjItR0NDY29yZS0xMS4yLjAiLApsb2FkT3JkZXIgPSA2LApwcm9wVCA9IHt9LApzdGFja0RlcHRoID0gMSwKc3RhdHVzID0gImFjdGl2ZSIsCnVzZXJOYW1lID0gIm5jdXJzZXMvNi4yLUdDQ2NvcmUtMTEuMi4wIiwKd1YgPSAiMDAwMDAwMDA2LjAwMDAwMDAwMi4qZ2NjY29yZS4qemZpbmFsLS4wMDAwMDAwMTEuMDAwMDAwMDAyLip6ZmluYWwiLAp9LAp6bGliID0gewpmbiA9ICIvYXBwcy9nZW50L1JIRUw4L2hhc3dlbGwtaWIvbW9kdWxlcy9hbGwvemxpYi8xLjIuMTEtR0NDY29yZS0xMS4yLjAubHVhIiwKZnVsbE5hbWUgPSAi (previous value: 'L1JIRUw4L2hhc3dlbGwtaWIvbW9kdWxlcy9hbGwvbmN1cnNlcy82LjItR0NDY29yZS0xMS4yLjAubHVhIiwKZnVsbE5hbWUgPSAibmN1cnNlcy82LjItR0NDY29yZS0xMS4yLjAiLApsb2FkT3JkZXIgPSA2LApwcm9wVCA9IHt9LApzdGFja0RlcHRoID0gMiwKc3RhdHVzID0gImFjdGl2ZSIsCnVzZXJOYW1lID0gIm5jdXJzZXMvNi4yLUdDQ2NvcmUtMTEuMi4wIiwKd1YgPSAiMDAwMDAwMDA2LjAwMDAwMDAwMi4qZ2NjY29yZS4qemZpbmFsLS4wMDAwMDAwMTEuMDAwMDAwMDAyLip6ZmluYWwiLAp9LAp6bGliID0gewpmbiA9ICIvYXBwcy9nZW50L1JIRUw4L2hhc3dlbGwtaWIvbW9kdWxlcy9hbGwvemxpYi8xLjIuMTEtR0NDY29yZS0xMS4yLjAubHVhIiwKZnVsbE5hbWUgPSAi')
== 2022-09-13 17:24:23,116 environment.py:91 INFO Environment variable _ModuleTable006_ set to emxpYi8xLjIuMTEtR0NDY29yZS0xMS4yLjAiLApsb2FkT3JkZXIgPSAzLApwcm9wVCA9IHt9LApzdGFja0RlcHRoID0gMiwKc3RhdHVzID0gImFjdGl2ZSIsCnVzZXJOYW1lID0gInpsaWIvMS4yLjExLUdDQ2NvcmUtMTEuMi4wIiwKd1YgPSAiMDAwMDAwMDAxLjAwMDAwMDAwMi4wMDAwMDAwMTEuKmdjY2NvcmUuKnpmaW5hbC0uMDAwMDAwMDExLjAwMDAwMDAwMi4qemZpbmFsIiwKfSwKfSwKbXBhdGhBID0gewoiL3NjcmF0Y2gvZ2VudC92by8wMDEvZ3ZvMDAxMTcvZWFzeWJ1aWxkL1JIRUw4L2hhc3dlbGwtaWIvbW9kdWxlcy9hbGwiLCAiL2FwcHMvZ2VudC9SSEVMOC9oYXN3ZWxsLWliL21vZHVsZXMvYWxsIiwgIi9ldGMvbW9kdWxlZmlsZXMvdnNjIiwKfSwKc3lzdGVtQmFz (previous value: 'emxpYi8xLjIuMTEtR0NDY29yZS0xMS4yLjAiLApsb2FkT3JkZXIgPSAzLApwcm9wVCA9IHt9LApzdGFja0RlcHRoID0gMywKc3RhdHVzID0gImFjdGl2ZSIsCnVzZXJOYW1lID0gInpsaWIvMS4yLjExLUdDQ2NvcmUtMTEuMi4wIiwKd1YgPSAiMDAwMDAwMDAxLjAwMDAwMDAwMi4wMDAwMDAwMTEuKmdjY2NvcmUuKnpmaW5hbC0uMDAwMDAwMDExLjAwMDAwMDAwMi4qemZpbmFsIiwKfSwKfSwKbXBhdGhBID0gewoiL3RtcC92c2M0MzgxMC9lYi1reHNqbV9uYS90bXBpYWp2ODNnMS9hbGwiLCAiL3NjcmF0Y2gvZ2VudC92by8wMDEvZ3ZvMDAxMTcvZWFzeWJ1aWxkL1JIRUw4L2hhc3dlbGwtaWIvbW9kdWxlcy9hbGwiLCAiL2FwcHMvZ2VudC9SSEVMOC9oYXN3ZWxsLWliL21vZHVs')
== 2022-09-13 17:24:23,117 environment.py:91 INFO Environment variable _ModuleTable007_ set to ZU1QQVRIID0gIi9ldGMvbW9kdWxlZmlsZXMvdnNjIiwKfQo= (previous value: 'ZXMvYWxsIiwgIi9ldGMvbW9kdWxlZmlsZXMvdnNjIiwKfSwKc3lzdGVtQmFzZU1QQVRIID0gIi9ldGMvbW9kdWxlZmlsZXMvdnNjIiwKfQo=')
== 2022-09-13 17:24:23,117 environment.py:91 INFO Environment variable CC set to gcc (previously undefined)
== 2022-09-13 17:24:23,117 environment.py:91 INFO Environment variable EBVARCC set to gcc (previously undefined)
== 2022-09-13 17:24:23,117 environment.py:91 INFO Environment variable CFLAGS set to -O2 -ftree-vectorize -march=native -fno-math-errno (previously undefined)
== 2022-09-13 17:24:23,117 environment.py:91 INFO Environment variable EBVARCFLAGS set to -O2 -ftree-vectorize -march=native -fno-math-errno (previously undefined)
== 2022-09-13 17:24:23,117 environment.py:91 INFO Environment variable CPPFLAGS set to -I/scratch/gent/vo/001/gvo00117/easybuild/RHEL8/haswell-ib/software/SAMtools/0.1.19-GCC-11.2.0/include (previously undefined)
== 2022-09-13 17:24:23,118 environment.py:91 INFO Environment variable EBVARCPPFLAGS set to -I/scratch/gent/vo/001/gvo00117/easybuild/RHEL8/haswell-ib/software/SAMtools/0.1.19-GCC-11.2.0/include (previously undefined)
== 2022-09-13 17:24:23,118 environment.py:91 INFO Environment variable CXX set to g++ (previously undefined)
== 2022-09-13 17:24:23,118 environment.py:91 INFO Environment variable EBVARCXX set to g++ (previously undefined)
== 2022-09-13 17:24:23,118 environment.py:91 INFO Environment variable CXXFLAGS set to -O2 -ftree-vectorize -march=native -fno-math-errno (previously undefined)
== 2022-09-13 17:24:23,118 environment.py:91 INFO Environment variable EBVARCXXFLAGS set to -O2 -ftree-vectorize -march=native -fno-math-errno (previously undefined)
== 2022-09-13 17:24:23,118 environment.py:91 INFO Environment variable F77 set to gfortran (previously undefined)
== 2022-09-13 17:24:23,119 environment.py:91 INFO Environment variable EBVARF77 set to gfortran (previously undefined)
== 2022-09-13 17:24:23,119 environment.py:91 INFO Environment variable F90 set to gfortran (previously undefined)
== 2022-09-13 17:24:23,119 environment.py:91 INFO Environment variable EBVARF90 set to gfortran (previously undefined)
== 2022-09-13 17:24:23,119 environment.py:91 INFO Environment variable F90FLAGS set to -O2 -ftree-vectorize -march=native -fno-math-errno (previously undefined)
== 2022-09-13 17:24:23,119 environment.py:91 INFO Environment variable EBVARF90FLAGS set to -O2 -ftree-vectorize -march=native -fno-math-errno (previously undefined)
== 2022-09-13 17:24:23,119 environment.py:91 INFO Environment variable FC set to gfortran (previously undefined)
== 2022-09-13 17:24:23,120 environment.py:91 INFO Environment variable EBVARFC set to gfortran (previously undefined)
== 2022-09-13 17:24:23,120 environment.py:91 INFO Environment variable FCFLAGS set to -O2 -ftree-vectorize -march=native -fno-math-errno (previously undefined)
== 2022-09-13 17:24:23,120 environment.py:91 INFO Environment variable EBVARFCFLAGS set to -O2 -ftree-vectorize -march=native -fno-math-errno (previously undefined)
== 2022-09-13 17:24:23,120 environment.py:91 INFO Environment variable FFLAGS set to -O2 -ftree-vectorize -march=native -fno-math-errno (previously undefined)
== 2022-09-13 17:24:23,120 environment.py:91 INFO Environment variable EBVARFFLAGS set to -O2 -ftree-vectorize -march=native -fno-math-errno (previously undefined)
== 2022-09-13 17:24:23,120 environment.py:91 INFO Environment variable FLIBS set to -lgfortran (previously undefined)
== 2022-09-13 17:24:23,121 environment.py:91 INFO Environment variable EBVARFLIBS set to -lgfortran (previously undefined)
== 2022-09-13 17:24:23,121 environment.py:91 INFO Environment variable LDFLAGS set to -L/scratch/gent/vo/001/gvo00117/easybuild/RHEL8/haswell-ib/software/SAMtools/0.1.19-GCC-11.2.0/lib64 -L/scratch/gent/vo/001/gvo00117/easybuild/RHEL8/haswell-ib/software/SAMtools/0.1.19-GCC-11.2.0/lib -L/apps/gent/RHEL8/haswell-ib/software/GCCcore/11.2.0/lib64 -L/apps/gent/RHEL8/haswell-ib/software/GCCcore/11.2.0/lib (previously undefined)
== 2022-09-13 17:24:23,121 environment.py:91 INFO Environment variable EBVARLDFLAGS set to -L/scratch/gent/vo/001/gvo00117/easybuild/RHEL8/haswell-ib/software/SAMtools/0.1.19-GCC-11.2.0/lib64 -L/scratch/gent/vo/001/gvo00117/easybuild/RHEL8/haswell-ib/software/SAMtools/0.1.19-GCC-11.2.0/lib -L/apps/gent/RHEL8/haswell-ib/software/GCCcore/11.2.0/lib64 -L/apps/gent/RHEL8/haswell-ib/software/GCCcore/11.2.0/lib (previously undefined)
== 2022-09-13 17:24:23,121 environment.py:91 INFO Environment variable LIBS set to -lm -lpthread (previously undefined)
== 2022-09-13 17:24:23,121 environment.py:91 INFO Environment variable EBVARLIBS set to -lm -lpthread (previously undefined)
== 2022-09-13 17:24:23,121 environment.py:91 INFO Environment variable OPTFLAGS set to -O2 -ftree-vectorize -march=native (previously undefined)
== 2022-09-13 17:24:23,122 environment.py:91 INFO Environment variable EBVAROPTFLAGS set to -O2 -ftree-vectorize -march=native (previously undefined)
== 2022-09-13 17:24:23,122 environment.py:91 INFO Environment variable PRECFLAGS set to -fno-math-errno (previously undefined)
== 2022-09-13 17:24:23,122 environment.py:91 INFO Environment variable EBVARPRECFLAGS set to -fno-math-errno (previously undefined)
== 2022-09-13 17:24:23,529 build_log.py:169 ERROR EasyBuild crashed with an error (at easybuild/easybuild-framework/easybuild/base/exceptions.py:124 in __init__): Sanity check failed: sanity check command psiclass -b $EBROOTPSICLASS/example/s1.bam,$EBROOTPSICLASS/example/s2.bam exited with code 255 (output: Global symbol "$EBROOTSAMTOOLS" requires explicit package name (did you forget to declare "my $EBROOTSAMTOOLS"?) at /scratch/gent/vo/001/gvo00117/easybuild/RHEL8/haswell-ib/software/PsiCLASS/1.0.3-GCC-11.2.0/psiclass line 196.
Execution of /scratch/gent/vo/001/gvo00117/easybuild/RHEL8/haswell-ib/software/PsiCLASS/1.0.3-GCC-11.2.0/psiclass aborted due to compilation errors.
) (at easybuild/easybuild-framework/easybuild/framework/easyblock.py:3471 in _sanity_check_step)
== 2022-09-13 17:24:23,530 build_log.py:265 INFO ... (took 3 secs)
== 2022-09-13 17:24:23,536 filetools.py:2014 INFO Removing lock /scratch/gent/vo/001/gvo00117/easybuild/RHEL8/haswell-ib/software/.locks/_scratch_gent_vo_001_gvo00117_easybuild_RHEL8_haswell-ib_software_PsiCLASS_1.0.3-GCC-11.2.0.lock...
== 2022-09-13 17:24:23,538 filetools.py:382 INFO Path /scratch/gent/vo/001/gvo00117/easybuild/RHEL8/haswell-ib/software/.locks/_scratch_gent_vo_001_gvo00117_easybuild_RHEL8_haswell-ib_software_PsiCLASS_1.0.3-GCC-11.2.0.lock successfully removed.
== 2022-09-13 17:24:23,538 filetools.py:2018 INFO Lock removed: /scratch/gent/vo/001/gvo00117/easybuild/RHEL8/haswell-ib/software/.locks/_scratch_gent_vo_001_gvo00117_easybuild_RHEL8_haswell-ib_software_PsiCLASS_1.0.3-GCC-11.2.0.lock
== 2022-09-13 17:24:23,539 easyblock.py:4089 WARNING build failed (first 300 chars): Sanity check failed: sanity check command psiclass -b $EBROOTPSICLASS/example/s1.bam,$EBROOTPSICLASS/example/s2.bam exited with code 255 (output: Global symbol "$EBROOTSAMTOOLS" requires explicit package name (did you forget to declare "my $EBROOTSAMTOOLS"?) at /scratch/gent/vo/001/gvo00117/easybuil
== 2022-09-13 17:24:23,539 easyblock.py:319 INFO Closing log for application name PsiCLASS version 1.0.3
