== 2022-10-17 16:21:27,198 easyblock.py:304 INFO This is EasyBuild 4.6.2.dev0-r3f63d69a6ad4cf85665ab50f7974b1949ef39bbb (framework: 4.6.2.dev0-r3f63d69a6ad4cf85665ab50f7974b1949ef39bbb, easyblocks: 4.6.2.dev0-r0e8d0ba2234bdb4b307ebd4295418f07d2de2e1c) on host node3702.slaking.os.
== 2022-10-17 16:21:27,198 easyblock.py:310 INFO This is easyblock CmdCp from module easybuild.easyblocks.generic.cmdcp (/user/gent/438/vsc43810/easybuild/easybuild-easyblocks/easybuild/easyblocks/generic/cmdcp.py)
== 2022-10-17 16:21:27,198 easyblock.py:983 INFO Build dir set to /tmp/vsc43810/easybuild/build/finder/1.1.0/foss-2021b
== 2022-10-17 16:21:27,198 easyblock.py:1040 INFO Software install dir set to /scratch/gent/vo/001/gvo00117/easybuild/RHEL8/haswell-ib/software/finder/1.1.0-foss-2021b
== 2022-10-17 16:21:27,199 easyblock.py:1045 INFO Module install dir set to /scratch/gent/vo/001/gvo00117/easybuild/RHEL8/haswell-ib/modules/all
== 2022-10-17 16:21:27,199 easyblock.py:279 INFO Init completed for application name finder version 1.1.0
== 2022-10-17 16:21:27,199 easyblock.py:4033 INFO Obtained application instance of for finder (easyblock: CmdCp)
== 2022-10-17 16:21:27,199 easyconfig.py:1686 INFO Generating template values...
== 2022-10-17 16:21:27,200 mpi.py:120 INFO Using template MPI command 'mpirun -n %(nr_ranks)s %(cmd)s' for MPI family 'OpenMPI'
== 2022-10-17 16:21:27,200 mpi.py:305 INFO Using MPI command template 'mpirun -n %(nr_ranks)s %(cmd)s' (params: {'nr_ranks': 1, 'cmd': 'xxx_command_xxx'})
== 2022-10-17 16:21:27,200 easyconfig.py:1705 INFO Template values: arch='x86_64', bitbucket_account='finder', github_account='finder', module_name='finder/1.1.0-foss-2021b', mpi_cmd_prefix='mpirun -n 1', name='finder', nameletter='f', nameletterlower='f', namelower='finder', pymajver='3', pyminver='9', pyshortver='3.9', pyver='3.9.6', toolchain_name='foss', toolchain_version='2021b', version='1.1.0', version_major='1', version_major_minor='1.1', version_minor='1', versionprefix='', versionsuffix=''
== 2022-10-17 16:21:27,203 one.py:178 INFO Skipping reformatting value for parameter 'toolchain'
== 2022-10-17 16:21:27,204 one.py:178 INFO Skipping reformatting value for parameter 'toolchainopts'
== 2022-10-17 16:21:27,205 filetools.py:1913 INFO Creating directory /tmp/vsc43810/eb-57kdtmu7/reprod_20221017162127_348965 (parents: True, set_gid: False, sticky: False)
== 2022-10-17 16:21:27,206 easyblock.py:4287 INFO Dumped easyconfig instance to /tmp/vsc43810/eb-57kdtmu7/reprod_20221017162127_348965/finder-1.1.0-foss-2021b.eb
== 2022-10-17 16:21:27,210 filetools.py:1913 INFO Creating directory /tmp/vsc43810/eb-57kdtmu7/reprod_20221017162127_348965/easyblocks (parents: True, set_gid: False, sticky: False)
== 2022-10-17 16:21:27,221 filetools.py:2426 INFO /user/gent/438/vsc43810/easybuild/easybuild-easyblocks/easybuild/easyblocks/generic/configuremake.py copied to /tmp/vsc43810/eb-57kdtmu7/reprod_20221017162127_348965/easyblocks/configuremake.py
== 2022-10-17 16:21:27,221 easyblock.py:4267 INFO Dumped easyblock configuremake.py required for reproduction to /tmp/vsc43810/eb-57kdtmu7/reprod_20221017162127_348965/easyblocks
== 2022-10-17 16:21:27,247 filetools.py:2426 INFO /user/gent/438/vsc43810/easybuild/easybuild-easyblocks/easybuild/easyblocks/generic/makecp.py copied to /tmp/vsc43810/eb-57kdtmu7/reprod_20221017162127_348965/easyblocks/makecp.py
== 2022-10-17 16:21:27,248 easyblock.py:4267 INFO Dumped easyblock makecp.py required for reproduction to /tmp/vsc43810/eb-57kdtmu7/reprod_20221017162127_348965/easyblocks
== 2022-10-17 16:21:27,249 filetools.py:2426 INFO /user/gent/438/vsc43810/easybuild/easybuild-easyblocks/easybuild/easyblocks/generic/cmdcp.py copied to /tmp/vsc43810/eb-57kdtmu7/reprod_20221017162127_348965/easyblocks/cmdcp.py
== 2022-10-17 16:21:27,249 easyblock.py:4267 INFO Dumped easyblock cmdcp.py required for reproduction to /tmp/vsc43810/eb-57kdtmu7/reprod_20221017162127_348965/easyblocks
== 2022-10-17 16:21:27,250 easyblock.py:2118 INFO Number of iterations to perform for central part of installation procedure: 1
== 2022-10-17 16:21:27,252 build_log.py:265 INFO building and installing finder/1.1.0-foss-2021b...
== 2022-10-17 16:21:27,264 filetools.py:2006 INFO Lock /scratch/gent/vo/001/gvo00117/easybuild/RHEL8/haswell-ib/software/.locks/_scratch_gent_vo_001_gvo00117_easybuild_RHEL8_haswell-ib_software_finder_1.1.0-foss-2021b.lock does not exist
== 2022-10-17 16:21:27,265 filetools.py:1947 INFO Creating lock at /scratch/gent/vo/001/gvo00117/easybuild/RHEL8/haswell-ib/software/.locks/_scratch_gent_vo_001_gvo00117_easybuild_RHEL8_haswell-ib_software_finder_1.1.0-foss-2021b.lock...
== 2022-10-17 16:21:27,265 filetools.py:1913 INFO Creating directory /scratch/gent/vo/001/gvo00117/easybuild/RHEL8/haswell-ib/software/.locks/_scratch_gent_vo_001_gvo00117_easybuild_RHEL8_haswell-ib_software_finder_1.1.0-foss-2021b.lock (parents: True, set_gid: False, sticky: False)
== 2022-10-17 16:21:27,266 filetools.py:1956 INFO Lock created: /scratch/gent/vo/001/gvo00117/easybuild/RHEL8/haswell-ib/software/.locks/_scratch_gent_vo_001_gvo00117_easybuild_RHEL8_haswell-ib_software_finder_1.1.0-foss-2021b.lock
== 2022-10-17 16:21:27,266 build_log.py:265 INFO fetching files...
== 2022-10-17 16:21:27,272 easyblock.py:3759 INFO Starting fetch step
== 2022-10-17 16:21:27,272 easyconfig.py:1686 INFO Generating template values...
== 2022-10-17 16:21:27,272 mpi.py:120 INFO Using template MPI command 'mpirun -n %(nr_ranks)s %(cmd)s' for MPI family 'OpenMPI'
== 2022-10-17 16:21:27,272 mpi.py:305 INFO Using MPI command template 'mpirun -n %(nr_ranks)s %(cmd)s' (params: {'nr_ranks': 1, 'cmd': 'xxx_command_xxx'})
== 2022-10-17 16:21:27,273 easyconfig.py:1705 INFO Template values: arch='x86_64', bitbucket_account='finder', builddir='/tmp/vsc43810/easybuild/build/finder/1.1.0/foss-2021b', github_account='finder', installdir='/scratch/gent/vo/001/gvo00117/easybuild/RHEL8/haswell-ib/software/finder/1.1.0-foss-2021b', module_name='finder/1.1.0-foss-2021b', mpi_cmd_prefix='mpirun -n 1', name='finder', nameletter='f', nameletterlower='f', namelower='finder', pymajver='3', pyminver='9', pyshortver='3.9', pyver='3.9.6', toolchain_name='foss', toolchain_version='2021b', version='1.1.0', version_major='1', version_major_minor='1.1', version_minor='1', versionprefix='', versionsuffix=''
== 2022-10-17 16:21:27,273 easyblock.py:3767 INFO Running method fetch_step part of step fetch
== 2022-10-17 16:21:27,273 easyblock.py:2240 WARNING Easyconfig does not specify an EasyBuild-version (key 'easybuild_version')! Assuming the latest version
== 2022-10-17 16:21:27,274 tools.py:271 INFO Found location to 'eb' script via $EB_SCRIPT_PATH: /user/gent/438/vsc43810/easybuild/easybuild-framework/eb
== 2022-10-17 16:21:27,274 tools.py:287 INFO Not considering /user/gent/438/vsc43810/easybuild (no easybuild/easyconfigs subdir found)
== 2022-10-17 16:21:27,275 tools.py:295 INFO Also considering installation prefix /kyukon/home/gent/438/vsc43810/easybuild (via resolved path to 'eb')...
== 2022-10-17 16:21:27,778 filetools.py:819 INFO File size for https://github.com/sagnikbanerjee15/Finder/archive/finder_v1.1.0.tar.gz: None
== 2022-10-17 16:21:28,309 filetools.py:826 INFO Downloaded file finder_v1.1.0.tar.gz from url https://github.com/sagnikbanerjee15/Finder/archive/finder_v1.1.0.tar.gz to /data/gent/vo/001/gvo00117/easybuild/sources/f/finder/finder_v1.1.0.tar.gz
== 2022-10-17 16:21:28,309 filetools.py:858 INFO Successful download of file finder_v1.1.0.tar.gz from url https://github.com/sagnikbanerjee15/Finder/archive/finder_v1.1.0.tar.gz to path /data/gent/vo/001/gvo00117/easybuild/sources/f/finder/finder_v1.1.0.tar.gz
== 2022-10-17 16:21:28,315 easyblock.py:882 INFO Successfully downloaded source file finder_v1.1.0.tar.gz from https://github.com/sagnikbanerjee15/Finder/archive/finder_v1.1.0.tar.gz
== 2022-10-17 16:21:28,315 easyblock.py:454 INFO Added sources: [{'name': 'finder_v1.1.0.tar.gz', 'path': '/data/gent/vo/001/gvo00117/easybuild/sources/f/finder/finder_v1.1.0.tar.gz', 'cmd': None, 'checksum': None, 'finalpath': '/tmp/vsc43810/easybuild/build/finder/1.1.0/foss-2021b'}]
== 2022-10-17 16:21:28,316 easyblock.py:2283 INFO no patches provided
== 2022-10-17 16:21:28,333 easyblock.py:2293 INFO md5 checksum for /data/gent/vo/001/gvo00117/easybuild/sources/f/finder/finder_v1.1.0.tar.gz: 0724d49b6842e02704e7e17d9aa79d0a
== 2022-10-17 16:21:28,358 easyblock.py:2293 INFO sha256 checksum for /data/gent/vo/001/gvo00117/easybuild/sources/f/finder/finder_v1.1.0.tar.gz: be416a01b94f2ac183fb9c4945b09b8f40ac0e40b12e2c08c343bd2aad28bf98
== 2022-10-17 16:21:28,369 easyblock.py:2328 INFO Checking dirs that need to be created: ['/scratch/gent/vo/001/gvo00117/easybuild/RHEL8/haswell-ib/software/finder/1.1.0-foss-2021b', '/scratch/gent/vo/001/gvo00117/easybuild/RHEL8/haswell-ib/modules/all/finder', '/scratch/gent/vo/001/gvo00117/easybuild/RHEL8/haswell-ib/modules/bio/finder']
== 2022-10-17 16:21:28,370 filetools.py:1913 INFO Creating directory /scratch/gent/vo/001/gvo00117/easybuild/RHEL8/haswell-ib/software/finder/1.1.0-foss-2021b (parents: True, set_gid: False, sticky: False)
== 2022-10-17 16:21:28,372 filetools.py:1913 INFO Creating directory /scratch/gent/vo/001/gvo00117/easybuild/RHEL8/haswell-ib/modules/all/finder (parents: True, set_gid: False, sticky: False)
== 2022-10-17 16:21:28,374 filetools.py:1913 INFO Creating directory /scratch/gent/vo/001/gvo00117/easybuild/RHEL8/haswell-ib/modules/bio/finder (parents: True, set_gid: False, sticky: False)
== 2022-10-17 16:21:28,397 configuremake.py:95 INFO config.guess version: 2018-08-29 (last updated: 2022-09-12T15:36:42.931938, SHA256 checksum: c02eb9cc55c86cfd1e9a794e548d25db5c9539e7b2154beb649bc6e2cbffc74c)
== 2022-10-17 16:21:28,397 configuremake.py:150 INFO Found config.guess at /apps/gent/sources/generic/eb_v4.6.2.dev0/ConfigureMake/config.guess
== 2022-10-17 16:21:28,398 build_log.py:265 INFO ... (took 1 secs)
== 2022-10-17 16:21:28,403 build_log.py:265 INFO creating build dir, resetting environment...
== 2022-10-17 16:21:28,409 easyblock.py:3759 INFO Starting ready step
== 2022-10-17 16:21:28,410 easyconfig.py:1686 INFO Generating template values...
== 2022-10-17 16:21:28,410 mpi.py:120 INFO Using template MPI command 'mpirun -n %(nr_ranks)s %(cmd)s' for MPI family 'OpenMPI'
== 2022-10-17 16:21:28,410 mpi.py:305 INFO Using MPI command template 'mpirun -n %(nr_ranks)s %(cmd)s' (params: {'nr_ranks': 1, 'cmd': 'xxx_command_xxx'})
== 2022-10-17 16:21:28,411 easyconfig.py:1705 INFO Template values: arch='x86_64', bitbucket_account='finder', builddir='/tmp/vsc43810/easybuild/build/finder/1.1.0/foss-2021b', github_account='finder', installdir='/scratch/gent/vo/001/gvo00117/easybuild/RHEL8/haswell-ib/software/finder/1.1.0-foss-2021b', module_name='finder/1.1.0-foss-2021b', mpi_cmd_prefix='mpirun -n 1', name='finder', nameletter='f', nameletterlower='f', namelower='finder', pymajver='3', pyminver='9', pyshortver='3.9', pyver='3.9.6', toolchain_name='foss', toolchain_version='2021b', version='1.1.0', version_major='1', version_major_minor='1.1', version_minor='1', versionprefix='', versionsuffix=''
== 2022-10-17 16:21:28,411 easyblock.py:3767 INFO Running method check_readiness_step part of step ready
== 2022-10-17 16:21:28,421 run.py:234 INFO running cmd: ulimit -u 
== 2022-10-17 16:21:28,428 easyblock.py:2137 INFO Setting parallelism: 8
== 2022-10-17 16:21:28,524 easyblock.py:2189 WARNING Loaded modules detected: ['cluster/slaking']
== 2022-10-17 16:21:28,525 easyblock.py:3767 INFO Running method make_builddir part of step ready
== 2022-10-17 16:21:28,526 filetools.py:1913 INFO Creating directory /tmp/vsc43810/easybuild/build/finder/1.1.0/foss-2021b (parents: True, set_gid: False, sticky: False)
== 2022-10-17 16:21:28,532 easyblock.py:3767 INFO Running method reset_env part of step ready
== 2022-10-17 16:21:28,533 easyblock.py:3767 INFO Running method handle_iterate_opts part of step ready
== 2022-10-17 16:21:28,533 easyconfig.py:1686 INFO Generating template values...
== 2022-10-17 16:21:28,534 mpi.py:120 INFO Using template MPI command 'mpirun -n %(nr_ranks)s %(cmd)s' for MPI family 'OpenMPI'
== 2022-10-17 16:21:28,534 mpi.py:305 INFO Using MPI command template 'mpirun -n %(nr_ranks)s %(cmd)s' (params: {'nr_ranks': 1, 'cmd': 'xxx_command_xxx'})
== 2022-10-17 16:21:28,534 easyconfig.py:1705 INFO Template values: arch='x86_64', bitbucket_account='finder', builddir='/tmp/vsc43810/easybuild/build/finder/1.1.0/foss-2021b', github_account='finder', installdir='/scratch/gent/vo/001/gvo00117/easybuild/RHEL8/haswell-ib/software/finder/1.1.0-foss-2021b', module_name='finder/1.1.0-foss-2021b', mpi_cmd_prefix='mpirun -n 1', name='finder', nameletter='f', nameletterlower='f', namelower='finder', parallel='8', pymajver='3', pyminver='9', pyshortver='3.9', pyver='3.9.6', toolchain_name='foss', toolchain_version='2021b', version='1.1.0', version_major='1', version_major_minor='1.1', version_minor='1', versionprefix='', versionsuffix=''
== 2022-10-17 16:21:28,535 build_log.py:265 INFO ... (took < 1 sec)
== 2022-10-17 16:21:28,540 build_log.py:265 INFO unpacking...
== 2022-10-17 16:21:28,546 easyblock.py:3759 INFO Starting source step
== 2022-10-17 16:21:28,547 easyconfig.py:1686 INFO Generating template values...
== 2022-10-17 16:21:28,547 mpi.py:120 INFO Using template MPI command 'mpirun -n %(nr_ranks)s %(cmd)s' for MPI family 'OpenMPI'
== 2022-10-17 16:21:28,547 mpi.py:305 INFO Using MPI command template 'mpirun -n %(nr_ranks)s %(cmd)s' (params: {'nr_ranks': 1, 'cmd': 'xxx_command_xxx'})
== 2022-10-17 16:21:28,548 easyconfig.py:1705 INFO Template values: arch='x86_64', bitbucket_account='finder', builddir='/tmp/vsc43810/easybuild/build/finder/1.1.0/foss-2021b', github_account='finder', installdir='/scratch/gent/vo/001/gvo00117/easybuild/RHEL8/haswell-ib/software/finder/1.1.0-foss-2021b', module_name='finder/1.1.0-foss-2021b', mpi_cmd_prefix='mpirun -n 1', name='finder', nameletter='f', nameletterlower='f', namelower='finder', parallel='8', pymajver='3', pyminver='9', pyshortver='3.9', pyver='3.9.6', toolchain_name='foss', toolchain_version='2021b', version='1.1.0', version_major='1', version_major_minor='1.1', version_minor='1', versionprefix='', versionsuffix=''
== 2022-10-17 16:21:28,548 easyblock.py:3767 INFO Running method checksum_step part of step source
== 2022-10-17 16:21:28,548 easyblock.py:2346 INFO Checksum verification for /data/gent/vo/001/gvo00117/easybuild/sources/f/finder/finder_v1.1.0.tar.gz using None passed.
== 2022-10-17 16:21:28,548 easyblock.py:3767 INFO Running method extract_step part of step source
== 2022-10-17 16:21:28,548 easyblock.py:2439 INFO Unpacking source finder_v1.1.0.tar.gz
== 2022-10-17 16:21:28,559 run.py:234 INFO running cmd: tar xzf /data/gent/vo/001/gvo00117/easybuild/sources/f/finder/finder_v1.1.0.tar.gz 
== 2022-10-17 16:21:28,742 build_log.py:265 INFO ... (took < 1 sec)
== 2022-10-17 16:21:28,748 build_log.py:265 INFO patching...
== 2022-10-17 16:21:28,753 easyblock.py:3759 INFO Starting patch step
== 2022-10-17 16:21:28,754 easyconfig.py:1686 INFO Generating template values...
== 2022-10-17 16:21:28,755 mpi.py:120 INFO Using template MPI command 'mpirun -n %(nr_ranks)s %(cmd)s' for MPI family 'OpenMPI'
== 2022-10-17 16:21:28,755 mpi.py:305 INFO Using MPI command template 'mpirun -n %(nr_ranks)s %(cmd)s' (params: {'nr_ranks': 1, 'cmd': 'xxx_command_xxx'})
== 2022-10-17 16:21:28,755 easyconfig.py:1705 INFO Template values: arch='x86_64', bitbucket_account='finder', builddir='/tmp/vsc43810/easybuild/build/finder/1.1.0/foss-2021b', github_account='finder', installdir='/scratch/gent/vo/001/gvo00117/easybuild/RHEL8/haswell-ib/software/finder/1.1.0-foss-2021b', module_name='finder/1.1.0-foss-2021b', mpi_cmd_prefix='mpirun -n 1', name='finder', nameletter='f', nameletterlower='f', namelower='finder', parallel='8', pymajver='3', pyminver='9', pyshortver='3.9', pyver='3.9.6', toolchain_name='foss', toolchain_version='2021b', version='1.1.0', version_major='1', version_major_minor='1.1', version_minor='1', versionprefix='', versionsuffix=''
== 2022-10-17 16:21:28,755 easyblock.py:3767 INFO Running method patch_step part of step patch
== 2022-10-17 16:21:28,756 build_log.py:265 INFO ... (took < 1 sec)
== 2022-10-17 16:21:28,761 build_log.py:265 INFO preparing...
== 2022-10-17 16:21:28,767 easyblock.py:3759 INFO Starting prepare step
== 2022-10-17 16:21:28,767 easyconfig.py:1686 INFO Generating template values...
== 2022-10-17 16:21:28,768 mpi.py:120 INFO Using template MPI command 'mpirun -n %(nr_ranks)s %(cmd)s' for MPI family 'OpenMPI'
== 2022-10-17 16:21:28,768 mpi.py:305 INFO Using MPI command template 'mpirun -n %(nr_ranks)s %(cmd)s' (params: {'nr_ranks': 1, 'cmd': 'xxx_command_xxx'})
== 2022-10-17 16:21:28,768 easyconfig.py:1705 INFO Template values: arch='x86_64', bitbucket_account='finder', builddir='/tmp/vsc43810/easybuild/build/finder/1.1.0/foss-2021b', github_account='finder', installdir='/scratch/gent/vo/001/gvo00117/easybuild/RHEL8/haswell-ib/software/finder/1.1.0-foss-2021b', module_name='finder/1.1.0-foss-2021b', mpi_cmd_prefix='mpirun -n 1', name='finder', nameletter='f', nameletterlower='f', namelower='finder', parallel='8', pymajver='3', pyminver='9', pyshortver='3.9', pyver='3.9.6', toolchain_name='foss', toolchain_version='2021b', version='1.1.0', version_major='1', version_major_minor='1.1', version_minor='1', versionprefix='', versionsuffix=''
== 2022-10-17 16:21:28,769 easyblock.py:3767 INFO Running method prepare_step part of step prepare
== 2022-10-17 16:21:28,772 modules.py:626 INFO Checking whether STAR/2.7.9a-GCC-11.2.0 exists...
== 2022-10-17 16:21:28,772 modules.py:631 INFO Module STAR/2.7.9a-GCC-11.2.0 exists (found in list of available modules)
== 2022-10-17 16:21:28,772 modules.py:654 INFO Result for existence check of STAR/2.7.9a-GCC-11.2.0 module: True
== 2022-10-17 16:21:28,772 modules.py:626 INFO Checking whether SAMtools/1.15-GCC-11.2.0 exists...
== 2022-10-17 16:21:28,773 modules.py:631 INFO Module SAMtools/1.15-GCC-11.2.0 exists (found in list of available modules)
== 2022-10-17 16:21:28,773 modules.py:654 INFO Result for existence check of SAMtools/1.15-GCC-11.2.0 module: True
== 2022-10-17 16:21:28,773 modules.py:626 INFO Checking whether BEDTools/2.30.0-GCC-11.2.0 exists...
== 2022-10-17 16:21:28,773 modules.py:631 INFO Module BEDTools/2.30.0-GCC-11.2.0 exists (found in list of available modules)
== 2022-10-17 16:21:28,773 modules.py:654 INFO Result for existence check of BEDTools/2.30.0-GCC-11.2.0 module: True
== 2022-10-17 16:21:28,773 modules.py:626 INFO Checking whether AUGUSTUS/3.4.0-foss-2021b exists...
== 2022-10-17 16:21:28,773 modules.py:631 INFO Module AUGUSTUS/3.4.0-foss-2021b exists (found in list of available modules)
== 2022-10-17 16:21:28,773 modules.py:654 INFO Result for existence check of AUGUSTUS/3.4.0-foss-2021b module: True
== 2022-10-17 16:21:28,774 modules.py:626 INFO Checking whether BRAKER/2.1.6-foss-2021b exists...
== 2022-10-17 16:21:28,774 modules.py:631 INFO Module BRAKER/2.1.6-foss-2021b exists (found in list of available modules)
== 2022-10-17 16:21:28,774 modules.py:654 INFO Result for existence check of BRAKER/2.1.6-foss-2021b module: True
== 2022-10-17 16:21:28,774 modules.py:626 INFO Checking whether GeneMark-ET/4.69-GCCcore-11.2.0 exists...
== 2022-10-17 16:21:28,774 modules.py:631 INFO Module GeneMark-ET/4.69-GCCcore-11.2.0 exists (found in list of available modules)
== 2022-10-17 16:21:28,774 modules.py:654 INFO Result for existence check of GeneMark-ET/4.69-GCCcore-11.2.0 module: True
== 2022-10-17 16:21:28,774 modules.py:626 INFO Checking whether PsiCLASS/1.0.3-foss-2021b exists...
== 2022-10-17 16:21:28,775 modules.py:631 INFO Module PsiCLASS/1.0.3-foss-2021b exists (found in list of available modules)
== 2022-10-17 16:21:28,775 modules.py:654 INFO Result for existence check of PsiCLASS/1.0.3-foss-2021b module: True
== 2022-10-17 16:21:28,775 modules.py:626 INFO Checking whether olego/1.1.9-GCC-11.2.0 exists...
== 2022-10-17 16:21:28,775 modules.py:631 INFO Module olego/1.1.9-GCC-11.2.0 exists (found in list of available modules)
== 2022-10-17 16:21:28,775 modules.py:654 INFO Result for existence check of olego/1.1.9-GCC-11.2.0 module: True
== 2022-10-17 16:21:28,775 modules.py:626 INFO Checking whether GUSHR/2020-09-28-foss-2021b exists...
== 2022-10-17 16:21:28,775 modules.py:631 INFO Module GUSHR/2020-09-28-foss-2021b exists (found in list of available modules)
== 2022-10-17 16:21:28,776 modules.py:654 INFO Result for existence check of GUSHR/2020-09-28-foss-2021b module: True
== 2022-10-17 16:21:28,776 modules.py:626 INFO Checking whether gffread/0.12.7-GCCcore-11.2.0 exists...
== 2022-10-17 16:21:28,776 modules.py:631 INFO Module gffread/0.12.7-GCCcore-11.2.0 exists (found in list of available modules)
== 2022-10-17 16:21:28,776 modules.py:654 INFO Result for existence check of gffread/0.12.7-GCCcore-11.2.0 module: True
== 2022-10-17 16:21:28,776 modules.py:626 INFO Checking whether BEDOPS/2.4.41-foss-2021b exists...
== 2022-10-17 16:21:28,776 modules.py:631 INFO Module BEDOPS/2.4.41-foss-2021b exists (found in list of available modules)
== 2022-10-17 16:21:28,776 modules.py:654 INFO Result for existence check of BEDOPS/2.4.41-foss-2021b module: True
== 2022-10-17 16:21:28,777 modules.py:626 INFO Checking whether RegTools/0.5.2-foss-2021b exists...
== 2022-10-17 16:21:28,777 modules.py:631 INFO Module RegTools/0.5.2-foss-2021b exists (found in list of available modules)
== 2022-10-17 16:21:28,777 modules.py:654 INFO Result for existence check of RegTools/0.5.2-foss-2021b module: True
== 2022-10-17 16:21:28,777 modules.py:626 INFO Checking whether BLAST+/2.9.0-gompi-2021b exists...
== 2022-10-17 16:21:28,777 modules.py:631 INFO Module BLAST+/2.9.0-gompi-2021b exists (found in list of available modules)
== 2022-10-17 16:21:28,777 modules.py:654 INFO Result for existence check of BLAST+/2.9.0-gompi-2021b module: True
== 2022-10-17 16:21:28,777 modules.py:626 INFO Checking whether CodAn/1.2-foss-2021b exists...
== 2022-10-17 16:21:28,778 modules.py:631 INFO Module CodAn/1.2-foss-2021b exists (found in list of available modules)
== 2022-10-17 16:21:28,778 modules.py:654 INFO Result for existence check of CodAn/1.2-foss-2021b module: True
== 2022-10-17 16:21:28,778 modules.py:626 INFO Checking whether GffCompare/0.12.6-GCC-11.2.0 exists...
== 2022-10-17 16:21:28,778 modules.py:631 INFO Module GffCompare/0.12.6-GCC-11.2.0 exists (found in list of available modules)
== 2022-10-17 16:21:28,778 modules.py:654 INFO Result for existence check of GffCompare/0.12.6-GCC-11.2.0 module: True
== 2022-10-17 16:21:28,778 modules.py:626 INFO Checking whether XZ/5.2.5-GCCcore-11.2.0 exists...
== 2022-10-17 16:21:28,778 modules.py:631 INFO Module XZ/5.2.5-GCCcore-11.2.0 exists (found in list of available modules)
== 2022-10-17 16:21:28,779 modules.py:654 INFO Result for existence check of XZ/5.2.5-GCCcore-11.2.0 module: True
== 2022-10-17 16:21:28,779 modules.py:626 INFO Checking whether bzip2/1.0.8-GCCcore-11.2.0 exists...
== 2022-10-17 16:21:28,779 modules.py:631 INFO Module bzip2/1.0.8-GCCcore-11.2.0 exists (found in list of available modules)
== 2022-10-17 16:21:28,779 modules.py:654 INFO Result for existence check of bzip2/1.0.8-GCCcore-11.2.0 module: True
== 2022-10-17 16:21:28,779 modules.py:626 INFO Checking whether Autotools/20210726-GCCcore-11.2.0 exists...
== 2022-10-17 16:21:28,779 modules.py:631 INFO Module Autotools/20210726-GCCcore-11.2.0 exists (found in list of available modules)
== 2022-10-17 16:21:28,779 modules.py:654 INFO Result for existence check of Autotools/20210726-GCCcore-11.2.0 module: True
== 2022-10-17 16:21:28,780 modules.py:626 INFO Checking whether Python/3.9.6-GCCcore-11.2.0 exists...
== 2022-10-17 16:21:28,780 modules.py:631 INFO Module Python/3.9.6-GCCcore-11.2.0 exists (found in list of available modules)
== 2022-10-17 16:21:28,780 modules.py:654 INFO Result for existence check of Python/3.9.6-GCCcore-11.2.0 module: True
== 2022-10-17 16:21:28,780 modules.py:626 INFO Checking whether SciPy-bundle/2021.10-foss-2021b exists...
== 2022-10-17 16:21:28,780 modules.py:631 INFO Module SciPy-bundle/2021.10-foss-2021b exists (found in list of available modules)
== 2022-10-17 16:21:28,780 modules.py:654 INFO Result for existence check of SciPy-bundle/2021.10-foss-2021b module: True
== 2022-10-17 16:21:28,780 modules.py:626 INFO Checking whether Trimmomatic/0.39-Java-11 exists...
== 2022-10-17 16:21:28,781 modules.py:631 INFO Module Trimmomatic/0.39-Java-11 exists (found in list of available modules)
== 2022-10-17 16:21:28,781 modules.py:654 INFO Result for existence check of Trimmomatic/0.39-Java-11 module: True
== 2022-10-17 16:21:28,781 modules.py:626 INFO Checking whether Boost/1.79.0-GCC-11.2.0 exists...
== 2022-10-17 16:21:28,781 modules.py:631 INFO Module Boost/1.79.0-GCC-11.2.0 exists (found in list of available modules)
== 2022-10-17 16:21:28,781 modules.py:654 INFO Result for existence check of Boost/1.79.0-GCC-11.2.0 module: True
== 2022-10-17 16:21:28,781 modules.py:626 INFO Checking whether ruffus/2.8.4-foss-2021b exists...
== 2022-10-17 16:21:28,781 modules.py:631 INFO Module ruffus/2.8.4-foss-2021b exists (found in list of available modules)
== 2022-10-17 16:21:28,782 modules.py:654 INFO Result for existence check of ruffus/2.8.4-foss-2021b module: True
== 2022-10-17 16:21:28,782 modules.py:626 INFO Checking whether foss/2021b exists...
== 2022-10-17 16:21:28,782 modules.py:634 INFO Module foss/2021b not found in list of available modules, checking via 'module show'...
== 2022-10-17 16:21:30,953 modules.py:654 INFO Result for existence check of foss/2021b module: True
== 2022-10-17 16:21:36,415 environment.py:91 INFO Environment variable LD_LIBRARY_PATH set to /apps/gent/RHEL8/haswell-ib/software/SAMtools/1.15-GCC-11.2.0/lib:/apps/gent/RHEL8/haswell-ib/software/cURL/7.78.0-GCCcore-11.2.0/lib:/apps/gent/RHEL8/haswell-ib/software/bzip2/1.0.8-GCCcore-11.2.0/lib:/apps/gent/RHEL8/haswell-ib/software/ncurses/6.2-GCCcore-11.2.0/lib:/scratch/gent/vo/001/gvo00117/easybuild/RHEL8/haswell-ib/software/ScaLAPACK/2.1.0-gompi-2021b-fb/lib:/apps/gent/RHEL8/haswell-ib/software/FFTW/3.3.10-gompi-2021b/lib:/apps/gent/RHEL8/haswell-ib/software/FlexiBLAS/3.0.4-GCC-11.2.0/lib:/apps/gent/RHEL8/haswell-ib/software/OpenBLAS/0.3.18-GCC-11.2.0/lib:/apps/gent/RHEL8/haswell-ib/software/OpenMPI/4.1.1-GCC-11.2.0/lib:/apps/gent/RHEL8/haswell-ib/software/PMIx/4.1.0-GCCcore-11.2.0/lib:/apps/gent/RHEL8/haswell-ib/software/libfabric/1.13.2-GCCcore-11.2.0/lib:/apps/gent/RHEL8/haswell-ib/software/UCX/1.11.2-GCCcore-11.2.0/lib:/apps/gent/RHEL8/haswell-ib/software/libevent/2.1.12-GCCcore-11.2.0/lib:/apps/gent/RHEL8/haswell-ib/software/OpenSSL/1.1/lib:/apps/gent/RHEL8/haswell-ib/software/hwloc/2.5.0-GCCcore-11.2.0/lib:/apps/gent/RHEL8/haswell-ib/software/libpciaccess/0.16-GCCcore-11.2.0/lib:/apps/gent/RHEL8/haswell-ib/software/libxml2/2.9.10-GCCcore-11.2.0/lib:/apps/gent/RHEL8/haswell-ib/software/XZ/5.2.5-GCCcore-11.2.0/lib:/apps/gent/RHEL8/haswell-ib/software/numactl/2.0.14-GCCcore-11.2.0/lib:/apps/gent/RHEL8/haswell-ib/software/binutils/2.37-GCCcore-11.2.0/lib:/apps/gent/RHEL8/haswell-ib/software/zlib/1.2.11-GCCcore-11.2.0/lib:/apps/gent/RHEL8/haswell-ib/software/GCCcore/11.2.0/lib64 (previous value: '/apps/gent/RHEL8/haswell-ib/software/SAMtools/1.15-GCC-11.2.0/lib:/apps/gent/RHEL8/haswell-ib/software/cURL/7.78.0-GCCcore-11.2.0/lib:/apps/gent/RHEL8/haswell-ib/software/bzip2/1.0.8-GCCcore-11.2.0/lib:/apps/gent/RHEL8/haswell-ib/software/ncurses/6.2-GCCcore-11.2.0/lib')
== 2022-10-17 16:21:37,240 environment.py:91 INFO Environment variable LD_LIBRARY_PATH set to /apps/gent/RHEL8/haswell-ib/software/BamTools/2.5.2-GCC-11.2.0/lib:/apps/gent/RHEL8/haswell-ib/software/SAMtools/1.15-GCC-11.2.0/lib:/apps/gent/RHEL8/haswell-ib/software/cURL/7.78.0-GCCcore-11.2.0/lib:/apps/gent/RHEL8/haswell-ib/software/bzip2/1.0.8-GCCcore-11.2.0/lib:/apps/gent/RHEL8/haswell-ib/software/ncurses/6.2-GCCcore-11.2.0/lib:/scratch/gent/vo/001/gvo00117/easybuild/RHEL8/haswell-ib/software/ScaLAPACK/2.1.0-gompi-2021b-fb/lib:/apps/gent/RHEL8/haswell-ib/software/FFTW/3.3.10-gompi-2021b/lib:/apps/gent/RHEL8/haswell-ib/software/FlexiBLAS/3.0.4-GCC-11.2.0/lib:/apps/gent/RHEL8/haswell-ib/software/OpenBLAS/0.3.18-GCC-11.2.0/lib:/apps/gent/RHEL8/haswell-ib/software/OpenMPI/4.1.1-GCC-11.2.0/lib:/apps/gent/RHEL8/haswell-ib/software/PMIx/4.1.0-GCCcore-11.2.0/lib:/apps/gent/RHEL8/haswell-ib/software/libfabric/1.13.2-GCCcore-11.2.0/lib:/apps/gent/RHEL8/haswell-ib/software/UCX/1.11.2-GCCcore-11.2.0/lib:/apps/gent/RHEL8/haswell-ib/software/libevent/2.1.12-GCCcore-11.2.0/lib:/apps/gent/RHEL8/haswell-ib/software/OpenSSL/1.1/lib:/apps/gent/RHEL8/haswell-ib/software/hwloc/2.5.0-GCCcore-11.2.0/lib:/apps/gent/RHEL8/haswell-ib/software/libpciaccess/0.16-GCCcore-11.2.0/lib:/apps/gent/RHEL8/haswell-ib/software/libxml2/2.9.10-GCCcore-11.2.0/lib:/apps/gent/RHEL8/haswell-ib/software/XZ/5.2.5-GCCcore-11.2.0/lib:/apps/gent/RHEL8/haswell-ib/software/numactl/2.0.14-GCCcore-11.2.0/lib:/apps/gent/RHEL8/haswell-ib/software/binutils/2.37-GCCcore-11.2.0/lib:/apps/gent/RHEL8/haswell-ib/software/zlib/1.2.11-GCCcore-11.2.0/lib:/apps/gent/RHEL8/haswell-ib/software/GCCcore/11.2.0/lib64 (previous value: '/apps/gent/RHEL8/haswell-ib/software/BamTools/2.5.2-GCC-11.2.0/lib')
== 2022-10-17 16:21:38,614 build_log.py:169 ERROR EasyBuild crashed with an error (at easybuild/easybuild-framework/easybuild/base/exceptions.py:124 in __init__): Module command '/usr/share/lmod/lmod/libexec/lmod python load AUGUSTUS/3.4.0-foss-2021b' failed with exit code 1; stderr: Lmod has detected the following error: A different version of the 'SAMtools' module is already loaded (see output of 'ml').
You should load another 'AUGUSTUS' module for that is compatible with the currently loaded version of 'SAMtools'.
Use 'ml spider AUGUSTUS' to get an overview of the available versions.


If you don't understand the warning or error, contact the helpdesk at hpc@ugent.be 
While processing the following module(s):
    Module fullname            Module Filename
    ---------------            ---------------
    AUGUSTUS/3.4.0-foss-2021b  /scratch/gent/vo/001/gvo00117/easybuild/RHEL8/haswell-ib/modules/all/AUGUSTUS/3.4.0-foss-2021b.lua

; stdout: _mlstatus = False
 (at easybuild/easybuild-framework/easybuild/tools/modules.py:839 in run_module)
== 2022-10-17 16:21:38,615 build_log.py:265 INFO ... (took 9 secs)
== 2022-10-17 16:21:38,621 filetools.py:2014 INFO Removing lock /scratch/gent/vo/001/gvo00117/easybuild/RHEL8/haswell-ib/software/.locks/_scratch_gent_vo_001_gvo00117_easybuild_RHEL8_haswell-ib_software_finder_1.1.0-foss-2021b.lock...
== 2022-10-17 16:21:38,624 filetools.py:382 INFO Path /scratch/gent/vo/001/gvo00117/easybuild/RHEL8/haswell-ib/software/.locks/_scratch_gent_vo_001_gvo00117_easybuild_RHEL8_haswell-ib_software_finder_1.1.0-foss-2021b.lock successfully removed.
== 2022-10-17 16:21:38,624 filetools.py:2018 INFO Lock removed: /scratch/gent/vo/001/gvo00117/easybuild/RHEL8/haswell-ib/software/.locks/_scratch_gent_vo_001_gvo00117_easybuild_RHEL8_haswell-ib_software_finder_1.1.0-foss-2021b.lock
== 2022-10-17 16:21:38,624 easyblock.py:4090 WARNING build failed (first 300 chars): Module command '/usr/share/lmod/lmod/libexec/lmod python load AUGUSTUS/3.4.0-foss-2021b' failed with exit code 1; stderr: Lmod has detected the following error: A different version of the 'SAMtools' module is already loaded (see output of 'ml').
You should load another 'AUGUSTUS' module for that is 
== 2022-10-17 16:21:38,626 easyblock.py:319 INFO Closing log for application name finder version 1.1.0
