== 2022-11-18 15:05:08,172 easyblock.py:304 INFO This is EasyBuild 4.6.2.dev0-r3f63d69a6ad4cf85665ab50f7974b1949ef39bbb (framework: 4.6.2.dev0-r3f63d69a6ad4cf85665ab50f7974b1949ef39bbb, easyblocks: 4.6.2.dev0-r0e8d0ba2234bdb4b307ebd4295418f07d2de2e1c) on host node3704.slaking.os.
== 2022-11-18 15:05:08,172 easyblock.py:310 INFO This is easyblock ConfigureMake from module easybuild.easyblocks.generic.configuremake (/user/gent/438/vsc43810/easybuild/easybuild-easyblocks/easybuild/easyblocks/generic/configuremake.py)
== 2022-11-18 15:05:08,172 easyblock.py:983 INFO Build dir set to /tmp/vsc43810/easybuild/build/ncbivdb/3.0.0/gompi-2021b
== 2022-11-18 15:05:08,173 easyblock.py:1040 INFO Software install dir set to /scratch/gent/vo/001/gvo00117/easybuild/RHEL8/haswell-ib/software/ncbi-vdb/3.0.0-gompi-2021b
== 2022-11-18 15:05:08,173 easyblock.py:1045 INFO Module install dir set to /scratch/gent/vo/001/gvo00117/easybuild/RHEL8/haswell-ib/modules/all
== 2022-11-18 15:05:08,173 easyblock.py:279 INFO Init completed for application name ncbi-vdb version 3.0.0
== 2022-11-18 15:05:08,173 easyblock.py:4033 INFO Obtained application instance of for ncbi-vdb (easyblock: ConfigureMake)
== 2022-11-18 15:05:08,174 easyconfig.py:1686 INFO Generating template values...
== 2022-11-18 15:05:08,174 mpi.py:120 INFO Using template MPI command 'mpirun -n %(nr_ranks)s %(cmd)s' for MPI family 'OpenMPI'
== 2022-11-18 15:05:08,174 mpi.py:305 INFO Using MPI command template 'mpirun -n %(nr_ranks)s %(cmd)s' (params: {'nr_ranks': 1, 'cmd': 'xxx_command_xxx'})
== 2022-11-18 15:05:08,175 easyconfig.py:1705 INFO Template values: arch='x86_64', bitbucket_account='ncbi-vdb', github_account='ncbi', module_name='ncbi-vdb/3.0.0-gompi-2021b', mpi_cmd_prefix='mpirun -n 1', name='ncbi-vdb', nameletter='n', nameletterlower='n', namelower='ncbi-vdb', perlmajver='5', perlminver='34', perlshortver='5.34', perlver='5.34.0', pymajver='3', pyminver='9', pyshortver='3.9', pyver='3.9.6', toolchain_name='gompi', toolchain_version='2021b', version='3.0.0', version_major='3', version_major_minor='3.0', version_minor='0', versionprefix='', versionsuffix=''
== 2022-11-18 15:05:08,178 one.py:178 INFO Skipping reformatting value for parameter 'toolchain'
== 2022-11-18 15:05:08,183 filetools.py:1913 INFO Creating directory /tmp/vsc43810/eb-jqfisj9y/reprod_20221118150508_546364 (parents: True, set_gid: False, sticky: False)
== 2022-11-18 15:05:08,183 easyblock.py:4287 INFO Dumped easyconfig instance to /tmp/vsc43810/eb-jqfisj9y/reprod_20221118150508_546364/ncbi-vdb-3.0.0-gompi-2021b.eb
== 2022-11-18 15:05:08,186 filetools.py:1913 INFO Creating directory /tmp/vsc43810/eb-jqfisj9y/reprod_20221118150508_546364/easyblocks (parents: True, set_gid: False, sticky: False)
== 2022-11-18 15:05:08,207 filetools.py:2426 INFO /user/gent/438/vsc43810/easybuild/easybuild-easyblocks/easybuild/easyblocks/generic/configuremake.py copied to /tmp/vsc43810/eb-jqfisj9y/reprod_20221118150508_546364/easyblocks/configuremake.py
== 2022-11-18 15:05:08,207 easyblock.py:4267 INFO Dumped easyblock configuremake.py required for reproduction to /tmp/vsc43810/eb-jqfisj9y/reprod_20221118150508_546364/easyblocks
== 2022-11-18 15:05:08,209 easyblock.py:2118 INFO Number of iterations to perform for central part of installation procedure: 1
== 2022-11-18 15:05:08,211 build_log.py:265 INFO building and installing ncbi-vdb/3.0.0-gompi-2021b...
== 2022-11-18 15:05:08,224 filetools.py:2006 INFO Lock /scratch/gent/vo/001/gvo00117/easybuild/RHEL8/haswell-ib/software/.locks/_scratch_gent_vo_001_gvo00117_easybuild_RHEL8_haswell-ib_software_ncbi-vdb_3.0.0-gompi-2021b.lock does not exist
== 2022-11-18 15:05:08,224 filetools.py:1947 INFO Creating lock at /scratch/gent/vo/001/gvo00117/easybuild/RHEL8/haswell-ib/software/.locks/_scratch_gent_vo_001_gvo00117_easybuild_RHEL8_haswell-ib_software_ncbi-vdb_3.0.0-gompi-2021b.lock...
== 2022-11-18 15:05:08,225 filetools.py:1913 INFO Creating directory /scratch/gent/vo/001/gvo00117/easybuild/RHEL8/haswell-ib/software/.locks/_scratch_gent_vo_001_gvo00117_easybuild_RHEL8_haswell-ib_software_ncbi-vdb_3.0.0-gompi-2021b.lock (parents: True, set_gid: False, sticky: False)
== 2022-11-18 15:05:08,226 filetools.py:1956 INFO Lock created: /scratch/gent/vo/001/gvo00117/easybuild/RHEL8/haswell-ib/software/.locks/_scratch_gent_vo_001_gvo00117_easybuild_RHEL8_haswell-ib_software_ncbi-vdb_3.0.0-gompi-2021b.lock
== 2022-11-18 15:05:08,226 build_log.py:265 INFO fetching files...
== 2022-11-18 15:05:08,232 easyblock.py:3759 INFO Starting fetch step
== 2022-11-18 15:05:08,232 easyconfig.py:1686 INFO Generating template values...
== 2022-11-18 15:05:08,233 mpi.py:120 INFO Using template MPI command 'mpirun -n %(nr_ranks)s %(cmd)s' for MPI family 'OpenMPI'
== 2022-11-18 15:05:08,233 mpi.py:305 INFO Using MPI command template 'mpirun -n %(nr_ranks)s %(cmd)s' (params: {'nr_ranks': 1, 'cmd': 'xxx_command_xxx'})
== 2022-11-18 15:05:08,233 easyconfig.py:1705 INFO Template values: arch='x86_64', bitbucket_account='ncbi-vdb', builddir='/tmp/vsc43810/easybuild/build/ncbivdb/3.0.0/gompi-2021b', github_account='ncbi', installdir='/scratch/gent/vo/001/gvo00117/easybuild/RHEL8/haswell-ib/software/ncbi-vdb/3.0.0-gompi-2021b', module_name='ncbi-vdb/3.0.0-gompi-2021b', mpi_cmd_prefix='mpirun -n 1', name='ncbi-vdb', nameletter='n', nameletterlower='n', namelower='ncbi-vdb', perlmajver='5', perlminver='34', perlshortver='5.34', perlver='5.34.0', pymajver='3', pyminver='9', pyshortver='3.9', pyver='3.9.6', toolchain_name='gompi', toolchain_version='2021b', version='3.0.0', version_major='3', version_major_minor='3.0', version_minor='0', versionprefix='', versionsuffix=''
== 2022-11-18 15:05:08,233 easyblock.py:3767 INFO Running method fetch_step part of step fetch
== 2022-11-18 15:05:08,234 easyblock.py:2240 WARNING Easyconfig does not specify an EasyBuild-version (key 'easybuild_version')! Assuming the latest version
== 2022-11-18 15:05:08,235 tools.py:271 INFO Found location to 'eb' script via $EB_SCRIPT_PATH: /user/gent/438/vsc43810/easybuild/easybuild-framework/eb
== 2022-11-18 15:05:08,235 tools.py:287 INFO Not considering /user/gent/438/vsc43810/easybuild (no easybuild/easyconfigs subdir found)
== 2022-11-18 15:05:08,236 tools.py:295 INFO Also considering installation prefix /kyukon/home/gent/438/vsc43810/easybuild (via resolved path to 'eb')...
== 2022-11-18 15:05:08,248 easyblock.py:794 INFO Found file ncbi-vdb-3.0.0.tar.gz at /data/gent/vo/001/gvo00117/easybuild/sources/n/ncbi-vdb/ncbi-vdb-3.0.0.tar.gz
== 2022-11-18 15:05:08,248 easyblock.py:454 INFO Added sources: [{'name': 'ncbi-vdb-3.0.0.tar.gz', 'path': '/data/gent/vo/001/gvo00117/easybuild/sources/n/ncbi-vdb/ncbi-vdb-3.0.0.tar.gz', 'cmd': None, 'checksum': '154317ef265104861fe8d3d2e439939ae98f33b1e28da3c45f32ae8534dbfad7', 'finalpath': '/tmp/vsc43810/easybuild/build/ncbivdb/3.0.0/gompi-2021b'}]
== 2022-11-18 15:05:08,249 tools.py:271 INFO Found location to 'eb' script via $EB_SCRIPT_PATH: /user/gent/438/vsc43810/easybuild/easybuild-framework/eb
== 2022-11-18 15:05:08,249 tools.py:287 INFO Not considering /user/gent/438/vsc43810/easybuild (no easybuild/easyconfigs subdir found)
== 2022-11-18 15:05:08,249 tools.py:295 INFO Also considering installation prefix /kyukon/home/gent/438/vsc43810/easybuild (via resolved path to 'eb')...
== 2022-11-18 15:05:08,251 easyblock.py:794 INFO Found file ncbi-vdb-3.0.0_fix-LD_LIBRARY_PATH.patch at /kyukon/home/gent/438/vsc43810/vsc-software-stack/21_finder/ncbi-vdb-3.0.0_fix-LD_LIBRARY_PATH.patch
== 2022-11-18 15:05:08,251 tools.py:271 INFO Found location to 'eb' script via $EB_SCRIPT_PATH: /user/gent/438/vsc43810/easybuild/easybuild-framework/eb
== 2022-11-18 15:05:08,251 tools.py:287 INFO Not considering /user/gent/438/vsc43810/easybuild (no easybuild/easyconfigs subdir found)
== 2022-11-18 15:05:08,252 tools.py:295 INFO Also considering installation prefix /kyukon/home/gent/438/vsc43810/easybuild (via resolved path to 'eb')...
== 2022-11-18 15:05:08,253 easyblock.py:794 INFO Found file ncbi-vdb-3.0.0_cstdlib.patch at /kyukon/home/gent/438/vsc43810/vsc-software-stack/21_finder/ncbi-vdb-3.0.0_cstdlib.patch
== 2022-11-18 15:05:08,253 easyblock.py:493 INFO Added patches: [{'name': 'ncbi-vdb-3.0.0_fix-LD_LIBRARY_PATH.patch', 'postinstall': False, 'path': '/kyukon/home/gent/438/vsc43810/vsc-software-stack/21_finder/ncbi-vdb-3.0.0_fix-LD_LIBRARY_PATH.patch', 'checksum': 'a87d1ab79118e2392d197dbb684347b75a6a26509108cce8a12590feb929e38b'}, {'name': 'ncbi-vdb-3.0.0_cstdlib.patch', 'postinstall': False, 'path': '/kyukon/home/gent/438/vsc43810/vsc-software-stack/21_finder/ncbi-vdb-3.0.0_cstdlib.patch', 'checksum': 'd550ccfa08d1858f5c555306242b14e0f33a5ea06fa2ddf105ca62f1f5b26cb2'}]
== 2022-11-18 15:05:08,379 easyblock.py:2293 INFO md5 checksum for /data/gent/vo/001/gvo00117/easybuild/sources/n/ncbi-vdb/ncbi-vdb-3.0.0.tar.gz: 6f0d2faec66a2d520c93f65f9d2e5d28
== 2022-11-18 15:05:08,487 easyblock.py:2293 INFO sha256 checksum for /data/gent/vo/001/gvo00117/easybuild/sources/n/ncbi-vdb/ncbi-vdb-3.0.0.tar.gz: 154317ef265104861fe8d3d2e439939ae98f33b1e28da3c45f32ae8534dbfad7
== 2022-11-18 15:05:08,488 easyblock.py:2293 INFO md5 checksum for /kyukon/home/gent/438/vsc43810/vsc-software-stack/21_finder/ncbi-vdb-3.0.0_fix-LD_LIBRARY_PATH.patch: 176c7325ece35ba39b5253307aa0f670
== 2022-11-18 15:05:08,488 easyblock.py:2293 INFO sha256 checksum for /kyukon/home/gent/438/vsc43810/vsc-software-stack/21_finder/ncbi-vdb-3.0.0_fix-LD_LIBRARY_PATH.patch: d59fe4a4fa302485f72a6313a6348c3eda3570f9c9309737ddfb77abf28701b5
== 2022-11-18 15:05:08,488 easyblock.py:2293 INFO md5 checksum for /kyukon/home/gent/438/vsc43810/vsc-software-stack/21_finder/ncbi-vdb-3.0.0_cstdlib.patch: ee753996c8b6c8ebfab284f986ff61af
== 2022-11-18 15:05:08,489 easyblock.py:2293 INFO sha256 checksum for /kyukon/home/gent/438/vsc43810/vsc-software-stack/21_finder/ncbi-vdb-3.0.0_cstdlib.patch: 89431a477f93c62c81c530aaa36ccd17a3b800a5c0d9e6d752b697d37dd16177
== 2022-11-18 15:05:08,508 easyblock.py:2328 INFO Checking dirs that need to be created: ['/scratch/gent/vo/001/gvo00117/easybuild/RHEL8/haswell-ib/software/ncbi-vdb/3.0.0-gompi-2021b', '/scratch/gent/vo/001/gvo00117/easybuild/RHEL8/haswell-ib/modules/all/ncbi-vdb', '/scratch/gent/vo/001/gvo00117/easybuild/RHEL8/haswell-ib/modules/bio/ncbi-vdb']
== 2022-11-18 15:05:08,508 filetools.py:1913 INFO Creating directory /scratch/gent/vo/001/gvo00117/easybuild/RHEL8/haswell-ib/software/ncbi-vdb/3.0.0-gompi-2021b (parents: True, set_gid: False, sticky: False)
== 2022-11-18 15:05:08,600 filetools.py:1913 INFO Creating directory /scratch/gent/vo/001/gvo00117/easybuild/RHEL8/haswell-ib/modules/all/ncbi-vdb (parents: True, set_gid: False, sticky: False)
== 2022-11-18 15:05:08,602 filetools.py:1913 INFO Creating directory /scratch/gent/vo/001/gvo00117/easybuild/RHEL8/haswell-ib/modules/bio/ncbi-vdb (parents: True, set_gid: False, sticky: False)
== 2022-11-18 15:05:08,624 configuremake.py:95 INFO config.guess version: 2018-08-29 (last updated: 2022-09-12T15:36:42.931938, SHA256 checksum: c02eb9cc55c86cfd1e9a794e548d25db5c9539e7b2154beb649bc6e2cbffc74c)
== 2022-11-18 15:05:08,624 configuremake.py:150 INFO Found config.guess at /apps/gent/sources/generic/eb_v4.6.2.dev0/ConfigureMake/config.guess
== 2022-11-18 15:05:08,624 build_log.py:265 INFO ... (took < 1 sec)
== 2022-11-18 15:05:08,628 build_log.py:265 INFO creating build dir, resetting environment...
== 2022-11-18 15:05:08,633 easyblock.py:3759 INFO Starting ready step
== 2022-11-18 15:05:08,633 easyconfig.py:1686 INFO Generating template values...
== 2022-11-18 15:05:08,633 mpi.py:120 INFO Using template MPI command 'mpirun -n %(nr_ranks)s %(cmd)s' for MPI family 'OpenMPI'
== 2022-11-18 15:05:08,633 mpi.py:305 INFO Using MPI command template 'mpirun -n %(nr_ranks)s %(cmd)s' (params: {'nr_ranks': 1, 'cmd': 'xxx_command_xxx'})
== 2022-11-18 15:05:08,634 easyconfig.py:1705 INFO Template values: arch='x86_64', bitbucket_account='ncbi-vdb', builddir='/tmp/vsc43810/easybuild/build/ncbivdb/3.0.0/gompi-2021b', github_account='ncbi', installdir='/scratch/gent/vo/001/gvo00117/easybuild/RHEL8/haswell-ib/software/ncbi-vdb/3.0.0-gompi-2021b', module_name='ncbi-vdb/3.0.0-gompi-2021b', mpi_cmd_prefix='mpirun -n 1', name='ncbi-vdb', nameletter='n', nameletterlower='n', namelower='ncbi-vdb', perlmajver='5', perlminver='34', perlshortver='5.34', perlver='5.34.0', pymajver='3', pyminver='9', pyshortver='3.9', pyver='3.9.6', toolchain_name='gompi', toolchain_version='2021b', version='3.0.0', version_major='3', version_major_minor='3.0', version_minor='0', versionprefix='', versionsuffix=''
== 2022-11-18 15:05:08,634 easyblock.py:3767 INFO Running method check_readiness_step part of step ready
== 2022-11-18 15:05:08,642 run.py:234 INFO running cmd: ulimit -u 
== 2022-11-18 15:05:08,648 easyblock.py:2137 INFO Setting parallelism: 8
== 2022-11-18 15:05:08,745 easyblock.py:2189 WARNING Loaded modules detected: ['cluster/slaking']
== 2022-11-18 15:05:08,746 easyblock.py:3767 INFO Running method make_builddir part of step ready
== 2022-11-18 15:05:08,746 filetools.py:1913 INFO Creating directory /tmp/vsc43810/easybuild/build/ncbivdb/3.0.0/gompi-2021b (parents: True, set_gid: False, sticky: False)
== 2022-11-18 15:05:08,753 easyblock.py:3767 INFO Running method reset_env part of step ready
== 2022-11-18 15:05:08,754 easyblock.py:3767 INFO Running method handle_iterate_opts part of step ready
== 2022-11-18 15:05:08,754 easyconfig.py:1686 INFO Generating template values...
== 2022-11-18 15:05:08,755 mpi.py:120 INFO Using template MPI command 'mpirun -n %(nr_ranks)s %(cmd)s' for MPI family 'OpenMPI'
== 2022-11-18 15:05:08,755 mpi.py:305 INFO Using MPI command template 'mpirun -n %(nr_ranks)s %(cmd)s' (params: {'nr_ranks': 1, 'cmd': 'xxx_command_xxx'})
== 2022-11-18 15:05:08,755 easyconfig.py:1705 INFO Template values: arch='x86_64', bitbucket_account='ncbi-vdb', builddir='/tmp/vsc43810/easybuild/build/ncbivdb/3.0.0/gompi-2021b', github_account='ncbi', installdir='/scratch/gent/vo/001/gvo00117/easybuild/RHEL8/haswell-ib/software/ncbi-vdb/3.0.0-gompi-2021b', module_name='ncbi-vdb/3.0.0-gompi-2021b', mpi_cmd_prefix='mpirun -n 1', name='ncbi-vdb', nameletter='n', nameletterlower='n', namelower='ncbi-vdb', parallel='8', perlmajver='5', perlminver='34', perlshortver='5.34', perlver='5.34.0', pymajver='3', pyminver='9', pyshortver='3.9', pyver='3.9.6', toolchain_name='gompi', toolchain_version='2021b', version='3.0.0', version_major='3', version_major_minor='3.0', version_minor='0', versionprefix='', versionsuffix=''
== 2022-11-18 15:05:08,756 build_log.py:265 INFO ... (took < 1 sec)
== 2022-11-18 15:05:08,762 build_log.py:265 INFO unpacking...
== 2022-11-18 15:05:08,768 easyblock.py:3759 INFO Starting source step
== 2022-11-18 15:05:08,768 easyconfig.py:1686 INFO Generating template values...
== 2022-11-18 15:05:08,768 mpi.py:120 INFO Using template MPI command 'mpirun -n %(nr_ranks)s %(cmd)s' for MPI family 'OpenMPI'
== 2022-11-18 15:05:08,769 mpi.py:305 INFO Using MPI command template 'mpirun -n %(nr_ranks)s %(cmd)s' (params: {'nr_ranks': 1, 'cmd': 'xxx_command_xxx'})
== 2022-11-18 15:05:08,769 easyconfig.py:1705 INFO Template values: arch='x86_64', bitbucket_account='ncbi-vdb', builddir='/tmp/vsc43810/easybuild/build/ncbivdb/3.0.0/gompi-2021b', github_account='ncbi', installdir='/scratch/gent/vo/001/gvo00117/easybuild/RHEL8/haswell-ib/software/ncbi-vdb/3.0.0-gompi-2021b', module_name='ncbi-vdb/3.0.0-gompi-2021b', mpi_cmd_prefix='mpirun -n 1', name='ncbi-vdb', nameletter='n', nameletterlower='n', namelower='ncbi-vdb', parallel='8', perlmajver='5', perlminver='34', perlshortver='5.34', perlver='5.34.0', pymajver='3', pyminver='9', pyshortver='3.9', pyver='3.9.6', toolchain_name='gompi', toolchain_version='2021b', version='3.0.0', version_major='3', version_major_minor='3.0', version_minor='0', versionprefix='', versionsuffix=''
== 2022-11-18 15:05:08,769 easyblock.py:3767 INFO Running method checksum_step part of step source
== 2022-11-18 15:05:08,935 easyblock.py:2346 INFO Checksum verification for /data/gent/vo/001/gvo00117/easybuild/sources/n/ncbi-vdb/ncbi-vdb-3.0.0.tar.gz using 154317ef265104861fe8d3d2e439939ae98f33b1e28da3c45f32ae8534dbfad7 passed.
== 2022-11-18 15:05:09,318 build_log.py:169 ERROR EasyBuild crashed with an error (at easybuild/easybuild-framework/easybuild/base/exceptions.py:124 in __init__): Checksum verification for /kyukon/home/gent/438/vsc43810/vsc-software-stack/21_finder/ncbi-vdb-3.0.0_fix-LD_LIBRARY_PATH.patch using a87d1ab79118e2392d197dbb684347b75a6a26509108cce8a12590feb929e38b failed. (at easybuild/easybuild-framework/easybuild/framework/easyblock.py:2350 in checksum_step)
== 2022-11-18 15:05:09,318 build_log.py:265 INFO ... (took < 1 sec)
== 2022-11-18 15:05:09,325 filetools.py:2014 INFO Removing lock /scratch/gent/vo/001/gvo00117/easybuild/RHEL8/haswell-ib/software/.locks/_scratch_gent_vo_001_gvo00117_easybuild_RHEL8_haswell-ib_software_ncbi-vdb_3.0.0-gompi-2021b.lock...
== 2022-11-18 15:05:09,326 filetools.py:382 INFO Path /scratch/gent/vo/001/gvo00117/easybuild/RHEL8/haswell-ib/software/.locks/_scratch_gent_vo_001_gvo00117_easybuild_RHEL8_haswell-ib_software_ncbi-vdb_3.0.0-gompi-2021b.lock successfully removed.
== 2022-11-18 15:05:09,326 filetools.py:2018 INFO Lock removed: /scratch/gent/vo/001/gvo00117/easybuild/RHEL8/haswell-ib/software/.locks/_scratch_gent_vo_001_gvo00117_easybuild_RHEL8_haswell-ib_software_ncbi-vdb_3.0.0-gompi-2021b.lock
== 2022-11-18 15:05:09,326 easyblock.py:4090 WARNING build failed (first 300 chars): Checksum verification for /kyukon/home/gent/438/vsc43810/vsc-software-stack/21_finder/ncbi-vdb-3.0.0_fix-LD_LIBRARY_PATH.patch using a87d1ab79118e2392d197dbb684347b75a6a26509108cce8a12590feb929e38b failed.
== 2022-11-18 15:05:09,327 easyblock.py:319 INFO Closing log for application name ncbi-vdb version 3.0.0
