== 2022-10-18 11:00:51,436 easyblock.py:304 INFO This is EasyBuild 4.6.2.dev0-r3f63d69a6ad4cf85665ab50f7974b1949ef39bbb (framework: 4.6.2.dev0-r3f63d69a6ad4cf85665ab50f7974b1949ef39bbb, easyblocks: 4.6.2.dev0-r0e8d0ba2234bdb4b307ebd4295418f07d2de2e1c) on host node3702.slaking.os.
== 2022-10-18 11:00:51,436 easyblock.py:310 INFO This is easyblock CmdCp from module easybuild.easyblocks.generic.cmdcp (/user/gent/438/vsc43810/easybuild/easybuild-easyblocks/easybuild/easyblocks/generic/cmdcp.py)
== 2022-10-18 11:00:51,436 easyblock.py:983 INFO Build dir set to /tmp/vsc43810/easybuild/build/finder/1.1.0/foss-2021b
== 2022-10-18 11:00:51,437 easyblock.py:1040 INFO Software install dir set to /scratch/gent/vo/001/gvo00117/easybuild/RHEL8/haswell-ib/software/finder/1.1.0-foss-2021b
== 2022-10-18 11:00:51,437 easyblock.py:1045 INFO Module install dir set to /scratch/gent/vo/001/gvo00117/easybuild/RHEL8/haswell-ib/modules/all
== 2022-10-18 11:00:51,437 easyblock.py:279 INFO Init completed for application name finder version 1.1.0
== 2022-10-18 11:00:51,437 easyblock.py:4033 INFO Obtained application instance of for finder (easyblock: CmdCp)
== 2022-10-18 11:00:51,438 easyconfig.py:1686 INFO Generating template values...
== 2022-10-18 11:00:51,438 mpi.py:120 INFO Using template MPI command 'mpirun -n %(nr_ranks)s %(cmd)s' for MPI family 'OpenMPI'
== 2022-10-18 11:00:51,438 mpi.py:305 INFO Using MPI command template 'mpirun -n %(nr_ranks)s %(cmd)s' (params: {'nr_ranks': 1, 'cmd': 'xxx_command_xxx'})
== 2022-10-18 11:00:51,439 easyconfig.py:1705 INFO Template values: arch='x86_64', bitbucket_account='finder', github_account='finder', module_name='finder/1.1.0-foss-2021b', mpi_cmd_prefix='mpirun -n 1', name='finder', nameletter='f', nameletterlower='f', namelower='finder', pymajver='3', pyminver='9', pyshortver='3.9', pyver='3.9.6', toolchain_name='foss', toolchain_version='2021b', version='1.1.0', version_major='1', version_major_minor='1.1', version_minor='1', versionprefix='', versionsuffix=''
== 2022-10-18 11:00:51,442 one.py:178 INFO Skipping reformatting value for parameter 'toolchain'
== 2022-10-18 11:00:51,442 one.py:178 INFO Skipping reformatting value for parameter 'toolchainopts'
== 2022-10-18 11:00:51,444 filetools.py:1913 INFO Creating directory /tmp/vsc43810/eb-axsdx5_c/reprod_20221018110051_680654 (parents: True, set_gid: False, sticky: False)
== 2022-10-18 11:00:51,445 easyblock.py:4287 INFO Dumped easyconfig instance to /tmp/vsc43810/eb-axsdx5_c/reprod_20221018110051_680654/finder-1.1.0-foss-2021b.eb
== 2022-10-18 11:00:51,448 filetools.py:1913 INFO Creating directory /tmp/vsc43810/eb-axsdx5_c/reprod_20221018110051_680654/easyblocks (parents: True, set_gid: False, sticky: False)
== 2022-10-18 11:00:51,469 filetools.py:2426 INFO /user/gent/438/vsc43810/easybuild/easybuild-easyblocks/easybuild/easyblocks/generic/configuremake.py copied to /tmp/vsc43810/eb-axsdx5_c/reprod_20221018110051_680654/easyblocks/configuremake.py
== 2022-10-18 11:00:51,469 easyblock.py:4267 INFO Dumped easyblock configuremake.py required for reproduction to /tmp/vsc43810/eb-axsdx5_c/reprod_20221018110051_680654/easyblocks
== 2022-10-18 11:00:51,470 filetools.py:2426 INFO /user/gent/438/vsc43810/easybuild/easybuild-easyblocks/easybuild/easyblocks/generic/cmdcp.py copied to /tmp/vsc43810/eb-axsdx5_c/reprod_20221018110051_680654/easyblocks/cmdcp.py
== 2022-10-18 11:00:51,470 easyblock.py:4267 INFO Dumped easyblock cmdcp.py required for reproduction to /tmp/vsc43810/eb-axsdx5_c/reprod_20221018110051_680654/easyblocks
== 2022-10-18 11:00:51,492 filetools.py:2426 INFO /user/gent/438/vsc43810/easybuild/easybuild-easyblocks/easybuild/easyblocks/generic/makecp.py copied to /tmp/vsc43810/eb-axsdx5_c/reprod_20221018110051_680654/easyblocks/makecp.py
== 2022-10-18 11:00:51,492 easyblock.py:4267 INFO Dumped easyblock makecp.py required for reproduction to /tmp/vsc43810/eb-axsdx5_c/reprod_20221018110051_680654/easyblocks
== 2022-10-18 11:00:51,496 easyblock.py:2118 INFO Number of iterations to perform for central part of installation procedure: 1
== 2022-10-18 11:00:51,498 build_log.py:265 INFO building and installing finder/1.1.0-foss-2021b...
== 2022-10-18 11:00:51,511 filetools.py:2006 INFO Lock /scratch/gent/vo/001/gvo00117/easybuild/RHEL8/haswell-ib/software/.locks/_scratch_gent_vo_001_gvo00117_easybuild_RHEL8_haswell-ib_software_finder_1.1.0-foss-2021b.lock does not exist
== 2022-10-18 11:00:51,511 filetools.py:1947 INFO Creating lock at /scratch/gent/vo/001/gvo00117/easybuild/RHEL8/haswell-ib/software/.locks/_scratch_gent_vo_001_gvo00117_easybuild_RHEL8_haswell-ib_software_finder_1.1.0-foss-2021b.lock...
== 2022-10-18 11:00:51,512 filetools.py:1913 INFO Creating directory /scratch/gent/vo/001/gvo00117/easybuild/RHEL8/haswell-ib/software/.locks/_scratch_gent_vo_001_gvo00117_easybuild_RHEL8_haswell-ib_software_finder_1.1.0-foss-2021b.lock (parents: True, set_gid: False, sticky: False)
== 2022-10-18 11:00:51,513 filetools.py:1956 INFO Lock created: /scratch/gent/vo/001/gvo00117/easybuild/RHEL8/haswell-ib/software/.locks/_scratch_gent_vo_001_gvo00117_easybuild_RHEL8_haswell-ib_software_finder_1.1.0-foss-2021b.lock
== 2022-10-18 11:00:51,514 build_log.py:265 INFO fetching files...
== 2022-10-18 11:00:51,520 easyblock.py:3759 INFO Starting fetch step
== 2022-10-18 11:00:51,520 easyconfig.py:1686 INFO Generating template values...
== 2022-10-18 11:00:51,520 mpi.py:120 INFO Using template MPI command 'mpirun -n %(nr_ranks)s %(cmd)s' for MPI family 'OpenMPI'
== 2022-10-18 11:00:51,521 mpi.py:305 INFO Using MPI command template 'mpirun -n %(nr_ranks)s %(cmd)s' (params: {'nr_ranks': 1, 'cmd': 'xxx_command_xxx'})
== 2022-10-18 11:00:51,521 easyconfig.py:1705 INFO Template values: arch='x86_64', bitbucket_account='finder', builddir='/tmp/vsc43810/easybuild/build/finder/1.1.0/foss-2021b', github_account='finder', installdir='/scratch/gent/vo/001/gvo00117/easybuild/RHEL8/haswell-ib/software/finder/1.1.0-foss-2021b', module_name='finder/1.1.0-foss-2021b', mpi_cmd_prefix='mpirun -n 1', name='finder', nameletter='f', nameletterlower='f', namelower='finder', pymajver='3', pyminver='9', pyshortver='3.9', pyver='3.9.6', toolchain_name='foss', toolchain_version='2021b', version='1.1.0', version_major='1', version_major_minor='1.1', version_minor='1', versionprefix='', versionsuffix=''
== 2022-10-18 11:00:51,521 easyblock.py:3767 INFO Running method fetch_step part of step fetch
== 2022-10-18 11:00:51,522 easyblock.py:2240 WARNING Easyconfig does not specify an EasyBuild-version (key 'easybuild_version')! Assuming the latest version
== 2022-10-18 11:00:51,523 tools.py:271 INFO Found location to 'eb' script via $EB_SCRIPT_PATH: /user/gent/438/vsc43810/easybuild/easybuild-framework/eb
== 2022-10-18 11:00:51,523 tools.py:287 INFO Not considering /user/gent/438/vsc43810/easybuild (no easybuild/easyconfigs subdir found)
== 2022-10-18 11:00:51,524 tools.py:295 INFO Also considering installation prefix /kyukon/home/gent/438/vsc43810/easybuild (via resolved path to 'eb')...
== 2022-10-18 11:00:51,537 easyblock.py:794 INFO Found file finder_v1.1.0.tar.gz at /data/gent/vo/001/gvo00117/easybuild/sources/f/finder/finder_v1.1.0.tar.gz
== 2022-10-18 11:00:51,537 easyblock.py:454 INFO Added sources: [{'name': 'finder_v1.1.0.tar.gz', 'path': '/data/gent/vo/001/gvo00117/easybuild/sources/f/finder/finder_v1.1.0.tar.gz', 'cmd': None, 'checksum': None, 'finalpath': '/tmp/vsc43810/easybuild/build/finder/1.1.0/foss-2021b'}]
== 2022-10-18 11:00:51,537 easyblock.py:2283 INFO no patches provided
== 2022-10-18 11:00:51,580 easyblock.py:2293 INFO md5 checksum for /data/gent/vo/001/gvo00117/easybuild/sources/f/finder/finder_v1.1.0.tar.gz: 0724d49b6842e02704e7e17d9aa79d0a
== 2022-10-18 11:00:51,605 easyblock.py:2293 INFO sha256 checksum for /data/gent/vo/001/gvo00117/easybuild/sources/f/finder/finder_v1.1.0.tar.gz: be416a01b94f2ac183fb9c4945b09b8f40ac0e40b12e2c08c343bd2aad28bf98
== 2022-10-18 11:00:51,617 easyblock.py:2328 INFO Checking dirs that need to be created: ['/scratch/gent/vo/001/gvo00117/easybuild/RHEL8/haswell-ib/software/finder/1.1.0-foss-2021b', '/scratch/gent/vo/001/gvo00117/easybuild/RHEL8/haswell-ib/modules/all/finder', '/scratch/gent/vo/001/gvo00117/easybuild/RHEL8/haswell-ib/modules/bio/finder']
== 2022-10-18 11:00:51,639 configuremake.py:95 INFO config.guess version: 2018-08-29 (last updated: 2022-09-12T15:36:42.931938, SHA256 checksum: c02eb9cc55c86cfd1e9a794e548d25db5c9539e7b2154beb649bc6e2cbffc74c)
== 2022-10-18 11:00:51,640 configuremake.py:150 INFO Found config.guess at /apps/gent/sources/generic/eb_v4.6.2.dev0/ConfigureMake/config.guess
== 2022-10-18 11:00:51,640 build_log.py:265 INFO ... (took < 1 sec)
== 2022-10-18 11:00:51,646 build_log.py:265 INFO creating build dir, resetting environment...
== 2022-10-18 11:00:51,653 easyblock.py:3759 INFO Starting ready step
== 2022-10-18 11:00:51,653 easyconfig.py:1686 INFO Generating template values...
== 2022-10-18 11:00:51,654 mpi.py:120 INFO Using template MPI command 'mpirun -n %(nr_ranks)s %(cmd)s' for MPI family 'OpenMPI'
== 2022-10-18 11:00:51,654 mpi.py:305 INFO Using MPI command template 'mpirun -n %(nr_ranks)s %(cmd)s' (params: {'nr_ranks': 1, 'cmd': 'xxx_command_xxx'})
== 2022-10-18 11:00:51,654 easyconfig.py:1705 INFO Template values: arch='x86_64', bitbucket_account='finder', builddir='/tmp/vsc43810/easybuild/build/finder/1.1.0/foss-2021b', github_account='finder', installdir='/scratch/gent/vo/001/gvo00117/easybuild/RHEL8/haswell-ib/software/finder/1.1.0-foss-2021b', module_name='finder/1.1.0-foss-2021b', mpi_cmd_prefix='mpirun -n 1', name='finder', nameletter='f', nameletterlower='f', namelower='finder', pymajver='3', pyminver='9', pyshortver='3.9', pyver='3.9.6', toolchain_name='foss', toolchain_version='2021b', version='1.1.0', version_major='1', version_major_minor='1.1', version_minor='1', versionprefix='', versionsuffix=''
== 2022-10-18 11:00:51,654 easyblock.py:3767 INFO Running method check_readiness_step part of step ready
== 2022-10-18 11:00:51,664 run.py:234 INFO running cmd: ulimit -u 
== 2022-10-18 11:00:51,672 easyblock.py:2137 INFO Setting parallelism: 8
== 2022-10-18 11:00:51,773 easyblock.py:2189 WARNING Loaded modules detected: ['cluster/slaking']
== 2022-10-18 11:00:51,774 easyblock.py:3767 INFO Running method make_builddir part of step ready
== 2022-10-18 11:00:51,774 easyblock.py:1065 INFO Found old directory /tmp/vsc43810/easybuild/build/finder/1.1.0/foss-2021b
== 2022-10-18 11:00:51,780 filetools.py:382 INFO Path /tmp/vsc43810/easybuild/build/finder/1.1.0/foss-2021b successfully removed.
== 2022-10-18 11:00:51,780 easyblock.py:1073 INFO Removed old directory /tmp/vsc43810/easybuild/build/finder/1.1.0/foss-2021b
== 2022-10-18 11:00:51,780 filetools.py:1913 INFO Creating directory /tmp/vsc43810/easybuild/build/finder/1.1.0/foss-2021b (parents: True, set_gid: False, sticky: False)
== 2022-10-18 11:00:51,787 easyblock.py:3767 INFO Running method reset_env part of step ready
== 2022-10-18 11:00:51,788 easyblock.py:3767 INFO Running method handle_iterate_opts part of step ready
== 2022-10-18 11:00:51,788 easyconfig.py:1686 INFO Generating template values...
== 2022-10-18 11:00:51,789 mpi.py:120 INFO Using template MPI command 'mpirun -n %(nr_ranks)s %(cmd)s' for MPI family 'OpenMPI'
== 2022-10-18 11:00:51,789 mpi.py:305 INFO Using MPI command template 'mpirun -n %(nr_ranks)s %(cmd)s' (params: {'nr_ranks': 1, 'cmd': 'xxx_command_xxx'})
== 2022-10-18 11:00:51,790 easyconfig.py:1705 INFO Template values: arch='x86_64', bitbucket_account='finder', builddir='/tmp/vsc43810/easybuild/build/finder/1.1.0/foss-2021b', github_account='finder', installdir='/scratch/gent/vo/001/gvo00117/easybuild/RHEL8/haswell-ib/software/finder/1.1.0-foss-2021b', module_name='finder/1.1.0-foss-2021b', mpi_cmd_prefix='mpirun -n 1', name='finder', nameletter='f', nameletterlower='f', namelower='finder', parallel='8', pymajver='3', pyminver='9', pyshortver='3.9', pyver='3.9.6', toolchain_name='foss', toolchain_version='2021b', version='1.1.0', version_major='1', version_major_minor='1.1', version_minor='1', versionprefix='', versionsuffix=''
== 2022-10-18 11:00:51,790 build_log.py:265 INFO ... (took < 1 sec)
== 2022-10-18 11:00:51,797 build_log.py:265 INFO unpacking...
== 2022-10-18 11:00:51,803 easyblock.py:3759 INFO Starting source step
== 2022-10-18 11:00:51,803 easyconfig.py:1686 INFO Generating template values...
== 2022-10-18 11:00:51,803 mpi.py:120 INFO Using template MPI command 'mpirun -n %(nr_ranks)s %(cmd)s' for MPI family 'OpenMPI'
== 2022-10-18 11:00:51,804 mpi.py:305 INFO Using MPI command template 'mpirun -n %(nr_ranks)s %(cmd)s' (params: {'nr_ranks': 1, 'cmd': 'xxx_command_xxx'})
== 2022-10-18 11:00:51,804 easyconfig.py:1705 INFO Template values: arch='x86_64', bitbucket_account='finder', builddir='/tmp/vsc43810/easybuild/build/finder/1.1.0/foss-2021b', github_account='finder', installdir='/scratch/gent/vo/001/gvo00117/easybuild/RHEL8/haswell-ib/software/finder/1.1.0-foss-2021b', module_name='finder/1.1.0-foss-2021b', mpi_cmd_prefix='mpirun -n 1', name='finder', nameletter='f', nameletterlower='f', namelower='finder', parallel='8', pymajver='3', pyminver='9', pyshortver='3.9', pyver='3.9.6', toolchain_name='foss', toolchain_version='2021b', version='1.1.0', version_major='1', version_major_minor='1.1', version_minor='1', versionprefix='', versionsuffix=''
== 2022-10-18 11:00:51,804 easyblock.py:3767 INFO Running method checksum_step part of step source
== 2022-10-18 11:00:51,804 easyblock.py:2346 INFO Checksum verification for /data/gent/vo/001/gvo00117/easybuild/sources/f/finder/finder_v1.1.0.tar.gz using None passed.
== 2022-10-18 11:00:51,805 easyblock.py:3767 INFO Running method extract_step part of step source
== 2022-10-18 11:00:51,805 easyblock.py:2439 INFO Unpacking source finder_v1.1.0.tar.gz
== 2022-10-18 11:00:51,816 run.py:234 INFO running cmd: tar xzf /data/gent/vo/001/gvo00117/easybuild/sources/f/finder/finder_v1.1.0.tar.gz 
== 2022-10-18 11:00:52,009 build_log.py:265 INFO ... (took < 1 sec)
== 2022-10-18 11:00:52,016 build_log.py:265 INFO patching...
== 2022-10-18 11:00:52,022 easyblock.py:3759 INFO Starting patch step
== 2022-10-18 11:00:52,022 easyconfig.py:1686 INFO Generating template values...
== 2022-10-18 11:00:52,023 mpi.py:120 INFO Using template MPI command 'mpirun -n %(nr_ranks)s %(cmd)s' for MPI family 'OpenMPI'
== 2022-10-18 11:00:52,023 mpi.py:305 INFO Using MPI command template 'mpirun -n %(nr_ranks)s %(cmd)s' (params: {'nr_ranks': 1, 'cmd': 'xxx_command_xxx'})
== 2022-10-18 11:00:52,024 easyconfig.py:1705 INFO Template values: arch='x86_64', bitbucket_account='finder', builddir='/tmp/vsc43810/easybuild/build/finder/1.1.0/foss-2021b', github_account='finder', installdir='/scratch/gent/vo/001/gvo00117/easybuild/RHEL8/haswell-ib/software/finder/1.1.0-foss-2021b', module_name='finder/1.1.0-foss-2021b', mpi_cmd_prefix='mpirun -n 1', name='finder', nameletter='f', nameletterlower='f', namelower='finder', parallel='8', pymajver='3', pyminver='9', pyshortver='3.9', pyver='3.9.6', toolchain_name='foss', toolchain_version='2021b', version='1.1.0', version_major='1', version_major_minor='1.1', version_minor='1', versionprefix='', versionsuffix=''
== 2022-10-18 11:00:52,024 easyblock.py:3767 INFO Running method patch_step part of step patch
== 2022-10-18 11:00:52,024 build_log.py:265 INFO ... (took < 1 sec)
== 2022-10-18 11:00:52,028 build_log.py:265 INFO preparing...
== 2022-10-18 11:00:52,031 easyblock.py:3759 INFO Starting prepare step
== 2022-10-18 11:00:52,031 easyconfig.py:1686 INFO Generating template values...
== 2022-10-18 11:00:52,032 mpi.py:120 INFO Using template MPI command 'mpirun -n %(nr_ranks)s %(cmd)s' for MPI family 'OpenMPI'
== 2022-10-18 11:00:52,032 mpi.py:305 INFO Using MPI command template 'mpirun -n %(nr_ranks)s %(cmd)s' (params: {'nr_ranks': 1, 'cmd': 'xxx_command_xxx'})
== 2022-10-18 11:00:52,032 easyconfig.py:1705 INFO Template values: arch='x86_64', bitbucket_account='finder', builddir='/tmp/vsc43810/easybuild/build/finder/1.1.0/foss-2021b', github_account='finder', installdir='/scratch/gent/vo/001/gvo00117/easybuild/RHEL8/haswell-ib/software/finder/1.1.0-foss-2021b', module_name='finder/1.1.0-foss-2021b', mpi_cmd_prefix='mpirun -n 1', name='finder', nameletter='f', nameletterlower='f', namelower='finder', parallel='8', pymajver='3', pyminver='9', pyshortver='3.9', pyver='3.9.6', toolchain_name='foss', toolchain_version='2021b', version='1.1.0', version_major='1', version_major_minor='1.1', version_minor='1', versionprefix='', versionsuffix=''
== 2022-10-18 11:00:52,032 easyblock.py:3767 INFO Running method prepare_step part of step prepare
== 2022-10-18 11:00:52,034 modules.py:626 INFO Checking whether STAR/2.7.9a-GCC-11.2.0 exists...
== 2022-10-18 11:00:52,034 modules.py:631 INFO Module STAR/2.7.9a-GCC-11.2.0 exists (found in list of available modules)
== 2022-10-18 11:00:52,034 modules.py:654 INFO Result for existence check of STAR/2.7.9a-GCC-11.2.0 module: True
== 2022-10-18 11:00:52,034 modules.py:626 INFO Checking whether SAMtools/1.14-GCC-11.2.0 exists...
== 2022-10-18 11:00:52,034 modules.py:631 INFO Module SAMtools/1.14-GCC-11.2.0 exists (found in list of available modules)
== 2022-10-18 11:00:52,034 modules.py:654 INFO Result for existence check of SAMtools/1.14-GCC-11.2.0 module: True
== 2022-10-18 11:00:52,035 modules.py:626 INFO Checking whether BEDTools/2.30.0-GCC-11.2.0 exists...
== 2022-10-18 11:00:52,035 modules.py:631 INFO Module BEDTools/2.30.0-GCC-11.2.0 exists (found in list of available modules)
== 2022-10-18 11:00:52,035 modules.py:654 INFO Result for existence check of BEDTools/2.30.0-GCC-11.2.0 module: True
== 2022-10-18 11:00:52,035 modules.py:626 INFO Checking whether AUGUSTUS/3.4.0-foss-2021b exists...
== 2022-10-18 11:00:52,035 modules.py:631 INFO Module AUGUSTUS/3.4.0-foss-2021b exists (found in list of available modules)
== 2022-10-18 11:00:52,035 modules.py:654 INFO Result for existence check of AUGUSTUS/3.4.0-foss-2021b module: True
== 2022-10-18 11:00:52,035 modules.py:626 INFO Checking whether BRAKER/2.1.6-foss-2021b exists...
== 2022-10-18 11:00:52,035 modules.py:631 INFO Module BRAKER/2.1.6-foss-2021b exists (found in list of available modules)
== 2022-10-18 11:00:52,035 modules.py:654 INFO Result for existence check of BRAKER/2.1.6-foss-2021b module: True
== 2022-10-18 11:00:52,035 modules.py:626 INFO Checking whether GeneMark-ET/4.69-GCCcore-11.2.0 exists...
== 2022-10-18 11:00:52,035 modules.py:631 INFO Module GeneMark-ET/4.69-GCCcore-11.2.0 exists (found in list of available modules)
== 2022-10-18 11:00:52,035 modules.py:654 INFO Result for existence check of GeneMark-ET/4.69-GCCcore-11.2.0 module: True
== 2022-10-18 11:00:52,036 modules.py:626 INFO Checking whether PsiCLASS/1.0.3-GCC-11.2.0 exists...
== 2022-10-18 11:00:52,036 modules.py:631 INFO Module PsiCLASS/1.0.3-GCC-11.2.0 exists (found in list of available modules)
== 2022-10-18 11:00:52,036 modules.py:654 INFO Result for existence check of PsiCLASS/1.0.3-GCC-11.2.0 module: True
== 2022-10-18 11:00:52,036 modules.py:626 INFO Checking whether olego/1.1.9-GCC-11.2.0 exists...
== 2022-10-18 11:00:52,036 modules.py:631 INFO Module olego/1.1.9-GCC-11.2.0 exists (found in list of available modules)
== 2022-10-18 11:00:52,036 modules.py:654 INFO Result for existence check of olego/1.1.9-GCC-11.2.0 module: True
== 2022-10-18 11:00:52,036 modules.py:626 INFO Checking whether GUSHR/2020-09-28-foss-2021b exists...
== 2022-10-18 11:00:52,036 modules.py:631 INFO Module GUSHR/2020-09-28-foss-2021b exists (found in list of available modules)
== 2022-10-18 11:00:52,036 modules.py:654 INFO Result for existence check of GUSHR/2020-09-28-foss-2021b module: True
== 2022-10-18 11:00:52,036 modules.py:626 INFO Checking whether gffread/0.12.7-GCCcore-11.2.0 exists...
== 2022-10-18 11:00:52,037 modules.py:631 INFO Module gffread/0.12.7-GCCcore-11.2.0 exists (found in list of available modules)
== 2022-10-18 11:00:52,037 modules.py:654 INFO Result for existence check of gffread/0.12.7-GCCcore-11.2.0 module: True
== 2022-10-18 11:00:52,037 modules.py:626 INFO Checking whether BEDOPS/2.4.41-foss-2021b exists...
== 2022-10-18 11:00:52,037 modules.py:631 INFO Module BEDOPS/2.4.41-foss-2021b exists (found in list of available modules)
== 2022-10-18 11:00:52,037 modules.py:654 INFO Result for existence check of BEDOPS/2.4.41-foss-2021b module: True
== 2022-10-18 11:00:52,037 modules.py:626 INFO Checking whether RegTools/0.5.2-foss-2021b exists...
== 2022-10-18 11:00:52,037 modules.py:631 INFO Module RegTools/0.5.2-foss-2021b exists (found in list of available modules)
== 2022-10-18 11:00:52,037 modules.py:654 INFO Result for existence check of RegTools/0.5.2-foss-2021b module: True
== 2022-10-18 11:00:52,037 modules.py:626 INFO Checking whether BLAST+/2.9.0-gompi-2021b exists...
== 2022-10-18 11:00:52,037 modules.py:631 INFO Module BLAST+/2.9.0-gompi-2021b exists (found in list of available modules)
== 2022-10-18 11:00:52,037 modules.py:654 INFO Result for existence check of BLAST+/2.9.0-gompi-2021b module: True
== 2022-10-18 11:00:52,037 modules.py:626 INFO Checking whether CodAn/1.2-foss-2021b exists...
== 2022-10-18 11:00:52,038 modules.py:631 INFO Module CodAn/1.2-foss-2021b exists (found in list of available modules)
== 2022-10-18 11:00:52,038 modules.py:654 INFO Result for existence check of CodAn/1.2-foss-2021b module: True
== 2022-10-18 11:00:52,038 modules.py:626 INFO Checking whether GffCompare/0.12.6-GCC-11.2.0 exists...
== 2022-10-18 11:00:52,038 modules.py:631 INFO Module GffCompare/0.12.6-GCC-11.2.0 exists (found in list of available modules)
== 2022-10-18 11:00:52,038 modules.py:654 INFO Result for existence check of GffCompare/0.12.6-GCC-11.2.0 module: True
== 2022-10-18 11:00:52,038 modules.py:626 INFO Checking whether XZ/5.2.5-GCCcore-11.2.0 exists...
== 2022-10-18 11:00:52,038 modules.py:631 INFO Module XZ/5.2.5-GCCcore-11.2.0 exists (found in list of available modules)
== 2022-10-18 11:00:52,038 modules.py:654 INFO Result for existence check of XZ/5.2.5-GCCcore-11.2.0 module: True
== 2022-10-18 11:00:52,038 modules.py:626 INFO Checking whether bzip2/1.0.8-GCCcore-11.2.0 exists...
== 2022-10-18 11:00:52,038 modules.py:631 INFO Module bzip2/1.0.8-GCCcore-11.2.0 exists (found in list of available modules)
== 2022-10-18 11:00:52,039 modules.py:654 INFO Result for existence check of bzip2/1.0.8-GCCcore-11.2.0 module: True
== 2022-10-18 11:00:52,039 modules.py:626 INFO Checking whether Autotools/20210726-GCCcore-11.2.0 exists...
== 2022-10-18 11:00:52,039 modules.py:631 INFO Module Autotools/20210726-GCCcore-11.2.0 exists (found in list of available modules)
== 2022-10-18 11:00:52,039 modules.py:654 INFO Result for existence check of Autotools/20210726-GCCcore-11.2.0 module: True
== 2022-10-18 11:00:52,039 modules.py:626 INFO Checking whether Python/3.9.6-GCCcore-11.2.0 exists...
== 2022-10-18 11:00:52,039 modules.py:631 INFO Module Python/3.9.6-GCCcore-11.2.0 exists (found in list of available modules)
== 2022-10-18 11:00:52,039 modules.py:654 INFO Result for existence check of Python/3.9.6-GCCcore-11.2.0 module: True
== 2022-10-18 11:00:52,039 modules.py:626 INFO Checking whether SciPy-bundle/2021.10-foss-2021b exists...
== 2022-10-18 11:00:52,039 modules.py:631 INFO Module SciPy-bundle/2021.10-foss-2021b exists (found in list of available modules)
== 2022-10-18 11:00:52,039 modules.py:654 INFO Result for existence check of SciPy-bundle/2021.10-foss-2021b module: True
== 2022-10-18 11:00:52,039 modules.py:626 INFO Checking whether Trimmomatic/0.39-Java-11 exists...
== 2022-10-18 11:00:52,039 modules.py:631 INFO Module Trimmomatic/0.39-Java-11 exists (found in list of available modules)
== 2022-10-18 11:00:52,040 modules.py:654 INFO Result for existence check of Trimmomatic/0.39-Java-11 module: True
== 2022-10-18 11:00:52,040 modules.py:626 INFO Checking whether Boost/1.79.0-GCC-11.2.0 exists...
== 2022-10-18 11:00:52,040 modules.py:631 INFO Module Boost/1.79.0-GCC-11.2.0 exists (found in list of available modules)
== 2022-10-18 11:00:52,040 modules.py:654 INFO Result for existence check of Boost/1.79.0-GCC-11.2.0 module: True
== 2022-10-18 11:00:52,040 modules.py:626 INFO Checking whether ruffus/2.8.4-foss-2021b exists...
== 2022-10-18 11:00:52,040 modules.py:631 INFO Module ruffus/2.8.4-foss-2021b exists (found in list of available modules)
== 2022-10-18 11:00:52,040 modules.py:654 INFO Result for existence check of ruffus/2.8.4-foss-2021b module: True
== 2022-10-18 11:00:52,040 modules.py:626 INFO Checking whether foss/2021b exists...
== 2022-10-18 11:00:52,041 modules.py:634 INFO Module foss/2021b not found in list of available modules, checking via 'module show'...
== 2022-10-18 11:00:54,066 modules.py:654 INFO Result for existence check of foss/2021b module: True
== 2022-10-18 11:00:57,147 environment.py:91 INFO Environment variable LD_LIBRARY_PATH set to /apps/gent/RHEL8/haswell-ib/software/SAMtools/1.14-GCC-11.2.0/lib:/apps/gent/RHEL8/haswell-ib/software/cURL/7.78.0-GCCcore-11.2.0/lib:/apps/gent/RHEL8/haswell-ib/software/bzip2/1.0.8-GCCcore-11.2.0/lib:/apps/gent/RHEL8/haswell-ib/software/ncurses/6.2-GCCcore-11.2.0/lib:/scratch/gent/vo/001/gvo00117/easybuild/RHEL8/haswell-ib/software/ScaLAPACK/2.1.0-gompi-2021b-fb/lib:/apps/gent/RHEL8/haswell-ib/software/FFTW/3.3.10-gompi-2021b/lib:/apps/gent/RHEL8/haswell-ib/software/FlexiBLAS/3.0.4-GCC-11.2.0/lib:/apps/gent/RHEL8/haswell-ib/software/OpenBLAS/0.3.18-GCC-11.2.0/lib:/apps/gent/RHEL8/haswell-ib/software/OpenMPI/4.1.1-GCC-11.2.0/lib:/apps/gent/RHEL8/haswell-ib/software/PMIx/4.1.0-GCCcore-11.2.0/lib:/apps/gent/RHEL8/haswell-ib/software/libfabric/1.13.2-GCCcore-11.2.0/lib:/apps/gent/RHEL8/haswell-ib/software/UCX/1.11.2-GCCcore-11.2.0/lib:/apps/gent/RHEL8/haswell-ib/software/libevent/2.1.12-GCCcore-11.2.0/lib:/apps/gent/RHEL8/haswell-ib/software/OpenSSL/1.1/lib:/apps/gent/RHEL8/haswell-ib/software/hwloc/2.5.0-GCCcore-11.2.0/lib:/apps/gent/RHEL8/haswell-ib/software/libpciaccess/0.16-GCCcore-11.2.0/lib:/apps/gent/RHEL8/haswell-ib/software/libxml2/2.9.10-GCCcore-11.2.0/lib:/apps/gent/RHEL8/haswell-ib/software/XZ/5.2.5-GCCcore-11.2.0/lib:/apps/gent/RHEL8/haswell-ib/software/numactl/2.0.14-GCCcore-11.2.0/lib:/apps/gent/RHEL8/haswell-ib/software/binutils/2.37-GCCcore-11.2.0/lib:/apps/gent/RHEL8/haswell-ib/software/zlib/1.2.11-GCCcore-11.2.0/lib:/apps/gent/RHEL8/haswell-ib/software/GCCcore/11.2.0/lib64 (previous value: '/apps/gent/RHEL8/haswell-ib/software/SAMtools/1.14-GCC-11.2.0/lib:/apps/gent/RHEL8/haswell-ib/software/cURL/7.78.0-GCCcore-11.2.0/lib:/apps/gent/RHEL8/haswell-ib/software/bzip2/1.0.8-GCCcore-11.2.0/lib:/apps/gent/RHEL8/haswell-ib/software/ncurses/6.2-GCCcore-11.2.0/lib')
== 2022-10-18 11:00:57,961 environment.py:91 INFO Environment variable LD_LIBRARY_PATH set to /apps/gent/RHEL8/haswell-ib/software/BamTools/2.5.2-GCC-11.2.0/lib:/apps/gent/RHEL8/haswell-ib/software/SAMtools/1.14-GCC-11.2.0/lib:/apps/gent/RHEL8/haswell-ib/software/cURL/7.78.0-GCCcore-11.2.0/lib:/apps/gent/RHEL8/haswell-ib/software/bzip2/1.0.8-GCCcore-11.2.0/lib:/apps/gent/RHEL8/haswell-ib/software/ncurses/6.2-GCCcore-11.2.0/lib:/scratch/gent/vo/001/gvo00117/easybuild/RHEL8/haswell-ib/software/ScaLAPACK/2.1.0-gompi-2021b-fb/lib:/apps/gent/RHEL8/haswell-ib/software/FFTW/3.3.10-gompi-2021b/lib:/apps/gent/RHEL8/haswell-ib/software/FlexiBLAS/3.0.4-GCC-11.2.0/lib:/apps/gent/RHEL8/haswell-ib/software/OpenBLAS/0.3.18-GCC-11.2.0/lib:/apps/gent/RHEL8/haswell-ib/software/OpenMPI/4.1.1-GCC-11.2.0/lib:/apps/gent/RHEL8/haswell-ib/software/PMIx/4.1.0-GCCcore-11.2.0/lib:/apps/gent/RHEL8/haswell-ib/software/libfabric/1.13.2-GCCcore-11.2.0/lib:/apps/gent/RHEL8/haswell-ib/software/UCX/1.11.2-GCCcore-11.2.0/lib:/apps/gent/RHEL8/haswell-ib/software/libevent/2.1.12-GCCcore-11.2.0/lib:/apps/gent/RHEL8/haswell-ib/software/OpenSSL/1.1/lib:/apps/gent/RHEL8/haswell-ib/software/hwloc/2.5.0-GCCcore-11.2.0/lib:/apps/gent/RHEL8/haswell-ib/software/libpciaccess/0.16-GCCcore-11.2.0/lib:/apps/gent/RHEL8/haswell-ib/software/libxml2/2.9.10-GCCcore-11.2.0/lib:/apps/gent/RHEL8/haswell-ib/software/XZ/5.2.5-GCCcore-11.2.0/lib:/apps/gent/RHEL8/haswell-ib/software/numactl/2.0.14-GCCcore-11.2.0/lib:/apps/gent/RHEL8/haswell-ib/software/binutils/2.37-GCCcore-11.2.0/lib:/apps/gent/RHEL8/haswell-ib/software/zlib/1.2.11-GCCcore-11.2.0/lib:/apps/gent/RHEL8/haswell-ib/software/GCCcore/11.2.0/lib64 (previous value: '/apps/gent/RHEL8/haswell-ib/software/BamTools/2.5.2-GCC-11.2.0/lib')
== 2022-10-18 11:00:59,249 environment.py:91 INFO Environment variable LD_LIBRARY_PATH set to /apps/gent/RHEL8/haswell-ib/software/SQLite/3.36-GCCcore-11.2.0/lib:/apps/gent/RHEL8/haswell-ib/software/Tcl/8.6.11-GCCcore-11.2.0/lib:/apps/gent/RHEL8/haswell-ib/software/libreadline/8.1-GCCcore-11.2.0/lib:/scratch/gent/vo/001/gvo00117/easybuild/RHEL8/haswell-ib/software/SuiteSparse/5.10.1-foss-2021b-METIS-5.1.0/lib:/apps/gent/RHEL8/haswell-ib/software/MPFR/4.1.0-GCCcore-11.2.0/lib:/apps/gent/RHEL8/haswell-ib/software/GMP/6.2.1-GCCcore-11.2.0/lib:/apps/gent/RHEL8/haswell-ib/software/METIS/5.1.0-GCCcore-11.2.0/lib:/scratch/gent/vo/001/gvo00117/easybuild/RHEL8/haswell-ib/software/lpsolve/5.5.2.11-GCC-11.2.0/lib:/scratch/gent/vo/001/gvo00117/easybuild/RHEL8/haswell-ib/software/HTSlib/1.14-GCC-11.2.0/lib:/apps/gent/RHEL8/haswell-ib/software/GSL/2.7-GCC-11.2.0/lib:/apps/gent/RHEL8/haswell-ib/software/Boost/1.77.0-GCC-11.2.0/lib:/apps/gent/RHEL8/haswell-ib/software/ICU/69.1-GCCcore-11.2.0/lib:/apps/gent/RHEL8/haswell-ib/software/BamTools/2.5.2-GCC-11.2.0/lib:/apps/gent/RHEL8/haswell-ib/software/SAMtools/1.14-GCC-11.2.0/lib:/apps/gent/RHEL8/haswell-ib/software/cURL/7.78.0-GCCcore-11.2.0/lib:/apps/gent/RHEL8/haswell-ib/software/bzip2/1.0.8-GCCcore-11.2.0/lib:/apps/gent/RHEL8/haswell-ib/software/ncurses/6.2-GCCcore-11.2.0/lib:/scratch/gent/vo/001/gvo00117/easybuild/RHEL8/haswell-ib/software/ScaLAPACK/2.1.0-gompi-2021b-fb/lib:/apps/gent/RHEL8/haswell-ib/software/FFTW/3.3.10-gompi-2021b/lib:/apps/gent/RHEL8/haswell-ib/software/FlexiBLAS/3.0.4-GCC-11.2.0/lib:/apps/gent/RHEL8/haswell-ib/software/OpenBLAS/0.3.18-GCC-11.2.0/lib:/apps/gent/RHEL8/haswell-ib/software/OpenMPI/4.1.1-GCC-11.2.0/lib:/apps/gent/RHEL8/haswell-ib/software/PMIx/4.1.0-GCCcore-11.2.0/lib:/apps/gent/RHEL8/haswell-ib/software/libfabric/1.13.2-GCCcore-11.2.0/lib:/apps/gent/RHEL8/haswell-ib/software/UCX/1.11.2-GCCcore-11.2.0/lib:/apps/gent/RHEL8/haswell-ib/software/libevent/2.1.12-GCCcore-11.2.0/lib:/apps/gent/RHEL8/haswell-ib/software/OpenSSL/1.1/lib:/apps/gent/RHEL8/haswell-ib/software/hwloc/2.5.0-GCCcore-11.2.0/lib:/apps/gent/RHEL8/haswell-ib/software/libpciaccess/0.16-GCCcore-11.2.0/lib:/apps/gent/RHEL8/haswell-ib/software/libxml2/2.9.10-GCCcore-11.2.0/lib:/apps/gent/RHEL8/haswell-ib/software/XZ/5.2.5-GCCcore-11.2.0/lib:/apps/gent/RHEL8/haswell-ib/software/numactl/2.0.14-GCCcore-11.2.0/lib:/apps/gent/RHEL8/haswell-ib/software/binutils/2.37-GCCcore-11.2.0/lib:/apps/gent/RHEL8/haswell-ib/software/zlib/1.2.11-GCCcore-11.2.0/lib:/apps/gent/RHEL8/haswell-ib/software/GCCcore/11.2.0/lib64 (previous value: '/apps/gent/RHEL8/haswell-ib/software/SQLite/3.36-GCCcore-11.2.0/lib:/apps/gent/RHEL8/haswell-ib/software/Tcl/8.6.11-GCCcore-11.2.0/lib:/apps/gent/RHEL8/haswell-ib/software/libreadline/8.1-GCCcore-11.2.0/lib:/scratch/gent/vo/001/gvo00117/easybuild/RHEL8/haswell-ib/software/SuiteSparse/5.10.1-foss-2021b-METIS-5.1.0/lib:/apps/gent/RHEL8/haswell-ib/software/MPFR/4.1.0-GCCcore-11.2.0/lib:/apps/gent/RHEL8/haswell-ib/software/GMP/6.2.1-GCCcore-11.2.0/lib:/apps/gent/RHEL8/haswell-ib/software/METIS/5.1.0-GCCcore-11.2.0/lib:/scratch/gent/vo/001/gvo00117/easybuild/RHEL8/haswell-ib/software/lpsolve/5.5.2.11-GCC-11.2.0/lib:/scratch/gent/vo/001/gvo00117/easybuild/RHEL8/haswell-ib/software/HTSlib/1.14-GCC-11.2.0/lib:/apps/gent/RHEL8/haswell-ib/software/GSL/2.7-GCC-11.2.0/lib:/apps/gent/RHEL8/haswell-ib/software/Boost/1.77.0-GCC-11.2.0/lib:/apps/gent/RHEL8/haswell-ib/software/ICU/69.1-GCCcore-11.2.0/lib')
== 2022-10-18 11:01:00,960 environment.py:91 INFO Environment variable LD_LIBRARY_PATH set to /apps/gent/RHEL8/haswell-ib/software/SciPy-bundle/2021.10-foss-2021b/lib/python3.9/site-packages/numpy/core/lib:/apps/gent/RHEL8/haswell-ib/software/Python/3.9.6-GCCcore-11.2.0/lib:/apps/gent/RHEL8/haswell-ib/software/BLAST+/2.12.0-gompi-2021b/lib:/apps/gent/RHEL8/haswell-ib/software/LMDB/0.9.29-GCCcore-11.2.0/lib:/apps/gent/RHEL8/haswell-ib/software/libjpeg-turbo/2.0.6-GCCcore-11.2.0/lib:/apps/gent/RHEL8/haswell-ib/software/libpng/1.6.37-GCCcore-11.2.0/lib:/apps/gent/RHEL8/haswell-ib/software/GLib/2.69.1-GCCcore-11.2.0/lib:/apps/gent/RHEL8/haswell-ib/software/util-linux/2.37-GCCcore-11.2.0/lib:/apps/gent/RHEL8/haswell-ib/software/PCRE/8.45-GCCcore-11.2.0/lib:/apps/gent/RHEL8/haswell-ib/software/gettext/0.21-GCCcore-11.2.0/lib:/apps/gent/RHEL8/haswell-ib/software/libffi/3.4.2-GCCcore-11.2.0/lib64:/scratch/gent/vo/001/gvo00117/easybuild/RHEL8/haswell-ib/software/GeneMark-ET/4.69-GCCcore-11.2.0/lib:/apps/gent/RHEL8/haswell-ib/software/DB/18.1.40-GCCcore-11.2.0/lib:/apps/gent/RHEL8/haswell-ib/software/expat/2.4.1-GCCcore-11.2.0/lib:/apps/gent/RHEL8/haswell-ib/software/SQLite/3.36-GCCcore-11.2.0/lib:/apps/gent/RHEL8/haswell-ib/software/Tcl/8.6.11-GCCcore-11.2.0/lib:/apps/gent/RHEL8/haswell-ib/software/libreadline/8.1-GCCcore-11.2.0/lib:/scratch/gent/vo/001/gvo00117/easybuild/RHEL8/haswell-ib/software/SuiteSparse/5.10.1-foss-2021b-METIS-5.1.0/lib:/apps/gent/RHEL8/haswell-ib/software/MPFR/4.1.0-GCCcore-11.2.0/lib:/apps/gent/RHEL8/haswell-ib/software/GMP/6.2.1-GCCcore-11.2.0/lib:/apps/gent/RHEL8/haswell-ib/software/METIS/5.1.0-GCCcore-11.2.0/lib:/scratch/gent/vo/001/gvo00117/easybuild/RHEL8/haswell-ib/software/lpsolve/5.5.2.11-GCC-11.2.0/lib:/scratch/gent/vo/001/gvo00117/easybuild/RHEL8/haswell-ib/software/HTSlib/1.14-GCC-11.2.0/lib:/apps/gent/RHEL8/haswell-ib/software/GSL/2.7-GCC-11.2.0/lib:/apps/gent/RHEL8/haswell-ib/software/Boost/1.77.0-GCC-11.2.0/lib:/apps/gent/RHEL8/haswell-ib/software/ICU/69.1-GCCcore-11.2.0/lib:/apps/gent/RHEL8/haswell-ib/software/BamTools/2.5.2-GCC-11.2.0/lib:/apps/gent/RHEL8/haswell-ib/software/SAMtools/1.14-GCC-11.2.0/lib:/apps/gent/RHEL8/haswell-ib/software/cURL/7.78.0-GCCcore-11.2.0/lib:/apps/gent/RHEL8/haswell-ib/software/bzip2/1.0.8-GCCcore-11.2.0/lib:/apps/gent/RHEL8/haswell-ib/software/ncurses/6.2-GCCcore-11.2.0/lib:/scratch/gent/vo/001/gvo00117/easybuild/RHEL8/haswell-ib/software/ScaLAPACK/2.1.0-gompi-2021b-fb/lib:/apps/gent/RHEL8/haswell-ib/software/FFTW/3.3.10-gompi-2021b/lib:/apps/gent/RHEL8/haswell-ib/software/FlexiBLAS/3.0.4-GCC-11.2.0/lib:/apps/gent/RHEL8/haswell-ib/software/OpenBLAS/0.3.18-GCC-11.2.0/lib:/apps/gent/RHEL8/haswell-ib/software/OpenMPI/4.1.1-GCC-11.2.0/lib:/apps/gent/RHEL8/haswell-ib/software/PMIx/4.1.0-GCCcore-11.2.0/lib:/apps/gent/RHEL8/haswell-ib/software/libfabric/1.13.2-GCCcore-11.2.0/lib:/apps/gent/RHEL8/haswell-ib/software/UCX/1.11.2-GCCcore-11.2.0/lib:/apps/gent/RHEL8/haswell-ib/software/libevent/2.1.12-GCCcore-11.2.0/lib:/apps/gent/RHEL8/haswell-ib/software/OpenSSL/1.1/lib:/apps/gent/RHEL8/haswell-ib/software/hwloc/2.5.0-GCCcore-11.2.0/lib:/apps/gent/RHEL8/haswell-ib/software/libpciaccess/0.16-GCCcore-11.2.0/lib:/apps/gent/RHEL8/haswell-ib/software/libxml2/2.9.10-GCCcore-11.2.0/lib:/apps/gent/RHEL8/haswell-ib/software/XZ/5.2.5-GCCcore-11.2.0/lib:/apps/gent/RHEL8/haswell-ib/software/numactl/2.0.14-GCCcore-11.2.0/lib:/apps/gent/RHEL8/haswell-ib/software/binutils/2.37-GCCcore-11.2.0/lib:/apps/gent/RHEL8/haswell-ib/software/zlib/1.2.11-GCCcore-11.2.0/lib:/apps/gent/RHEL8/haswell-ib/software/GCCcore/11.2.0/lib64 (previous value: '/apps/gent/RHEL8/haswell-ib/software/SciPy-bundle/2021.10-foss-2021b/lib/python3.9/site-packages/numpy/core/lib:/apps/gent/RHEL8/haswell-ib/software/Python/3.9.6-GCCcore-11.2.0/lib:/apps/gent/RHEL8/haswell-ib/software/BLAST+/2.12.0-gompi-2021b/lib:/apps/gent/RHEL8/haswell-ib/software/LMDB/0.9.29-GCCcore-11.2.0/lib:/apps/gent/RHEL8/haswell-ib/software/libjpeg-turbo/2.0.6-GCCcore-11.2.0/lib:/apps/gent/RHEL8/haswell-ib/software/libpng/1.6.37-GCCcore-11.2.0/lib:/apps/gent/RHEL8/haswell-ib/software/GLib/2.69.1-GCCcore-11.2.0/lib:/apps/gent/RHEL8/haswell-ib/software/util-linux/2.37-GCCcore-11.2.0/lib:/apps/gent/RHEL8/haswell-ib/software/PCRE/8.45-GCCcore-11.2.0/lib:/apps/gent/RHEL8/haswell-ib/software/gettext/0.21-GCCcore-11.2.0/lib:/apps/gent/RHEL8/haswell-ib/software/libffi/3.4.2-GCCcore-11.2.0/lib64:/scratch/gent/vo/001/gvo00117/easybuild/RHEL8/haswell-ib/software/GeneMark-ET/4.69-GCCcore-11.2.0/lib:/apps/gent/RHEL8/haswell-ib/software/DB/18.1.40-GCCcore-11.2.0/lib:/apps/gent/RHEL8/haswell-ib/software/expat/2.4.1-GCCcore-11.2.0/lib')
== 2022-10-18 11:01:01,980 environment.py:91 INFO Environment variable LD_LIBRARY_PATH set to /apps/gent/RHEL8/haswell-ib/software/SciPy-bundle/2021.10-foss-2021b/lib/python3.9/site-packages/numpy/core/lib:/apps/gent/RHEL8/haswell-ib/software/Python/3.9.6-GCCcore-11.2.0/lib:/apps/gent/RHEL8/haswell-ib/software/BLAST+/2.12.0-gompi-2021b/lib:/apps/gent/RHEL8/haswell-ib/software/LMDB/0.9.29-GCCcore-11.2.0/lib:/apps/gent/RHEL8/haswell-ib/software/libjpeg-turbo/2.0.6-GCCcore-11.2.0/lib:/apps/gent/RHEL8/haswell-ib/software/libpng/1.6.37-GCCcore-11.2.0/lib:/apps/gent/RHEL8/haswell-ib/software/GLib/2.69.1-GCCcore-11.2.0/lib:/apps/gent/RHEL8/haswell-ib/software/util-linux/2.37-GCCcore-11.2.0/lib:/apps/gent/RHEL8/haswell-ib/software/PCRE/8.45-GCCcore-11.2.0/lib:/apps/gent/RHEL8/haswell-ib/software/gettext/0.21-GCCcore-11.2.0/lib:/apps/gent/RHEL8/haswell-ib/software/libffi/3.4.2-GCCcore-11.2.0/lib64:/scratch/gent/vo/001/gvo00117/easybuild/RHEL8/haswell-ib/software/GeneMark-ET/4.69-GCCcore-11.2.0/lib:/apps/gent/RHEL8/haswell-ib/software/DB/18.1.40-GCCcore-11.2.0/lib:/apps/gent/RHEL8/haswell-ib/software/expat/2.4.1-GCCcore-11.2.0/lib:/apps/gent/RHEL8/haswell-ib/software/SQLite/3.36-GCCcore-11.2.0/lib:/apps/gent/RHEL8/haswell-ib/software/Tcl/8.6.11-GCCcore-11.2.0/lib:/apps/gent/RHEL8/haswell-ib/software/libreadline/8.1-GCCcore-11.2.0/lib:/scratch/gent/vo/001/gvo00117/easybuild/RHEL8/haswell-ib/software/SuiteSparse/5.10.1-foss-2021b-METIS-5.1.0/lib:/apps/gent/RHEL8/haswell-ib/software/MPFR/4.1.0-GCCcore-11.2.0/lib:/apps/gent/RHEL8/haswell-ib/software/GMP/6.2.1-GCCcore-11.2.0/lib:/apps/gent/RHEL8/haswell-ib/software/METIS/5.1.0-GCCcore-11.2.0/lib:/scratch/gent/vo/001/gvo00117/easybuild/RHEL8/haswell-ib/software/lpsolve/5.5.2.11-GCC-11.2.0/lib:/scratch/gent/vo/001/gvo00117/easybuild/RHEL8/haswell-ib/software/HTSlib/1.14-GCC-11.2.0/lib:/apps/gent/RHEL8/haswell-ib/software/GSL/2.7-GCC-11.2.0/lib:/apps/gent/RHEL8/haswell-ib/software/Boost/1.77.0-GCC-11.2.0/lib:/apps/gent/RHEL8/haswell-ib/software/ICU/69.1-GCCcore-11.2.0/lib:/apps/gent/RHEL8/haswell-ib/software/BamTools/2.5.2-GCC-11.2.0/lib:/apps/gent/RHEL8/haswell-ib/software/SAMtools/1.14-GCC-11.2.0/lib:/apps/gent/RHEL8/haswell-ib/software/cURL/7.78.0-GCCcore-11.2.0/lib:/apps/gent/RHEL8/haswell-ib/software/bzip2/1.0.8-GCCcore-11.2.0/lib:/apps/gent/RHEL8/haswell-ib/software/ncurses/6.2-GCCcore-11.2.0/lib:/scratch/gent/vo/001/gvo00117/easybuild/RHEL8/haswell-ib/software/ScaLAPACK/2.1.0-gompi-2021b-fb/lib:/apps/gent/RHEL8/haswell-ib/software/FFTW/3.3.10-gompi-2021b/lib:/apps/gent/RHEL8/haswell-ib/software/FlexiBLAS/3.0.4-GCC-11.2.0/lib:/apps/gent/RHEL8/haswell-ib/software/OpenBLAS/0.3.18-GCC-11.2.0/lib:/apps/gent/RHEL8/haswell-ib/software/OpenMPI/4.1.1-GCC-11.2.0/lib:/apps/gent/RHEL8/haswell-ib/software/PMIx/4.1.0-GCCcore-11.2.0/lib:/apps/gent/RHEL8/haswell-ib/software/libfabric/1.13.2-GCCcore-11.2.0/lib:/apps/gent/RHEL8/haswell-ib/software/UCX/1.11.2-GCCcore-11.2.0/lib:/apps/gent/RHEL8/haswell-ib/software/libevent/2.1.12-GCCcore-11.2.0/lib:/apps/gent/RHEL8/haswell-ib/software/OpenSSL/1.1/lib:/apps/gent/RHEL8/haswell-ib/software/hwloc/2.5.0-GCCcore-11.2.0/lib:/apps/gent/RHEL8/haswell-ib/software/libpciaccess/0.16-GCCcore-11.2.0/lib:/apps/gent/RHEL8/haswell-ib/software/libxml2/2.9.10-GCCcore-11.2.0/lib:/apps/gent/RHEL8/haswell-ib/software/XZ/5.2.5-GCCcore-11.2.0/lib:/apps/gent/RHEL8/haswell-ib/software/numactl/2.0.14-GCCcore-11.2.0/lib:/apps/gent/RHEL8/haswell-ib/software/binutils/2.37-GCCcore-11.2.0/lib:/apps/gent/RHEL8/haswell-ib/software/zlib/1.2.11-GCCcore-11.2.0/lib:/apps/gent/RHEL8/haswell-ib/software/GCCcore/11.2.0/lib64 (previous value: '/scratch/gent/vo/001/gvo00117/easybuild/RHEL8/haswell-ib/software/GeneMark-ET/4.69-GCCcore-11.2.0/lib')
== 2022-10-18 11:01:05,534 environment.py:91 INFO Environment variable LD_LIBRARY_PATH set to /apps/gent/RHEL8/haswell-ib/software/Java/1.8.0_281/lib:/apps/gent/RHEL8/haswell-ib/software/SciPy-bundle/2021.10-foss-2021b/lib/python3.9/site-packages/numpy/core/lib:/apps/gent/RHEL8/haswell-ib/software/Python/3.9.6-GCCcore-11.2.0/lib:/apps/gent/RHEL8/haswell-ib/software/BLAST+/2.12.0-gompi-2021b/lib:/apps/gent/RHEL8/haswell-ib/software/LMDB/0.9.29-GCCcore-11.2.0/lib:/apps/gent/RHEL8/haswell-ib/software/libjpeg-turbo/2.0.6-GCCcore-11.2.0/lib:/apps/gent/RHEL8/haswell-ib/software/libpng/1.6.37-GCCcore-11.2.0/lib:/apps/gent/RHEL8/haswell-ib/software/GLib/2.69.1-GCCcore-11.2.0/lib:/apps/gent/RHEL8/haswell-ib/software/util-linux/2.37-GCCcore-11.2.0/lib:/apps/gent/RHEL8/haswell-ib/software/PCRE/8.45-GCCcore-11.2.0/lib:/apps/gent/RHEL8/haswell-ib/software/gettext/0.21-GCCcore-11.2.0/lib:/apps/gent/RHEL8/haswell-ib/software/libffi/3.4.2-GCCcore-11.2.0/lib64:/scratch/gent/vo/001/gvo00117/easybuild/RHEL8/haswell-ib/software/GeneMark-ET/4.69-GCCcore-11.2.0/lib:/apps/gent/RHEL8/haswell-ib/software/DB/18.1.40-GCCcore-11.2.0/lib:/apps/gent/RHEL8/haswell-ib/software/expat/2.4.1-GCCcore-11.2.0/lib:/apps/gent/RHEL8/haswell-ib/software/SQLite/3.36-GCCcore-11.2.0/lib:/apps/gent/RHEL8/haswell-ib/software/Tcl/8.6.11-GCCcore-11.2.0/lib:/apps/gent/RHEL8/haswell-ib/software/libreadline/8.1-GCCcore-11.2.0/lib:/scratch/gent/vo/001/gvo00117/easybuild/RHEL8/haswell-ib/software/SuiteSparse/5.10.1-foss-2021b-METIS-5.1.0/lib:/apps/gent/RHEL8/haswell-ib/software/MPFR/4.1.0-GCCcore-11.2.0/lib:/apps/gent/RHEL8/haswell-ib/software/GMP/6.2.1-GCCcore-11.2.0/lib:/apps/gent/RHEL8/haswell-ib/software/METIS/5.1.0-GCCcore-11.2.0/lib:/scratch/gent/vo/001/gvo00117/easybuild/RHEL8/haswell-ib/software/lpsolve/5.5.2.11-GCC-11.2.0/lib:/scratch/gent/vo/001/gvo00117/easybuild/RHEL8/haswell-ib/software/HTSlib/1.14-GCC-11.2.0/lib:/apps/gent/RHEL8/haswell-ib/software/GSL/2.7-GCC-11.2.0/lib:/apps/gent/RHEL8/haswell-ib/software/Boost/1.77.0-GCC-11.2.0/lib:/apps/gent/RHEL8/haswell-ib/software/ICU/69.1-GCCcore-11.2.0/lib:/apps/gent/RHEL8/haswell-ib/software/BamTools/2.5.2-GCC-11.2.0/lib:/apps/gent/RHEL8/haswell-ib/software/SAMtools/1.14-GCC-11.2.0/lib:/apps/gent/RHEL8/haswell-ib/software/cURL/7.78.0-GCCcore-11.2.0/lib:/apps/gent/RHEL8/haswell-ib/software/bzip2/1.0.8-GCCcore-11.2.0/lib:/apps/gent/RHEL8/haswell-ib/software/ncurses/6.2-GCCcore-11.2.0/lib:/scratch/gent/vo/001/gvo00117/easybuild/RHEL8/haswell-ib/software/ScaLAPACK/2.1.0-gompi-2021b-fb/lib:/apps/gent/RHEL8/haswell-ib/software/FFTW/3.3.10-gompi-2021b/lib:/apps/gent/RHEL8/haswell-ib/software/FlexiBLAS/3.0.4-GCC-11.2.0/lib:/apps/gent/RHEL8/haswell-ib/software/OpenBLAS/0.3.18-GCC-11.2.0/lib:/apps/gent/RHEL8/haswell-ib/software/OpenMPI/4.1.1-GCC-11.2.0/lib:/apps/gent/RHEL8/haswell-ib/software/PMIx/4.1.0-GCCcore-11.2.0/lib:/apps/gent/RHEL8/haswell-ib/software/libfabric/1.13.2-GCCcore-11.2.0/lib:/apps/gent/RHEL8/haswell-ib/software/UCX/1.11.2-GCCcore-11.2.0/lib:/apps/gent/RHEL8/haswell-ib/software/libevent/2.1.12-GCCcore-11.2.0/lib:/apps/gent/RHEL8/haswell-ib/software/OpenSSL/1.1/lib:/apps/gent/RHEL8/haswell-ib/software/hwloc/2.5.0-GCCcore-11.2.0/lib:/apps/gent/RHEL8/haswell-ib/software/libpciaccess/0.16-GCCcore-11.2.0/lib:/apps/gent/RHEL8/haswell-ib/software/libxml2/2.9.10-GCCcore-11.2.0/lib:/apps/gent/RHEL8/haswell-ib/software/XZ/5.2.5-GCCcore-11.2.0/lib:/apps/gent/RHEL8/haswell-ib/software/numactl/2.0.14-GCCcore-11.2.0/lib:/apps/gent/RHEL8/haswell-ib/software/binutils/2.37-GCCcore-11.2.0/lib:/apps/gent/RHEL8/haswell-ib/software/zlib/1.2.11-GCCcore-11.2.0/lib:/apps/gent/RHEL8/haswell-ib/software/GCCcore/11.2.0/lib64 (previous value: '/apps/gent/RHEL8/haswell-ib/software/Java/1.8.0_281/lib')
== 2022-10-18 11:01:10,023 build_log.py:169 ERROR EasyBuild crashed with an error (at easybuild/easybuild-framework/easybuild/base/exceptions.py:124 in __init__): Module command '/usr/share/lmod/lmod/libexec/lmod python load RegTools/0.5.2-foss-2021b' failed with exit code 1; stderr: Lmod has detected the following error: A different version of the 'Java' module is already loaded (see output of 'ml').
You should load another 'R' module for that is compatible with the currently loaded version of 'Java'.
Use 'ml spider R' to get an overview of the available versions.


If you don't understand the warning or error, contact the helpdesk at hpc@ugent.be 
While processing the following module(s):
    Module fullname            Module Filename
    ---------------            ---------------
    R/4.1.2-foss-2021b         /apps/gent/RHEL8/haswell-ib/modules/all/R/4.1.2-foss-2021b.lua
    RegTools/0.5.2-foss-2021b  /scratch/gent/vo/001/gvo00117/easybuild/RHEL8/haswell-ib/modules/all/RegTools/0.5.2-foss-2021b.lua

; stdout: _mlstatus = False
 (at easybuild/easybuild-framework/easybuild/tools/modules.py:839 in run_module)
== 2022-10-18 11:01:10,024 build_log.py:265 INFO ... (took 17 secs)
== 2022-10-18 11:01:10,031 filetools.py:2014 INFO Removing lock /scratch/gent/vo/001/gvo00117/easybuild/RHEL8/haswell-ib/software/.locks/_scratch_gent_vo_001_gvo00117_easybuild_RHEL8_haswell-ib_software_finder_1.1.0-foss-2021b.lock...
== 2022-10-18 11:01:10,036 filetools.py:382 INFO Path /scratch/gent/vo/001/gvo00117/easybuild/RHEL8/haswell-ib/software/.locks/_scratch_gent_vo_001_gvo00117_easybuild_RHEL8_haswell-ib_software_finder_1.1.0-foss-2021b.lock successfully removed.
== 2022-10-18 11:01:10,036 filetools.py:2018 INFO Lock removed: /scratch/gent/vo/001/gvo00117/easybuild/RHEL8/haswell-ib/software/.locks/_scratch_gent_vo_001_gvo00117_easybuild_RHEL8_haswell-ib_software_finder_1.1.0-foss-2021b.lock
== 2022-10-18 11:01:10,036 easyblock.py:4090 WARNING build failed (first 300 chars): Module command '/usr/share/lmod/lmod/libexec/lmod python load RegTools/0.5.2-foss-2021b' failed with exit code 1; stderr: Lmod has detected the following error: A different version of the 'Java' module is already loaded (see output of 'ml').
You should load another 'R' module for that is compatible 
== 2022-10-18 11:01:10,038 easyblock.py:319 INFO Closing log for application name finder version 1.1.0
