finder  --metadatafile $PWD/Arabidopsis_thaliana_metadata.csv  --output_directory FINDER_test_ARATH  --genome $PWD/Arabidopsis_thaliana.TAIR10.dna_sm.toplevel.fa  --organism_model PLANTS  --cpu 2  --verbose 1  --protein uniprot_ARATH.fasta  --no_cleanup  --preserve_raw_input_data --checkpoint 0  --genemark_path /scratch/gent/vo/001/gvo00117/easybuild/RHEL8/haswell-ib/software/GeneMark-ET/4.69-GCCcore-11.2.0  --genemark_license /scratch/gent/vo/001/gvo00117/easybuild/RHEL8/haswell-ib/software/GeneMark-ET/4.69-GCCcore-11.2.0
cp: -r not specified; omitting directory '/scratch/gent/vo/001/gvo00117/easybuild/RHEL8/haswell-ib/software/GeneMark-ET/4.69-GCCcore-11.2.0'
done
{'flower': {'SRR5197913': {'bioproject': 'PRJNA363056', 'condition': 'flower', 'Date': '3/15/17', 'Ended': 'PE', 'desc': 'cDNA;Illumina HiSeq 3000', 'read_length': '202', 'error_corrected': 0, 'location_directory': '/kyukon/scratch/gent/vo/001/gvo00117/easybuild/RHEL8/haswell-ib/software/finder/1.1.0-foss-2021b/example/FINDER_test_ARATH/raw_data_downloaded_from_NCBI', 'downloaded_from_NCBI': 1}, 'SRR5197914': {'bioproject': 'PRJNA363056', 'condition': 'flower', 'Date': '3/15/17', 'Ended': 'PE', 'desc': 'cDNA;Illumina HiSeq 3000', 'read_length': '252', 'error_corrected': 0, 'location_directory': '/kyukon/scratch/gent/vo/001/gvo00117/easybuild/RHEL8/haswell-ib/software/finder/1.1.0-foss-2021b/example/FINDER_test_ARATH/raw_data_downloaded_from_NCBI', 'downloaded_from_NCBI': 1}, 'SRR5197915': {'bioproject': 'PRJNA363056', 'condition': 'flower', 'Date': '3/15/17', 'Ended': 'PE', 'desc': 'cDNA;Illumina HiSeq 3000', 'read_length': '252', 'error_corrected': 0, 'location_directory': '/kyukon/scratch/gent/vo/001/gvo00117/easybuild/RHEL8/haswell-ib/software/finder/1.1.0-foss-2021b/example/FINDER_test_ARATH/raw_data_downloaded_from_NCBI', 'downloaded_from_NCBI': 1}}, 'leaf': {'SRR9844295': {'bioproject': 'PRJNA556865', 'condition': 'leaf', 'Date': '1/8/20', 'Ended': 'PE', 'desc': 'cDNA;Illumina HiSeq 2000', 'read_length': '300', 'error_corrected': 0, 'location_directory': '/kyukon/scratch/gent/vo/001/gvo00117/easybuild/RHEL8/haswell-ib/software/finder/1.1.0-foss-2021b/example/FINDER_test_ARATH/raw_data_downloaded_from_NCBI', 'downloaded_from_NCBI': 1}, 'SRR9844296': {'bioproject': 'PRJNA556865', 'condition': 'leaf', 'Date': '1/8/20', 'Ended': 'PE', 'desc': 'cDNA;Illumina HiSeq 2000', 'read_length': '300', 'error_corrected': 0, 'location_directory': '/kyukon/scratch/gent/vo/001/gvo00117/easybuild/RHEL8/haswell-ib/software/finder/1.1.0-foss-2021b/example/FINDER_test_ARATH/raw_data_downloaded_from_NCBI', 'downloaded_from_NCBI': 1}, 'SRR9844300': {'bioproject': 'PRJNA556865', 'condition': 'leaf', 'Date': '1/8/20', 'Ended': 'PE', 'desc': 'cDNA;Illumina HiSeq 2000', 'read_length': '300', 'error_corrected': 0, 'location_directory': '/kyukon/scratch/gent/vo/001/gvo00117/easybuild/RHEL8/haswell-ib/software/finder/1.1.0-foss-2021b/example/FINDER_test_ARATH/raw_data_downloaded_from_NCBI', 'downloaded_from_NCBI': 1}, 'dummy_data1': {'bioproject': 'Dummy1', 'condition': 'leaf', 'Date': '1/23/19', 'Ended': 'SE', 'desc': 'PCR;Illumina HiSeq 2000', 'read_length': '140', 'error_corrected': 0, 'location_directory': '/home/ubuntu/Finder/example/raw_data/', 'downloaded_from_NCBI': 0}, 'dummy_data2': {'bioproject': 'Dummy2', 'condition': 'leaf', 'Date': '1/23/19', 'Ended': 'SE', 'desc': 'PCR;Illumina HiSeq 2000', 'read_length': '140', 'error_corrected': 0, 'location_directory': '/home/ubuntu/Finder/example/raw_data/', 'downloaded_from_NCBI': 0}}, 'cold': {'SRR8422200': {'bioproject': 'PRJNA513852', 'condition': 'cold', 'Date': '1/23/19', 'Ended': 'PE', 'desc': 'PCR;Illumina HiSeq 2000', 'read_length': '140', 'error_corrected': 0, 'location_directory': '/kyukon/scratch/gent/vo/001/gvo00117/easybuild/RHEL8/haswell-ib/software/finder/1.1.0-foss-2021b/example/FINDER_test_ARATH/raw_data_downloaded_from_NCBI', 'downloaded_from_NCBI': 1}, 'SRR8422201': {'bioproject': 'PRJNA513852', 'condition': 'cold', 'Date': '1/23/19', 'Ended': 'PE', 'desc': 'PCR;Illumina HiSeq 2000', 'read_length': '140', 'error_corrected': 0, 'location_directory': '/kyukon/scratch/gent/vo/001/gvo00117/easybuild/RHEL8/haswell-ib/software/finder/1.1.0-foss-2021b/example/FINDER_test_ARATH/raw_data_downloaded_from_NCBI', 'downloaded_from_NCBI': 1}, 'SRR8422202': {'bioproject': 'PRJNA513852', 'condition': 'cold', 'Date': '1/23/19', 'Ended': 'PE', 'desc': 'PCR;Illumina HiSeq 2000', 'read_length': '140', 'error_corrected': 0, 'location_directory': '/kyukon/scratch/gent/vo/001/gvo00117/easybuild/RHEL8/haswell-ib/software/finder/1.1.0-foss-2021b/example/FINDER_test_ARATH/raw_data_downloaded_from_NCBI', 'downloaded_from_NCBI': 1}}}
cat: /kyukon/scratch/gent/vo/001/gvo00117/easybuild/RHEL8/haswell-ib/software/finder/1.1.0-foss-2021b/example/FINDER_test_ARATH/alignments/SRR5197913_round1_SJ.out.tab: No such file or directory
cat: /kyukon/scratch/gent/vo/001/gvo00117/easybuild/RHEL8/haswell-ib/software/finder/1.1.0-foss-2021b/example/FINDER_test_ARATH/alignments/SRR5197914_round1_SJ.out.tab: No such file or directory
cat: /kyukon/scratch/gent/vo/001/gvo00117/easybuild/RHEL8/haswell-ib/software/finder/1.1.0-foss-2021b/example/FINDER_test_ARATH/alignments/SRR5197915_round1_SJ.out.tab: No such file or directory
cat: /kyukon/scratch/gent/vo/001/gvo00117/easybuild/RHEL8/haswell-ib/software/finder/1.1.0-foss-2021b/example/FINDER_test_ARATH/alignments/SRR5197913_round2_SJ.out.tab: No such file or directory
cat: /kyukon/scratch/gent/vo/001/gvo00117/easybuild/RHEL8/haswell-ib/software/finder/1.1.0-foss-2021b/example/FINDER_test_ARATH/alignments/SRR5197914_round2_SJ.out.tab: No such file or directory
cat: /kyukon/scratch/gent/vo/001/gvo00117/easybuild/RHEL8/haswell-ib/software/finder/1.1.0-foss-2021b/example/FINDER_test_ARATH/alignments/SRR5197915_round2_SJ.out.tab: No such file or directory
mv: cannot stat '/kyukon/scratch/gent/vo/001/gvo00117/easybuild/RHEL8/haswell-ib/software/finder/1.1.0-foss-2021b/example/FINDER_test_ARATH/alignments/SRR5197913_final_Unmapped.out.mate1': No such file or directory
mv: cannot stat '/kyukon/scratch/gent/vo/001/gvo00117/easybuild/RHEL8/haswell-ib/software/finder/1.1.0-foss-2021b/example/FINDER_test_ARATH/alignments/SRR5197913_final_Unmapped.out.mate2': No such file or directory
mv: cannot stat '/kyukon/scratch/gent/vo/001/gvo00117/easybuild/RHEL8/haswell-ib/software/finder/1.1.0-foss-2021b/example/FINDER_test_ARATH/alignments/SRR5197913_final_Log.final.out': No such file or directory
mv: cannot stat '/kyukon/scratch/gent/vo/001/gvo00117/easybuild/RHEL8/haswell-ib/software/finder/1.1.0-foss-2021b/example/FINDER_test_ARATH/alignments/SRR5197914_final_Unmapped.out.mate1': No such file or directory
mv: cannot stat '/kyukon/scratch/gent/vo/001/gvo00117/easybuild/RHEL8/haswell-ib/software/finder/1.1.0-foss-2021b/example/FINDER_test_ARATH/alignments/SRR5197914_final_Unmapped.out.mate2': No such file or directory
mv: cannot stat '/kyukon/scratch/gent/vo/001/gvo00117/easybuild/RHEL8/haswell-ib/software/finder/1.1.0-foss-2021b/example/FINDER_test_ARATH/alignments/SRR5197914_final_Log.final.out': No such file or directory
mv: cannot stat '/kyukon/scratch/gent/vo/001/gvo00117/easybuild/RHEL8/haswell-ib/software/finder/1.1.0-foss-2021b/example/FINDER_test_ARATH/alignments/SRR5197915_final_Unmapped.out.mate1': No such file or directory
mv: cannot stat '/kyukon/scratch/gent/vo/001/gvo00117/easybuild/RHEL8/haswell-ib/software/finder/1.1.0-foss-2021b/example/FINDER_test_ARATH/alignments/SRR5197915_final_Unmapped.out.mate2': No such file or directory
mv: cannot stat '/kyukon/scratch/gent/vo/001/gvo00117/easybuild/RHEL8/haswell-ib/software/finder/1.1.0-foss-2021b/example/FINDER_test_ARATH/alignments/SRR5197915_final_Log.final.out': No such file or directory
cat: /kyukon/scratch/gent/vo/001/gvo00117/easybuild/RHEL8/haswell-ib/software/finder/1.1.0-foss-2021b/example/FINDER_test_ARATH/alignments/SRR5197913_round3_SJ.out.tab: No such file or directory
cat: /kyukon/scratch/gent/vo/001/gvo00117/easybuild/RHEL8/haswell-ib/software/finder/1.1.0-foss-2021b/example/FINDER_test_ARATH/alignments/SRR5197914_round3_SJ.out.tab: No such file or directory
cat: /kyukon/scratch/gent/vo/001/gvo00117/easybuild/RHEL8/haswell-ib/software/finder/1.1.0-foss-2021b/example/FINDER_test_ARATH/alignments/SRR5197915_round3_SJ.out.tab: No such file or directory
samtools index: "/kyukon/scratch/gent/vo/001/gvo00117/easybuild/RHEL8/haswell-ib/software/finder/1.1.0-foss-2021b/example/FINDER_test_ARATH/alignments/SRR5197913_final.sortedByCoord.out.bam" is in a format that cannot be usefully indexed
samtools index: "/kyukon/scratch/gent/vo/001/gvo00117/easybuild/RHEL8/haswell-ib/software/finder/1.1.0-foss-2021b/example/FINDER_test_ARATH/alignments/SRR5197913_final.sortedByCoord.out.bam" is in a format that cannot be usefully indexed
samtools index: "/kyukon/scratch/gent/vo/001/gvo00117/easybuild/RHEL8/haswell-ib/software/finder/1.1.0-foss-2021b/example/FINDER_test_ARATH/alignments/SRR5197914_final.sortedByCoord.out.bam" is in a format that cannot be usefully indexed
samtools index: "/kyukon/scratch/gent/vo/001/gvo00117/easybuild/RHEL8/haswell-ib/software/finder/1.1.0-foss-2021b/example/FINDER_test_ARATH/alignments/SRR5197914_final.sortedByCoord.out.bam" is in a format that cannot be usefully indexed
samtools index: "/kyukon/scratch/gent/vo/001/gvo00117/easybuild/RHEL8/haswell-ib/software/finder/1.1.0-foss-2021b/example/FINDER_test_ARATH/alignments/SRR5197915_final.sortedByCoord.out.bam" is in a format that cannot be usefully indexed
samtools index: "/kyukon/scratch/gent/vo/001/gvo00117/easybuild/RHEL8/haswell-ib/software/finder/1.1.0-foss-2021b/example/FINDER_test_ARATH/alignments/SRR5197915_final.sortedByCoord.out.bam" is in a format that cannot be usefully indexed
{'flower': {'SRR5197913': {'bioproject': 'PRJNA363056', 'condition': 'flower', 'Date': '3/15/17', 'Ended': 'PE', 'desc': 'cDNA;Illumina HiSeq 3000', 'read_length': '202', 'error_corrected': 0, 'location_directory': '/kyukon/scratch/gent/vo/001/gvo00117/easybuild/RHEL8/haswell-ib/software/finder/1.1.0-foss-2021b/example/FINDER_test_ARATH/raw_data_downloaded_from_NCBI', 'downloaded_from_NCBI': 1}, 'SRR5197914': {'bioproject': 'PRJNA363056', 'condition': 'flower', 'Date': '3/15/17', 'Ended': 'PE', 'desc': 'cDNA;Illumina HiSeq 3000', 'read_length': '252', 'error_corrected': 0, 'location_directory': '/kyukon/scratch/gent/vo/001/gvo00117/easybuild/RHEL8/haswell-ib/software/finder/1.1.0-foss-2021b/example/FINDER_test_ARATH/raw_data_downloaded_from_NCBI', 'downloaded_from_NCBI': 1}, 'SRR5197915': {'bioproject': 'PRJNA363056', 'condition': 'flower', 'Date': '3/15/17', 'Ended': 'PE', 'desc': 'cDNA;Illumina HiSeq 3000', 'read_length': '252', 'error_corrected': 0, 'location_directory': '/kyukon/scratch/gent/vo/001/gvo00117/easybuild/RHEL8/haswell-ib/software/finder/1.1.0-foss-2021b/example/FINDER_test_ARATH/raw_data_downloaded_from_NCBI', 'downloaded_from_NCBI': 1}}, 'leaf': {'SRR9844295': {'bioproject': 'PRJNA556865', 'condition': 'leaf', 'Date': '1/8/20', 'Ended': 'PE', 'desc': 'cDNA;Illumina HiSeq 2000', 'read_length': '300', 'error_corrected': 0, 'location_directory': '/kyukon/scratch/gent/vo/001/gvo00117/easybuild/RHEL8/haswell-ib/software/finder/1.1.0-foss-2021b/example/FINDER_test_ARATH/raw_data_downloaded_from_NCBI', 'downloaded_from_NCBI': 1}, 'SRR9844296': {'bioproject': 'PRJNA556865', 'condition': 'leaf', 'Date': '1/8/20', 'Ended': 'PE', 'desc': 'cDNA;Illumina HiSeq 2000', 'read_length': '300', 'error_corrected': 0, 'location_directory': '/kyukon/scratch/gent/vo/001/gvo00117/easybuild/RHEL8/haswell-ib/software/finder/1.1.0-foss-2021b/example/FINDER_test_ARATH/raw_data_downloaded_from_NCBI', 'downloaded_from_NCBI': 1}, 'SRR9844300': {'bioproject': 'PRJNA556865', 'condition': 'leaf', 'Date': '1/8/20', 'Ended': 'PE', 'desc': 'cDNA;Illumina HiSeq 2000', 'read_length': '300', 'error_corrected': 0, 'location_directory': '/kyukon/scratch/gent/vo/001/gvo00117/easybuild/RHEL8/haswell-ib/software/finder/1.1.0-foss-2021b/example/FINDER_test_ARATH/raw_data_downloaded_from_NCBI', 'downloaded_from_NCBI': 1}, 'dummy_data1': {'bioproject': 'Dummy1', 'condition': 'leaf', 'Date': '1/23/19', 'Ended': 'SE', 'desc': 'PCR;Illumina HiSeq 2000', 'read_length': '140', 'error_corrected': 0, 'location_directory': '/home/ubuntu/Finder/example/raw_data/', 'downloaded_from_NCBI': 0}, 'dummy_data2': {'bioproject': 'Dummy2', 'condition': 'leaf', 'Date': '1/23/19', 'Ended': 'SE', 'desc': 'PCR;Illumina HiSeq 2000', 'read_length': '140', 'error_corrected': 0, 'location_directory': '/home/ubuntu/Finder/example/raw_data/', 'downloaded_from_NCBI': 0}}, 'cold': {'SRR8422200': {'bioproject': 'PRJNA513852', 'condition': 'cold', 'Date': '1/23/19', 'Ended': 'PE', 'desc': 'PCR;Illumina HiSeq 2000', 'read_length': '140', 'error_corrected': 0, 'location_directory': '/kyukon/scratch/gent/vo/001/gvo00117/easybuild/RHEL8/haswell-ib/software/finder/1.1.0-foss-2021b/example/FINDER_test_ARATH/raw_data_downloaded_from_NCBI', 'downloaded_from_NCBI': 1}, 'SRR8422201': {'bioproject': 'PRJNA513852', 'condition': 'cold', 'Date': '1/23/19', 'Ended': 'PE', 'desc': 'PCR;Illumina HiSeq 2000', 'read_length': '140', 'error_corrected': 0, 'location_directory': '/kyukon/scratch/gent/vo/001/gvo00117/easybuild/RHEL8/haswell-ib/software/finder/1.1.0-foss-2021b/example/FINDER_test_ARATH/raw_data_downloaded_from_NCBI', 'downloaded_from_NCBI': 1}, 'SRR8422202': {'bioproject': 'PRJNA513852', 'condition': 'cold', 'Date': '1/23/19', 'Ended': 'PE', 'desc': 'PCR;Illumina HiSeq 2000', 'read_length': '140', 'error_corrected': 0, 'location_directory': '/kyukon/scratch/gent/vo/001/gvo00117/easybuild/RHEL8/haswell-ib/software/finder/1.1.0-foss-2021b/example/FINDER_test_ARATH/raw_data_downloaded_from_NCBI', 'downloaded_from_NCBI': 1}}}
cat: /kyukon/scratch/gent/vo/001/gvo00117/easybuild/RHEL8/haswell-ib/software/finder/1.1.0-foss-2021b/example/FINDER_test_ARATH/alignments/SRR9844295_round1_SJ.out.tab: No such file or directory
cat: /kyukon/scratch/gent/vo/001/gvo00117/easybuild/RHEL8/haswell-ib/software/finder/1.1.0-foss-2021b/example/FINDER_test_ARATH/alignments/SRR9844296_round1_SJ.out.tab: No such file or directory
cat: /kyukon/scratch/gent/vo/001/gvo00117/easybuild/RHEL8/haswell-ib/software/finder/1.1.0-foss-2021b/example/FINDER_test_ARATH/alignments/SRR9844300_round1_SJ.out.tab: No such file or directory
cat: /kyukon/scratch/gent/vo/001/gvo00117/easybuild/RHEL8/haswell-ib/software/finder/1.1.0-foss-2021b/example/FINDER_test_ARATH/alignments/dummy_data1_round1_SJ.out.tab: No such file or directory
cat: /kyukon/scratch/gent/vo/001/gvo00117/easybuild/RHEL8/haswell-ib/software/finder/1.1.0-foss-2021b/example/FINDER_test_ARATH/alignments/dummy_data2_round1_SJ.out.tab: No such file or directory
cat: /kyukon/scratch/gent/vo/001/gvo00117/easybuild/RHEL8/haswell-ib/software/finder/1.1.0-foss-2021b/example/FINDER_test_ARATH/alignments/SRR9844295_round2_SJ.out.tab: No such file or directory
cat: /kyukon/scratch/gent/vo/001/gvo00117/easybuild/RHEL8/haswell-ib/software/finder/1.1.0-foss-2021b/example/FINDER_test_ARATH/alignments/SRR9844296_round2_SJ.out.tab: No such file or directory
cat: /kyukon/scratch/gent/vo/001/gvo00117/easybuild/RHEL8/haswell-ib/software/finder/1.1.0-foss-2021b/example/FINDER_test_ARATH/alignments/SRR9844300_round2_SJ.out.tab: No such file or directory
cat: /kyukon/scratch/gent/vo/001/gvo00117/easybuild/RHEL8/haswell-ib/software/finder/1.1.0-foss-2021b/example/FINDER_test_ARATH/alignments/dummy_data1_round2_SJ.out.tab: No such file or directory
cat: /kyukon/scratch/gent/vo/001/gvo00117/easybuild/RHEL8/haswell-ib/software/finder/1.1.0-foss-2021b/example/FINDER_test_ARATH/alignments/dummy_data2_round2_SJ.out.tab: No such file or directory
mv: cannot stat '/kyukon/scratch/gent/vo/001/gvo00117/easybuild/RHEL8/haswell-ib/software/finder/1.1.0-foss-2021b/example/FINDER_test_ARATH/alignments/SRR9844295_final_Unmapped.out.mate1': No such file or directory
mv: cannot stat '/kyukon/scratch/gent/vo/001/gvo00117/easybuild/RHEL8/haswell-ib/software/finder/1.1.0-foss-2021b/example/FINDER_test_ARATH/alignments/SRR9844295_final_Unmapped.out.mate2': No such file or directory
mv: cannot stat '/kyukon/scratch/gent/vo/001/gvo00117/easybuild/RHEL8/haswell-ib/software/finder/1.1.0-foss-2021b/example/FINDER_test_ARATH/alignments/SRR9844295_final_Log.final.out': No such file or directory
mv: cannot stat '/kyukon/scratch/gent/vo/001/gvo00117/easybuild/RHEL8/haswell-ib/software/finder/1.1.0-foss-2021b/example/FINDER_test_ARATH/alignments/SRR9844296_final_Unmapped.out.mate1': No such file or directory
mv: cannot stat '/kyukon/scratch/gent/vo/001/gvo00117/easybuild/RHEL8/haswell-ib/software/finder/1.1.0-foss-2021b/example/FINDER_test_ARATH/alignments/SRR9844296_final_Unmapped.out.mate2': No such file or directory
mv: cannot stat '/kyukon/scratch/gent/vo/001/gvo00117/easybuild/RHEL8/haswell-ib/software/finder/1.1.0-foss-2021b/example/FINDER_test_ARATH/alignments/SRR9844296_final_Log.final.out': No such file or directory
mv: cannot stat '/kyukon/scratch/gent/vo/001/gvo00117/easybuild/RHEL8/haswell-ib/software/finder/1.1.0-foss-2021b/example/FINDER_test_ARATH/alignments/SRR9844300_final_Unmapped.out.mate1': No such file or directory
mv: cannot stat '/kyukon/scratch/gent/vo/001/gvo00117/easybuild/RHEL8/haswell-ib/software/finder/1.1.0-foss-2021b/example/FINDER_test_ARATH/alignments/SRR9844300_final_Unmapped.out.mate2': No such file or directory
mv: cannot stat '/kyukon/scratch/gent/vo/001/gvo00117/easybuild/RHEL8/haswell-ib/software/finder/1.1.0-foss-2021b/example/FINDER_test_ARATH/alignments/SRR9844300_final_Log.final.out': No such file or directory
mv: cannot stat '/kyukon/scratch/gent/vo/001/gvo00117/easybuild/RHEL8/haswell-ib/software/finder/1.1.0-foss-2021b/example/FINDER_test_ARATH/alignments/dummy_data1_final_Unmapped.out.mate1': No such file or directory
mv: cannot stat '/kyukon/scratch/gent/vo/001/gvo00117/easybuild/RHEL8/haswell-ib/software/finder/1.1.0-foss-2021b/example/FINDER_test_ARATH/alignments/dummy_data1_final_Log.final.out': No such file or directory
mv: cannot stat '/kyukon/scratch/gent/vo/001/gvo00117/easybuild/RHEL8/haswell-ib/software/finder/1.1.0-foss-2021b/example/FINDER_test_ARATH/alignments/dummy_data2_final_Unmapped.out.mate1': No such file or directory
mv: cannot stat '/kyukon/scratch/gent/vo/001/gvo00117/easybuild/RHEL8/haswell-ib/software/finder/1.1.0-foss-2021b/example/FINDER_test_ARATH/alignments/dummy_data2_final_Log.final.out': No such file or directory
cat: /kyukon/scratch/gent/vo/001/gvo00117/easybuild/RHEL8/haswell-ib/software/finder/1.1.0-foss-2021b/example/FINDER_test_ARATH/alignments/SRR9844295_round3_SJ.out.tab: No such file or directory
cat: /kyukon/scratch/gent/vo/001/gvo00117/easybuild/RHEL8/haswell-ib/software/finder/1.1.0-foss-2021b/example/FINDER_test_ARATH/alignments/SRR9844296_round3_SJ.out.tab: No such file or directory
cat: /kyukon/scratch/gent/vo/001/gvo00117/easybuild/RHEL8/haswell-ib/software/finder/1.1.0-foss-2021b/example/FINDER_test_ARATH/alignments/SRR9844300_round3_SJ.out.tab: No such file or directory
cat: /kyukon/scratch/gent/vo/001/gvo00117/easybuild/RHEL8/haswell-ib/software/finder/1.1.0-foss-2021b/example/FINDER_test_ARATH/alignments/dummy_data1_round3_SJ.out.tab: No such file or directory
cat: /kyukon/scratch/gent/vo/001/gvo00117/easybuild/RHEL8/haswell-ib/software/finder/1.1.0-foss-2021b/example/FINDER_test_ARATH/alignments/dummy_data2_round3_SJ.out.tab: No such file or directory
samtools index: "/kyukon/scratch/gent/vo/001/gvo00117/easybuild/RHEL8/haswell-ib/software/finder/1.1.0-foss-2021b/example/FINDER_test_ARATH/alignments/SRR9844295_final.sortedByCoord.out.bam" is in a format that cannot be usefully indexed
samtools index: "/kyukon/scratch/gent/vo/001/gvo00117/easybuild/RHEL8/haswell-ib/software/finder/1.1.0-foss-2021b/example/FINDER_test_ARATH/alignments/SRR9844295_final.sortedByCoord.out.bam" is in a format that cannot be usefully indexed
samtools index: "/kyukon/scratch/gent/vo/001/gvo00117/easybuild/RHEL8/haswell-ib/software/finder/1.1.0-foss-2021b/example/FINDER_test_ARATH/alignments/SRR9844296_final.sortedByCoord.out.bam" is in a format that cannot be usefully indexed
samtools index: "/kyukon/scratch/gent/vo/001/gvo00117/easybuild/RHEL8/haswell-ib/software/finder/1.1.0-foss-2021b/example/FINDER_test_ARATH/alignments/SRR9844296_final.sortedByCoord.out.bam" is in a format that cannot be usefully indexed
samtools index: "/kyukon/scratch/gent/vo/001/gvo00117/easybuild/RHEL8/haswell-ib/software/finder/1.1.0-foss-2021b/example/FINDER_test_ARATH/alignments/SRR9844300_final.sortedByCoord.out.bam" is in a format that cannot be usefully indexed
samtools index: "/kyukon/scratch/gent/vo/001/gvo00117/easybuild/RHEL8/haswell-ib/software/finder/1.1.0-foss-2021b/example/FINDER_test_ARATH/alignments/SRR9844300_final.sortedByCoord.out.bam" is in a format that cannot be usefully indexed
samtools index: "/kyukon/scratch/gent/vo/001/gvo00117/easybuild/RHEL8/haswell-ib/software/finder/1.1.0-foss-2021b/example/FINDER_test_ARATH/alignments/dummy_data1_final.sortedByCoord.out.bam" is in a format that cannot be usefully indexed
samtools index: "/kyukon/scratch/gent/vo/001/gvo00117/easybuild/RHEL8/haswell-ib/software/finder/1.1.0-foss-2021b/example/FINDER_test_ARATH/alignments/dummy_data1_final.sortedByCoord.out.bam" is in a format that cannot be usefully indexed
samtools index: "/kyukon/scratch/gent/vo/001/gvo00117/easybuild/RHEL8/haswell-ib/software/finder/1.1.0-foss-2021b/example/FINDER_test_ARATH/alignments/dummy_data2_final.sortedByCoord.out.bam" is in a format that cannot be usefully indexed
samtools index: "/kyukon/scratch/gent/vo/001/gvo00117/easybuild/RHEL8/haswell-ib/software/finder/1.1.0-foss-2021b/example/FINDER_test_ARATH/alignments/dummy_data2_final.sortedByCoord.out.bam" is in a format that cannot be usefully indexed
{'flower': {'SRR5197913': {'bioproject': 'PRJNA363056', 'condition': 'flower', 'Date': '3/15/17', 'Ended': 'PE', 'desc': 'cDNA;Illumina HiSeq 3000', 'read_length': '202', 'error_corrected': 0, 'location_directory': '/kyukon/scratch/gent/vo/001/gvo00117/easybuild/RHEL8/haswell-ib/software/finder/1.1.0-foss-2021b/example/FINDER_test_ARATH/raw_data_downloaded_from_NCBI', 'downloaded_from_NCBI': 1}, 'SRR5197914': {'bioproject': 'PRJNA363056', 'condition': 'flower', 'Date': '3/15/17', 'Ended': 'PE', 'desc': 'cDNA;Illumina HiSeq 3000', 'read_length': '252', 'error_corrected': 0, 'location_directory': '/kyukon/scratch/gent/vo/001/gvo00117/easybuild/RHEL8/haswell-ib/software/finder/1.1.0-foss-2021b/example/FINDER_test_ARATH/raw_data_downloaded_from_NCBI', 'downloaded_from_NCBI': 1}, 'SRR5197915': {'bioproject': 'PRJNA363056', 'condition': 'flower', 'Date': '3/15/17', 'Ended': 'PE', 'desc': 'cDNA;Illumina HiSeq 3000', 'read_length': '252', 'error_corrected': 0, 'location_directory': '/kyukon/scratch/gent/vo/001/gvo00117/easybuild/RHEL8/haswell-ib/software/finder/1.1.0-foss-2021b/example/FINDER_test_ARATH/raw_data_downloaded_from_NCBI', 'downloaded_from_NCBI': 1}}, 'leaf': {'SRR9844295': {'bioproject': 'PRJNA556865', 'condition': 'leaf', 'Date': '1/8/20', 'Ended': 'PE', 'desc': 'cDNA;Illumina HiSeq 2000', 'read_length': '300', 'error_corrected': 0, 'location_directory': '/kyukon/scratch/gent/vo/001/gvo00117/easybuild/RHEL8/haswell-ib/software/finder/1.1.0-foss-2021b/example/FINDER_test_ARATH/raw_data_downloaded_from_NCBI', 'downloaded_from_NCBI': 1}, 'SRR9844296': {'bioproject': 'PRJNA556865', 'condition': 'leaf', 'Date': '1/8/20', 'Ended': 'PE', 'desc': 'cDNA;Illumina HiSeq 2000', 'read_length': '300', 'error_corrected': 0, 'location_directory': '/kyukon/scratch/gent/vo/001/gvo00117/easybuild/RHEL8/haswell-ib/software/finder/1.1.0-foss-2021b/example/FINDER_test_ARATH/raw_data_downloaded_from_NCBI', 'downloaded_from_NCBI': 1}, 'SRR9844300': {'bioproject': 'PRJNA556865', 'condition': 'leaf', 'Date': '1/8/20', 'Ended': 'PE', 'desc': 'cDNA;Illumina HiSeq 2000', 'read_length': '300', 'error_corrected': 0, 'location_directory': '/kyukon/scratch/gent/vo/001/gvo00117/easybuild/RHEL8/haswell-ib/software/finder/1.1.0-foss-2021b/example/FINDER_test_ARATH/raw_data_downloaded_from_NCBI', 'downloaded_from_NCBI': 1}, 'dummy_data1': {'bioproject': 'Dummy1', 'condition': 'leaf', 'Date': '1/23/19', 'Ended': 'SE', 'desc': 'PCR;Illumina HiSeq 2000', 'read_length': '140', 'error_corrected': 0, 'location_directory': '/home/ubuntu/Finder/example/raw_data/', 'downloaded_from_NCBI': 0}, 'dummy_data2': {'bioproject': 'Dummy2', 'condition': 'leaf', 'Date': '1/23/19', 'Ended': 'SE', 'desc': 'PCR;Illumina HiSeq 2000', 'read_length': '140', 'error_corrected': 0, 'location_directory': '/home/ubuntu/Finder/example/raw_data/', 'downloaded_from_NCBI': 0}}, 'cold': {'SRR8422200': {'bioproject': 'PRJNA513852', 'condition': 'cold', 'Date': '1/23/19', 'Ended': 'PE', 'desc': 'PCR;Illumina HiSeq 2000', 'read_length': '140', 'error_corrected': 0, 'location_directory': '/kyukon/scratch/gent/vo/001/gvo00117/easybuild/RHEL8/haswell-ib/software/finder/1.1.0-foss-2021b/example/FINDER_test_ARATH/raw_data_downloaded_from_NCBI', 'downloaded_from_NCBI': 1}, 'SRR8422201': {'bioproject': 'PRJNA513852', 'condition': 'cold', 'Date': '1/23/19', 'Ended': 'PE', 'desc': 'PCR;Illumina HiSeq 2000', 'read_length': '140', 'error_corrected': 0, 'location_directory': '/kyukon/scratch/gent/vo/001/gvo00117/easybuild/RHEL8/haswell-ib/software/finder/1.1.0-foss-2021b/example/FINDER_test_ARATH/raw_data_downloaded_from_NCBI', 'downloaded_from_NCBI': 1}, 'SRR8422202': {'bioproject': 'PRJNA513852', 'condition': 'cold', 'Date': '1/23/19', 'Ended': 'PE', 'desc': 'PCR;Illumina HiSeq 2000', 'read_length': '140', 'error_corrected': 0, 'location_directory': '/kyukon/scratch/gent/vo/001/gvo00117/easybuild/RHEL8/haswell-ib/software/finder/1.1.0-foss-2021b/example/FINDER_test_ARATH/raw_data_downloaded_from_NCBI', 'downloaded_from_NCBI': 1}}}
cat: /kyukon/scratch/gent/vo/001/gvo00117/easybuild/RHEL8/haswell-ib/software/finder/1.1.0-foss-2021b/example/FINDER_test_ARATH/alignments/SRR8422200_round1_SJ.out.tab: No such file or directory
cat: /kyukon/scratch/gent/vo/001/gvo00117/easybuild/RHEL8/haswell-ib/software/finder/1.1.0-foss-2021b/example/FINDER_test_ARATH/alignments/SRR8422201_round1_SJ.out.tab: No such file or directory
cat: /kyukon/scratch/gent/vo/001/gvo00117/easybuild/RHEL8/haswell-ib/software/finder/1.1.0-foss-2021b/example/FINDER_test_ARATH/alignments/SRR8422202_round1_SJ.out.tab: No such file or directory
cat: /kyukon/scratch/gent/vo/001/gvo00117/easybuild/RHEL8/haswell-ib/software/finder/1.1.0-foss-2021b/example/FINDER_test_ARATH/alignments/SRR8422200_round2_SJ.out.tab: No such file or directory
cat: /kyukon/scratch/gent/vo/001/gvo00117/easybuild/RHEL8/haswell-ib/software/finder/1.1.0-foss-2021b/example/FINDER_test_ARATH/alignments/SRR8422201_round2_SJ.out.tab: No such file or directory
cat: /kyukon/scratch/gent/vo/001/gvo00117/easybuild/RHEL8/haswell-ib/software/finder/1.1.0-foss-2021b/example/FINDER_test_ARATH/alignments/SRR8422202_round2_SJ.out.tab: No such file or directory
mv: cannot stat '/kyukon/scratch/gent/vo/001/gvo00117/easybuild/RHEL8/haswell-ib/software/finder/1.1.0-foss-2021b/example/FINDER_test_ARATH/alignments/SRR8422200_final_Unmapped.out.mate1': No such file or directory
mv: cannot stat '/kyukon/scratch/gent/vo/001/gvo00117/easybuild/RHEL8/haswell-ib/software/finder/1.1.0-foss-2021b/example/FINDER_test_ARATH/alignments/SRR8422200_final_Unmapped.out.mate2': No such file or directory
mv: cannot stat '/kyukon/scratch/gent/vo/001/gvo00117/easybuild/RHEL8/haswell-ib/software/finder/1.1.0-foss-2021b/example/FINDER_test_ARATH/alignments/SRR8422200_final_Log.final.out': No such file or directory
mv: cannot stat '/kyukon/scratch/gent/vo/001/gvo00117/easybuild/RHEL8/haswell-ib/software/finder/1.1.0-foss-2021b/example/FINDER_test_ARATH/alignments/SRR8422201_final_Unmapped.out.mate1': No such file or directory
mv: cannot stat '/kyukon/scratch/gent/vo/001/gvo00117/easybuild/RHEL8/haswell-ib/software/finder/1.1.0-foss-2021b/example/FINDER_test_ARATH/alignments/SRR8422201_final_Unmapped.out.mate2': No such file or directory
mv: cannot stat '/kyukon/scratch/gent/vo/001/gvo00117/easybuild/RHEL8/haswell-ib/software/finder/1.1.0-foss-2021b/example/FINDER_test_ARATH/alignments/SRR8422201_final_Log.final.out': No such file or directory
mv: cannot stat '/kyukon/scratch/gent/vo/001/gvo00117/easybuild/RHEL8/haswell-ib/software/finder/1.1.0-foss-2021b/example/FINDER_test_ARATH/alignments/SRR8422202_final_Unmapped.out.mate1': No such file or directory
mv: cannot stat '/kyukon/scratch/gent/vo/001/gvo00117/easybuild/RHEL8/haswell-ib/software/finder/1.1.0-foss-2021b/example/FINDER_test_ARATH/alignments/SRR8422202_final_Unmapped.out.mate2': No such file or directory
mv: cannot stat '/kyukon/scratch/gent/vo/001/gvo00117/easybuild/RHEL8/haswell-ib/software/finder/1.1.0-foss-2021b/example/FINDER_test_ARATH/alignments/SRR8422202_final_Log.final.out': No such file or directory
cat: /kyukon/scratch/gent/vo/001/gvo00117/easybuild/RHEL8/haswell-ib/software/finder/1.1.0-foss-2021b/example/FINDER_test_ARATH/alignments/SRR8422200_round3_SJ.out.tab: No such file or directory
cat: /kyukon/scratch/gent/vo/001/gvo00117/easybuild/RHEL8/haswell-ib/software/finder/1.1.0-foss-2021b/example/FINDER_test_ARATH/alignments/SRR8422201_round3_SJ.out.tab: No such file or directory
cat: /kyukon/scratch/gent/vo/001/gvo00117/easybuild/RHEL8/haswell-ib/software/finder/1.1.0-foss-2021b/example/FINDER_test_ARATH/alignments/SRR8422202_round3_SJ.out.tab: No such file or directory
samtools index: "/kyukon/scratch/gent/vo/001/gvo00117/easybuild/RHEL8/haswell-ib/software/finder/1.1.0-foss-2021b/example/FINDER_test_ARATH/alignments/SRR8422200_final.sortedByCoord.out.bam" is in a format that cannot be usefully indexed
samtools index: "/kyukon/scratch/gent/vo/001/gvo00117/easybuild/RHEL8/haswell-ib/software/finder/1.1.0-foss-2021b/example/FINDER_test_ARATH/alignments/SRR8422200_final.sortedByCoord.out.bam" is in a format that cannot be usefully indexed
samtools index: "/kyukon/scratch/gent/vo/001/gvo00117/easybuild/RHEL8/haswell-ib/software/finder/1.1.0-foss-2021b/example/FINDER_test_ARATH/alignments/SRR8422201_final.sortedByCoord.out.bam" is in a format that cannot be usefully indexed
samtools index: "/kyukon/scratch/gent/vo/001/gvo00117/easybuild/RHEL8/haswell-ib/software/finder/1.1.0-foss-2021b/example/FINDER_test_ARATH/alignments/SRR8422201_final.sortedByCoord.out.bam" is in a format that cannot be usefully indexed
samtools index: "/kyukon/scratch/gent/vo/001/gvo00117/easybuild/RHEL8/haswell-ib/software/finder/1.1.0-foss-2021b/example/FINDER_test_ARATH/alignments/SRR8422202_final.sortedByCoord.out.bam" is in a format that cannot be usefully indexed
samtools index: "/kyukon/scratch/gent/vo/001/gvo00117/easybuild/RHEL8/haswell-ib/software/finder/1.1.0-foss-2021b/example/FINDER_test_ARATH/alignments/SRR8422202_final.sortedByCoord.out.bam" is in a format that cannot be usefully indexed
[bam_header_read] EOF marker is absent. The input is probably truncated.
[bam_header_read] invalid BAM binary header (this is not a BAM file).
[bam_header_read] EOF marker is absent. The input is probably truncated.
[bam_header_read] invalid BAM binary header (this is not a BAM file).
[bam_header_read] EOF marker is absent. The input is probably truncated.
[bam_header_read] invalid BAM binary header (this is not a BAM file).
[bam_header_read] EOF marker is absent. The input is probably truncated.
[bam_header_read] invalid BAM binary header (this is not a BAM file).
[bam_header_read] EOF marker is absent. The input is probably truncated.
[bam_header_read] invalid BAM binary header (this is not a BAM file).
[bam_header_read] EOF marker is absent. The input is probably truncated.
[bam_header_read] invalid BAM binary header (this is not a BAM file).
[bam_header_read] EOF marker is absent. The input is probably truncated.
[bam_header_read] invalid BAM binary header (this is not a BAM file).
[bam_header_read] EOF marker is absent. The input is probably truncated.
[bam_header_read] invalid BAM binary header (this is not a BAM file).
[bam_header_read] EOF marker is absent. The input is probably truncated.
[bam_header_read] invalid BAM binary header (this is not a BAM file).
[bam_header_read] EOF marker is absent. The input is probably truncated.
[bam_header_read] invalid BAM binary header (this is not a BAM file).
[bam_header_read] EOF marker is absent. The input is probably truncated.
[bam_header_read] invalid BAM binary header (this is not a BAM file).
[bam_header_read] EOF marker is absent. The input is probably truncated.
[bam_header_read] invalid BAM binary header (this is not a BAM file).
Can not open /kyukon/scratch/gent/vo/001/gvo00117/easybuild/RHEL8/haswell-ib/software/finder/1.1.0-foss-2021b/example/FINDER_test_ARATH/alignments/SRR5197913_final.sortedByCoord.out.bam.
[bam_header_read] EOF marker is absent. The input is probably truncated.
[bam_header_read] invalid BAM binary header (this is not a BAM file).
Can not open /kyukon/scratch/gent/vo/001/gvo00117/easybuild/RHEL8/haswell-ib/software/finder/1.1.0-foss-2021b/example/FINDER_test_ARATH/alignments/SRR5197915_final.sortedByCoord.out.bam.
[bam_header_read] EOF marker is absent. The input is probably truncated.
[bam_header_read] invalid BAM binary header (this is not a BAM file).
Can not open /kyukon/scratch/gent/vo/001/gvo00117/easybuild/RHEL8/haswell-ib/software/finder/1.1.0-foss-2021b/example/FINDER_test_ARATH/alignments/SRR5197914_final.sortedByCoord.out.bam.
[bam_header_read] EOF marker is absent. The input is probably truncated.
[bam_header_read] invalid BAM binary header (this is not a BAM file).
Can not open /kyukon/scratch/gent/vo/001/gvo00117/easybuild/RHEL8/haswell-ib/software/finder/1.1.0-foss-2021b/example/FINDER_test_ARATH/alignments/SRR9844295_final.sortedByCoord.out.bam.
[bam_header_read] EOF marker is absent. The input is probably truncated.
[bam_header_read] invalid BAM binary header (this is not a BAM file).
Can not open /kyukon/scratch/gent/vo/001/gvo00117/easybuild/RHEL8/haswell-ib/software/finder/1.1.0-foss-2021b/example/FINDER_test_ARATH/alignments/SRR9844296_final.sortedByCoord.out.bam.
[bam_header_read] EOF marker is absent. The input is probably truncated.
[bam_header_read] invalid BAM binary header (this is not a BAM file).
Can not open /kyukon/scratch/gent/vo/001/gvo00117/easybuild/RHEL8/haswell-ib/software/finder/1.1.0-foss-2021b/example/FINDER_test_ARATH/alignments/dummy_data1_final.sortedByCoord.out.bam.
[bam_header_read] EOF marker is absent. The input is probably truncated.
[bam_header_read] invalid BAM binary header (this is not a BAM file).
Can not open /kyukon/scratch/gent/vo/001/gvo00117/easybuild/RHEL8/haswell-ib/software/finder/1.1.0-foss-2021b/example/FINDER_test_ARATH/alignments/SRR9844300_final.sortedByCoord.out.bam.
[bam_header_read] EOF marker is absent. The input is probably truncated.
[bam_header_read] invalid BAM binary header (this is not a BAM file).
Can not open /kyukon/scratch/gent/vo/001/gvo00117/easybuild/RHEL8/haswell-ib/software/finder/1.1.0-foss-2021b/example/FINDER_test_ARATH/alignments/SRR8422200_final.sortedByCoord.out.bam.
[bam_header_read] EOF marker is absent. The input is probably truncated.
[bam_header_read] invalid BAM binary header (this is not a BAM file).
Can not open /kyukon/scratch/gent/vo/001/gvo00117/easybuild/RHEL8/haswell-ib/software/finder/1.1.0-foss-2021b/example/FINDER_test_ARATH/alignments/dummy_data2_final.sortedByCoord.out.bam.
[bam_header_read] EOF marker is absent. The input is probably truncated.
[bam_header_read] invalid BAM binary header (this is not a BAM file).
Can not open /kyukon/scratch/gent/vo/001/gvo00117/easybuild/RHEL8/haswell-ib/software/finder/1.1.0-foss-2021b/example/FINDER_test_ARATH/alignments/SRR8422201_final.sortedByCoord.out.bam.
[bam_header_read] EOF marker is absent. The input is probably truncated.
[bam_header_read] invalid BAM binary header (this is not a BAM file).
Can not open /kyukon/scratch/gent/vo/001/gvo00117/easybuild/RHEL8/haswell-ib/software/finder/1.1.0-foss-2021b/example/FINDER_test_ARATH/alignments/SRR8422202_final.sortedByCoord.out.bam.
[main_samview] fail to read the header from "/kyukon/scratch/gent/vo/001/gvo00117/easybuild/RHEL8/haswell-ib/software/finder/1.1.0-foss-2021b/example/FINDER_test_ARATH/alignments/SRR5197915_final.sortedByCoord.out.bam".
[main_samview] fail to read the header from "/kyukon/scratch/gent/vo/001/gvo00117/easybuild/RHEL8/haswell-ib/software/finder/1.1.0-foss-2021b/example/FINDER_test_ARATH/alignments/SRR5197913_final.sortedByCoord.out.bam".
[main_samview] fail to read the header from "/kyukon/scratch/gent/vo/001/gvo00117/easybuild/RHEL8/haswell-ib/software/finder/1.1.0-foss-2021b/example/FINDER_test_ARATH/alignments/SRR5197915_for_psiclass.sam".
[main_samview] fail to read the header from "/kyukon/scratch/gent/vo/001/gvo00117/easybuild/RHEL8/haswell-ib/software/finder/1.1.0-foss-2021b/example/FINDER_test_ARATH/alignments/SRR5197913_for_psiclass.sam".
[main_samview] fail to read the header from "/kyukon/scratch/gent/vo/001/gvo00117/easybuild/RHEL8/haswell-ib/software/finder/1.1.0-foss-2021b/example/FINDER_test_ARATH/alignments/SRR9844295_final.sortedByCoord.out.bam".
[main_samview] fail to read the header from "/kyukon/scratch/gent/vo/001/gvo00117/easybuild/RHEL8/haswell-ib/software/finder/1.1.0-foss-2021b/example/FINDER_test_ARATH/alignments/SRR5197914_final.sortedByCoord.out.bam".
[main_samview] fail to read the header from "/kyukon/scratch/gent/vo/001/gvo00117/easybuild/RHEL8/haswell-ib/software/finder/1.1.0-foss-2021b/example/FINDER_test_ARATH/alignments/SRR9844295_for_psiclass.sam".
[main_samview] fail to read the header from "/kyukon/scratch/gent/vo/001/gvo00117/easybuild/RHEL8/haswell-ib/software/finder/1.1.0-foss-2021b/example/FINDER_test_ARATH/alignments/SRR5197914_for_psiclass.sam".
[main_samview] fail to read the header from "/kyukon/scratch/gent/vo/001/gvo00117/easybuild/RHEL8/haswell-ib/software/finder/1.1.0-foss-2021b/example/FINDER_test_ARATH/alignments/SRR9844296_final.sortedByCoord.out.bam".
[main_samview] fail to read the header from "/kyukon/scratch/gent/vo/001/gvo00117/easybuild/RHEL8/haswell-ib/software/finder/1.1.0-foss-2021b/example/FINDER_test_ARATH/alignments/dummy_data1_final.sortedByCoord.out.bam".
[main_samview] fail to read the header from "/kyukon/scratch/gent/vo/001/gvo00117/easybuild/RHEL8/haswell-ib/software/finder/1.1.0-foss-2021b/example/FINDER_test_ARATH/alignments/dummy_data1_for_psiclass.sam".
[main_samview] fail to read the header from "/kyukon/scratch/gent/vo/001/gvo00117/easybuild/RHEL8/haswell-ib/software/finder/1.1.0-foss-2021b/example/FINDER_test_ARATH/alignments/SRR9844296_for_psiclass.sam".
[main_samview] fail to read the header from "/kyukon/scratch/gent/vo/001/gvo00117/easybuild/RHEL8/haswell-ib/software/finder/1.1.0-foss-2021b/example/FINDER_test_ARATH/alignments/dummy_data2_final.sortedByCoord.out.bam".
[main_samview] fail to read the header from "/kyukon/scratch/gent/vo/001/gvo00117/easybuild/RHEL8/haswell-ib/software/finder/1.1.0-foss-2021b/example/FINDER_test_ARATH/alignments/SRR9844300_final.sortedByCoord.out.bam".
[main_samview] fail to read the header from "/kyukon/scratch/gent/vo/001/gvo00117/easybuild/RHEL8/haswell-ib/software/finder/1.1.0-foss-2021b/example/FINDER_test_ARATH/alignments/dummy_data2_for_psiclass.sam".
[main_samview] fail to read the header from "/kyukon/scratch/gent/vo/001/gvo00117/easybuild/RHEL8/haswell-ib/software/finder/1.1.0-foss-2021b/example/FINDER_test_ARATH/alignments/SRR8422200_final.sortedByCoord.out.bam".
[main_samview] fail to read the header from "/kyukon/scratch/gent/vo/001/gvo00117/easybuild/RHEL8/haswell-ib/software/finder/1.1.0-foss-2021b/example/FINDER_test_ARATH/alignments/SRR9844300_for_psiclass.sam".
[main_samview] fail to read the header from "/kyukon/scratch/gent/vo/001/gvo00117/easybuild/RHEL8/haswell-ib/software/finder/1.1.0-foss-2021b/example/FINDER_test_ARATH/alignments/SRR8422200_for_psiclass.sam".
[main_samview] fail to read the header from "/kyukon/scratch/gent/vo/001/gvo00117/easybuild/RHEL8/haswell-ib/software/finder/1.1.0-foss-2021b/example/FINDER_test_ARATH/alignments/SRR8422201_final.sortedByCoord.out.bam".
[main_samview] fail to read the header from "/kyukon/scratch/gent/vo/001/gvo00117/easybuild/RHEL8/haswell-ib/software/finder/1.1.0-foss-2021b/example/FINDER_test_ARATH/alignments/SRR8422202_final.sortedByCoord.out.bam".
[main_samview] fail to read the header from "/kyukon/scratch/gent/vo/001/gvo00117/easybuild/RHEL8/haswell-ib/software/finder/1.1.0-foss-2021b/example/FINDER_test_ARATH/alignments/SRR8422201_for_psiclass.sam".
[main_samview] fail to read the header from "/kyukon/scratch/gent/vo/001/gvo00117/easybuild/RHEL8/haswell-ib/software/finder/1.1.0-foss-2021b/example/FINDER_test_ARATH/alignments/SRR8422202_for_psiclass.sam".
mv: cannot stat '/kyukon/scratch/gent/vo/001/gvo00117/easybuild/RHEL8/haswell-ib/software/finder/1.1.0-foss-2021b/example/FINDER_test_ARATH/assemblies_psiclass_modified/combined/psiclass_output_sample_0.gtf': No such file or directory
mv: cannot stat '/kyukon/scratch/gent/vo/001/gvo00117/easybuild/RHEL8/haswell-ib/software/finder/1.1.0-foss-2021b/example/FINDER_test_ARATH/assemblies_psiclass_modified/combined/psiclass_output_sample_1.gtf': No such file or directory
mv: cannot stat '/kyukon/scratch/gent/vo/001/gvo00117/easybuild/RHEL8/haswell-ib/software/finder/1.1.0-foss-2021b/example/FINDER_test_ARATH/assemblies_psiclass_modified/combined/psiclass_output_sample_2.gtf': No such file or directory
mv: cannot stat '/kyukon/scratch/gent/vo/001/gvo00117/easybuild/RHEL8/haswell-ib/software/finder/1.1.0-foss-2021b/example/FINDER_test_ARATH/assemblies_psiclass_modified/combined/psiclass_output_sample_3.gtf': No such file or directory
mv: cannot stat '/kyukon/scratch/gent/vo/001/gvo00117/easybuild/RHEL8/haswell-ib/software/finder/1.1.0-foss-2021b/example/FINDER_test_ARATH/assemblies_psiclass_modified/combined/psiclass_output_sample_4.gtf': No such file or directory
mv: cannot stat '/kyukon/scratch/gent/vo/001/gvo00117/easybuild/RHEL8/haswell-ib/software/finder/1.1.0-foss-2021b/example/FINDER_test_ARATH/assemblies_psiclass_modified/combined/psiclass_output_sample_5.gtf': No such file or directory
mv: cannot stat '/kyukon/scratch/gent/vo/001/gvo00117/easybuild/RHEL8/haswell-ib/software/finder/1.1.0-foss-2021b/example/FINDER_test_ARATH/assemblies_psiclass_modified/combined/psiclass_output_sample_6.gtf': No such file or directory
mv: cannot stat '/kyukon/scratch/gent/vo/001/gvo00117/easybuild/RHEL8/haswell-ib/software/finder/1.1.0-foss-2021b/example/FINDER_test_ARATH/assemblies_psiclass_modified/combined/psiclass_output_sample_7.gtf': No such file or directory
mv: cannot stat '/kyukon/scratch/gent/vo/001/gvo00117/easybuild/RHEL8/haswell-ib/software/finder/1.1.0-foss-2021b/example/FINDER_test_ARATH/assemblies_psiclass_modified/combined/psiclass_output_sample_8.gtf': No such file or directory
mv: cannot stat '/kyukon/scratch/gent/vo/001/gvo00117/easybuild/RHEL8/haswell-ib/software/finder/1.1.0-foss-2021b/example/FINDER_test_ARATH/assemblies_psiclass_modified/combined/psiclass_output_sample_9.gtf': No such file or directory
mv: cannot stat '/kyukon/scratch/gent/vo/001/gvo00117/easybuild/RHEL8/haswell-ib/software/finder/1.1.0-foss-2021b/example/FINDER_test_ARATH/assemblies_psiclass_modified/combined/psiclass_output_sample_10.gtf': No such file or directory
mv: cannot stat '/kyukon/scratch/gent/vo/001/gvo00117/easybuild/RHEL8/haswell-ib/software/finder/1.1.0-foss-2021b/example/FINDER_test_ARATH/assemblies_psiclass_modified/combined/psiclass_output_vote.gtf': No such file or directory
Traceback (most recent call last):
  File "/scratch/gent/vo/001/gvo00117/easybuild/RHEL8/haswell-ib/software/finder/1.1.0-foss-2021b/finder", line 688, in <module>
    main()
  File "/scratch/gent/vo/001/gvo00117/easybuild/RHEL8/haswell-ib/software/finder/1.1.0-foss-2021b/finder", line 649, in main
    orchestrateGeneModelPrediction( options, logger_proxy, logging_mutex )
  File "/scratch/gent/vo/001/gvo00117/easybuild/RHEL8/haswell-ib/software/finder/1.1.0-foss-2021b/finder", line 461, in orchestrateGeneModelPrediction
    findTranscriptsInEachSampleNotReportedInCombinedAnnotations( options, logger_proxy, logging_mutex )
  File "/kyukon/scratch/gent/vo/001/gvo00117/easybuild/RHEL8/haswell-ib/software/finder/1.1.0-foss-2021b/scripts/findTranscriptsInEachSampleNotReportedInCombinedAnnotations.py", line 17, in findTranscriptsInEachSampleNotReportedInCombinedAnnotations
    combined_transcript_info = readAllTranscriptsFromGTFFileInParallel( [combined_gtf_filename, "combined", "combined"] )[0]
  File "/kyukon/scratch/gent/vo/001/gvo00117/easybuild/RHEL8/haswell-ib/software/finder/1.1.0-foss-2021b/scripts/fileReadWriteOperations.py", line 290, in readAllTranscriptsFromGTFFileInParallel
    fhr = open( gtf_filename, "r" )
FileNotFoundError: [Errno 2] No such file or directory: '/kyukon/scratch/gent/vo/001/gvo00117/easybuild/RHEL8/haswell-ib/software/finder/1.1.0-foss-2021b/example/FINDER_test_ARATH/assemblies_psiclass_modified/combined/combined.gtf'
[vsc43810@node3702:/scratch/gent/vo/001/gvo00117/easybuild/RHEL8/haswell-ib/software/finder/1.1.0-foss-2021b/example]$ 