Detecting C compiler ABI info failed to compile with the following output:
Change Dir: /tmp/vsc43810/easybuild/build/LoRDEC/0.9/foss-2022a/lordec-src_0.9/gatb-core-1.4.1/gatb-core/build/CMakeFiles/CMakeTmp

Run Build Command(s):/usr/bin/gmake -f Makefile cmTC_f1ebd/fast && gmake[2]: Entering directory '/tmp/vsc43810/easybuild/build/LoRDEC/0.9/foss-2022a/lordec-src_0.9/gatb-core-1.4.1/gatb-core/build/CMakeFiles/CMakeTmp'
/usr/bin/gmake  -f CMakeFiles/cmTC_f1ebd.dir/build.make CMakeFiles/cmTC_f1ebd.dir/build
gmake[3]: Entering directory '/tmp/vsc43810/easybuild/build/LoRDEC/0.9/foss-2022a/lordec-src_0.9/gatb-core-1.4.1/gatb-core/build/CMakeFiles/CMakeTmp'
Building C object CMakeFiles/cmTC_f1ebd.dir/CMakeCCompilerABI.c.o
/apps/gent/RHEL8/cascadelake-ib/software/GCCcore/11.3.0/bin/gcc   -O2 -ftree-vectorize -march=native -fno-math-errno    -v -o CMakeFiles/cmTC_f1ebd.dir/CMakeCCompilerABI.c.o -c /kyukon/home/apps/RHEL8/cascadelake-ib/software/CMake/3.23.1-GCCcore-11.3.0/share/cmake-3.23/Modules/CMakeCCompilerABI.c
Using built-in specs.
COLLECT_GCC=/apps/gent/RHEL8/cascadelake-ib/software/GCCcore/11.3.0/bin/gcc
OFFLOAD_TARGET_NAMES=nvptx-none
Target: x86_64-pc-linux-gnu
Configured with: ../configure --enable-languages=c,c++,fortran --without-cuda-driver --enable-offload-targets=nvptx-none --enable-lto --enable-checking=release --disable-multilib --enable-shared=yes --enable-static=yes --enable-threads=posix --enable-plugins --enable-gold --enable-ld=default --prefix=/apps/gent/RHEL8/cascadelake-ib/software/GCCcore/11.3.0 --with-local-prefix=/apps/gent/RHEL8/cascadelake-ib/software/GCCcore/11.3.0 --enable-bootstrap --with-isl=/tmp/vsc40003/easybuild/GCCcore/11.3.0/system-system/gcc-11.3.0/stage2_stuff --build=x86_64-pc-linux-gnu --host=x86_64-pc-linux-gnu
Thread model: posix
Supported LTO compression algorithms: zlib zstd
gcc version 11.3.0 (GCC) 
COLLECT_GCC_OPTIONS='-O2' '-ftree-vectorize' '-march=native' '-fno-math-errno' '-v' '-o' 'CMakeFiles/cmTC_f1ebd.dir/CMakeCCompilerABI.c.o' '-c' '-dumpdir' 'CMakeFiles/cmTC_f1ebd.dir/'
 /kyukon/home/apps/RHEL8/cascadelake-ib/software/GCCcore/11.3.0/bin/../libexec/gcc/x86_64-pc-linux-gnu/11.3.0/cc1 -quiet -v -iprefix /kyukon/home/apps/RHEL8/cascadelake-ib/software/GCCcore/11.3.0/bin/../lib/gcc/x86_64-pc-linux-gnu/11.3.0/ /kyukon/home/apps/RHEL8/cascadelake-ib/software/CMake/3.23.1-GCCcore-11.3.0/share/cmake-3.23/Modules/CMakeCCompilerABI.c -march=cascadelake -mmmx -mpopcnt -msse -msse2 -msse3 -mssse3 -msse4.1 -msse4.2 -mavx -mavx2 -mno-sse4a -mno-fma4 -mno-xop -mfma -mavx512f -mbmi -mbmi2 -maes -mpclmul -mavx512vl -mavx512bw -mavx512dq -mavx512cd -mno-avx512er -mno-avx512pf -mno-avx512vbmi -mno-avx512ifma -mno-avx5124vnniw -mno-avx5124fmaps -mno-avx512vpopcntdq -mno-avx512vbmi2 -mno-gfni -mno-vpclmulqdq -mavx512vnni -mno-avx512bitalg -mno-avx512bf16 -mno-avx512vp2intersect -mno-3dnow -madx -mabm -mno-cldemote -mclflushopt -mclwb -mno-clzero -mcx16 -mno-enqcmd -mf16c -mfsgsbase -mfxsr -mno-hle -msahf -mno-lwp -mlzcnt -mmovbe -mno-movdir64b -mno-movdiri -mno-mwaitx -mno-pconfig -mpku -mno-prefetchwt1 -mprfchw -mno-ptwrite -mno-rdpid -mrdrnd -mrdseed -mno-rtm -mno-serialize -mno-sgx -mno-sha -mno-shstk -mno-tbm -mno-tsxldtrk -mno-vaes -mno-waitpkg -mno-wbnoinvd -mxsave -mxsavec -mxsaveopt -mxsaves -mno-amx-tile -mno-amx-int8 -mno-amx-bf16 -mno-uintr -mno-hreset -mno-kl -mno-widekl -mno-avxvnni --param l1-cache-size=32 --param l1-cache-line-size=64 --param l2-cache-size=25344 -mtune=cascadelake -quiet -dumpdir CMakeFiles/cmTC_f1ebd.dir/ -dumpbase CMakeCCompilerABI.c.c -dumpbase-ext .c -O2 -version -ftree-vectorize -fno-math-errno -o /tmp/vsc43810/eb-dkc546kn/cc8CZbDz.s
GNU C17 (GCC) version 11.3.0 (x86_64-pc-linux-gnu)
	compiled by GNU C version 11.3.0, GMP version 6.2.1, MPFR version 4.1.0, MPC version 1.2.1, isl version isl-0.24-GMP

GGC heuristics: --param ggc-min-expand=100 --param ggc-min-heapsize=131072
ignoring nonexistent directory "/kyukon/home/apps/RHEL8/cascadelake-ib/software/GCCcore/11.3.0/bin/../lib/gcc/x86_64-pc-linux-gnu/11.3.0/include-fixed"
ignoring nonexistent directory "/kyukon/home/apps/RHEL8/cascadelake-ib/software/GCCcore/11.3.0/bin/../lib/gcc/x86_64-pc-linux-gnu/11.3.0/../../../../x86_64-pc-linux-gnu/include"
ignoring duplicate directory "/kyukon/home/apps/RHEL8/cascadelake-ib/software/GCCcore/11.3.0/bin/../lib/gcc/../../lib/gcc/x86_64-pc-linux-gnu/11.3.0/include"
ignoring nonexistent directory "/kyukon/home/apps/RHEL8/cascadelake-ib/software/GCCcore/11.3.0/bin/../lib/gcc/../../lib/gcc/x86_64-pc-linux-gnu/11.3.0/include-fixed"
ignoring nonexistent directory "/kyukon/home/apps/RHEL8/cascadelake-ib/software/GCCcore/11.3.0/bin/../lib/gcc/../../lib/gcc/x86_64-pc-linux-gnu/11.3.0/../../../../x86_64-pc-linux-gnu/include"
#include "..." search starts here:
#include <...> search starts here:
 /apps/gent/RHEL8/cascadelake-ib/software/Boost/1.79.0-GCC-11.3.0/include
 /apps/gent/RHEL8/cascadelake-ib/software/ICU/71.1-GCCcore-11.3.0/include
 /scratch/gent/vo/001/gvo00117/easybuild/RHEL8/cascadelake-ampere-ib/software/HDF5/1.10.8-gompi-2022a/include
 /apps/gent/RHEL8/cascadelake-ib/software/Szip/2.1.1-GCCcore-11.3.0/include
 /apps/gent/RHEL8/cascadelake-ib/software/libarchive/3.6.1-GCCcore-11.3.0/include
 /apps/gent/RHEL8/cascadelake-ib/software/cURL/7.83.0-GCCcore-11.3.0/include
 /apps/gent/RHEL8/cascadelake-ib/software/bzip2/1.0.8-GCCcore-11.3.0/include
 /apps/gent/RHEL8/cascadelake-ib/software/ncurses/6.3-GCCcore-11.3.0/include
 /apps/gent/RHEL8/cascadelake-ib/software/FFTW.MPI/3.3.10-gompi-2022a/include
 /apps/gent/RHEL8/cascadelake-ib/software/FFTW/3.3.10-GCC-11.3.0/include
 /apps/gent/RHEL8/cascadelake-ib/software/FlexiBLAS/3.2.0-GCC-11.3.0/include
 /apps/gent/RHEL8/cascadelake-ib/software/OpenBLAS/0.3.20-GCC-11.3.0/include
 /apps/gent/RHEL8/cascadelake-ib/software/OpenMPI/4.1.4-GCC-11.3.0/include
 /apps/gent/RHEL8/cascadelake-ib/software/UCC/1.0.0-GCCcore-11.3.0/include
 /apps/gent/RHEL8/cascadelake-ib/software/PMIx/4.1.2-GCCcore-11.3.0/include
 /apps/gent/RHEL8/cascadelake-ib/software/libfabric/1.15.1-GCCcore-11.3.0/include
 /apps/gent/RHEL8/cascadelake-ib/software/UCX/1.12.1-GCCcore-11.3.0/include
 /apps/gent/RHEL8/cascadelake-ib/software/libevent/2.1.12-GCCcore-11.3.0/include
 /apps/gent/RHEL8/cascadelake-ib/software/OpenSSL/1.1/include
 /apps/gent/RHEL8/cascadelake-ib/software/hwloc/2.7.1-GCCcore-11.3.0/include
 /apps/gent/RHEL8/cascadelake-ib/software/libpciaccess/0.16-GCCcore-11.3.0/include
 /apps/gent/RHEL8/cascadelake-ib/software/libxml2/2.9.13-GCCcore-11.3.0/include/libxml2
 /apps/gent/RHEL8/cascadelake-ib/software/libxml2/2.9.13-GCCcore-11.3.0/include
 /apps/gent/RHEL8/cascadelake-ib/software/XZ/5.2.5-GCCcore-11.3.0/include
 /apps/gent/RHEL8/cascadelake-ib/software/numactl/2.0.14-GCCcore-11.3.0/include
 /apps/gent/RHEL8/cascadelake-ib/software/binutils/2.38-GCCcore-11.3.0/include
 /apps/gent/RHEL8/cascadelake-ib/software/zlib/1.2.12-GCCcore-11.3.0/include
 /kyukon/home/apps/RHEL8/cascadelake-ib/software/GCCcore/11.3.0/bin/../lib/gcc/x86_64-pc-linux-gnu/11.3.0/include
 /apps/gent/RHEL8/cascadelake-ib/software/GCCcore/11.3.0/include
 /usr/include
End of search list.
GNU C17 (GCC) version 11.3.0 (x86_64-pc-linux-gnu)
	compiled by GNU C version 11.3.0, GMP version 6.2.1, MPFR version 4.1.0, MPC version 1.2.1, isl version isl-0.24-GMP

GGC heuristics: --param ggc-min-expand=100 --param ggc-min-heapsize=131072
Compiler executable checksum: 295ae7d2cc243c084267089ed89f501a
COLLECT_GCC_OPTIONS='-O2' '-ftree-vectorize' '-march=native' '-fno-math-errno' '-v' '-o' 'CMakeFiles/cmTC_f1ebd.dir/CMakeCCompilerABI.c.o' '-c' '-dumpdir' 'CMakeFiles/cmTC_f1ebd.dir/'
 as -v --64 -o CMakeFiles/cmTC_f1ebd.dir/CMakeCCompilerABI.c.o /tmp/vsc43810/eb-dkc546kn/cc8CZbDz.s
GNU assembler version 2.38 (x86_64-pc-linux-gnu) using BFD version (GNU Binutils) 2.38
COMPILER_PATH=/kyukon/home/apps/RHEL8/cascadelake-ib/software/GCCcore/11.3.0/bin/../libexec/gcc/x86_64-pc-linux-gnu/11.3.0/:/kyukon/home/apps/RHEL8/cascadelake-ib/software/GCCcore/11.3.0/bin/../libexec/gcc/
LIBRARY_PATH=/kyukon/home/apps/RHEL8/cascadelake-ib/software/GCCcore/11.3.0/bin/../lib/gcc/x86_64-pc-linux-gnu/11.3.0/:/kyukon/home/apps/RHEL8/cascadelake-ib/software/GCCcore/11.3.0/bin/../lib/gcc/:/apps/gent/RHEL8/cascadelake-ib/software/Boost/1.79.0-GCC-11.3.0/lib/../lib64/:/apps/gent/RHEL8/cascadelake-ib/software/ICU/71.1-GCCcore-11.3.0/lib/../lib64/:/scratch/gent/vo/001/gvo00117/easybuild/RHEL8/cascadelake-ampere-ib/software/HDF5/1.10.8-gompi-2022a/lib/../lib64/:/apps/gent/RHEL8/cascadelake-ib/software/Szip/2.1.1-GCCcore-11.3.0/lib/../lib64/:/apps/gent/RHEL8/cascadelake-ib/software/libarchive/3.6.1-GCCcore-11.3.0/lib/../lib64/:/apps/gent/RHEL8/cascadelake-ib/software/cURL/7.83.0-GCCcore-11.3.0/lib/../lib64/:/apps/gent/RHEL8/cascadelake-ib/software/bzip2/1.0.8-GCCcore-11.3.0/lib/../lib64/:/apps/gent/RHEL8/cascadelake-ib/software/ncurses/6.3-GCCcore-11.3.0/lib/../lib64/:/apps/gent/RHEL8/cascadelake-ib/software/ScaLAPACK/2.2.0-gompi-2022a-fb/lib/../lib64/:/apps/gent/RHEL8/cascadelake-ib/software/FFTW.MPI/3.3.10-gompi-2022a/lib/../lib64/:/apps/gent/RHEL8/cascadelake-ib/software/FFTW/3.3.10-GCC-11.3.0/lib/../lib64/:/apps/gent/RHEL8/cascadelake-ib/software/FlexiBLAS/3.2.0-GCC-11.3.0/lib/../lib64/:/apps/gent/RHEL8/cascadelake-ib/software/OpenBLAS/0.3.20-GCC-11.3.0/lib/../lib64/:/apps/gent/RHEL8/cascadelake-ib/software/OpenMPI/4.1.4-GCC-11.3.0/lib/../lib64/:/apps/gent/RHEL8/cascadelake-ib/software/UCC/1.0.0-GCCcore-11.3.0/lib/../lib64/:/apps/gent/RHEL8/cascadelake-ib/software/PMIx/4.1.2-GCCcore-11.3.0/lib/../lib64/:/apps/gent/RHEL8/cascadelake-ib/software/libfabric/1.15.1-GCCcore-11.3.0/lib/../lib64/:/apps/gent/RHEL8/cascadelake-ib/software/UCX/1.12.1-GCCcore-11.3.0/lib/../lib64/:/apps/gent/RHEL8/cascadelake-ib/software/libevent/2.1.12-GCCcore-11.3.0/lib/../lib64/:/apps/gent/RHEL8/cascadelake-ib/software/OpenSSL/1.1/lib/../lib64/:/apps/gent/RHEL8/cascadelake-ib/software/hwloc/2.7.1-GCCcore-11.3.0/lib/../lib64/:/apps/gent/RHEL8/cascadelake-ib/software/libpciaccess/0.16-GCCcore-11.3.0/lib/../lib64/:/apps/gent/RHEL8/cascadelake-ib/software/libxml2/2.9.13-GCCcore-11.3.0/lib/../lib64/:/apps/gent/RHEL8/cascadelake-ib/software/XZ/5.2.5-GCCcore-11.3.0/lib/../lib64/:/apps/gent/RHEL8/cascadelake-ib/software/numactl/2.0.14-GCCcore-11.3.0/lib/../lib64/:/apps/gent/RHEL8/cascadelake-ib/software/binutils/2.38-GCCcore-11.3.0/lib/../lib64/:/apps/gent/RHEL8/cascadelake-ib/software/zlib/1.2.12-GCCcore-11.3.0/lib/../lib64/:/kyukon/home/apps/RHEL8/cascadelake-ib/software/GCCcore/11.3.0/bin/../lib/gcc/x86_64-pc-linux-gnu/11.3.0/../../../../lib64/:/lib/../lib64/:/usr/lib/../lib64/:/apps/gent/RHEL8/cascadelake-ib/software/Boost/1.79.0-GCC-11.3.0/lib/:/apps/gent/RHEL8/cascadelake-ib/software/ICU/71.1-GCCcore-11.3.0/lib/:/scratch/gent/vo/001/gvo00117/easybuild/RHEL8/cascadelake-ampere-ib/software/HDF5/1.10.8-gompi-2022a/lib/:/apps/gent/RHEL8/cascadelake-ib/software/Szip/2.1.1-GCCcore-11.3.0/lib/:/apps/gent/RHEL8/cascadelake-ib/software/libarchive/3.6.1-GCCcore-11.3.0/lib/:/apps/gent/RHEL8/cascadelake-ib/software/cURL/7.83.0-GCCcore-11.3.0/lib/:/apps/gent/RHEL8/cascadelake-ib/software/bzip2/1.0.8-GCCcore-11.3.0/lib/:/apps/gent/RHEL8/cascadelake-ib/software/ncurses/6.3-GCCcore-11.3.0/lib/:/apps/gent/RHEL8/cascadelake-ib/software/ScaLAPACK/2.2.0-gompi-2022a-fb/lib/:/apps/gent/RHEL8/cascadelake-ib/software/FFTW.MPI/3.3.10-gompi-2022a/lib/:/apps/gent/RHEL8/cascadelake-ib/software/FFTW/3.3.10-GCC-11.3.0/lib/:/apps/gent/RHEL8/cascadelake-ib/software/FlexiBLAS/3.2.0-GCC-11.3.0/lib/:/apps/gent/RHEL8/cascadelake-ib/software/OpenBLAS/0.3.20-GCC-11.3.0/lib/:/apps/gent/RHEL8/cascadelake-ib/software/OpenMPI/4.1.4-GCC-11.3.0/lib/:/apps/gent/RHEL8/cascadelake-ib/software/UCC/1.0.0-GCCcore-11.3.0/lib/:/apps/gent/RHEL8/cascadelake-ib/software/PMIx/4.1.2-GCCcore-11.3.0/lib/:/apps/gent/RHEL8/cascadelake-ib/software/libfabric/1.15.1-GCCcore-11.3.0/lib/:/apps/gent/RHEL8/cascadelake-ib/software/UCX/1.12.1-GCCcore-11.3.0/lib/:/apps/gent/RHEL8/cascadelake-ib/software/libevent/2.1.12-GCCcore-11.3.0/lib/:/apps/gent/RHEL8/cascadelake-ib/software/OpenSSL/1.1/lib/:/apps/gent/RHEL8/cascadelake-ib/software/hwloc/2.7.1-GCCcore-11.3.0/lib/:/apps/gent/RHEL8/cascadelake-ib/software/libpciaccess/0.16-GCCcore-11.3.0/lib/:/apps/gent/RHEL8/cascadelake-ib/software/libxml2/2.9.13-GCCcore-11.3.0/lib/:/apps/gent/RHEL8/cascadelake-ib/software/XZ/5.2.5-GCCcore-11.3.0/lib/:/apps/gent/RHEL8/cascadelake-ib/software/numactl/2.0.14-GCCcore-11.3.0/lib/:/apps/gent/RHEL8/cascadelake-ib/software/binutils/2.38-GCCcore-11.3.0/lib/:/apps/gent/RHEL8/cascadelake-ib/software/zlib/1.2.12-GCCcore-11.3.0/lib/:/kyukon/home/apps/RHEL8/cascadelake-ib/software/GCCcore/11.3.0/bin/../lib/gcc/x86_64-pc-linux-gnu/11.3.0/../../../:/lib/:/usr/lib/
COLLECT_GCC_OPTIONS='-O2' '-ftree-vectorize' '-march=native' '-fno-math-errno' '-v' '-o' 'CMakeFiles/cmTC_f1ebd.dir/CMakeCCompilerABI.c.o' '-c' '-dumpdir' 'CMakeFiles/cmTC_f1ebd.dir/CMakeCCompilerABI.c.'
Linking C executable cmTC_f1ebd
/kyukon/home/apps/RHEL8/cascadelake-ib/software/CMake/3.23.1-GCCcore-11.3.0/bin/cmake -E cmake_link_script CMakeFiles/cmTC_f1ebd.dir/link.txt --verbose=1
/apps/gent/RHEL8/cascadelake-ib/software/GCCcore/11.3.0/bin/gcc -O2 -ftree-vectorize -march=native -fno-math-errno  -Lgatb_v1.4.1/lib/ -lgatbcore -lhdf5 -ldl -lz -lpthread -std=c++0x -O3 -v -rdynamic CMakeFiles/cmTC_f1ebd.dir/CMakeCCompilerABI.c.o -o cmTC_f1ebd 
Using built-in specs.
COLLECT_GCC=/apps/gent/RHEL8/cascadelake-ib/software/GCCcore/11.3.0/bin/gcc
COLLECT_LTO_WRAPPER=/kyukon/home/apps/RHEL8/cascadelake-ib/software/GCCcore/11.3.0/bin/../libexec/gcc/x86_64-pc-linux-gnu/11.3.0/lto-wrapper
OFFLOAD_TARGET_NAMES=nvptx-none
Target: x86_64-pc-linux-gnu
Configured with: ../configure --enable-languages=c,c++,fortran --without-cuda-driver --enable-offload-targets=nvptx-none --enable-lto --enable-checking=release --disable-multilib --enable-shared=yes --enable-static=yes --enable-threads=posix --enable-plugins --enable-gold --enable-ld=default --prefix=/apps/gent/RHEL8/cascadelake-ib/software/GCCcore/11.3.0 --with-local-prefix=/apps/gent/RHEL8/cascadelake-ib/software/GCCcore/11.3.0 --enable-bootstrap --with-isl=/tmp/vsc40003/easybuild/GCCcore/11.3.0/system-system/gcc-11.3.0/stage2_stuff --build=x86_64-pc-linux-gnu --host=x86_64-pc-linux-gnu
Thread model: posix
Supported LTO compression algorithms: zlib zstd
gcc version 11.3.0 (GCC) 
COMPILER_PATH=/kyukon/home/apps/RHEL8/cascadelake-ib/software/GCCcore/11.3.0/bin/../libexec/gcc/x86_64-pc-linux-gnu/11.3.0/:/kyukon/home/apps/RHEL8/cascadelake-ib/software/GCCcore/11.3.0/bin/../libexec/gcc/
LIBRARY_PATH=/kyukon/home/apps/RHEL8/cascadelake-ib/software/GCCcore/11.3.0/bin/../lib/gcc/x86_64-pc-linux-gnu/11.3.0/:/kyukon/home/apps/RHEL8/cascadelake-ib/software/GCCcore/11.3.0/bin/../lib/gcc/:/apps/gent/RHEL8/cascadelake-ib/software/Boost/1.79.0-GCC-11.3.0/lib/../lib64/:/apps/gent/RHEL8/cascadelake-ib/software/ICU/71.1-GCCcore-11.3.0/lib/../lib64/:/scratch/gent/vo/001/gvo00117/easybuild/RHEL8/cascadelake-ampere-ib/software/HDF5/1.10.8-gompi-2022a/lib/../lib64/:/apps/gent/RHEL8/cascadelake-ib/software/Szip/2.1.1-GCCcore-11.3.0/lib/../lib64/:/apps/gent/RHEL8/cascadelake-ib/software/libarchive/3.6.1-GCCcore-11.3.0/lib/../lib64/:/apps/gent/RHEL8/cascadelake-ib/software/cURL/7.83.0-GCCcore-11.3.0/lib/../lib64/:/apps/gent/RHEL8/cascadelake-ib/software/bzip2/1.0.8-GCCcore-11.3.0/lib/../lib64/:/apps/gent/RHEL8/cascadelake-ib/software/ncurses/6.3-GCCcore-11.3.0/lib/../lib64/:/apps/gent/RHEL8/cascadelake-ib/software/ScaLAPACK/2.2.0-gompi-2022a-fb/lib/../lib64/:/apps/gent/RHEL8/cascadelake-ib/software/FFTW.MPI/3.3.10-gompi-2022a/lib/../lib64/:/apps/gent/RHEL8/cascadelake-ib/software/FFTW/3.3.10-GCC-11.3.0/lib/../lib64/:/apps/gent/RHEL8/cascadelake-ib/software/FlexiBLAS/3.2.0-GCC-11.3.0/lib/../lib64/:/apps/gent/RHEL8/cascadelake-ib/software/OpenBLAS/0.3.20-GCC-11.3.0/lib/../lib64/:/apps/gent/RHEL8/cascadelake-ib/software/OpenMPI/4.1.4-GCC-11.3.0/lib/../lib64/:/apps/gent/RHEL8/cascadelake-ib/software/UCC/1.0.0-GCCcore-11.3.0/lib/../lib64/:/apps/gent/RHEL8/cascadelake-ib/software/PMIx/4.1.2-GCCcore-11.3.0/lib/../lib64/:/apps/gent/RHEL8/cascadelake-ib/software/libfabric/1.15.1-GCCcore-11.3.0/lib/../lib64/:/apps/gent/RHEL8/cascadelake-ib/software/UCX/1.12.1-GCCcore-11.3.0/lib/../lib64/:/apps/gent/RHEL8/cascadelake-ib/software/libevent/2.1.12-GCCcore-11.3.0/lib/../lib64/:/apps/gent/RHEL8/cascadelake-ib/software/OpenSSL/1.1/lib/../lib64/:/apps/gent/RHEL8/cascadelake-ib/software/hwloc/2.7.1-GCCcore-11.3.0/lib/../lib64/:/apps/gent/RHEL8/cascadelake-ib/software/libpciaccess/0.16-GCCcore-11.3.0/lib/../lib64/:/apps/gent/RHEL8/cascadelake-ib/software/libxml2/2.9.13-GCCcore-11.3.0/lib/../lib64/:/apps/gent/RHEL8/cascadelake-ib/software/XZ/5.2.5-GCCcore-11.3.0/lib/../lib64/:/apps/gent/RHEL8/cascadelake-ib/software/numactl/2.0.14-GCCcore-11.3.0/lib/../lib64/:/apps/gent/RHEL8/cascadelake-ib/software/binutils/2.38-GCCcore-11.3.0/lib/../lib64/:/apps/gent/RHEL8/cascadelake-ib/software/zlib/1.2.12-GCCcore-11.3.0/lib/../lib64/:/kyukon/home/apps/RHEL8/cascadelake-ib/software/GCCcore/11.3.0/bin/../lib/gcc/x86_64-pc-linux-gnu/11.3.0/../../../../lib64/:/lib/../lib64/:/usr/lib/../lib64/:/apps/gent/RHEL8/cascadelake-ib/software/Boost/1.79.0-GCC-11.3.0/lib/:/apps/gent/RHEL8/cascadelake-ib/software/ICU/71.1-GCCcore-11.3.0/lib/:/scratch/gent/vo/001/gvo00117/easybuild/RHEL8/cascadelake-ampere-ib/software/HDF5/1.10.8-gompi-2022a/lib/:/apps/gent/RHEL8/cascadelake-ib/software/Szip/2.1.1-GCCcore-11.3.0/lib/:/apps/gent/RHEL8/cascadelake-ib/software/libarchive/3.6.1-GCCcore-11.3.0/lib/:/apps/gent/RHEL8/cascadelake-ib/software/cURL/7.83.0-GCCcore-11.3.0/lib/:/apps/gent/RHEL8/cascadelake-ib/software/bzip2/1.0.8-GCCcore-11.3.0/lib/:/apps/gent/RHEL8/cascadelake-ib/software/ncurses/6.3-GCCcore-11.3.0/lib/:/apps/gent/RHEL8/cascadelake-ib/software/ScaLAPACK/2.2.0-gompi-2022a-fb/lib/:/apps/gent/RHEL8/cascadelake-ib/software/FFTW.MPI/3.3.10-gompi-2022a/lib/:/apps/gent/RHEL8/cascadelake-ib/software/FFTW/3.3.10-GCC-11.3.0/lib/:/apps/gent/RHEL8/cascadelake-ib/software/FlexiBLAS/3.2.0-GCC-11.3.0/lib/:/apps/gent/RHEL8/cascadelake-ib/software/OpenBLAS/0.3.20-GCC-11.3.0/lib/:/apps/gent/RHEL8/cascadelake-ib/software/OpenMPI/4.1.4-GCC-11.3.0/lib/:/apps/gent/RHEL8/cascadelake-ib/software/UCC/1.0.0-GCCcore-11.3.0/lib/:/apps/gent/RHEL8/cascadelake-ib/software/PMIx/4.1.2-GCCcore-11.3.0/lib/:/apps/gent/RHEL8/cascadelake-ib/software/libfabric/1.15.1-GCCcore-11.3.0/lib/:/apps/gent/RHEL8/cascadelake-ib/software/UCX/1.12.1-GCCcore-11.3.0/lib/:/apps/gent/RHEL8/cascadelake-ib/software/libevent/2.1.12-GCCcore-11.3.0/lib/:/apps/gent/RHEL8/cascadelake-ib/software/OpenSSL/1.1/lib/:/apps/gent/RHEL8/cascadelake-ib/software/hwloc/2.7.1-GCCcore-11.3.0/lib/:/apps/gent/RHEL8/cascadelake-ib/software/libpciaccess/0.16-GCCcore-11.3.0/lib/:/apps/gent/RHEL8/cascadelake-ib/software/libxml2/2.9.13-GCCcore-11.3.0/lib/:/apps/gent/RHEL8/cascadelake-ib/software/XZ/5.2.5-GCCcore-11.3.0/lib/:/apps/gent/RHEL8/cascadelake-ib/software/numactl/2.0.14-GCCcore-11.3.0/lib/:/apps/gent/RHEL8/cascadelake-ib/software/binutils/2.38-GCCcore-11.3.0/lib/:/apps/gent/RHEL8/cascadelake-ib/software/zlib/1.2.12-GCCcore-11.3.0/lib/:/kyukon/home/apps/RHEL8/cascadelake-ib/software/GCCcore/11.3.0/bin/../lib/gcc/x86_64-pc-linux-gnu/11.3.0/../../../:/lib/:/usr/lib/
COLLECT_GCC_OPTIONS='-O2' '-ftree-vectorize' '-march=native' '-fno-math-errno' '-Lgatb_v1.4.1/lib/' '-std=c++11' '-O3' '-v' '-rdynamic' '-o' 'cmTC_f1ebd' '-dumpdir' 'cmTC_f1ebd.'
 /kyukon/home/apps/RHEL8/cascadelake-ib/software/GCCcore/11.3.0/bin/../libexec/gcc/x86_64-pc-linux-gnu/11.3.0/collect2 -plugin /kyukon/home/apps/RHEL8/cascadelake-ib/software/GCCcore/11.3.0/bin/../libexec/gcc/x86_64-pc-linux-gnu/11.3.0/liblto_plugin.so -plugin-opt=/kyukon/home/apps/RHEL8/cascadelake-ib/software/GCCcore/11.3.0/bin/../libexec/gcc/x86_64-pc-linux-gnu/11.3.0/lto-wrapper -plugin-opt=-fresolution=/tmp/vsc43810/eb-dkc546kn/cc2VW6F7.res -plugin-opt=-pass-through=-lgcc -plugin-opt=-pass-through=-lgcc_s -plugin-opt=-pass-through=-lc -plugin-opt=-pass-through=-lgcc -plugin-opt=-pass-through=-lgcc_s --eh-frame-hdr -m elf_x86_64 -export-dynamic -dynamic-linker /lib64/ld-linux-x86-64.so.2 -o cmTC_f1ebd /lib/../lib64/crt1.o /lib/../lib64/crti.o /kyukon/home/apps/RHEL8/cascadelake-ib/software/GCCcore/11.3.0/bin/../lib/gcc/x86_64-pc-linux-gnu/11.3.0/crtbegin.o -Lgatb_v1.4.1/lib/ -L/kyukon/home/apps/RHEL8/cascadelake-ib/software/GCCcore/11.3.0/bin/../lib/gcc/x86_64-pc-linux-gnu/11.3.0 -L/kyukon/home/apps/RHEL8/cascadelake-ib/software/GCCcore/11.3.0/bin/../lib/gcc -L/apps/gent/RHEL8/cascadelake-ib/software/Boost/1.79.0-GCC-11.3.0/lib/../lib64 -L/apps/gent/RHEL8/cascadelake-ib/software/ICU/71.1-GCCcore-11.3.0/lib/../lib64 -L/scratch/gent/vo/001/gvo00117/easybuild/RHEL8/cascadelake-ampere-ib/software/HDF5/1.10.8-gompi-2022a/lib/../lib64 -L/apps/gent/RHEL8/cascadelake-ib/software/Szip/2.1.1-GCCcore-11.3.0/lib/../lib64 -L/apps/gent/RHEL8/cascadelake-ib/software/libarchive/3.6.1-GCCcore-11.3.0/lib/../lib64 -L/apps/gent/RHEL8/cascadelake-ib/software/cURL/7.83.0-GCCcore-11.3.0/lib/../lib64 -L/apps/gent/RHEL8/cascadelake-ib/software/bzip2/1.0.8-GCCcore-11.3.0/lib/../lib64 -L/apps/gent/RHEL8/cascadelake-ib/software/ncurses/6.3-GCCcore-11.3.0/lib/../lib64 -L/apps/gent/RHEL8/cascadelake-ib/software/ScaLAPACK/2.2.0-gompi-2022a-fb/lib/../lib64 -L/apps/gent/RHEL8/cascadelake-ib/software/FFTW.MPI/3.3.10-gompi-2022a/lib/../lib64 -L/apps/gent/RHEL8/cascadelake-ib/software/FFTW/3.3.10-GCC-11.3.0/lib/../lib64 -L/apps/gent/RHEL8/cascadelake-ib/software/FlexiBLAS/3.2.0-GCC-11.3.0/lib/../lib64 -L/apps/gent/RHEL8/cascadelake-ib/software/OpenBLAS/0.3.20-GCC-11.3.0/lib/../lib64 -L/apps/gent/RHEL8/cascadelake-ib/software/OpenMPI/4.1.4-GCC-11.3.0/lib/../lib64 -L/apps/gent/RHEL8/cascadelake-ib/software/UCC/1.0.0-GCCcore-11.3.0/lib/../lib64 -L/apps/gent/RHEL8/cascadelake-ib/software/PMIx/4.1.2-GCCcore-11.3.0/lib/../lib64 -L/apps/gent/RHEL8/cascadelake-ib/software/libfabric/1.15.1-GCCcore-11.3.0/lib/../lib64 -L/apps/gent/RHEL8/cascadelake-ib/software/UCX/1.12.1-GCCcore-11.3.0/lib/../lib64 -L/apps/gent/RHEL8/cascadelake-ib/software/libevent/2.1.12-GCCcore-11.3.0/lib/../lib64 -L/apps/gent/RHEL8/cascadelake-ib/software/OpenSSL/1.1/lib/../lib64 -L/apps/gent/RHEL8/cascadelake-ib/software/hwloc/2.7.1-GCCcore-11.3.0/lib/../lib64 -L/apps/gent/RHEL8/cascadelake-ib/software/libpciaccess/0.16-GCCcore-11.3.0/lib/../lib64 -L/apps/gent/RHEL8/cascadelake-ib/software/libxml2/2.9.13-GCCcore-11.3.0/lib/../lib64 -L/apps/gent/RHEL8/cascadelake-ib/software/XZ/5.2.5-GCCcore-11.3.0/lib/../lib64 -L/apps/gent/RHEL8/cascadelake-ib/software/numactl/2.0.14-GCCcore-11.3.0/lib/../lib64 -L/apps/gent/RHEL8/cascadelake-ib/software/binutils/2.38-GCCcore-11.3.0/lib/../lib64 -L/apps/gent/RHEL8/cascadelake-ib/software/zlib/1.2.12-GCCcore-11.3.0/lib/../lib64 -L/kyukon/home/apps/RHEL8/cascadelake-ib/software/GCCcore/11.3.0/bin/../lib/gcc/x86_64-pc-linux-gnu/11.3.0/../../../../lib64 -L/lib/../lib64 -L/usr/lib/../lib64 -L/apps/gent/RHEL8/cascadelake-ib/software/Boost/1.79.0-GCC-11.3.0/lib -L/apps/gent/RHEL8/cascadelake-ib/software/ICU/71.1-GCCcore-11.3.0/lib -L/scratch/gent/vo/001/gvo00117/easybuild/RHEL8/cascadelake-ampere-ib/software/HDF5/1.10.8-gompi-2022a/lib -L/apps/gent/RHEL8/cascadelake-ib/software/Szip/2.1.1-GCCcore-11.3.0/lib -L/apps/gent/RHEL8/cascadelake-ib/software/libarchive/3.6.1-GCCcore-11.3.0/lib -L/apps/gent/RHEL8/cascadelake-ib/software/cURL/7.83.0-GCCcore-11.3.0/lib -L/apps/gent/RHEL8/cascadelake-ib/software/bzip2/1.0.8-GCCcore-11.3.0/lib -L/apps/gent/RHEL8/cascadelake-ib/software/ncurses/6.3-GCCcore-11.3.0/lib -L/apps/gent/RHEL8/cascadelake-ib/software/ScaLAPACK/2.2.0-gompi-2022a-fb/lib -L/apps/gent/RHEL8/cascadelake-ib/software/FFTW.MPI/3.3.10-gompi-2022a/lib -L/apps/gent/RHEL8/cascadelake-ib/software/FFTW/3.3.10-GCC-11.3.0/lib -L/apps/gent/RHEL8/cascadelake-ib/software/FlexiBLAS/3.2.0-GCC-11.3.0/lib -L/apps/gent/RHEL8/cascadelake-ib/software/OpenBLAS/0.3.20-GCC-11.3.0/lib -L/apps/gent/RHEL8/cascadelake-ib/software/OpenMPI/4.1.4-GCC-11.3.0/lib -L/apps/gent/RHEL8/cascadelake-ib/software/UCC/1.0.0-GCCcore-11.3.0/lib -L/apps/gent/RHEL8/cascadelake-ib/software/PMIx/4.1.2-GCCcore-11.3.0/lib -L/apps/gent/RHEL8/cascadelake-ib/software/libfabric/1.15.1-GCCcore-11.3.0/lib -L/apps/gent/RHEL8/cascadelake-ib/software/UCX/1.12.1-GCCcore-11.3.0/lib -L/apps/gent/RHEL8/cascadelake-ib/software/libevent/2.1.12-GCCcore-11.3.0/lib -L/apps/gent/RHEL8/cascadelake-ib/software/OpenSSL/1.1/lib -L/apps/gent/RHEL8/cascadelake-ib/software/hwloc/2.7.1-GCCcore-11.3.0/lib -L/apps/gent/RHEL8/cascadelake-ib/software/libpciaccess/0.16-GCCcore-11.3.0/lib -L/apps/gent/RHEL8/cascadelake-ib/software/libxml2/2.9.13-GCCcore-11.3.0/lib -L/apps/gent/RHEL8/cascadelake-ib/software/XZ/5.2.5-GCCcore-11.3.0/lib -L/apps/gent/RHEL8/cascadelake-ib/software/numactl/2.0.14-GCCcore-11.3.0/lib -L/apps/gent/RHEL8/cascadelake-ib/software/binutils/2.38-GCCcore-11.3.0/lib -L/apps/gent/RHEL8/cascadelake-ib/software/zlib/1.2.12-GCCcore-11.3.0/lib -L/kyukon/home/apps/RHEL8/cascadelake-ib/software/GCCcore/11.3.0/bin/../lib/gcc/x86_64-pc-linux-gnu/11.3.0/../../.. -lgatbcore -lhdf5 -ldl -lz -lpthread CMakeFiles/cmTC_f1ebd.dir/CMakeCCompilerABI.c.o -lgcc --push-state --as-needed -lgcc_s --pop-state -lc -lgcc --push-state --as-needed -lgcc_s --pop-state /kyukon/home/apps/RHEL8/cascadelake-ib/software/GCCcore/11.3.0/bin/../lib/gcc/x86_64-pc-linux-gnu/11.3.0/crtend.o /lib/../lib64/crtn.o
/apps/gent/RHEL8/cascadelake-ib/software/binutils/2.38-GCCcore-11.3.0/bin/ld: cannot find -lgatbcore: No such file or directory
collect2: error: ld returned 1 exit status
gmake[3]: *** [CMakeFiles/cmTC_f1ebd.dir/build.make:99: cmTC_f1ebd] Error 1
gmake[3]: Leaving directory '/tmp/vsc43810/easybuild/build/LoRDEC/0.9/foss-2022a/lordec-src_0.9/gatb-core-1.4.1/gatb-core/build/CMakeFiles/CMakeTmp'
gmake[2]: *** [Makefile:127: cmTC_f1ebd/fast] Error 2
gmake[2]: Leaving directory '/tmp/vsc43810/easybuild/build/LoRDEC/0.9/foss-2022a/lordec-src_0.9/gatb-core-1.4.1/gatb-core/build/CMakeFiles/CMakeTmp'




Determining if the C compiler works failed with the following output:
Change Dir: /tmp/vsc43810/easybuild/build/LoRDEC/0.9/foss-2022a/lordec-src_0.9/gatb-core-1.4.1/gatb-core/build/CMakeFiles/CMakeTmp

Run Build Command(s):/usr/bin/gmake -f Makefile cmTC_85350/fast && gmake[2]: Entering directory '/tmp/vsc43810/easybuild/build/LoRDEC/0.9/foss-2022a/lordec-src_0.9/gatb-core-1.4.1/gatb-core/build/CMakeFiles/CMakeTmp'
/usr/bin/gmake  -f CMakeFiles/cmTC_85350.dir/build.make CMakeFiles/cmTC_85350.dir/build
gmake[3]: Entering directory '/tmp/vsc43810/easybuild/build/LoRDEC/0.9/foss-2022a/lordec-src_0.9/gatb-core-1.4.1/gatb-core/build/CMakeFiles/CMakeTmp'
Building C object CMakeFiles/cmTC_85350.dir/testCCompiler.c.o
/apps/gent/RHEL8/cascadelake-ib/software/GCCcore/11.3.0/bin/gcc   -O2 -ftree-vectorize -march=native -fno-math-errno  -o CMakeFiles/cmTC_85350.dir/testCCompiler.c.o -c /tmp/vsc43810/easybuild/build/LoRDEC/0.9/foss-2022a/lordec-src_0.9/gatb-core-1.4.1/gatb-core/build/CMakeFiles/CMakeTmp/testCCompiler.c
Linking C executable cmTC_85350
/kyukon/home/apps/RHEL8/cascadelake-ib/software/CMake/3.23.1-GCCcore-11.3.0/bin/cmake -E cmake_link_script CMakeFiles/cmTC_85350.dir/link.txt --verbose=1
/apps/gent/RHEL8/cascadelake-ib/software/GCCcore/11.3.0/bin/gcc -O2 -ftree-vectorize -march=native -fno-math-errno  -Lgatb_v1.4.1/lib/ -lgatbcore -lhdf5 -ldl -lz -lpthread -std=c++0x -O3  -rdynamic CMakeFiles/cmTC_85350.dir/testCCompiler.c.o -o cmTC_85350 
/apps/gent/RHEL8/cascadelake-ib/software/binutils/2.38-GCCcore-11.3.0/bin/ld: cannot find -lgatbcore: No such file or directory
collect2: error: ld returned 1 exit status
gmake[3]: *** [CMakeFiles/cmTC_85350.dir/build.make:99: cmTC_85350] Error 1
gmake[3]: Leaving directory '/tmp/vsc43810/easybuild/build/LoRDEC/0.9/foss-2022a/lordec-src_0.9/gatb-core-1.4.1/gatb-core/build/CMakeFiles/CMakeTmp'
gmake[2]: *** [Makefile:127: cmTC_85350/fast] Error 2
gmake[2]: Leaving directory '/tmp/vsc43810/easybuild/build/LoRDEC/0.9/foss-2022a/lordec-src_0.9/gatb-core-1.4.1/gatb-core/build/CMakeFiles/CMakeTmp'



