This file contains any messages produced by compilers while
running configure, to aid debugging if configure makes a mistake.

It was created by idba configure 1.1.3, which was
generated by GNU Autoconf 2.69.  Invocation command line was

  $ ./configure 

## --------- ##
## Platform. ##
## --------- ##

hostname = gligar08.gastly.os
uname -m = x86_64
uname -r = 4.18.0-477.27.1.el8_8.x86_64
uname -s = Linux
uname -v = #1 SMP Thu Aug 31 10:29:22 EDT 2023

/usr/bin/uname -p = x86_64
/bin/uname -X     = unknown

/bin/arch              = x86_64
/usr/bin/arch -k       = unknown
/usr/convex/getsysinfo = unknown
/usr/bin/hostinfo      = unknown
/bin/machine           = unknown
/usr/bin/oslevel       = unknown
/bin/universe          = unknown

PATH: /apps/gent/RHEL8/cascadelake-ib/software/Python/2.7.18-GCCcore-12.2.0-bare/bin
PATH: /apps/gent/RHEL8/cascadelake-ib/software/SQLite/3.39.4-GCCcore-12.2.0/bin
PATH: /apps/gent/RHEL8/cascadelake-ib/software/Tcl/8.6.12-GCCcore-12.2.0/bin
PATH: /apps/gent/RHEL8/cascadelake-ib/software/ncurses/6.3-GCCcore-12.2.0/bin
PATH: /apps/gent/RHEL8/cascadelake-ib/software/bzip2/1.0.8-GCCcore-12.2.0/bin
PATH: /apps/gent/RHEL8/cascadelake-ib/software/Java/11.0.20
PATH: /apps/gent/RHEL8/cascadelake-ib/software/Java/11.0.20/bin
PATH: /apps/gent/RHEL8/cascadelake-ib/software/FFTW/3.3.10-GCC-12.2.0/bin
PATH: /apps/gent/RHEL8/cascadelake-ib/software/FlexiBLAS/3.2.1-GCC-12.2.0/bin
PATH: /apps/gent/RHEL8/cascadelake-ib/software/OpenMPI/4.1.4-GCC-12.2.0/bin
PATH: /apps/gent/RHEL8/cascadelake-ib/software/UCC/1.1.0-GCCcore-12.2.0/bin
PATH: /apps/gent/RHEL8/cascadelake-ib/software/PMIx/4.2.2-GCCcore-12.2.0/bin
PATH: /apps/gent/RHEL8/cascadelake-ib/software/libfabric/1.16.1-GCCcore-12.2.0/bin
PATH: /apps/gent/RHEL8/cascadelake-ib/software/UCX/1.13.1-GCCcore-12.2.0/bin
PATH: /apps/gent/RHEL8/cascadelake-ib/software/libevent/2.1.12-GCCcore-12.2.0/bin
PATH: /apps/gent/RHEL8/cascadelake-ib/software/OpenSSL/1.1/bin
PATH: /apps/gent/RHEL8/cascadelake-ib/software/hwloc/2.8.0-GCCcore-12.2.0/sbin
PATH: /apps/gent/RHEL8/cascadelake-ib/software/hwloc/2.8.0-GCCcore-12.2.0/bin
PATH: /apps/gent/RHEL8/cascadelake-ib/software/libxml2/2.10.3-GCCcore-12.2.0/bin
PATH: /apps/gent/RHEL8/cascadelake-ib/software/XZ/5.2.7-GCCcore-12.2.0/bin
PATH: /apps/gent/RHEL8/cascadelake-ib/software/numactl/2.0.16-GCCcore-12.2.0/bin
PATH: /apps/gent/RHEL8/cascadelake-ib/software/binutils/2.39-GCCcore-12.2.0/bin
PATH: /apps/gent/RHEL8/cascadelake-ib/software/GCCcore/12.2.0/bin
PATH: /usr/libexec/jobcli
PATH: /user/gent/438/vsc43810/.local/bin
PATH: /user/gent/438/vsc43810/easybuild/easybuild-framework
PATH: /kyukon/home/gent/438/vsc43810/.vscode-server/bin/1a5daa3a0231a0fbba4f14db7ec463cf99d7768e/bin/remote-cli
PATH: /usr/local/bin
PATH: /usr/bin
PATH: /usr/local/sbin
PATH: /usr/sbin
PATH: /user/gent/438/vsc43810/.dotnet/tools


## ----------- ##
## Core tests. ##
## ----------- ##

configure:2204: checking for a BSD-compatible install
configure:2272: result: /usr/bin/install -c
configure:2283: checking whether build environment is sane
configure:2338: result: yes
configure:2489: checking for a thread-safe mkdir -p
configure:2528: result: /usr/bin/mkdir -p
configure:2535: checking for gawk
configure:2551: found /usr/bin/gawk
configure:2562: result: gawk
configure:2573: checking whether make sets $(MAKE)
configure:2595: result: yes
configure:2624: checking whether make supports nested variables
configure:2641: result: yes
configure:2882: checking for C++ compiler version
configure:2891: g++ --version >&5
g++ (GCC) 12.2.0
Copyright (C) 2022 Free Software Foundation, Inc.
This is free software; see the source for copying conditions.  There is NO
warranty; not even for MERCHANTABILITY or FITNESS FOR A PARTICULAR PURPOSE.

configure:2902: $? = 0
configure:2891: g++ -v >&5
Using built-in specs.
COLLECT_GCC=g++
COLLECT_LTO_WRAPPER=/kyukon/home/apps/RHEL8/cascadelake-ib/software/GCCcore/12.2.0/bin/../libexec/gcc/x86_64-pc-linux-gnu/12.2.0/lto-wrapper
OFFLOAD_TARGET_NAMES=nvptx-none
Target: x86_64-pc-linux-gnu
Configured with: ../configure --enable-languages=c,c++,fortran --without-cuda-driver --enable-offload-targets=nvptx-none --enable-lto --enable-checking=release --disable-multilib --enable-shared=yes --enable-static=yes --enable-threads=posix --enable-plugins --enable-gold --enable-ld=default --prefix=/apps/gent/RHEL8/cascadelake-ib/software/GCCcore/12.2.0 --with-local-prefix=/apps/gent/RHEL8/cascadelake-ib/software/GCCcore/12.2.0 --enable-bootstrap --with-isl=/tmp/vsc40003/easybuild/GCCcore/12.2.0/system-system/gcc-12.2.0/stage2_stuff --build=x86_64-pc-linux-gnu --host=x86_64-pc-linux-gnu
Thread model: posix
Supported LTO compression algorithms: zlib zstd
gcc version 12.2.0 (GCC) 
configure:2902: $? = 0
configure:2891: g++ -V >&5
g++: error: unrecognized command-line option '-V'
g++: fatal error: no input files
compilation terminated.
configure:2902: $? = 1
configure:2891: g++ -qversion >&5
g++: error: unrecognized command-line option '-qversion'; did you mean '--version'?
g++: fatal error: no input files
compilation terminated.
configure:2902: $? = 1
configure:2922: checking whether the C++ compiler works
configure:2944: g++ -O2 -ftree-vectorize -march=native -fno-math-errno -I/apps/gent/RHEL8/cascadelake-ib/software/Python/2.7.18-GCCcore-12.2.0-bare/include -I/apps/gent/RHEL8/cascadelake-ib/software/Java/11.0.20/include -I/apps/gent/RHEL8/cascadelake-ib/software/FFTW/3.3.10-GCC-12.2.0/include -I/apps/gent/RHEL8/cascadelake-ib/software/FlexiBLAS/3.2.1-GCC-12.2.0/include -I/apps/gent/RHEL8/cascadelake-ib/software/FlexiBLAS/3.2.1-GCC-12.2.0/include/flexiblas -L/apps/gent/RHEL8/cascadelake-ib/software/Python/2.7.18-GCCcore-12.2.0-bare/lib64 -L/apps/gent/RHEL8/cascadelake-ib/software/Python/2.7.18-GCCcore-12.2.0-bare/lib -L/apps/gent/RHEL8/cascadelake-ib/software/Java/11.0.20/lib64 -L/apps/gent/RHEL8/cascadelake-ib/software/Java/11.0.20/lib -L/apps/gent/RHEL8/cascadelake-ib/software/FFTW/3.3.10-GCC-12.2.0/lib64 -L/apps/gent/RHEL8/cascadelake-ib/software/FFTW/3.3.10-GCC-12.2.0/lib -L/apps/gent/RHEL8/cascadelake-ib/software/ScaLAPACK/2.2.0-gompi-2022b-fb/lib64 -L/apps/gent/RHEL8/cascadelake-ib/software/ScaLAPACK/2.2.0-gompi-2022b-fb/lib -L/apps/gent/RHEL8/cascadelake-ib/software/FlexiBLAS/3.2.1-GCC-12.2.0/lib64 -L/apps/gent/RHEL8/cascadelake-ib/software/FlexiBLAS/3.2.1-GCC-12.2.0/lib -L/apps/gent/RHEL8/cascadelake-ib/software/GCCcore/12.2.0/lib64 -L/apps/gent/RHEL8/cascadelake-ib/software/GCCcore/12.2.0/lib conftest.cpp -lm -lpthread >&5
Assembler messages:
Internal error (Illegal instruction).
Please report this bug.
configure:2948: $? = 1
configure:2986: result: no
configure: failed program was:
| /* confdefs.h */
| #define PACKAGE_NAME "idba"
| #define PACKAGE_TARNAME "idba"
| #define PACKAGE_VERSION "1.1.3"
| #define PACKAGE_STRING "idba 1.1.3"
| #define PACKAGE_BUGREPORT "loneknightpy@gmail.com"
| #define PACKAGE_URL ""
| #define PACKAGE "idba"
| #define VERSION "1.1.3"
| /* end confdefs.h.  */
| 
| int
| main ()
| {
| 
|   ;
|   return 0;
| }
configure:2991: error: in `/tmp/vsc43810/easybuild/build/MitoFinder/1.4.1/foss-2022b-Python-2.7.18/MitoFinder-1.4.1/idba':
configure:2993: error: C++ compiler cannot create executables
See `config.log' for more details

## ---------------- ##
## Cache variables. ##
## ---------------- ##

ac_cv_env_CCC_set=
ac_cv_env_CCC_value=
ac_cv_env_CC_set=set
ac_cv_env_CC_value=gcc
ac_cv_env_CFLAGS_set=set
ac_cv_env_CFLAGS_value='-O2 -ftree-vectorize -march=native -fno-math-errno'
ac_cv_env_CPPFLAGS_set=set
ac_cv_env_CPPFLAGS_value='-I/apps/gent/RHEL8/cascadelake-ib/software/Python/2.7.18-GCCcore-12.2.0-bare/include -I/apps/gent/RHEL8/cascadelake-ib/software/Java/11.0.20/include -I/apps/gent/RHEL8/cascadelake-ib/software/FFTW/3.3.10-GCC-12.2.0/include -I/apps/gent/RHEL8/cascadelake-ib/software/FlexiBLAS/3.2.1-GCC-12.2.0/include -I/apps/gent/RHEL8/cascadelake-ib/software/FlexiBLAS/3.2.1-GCC-12.2.0/include/flexiblas'
ac_cv_env_CPP_set=
ac_cv_env_CPP_value=
ac_cv_env_CXXFLAGS_set=set
ac_cv_env_CXXFLAGS_value='-O2 -ftree-vectorize -march=native -fno-math-errno'
ac_cv_env_CXX_set=set
ac_cv_env_CXX_value=g++
ac_cv_env_LDFLAGS_set=set
ac_cv_env_LDFLAGS_value='-L/apps/gent/RHEL8/cascadelake-ib/software/Python/2.7.18-GCCcore-12.2.0-bare/lib64 -L/apps/gent/RHEL8/cascadelake-ib/software/Python/2.7.18-GCCcore-12.2.0-bare/lib -L/apps/gent/RHEL8/cascadelake-ib/software/Java/11.0.20/lib64 -L/apps/gent/RHEL8/cascadelake-ib/software/Java/11.0.20/lib -L/apps/gent/RHEL8/cascadelake-ib/software/FFTW/3.3.10-GCC-12.2.0/lib64 -L/apps/gent/RHEL8/cascadelake-ib/software/FFTW/3.3.10-GCC-12.2.0/lib -L/apps/gent/RHEL8/cascadelake-ib/software/ScaLAPACK/2.2.0-gompi-2022b-fb/lib64 -L/apps/gent/RHEL8/cascadelake-ib/software/ScaLAPACK/2.2.0-gompi-2022b-fb/lib -L/apps/gent/RHEL8/cascadelake-ib/software/FlexiBLAS/3.2.1-GCC-12.2.0/lib64 -L/apps/gent/RHEL8/cascadelake-ib/software/FlexiBLAS/3.2.1-GCC-12.2.0/lib -L/apps/gent/RHEL8/cascadelake-ib/software/GCCcore/12.2.0/lib64 -L/apps/gent/RHEL8/cascadelake-ib/software/GCCcore/12.2.0/lib'
ac_cv_env_LIBS_set=set
ac_cv_env_LIBS_value='-lm -lpthread'
ac_cv_env_build_alias_set=
ac_cv_env_build_alias_value=
ac_cv_env_host_alias_set=
ac_cv_env_host_alias_value=
ac_cv_env_target_alias_set=
ac_cv_env_target_alias_value=
ac_cv_path_install='/usr/bin/install -c'
ac_cv_path_mkdir=/usr/bin/mkdir
ac_cv_prog_AWK=gawk
ac_cv_prog_make_make_set=yes
am_cv_make_support_nested_variables=yes

## ----------------- ##
## Output variables. ##
## ----------------- ##

ACLOCAL='${SHELL} /tmp/vsc43810/easybuild/build/MitoFinder/1.4.1/foss-2022b-Python-2.7.18/MitoFinder-1.4.1/idba/missing aclocal-1.16'
AMDEPBACKSLASH=''
AMDEP_FALSE=''
AMDEP_TRUE=''
AMTAR='$${TAR-tar}'
AM_BACKSLASH='\'
AM_DEFAULT_V='$(AM_DEFAULT_VERBOSITY)'
AM_DEFAULT_VERBOSITY='1'
AM_V='$(V)'
AUTOCONF='${SHELL} /tmp/vsc43810/easybuild/build/MitoFinder/1.4.1/foss-2022b-Python-2.7.18/MitoFinder-1.4.1/idba/missing autoconf'
AUTOHEADER='${SHELL} /tmp/vsc43810/easybuild/build/MitoFinder/1.4.1/foss-2022b-Python-2.7.18/MitoFinder-1.4.1/idba/missing autoheader'
AUTOMAKE='${SHELL} /tmp/vsc43810/easybuild/build/MitoFinder/1.4.1/foss-2022b-Python-2.7.18/MitoFinder-1.4.1/idba/missing automake-1.16'
AWK='gawk'
CC='gcc'
CCDEPMODE=''
CFLAGS='-O2 -ftree-vectorize -march=native -fno-math-errno'
CPP=''
CPPFLAGS='-I/apps/gent/RHEL8/cascadelake-ib/software/Python/2.7.18-GCCcore-12.2.0-bare/include -I/apps/gent/RHEL8/cascadelake-ib/software/Java/11.0.20/include -I/apps/gent/RHEL8/cascadelake-ib/software/FFTW/3.3.10-GCC-12.2.0/include -I/apps/gent/RHEL8/cascadelake-ib/software/FlexiBLAS/3.2.1-GCC-12.2.0/include -I/apps/gent/RHEL8/cascadelake-ib/software/FlexiBLAS/3.2.1-GCC-12.2.0/include/flexiblas'
CXX='g++'
CXXDEPMODE=''
CXXFLAGS='-O2 -ftree-vectorize -march=native -fno-math-errno'
CYGPATH_W='echo'
DEFS=''
DEPDIR=''
ECHO_C=''
ECHO_N='-n'
ECHO_T=''
EGREP=''
EXEEXT=''
GREP=''
INSTALL_DATA='${INSTALL} -m 644'
INSTALL_PROGRAM='${INSTALL}'
INSTALL_SCRIPT='${INSTALL}'
INSTALL_STRIP_PROGRAM='$(install_sh) -c -s'
LDFLAGS='-L/apps/gent/RHEL8/cascadelake-ib/software/Python/2.7.18-GCCcore-12.2.0-bare/lib64 -L/apps/gent/RHEL8/cascadelake-ib/software/Python/2.7.18-GCCcore-12.2.0-bare/lib -L/apps/gent/RHEL8/cascadelake-ib/software/Java/11.0.20/lib64 -L/apps/gent/RHEL8/cascadelake-ib/software/Java/11.0.20/lib -L/apps/gent/RHEL8/cascadelake-ib/software/FFTW/3.3.10-GCC-12.2.0/lib64 -L/apps/gent/RHEL8/cascadelake-ib/software/FFTW/3.3.10-GCC-12.2.0/lib -L/apps/gent/RHEL8/cascadelake-ib/software/ScaLAPACK/2.2.0-gompi-2022b-fb/lib64 -L/apps/gent/RHEL8/cascadelake-ib/software/ScaLAPACK/2.2.0-gompi-2022b-fb/lib -L/apps/gent/RHEL8/cascadelake-ib/software/FlexiBLAS/3.2.1-GCC-12.2.0/lib64 -L/apps/gent/RHEL8/cascadelake-ib/software/FlexiBLAS/3.2.1-GCC-12.2.0/lib -L/apps/gent/RHEL8/cascadelake-ib/software/GCCcore/12.2.0/lib64 -L/apps/gent/RHEL8/cascadelake-ib/software/GCCcore/12.2.0/lib'
LIBOBJS=''
LIBS='-lm -lpthread'
LTLIBOBJS=''
MAKEINFO='${SHELL} /tmp/vsc43810/easybuild/build/MitoFinder/1.4.1/foss-2022b-Python-2.7.18/MitoFinder-1.4.1/idba/missing makeinfo'
MKDIR_P='/usr/bin/mkdir -p'
OBJEXT=''
PACKAGE='idba'
PACKAGE_BUGREPORT='loneknightpy@gmail.com'
PACKAGE_NAME='idba'
PACKAGE_STRING='idba 1.1.3'
PACKAGE_TARNAME='idba'
PACKAGE_URL=''
PACKAGE_VERSION='1.1.3'
PATH_SEPARATOR=':'
RANLIB=''
SET_MAKE=''
SHELL='/bin/sh'
STRIP=''
VERSION='1.1.3'
ac_ct_CC=''
ac_ct_CXX=''
am__EXEEXT_FALSE=''
am__EXEEXT_TRUE=''
am__fastdepCC_FALSE=''
am__fastdepCC_TRUE=''
am__fastdepCXX_FALSE=''
am__fastdepCXX_TRUE=''
am__include=''
am__isrc=''
am__leading_dot='.'
am__nodep=''
am__quote=''
am__tar='$${TAR-tar} chof - "$$tardir"'
am__untar='$${TAR-tar} xf -'
bindir='${exec_prefix}/bin'
build_alias=''
datadir='${datarootdir}'
datarootdir='${prefix}/share'
docdir='${datarootdir}/doc/${PACKAGE_TARNAME}'
dvidir='${docdir}'
exec_prefix='NONE'
host_alias=''
htmldir='${docdir}'
includedir='${prefix}/include'
infodir='${datarootdir}/info'
install_sh='${SHELL} /tmp/vsc43810/easybuild/build/MitoFinder/1.4.1/foss-2022b-Python-2.7.18/MitoFinder-1.4.1/idba/install-sh'
libdir='${exec_prefix}/lib'
libexecdir='${exec_prefix}/libexec'
localedir='${datarootdir}/locale'
localstatedir='${prefix}/var'
mandir='${datarootdir}/man'
mkdir_p='$(MKDIR_P)'
oldincludedir='/usr/include'
pdfdir='${docdir}'
prefix='NONE'
program_transform_name='s,x,x,'
psdir='${docdir}'
sbindir='${exec_prefix}/sbin'
sharedstatedir='${prefix}/com'
sysconfdir='${prefix}/etc'
target_alias=''

## ----------- ##
## confdefs.h. ##
## ----------- ##

/* confdefs.h */
#define PACKAGE_NAME "idba"
#define PACKAGE_TARNAME "idba"
#define PACKAGE_VERSION "1.1.3"
#define PACKAGE_STRING "idba 1.1.3"
#define PACKAGE_BUGREPORT "loneknightpy@gmail.com"
#define PACKAGE_URL ""
#define PACKAGE "idba"
#define VERSION "1.1.3"

configure: exit 77
