This file contains any messages produced by compilers while
running configure, to aid debugging if configure makes a mistake.

It was created by GNU Automake configure 1.13.4, which was
generated by GNU Autoconf 2.69.  Invocation command line was

  $ ./configure --prefix=/tmp/vsc43810/easybuild/build/MitoFinder/1.4.1/foss-2022b-Python-2.7.18/MitoFinder-1.4.1/trnascanSE/automake-1.13.4/exec

## --------- ##
## Platform. ##
## --------- ##

hostname = gligar08.gastly.os
uname -m = x86_64
uname -r = 4.18.0-477.27.1.el8_8.x86_64
uname -s = Linux
uname -v = #1 SMP Thu Aug 31 10:29:22 EDT 2023

/usr/bin/uname -p = x86_64
/bin/uname -X     = unknown

/bin/arch              = x86_64
/usr/bin/arch -k       = unknown
/usr/convex/getsysinfo = unknown
/usr/bin/hostinfo      = unknown
/bin/machine           = unknown
/usr/bin/oslevel       = unknown
/bin/universe          = unknown

PATH: /apps/gent/RHEL8/cascadelake-ib/software/Python/2.7.18-GCCcore-12.2.0-bare/bin
PATH: /apps/gent/RHEL8/cascadelake-ib/software/SQLite/3.39.4-GCCcore-12.2.0/bin
PATH: /apps/gent/RHEL8/cascadelake-ib/software/Tcl/8.6.12-GCCcore-12.2.0/bin
PATH: /apps/gent/RHEL8/cascadelake-ib/software/ncurses/6.3-GCCcore-12.2.0/bin
PATH: /apps/gent/RHEL8/cascadelake-ib/software/bzip2/1.0.8-GCCcore-12.2.0/bin
PATH: /apps/gent/RHEL8/cascadelake-ib/software/Java/11.0.20
PATH: /apps/gent/RHEL8/cascadelake-ib/software/Java/11.0.20/bin
PATH: /apps/gent/RHEL8/cascadelake-ib/software/FFTW/3.3.10-GCC-12.2.0/bin
PATH: /apps/gent/RHEL8/cascadelake-ib/software/FlexiBLAS/3.2.1-GCC-12.2.0/bin
PATH: /apps/gent/RHEL8/cascadelake-ib/software/OpenMPI/4.1.4-GCC-12.2.0/bin
PATH: /apps/gent/RHEL8/cascadelake-ib/software/UCC/1.1.0-GCCcore-12.2.0/bin
PATH: /apps/gent/RHEL8/cascadelake-ib/software/PMIx/4.2.2-GCCcore-12.2.0/bin
PATH: /apps/gent/RHEL8/cascadelake-ib/software/libfabric/1.16.1-GCCcore-12.2.0/bin
PATH: /apps/gent/RHEL8/cascadelake-ib/software/UCX/1.13.1-GCCcore-12.2.0/bin
PATH: /apps/gent/RHEL8/cascadelake-ib/software/libevent/2.1.12-GCCcore-12.2.0/bin
PATH: /apps/gent/RHEL8/cascadelake-ib/software/OpenSSL/1.1/bin
PATH: /apps/gent/RHEL8/cascadelake-ib/software/hwloc/2.8.0-GCCcore-12.2.0/sbin
PATH: /apps/gent/RHEL8/cascadelake-ib/software/hwloc/2.8.0-GCCcore-12.2.0/bin
PATH: /apps/gent/RHEL8/cascadelake-ib/software/libxml2/2.10.3-GCCcore-12.2.0/bin
PATH: /apps/gent/RHEL8/cascadelake-ib/software/XZ/5.2.7-GCCcore-12.2.0/bin
PATH: /apps/gent/RHEL8/cascadelake-ib/software/numactl/2.0.16-GCCcore-12.2.0/bin
PATH: /apps/gent/RHEL8/cascadelake-ib/software/binutils/2.39-GCCcore-12.2.0/bin
PATH: /apps/gent/RHEL8/cascadelake-ib/software/GCCcore/12.2.0/bin
PATH: /usr/libexec/jobcli
PATH: /user/gent/438/vsc43810/.local/bin
PATH: /user/gent/438/vsc43810/easybuild/easybuild-framework
PATH: /kyukon/home/gent/438/vsc43810/.vscode-server/bin/1a5daa3a0231a0fbba4f14db7ec463cf99d7768e/bin/remote-cli
PATH: /usr/local/bin
PATH: /usr/bin
PATH: /usr/local/sbin
PATH: /usr/sbin
PATH: /user/gent/438/vsc43810/.dotnet/tools


## ----------- ##
## Core tests. ##
## ----------- ##

configure:2032: checking whether make supports nested variables
configure:2049: result: yes
configure:2065: checking build system type
configure:2079: result: x86_64-unknown-linux-gnu
configure:2099: checking host system type
configure:2112: result: x86_64-unknown-linux-gnu
configure:2165: checking for a BSD-compatible install
configure:2233: result: /usr/bin/install -c
configure:2244: checking whether build environment is sane
configure:2299: result: yes
configure:2450: checking for a thread-safe mkdir -p
configure:2489: result: /usr/bin/mkdir -p
configure:2496: checking for gawk
configure:2512: found /usr/bin/gawk
configure:2523: result: gawk
configure:2534: checking whether make sets $(MAKE)
configure:2556: result: yes
configure:2672: checking whether ln -s works
configure:2676: result: yes
configure:2686: checking for perl
configure:2704: found /usr/bin/perl
configure:2716: result: /usr/bin/perl
configure:2728: /usr/bin/perl --version

This is perl 5, version 26, subversion 3 (v5.26.3) built for x86_64-linux-thread-multi
(with 58 registered patches, see perl -V for more detail)

Copyright 1987-2018, Larry Wall

Perl may be copied only under the terms of either the Artistic License or the
GNU General Public License, which may be found in the Perl 5 source kit.

Complete documentation for Perl, including FAQ lists, should be found on
this system using "man perl" or "perldoc perl".  If you have access to the
Internet, point your browser at http://www.perl.org/, the Perl Home Page.

configure:2731: $? = 0
configure:2741: checking whether /usr/bin/perl supports ithreads
configure:2764: result: yes
configure:2776: checking for tex
configure:2792: found /usr/bin/tex
configure:2803: result: tex
configure:2814: tex --version </dev/null
TeX 3.14159265 (TeX Live 2018)
kpathsea version 6.3.0
Copyright 2018 D.E. Knuth.
There is NO warranty.  Redistribution of this software is
covered by the terms of both the TeX copyright and
the Lesser GNU General Public License.
For more information about these matters, see the file
named COPYING and the TeX source.
Primary author of TeX: D.E. Knuth.
configure:2817: $? = 0
configure:2835: checking for yacc
configure:2851: found /usr/bin/yacc
configure:2862: result: yacc
configure:2878: checking for lex
configure:2894: found /usr/bin/lex
configure:2905: result: lex
configure:2926: checking whether autoconf is installed
configure:2931: autoconf --version
autoconf (GNU Autoconf) 2.69
Copyright (C) 2012 Free Software Foundation, Inc.
License GPLv3+/Autoconf: GNU GPL version 3 or later
<http://gnu.org/licenses/gpl.html>, <http://gnu.org/licenses/exceptions.html>
This is free software: you are free to change and redistribute it.
There is NO WARRANTY, to the extent permitted by law.

Written by David J. MacKenzie and Akim Demaille.
configure:2934: $? = 0
configure:2942: result: yes
configure:2949: checking whether autoconf works
configure:2956: cd conftest && autoconf -o /dev/null conftest.ac
configure:2959: $? = 0
configure:2968: result: yes
configure:2975: checking whether autoconf is recent enough
configure:2982: cd conftest && autoconf -o /dev/null conftest.ac
configure:2985: $? = 0
configure:2994: result: yes
configure:3001: checking whether ln works
configure:3021: result: yes
configure:3039: checking for grep that handles long lines and -e
configure:3097: result: /usr/bin/grep
configure:3102: checking for egrep
configure:3164: result: /usr/bin/grep -E
configure:3169: checking for fgrep
configure:3231: result: /usr/bin/grep -F
configure:3274: will now look for a sturdy POSIX shell, for our testsuite
configure:3310: checking for sh
configure:3328: found /usr/bin/sh
configure:3340: result: /usr/bin/sh
configure:3310: checking for sh5
configure:3343: result: no
configure:3310: checking for dash
configure:3343: result: no
configure:3310: checking for ash
configure:3343: result: no
configure:3310: checking for bash
configure:3328: found /usr/bin/bash
configure:3340: result: /usr/bin/bash
configure:3310: checking for zsh
configure:3328: found /usr/bin/zsh
configure:3340: result: /usr/bin/zsh
configure:3310: checking for ksh
configure:3328: found /usr/bin/ksh
configure:3340: result: /usr/bin/ksh
configure:3310: checking for pdksh
configure:3343: result: no
configure:3364: checking whether /usr/bin/sh supports $(cmd)
configure:3374: result: yes
configure:3384: checking whether /usr/bin/sh supports $((expr))
configure:3394: result: yes
configure:3404: checking whether /usr/bin/sh supports ${#var}
configure:3417: result: yes
configure:3427: checking whether /usr/bin/sh supports ${var#glob} and ${var%glob}
configure:3441: result: yes
configure:3451: checking whether /usr/bin/sh preserves exit traps with "set -e"
configure:3461: result: yes
configure:3471: checking whether /usr/bin/sh can define exit traps in a shell function
configure:3481: result: yes
configure:3491: checking whether /usr/bin/sh corrupts stderr with "set -x"
configure:3505: result: no
configure:3513: checking whether /usr/bin/sh can return early from "dot-sourced" files
configure:3523: result: yes
configure:3535: checking whether /usr/bin/sh supports alias named like shell builtins

configure:3545: result: yes
configure:3555: checking whether /usr/bin/sh supports "test -e"
configure:3565: result: yes
configure:3583: shell /usr/bin/sh is good enough, stop looking
configure:3600: will use /usr/bin/sh as the testsuite shell
configure:3624: will now look for generic compilers
configure:3747: checking for C compiler version
configure:3756: gcc --version >&5
gcc (GCC) 12.2.0
Copyright (C) 2022 Free Software Foundation, Inc.
This is free software; see the source for copying conditions.  There is NO
warranty; not even for MERCHANTABILITY or FITNESS FOR A PARTICULAR PURPOSE.

configure:3767: $? = 0
configure:3756: gcc -v >&5
Using built-in specs.
COLLECT_GCC=gcc
COLLECT_LTO_WRAPPER=/kyukon/home/apps/RHEL8/cascadelake-ib/software/GCCcore/12.2.0/bin/../libexec/gcc/x86_64-pc-linux-gnu/12.2.0/lto-wrapper
OFFLOAD_TARGET_NAMES=nvptx-none
Target: x86_64-pc-linux-gnu
Configured with: ../configure --enable-languages=c,c++,fortran --without-cuda-driver --enable-offload-targets=nvptx-none --enable-lto --enable-checking=release --disable-multilib --enable-shared=yes --enable-static=yes --enable-threads=posix --enable-plugins --enable-gold --enable-ld=default --prefix=/apps/gent/RHEL8/cascadelake-ib/software/GCCcore/12.2.0 --with-local-prefix=/apps/gent/RHEL8/cascadelake-ib/software/GCCcore/12.2.0 --enable-bootstrap --with-isl=/tmp/vsc40003/easybuild/GCCcore/12.2.0/system-system/gcc-12.2.0/stage2_stuff --build=x86_64-pc-linux-gnu --host=x86_64-pc-linux-gnu
Thread model: posix
Supported LTO compression algorithms: zlib zstd
gcc version 12.2.0 (GCC) 
configure:3767: $? = 0
configure:3756: gcc -V >&5
gcc: error: unrecognized command-line option '-V'
gcc: fatal error: no input files
compilation terminated.
configure:3767: $? = 1
configure:3756: gcc -qversion >&5
gcc: error: unrecognized command-line option '-qversion'; did you mean '--version'?
gcc: fatal error: no input files
compilation terminated.
configure:3767: $? = 1
configure:3787: checking whether the C compiler works
configure:3809: gcc -O2 -ftree-vectorize -march=native -fno-math-errno -I/apps/gent/RHEL8/cascadelake-ib/software/Python/2.7.18-GCCcore-12.2.0-bare/include -I/apps/gent/RHEL8/cascadelake-ib/software/Java/11.0.20/include -I/apps/gent/RHEL8/cascadelake-ib/software/FFTW/3.3.10-GCC-12.2.0/include -I/apps/gent/RHEL8/cascadelake-ib/software/FlexiBLAS/3.2.1-GCC-12.2.0/include -I/apps/gent/RHEL8/cascadelake-ib/software/FlexiBLAS/3.2.1-GCC-12.2.0/include/flexiblas -L/apps/gent/RHEL8/cascadelake-ib/software/Python/2.7.18-GCCcore-12.2.0-bare/lib64 -L/apps/gent/RHEL8/cascadelake-ib/software/Python/2.7.18-GCCcore-12.2.0-bare/lib -L/apps/gent/RHEL8/cascadelake-ib/software/Java/11.0.20/lib64 -L/apps/gent/RHEL8/cascadelake-ib/software/Java/11.0.20/lib -L/apps/gent/RHEL8/cascadelake-ib/software/FFTW/3.3.10-GCC-12.2.0/lib64 -L/apps/gent/RHEL8/cascadelake-ib/software/FFTW/3.3.10-GCC-12.2.0/lib -L/apps/gent/RHEL8/cascadelake-ib/software/ScaLAPACK/2.2.0-gompi-2022b-fb/lib64 -L/apps/gent/RHEL8/cascadelake-ib/software/ScaLAPACK/2.2.0-gompi-2022b-fb/lib -L/apps/gent/RHEL8/cascadelake-ib/software/FlexiBLAS/3.2.1-GCC-12.2.0/lib64 -L/apps/gent/RHEL8/cascadelake-ib/software/FlexiBLAS/3.2.1-GCC-12.2.0/lib -L/apps/gent/RHEL8/cascadelake-ib/software/GCCcore/12.2.0/lib64 -L/apps/gent/RHEL8/cascadelake-ib/software/GCCcore/12.2.0/lib conftest.c -lm -lpthread >&5
Assembler messages:
Internal error (Illegal instruction).
Please report this bug.
configure:3813: $? = 1
configure:3851: result: no
configure: failed program was:
| /* confdefs.h */
| #define PACKAGE_NAME "GNU Automake"
| #define PACKAGE_TARNAME "automake"
| #define PACKAGE_VERSION "1.13.4"
| #define PACKAGE_STRING "GNU Automake 1.13.4"
| #define PACKAGE_BUGREPORT "bug-automake@gnu.org"
| #define PACKAGE_URL "http://www.gnu.org/software/automake/"
| /* end confdefs.h.  */
| 
| int
| main ()
| {
| 
|   ;
|   return 0;
| }
configure:3857: WARNING: C compiler cannot create executables
configure:4244: tests requiring the C compiler will be skipped
configure:4400: checking for C++ compiler version
configure:4409: g++ --version >&5
g++ (GCC) 12.2.0
Copyright (C) 2022 Free Software Foundation, Inc.
This is free software; see the source for copying conditions.  There is NO
warranty; not even for MERCHANTABILITY or FITNESS FOR A PARTICULAR PURPOSE.

configure:4420: $? = 0
configure:4409: g++ -v >&5
Using built-in specs.
COLLECT_GCC=g++
COLLECT_LTO_WRAPPER=/kyukon/home/apps/RHEL8/cascadelake-ib/software/GCCcore/12.2.0/bin/../libexec/gcc/x86_64-pc-linux-gnu/12.2.0/lto-wrapper
OFFLOAD_TARGET_NAMES=nvptx-none
Target: x86_64-pc-linux-gnu
Configured with: ../configure --enable-languages=c,c++,fortran --without-cuda-driver --enable-offload-targets=nvptx-none --enable-lto --enable-checking=release --disable-multilib --enable-shared=yes --enable-static=yes --enable-threads=posix --enable-plugins --enable-gold --enable-ld=default --prefix=/apps/gent/RHEL8/cascadelake-ib/software/GCCcore/12.2.0 --with-local-prefix=/apps/gent/RHEL8/cascadelake-ib/software/GCCcore/12.2.0 --enable-bootstrap --with-isl=/tmp/vsc40003/easybuild/GCCcore/12.2.0/system-system/gcc-12.2.0/stage2_stuff --build=x86_64-pc-linux-gnu --host=x86_64-pc-linux-gnu
Thread model: posix
Supported LTO compression algorithms: zlib zstd
gcc version 12.2.0 (GCC) 
configure:4420: $? = 0
configure:4409: g++ -V >&5
g++: error: unrecognized command-line option '-V'
g++: fatal error: no input files
compilation terminated.
configure:4420: $? = 1
configure:4409: g++ -qversion >&5
g++: error: unrecognized command-line option '-qversion'; did you mean '--version'?
g++: fatal error: no input files
compilation terminated.
configure:4420: $? = 1
configure:4440: checking whether the C++ compiler works
configure:4462: g++ -O2 -ftree-vectorize -march=native -fno-math-errno -I/apps/gent/RHEL8/cascadelake-ib/software/Python/2.7.18-GCCcore-12.2.0-bare/include -I/apps/gent/RHEL8/cascadelake-ib/software/Java/11.0.20/include -I/apps/gent/RHEL8/cascadelake-ib/software/FFTW/3.3.10-GCC-12.2.0/include -I/apps/gent/RHEL8/cascadelake-ib/software/FlexiBLAS/3.2.1-GCC-12.2.0/include -I/apps/gent/RHEL8/cascadelake-ib/software/FlexiBLAS/3.2.1-GCC-12.2.0/include/flexiblas -L/apps/gent/RHEL8/cascadelake-ib/software/Python/2.7.18-GCCcore-12.2.0-bare/lib64 -L/apps/gent/RHEL8/cascadelake-ib/software/Python/2.7.18-GCCcore-12.2.0-bare/lib -L/apps/gent/RHEL8/cascadelake-ib/software/Java/11.0.20/lib64 -L/apps/gent/RHEL8/cascadelake-ib/software/Java/11.0.20/lib -L/apps/gent/RHEL8/cascadelake-ib/software/FFTW/3.3.10-GCC-12.2.0/lib64 -L/apps/gent/RHEL8/cascadelake-ib/software/FFTW/3.3.10-GCC-12.2.0/lib -L/apps/gent/RHEL8/cascadelake-ib/software/ScaLAPACK/2.2.0-gompi-2022b-fb/lib64 -L/apps/gent/RHEL8/cascadelake-ib/software/ScaLAPACK/2.2.0-gompi-2022b-fb/lib -L/apps/gent/RHEL8/cascadelake-ib/software/FlexiBLAS/3.2.1-GCC-12.2.0/lib64 -L/apps/gent/RHEL8/cascadelake-ib/software/FlexiBLAS/3.2.1-GCC-12.2.0/lib -L/apps/gent/RHEL8/cascadelake-ib/software/GCCcore/12.2.0/lib64 -L/apps/gent/RHEL8/cascadelake-ib/software/GCCcore/12.2.0/lib conftest.cpp -lm -lpthread >&5
Assembler messages:
Internal error (Illegal instruction).
Please report this bug.
configure:4466: $? = 1
configure:4504: result: no
configure: failed program was:
| /* confdefs.h */
| #define PACKAGE_NAME "GNU Automake"
| #define PACKAGE_TARNAME "automake"
| #define PACKAGE_VERSION "1.13.4"
| #define PACKAGE_STRING "GNU Automake 1.13.4"
| #define PACKAGE_BUGREPORT "bug-automake@gnu.org"
| #define PACKAGE_URL "http://www.gnu.org/software/automake/"
| /* end confdefs.h.  */
| 
| int
| main ()
| {
| 
|   ;
|   return 0;
| }
configure:4510: WARNING: C++ compiler cannot create executables
configure:4807: tests requiring the C++ compiler will be skipped
configure:4945: checking for Fortran compiler version
configure:4954: gfortran --version >&5
GNU Fortran (GCC) 12.2.0
Copyright (C) 2022 Free Software Foundation, Inc.
This is free software; see the source for copying conditions.  There is NO
warranty; not even for MERCHANTABILITY or FITNESS FOR A PARTICULAR PURPOSE.

configure:4965: $? = 0
configure:4954: gfortran -v >&5
Using built-in specs.
COLLECT_GCC=gfortran
COLLECT_LTO_WRAPPER=/kyukon/home/apps/RHEL8/cascadelake-ib/software/GCCcore/12.2.0/bin/../libexec/gcc/x86_64-pc-linux-gnu/12.2.0/lto-wrapper
OFFLOAD_TARGET_NAMES=nvptx-none
Target: x86_64-pc-linux-gnu
Configured with: ../configure --enable-languages=c,c++,fortran --without-cuda-driver --enable-offload-targets=nvptx-none --enable-lto --enable-checking=release --disable-multilib --enable-shared=yes --enable-static=yes --enable-threads=posix --enable-plugins --enable-gold --enable-ld=default --prefix=/apps/gent/RHEL8/cascadelake-ib/software/GCCcore/12.2.0 --with-local-prefix=/apps/gent/RHEL8/cascadelake-ib/software/GCCcore/12.2.0 --enable-bootstrap --with-isl=/tmp/vsc40003/easybuild/GCCcore/12.2.0/system-system/gcc-12.2.0/stage2_stuff --build=x86_64-pc-linux-gnu --host=x86_64-pc-linux-gnu
Thread model: posix
Supported LTO compression algorithms: zlib zstd
gcc version 12.2.0 (GCC) 
configure:4965: $? = 0
configure:4954: gfortran -V >&5
gfortran: error: unrecognized command-line option '-V'
gfortran: fatal error: no input files
compilation terminated.
configure:4965: $? = 1
configure:4954: gfortran -qversion >&5
gfortran: error: unrecognized command-line option '-qversion'; did you mean '--version'?
gfortran: fatal error: no input files
compilation terminated.
configure:4965: $? = 1
configure:4980: checking whether the Fortran compiler works
configure:5002: gfortran -O2 -ftree-vectorize -march=native -fno-math-errno -L/apps/gent/RHEL8/cascadelake-ib/software/Python/2.7.18-GCCcore-12.2.0-bare/lib64 -L/apps/gent/RHEL8/cascadelake-ib/software/Python/2.7.18-GCCcore-12.2.0-bare/lib -L/apps/gent/RHEL8/cascadelake-ib/software/Java/11.0.20/lib64 -L/apps/gent/RHEL8/cascadelake-ib/software/Java/11.0.20/lib -L/apps/gent/RHEL8/cascadelake-ib/software/FFTW/3.3.10-GCC-12.2.0/lib64 -L/apps/gent/RHEL8/cascadelake-ib/software/FFTW/3.3.10-GCC-12.2.0/lib -L/apps/gent/RHEL8/cascadelake-ib/software/ScaLAPACK/2.2.0-gompi-2022b-fb/lib64 -L/apps/gent/RHEL8/cascadelake-ib/software/ScaLAPACK/2.2.0-gompi-2022b-fb/lib -L/apps/gent/RHEL8/cascadelake-ib/software/FlexiBLAS/3.2.1-GCC-12.2.0/lib64 -L/apps/gent/RHEL8/cascadelake-ib/software/FlexiBLAS/3.2.1-GCC-12.2.0/lib -L/apps/gent/RHEL8/cascadelake-ib/software/GCCcore/12.2.0/lib64 -L/apps/gent/RHEL8/cascadelake-ib/software/GCCcore/12.2.0/lib  conftest.f -lm -lpthread >&5
Assembler messages:
Internal error (Illegal instruction).
Please report this bug.
configure:5006: $? = 1
configure:5044: result: no
configure: failed program was:
|       program main
| 
|       end
configure:5050: WARNING: Fortran compiler cannot create executables
configure:5294: tests requiring the Fortran compiler will be skipped
configure:5427: checking for Fortran 77 compiler version
configure:5436: gfortran --version >&5
GNU Fortran (GCC) 12.2.0
Copyright (C) 2022 Free Software Foundation, Inc.
This is free software; see the source for copying conditions.  There is NO
warranty; not even for MERCHANTABILITY or FITNESS FOR A PARTICULAR PURPOSE.

configure:5447: $? = 0
configure:5436: gfortran -v >&5
Using built-in specs.
COLLECT_GCC=gfortran
COLLECT_LTO_WRAPPER=/kyukon/home/apps/RHEL8/cascadelake-ib/software/GCCcore/12.2.0/bin/../libexec/gcc/x86_64-pc-linux-gnu/12.2.0/lto-wrapper
OFFLOAD_TARGET_NAMES=nvptx-none
Target: x86_64-pc-linux-gnu
Configured with: ../configure --enable-languages=c,c++,fortran --without-cuda-driver --enable-offload-targets=nvptx-none --enable-lto --enable-checking=release --disable-multilib --enable-shared=yes --enable-static=yes --enable-threads=posix --enable-plugins --enable-gold --enable-ld=default --prefix=/apps/gent/RHEL8/cascadelake-ib/software/GCCcore/12.2.0 --with-local-prefix=/apps/gent/RHEL8/cascadelake-ib/software/GCCcore/12.2.0 --enable-bootstrap --with-isl=/tmp/vsc40003/easybuild/GCCcore/12.2.0/system-system/gcc-12.2.0/stage2_stuff --build=x86_64-pc-linux-gnu --host=x86_64-pc-linux-gnu
Thread model: posix
Supported LTO compression algorithms: zlib zstd
gcc version 12.2.0 (GCC) 
configure:5447: $? = 0
configure:5436: gfortran -V >&5
gfortran: error: unrecognized command-line option '-V'
gfortran: fatal error: no input files
compilation terminated.
configure:5447: $? = 1
configure:5436: gfortran -qversion >&5
gfortran: error: unrecognized command-line option '-qversion'; did you mean '--version'?
gfortran: fatal error: no input files
compilation terminated.
configure:5447: $? = 1
configure:5462: checking whether the Fortran 77 compiler works
configure:5484: gfortran -O2 -ftree-vectorize -march=native -fno-math-errno -L/apps/gent/RHEL8/cascadelake-ib/software/Python/2.7.18-GCCcore-12.2.0-bare/lib64 -L/apps/gent/RHEL8/cascadelake-ib/software/Python/2.7.18-GCCcore-12.2.0-bare/lib -L/apps/gent/RHEL8/cascadelake-ib/software/Java/11.0.20/lib64 -L/apps/gent/RHEL8/cascadelake-ib/software/Java/11.0.20/lib -L/apps/gent/RHEL8/cascadelake-ib/software/FFTW/3.3.10-GCC-12.2.0/lib64 -L/apps/gent/RHEL8/cascadelake-ib/software/FFTW/3.3.10-GCC-12.2.0/lib -L/apps/gent/RHEL8/cascadelake-ib/software/ScaLAPACK/2.2.0-gompi-2022b-fb/lib64 -L/apps/gent/RHEL8/cascadelake-ib/software/ScaLAPACK/2.2.0-gompi-2022b-fb/lib -L/apps/gent/RHEL8/cascadelake-ib/software/FlexiBLAS/3.2.1-GCC-12.2.0/lib64 -L/apps/gent/RHEL8/cascadelake-ib/software/FlexiBLAS/3.2.1-GCC-12.2.0/lib -L/apps/gent/RHEL8/cascadelake-ib/software/GCCcore/12.2.0/lib64 -L/apps/gent/RHEL8/cascadelake-ib/software/GCCcore/12.2.0/lib conftest.f -lm -lpthread >&5
Assembler messages:
Internal error (Illegal instruction).
Please report this bug.
configure:5488: $? = 1
configure:5526: result: no
configure: failed program was:
|       program main
| 
|       end
configure:5532: WARNING: Fortran 77 compiler cannot create executables
configure:5776: tests requiring the Fortran 77 compiler will be skipped
configure:5808: will now look for GNU compilers
configure:5868: checking for gcc
configure:5884: found /apps/gent/RHEL8/cascadelake-ib/software/GCCcore/12.2.0/bin/gcc
configure:5895: result: gcc
configure:5921: gcc --version && gcc -v
gcc (GCC) 12.2.0
Copyright (C) 2022 Free Software Foundation, Inc.
This is free software; see the source for copying conditions.  There is NO
warranty; not even for MERCHANTABILITY or FITNESS FOR A PARTICULAR PURPOSE.

Using built-in specs.
COLLECT_GCC=gcc
COLLECT_LTO_WRAPPER=/kyukon/home/apps/RHEL8/cascadelake-ib/software/GCCcore/12.2.0/bin/../libexec/gcc/x86_64-pc-linux-gnu/12.2.0/lto-wrapper
OFFLOAD_TARGET_NAMES=nvptx-none
Target: x86_64-pc-linux-gnu
Configured with: ../configure --enable-languages=c,c++,fortran --without-cuda-driver --enable-offload-targets=nvptx-none --enable-lto --enable-checking=release --disable-multilib --enable-shared=yes --enable-static=yes --enable-threads=posix --enable-plugins --enable-gold --enable-ld=default --prefix=/apps/gent/RHEL8/cascadelake-ib/software/GCCcore/12.2.0 --with-local-prefix=/apps/gent/RHEL8/cascadelake-ib/software/GCCcore/12.2.0 --enable-bootstrap --with-isl=/tmp/vsc40003/easybuild/GCCcore/12.2.0/system-system/gcc-12.2.0/stage2_stuff --build=x86_64-pc-linux-gnu --host=x86_64-pc-linux-gnu
Thread model: posix
Supported LTO compression algorithms: zlib zstd
gcc version 12.2.0 (GCC) 
configure:5924: $? = 0
configure:5993: checking for g++
configure:6009: found /apps/gent/RHEL8/cascadelake-ib/software/GCCcore/12.2.0/bin/g++
configure:6020: result: g++
configure:6046: g++ --version && g++ -v
g++ (GCC) 12.2.0
Copyright (C) 2022 Free Software Foundation, Inc.
This is free software; see the source for copying conditions.  There is NO
warranty; not even for MERCHANTABILITY or FITNESS FOR A PARTICULAR PURPOSE.

Using built-in specs.
COLLECT_GCC=g++
COLLECT_LTO_WRAPPER=/kyukon/home/apps/RHEL8/cascadelake-ib/software/GCCcore/12.2.0/bin/../libexec/gcc/x86_64-pc-linux-gnu/12.2.0/lto-wrapper
OFFLOAD_TARGET_NAMES=nvptx-none
Target: x86_64-pc-linux-gnu
Configured with: ../configure --enable-languages=c,c++,fortran --without-cuda-driver --enable-offload-targets=nvptx-none --enable-lto --enable-checking=release --disable-multilib --enable-shared=yes --enable-static=yes --enable-threads=posix --enable-plugins --enable-gold --enable-ld=default --prefix=/apps/gent/RHEL8/cascadelake-ib/software/GCCcore/12.2.0 --with-local-prefix=/apps/gent/RHEL8/cascadelake-ib/software/GCCcore/12.2.0 --enable-bootstrap --with-isl=/tmp/vsc40003/easybuild/GCCcore/12.2.0/system-system/gcc-12.2.0/stage2_stuff --build=x86_64-pc-linux-gnu --host=x86_64-pc-linux-gnu
Thread model: posix
Supported LTO compression algorithms: zlib zstd
gcc version 12.2.0 (GCC) 
configure:6049: $? = 0
configure:6118: checking for gfortran
configure:6134: found /apps/gent/RHEL8/cascadelake-ib/software/GCCcore/12.2.0/bin/gfortran
configure:6145: result: gfortran
configure:6171: gfortran --version && gfortran -v
GNU Fortran (GCC) 12.2.0
Copyright (C) 2022 Free Software Foundation, Inc.
This is free software; see the source for copying conditions.  There is NO
warranty; not even for MERCHANTABILITY or FITNESS FOR A PARTICULAR PURPOSE.

Using built-in specs.
COLLECT_GCC=gfortran
COLLECT_LTO_WRAPPER=/kyukon/home/apps/RHEL8/cascadelake-ib/software/GCCcore/12.2.0/bin/../libexec/gcc/x86_64-pc-linux-gnu/12.2.0/lto-wrapper
OFFLOAD_TARGET_NAMES=nvptx-none
Target: x86_64-pc-linux-gnu
Configured with: ../configure --enable-languages=c,c++,fortran --without-cuda-driver --enable-offload-targets=nvptx-none --enable-lto --enable-checking=release --disable-multilib --enable-shared=yes --enable-static=yes --enable-threads=posix --enable-plugins --enable-gold --enable-ld=default --prefix=/apps/gent/RHEL8/cascadelake-ib/software/GCCcore/12.2.0 --with-local-prefix=/apps/gent/RHEL8/cascadelake-ib/software/GCCcore/12.2.0 --enable-bootstrap --with-isl=/tmp/vsc40003/easybuild/GCCcore/12.2.0/system-system/gcc-12.2.0/stage2_stuff --build=x86_64-pc-linux-gnu --host=x86_64-pc-linux-gnu
Thread model: posix
Supported LTO compression algorithms: zlib zstd
gcc version 12.2.0 (GCC) 
configure:6174: $? = 0
configure:6243: checking for g77
configure:6273: result: no
configure:6243: checking for gfortran
configure:6259: found /apps/gent/RHEL8/cascadelake-ib/software/GCCcore/12.2.0/bin/gfortran
configure:6270: result: gfortran
configure:6296: gfortran --version && gfortran -v
GNU Fortran (GCC) 12.2.0
Copyright (C) 2022 Free Software Foundation, Inc.
This is free software; see the source for copying conditions.  There is NO
warranty; not even for MERCHANTABILITY or FITNESS FOR A PARTICULAR PURPOSE.

Using built-in specs.
COLLECT_GCC=gfortran
COLLECT_LTO_WRAPPER=/kyukon/home/apps/RHEL8/cascadelake-ib/software/GCCcore/12.2.0/bin/../libexec/gcc/x86_64-pc-linux-gnu/12.2.0/lto-wrapper
OFFLOAD_TARGET_NAMES=nvptx-none
Target: x86_64-pc-linux-gnu
Configured with: ../configure --enable-languages=c,c++,fortran --without-cuda-driver --enable-offload-targets=nvptx-none --enable-lto --enable-checking=release --disable-multilib --enable-shared=yes --enable-static=yes --enable-threads=posix --enable-plugins --enable-gold --enable-ld=default --prefix=/apps/gent/RHEL8/cascadelake-ib/software/GCCcore/12.2.0 --with-local-prefix=/apps/gent/RHEL8/cascadelake-ib/software/GCCcore/12.2.0 --enable-bootstrap --with-isl=/tmp/vsc40003/easybuild/GCCcore/12.2.0/system-system/gcc-12.2.0/stage2_stuff --build=x86_64-pc-linux-gnu --host=x86_64-pc-linux-gnu
Thread model: posix
Supported LTO compression algorithms: zlib zstd
gcc version 12.2.0 (GCC) 
configure:6299: $? = 0
configure:6362: checking for gcj
configure:6392: result: no
configure:6596: checking that generated files are newer than configure
configure:6602: result: done
configure:6617: creating ./config.status

## ---------------------- ##
## Running config.status. ##
## ---------------------- ##

This file was extended by GNU Automake config.status 1.13.4, which was
generated by GNU Autoconf 2.69.  Invocation command line was

  CONFIG_FILES    = 
  CONFIG_HEADERS  = 
  CONFIG_LINKS    = 
  CONFIG_COMMANDS = 
  $ ./config.status 

on gligar08.gastly.os

config.status:832: creating Makefile
config.status:832: creating t/wrap/aclocal-1.13
config.status:832: creating t/wrap/automake-1.13

## ---------------- ##
## Cache variables. ##
## ---------------- ##

ac_cv_AM_TEST_RUNNER_SHELL=/usr/bin/sh
ac_cv_build=x86_64-unknown-linux-gnu
ac_cv_env_AM_TEST_RUNNER_SHELL_set=
ac_cv_env_AM_TEST_RUNNER_SHELL_value=
ac_cv_env_CCC_set=
ac_cv_env_CCC_value=
ac_cv_env_CC_set=set
ac_cv_env_CC_value=gcc
ac_cv_env_CFLAGS_set=set
ac_cv_env_CFLAGS_value='-O2 -ftree-vectorize -march=native -fno-math-errno'
ac_cv_env_CPPFLAGS_set=set
ac_cv_env_CPPFLAGS_value='-I/apps/gent/RHEL8/cascadelake-ib/software/Python/2.7.18-GCCcore-12.2.0-bare/include -I/apps/gent/RHEL8/cascadelake-ib/software/Java/11.0.20/include -I/apps/gent/RHEL8/cascadelake-ib/software/FFTW/3.3.10-GCC-12.2.0/include -I/apps/gent/RHEL8/cascadelake-ib/software/FlexiBLAS/3.2.1-GCC-12.2.0/include -I/apps/gent/RHEL8/cascadelake-ib/software/FlexiBLAS/3.2.1-GCC-12.2.0/include/flexiblas'
ac_cv_env_CXXFLAGS_set=set
ac_cv_env_CXXFLAGS_value='-O2 -ftree-vectorize -march=native -fno-math-errno'
ac_cv_env_CXX_set=set
ac_cv_env_CXX_value=g++
ac_cv_env_F77_set=set
ac_cv_env_F77_value=gfortran
ac_cv_env_FCFLAGS_set=set
ac_cv_env_FCFLAGS_value='-O2 -ftree-vectorize -march=native -fno-math-errno'
ac_cv_env_FC_set=set
ac_cv_env_FC_value=gfortran
ac_cv_env_FFLAGS_set=set
ac_cv_env_FFLAGS_value='-O2 -ftree-vectorize -march=native -fno-math-errno'
ac_cv_env_GNU_CC_set=
ac_cv_env_GNU_CC_value=
ac_cv_env_GNU_CFLAGS_set=
ac_cv_env_GNU_CFLAGS_value=
ac_cv_env_GNU_CXXFLAGS_set=
ac_cv_env_GNU_CXXFLAGS_value=
ac_cv_env_GNU_CXX_set=
ac_cv_env_GNU_CXX_value=
ac_cv_env_GNU_F77_set=
ac_cv_env_GNU_F77_value=
ac_cv_env_GNU_FCFLAGS_set=
ac_cv_env_GNU_FCFLAGS_value=
ac_cv_env_GNU_FC_set=
ac_cv_env_GNU_FC_value=
ac_cv_env_GNU_FFLAGS_set=
ac_cv_env_GNU_FFLAGS_value=
ac_cv_env_GNU_GCJFLAGS_set=
ac_cv_env_GNU_GCJFLAGS_value=
ac_cv_env_GNU_GCJ_set=
ac_cv_env_GNU_GCJ_value=
ac_cv_env_LDFLAGS_set=set
ac_cv_env_LDFLAGS_value='-L/apps/gent/RHEL8/cascadelake-ib/software/Python/2.7.18-GCCcore-12.2.0-bare/lib64 -L/apps/gent/RHEL8/cascadelake-ib/software/Python/2.7.18-GCCcore-12.2.0-bare/lib -L/apps/gent/RHEL8/cascadelake-ib/software/Java/11.0.20/lib64 -L/apps/gent/RHEL8/cascadelake-ib/software/Java/11.0.20/lib -L/apps/gent/RHEL8/cascadelake-ib/software/FFTW/3.3.10-GCC-12.2.0/lib64 -L/apps/gent/RHEL8/cascadelake-ib/software/FFTW/3.3.10-GCC-12.2.0/lib -L/apps/gent/RHEL8/cascadelake-ib/software/ScaLAPACK/2.2.0-gompi-2022b-fb/lib64 -L/apps/gent/RHEL8/cascadelake-ib/software/ScaLAPACK/2.2.0-gompi-2022b-fb/lib -L/apps/gent/RHEL8/cascadelake-ib/software/FlexiBLAS/3.2.1-GCC-12.2.0/lib64 -L/apps/gent/RHEL8/cascadelake-ib/software/FlexiBLAS/3.2.1-GCC-12.2.0/lib -L/apps/gent/RHEL8/cascadelake-ib/software/GCCcore/12.2.0/lib64 -L/apps/gent/RHEL8/cascadelake-ib/software/GCCcore/12.2.0/lib'
ac_cv_env_LIBS_set=set
ac_cv_env_LIBS_value='-lm -lpthread'
ac_cv_env_build_alias_set=
ac_cv_env_build_alias_value=
ac_cv_env_host_alias_set=
ac_cv_env_host_alias_value=
ac_cv_env_target_alias_set=
ac_cv_env_target_alias_value=
ac_cv_host=x86_64-unknown-linux-gnu
ac_cv_path_EGREP='/usr/bin/grep -E'
ac_cv_path_FGREP='/usr/bin/grep -F'
ac_cv_path_GREP=/usr/bin/grep
ac_cv_path_PERL=/usr/bin/perl
ac_cv_path_install='/usr/bin/install -c'
ac_cv_path_mkdir=/usr/bin/mkdir
ac_cv_prog_AWK=gawk
ac_cv_prog_LEX=lex
ac_cv_prog_TEX=tex
ac_cv_prog_YACC=yacc
ac_cv_prog_ac_ct_GNU_CC=gcc
ac_cv_prog_ac_ct_GNU_CXX=g++
ac_cv_prog_ac_ct_GNU_F77=gfortran
ac_cv_prog_ac_ct_GNU_FC=gfortran
ac_cv_prog_make_make_set=yes
am_cv_autoconf_installed=yes
am_cv_autoconf_version=yes
am_cv_autoconf_works=yes
am_cv_make_support_nested_variables=yes
am_cv_prog_PERL_ithreads=yes
am_cv_prog_ln=ln

## ----------------- ##
## Output variables. ##
## ----------------- ##

ACLOCAL='"/tmp/vsc43810/easybuild/build/MitoFinder/1.4.1/foss-2022b-Python-2.7.18/MitoFinder-1.4.1/trnascanSE/automake-1.13.4/t/wrap/aclocal-1.13"'
AMTAR='$${TAR-tar}'
AM_BACKSLASH='\'
AM_DEFAULT_V='$(AM_DEFAULT_VERBOSITY)'
AM_DEFAULT_VERBOSITY='0'
AM_TEST_RUNNER_SHELL='/usr/bin/sh'
AM_V='$(V)'
APIVERSION='1.13'
AUTOCONF='${SHELL} /tmp/vsc43810/easybuild/build/MitoFinder/1.4.1/foss-2022b-Python-2.7.18/MitoFinder-1.4.1/trnascanSE/automake-1.13.4/lib/missing autoconf'
AUTOHEADER='${SHELL} /tmp/vsc43810/easybuild/build/MitoFinder/1.4.1/foss-2022b-Python-2.7.18/MitoFinder-1.4.1/trnascanSE/automake-1.13.4/lib/missing autoheader'
AUTOMAKE='"/tmp/vsc43810/easybuild/build/MitoFinder/1.4.1/foss-2022b-Python-2.7.18/MitoFinder-1.4.1/trnascanSE/automake-1.13.4/t/wrap/automake-1.13"'
AWK='gawk'
CC='false'
CFLAGS='-O2 -ftree-vectorize -march=native -fno-math-errno'
CPPFLAGS='-I/apps/gent/RHEL8/cascadelake-ib/software/Python/2.7.18-GCCcore-12.2.0-bare/include -I/apps/gent/RHEL8/cascadelake-ib/software/Java/11.0.20/include -I/apps/gent/RHEL8/cascadelake-ib/software/FFTW/3.3.10-GCC-12.2.0/include -I/apps/gent/RHEL8/cascadelake-ib/software/FlexiBLAS/3.2.1-GCC-12.2.0/include -I/apps/gent/RHEL8/cascadelake-ib/software/FlexiBLAS/3.2.1-GCC-12.2.0/include/flexiblas'
CXX='false'
CXXFLAGS='-O2 -ftree-vectorize -march=native -fno-math-errno'
CYGPATH_W='echo'
DEFS='-DPACKAGE_NAME=\"GNU\ Automake\" -DPACKAGE_TARNAME=\"automake\" -DPACKAGE_VERSION=\"1.13.4\" -DPACKAGE_STRING=\"GNU\ Automake\ 1.13.4\" -DPACKAGE_BUGREPORT=\"bug-automake@gnu.org\" -DPACKAGE_URL=\"http://www.gnu.org/software/automake/\"'
ECHO_C=''
ECHO_N='-n'
ECHO_T=''
EGREP='/usr/bin/grep -E'
EXEEXT='UNKNOWN'
F77='false'
FC='false'
FCFLAGS='-O2 -ftree-vectorize -march=native -fno-math-errno'
FFLAGS='-O2 -ftree-vectorize -march=native -fno-math-errno'
FGREP='/usr/bin/grep -F'
GNU_CC='gcc'
GNU_CFLAGS=''
GNU_CXX='g++'
GNU_CXXFLAGS=''
GNU_F77='gfortran'
GNU_FC='gfortran'
GNU_FCFLAGS=''
GNU_FFLAGS=''
GNU_GCJ='false'
GNU_GCJFLAGS=''
GREP='/usr/bin/grep'
INSTALL_DATA='${INSTALL} -m 644'
INSTALL_PROGRAM='${INSTALL}'
INSTALL_SCRIPT='${INSTALL}'
INSTALL_STRIP_PROGRAM='$(install_sh) -c -s'
LDFLAGS='-L/apps/gent/RHEL8/cascadelake-ib/software/Python/2.7.18-GCCcore-12.2.0-bare/lib64 -L/apps/gent/RHEL8/cascadelake-ib/software/Python/2.7.18-GCCcore-12.2.0-bare/lib -L/apps/gent/RHEL8/cascadelake-ib/software/Java/11.0.20/lib64 -L/apps/gent/RHEL8/cascadelake-ib/software/Java/11.0.20/lib -L/apps/gent/RHEL8/cascadelake-ib/software/FFTW/3.3.10-GCC-12.2.0/lib64 -L/apps/gent/RHEL8/cascadelake-ib/software/FFTW/3.3.10-GCC-12.2.0/lib -L/apps/gent/RHEL8/cascadelake-ib/software/ScaLAPACK/2.2.0-gompi-2022b-fb/lib64 -L/apps/gent/RHEL8/cascadelake-ib/software/ScaLAPACK/2.2.0-gompi-2022b-fb/lib -L/apps/gent/RHEL8/cascadelake-ib/software/FlexiBLAS/3.2.1-GCC-12.2.0/lib64 -L/apps/gent/RHEL8/cascadelake-ib/software/FlexiBLAS/3.2.1-GCC-12.2.0/lib -L/apps/gent/RHEL8/cascadelake-ib/software/GCCcore/12.2.0/lib64 -L/apps/gent/RHEL8/cascadelake-ib/software/GCCcore/12.2.0/lib'
LEX='lex'
LIBOBJS=''
LIBS='-lm -lpthread'
LN='ln'
LN_S='ln -s'
LTLIBOBJS=''
MAKEINFO='${SHELL} /tmp/vsc43810/easybuild/build/MitoFinder/1.4.1/foss-2022b-Python-2.7.18/MitoFinder-1.4.1/trnascanSE/automake-1.13.4/lib/missing makeinfo'
MKDIR_P='/usr/bin/mkdir -p'
MODIFICATION_DELAY='2'
OBJEXT='UNKNOWN'
PACKAGE='automake'
PACKAGE_BUGREPORT='bug-automake@gnu.org'
PACKAGE_NAME='GNU Automake'
PACKAGE_STRING='GNU Automake 1.13.4'
PACKAGE_TARNAME='automake'
PACKAGE_URL='http://www.gnu.org/software/automake/'
PACKAGE_VERSION='1.13.4'
PATH_SEPARATOR=':'
PERL='/usr/bin/perl'
PERL_THREADS='1'
RELEASE_YEAR='2013'
SET_MAKE=''
SHELL='/bin/sh'
STRIP=''
TEX='tex'
VERSION='1.13.4'
YACC='yacc'
ac_ct_CC=''
ac_ct_CXX=''
ac_ct_F77=''
ac_ct_FC=''
ac_ct_GNU_CC='gcc'
ac_ct_GNU_CXX='g++'
ac_ct_GNU_F77='gfortran'
ac_ct_GNU_FC='gfortran'
ac_ct_GNU_GCJ=''
am_AUTOCONF='autoconf'
am_AUTOHEADER='autoheader'
am_AUTOM4TE='autom4te'
am_AUTORECONF='autoreconf'
am_AUTOUPDATE='autoupdate'
am__EXEEXT_FALSE='#'
am__EXEEXT_TRUE=''
am__isrc=''
am__leading_dot='.'
am__tar='$${TAR-tar} chof - "$$tardir"'
am__untar='$${TAR-tar} xf -'
am_candidate_sh=''
amdir='${pkgvdatadir}/am'
automake_acdir='${datadir}/aclocal-1.13'
bindir='${exec_prefix}/bin'
build='x86_64-unknown-linux-gnu'
build_alias=''
build_cpu='x86_64'
build_os='linux-gnu'
build_vendor='unknown'
datadir='${datarootdir}'
datarootdir='${prefix}/share'
docdir='${datarootdir}/doc/${PACKAGE_TARNAME}'
dvidir='${docdir}'
exec_prefix='${prefix}'
host='x86_64-unknown-linux-gnu'
host_alias=''
host_cpu='x86_64'
host_os='linux-gnu'
host_vendor='unknown'
htmldir='${docdir}'
includedir='${prefix}/include'
infodir='${datarootdir}/info'
install_sh='${SHELL} /tmp/vsc43810/easybuild/build/MitoFinder/1.4.1/foss-2022b-Python-2.7.18/MitoFinder-1.4.1/trnascanSE/automake-1.13.4/lib/install-sh'
libdir='${exec_prefix}/lib'
libexecdir='${exec_prefix}/libexec'
localedir='${datarootdir}/locale'
localstatedir='${prefix}/var'
mandir='${datarootdir}/man'
mkdir_p='$(MKDIR_P)'
oldincludedir='/usr/include'
pdfdir='${docdir}'
pkgvdatadir='${datadir}/automake-1.13'
prefix='/tmp/vsc43810/easybuild/build/MitoFinder/1.4.1/foss-2022b-Python-2.7.18/MitoFinder-1.4.1/trnascanSE/automake-1.13.4/exec'
program_transform_name='s,x,x,'
psdir='${docdir}'
required_autoconf_version='2.65'
sbindir='${exec_prefix}/sbin'
scriptdir='${pkgvdatadir}'
sharedstatedir='${prefix}/com'
sysconfdir='${prefix}/etc'
system_acdir='${datadir}/aclocal'
target_alias=''

## ----------- ##
## confdefs.h. ##
## ----------- ##

/* confdefs.h */
#define PACKAGE_NAME "GNU Automake"
#define PACKAGE_TARNAME "automake"
#define PACKAGE_VERSION "1.13.4"
#define PACKAGE_STRING "GNU Automake 1.13.4"
#define PACKAGE_BUGREPORT "bug-automake@gnu.org"
#define PACKAGE_URL "http://www.gnu.org/software/automake/"

configure: exit 0

## ---------------------- ##
## Running config.status. ##
## ---------------------- ##

This file was extended by GNU Automake config.status 1.13.4, which was
generated by GNU Autoconf 2.69.  Invocation command line was

  CONFIG_FILES    = 
  CONFIG_HEADERS  = 
  CONFIG_LINKS    = 
  CONFIG_COMMANDS = 
  $ ./config.status --file=-

on gligar08.gastly.os


## ---------------------- ##
## Running config.status. ##
## ---------------------- ##

This file was extended by GNU Automake config.status 1.13.4, which was
generated by GNU Autoconf 2.69.  Invocation command line was

  CONFIG_FILES    = 
  CONFIG_HEADERS  = 
  CONFIG_LINKS    = 
  CONFIG_COMMANDS = 
  $ ./config.status --file=-

on gligar08.gastly.os


## ---------------------- ##
## Running config.status. ##
## ---------------------- ##

This file was extended by GNU Automake config.status 1.13.4, which was
generated by GNU Autoconf 2.69.  Invocation command line was

  CONFIG_FILES    = 
  CONFIG_HEADERS  = 
  CONFIG_LINKS    = 
  CONFIG_COMMANDS = 
  $ ./config.status --file=-

on gligar08.gastly.os


## ---------------------- ##
## Running config.status. ##
## ---------------------- ##

This file was extended by GNU Automake config.status 1.13.4, which was
generated by GNU Autoconf 2.69.  Invocation command line was

  CONFIG_FILES    = 
  CONFIG_HEADERS  = 
  CONFIG_LINKS    = 
  CONFIG_COMMANDS = 
  $ ./config.status --file=-

on gligar08.gastly.os


## ---------------------- ##
## Running config.status. ##
## ---------------------- ##

This file was extended by GNU Automake config.status 1.13.4, which was
generated by GNU Autoconf 2.69.  Invocation command line was

  CONFIG_FILES    = 
  CONFIG_HEADERS  = 
  CONFIG_LINKS    = 
  CONFIG_COMMANDS = 
  $ ./config.status --file=-

on gligar08.gastly.os

