This file contains any messages produced by compilers while
running configure, to aid debugging if configure makes a mistake.

It was created by tRNAscan-SE configure 2.0.0, which was
generated by GNU Autoconf 2.69.  Invocation command line was

  $ ./configure --prefix=/tmp/vsc43810/easybuild/build/MitoFinder/1.4.1/foss-2022b-Python-2.7.18/MitoFinder-1.4.1/trnascanSE/tRNAscan-SE-2.0/exec

## --------- ##
## Platform. ##
## --------- ##

hostname = gligar08.gastly.os
uname -m = x86_64
uname -r = 4.18.0-477.27.1.el8_8.x86_64
uname -s = Linux
uname -v = #1 SMP Thu Aug 31 10:29:22 EDT 2023

/usr/bin/uname -p = x86_64
/bin/uname -X     = unknown

/bin/arch              = x86_64
/usr/bin/arch -k       = unknown
/usr/convex/getsysinfo = unknown
/usr/bin/hostinfo      = unknown
/bin/machine           = unknown
/usr/bin/oslevel       = unknown
/bin/universe          = unknown

PATH: /apps/gent/RHEL8/cascadelake-ib/software/Python/2.7.18-GCCcore-12.2.0-bare/bin
PATH: /apps/gent/RHEL8/cascadelake-ib/software/SQLite/3.39.4-GCCcore-12.2.0/bin
PATH: /apps/gent/RHEL8/cascadelake-ib/software/Tcl/8.6.12-GCCcore-12.2.0/bin
PATH: /apps/gent/RHEL8/cascadelake-ib/software/ncurses/6.3-GCCcore-12.2.0/bin
PATH: /apps/gent/RHEL8/cascadelake-ib/software/bzip2/1.0.8-GCCcore-12.2.0/bin
PATH: /apps/gent/RHEL8/cascadelake-ib/software/Java/11.0.20
PATH: /apps/gent/RHEL8/cascadelake-ib/software/Java/11.0.20/bin
PATH: /apps/gent/RHEL8/cascadelake-ib/software/FFTW/3.3.10-GCC-12.2.0/bin
PATH: /apps/gent/RHEL8/cascadelake-ib/software/FlexiBLAS/3.2.1-GCC-12.2.0/bin
PATH: /apps/gent/RHEL8/cascadelake-ib/software/OpenMPI/4.1.4-GCC-12.2.0/bin
PATH: /apps/gent/RHEL8/cascadelake-ib/software/UCC/1.1.0-GCCcore-12.2.0/bin
PATH: /apps/gent/RHEL8/cascadelake-ib/software/PMIx/4.2.2-GCCcore-12.2.0/bin
PATH: /apps/gent/RHEL8/cascadelake-ib/software/libfabric/1.16.1-GCCcore-12.2.0/bin
PATH: /apps/gent/RHEL8/cascadelake-ib/software/UCX/1.13.1-GCCcore-12.2.0/bin
PATH: /apps/gent/RHEL8/cascadelake-ib/software/libevent/2.1.12-GCCcore-12.2.0/bin
PATH: /apps/gent/RHEL8/cascadelake-ib/software/OpenSSL/1.1/bin
PATH: /apps/gent/RHEL8/cascadelake-ib/software/hwloc/2.8.0-GCCcore-12.2.0/sbin
PATH: /apps/gent/RHEL8/cascadelake-ib/software/hwloc/2.8.0-GCCcore-12.2.0/bin
PATH: /apps/gent/RHEL8/cascadelake-ib/software/libxml2/2.10.3-GCCcore-12.2.0/bin
PATH: /apps/gent/RHEL8/cascadelake-ib/software/XZ/5.2.7-GCCcore-12.2.0/bin
PATH: /apps/gent/RHEL8/cascadelake-ib/software/numactl/2.0.16-GCCcore-12.2.0/bin
PATH: /apps/gent/RHEL8/cascadelake-ib/software/binutils/2.39-GCCcore-12.2.0/bin
PATH: /apps/gent/RHEL8/cascadelake-ib/software/GCCcore/12.2.0/bin
PATH: /usr/libexec/jobcli
PATH: /user/gent/438/vsc43810/.local/bin
PATH: /user/gent/438/vsc43810/easybuild/easybuild-framework
PATH: /kyukon/home/gent/438/vsc43810/.vscode-server/bin/1a5daa3a0231a0fbba4f14db7ec463cf99d7768e/bin/remote-cli
PATH: /usr/local/bin
PATH: /usr/bin
PATH: /usr/local/sbin
PATH: /usr/sbin
PATH: /user/gent/438/vsc43810/.dotnet/tools


## ----------- ##
## Core tests. ##
## ----------- ##

configure:2250: checking for gcc
configure:2277: result: gcc
configure:2506: checking for C compiler version
configure:2515: gcc --version >&5
gcc (GCC) 12.2.0
Copyright (C) 2022 Free Software Foundation, Inc.
This is free software; see the source for copying conditions.  There is NO
warranty; not even for MERCHANTABILITY or FITNESS FOR A PARTICULAR PURPOSE.

configure:2526: $? = 0
configure:2515: gcc -v >&5
Using built-in specs.
COLLECT_GCC=gcc
COLLECT_LTO_WRAPPER=/kyukon/home/apps/RHEL8/cascadelake-ib/software/GCCcore/12.2.0/bin/../libexec/gcc/x86_64-pc-linux-gnu/12.2.0/lto-wrapper
OFFLOAD_TARGET_NAMES=nvptx-none
Target: x86_64-pc-linux-gnu
Configured with: ../configure --enable-languages=c,c++,fortran --without-cuda-driver --enable-offload-targets=nvptx-none --enable-lto --enable-checking=release --disable-multilib --enable-shared=yes --enable-static=yes --enable-threads=posix --enable-plugins --enable-gold --enable-ld=default --prefix=/apps/gent/RHEL8/cascadelake-ib/software/GCCcore/12.2.0 --with-local-prefix=/apps/gent/RHEL8/cascadelake-ib/software/GCCcore/12.2.0 --enable-bootstrap --with-isl=/tmp/vsc40003/easybuild/GCCcore/12.2.0/system-system/gcc-12.2.0/stage2_stuff --build=x86_64-pc-linux-gnu --host=x86_64-pc-linux-gnu
Thread model: posix
Supported LTO compression algorithms: zlib zstd
gcc version 12.2.0 (GCC) 
configure:2526: $? = 0
configure:2515: gcc -V >&5
gcc: error: unrecognized command-line option '-V'
gcc: fatal error: no input files
compilation terminated.
configure:2526: $? = 1
configure:2515: gcc -qversion >&5
gcc: error: unrecognized command-line option '-qversion'; did you mean '--version'?
gcc: fatal error: no input files
compilation terminated.
configure:2526: $? = 1
configure:2546: checking whether the C compiler works
configure:2568: gcc -O2 -ftree-vectorize -march=native -fno-math-errno -I/apps/gent/RHEL8/cascadelake-ib/software/Python/2.7.18-GCCcore-12.2.0-bare/include -I/apps/gent/RHEL8/cascadelake-ib/software/Java/11.0.20/include -I/apps/gent/RHEL8/cascadelake-ib/software/FFTW/3.3.10-GCC-12.2.0/include -I/apps/gent/RHEL8/cascadelake-ib/software/FlexiBLAS/3.2.1-GCC-12.2.0/include -I/apps/gent/RHEL8/cascadelake-ib/software/FlexiBLAS/3.2.1-GCC-12.2.0/include/flexiblas -L/apps/gent/RHEL8/cascadelake-ib/software/Python/2.7.18-GCCcore-12.2.0-bare/lib64 -L/apps/gent/RHEL8/cascadelake-ib/software/Python/2.7.18-GCCcore-12.2.0-bare/lib -L/apps/gent/RHEL8/cascadelake-ib/software/Java/11.0.20/lib64 -L/apps/gent/RHEL8/cascadelake-ib/software/Java/11.0.20/lib -L/apps/gent/RHEL8/cascadelake-ib/software/FFTW/3.3.10-GCC-12.2.0/lib64 -L/apps/gent/RHEL8/cascadelake-ib/software/FFTW/3.3.10-GCC-12.2.0/lib -L/apps/gent/RHEL8/cascadelake-ib/software/ScaLAPACK/2.2.0-gompi-2022b-fb/lib64 -L/apps/gent/RHEL8/cascadelake-ib/software/ScaLAPACK/2.2.0-gompi-2022b-fb/lib -L/apps/gent/RHEL8/cascadelake-ib/software/FlexiBLAS/3.2.1-GCC-12.2.0/lib64 -L/apps/gent/RHEL8/cascadelake-ib/software/FlexiBLAS/3.2.1-GCC-12.2.0/lib -L/apps/gent/RHEL8/cascadelake-ib/software/GCCcore/12.2.0/lib64 -L/apps/gent/RHEL8/cascadelake-ib/software/GCCcore/12.2.0/lib conftest.c -lm -lpthread >&5
Assembler messages:
Internal error (Illegal instruction).
Please report this bug.
configure:2572: $? = 1
configure:2610: result: no
configure: failed program was:
| /* confdefs.h */
| #define PACKAGE_NAME "tRNAscan-SE"
| #define PACKAGE_TARNAME "trnascan-se"
| #define PACKAGE_VERSION "2.0.0"
| #define PACKAGE_STRING "tRNAscan-SE 2.0.0"
| #define PACKAGE_BUGREPORT "pchan@soe.ucsc.edu"
| #define PACKAGE_URL ""
| /* end confdefs.h.  */
| 
| int
| main ()
| {
| 
|   ;
|   return 0;
| }
configure:2615: error: in `/tmp/vsc43810/easybuild/build/MitoFinder/1.4.1/foss-2022b-Python-2.7.18/MitoFinder-1.4.1/trnascanSE/tRNAscan-SE-2.0':
configure:2617: error: C compiler cannot create executables
See `config.log' for more details

## ---------------- ##
## Cache variables. ##
## ---------------- ##

ac_cv_env_CC_set=set
ac_cv_env_CC_value=gcc
ac_cv_env_CFLAGS_set=set
ac_cv_env_CFLAGS_value='-O2 -ftree-vectorize -march=native -fno-math-errno'
ac_cv_env_CPPFLAGS_set=set
ac_cv_env_CPPFLAGS_value='-I/apps/gent/RHEL8/cascadelake-ib/software/Python/2.7.18-GCCcore-12.2.0-bare/include -I/apps/gent/RHEL8/cascadelake-ib/software/Java/11.0.20/include -I/apps/gent/RHEL8/cascadelake-ib/software/FFTW/3.3.10-GCC-12.2.0/include -I/apps/gent/RHEL8/cascadelake-ib/software/FlexiBLAS/3.2.1-GCC-12.2.0/include -I/apps/gent/RHEL8/cascadelake-ib/software/FlexiBLAS/3.2.1-GCC-12.2.0/include/flexiblas'
ac_cv_env_CPP_set=
ac_cv_env_CPP_value=
ac_cv_env_LDFLAGS_set=set
ac_cv_env_LDFLAGS_value='-L/apps/gent/RHEL8/cascadelake-ib/software/Python/2.7.18-GCCcore-12.2.0-bare/lib64 -L/apps/gent/RHEL8/cascadelake-ib/software/Python/2.7.18-GCCcore-12.2.0-bare/lib -L/apps/gent/RHEL8/cascadelake-ib/software/Java/11.0.20/lib64 -L/apps/gent/RHEL8/cascadelake-ib/software/Java/11.0.20/lib -L/apps/gent/RHEL8/cascadelake-ib/software/FFTW/3.3.10-GCC-12.2.0/lib64 -L/apps/gent/RHEL8/cascadelake-ib/software/FFTW/3.3.10-GCC-12.2.0/lib -L/apps/gent/RHEL8/cascadelake-ib/software/ScaLAPACK/2.2.0-gompi-2022b-fb/lib64 -L/apps/gent/RHEL8/cascadelake-ib/software/ScaLAPACK/2.2.0-gompi-2022b-fb/lib -L/apps/gent/RHEL8/cascadelake-ib/software/FlexiBLAS/3.2.1-GCC-12.2.0/lib64 -L/apps/gent/RHEL8/cascadelake-ib/software/FlexiBLAS/3.2.1-GCC-12.2.0/lib -L/apps/gent/RHEL8/cascadelake-ib/software/GCCcore/12.2.0/lib64 -L/apps/gent/RHEL8/cascadelake-ib/software/GCCcore/12.2.0/lib'
ac_cv_env_LIBS_set=set
ac_cv_env_LIBS_value='-lm -lpthread'
ac_cv_env_build_alias_set=
ac_cv_env_build_alias_value=
ac_cv_env_host_alias_set=
ac_cv_env_host_alias_value=
ac_cv_env_target_alias_set=
ac_cv_env_target_alias_value=
ac_cv_prog_ac_ct_CC=gcc

## ----------------- ##
## Output variables. ##
## ----------------- ##

ACLOCAL=''
ALLOCA=''
AMDEPBACKSLASH=''
AMDEP_FALSE=''
AMDEP_TRUE=''
AMTAR=''
AM_BACKSLASH=''
AM_DEFAULT_V=''
AM_DEFAULT_VERBOSITY=''
AM_V=''
AUTOCONF=''
AUTOHEADER=''
AUTOMAKE=''
AWK=''
CC='gcc'
CCDEPMODE=''
CFLAGS='-O2 -ftree-vectorize -march=native -fno-math-errno'
CPP=''
CPPFLAGS='-I/apps/gent/RHEL8/cascadelake-ib/software/Python/2.7.18-GCCcore-12.2.0-bare/include -I/apps/gent/RHEL8/cascadelake-ib/software/Java/11.0.20/include -I/apps/gent/RHEL8/cascadelake-ib/software/FFTW/3.3.10-GCC-12.2.0/include -I/apps/gent/RHEL8/cascadelake-ib/software/FlexiBLAS/3.2.1-GCC-12.2.0/include -I/apps/gent/RHEL8/cascadelake-ib/software/FlexiBLAS/3.2.1-GCC-12.2.0/include/flexiblas'
CYGPATH_W=''
DEFS=''
DEPDIR=''
ECHO_C=''
ECHO_N='-n'
ECHO_T=''
EGREP=''
EXEEXT=''
GREP=''
INSTALL_DATA=''
INSTALL_PROGRAM=''
INSTALL_SCRIPT=''
INSTALL_STRIP_PROGRAM=''
LDFLAGS='-L/apps/gent/RHEL8/cascadelake-ib/software/Python/2.7.18-GCCcore-12.2.0-bare/lib64 -L/apps/gent/RHEL8/cascadelake-ib/software/Python/2.7.18-GCCcore-12.2.0-bare/lib -L/apps/gent/RHEL8/cascadelake-ib/software/Java/11.0.20/lib64 -L/apps/gent/RHEL8/cascadelake-ib/software/Java/11.0.20/lib -L/apps/gent/RHEL8/cascadelake-ib/software/FFTW/3.3.10-GCC-12.2.0/lib64 -L/apps/gent/RHEL8/cascadelake-ib/software/FFTW/3.3.10-GCC-12.2.0/lib -L/apps/gent/RHEL8/cascadelake-ib/software/ScaLAPACK/2.2.0-gompi-2022b-fb/lib64 -L/apps/gent/RHEL8/cascadelake-ib/software/ScaLAPACK/2.2.0-gompi-2022b-fb/lib -L/apps/gent/RHEL8/cascadelake-ib/software/FlexiBLAS/3.2.1-GCC-12.2.0/lib64 -L/apps/gent/RHEL8/cascadelake-ib/software/FlexiBLAS/3.2.1-GCC-12.2.0/lib -L/apps/gent/RHEL8/cascadelake-ib/software/GCCcore/12.2.0/lib64 -L/apps/gent/RHEL8/cascadelake-ib/software/GCCcore/12.2.0/lib'
LIBOBJS=''
LIBS='-lm -lpthread'
LTLIBOBJS=''
MAKEINFO=''
MKDIR_P=''
OBJEXT=''
PACKAGE=''
PACKAGE_BUGREPORT='pchan@soe.ucsc.edu'
PACKAGE_NAME='tRNAscan-SE'
PACKAGE_STRING='tRNAscan-SE 2.0.0'
PACKAGE_TARNAME='trnascan-se'
PACKAGE_URL=''
PACKAGE_VERSION='2.0.0'
PATH_SEPARATOR=':'
PERL=''
SET_MAKE=''
SHELL='/bin/sh'
STRIP=''
VERSION=''
ac_ct_CC='gcc'
am__EXEEXT_FALSE=''
am__EXEEXT_TRUE=''
am__fastdepCC_FALSE=''
am__fastdepCC_TRUE=''
am__include=''
am__isrc=''
am__leading_dot=''
am__nodep=''
am__quote=''
am__tar=''
am__untar=''
bindir='${exec_prefix}/bin'
build_alias=''
datadir='${datarootdir}'
datarootdir='${prefix}/share'
docdir='${datarootdir}/doc/${PACKAGE_TARNAME}'
dvidir='${docdir}'
exec_prefix='NONE'
host_alias=''
htmldir='${docdir}'
includedir='${prefix}/include'
infodir='${datarootdir}/info'
install_sh=''
libdir='${exec_prefix}/lib'
libexecdir='${exec_prefix}/libexec'
localedir='${datarootdir}/locale'
localstatedir='${prefix}/var'
mandir='${datarootdir}/man'
mkdir_p=''
oldincludedir='/usr/include'
pdfdir='${docdir}'
prefix='/tmp/vsc43810/easybuild/build/MitoFinder/1.4.1/foss-2022b-Python-2.7.18/MitoFinder-1.4.1/trnascanSE/tRNAscan-SE-2.0/exec'
program_transform_name='s,x,x,'
psdir='${docdir}'
sbindir='${exec_prefix}/sbin'
sharedstatedir='${prefix}/com'
sysconfdir='${prefix}/etc'
target_alias=''

## ----------- ##
## confdefs.h. ##
## ----------- ##

/* confdefs.h */
#define PACKAGE_NAME "tRNAscan-SE"
#define PACKAGE_TARNAME "trnascan-se"
#define PACKAGE_VERSION "2.0.0"
#define PACKAGE_STRING "tRNAscan-SE 2.0.0"
#define PACKAGE_BUGREPORT "pchan@soe.ucsc.edu"
#define PACKAGE_URL ""

configure: exit 77
