# output for command: /apps/gent/RHEL8/cascadelake-ib/software/Python/3.10.4-GCCcore-11.3.0/bin/python -m pip install --prefix=/scratch/gent/vo/001/gvo00117/easybuild/RHEL8/cascadelake-ampere-ib/software/scenicplus/1.0.0-foss-2022a  --no-deps  --ignore-installed  --no-index  --no-build-isolation  .

Processing /tmp/vsc43810/easybuild/build/scenicplus/1.0.0/foss-2022a/gseapy/gseapy-1.0.6
  Preparing metadata (pyproject.toml): started
  Preparing metadata (pyproject.toml): finished with status 'done'
Building wheels for collected packages: gseapy
  Building wheel for gseapy (pyproject.toml): started
  Building wheel for gseapy (pyproject.toml): still running...
  Building wheel for gseapy (pyproject.toml): finished with status 'error'
  error: subprocess-exited-with-error
  
   Building wheel for gseapy (pyproject.toml) did not run successfully.
   exit code: 1
  > [72 lines of output]
      running bdist_wheel
      running build
      running build_py
      creating build
      creating build/lib.linux-x86_64-cpython-310
      creating build/lib.linux-x86_64-cpython-310/gseapy
      copying gseapy/plot.py -> build/lib.linux-x86_64-cpython-310/gseapy
      copying gseapy/enrichr.py -> build/lib.linux-x86_64-cpython-310/gseapy
      copying gseapy/biomart.py -> build/lib.linux-x86_64-cpython-310/gseapy
      copying gseapy/__main__.py -> build/lib.linux-x86_64-cpython-310/gseapy
      copying gseapy/gsea.py -> build/lib.linux-x86_64-cpython-310/gseapy
      copying gseapy/__init__.py -> build/lib.linux-x86_64-cpython-310/gseapy
      copying gseapy/msigdb.py -> build/lib.linux-x86_64-cpython-310/gseapy
      copying gseapy/stats.py -> build/lib.linux-x86_64-cpython-310/gseapy
      copying gseapy/base.py -> build/lib.linux-x86_64-cpython-310/gseapy
      copying gseapy/scipalette.py -> build/lib.linux-x86_64-cpython-310/gseapy
      copying gseapy/parser.py -> build/lib.linux-x86_64-cpython-310/gseapy
      copying gseapy/algorithm.py -> build/lib.linux-x86_64-cpython-310/gseapy
      copying gseapy/utils.py -> build/lib.linux-x86_64-cpython-310/gseapy
      creating build/lib.linux-x86_64-cpython-310/gseapy/data
      copying gseapy/data/palette.json -> build/lib.linux-x86_64-cpython-310/gseapy/data
      running build_ext
      running build_rust
      cargo rustc --lib --message-format=json-render-diagnostics --manifest-path Cargo.toml --release -v --features pyo3/extension-module -- --crate-type cdylib
          Updating crates.io index
       Downloading crates ...
        Downloaded autocfg v1.1.0
        Downloaded crossbeam-deque v0.8.3
        Downloaded rand_chacha v0.3.1
        Downloaded itertools v0.11.0
        Downloaded unindent v0.1.11
        Downloaded ppv-lite86 v0.2.17
        Downloaded pyo3-macros v0.16.6
        Downloaded rand_core v0.6.4
        Downloaded target-lexicon v0.12.11
        Downloaded cfg-if v1.0.0
        Downloaded scopeguard v1.2.0
        Downloaded getrandom v0.2.10
        Downloaded csv-core v0.1.10
        Downloaded itoa v1.0.9
        Downloaded either v1.9.0
        Downloaded quote v1.0.33
        Downloaded lock_api v0.4.10
        Downloaded once_cell v1.18.0
        Downloaded indoc v1.0.9
        Downloaded num_cpus v1.16.0
        Downloaded memoffset v0.9.0
        Downloaded crossbeam-utils v0.8.16
        Downloaded ryu v1.0.15
        Downloaded parking_lot v0.12.1
        Downloaded smallvec v1.11.0
        Downloaded parking_lot_core v0.9.8
        Downloaded unicode-ident v1.0.12
        Downloaded crossbeam-epoch v0.9.15
        Downloaded serde v1.0.188
        Downloaded rayon-core v1.11.0
        Downloaded pyo3-macros-backend v0.16.6
        Downloaded serde_derive v1.0.188
        Downloaded proc-macro2 v1.0.67
        Downloaded rand v0.8.5
        Downloaded pyo3-ffi v0.16.6
        Downloaded memchr v2.6.3
        Downloaded crossbeam-channel v0.5.8
        Downloaded rayon v1.7.0
        Downloaded syn v1.0.109
        Downloaded syn v2.0.37
        Downloaded libc v0.2.148
        Downloaded csv v1.2.2
        Downloaded pyo3-build-config v0.16.6
        Downloaded pyo3 v0.16.6
      error: package `memchr v2.6.3` cannot be built because it requires rustc 1.61 or newer, while the currently active rustc version is 1.60.0-dev
      error: `cargo rustc --lib --message-format=json-render-diagnostics --manifest-path Cargo.toml --release -v --features pyo3/extension-module -- --crate-type cdylib` failed with code 101
      [end of output]
  
  note: This error originates from a subprocess, and is likely not a problem with pip.
  ERROR: Failed building wheel for gseapy
Failed to build gseapy
ERROR: Could not build wheels for gseapy, which is required to install pyproject.toml-based projects
