# output for command: /apps/gent/RHEL8/cascadelake-ib/software/Python/3.10.4-GCCcore-11.3.0/bin/python -m pip install --prefix=/scratch/gent/vo/001/gvo00117/easybuild/RHEL8/cascadelake-ampere-ib/software/scenicplus/1.0.0-foss-2022a  --no-deps  --ignore-installed  --no-index  --no-build-isolation  .

Processing /tmp/vsc43810/easybuild/build/scenicplus/1.0.0/foss-2022a/gseapy/gseapy-1.0.6
  Preparing metadata (pyproject.toml): started
  Preparing metadata (pyproject.toml): finished with status 'done'
Building wheels for collected packages: gseapy
  Building wheel for gseapy (pyproject.toml): started
  Building wheel for gseapy (pyproject.toml): finished with status 'error'
  error: subprocess-exited-with-error
  
   Building wheel for gseapy (pyproject.toml) did not run successfully.
   exit code: 1
  > [31 lines of output]
      running bdist_wheel
      running build
      running build_py
      creating build
      creating build/lib.linux-x86_64-cpython-310
      creating build/lib.linux-x86_64-cpython-310/gseapy
      copying gseapy/msigdb.py -> build/lib.linux-x86_64-cpython-310/gseapy
      copying gseapy/utils.py -> build/lib.linux-x86_64-cpython-310/gseapy
      copying gseapy/scipalette.py -> build/lib.linux-x86_64-cpython-310/gseapy
      copying gseapy/stats.py -> build/lib.linux-x86_64-cpython-310/gseapy
      copying gseapy/base.py -> build/lib.linux-x86_64-cpython-310/gseapy
      copying gseapy/parser.py -> build/lib.linux-x86_64-cpython-310/gseapy
      copying gseapy/__main__.py -> build/lib.linux-x86_64-cpython-310/gseapy
      copying gseapy/enrichr.py -> build/lib.linux-x86_64-cpython-310/gseapy
      copying gseapy/biomart.py -> build/lib.linux-x86_64-cpython-310/gseapy
      copying gseapy/gsea.py -> build/lib.linux-x86_64-cpython-310/gseapy
      copying gseapy/__init__.py -> build/lib.linux-x86_64-cpython-310/gseapy
      copying gseapy/plot.py -> build/lib.linux-x86_64-cpython-310/gseapy
      copying gseapy/algorithm.py -> build/lib.linux-x86_64-cpython-310/gseapy
      creating build/lib.linux-x86_64-cpython-310/gseapy/data
      copying gseapy/data/palette.json -> build/lib.linux-x86_64-cpython-310/gseapy/data
      running build_ext
      running build_rust
      cargo rustc --lib --message-format=json-render-diagnostics --manifest-path Cargo.toml --release -v --features pyo3/extension-module -- --crate-type cdylib
          Updating crates.io index
       Downloading crates ...
        Downloaded rayon-core v1.12.0
        Downloaded rayon v1.8.0
        Downloaded smallvec v1.11.1
      error: package `rayon-core v1.12.0` cannot be built because it requires rustc 1.63 or newer, while the currently active rustc version is 1.60.0-dev
      error: `cargo rustc --lib --message-format=json-render-diagnostics --manifest-path Cargo.toml --release -v --features pyo3/extension-module -- --crate-type cdylib` failed with code 101
      [end of output]
  
  note: This error originates from a subprocess, and is likely not a problem with pip.
  ERROR: Failed building wheel for gseapy
Failed to build gseapy
ERROR: Could not build wheels for gseapy, which is required to install pyproject.toml-based projects
