== 2023-09-19 15:34:25,413 easyblock.py:313 INFO This is EasyBuild 4.8.2.dev0-rdc58e27d6aeb685f244b6e7e7e86acf049728952 (framework: 4.8.2.dev0-rbbf0c71eefad0fd9371c07b4bbfc4b359cff431b, easyblocks: 4.8.2.dev0-rdc58e27d6aeb685f244b6e7e7e86acf049728952) on host node4015.donphan.os.
== 2023-09-19 15:34:25,413 easyblock.py:319 INFO This is easyblock PythonBundle from module easybuild.easyblocks.generic.pythonbundle (/user/gent/438/vsc43810/easybuild/easybuild-easyblocks/easybuild/easyblocks/generic/pythonbundle.py)
== 2023-09-19 15:34:25,413 easyblock.py:1056 INFO Build dir set to /tmp/vsc43810/easybuild/build/scenicplus/1.0.0/foss-2022a
== 2023-09-19 15:34:25,413 easyblock.py:1113 INFO Software install dir set to /scratch/gent/vo/001/gvo00117/easybuild/RHEL8/cascadelake-ampere-ib/software/scenicplus/1.0.0-foss-2022a
== 2023-09-19 15:34:25,414 easyblock.py:1118 INFO Module install dir set to /scratch/gent/vo/001/gvo00117/easybuild/RHEL8/cascadelake-ampere-ib/modules/all
== 2023-09-19 15:34:25,414 easyblock.py:288 INFO Init completed for application name scenicplus version 1.0.0
== 2023-09-19 15:34:25,414 pythonbundle.py:73 INFO Detection of downloaded extension dependencies is enabled
== 2023-09-19 15:34:25,414 pythonbundle.py:75 INFO exts_default_options: {'buildcmd': None, 'check_ldshared': None, 'download_dep_fail': True, 'install_src': None, 'install_target': 'install', 'pip_ignore_installed': True, 'pip_no_index': None, 'req_py_majver': None, 'req_py_minver': None, 'sanity_pip_check': True, 'runtest': True, 'testinstall': False, 'unpack_sources': None, 'unversioned_packages': [], 'use_pip': True, 'use_pip_editable': False, 'use_pip_extras': None, 'use_pip_for_deps': False, 'use_pip_requirement': False, 'zipped_egg': False, 'source_urls': ['https://pypi.python.org/packages/source/%(nameletter)s/%(name)s'], 'options': {}}
== 2023-09-19 15:34:25,414 easyblock.py:4220 INFO Obtained application instance of for scenicplus (easyblock: PythonBundle)
== 2023-09-19 15:34:25,414 easyconfig.py:1693 INFO Generating template values...
== 2023-09-19 15:34:25,414 mpi.py:122 INFO Using template MPI command 'mpirun -n %(nr_ranks)s %(cmd)s' for MPI family 'OpenMPI'
== 2023-09-19 15:34:25,414 mpi.py:307 INFO Using MPI command template 'mpirun -n %(nr_ranks)s %(cmd)s' (params: {'nr_ranks': 1, 'cmd': 'xxx_command_xxx'})
== 2023-09-19 15:34:25,415 easyconfig.py:1712 INFO Template values: arch='x86_64', bitbucket_account='scenicplus', github_account='scenicplus', module_name='scenicplus/1.0.0-foss-2022a', mpi_cmd_prefix='mpirun -n 1', name='scenicplus', nameletter='s', nameletterlower='s', namelower='scenicplus', pymajver='3', pyminver='10', pyshortver='3.10', pyver='3.10.4', toolchain_name='foss', toolchain_version='2022a', version='1.0.0', version_major='1', version_major_minor='1.0', version_minor='0', versionprefix='', versionsuffix=''
== 2023-09-19 15:34:25,418 one.py:180 INFO Skipping reformatting value for parameter 'toolchain'
== 2023-09-19 15:34:25,419 filetools.py:1911 INFO Creating directory /tmp/vsc43810/eb-72psxq2q/reprod_20230919153425_515146 (parents: True, set_gid: False, sticky: False)
== 2023-09-19 15:34:25,419 easyblock.py:4474 INFO Dumped easyconfig instance to /tmp/vsc43810/eb-72psxq2q/reprod_20230919153425_515146/scenicplus-1.0.0-foss-2022a.eb
== 2023-09-19 15:34:25,420 filetools.py:1911 INFO Creating directory /tmp/vsc43810/eb-72psxq2q/reprod_20230919153425_515146/easyblocks (parents: True, set_gid: False, sticky: False)
== 2023-09-19 15:34:25,426 filetools.py:2424 INFO /user/gent/438/vsc43810/easybuild/easybuild-easyblocks/easybuild/easyblocks/generic/pythonbundle.py copied to /tmp/vsc43810/eb-72psxq2q/reprod_20230919153425_515146/easyblocks/pythonbundle.py
== 2023-09-19 15:34:25,426 easyblock.py:4454 INFO Dumped easyblock pythonbundle.py required for reproduction to /tmp/vsc43810/eb-72psxq2q/reprod_20230919153425_515146/easyblocks
== 2023-09-19 15:34:25,435 filetools.py:2424 INFO /user/gent/438/vsc43810/easybuild/easybuild-easyblocks/easybuild/easyblocks/generic/bundle.py copied to /tmp/vsc43810/eb-72psxq2q/reprod_20230919153425_515146/easyblocks/bundle.py
== 2023-09-19 15:34:25,435 easyblock.py:4454 INFO Dumped easyblock bundle.py required for reproduction to /tmp/vsc43810/eb-72psxq2q/reprod_20230919153425_515146/easyblocks
== 2023-09-19 15:34:25,436 easyblock.py:2225 INFO Number of iterations to perform for central part of installation procedure: 1
== 2023-09-19 15:34:25,436 build_log.py:267 INFO building and installing scenicplus/1.0.0-foss-2022a...
== 2023-09-19 15:34:25,436 filetools.py:2004 INFO Lock /scratch/gent/vo/001/gvo00117/easybuild/RHEL8/cascadelake-ampere-ib/software/.locks/_scratch_gent_vo_001_gvo00117_easybuild_RHEL8_cascadelake-ampere-ib_software_scenicplus_1.0.0-foss-2022a.lock does not exist
== 2023-09-19 15:34:25,436 filetools.py:1945 INFO Creating lock at /scratch/gent/vo/001/gvo00117/easybuild/RHEL8/cascadelake-ampere-ib/software/.locks/_scratch_gent_vo_001_gvo00117_easybuild_RHEL8_cascadelake-ampere-ib_software_scenicplus_1.0.0-foss-2022a.lock...
== 2023-09-19 15:34:25,436 filetools.py:1911 INFO Creating directory /scratch/gent/vo/001/gvo00117/easybuild/RHEL8/cascadelake-ampere-ib/software/.locks/_scratch_gent_vo_001_gvo00117_easybuild_RHEL8_cascadelake-ampere-ib_software_scenicplus_1.0.0-foss-2022a.lock (parents: True, set_gid: False, sticky: False)
== 2023-09-19 15:34:25,436 filetools.py:1954 INFO Lock created: /scratch/gent/vo/001/gvo00117/easybuild/RHEL8/cascadelake-ampere-ib/software/.locks/_scratch_gent_vo_001_gvo00117_easybuild_RHEL8_cascadelake-ampere-ib_software_scenicplus_1.0.0-foss-2022a.lock
== 2023-09-19 15:34:25,436 build_log.py:267 INFO fetching files...
== 2023-09-19 15:34:25,436 easyblock.py:3942 INFO Starting fetch step
== 2023-09-19 15:34:25,436 easyconfig.py:1693 INFO Generating template values...
== 2023-09-19 15:34:25,437 mpi.py:122 INFO Using template MPI command 'mpirun -n %(nr_ranks)s %(cmd)s' for MPI family 'OpenMPI'
== 2023-09-19 15:34:25,437 mpi.py:307 INFO Using MPI command template 'mpirun -n %(nr_ranks)s %(cmd)s' (params: {'nr_ranks': 1, 'cmd': 'xxx_command_xxx'})
== 2023-09-19 15:34:25,437 easyconfig.py:1712 INFO Template values: arch='x86_64', bitbucket_account='scenicplus', builddir='/tmp/vsc43810/easybuild/build/scenicplus/1.0.0/foss-2022a', github_account='scenicplus', installdir='/scratch/gent/vo/001/gvo00117/easybuild/RHEL8/cascadelake-ampere-ib/software/scenicplus/1.0.0-foss-2022a', module_name='scenicplus/1.0.0-foss-2022a', mpi_cmd_prefix='mpirun -n 1', name='scenicplus', nameletter='s', nameletterlower='s', namelower='scenicplus', pymajver='3', pyminver='10', pyshortver='3.10', pyver='3.10.4', start_dir='None', toolchain_name='foss', toolchain_version='2022a', version='1.0.0', version_major='1', version_major_minor='1.0', version_minor='0', versionprefix='', versionsuffix=''
== 2023-09-19 15:34:25,437 easyblock.py:3950 INFO Running method fetch_step part of step fetch
== 2023-09-19 15:34:25,437 easyblock.py:2347 WARNING Easyconfig does not specify an EasyBuild-version (key 'easybuild_version')! Assuming the latest version
== 2023-09-19 15:34:25,437 easyblock.py:2375 INFO no sources provided
== 2023-09-19 15:34:25,437 easyblock.py:2390 INFO no patches provided
== 2023-09-19 15:34:25,438 easyblock.py:810 INFO Considering directory in which easyconfig file is located when searching for pyranges-0.0.129.tar.gz: /kyukon/home/gent/438/vsc43810/vsc-software-stack/64_scenicplus
== 2023-09-19 15:34:25,438 tools.py:273 INFO Found location to 'eb' script via $EB_SCRIPT_PATH: /user/gent/438/vsc43810/easybuild/easybuild-framework/eb
== 2023-09-19 15:34:25,438 tools.py:289 INFO Not considering /user/gent/438/vsc43810/easybuild (no easybuild/easyconfigs subdir found)
== 2023-09-19 15:34:25,438 tools.py:297 INFO Also considering installation prefix /kyukon/home/gent/438/vsc43810/easybuild (via resolved path to 'eb')...
== 2023-09-19 15:34:25,445 filetools.py:1911 INFO Creating directory /data/gent/vo/001/gvo00117/easybuild/sources/s/scenicplus (parents: True, set_gid: False, sticky: False)
== 2023-09-19 15:34:25,817 filetools.py:816 INFO File size for https://pypi.python.org/simple/pyranges: 31353
== 2023-09-19 15:34:25,817 filetools.py:270 INFO Not showing progress bar for downloading small file (size 31353)
== 2023-09-19 15:34:25,818 filetools.py:823 INFO Downloaded file pyranges_urls.html from url https://pypi.python.org/simple/pyranges to /tmp/vsc43810/eb-72psxq2q/tmpyau6rueo/pyranges_urls.html
== 2023-09-19 15:34:25,818 filetools.py:855 INFO Successful download of file pyranges_urls.html from url https://pypi.python.org/simple/pyranges to path /tmp/vsc43810/eb-72psxq2q/tmpyau6rueo/pyranges_urls.html
== 2023-09-19 15:34:25,823 filetools.py:1911 INFO Creating directory /data/gent/vo/001/gvo00117/easybuild/sources/s/scenicplus/extensions (parents: True, set_gid: False, sticky: False)
== 2023-09-19 15:34:26,380 filetools.py:816 INFO File size for https://pypi.python.org/packages/e2/a6/a68a65a8f5fd87064d9a8e22354245f11ddee60e1e699b7fa5902001cf0c/pyranges-0.0.129.tar.gz: 1455961
== 2023-09-19 15:34:26,380 filetools.py:270 INFO Not showing progress bar for downloading small file (size 1455961)
== 2023-09-19 15:34:26,523 filetools.py:823 INFO Downloaded file pyranges-0.0.129.tar.gz from url https://pypi.python.org/packages/e2/a6/a68a65a8f5fd87064d9a8e22354245f11ddee60e1e699b7fa5902001cf0c/pyranges-0.0.129.tar.gz to /data/gent/vo/001/gvo00117/easybuild/sources/s/scenicplus/extensions/pyranges-0.0.129.tar.gz
== 2023-09-19 15:34:26,524 filetools.py:855 INFO Successful download of file pyranges-0.0.129.tar.gz from url https://pypi.python.org/packages/e2/a6/a68a65a8f5fd87064d9a8e22354245f11ddee60e1e699b7fa5902001cf0c/pyranges-0.0.129.tar.gz to path /data/gent/vo/001/gvo00117/easybuild/sources/s/scenicplus/extensions/pyranges-0.0.129.tar.gz
== 2023-09-19 15:34:26,524 easyblock.py:951 INFO Successfully downloaded source file pyranges-0.0.129.tar.gz from https://pypi.python.org/packages/e2/a6/a68a65a8f5fd87064d9a8e22354245f11ddee60e1e699b7fa5902001cf0c/pyranges-0.0.129.tar.gz
== 2023-09-19 15:34:26,526 easyblock.py:679 INFO md5 checksum for /data/gent/vo/001/gvo00117/easybuild/sources/s/scenicplus/extensions/pyranges-0.0.129.tar.gz: 6834e9f40f031812e9c0651293aa991e
== 2023-09-19 15:34:26,530 easyblock.py:679 INFO sha256 checksum for /data/gent/vo/001/gvo00117/easybuild/sources/s/scenicplus/extensions/pyranges-0.0.129.tar.gz: bee83b4fad0062be9586668c6b0fc4270d5e761951975e018202993680071fb3
== 2023-09-19 15:34:26,530 easyblock.py:810 INFO Considering directory in which easyconfig file is located when searching for checksums.json: /kyukon/home/gent/438/vsc43810/vsc-software-stack/64_scenicplus
== 2023-09-19 15:34:26,530 tools.py:273 INFO Found location to 'eb' script via $EB_SCRIPT_PATH: /user/gent/438/vsc43810/easybuild/easybuild-framework/eb
== 2023-09-19 15:34:26,530 tools.py:289 INFO Not considering /user/gent/438/vsc43810/easybuild (no easybuild/easyconfigs subdir found)
== 2023-09-19 15:34:26,531 tools.py:297 INFO Also considering installation prefix /kyukon/home/gent/438/vsc43810/easybuild (via resolved path to 'eb')...
== 2023-09-19 15:34:26,531 easyblock.py:881 WARNING Couldn't find file checksums.json anywhere, and downloading it is disabled... Paths attempted (in order): /kyukon/home/gent/438/vsc43810/vsc-software-stack/64_scenicplus/s/scenicplus/checksums.json, /kyukon/home/gent/438/vsc43810/vsc-software-stack/64_scenicplus/scenicplus/checksums.json, /kyukon/home/gent/438/vsc43810/vsc-software-stack/64_scenicplus/checksums.json, /user/gent/438/vsc43810/easybuild/easybuild-easyconfigs/easybuild/easyconfigs/s/scenicplus/checksums.json, /user/gent/438/vsc43810/easybuild/easybuild-easyconfigs/easybuild/easyconfigs/scenicplus/checksums.json, /user/gent/438/vsc43810/easybuild/easybuild-easyconfigs/easybuild/easyconfigs/checksums.json, /user/gent/438/vsc43810/easybuild/easybuild-easyconfigs/easybuild/easyconfigs/s/scenicplus/checksums.json, /user/gent/438/vsc43810/easybuild/easybuild-easyconfigs/easybuild/easyconfigs/scenicplus/checksums.json, /user/gent/438/vsc43810/easybuild/easybuild-easyconfigs/easybuild/easyconfigs/checksums.json, /data/gent/vo/001/gvo00117/easybuild/sources/s/scenicplus/checksums.json, /data/gent/vo/001/gvo00117/easybuild/sources/scenicplus/checksums.json, /data/gent/vo/001/gvo00117/easybuild/sources/checksums.json, /apps/gent/sources/s/scenicplus/checksums.json, /apps/gent/sources/scenicplus/checksums.json, /apps/gent/sources/checksums.json 
== 2023-09-19 15:34:26,531 easyblock.py:685 INFO Checksum for extension source pyranges-0.0.129.tar.gz verified
== 2023-09-19 15:34:26,531 easyblock.py:532 INFO Fetched extension patches: []
== 2023-09-19 15:34:26,531 easyblock.py:810 INFO Considering directory in which easyconfig file is located when searching for interval-tree-0.3.4.tar.gz: /kyukon/home/gent/438/vsc43810/vsc-software-stack/64_scenicplus
== 2023-09-19 15:34:26,531 tools.py:273 INFO Found location to 'eb' script via $EB_SCRIPT_PATH: /user/gent/438/vsc43810/easybuild/easybuild-framework/eb
== 2023-09-19 15:34:26,531 tools.py:289 INFO Not considering /user/gent/438/vsc43810/easybuild (no easybuild/easyconfigs subdir found)
== 2023-09-19 15:34:26,532 tools.py:297 INFO Also considering installation prefix /kyukon/home/gent/438/vsc43810/easybuild (via resolved path to 'eb')...
== 2023-09-19 15:34:26,774 filetools.py:816 INFO File size for https://pypi.python.org/simple/interval-tree: 2320
== 2023-09-19 15:34:26,774 filetools.py:270 INFO Not showing progress bar for downloading small file (size 2320)
== 2023-09-19 15:34:26,774 filetools.py:823 INFO Downloaded file interval-tree_urls.html from url https://pypi.python.org/simple/interval-tree to /tmp/vsc43810/eb-72psxq2q/tmp5ffnfau_/interval-tree_urls.html
== 2023-09-19 15:34:26,775 filetools.py:855 INFO Successful download of file interval-tree_urls.html from url https://pypi.python.org/simple/interval-tree to path /tmp/vsc43810/eb-72psxq2q/tmp5ffnfau_/interval-tree_urls.html
== 2023-09-19 15:34:27,170 filetools.py:832 WARNING URL https://pypi.python.org/packages/source/i/interval-tree/interval-tree-0.3.4.tar.gz was not found (HTTP response code 404), not trying again
== 2023-09-19 15:34:27,171 filetools.py:859 WARNING Download of https://pypi.python.org/packages/source/i/interval-tree/interval-tree-0.3.4.tar.gz to /data/gent/vo/001/gvo00117/easybuild/sources/s/scenicplus/extensions/interval-tree-0.3.4.tar.gz failed, done trying
== 2023-09-19 15:34:27,443 filetools.py:832 WARNING URL https://pypi.python.org/simple/scenicplus was not found (HTTP response code 404), not trying again
== 2023-09-19 15:34:27,443 filetools.py:859 WARNING Download of https://pypi.python.org/simple/scenicplus to /tmp/vsc43810/eb-72psxq2q/tmppe2vtzx0/scenicplus_urls.html failed, done trying
== 2023-09-19 15:34:27,853 filetools.py:832 WARNING URL https://pypi.python.org/packages/source/s/scenicplus/interval-tree-0.3.4.tar.gz was not found (HTTP response code 404), not trying again
== 2023-09-19 15:34:27,854 filetools.py:859 WARNING Download of https://pypi.python.org/packages/source/s/scenicplus/interval-tree-0.3.4.tar.gz to /data/gent/vo/001/gvo00117/easybuild/sources/s/scenicplus/extensions/interval-tree-0.3.4.tar.gz failed, done trying
== 2023-09-19 15:34:27,920 filetools.py:832 WARNING URL https://sources.easybuild.io/s/scenicplus/interval-tree-0.3.4.tar.gz was not found (HTTP response code 404), not trying again
== 2023-09-19 15:34:27,921 filetools.py:859 WARNING Download of https://sources.easybuild.io/s/scenicplus/interval-tree-0.3.4.tar.gz to /data/gent/vo/001/gvo00117/easybuild/sources/s/scenicplus/extensions/interval-tree-0.3.4.tar.gz failed, done trying
== 2023-09-19 15:34:28,118 build_log.py:171 ERROR EasyBuild crashed with an error (at easybuild/easybuild-framework/easybuild/base/exceptions.py:126 in __init__): Couldn't find file interval-tree-0.3.4.tar.gz anywhere, and downloading it didn't work either... Paths attempted (in order): /kyukon/home/gent/438/vsc43810/vsc-software-stack/64_scenicplus/s/scenicplus/extensions/interval-tree-0.3.4.tar.gz, /kyukon/home/gent/438/vsc43810/vsc-software-stack/64_scenicplus/s/scenicplus/packages/interval-tree-0.3.4.tar.gz, /kyukon/home/gent/438/vsc43810/vsc-software-stack/64_scenicplus/s/scenicplus/interval-tree-0.3.4.tar.gz, /kyukon/home/gent/438/vsc43810/vsc-software-stack/64_scenicplus/scenicplus/extensions/interval-tree-0.3.4.tar.gz, /kyukon/home/gent/438/vsc43810/vsc-software-stack/64_scenicplus/scenicplus/packages/interval-tree-0.3.4.tar.gz, /kyukon/home/gent/438/vsc43810/vsc-software-stack/64_scenicplus/scenicplus/interval-tree-0.3.4.tar.gz, /kyukon/home/gent/438/vsc43810/vsc-software-stack/64_scenicplus/extensions/interval-tree-0.3.4.tar.gz, /kyukon/home/gent/438/vsc43810/vsc-software-stack/64_scenicplus/packages/interval-tree-0.3.4.tar.gz, /kyukon/home/gent/438/vsc43810/vsc-software-stack/64_scenicplus/interval-tree-0.3.4.tar.gz, /user/gent/438/vsc43810/easybuild/easybuild-easyconfigs/easybuild/easyconfigs/s/scenicplus/extensions/interval-tree-0.3.4.tar.gz, /user/gent/438/vsc43810/easybuild/easybuild-easyconfigs/easybuild/easyconfigs/s/scenicplus/packages/interval-tree-0.3.4.tar.gz, /user/gent/438/vsc43810/easybuild/easybuild-easyconfigs/easybuild/easyconfigs/s/scenicplus/interval-tree-0.3.4.tar.gz, /user/gent/438/vsc43810/easybuild/easybuild-easyconfigs/easybuild/easyconfigs/scenicplus/extensions/interval-tree-0.3.4.tar.gz, /user/gent/438/vsc43810/easybuild/easybuild-easyconfigs/easybuild/easyconfigs/scenicplus/packages/interval-tree-0.3.4.tar.gz, /user/gent/438/vsc43810/easybuild/easybuild-easyconfigs/easybuild/easyconfigs/scenicplus/interval-tree-0.3.4.tar.gz, /user/gent/438/vsc43810/easybuild/easybuild-easyconfigs/easybuild/easyconfigs/extensions/interval-tree-0.3.4.tar.gz, /user/gent/438/vsc43810/easybuild/easybuild-easyconfigs/easybuild/easyconfigs/packages/interval-tree-0.3.4.tar.gz, /user/gent/438/vsc43810/easybuild/easybuild-easyconfigs/easybuild/easyconfigs/interval-tree-0.3.4.tar.gz, /user/gent/438/vsc43810/easybuild/easybuild-easyconfigs/easybuild/easyconfigs/s/scenicplus/extensions/interval-tree-0.3.4.tar.gz, /user/gent/438/vsc43810/easybuild/easybuild-easyconfigs/easybuild/easyconfigs/s/scenicplus/packages/interval-tree-0.3.4.tar.gz, /user/gent/438/vsc43810/easybuild/easybuild-easyconfigs/easybuild/easyconfigs/s/scenicplus/interval-tree-0.3.4.tar.gz, /user/gent/438/vsc43810/easybuild/easybuild-easyconfigs/easybuild/easyconfigs/scenicplus/extensions/interval-tree-0.3.4.tar.gz, /user/gent/438/vsc43810/easybuild/easybuild-easyconfigs/easybuild/easyconfigs/scenicplus/packages/interval-tree-0.3.4.tar.gz, /user/gent/438/vsc43810/easybuild/easybuild-easyconfigs/easybuild/easyconfigs/scenicplus/interval-tree-0.3.4.tar.gz, /user/gent/438/vsc43810/easybuild/easybuild-easyconfigs/easybuild/easyconfigs/extensions/interval-tree-0.3.4.tar.gz, /user/gent/438/vsc43810/easybuild/easybuild-easyconfigs/easybuild/easyconfigs/packages/interval-tree-0.3.4.tar.gz, /user/gent/438/vsc43810/easybuild/easybuild-easyconfigs/easybuild/easyconfigs/interval-tree-0.3.4.tar.gz, /data/gent/vo/001/gvo00117/easybuild/sources/s/scenicplus/extensions/interval-tree-0.3.4.tar.gz, /data/gent/vo/001/gvo00117/easybuild/sources/s/scenicplus/packages/interval-tree-0.3.4.tar.gz, /data/gent/vo/001/gvo00117/easybuild/sources/s/scenicplus/interval-tree-0.3.4.tar.gz, /data/gent/vo/001/gvo00117/easybuild/sources/scenicplus/extensions/interval-tree-0.3.4.tar.gz, /data/gent/vo/001/gvo00117/easybuild/sources/scenicplus/packages/interval-tree-0.3.4.tar.gz, /data/gent/vo/001/gvo00117/easybuild/sources/scenicplus/interval-tree-0.3.4.tar.gz, /data/gent/vo/001/gvo00117/easybuild/sources/extensions/interval-tree-0.3.4.tar.gz, /data/gent/vo/001/gvo00117/easybuild/sources/packages/interval-tree-0.3.4.tar.gz, /data/gent/vo/001/gvo00117/easybuild/sources/interval-tree-0.3.4.tar.gz, /apps/gent/sources/s/scenicplus/extensions/interval-tree-0.3.4.tar.gz, /apps/gent/sources/s/scenicplus/packages/interval-tree-0.3.4.tar.gz, /apps/gent/sources/s/scenicplus/interval-tree-0.3.4.tar.gz, /apps/gent/sources/scenicplus/extensions/interval-tree-0.3.4.tar.gz, /apps/gent/sources/scenicplus/packages/interval-tree-0.3.4.tar.gz, /apps/gent/sources/scenicplus/interval-tree-0.3.4.tar.gz, /apps/gent/sources/extensions/interval-tree-0.3.4.tar.gz, /apps/gent/sources/packages/interval-tree-0.3.4.tar.gz, /apps/gent/sources/interval-tree-0.3.4.tar.gz, https://pypi.python.org/packages/source/i/interval-tree/interval-tree-0.3.4.tar.gz, https://pypi.python.org/packages/source/s/scenicplus/interval-tree-0.3.4.tar.gz, https://sources.easybuild.io/s/scenicplus/interval-tree-0.3.4.tar.gz  (at easybuild/easybuild-framework/easybuild/framework/easyblock.py:975 in obtain_file)
== 2023-09-19 15:34:28,118 build_log.py:267 INFO ... (took 2 secs)
== 2023-09-19 15:34:28,118 filetools.py:2012 INFO Removing lock /scratch/gent/vo/001/gvo00117/easybuild/RHEL8/cascadelake-ampere-ib/software/.locks/_scratch_gent_vo_001_gvo00117_easybuild_RHEL8_cascadelake-ampere-ib_software_scenicplus_1.0.0-foss-2022a.lock...
== 2023-09-19 15:34:28,118 filetools.py:383 INFO Path /scratch/gent/vo/001/gvo00117/easybuild/RHEL8/cascadelake-ampere-ib/software/.locks/_scratch_gent_vo_001_gvo00117_easybuild_RHEL8_cascadelake-ampere-ib_software_scenicplus_1.0.0-foss-2022a.lock successfully removed.
== 2023-09-19 15:34:28,118 filetools.py:2016 INFO Lock removed: /scratch/gent/vo/001/gvo00117/easybuild/RHEL8/cascadelake-ampere-ib/software/.locks/_scratch_gent_vo_001_gvo00117_easybuild_RHEL8_cascadelake-ampere-ib_software_scenicplus_1.0.0-foss-2022a.lock
== 2023-09-19 15:34:28,118 easyblock.py:4277 WARNING build failed (first 300 chars): Couldn't find file interval-tree-0.3.4.tar.gz anywhere, and downloading it didn't work either... Paths attempted (in order): /kyukon/home/gent/438/vsc43810/vsc-software-stack/64_scenicplus/s/scenicplus/extensions/interval-tree-0.3.4.tar.gz, /kyukon/home/gent/438/vsc43810/vsc-software-stack/64_scenic
== 2023-09-19 15:34:28,118 easyblock.py:328 INFO Closing log for application name scenicplus version 1.0.0
