# output for command: /apps/gent/RHEL8/cascadelake-ib/software/Python/3.10.4-GCCcore-11.3.0/bin/python -m pip check

scrublet 0.2.3 requires scikit-image, which is not installed.
pycistopic 1.0.2 requires bs4, which is not installed.
pycistopic 1.0.2 requires python-igraph, which is not installed.
pycistopic 1.0.2 requires python-levenshtein, which is not installed.
pycistopic 1.0.2 requires typing, which is not installed.
pycistarget 1.0.2 requires typing, which is not installed.
tmtoolkit 0.12.0 has requirement numpy<2.0,>=1.23.0, but you have numpy 1.22.3.
tmtoolkit 0.12.0 has requirement wheel<1.0,>=0.40, but you have wheel 0.37.1.
requests-cache 1.1.0 has requirement platformdirs>=2.5, but you have platformdirs 2.4.1.
pygam 0.9.0 has requirement numpy<2.0.0,>=1.24.2, but you have numpy 1.22.3.
pygam 0.9.0 has requirement scipy<2.0.0,>=1.10.1, but you have scipy 1.8.1.
pydata-sphinx-theme 0.14.0 has requirement sphinx>=5.0, but you have sphinx 4.5.0.
plotnine 0.12.3 has requirement matplotlib>=3.6.0, but you have matplotlib 3.5.2.
plotnine 0.12.3 has requirement mizani<0.10.0,>0.9.0, but you have mizani 0.10.0.
plotnine 0.12.3 has requirement numpy>=1.23.0, but you have numpy 1.22.3.
plotnine 0.12.3 has requirement pandas>=1.5.0, but you have pandas 1.4.2.
plotnine 0.12.3 has requirement statsmodels>=0.14.0, but you have statsmodels 0.13.1.
lda 2.0.0 has requirement pbr<4,>=0.6, but you have pbr 5.8.1.
dunamai 1.19.0 has requirement packaging>=20.9, but you have packaging 20.4.
