# output for command: /apps/gent/RHEL8/cascadelake-ib/software/Python/3.10.4-GCCcore-11.3.0/bin/python -m pip check

scenicplus 1.0.0 requires nbsphinx-link, which is not installed.
scenicplus 1.0.0 requires pyscenic, which is not installed.
rich 12.6.0 requires commonmark, which is not installed.
pycistopic 1.0.2 requires bs4, which is not installed.
pycistopic 1.0.2 requires gensim, which is not installed.
pycistopic 1.0.2 requires nbsphinx-link, which is not installed.
pycistopic 1.0.2 requires papermill, which is not installed.
pycistopic 1.0.2 requires pyfasta, which is not installed.
pycistopic 1.0.2 requires pyscenic, which is not installed.
pycistopic 1.0.2 requires python-igraph, which is not installed.
pycistopic 1.0.2 requires python-levenshtein, which is not installed.
pycistopic 1.0.2 requires scanorama, which is not installed.
pycistopic 1.0.2 requires scrublet, which is not installed.
pycistopic 1.0.2 requires tmtoolkit, which is not installed.
pycistopic 1.0.2 requires typing, which is not installed.
pycistarget 1.0.2 requires nbsphinx-link, which is not installed.
pycistarget 1.0.2 requires typing, which is not installed.
progressbar2 4.2.0 requires python-utils, which is not installed.
loomxpy 0.4.2 requires dataclasses-json, which is not installed.
loomxpy 0.4.2 requires pyscenic, which is not installed.
ctxcore 0.2.0 requires cytoolz, which is not installed.
cattrs 23.2.0.dev0 requires exceptiongroup, which is not installed.
arboreto 0.1.6 requires dask, which is not installed.
arboreto 0.1.6 requires distributed, which is not installed.
scenicplus 1.0.0 has requirement gseapy==0.10.8, but you have gseapy 1.0.6.
requests-cache 1.1.0 has requirement platformdirs>=2.5, but you have platformdirs 2.4.1.
pygam 0.9.0 has requirement numpy<2.0.0,>=1.24.2, but you have numpy 1.22.3.
pygam 0.9.0 has requirement scipy<2.0.0,>=1.10.1, but you have scipy 1.8.1.
pydata-sphinx-theme 0.14.0 has requirement sphinx>=5.0, but you have sphinx 4.5.0.
plotnine 0.12.3 has requirement matplotlib>=3.6.0, but you have matplotlib 3.5.2.
plotnine 0.12.3 has requirement mizani<0.10.0,>0.9.0, but you have mizani 0.10.0.
plotnine 0.12.3 has requirement numpy>=1.23.0, but you have numpy 1.22.3.
plotnine 0.12.3 has requirement pandas>=1.5.0, but you have pandas 1.4.2.
plotnine 0.12.3 has requirement statsmodels>=0.14.0, but you have statsmodels 0.13.1.
lda 2.0.0 has requirement pbr<4,>=0.6, but you have pbr 5.8.1.
cattrs 23.2.0.dev0 has requirement attrs>=23.1.0, but you have attrs 21.4.0.
