[M::ha_analyze_count] lowest: count[10] = 0
[M::ha_analyze_count] highest: count[54] = 1775
[M::ha_hist_line]     1: ****************************************************************************************************> 12172
[M::ha_hist_line]     2: ******* 131
[M::ha_hist_line]     3: * 26
[M::ha_hist_line]     4:  5
[M::ha_hist_line]     5:  0
[M::ha_hist_line]     6:  0
[M::ha_hist_line]     7:  0
[M::ha_hist_line]     8:  0
[M::ha_hist_line]     9:  0
[M::ha_hist_line]    10:  0
[M::ha_hist_line]    11: * 14
[M::ha_hist_line]    12:  0
[M::ha_hist_line]    13:  0
[M::ha_hist_line]    14:  0
[M::ha_hist_line]    15:  0
[M::ha_hist_line]    16:  0
[M::ha_hist_line]    17:  0
[M::ha_hist_line]    18:  0
[M::ha_hist_line]    19:  0
[M::ha_hist_line]    20:  0
[M::ha_hist_line]    21:  0
[M::ha_hist_line]    22:  0
[M::ha_hist_line]    23:  0
[M::ha_hist_line]    24:  0
[M::ha_hist_line]    25:  0
[M::ha_hist_line]    26:  0
[M::ha_hist_line]    27:  0
[M::ha_hist_line]    28:  0
[M::ha_hist_line]    29:  0
[M::ha_hist_line]    30:  0
[M::ha_hist_line]    31:  0
[M::ha_hist_line]    32:  0
[M::ha_hist_line]    33:  0
[M::ha_hist_line]    34:  0
[M::ha_hist_line]    35:  0
[M::ha_hist_line]    36:  0
[M::ha_hist_line]    37:  0
[M::ha_hist_line]    38: * 12
[M::ha_hist_line]    39:  0
[M::ha_hist_line]    40:  0
[M::ha_hist_line]    41:  0
[M::ha_hist_line]    42:  0
[M::ha_hist_line]    43:  0
[M::ha_hist_line]    44:  0
[M::ha_hist_line]    45:  0
[M::ha_hist_line]    46: * 19
[M::ha_hist_line]    47: **** 77
[M::ha_hist_line]    48: ******** 146
[M::ha_hist_line]    49: ********************** 395
[M::ha_hist_line]    50: ************************************** 667
[M::ha_hist_line]    51: ************************************** 670
[M::ha_hist_line]    52: ****************************************************** 956
[M::ha_hist_line]    53: ********************************************************************************* 1433
[M::ha_hist_line]    54: **************************************************************************************************** 1775
[M::ha_hist_line]    55: **************************************************************** 1130
[M::ha_hist_line]    56: ******************************************************************* 1186
[M::ha_hist_line]    57: ****************************************** 738
[M::ha_hist_line]    58: **** 72
[M::ha_hist_line]  rest: * 13
[M::ha_analyze_count] left: none
[M::ha_analyze_count] right: none
[M::ha_ft_gen] peak_hom: 54; peak_het: -1
[M::ha_ct_shrink::0.026*1.41] ==> counted 0 distinct minimizer k-mers
[M::ha_ft_gen::0.026*1.41@0.093GB] ==> filtered out 0 k-mers occurring 270 or more times
[M::ha_opt_update_cov] updated max_n_chain to 270
[M::yak_count] collected 19682 minimizers
[M::ha_pt_gen::0.050*1.21] ==> counted 883 distinct minimizer k-mers
[M::ha_pt_gen] count[4095] = 0 (for sanity check)
[M::ha_analyze_count] lowest: count[10] = 0
[M::ha_analyze_count] highest: count[54] = 67
[M::ha_hist_line]     1: ****************************************************************************************************> 513
[M::ha_hist_line]     2: ********* 6
[M::ha_hist_line]     3: **** 3
[M::ha_hist_line]     4:  0
[M::ha_hist_line]     5:  0
[M::ha_hist_line]     6:  0
[M::ha_hist_line]     7:  0
[M::ha_hist_line]     8:  0
[M::ha_hist_line]     9:  0
[M::ha_hist_line]    10:  0
[M::ha_hist_line]    11: * 1
[M::ha_hist_line]    12:  0
[M::ha_hist_line]    13:  0
[M::ha_hist_line]    14:  0
[M::ha_hist_line]    15:  0
[M::ha_hist_line]    16:  0
[M::ha_hist_line]    17:  0
[M::ha_hist_line]    18:  0
[M::ha_hist_line]    19:  0
[M::ha_hist_line]    20:  0
[M::ha_hist_line]    21:  0
[M::ha_hist_line]    22:  0
[M::ha_hist_line]    23:  0
[M::ha_hist_line]    24:  0
[M::ha_hist_line]    25:  0
[M::ha_hist_line]    26:  0
[M::ha_hist_line]    27:  0
[M::ha_hist_line]    28:  0
[M::ha_hist_line]    29:  0
[M::ha_hist_line]    30:  0
[M::ha_hist_line]    31:  0
[M::ha_hist_line]    32:  0
[M::ha_hist_line]    33:  0
[M::ha_hist_line]    34:  0
[M::ha_hist_line]    35:  0
[M::ha_hist_line]    36:  0
[M::ha_hist_line]    37:  0
[M::ha_hist_line]    38:  0
[M::ha_hist_line]    39:  0
[M::ha_hist_line]    40:  0
[M::ha_hist_line]    41:  0
[M::ha_hist_line]    42:  0
[M::ha_hist_line]    43:  0
[M::ha_hist_line]    44:  0
[M::ha_hist_line]    45:  0
[M::ha_hist_line]    46: * 1
[M::ha_hist_line]    47: ****** 4
[M::ha_hist_line]    48: ********** 7
[M::ha_hist_line]    49: ****************************************** 28
[M::ha_hist_line]    50: ********************************** 23
[M::ha_hist_line]    51: ********************************************* 30
[M::ha_hist_line]    52: ************************************************* 33
[M::ha_hist_line]    53: ********************************************************************************************** 63
[M::ha_hist_line]    54: **************************************************************************************************** 67
[M::ha_hist_line]    55: ************************************************************************* 49
[M::ha_hist_line]    56: **************************************************** 35
[M::ha_hist_line]    57: ************************* 17
[M::ha_hist_line]    58: *** 2
[M::ha_hist_line]  rest: * 1
[M::ha_analyze_count] left: count[49] = 28
[M::ha_analyze_count] right: none
[M::ha_pt_gen] peak_hom: 54; peak_het: 49
[M::ha_ct_shrink::0.053*1.19] ==> counted 370 distinct minimizer k-mers
[M::ha_pt_gen::] counting in normal mode
[M::yak_count] collected 19682 minimizers
[M::ha_pt_gen::0.079*1.12] ==> indexed 19169 positions, counted 370 distinct minimizer k-mers
[M::ha_assemble::1.719*1.00@0.093GB] ==> corrected reads for round 1
[M::ha_assemble] # bases: 845489; # corrected bases: 2597; # recorrected bases: 6
[M::ha_assemble] size of buffer: 0.036GB
[M::yak_count] collected 19668 minimizers
[M::ha_pt_gen::1.743*1.00] ==> counted 583 distinct minimizer k-mers
[M::ha_pt_gen] count[4095] = 0 (for sanity check)
[M::ha_analyze_count] lowest: count[47] = 0
[M::ha_analyze_count] highest: count[53] = 68
[M::ha_hist_line]     1: ****************************************************************************************************> 222
[M::ha_hist_line]     2: * 1
[M::ha_hist_line]     3:  0
[M::ha_hist_line]     4:  0
[M::ha_hist_line]     5:  0
[M::ha_hist_line]     6:  0
[M::ha_hist_line]     7:  0
[M::ha_hist_line]     8:  0
[M::ha_hist_line]     9:  0
[M::ha_hist_line]    10:  0
[M::ha_hist_line]    11:  0
[M::ha_hist_line]    12:  0
[M::ha_hist_line]    13:  0
[M::ha_hist_line]    14:  0
[M::ha_hist_line]    15:  0
[M::ha_hist_line]    16:  0
[M::ha_hist_line]    17:  0
[M::ha_hist_line]    18:  0
[M::ha_hist_line]    19:  0
[M::ha_hist_line]    20:  0
[M::ha_hist_line]    21:  0
[M::ha_hist_line]    22:  0
[M::ha_hist_line]    23:  0
[M::ha_hist_line]    24:  0
[M::ha_hist_line]    25:  0
[M::ha_hist_line]    26:  0
[M::ha_hist_line]    27:  0
[M::ha_hist_line]    28:  0
[M::ha_hist_line]    29:  0
[M::ha_hist_line]    30:  0
[M::ha_hist_line]    31:  0
[M::ha_hist_line]    32:  0
[M::ha_hist_line]    33:  0
[M::ha_hist_line]    34:  0
[M::ha_hist_line]    35:  0
[M::ha_hist_line]    36:  0
[M::ha_hist_line]    37:  0
[M::ha_hist_line]    38:  0
[M::ha_hist_line]    39:  0
[M::ha_hist_line]    40:  0
[M::ha_hist_line]    41:  0
[M::ha_hist_line]    42:  0
[M::ha_hist_line]    43:  0
[M::ha_hist_line]    44:  0
[M::ha_hist_line]    45:  0
[M::ha_hist_line]    46:  0
[M::ha_hist_line]    47:  0
[M::ha_hist_line]    48: ****** 4
[M::ha_hist_line]    49: *************** 10
[M::ha_hist_line]    50: ***************************** 20
[M::ha_hist_line]    51: *********************************** 24
[M::ha_hist_line]    52: ********************************** 23
[M::ha_hist_line]    53: **************************************************************************************************** 68
[M::ha_hist_line]    54: ************************************************************************************* 58
[M::ha_hist_line]    55: ********************************************************************************************* 63
[M::ha_hist_line]    56: ************************************************************ 41
[M::ha_hist_line]    57: ************************************************************ 41
[M::ha_hist_line]    58: ********** 7
[M::ha_hist_line]  rest: * 1
[M::ha_analyze_count] left: none
[M::ha_analyze_count] right: count[55] = 63
[M::ha_pt_gen] peak_hom: 55; peak_het: 53
[M::ha_ct_shrink::1.746*1.00] ==> counted 361 distinct minimizer k-mers
[M::ha_pt_gen::] counting in normal mode
[M::yak_count] collected 19668 minimizers
[M::ha_pt_gen::1.774*1.00] ==> indexed 19446 positions, counted 361 distinct minimizer k-mers
[M::ha_assemble::2.920*1.00@0.093GB] ==> corrected reads for round 2
[M::ha_assemble] # bases: 844115; # corrected bases: 89; # recorrected bases: 1
[M::ha_assemble] size of buffer: 0.035GB
[M::yak_count] collected 19666 minimizers
[M::ha_pt_gen::2.949*1.00] ==> counted 583 distinct minimizer k-mers
[M::ha_pt_gen] count[4095] = 0 (for sanity check)
[M::ha_analyze_count] lowest: count[47] = 0
[M::ha_analyze_count] highest: count[53] = 67
[M::ha_hist_line]     1: ****************************************************************************************************> 223
[M::ha_hist_line]     2:  0
[M::ha_hist_line]     3:  0
[M::ha_hist_line]     4:  0
[M::ha_hist_line]     5:  0
[M::ha_hist_line]     6:  0
[M::ha_hist_line]     7:  0
[M::ha_hist_line]     8:  0
[M::ha_hist_line]     9:  0
[M::ha_hist_line]    10:  0
[M::ha_hist_line]    11:  0
[M::ha_hist_line]    12:  0
[M::ha_hist_line]    13:  0
[M::ha_hist_line]    14:  0
[M::ha_hist_line]    15:  0
[M::ha_hist_line]    16:  0
[M::ha_hist_line]    17:  0
[M::ha_hist_line]    18:  0
[M::ha_hist_line]    19:  0
[M::ha_hist_line]    20:  0
[M::ha_hist_line]    21:  0
[M::ha_hist_line]    22:  0
[M::ha_hist_line]    23:  0
[M::ha_hist_line]    24:  0
[M::ha_hist_line]    25:  0
[M::ha_hist_line]    26:  0
[M::ha_hist_line]    27:  0
[M::ha_hist_line]    28:  0
[M::ha_hist_line]    29:  0
[M::ha_hist_line]    30:  0
[M::ha_hist_line]    31:  0
[M::ha_hist_line]    32:  0
[M::ha_hist_line]    33:  0
[M::ha_hist_line]    34:  0
[M::ha_hist_line]    35:  0
[M::ha_hist_line]    36:  0
[M::ha_hist_line]    37:  0
[M::ha_hist_line]    38:  0
[M::ha_hist_line]    39:  0
[M::ha_hist_line]    40:  0
[M::ha_hist_line]    41:  0
[M::ha_hist_line]    42:  0
[M::ha_hist_line]    43:  0
[M::ha_hist_line]    44:  0
[M::ha_hist_line]    45:  0
[M::ha_hist_line]    46:  0
[M::ha_hist_line]    47:  0
[M::ha_hist_line]    48: ****** 4
[M::ha_hist_line]    49: *************** 10
[M::ha_hist_line]    50: ****************************** 20
[M::ha_hist_line]    51: ************************************ 24
[M::ha_hist_line]    52: ********************************** 23
[M::ha_hist_line]    53: **************************************************************************************************** 67
[M::ha_hist_line]    54: **************************************************************************************** 59
[M::ha_hist_line]    55: ********************************************************************************************** 63
[M::ha_hist_line]    56: ************************************************************* 41
[M::ha_hist_line]    57: ************************************************************* 41
[M::ha_hist_line]    58: ********** 7
[M::ha_hist_line]  rest: * 1
[M::ha_analyze_count] left: none
[M::ha_analyze_count] right: count[55] = 63
[M::ha_pt_gen] peak_hom: 55; peak_het: 53
[M::ha_ct_shrink::2.952*1.00] ==> counted 360 distinct minimizer k-mers
[M::ha_pt_gen::] counting in normal mode
[M::yak_count] collected 19666 minimizers
[M::ha_pt_gen::2.977*1.00] ==> indexed 19443 positions, counted 360 distinct minimizer k-mers
[M::ha_assemble::4.125*1.00@0.093GB] ==> corrected reads for round 3
[M::ha_assemble] # bases: 844061; # corrected bases: 42; # recorrected bases: 0
[M::ha_assemble] size of buffer: 0.035GB
[M::yak_count] collected 19665 minimizers
[M::ha_pt_gen::4.150*1.00] ==> counted 581 distinct minimizer k-mers
[M::ha_pt_gen] count[4095] = 0 (for sanity check)
[M::ha_analyze_count] lowest: count[47] = 0
[M::ha_analyze_count] highest: count[53] = 69
[M::ha_hist_line]     1: ****************************************************************************************************> 221
[M::ha_hist_line]     2:  0
[M::ha_hist_line]     3:  0
[M::ha_hist_line]     4:  0
[M::ha_hist_line]     5:  0
[M::ha_hist_line]     6:  0
[M::ha_hist_line]     7:  0
[M::ha_hist_line]     8:  0
[M::ha_hist_line]     9:  0
[M::ha_hist_line]    10:  0
[M::ha_hist_line]    11:  0
[M::ha_hist_line]    12:  0
[M::ha_hist_line]    13:  0
[M::ha_hist_line]    14:  0
[M::ha_hist_line]    15:  0
[M::ha_hist_line]    16:  0
[M::ha_hist_line]    17:  0
[M::ha_hist_line]    18:  0
[M::ha_hist_line]    19:  0
[M::ha_hist_line]    20:  0
[M::ha_hist_line]    21:  0
[M::ha_hist_line]    22:  0
[M::ha_hist_line]    23:  0
[M::ha_hist_line]    24:  0
[M::ha_hist_line]    25:  0
[M::ha_hist_line]    26:  0
[M::ha_hist_line]    27:  0
[M::ha_hist_line]    28:  0
[M::ha_hist_line]    29:  0
[M::ha_hist_line]    30:  0
[M::ha_hist_line]    31:  0
[M::ha_hist_line]    32:  0
[M::ha_hist_line]    33:  0
[M::ha_hist_line]    34:  0
[M::ha_hist_line]    35:  0
[M::ha_hist_line]    36:  0
[M::ha_hist_line]    37:  0
[M::ha_hist_line]    38:  0
[M::ha_hist_line]    39:  0
[M::ha_hist_line]    40:  0
[M::ha_hist_line]    41:  0
[M::ha_hist_line]    42:  0
[M::ha_hist_line]    43:  0
[M::ha_hist_line]    44:  0
[M::ha_hist_line]    45:  0
[M::ha_hist_line]    46:  0
[M::ha_hist_line]    47:  0
[M::ha_hist_line]    48: ****** 4
[M::ha_hist_line]    49: ************** 10
[M::ha_hist_line]    50: ***************************** 20
[M::ha_hist_line]    51: ************************************ 25
[M::ha_hist_line]    52: ****************************** 21
[M::ha_hist_line]    53: **************************************************************************************************** 69
[M::ha_hist_line]    54: ********************************************************************************* 56
[M::ha_hist_line]    55: ********************************************************************************************** 65
[M::ha_hist_line]    56: *********************************************************** 41
[M::ha_hist_line]    57: *********************************************************** 41
[M::ha_hist_line]    58: ********** 7
[M::ha_hist_line]  rest: * 1
[M::ha_analyze_count] left: count[51] = 25
[M::ha_analyze_count] right: count[55] = 65
[M::ha_pt_gen] peak_hom: 55; peak_het: 53
[M::ha_ct_shrink::4.152*1.00] ==> counted 360 distinct minimizer k-mers
[M::ha_pt_gen::] counting in normal mode
[M::yak_count] collected 19665 minimizers
[M::ha_pt_gen::4.180*1.00] ==> indexed 19444 positions, counted 360 distinct minimizer k-mers
[M::ha_assemble::4.440*1.00@0.093GB] ==> found overlaps for the final round
[M::ha_print_ovlp_stat] # overlaps: 8067
[M::ha_print_ovlp_stat] # strong overlaps: 0
[M::ha_print_ovlp_stat] # weak overlaps: 8067
[M::ha_print_ovlp_stat] # exact overlaps: 8006
[M::ha_print_ovlp_stat] # inexact overlaps: 61
[M::ha_print_ovlp_stat] # overlaps without large indels: 8056
[M::ha_print_ovlp_stat] # reverse overlaps: 0
[M::ha_opt_update_cov_min] updated max_n_chain to 275
Writing reads to disk... 
Reads has been written.
Writing ma_hit_ts to disk... 
ma_hit_ts has been written.
Writing ma_hit_ts to disk... 
ma_hit_ts has been written.
bin files have been written.
[M::purge_dups] homozygous read coverage threshold: 54
[M::purge_dups] purge duplication coverage threshold: 68
Writing raw unitig GFA to disk... 
Writing processed unitig GFA to disk... 
[M::purge_dups] homozygous read coverage threshold: 54
[M::purge_dups] purge duplication coverage threshold: 68
[M::mc_solve:: # edges: 0]
[M::mc_solve_core_adv::0.000] ==> Partition
[M::adjust_utg_by_primary] primary contig coverage range: [45, infinity]
Writing primary contig GFA to disk... 
Writing alternate contig GFA to disk... 
Inconsistency threshold for low-quality regions in BED files: 70%
[M::main] Version: 0.19.7-r598
[M::main] CMD: hifiasm --primary -t 4 -f 0 -o gbk.HiFiMapped.bam.filtered.assembled gbk.HiFiMapped.bam.filtered.fasta
[M::main] Real time: 4.454 sec; CPU: 4.443 sec; Peak RSS: 0.093 GB
