# output for command: make clean all  -j 8 AUTOMATIC_LIBBOOST_LOCAL_INSTALL=no

rm -f lordec-correct.o utils.o unittest-lordec-correct.o catchtest-lordec-correct.o lordec-stat.o lordec-trim.o lordec-trim-split.o lordec-correct lordec-stat lordec-trim lordec-trim-split pb-stat lordec-build-SR-graph LoRDEC unittest-lordec-correct catchtest-lordec-correct
GATBSHORTVERSION=141;\
GATBVERSION=1.4.1;\
GATBSHORTVERSION=$GATBSHORTVERSION GATBVERSION=$GATBVERSION CMAKEDEBUG= SUFFIX= HDFSUFFIX= CDEBUG= EXTRALDFLAGS= make lordecbins
make[1]: Entering directory '/tmp/vsc43810/easybuild/build/LoRDEC/0.9/GCC-11.3.0/lordec-src_0.9'
echo gatb_v1.4.1/include/gatb/gatb_core.hpp;\
	rm -rf v1.4.1.tar.gz gatb-core-1.4.1 && \
	wget https://github.com/GATB/gatb-core/archive/v1.4.1.tar.gz && \
	tar xf v1.4.1.tar.gz && \
	cd gatb-core-1.4.1/gatb-core/ && \
	mkdir build && cd build && \
	cmake -DCMAKE_INSTALL_PREFIX=../../../gatb_v1.4.1  .. && \
	make && make install && \
	cd ../../.. && rm -r v1.4.1.tar.gz gatb-core-1.4.1
gatb_v1.4.1/include/gatb/gatb_core.hpp
--2023-03-28 15:48:52--  https://github.com/GATB/gatb-core/archive/v1.4.1.tar.gz
Resolving github.com (github.com)... 140.82.121.4
Connecting to github.com (github.com)|140.82.121.4|:443... connected.
HTTP request sent, awaiting response... 302 Found
Location: https://codeload.github.com/GATB/gatb-core/tar.gz/refs/tags/v1.4.1 [following]
--2023-03-28 15:48:53--  https://codeload.github.com/GATB/gatb-core/tar.gz/refs/tags/v1.4.1
Resolving codeload.github.com (codeload.github.com)... 140.82.121.9
Connecting to codeload.github.com (codeload.github.com)|140.82.121.9|:443... connected.
HTTP request sent, awaiting response... 200 OK
Length: 7423453 (7.1M) [application/x-gzip]
Saving to: v1.4.1.tar.gz

     0K .......... .......... .......... .......... ..........  0% 1.66M 4s
    50K .......... .......... .......... .......... ..........  1% 3.40M 3s
   100K .......... .......... .......... .......... ..........  2% 96.3M 2s
   150K .......... .......... .......... .......... ..........  2%  111M 2s
   200K .......... .......... .......... .......... ..........  3% 3.47M 2s
   250K .......... .......... .......... .......... ..........  4% 93.0M 1s
   300K .......... .......... .......... .......... ..........  4%  116M 1s
   350K .......... .......... .......... .......... ..........  5%  113M 1s
   400K .......... .......... .......... .......... ..........  6% 3.74M 1s
   450K .......... .......... .......... .......... ..........  6%  116M 1s
   500K .......... .......... .......... .......... ..........  7% 92.0M 1s
   550K .......... .......... .......... .......... ..........  8%  115M 1s
   600K .......... .......... .......... .......... ..........  8%  115M 1s
   650K .......... .......... .......... .......... ..........  9%  133M 1s
   700K .......... .......... .......... .......... .......... 10%  112M 1s
   750K .......... .......... .......... .......... .......... 11%  115M 1s
   800K .......... .......... .......... .......... .......... 11%  115M 1s
   850K .......... .......... .......... .......... .......... 12% 2.87M 1s
   900K .......... .......... .......... .......... .......... 13% 91.8M 1s
   950K .......... .......... .......... .......... .......... 13%  115M 1s
  1000K .......... .......... .......... .......... .......... 14%  115M 1s
  1050K .......... .......... .......... .......... .......... 15%  115M 1s
  1100K .......... .......... .......... .......... .......... 15%  112M 1s
  1150K .......... .......... .......... .......... .......... 16% 10.7M 1s
  1200K .......... .......... .......... .......... .......... 17% 6.03M 1s
  1250K .......... .......... .......... .......... .......... 17%  116M 0s
  1300K .......... .......... .......... .......... .......... 18% 91.7M 0s
  1350K .......... .......... .......... .......... .......... 19%  115M 0s
  1400K .......... .......... .......... .......... .......... 20%  115M 0s
  1450K .......... .......... .......... .......... .......... 20%  115M 0s
  1500K .......... .......... .......... .......... .......... 21%  111M 0s
  1550K .......... .......... .......... .......... .......... 22%  116M 0s
  1600K .......... .......... .......... .......... .......... 22%  116M 0s
  1650K .......... .......... .......... .......... .......... 23%  116M 0s
  1700K .......... .......... .......... .......... .......... 24% 4.56M 0s
  1750K .......... .......... .......... .......... .......... 24% 98.9M 0s
  1800K .......... .......... .......... .......... .......... 25%  133M 0s
  1850K .......... .......... .......... .......... .......... 26%  116M 0s
  1900K .......... .......... .......... .......... .......... 26%  111M 0s
  1950K .......... .......... .......... .......... .......... 27%  115M 0s
  2000K .......... .......... .......... .......... .......... 28%  116M 0s
  2050K .......... .......... .......... .......... .......... 28%  100M 0s
  2100K .......... .......... .......... .......... .......... 29%  115M 0s
  2150K .......... .......... .......... .......... .......... 30%  352K 1s
  2200K .......... .......... .......... .......... .......... 31%  117M 1s
  2250K .......... .......... .......... .......... .......... 31% 85.3M 1s
  2300K .......... .......... .......... .......... .......... 32%  120M 1s
  2350K .......... .......... .......... .......... .......... 33%  120M 1s
  2400K .......... .......... .......... .......... .......... 33%  117M 1s
  2450K .......... .......... .......... .......... .......... 34%  103M 1s
  2500K .......... .......... .......... .......... .......... 35%  117M 1s
  2550K .......... .......... .......... .......... .......... 35%  118M 0s
  2600K .......... .......... .......... .......... .......... 36%  116M 0s
  2650K .......... .......... .......... .......... .......... 37% 95.2M 0s
  2700K .......... .......... .......... .......... .......... 37% 4.68M 0s
  2750K .......... .......... .......... .......... .......... 38%  107M 0s
  2800K .......... .......... .......... .......... .......... 39% 91.9M 0s
  2850K .......... .......... .......... .......... .......... 40%  115M 0s
  2900K .......... .......... .......... .......... .......... 40%  115M 0s
  2950K .......... .......... .......... .......... .......... 41%  694K 1s
  3000K .......... .......... .......... .......... .......... 42%  111M 0s
  3050K .......... .......... .......... .......... .......... 42%  107M 0s
  3100K .......... .......... .......... .......... .......... 43%  113M 0s
  3150K .......... .......... .......... .......... .......... 44% 94.5M 0s
  3200K .......... .......... .......... .......... .......... 44%  118M 0s
  3250K .......... .......... .......... .......... .......... 45%  123M 0s
  3300K .......... .......... .......... .......... .......... 46% 85.7M 0s
  3350K .......... .......... .......... .......... .......... 46%  120M 0s
  3400K .......... .......... .......... .......... .......... 47%  119M 0s
  3450K .......... .......... .......... .......... .......... 48%  118M 0s
  3500K .......... .......... .......... .......... .......... 48% 4.67M 0s
  3550K .......... .......... .......... .......... .......... 49%  115M 0s
  3600K .......... .......... .......... .......... .......... 50%  116M 0s
  3650K .......... .......... .......... .......... .......... 51%  116M 0s
  3700K .......... .......... .......... .......... .......... 51% 91.1M 0s
  3750K .......... .......... .......... .......... .......... 52%  115M 0s
  3800K .......... .......... .......... .......... .......... 53%  116M 0s
  3850K .......... .......... .......... .......... .......... 53%  116M 0s
  3900K .......... .......... .......... .......... .......... 54%  112M 0s
  3950K .......... .......... .......... .......... .......... 55%  132M 0s
  4000K .......... .......... .......... .......... .......... 55%  116M 0s
  4050K .......... .......... .......... .......... .......... 56%  115M 0s
  4100K .......... .......... .......... .......... .......... 57% 4.93M 0s
  4150K .......... .......... .......... .......... .......... 57% 81.0M 0s
  4200K .......... .......... .......... .......... .......... 58% 96.7M 0s
  4250K .......... .......... .......... .......... .......... 59%  115M 0s
  4300K .......... .......... .......... .......... .......... 60%  111M 0s
  4350K .......... .......... .......... .......... .......... 60%  133M 0s
  4400K .......... .......... .......... .......... .......... 61%  116M 0s
  4450K .......... .......... .......... .......... .......... 62%  115M 0s
  4500K .......... .......... .......... .......... .......... 62% 92.1M 0s
  4550K .......... .......... .......... .......... .......... 63%  115M 0s
  4600K .......... .......... .......... .......... .......... 64%  115M 0s
  4650K .......... .......... .......... .......... .......... 64%  115M 0s
  4700K .......... .......... .......... .......... .......... 65%  115M 0s
  4750K .......... .......... .......... .......... .......... 66% 5.06M 0s
  4800K .......... .......... .......... .......... .......... 66%  116M 0s
  4850K .......... .......... .......... .......... .......... 67%  106M 0s
  4900K .......... .......... .......... .......... .......... 68%  105M 0s
  4950K .......... .......... .......... .......... .......... 68% 1.12M 0s
  5000K .......... .......... .......... .......... .......... 69%  120M 0s
  5050K .......... .......... .......... .......... .......... 70%  120M 0s
  5100K .......... .......... .......... .......... .......... 71%  117M 0s
  5150K .......... .......... .......... .......... .......... 71%  120M 0s
  5200K .......... .......... .......... .......... .......... 72%  104M 0s
  5250K .......... .......... .......... .......... .......... 73%  119M 0s
  5300K .......... .......... .......... .......... .......... 73% 96.4M 0s
  5350K .......... .......... .......... .......... .......... 74%  103M 0s
  5400K .......... .......... .......... .......... .......... 75%  121M 0s
  5450K .......... .......... .......... .......... .......... 75%  116M 0s
  5500K .......... .......... .......... .......... .......... 76%  114M 0s
  5550K .......... .......... .......... .......... .......... 77% 5.00M 0s
  5600K .......... .......... .......... .......... .......... 77%  115M 0s
  5650K .......... .......... .......... .......... .......... 78%  115M 0s
  5700K .......... .......... .......... .......... .......... 79% 92.1M 0s
  5750K .......... .......... .......... .......... .......... 80%  114M 0s
  5800K .......... .......... .......... .......... .......... 80%  116M 0s
  5850K .......... .......... .......... .......... .......... 81%  115M 0s
  5900K .......... .......... .......... .......... .......... 82%  112M 0s
  5950K .......... .......... .......... .......... .......... 82%  116M 0s
  6000K .......... .......... .......... .......... .......... 83%  115M 0s
  6050K .......... .......... .......... .......... .......... 84%  133M 0s
  6100K .......... .......... .......... .......... .......... 84% 83.2M 0s
  6150K .......... .......... .......... .......... .......... 85%  115M 0s
  6200K .......... .......... .......... .......... .......... 86%  133M 0s
  6250K .......... .......... .......... .......... .......... 86% 5.25M 0s
  6300K .......... .......... .......... .......... .......... 87%  100M 0s
  6350K .......... .......... .......... .......... .......... 88%  114M 0s
  6400K .......... .......... .......... .......... .......... 88%  116M 0s
  6450K .......... .......... .......... .......... .......... 89% 13.8M 0s
  6500K .......... .......... .......... .......... .......... 90%  916K 0s
  6550K .......... .......... .......... .......... .......... 91%  107M 0s
  6600K .......... .......... .......... .......... .......... 91%  114M 0s
  6650K .......... .......... .......... .......... .......... 92% 95.9M 0s
  6700K .......... .......... .......... .......... .......... 93%  114M 0s
  6750K .......... .......... .......... .......... .......... 93%  120M 0s
  6800K .......... .......... .......... .......... .......... 94%  115M 0s
  6850K .......... .......... .......... .......... .......... 95%  118M 0s
  6900K .......... .......... .......... .......... .......... 95% 83.8M 0s
  6950K .......... .......... .......... .......... .......... 96%  116M 0s
  7000K .......... .......... .......... .......... .......... 97%  118M 0s
  7050K .......... .......... .......... .......... .......... 97%  117M 0s
  7100K .......... .......... .......... .......... .......... 98%  113M 0s
  7150K .......... .......... .......... .......... .......... 99%  126M 0s
  7200K .......... .......... .......... .......... ......... 100% 5.30M=0.6s

2023-03-28 15:48:54 (12.9 MB/s) - v1.4.1.tar.gz saved [7423453/7423453]

-- The C compiler identification is GNU 11.3.0
-- The CXX compiler identification is GNU 11.3.0
-- Detecting C compiler ABI info
-- Detecting C compiler ABI info - failed
-- Check for working C compiler: /apps/gent/RHEL8/cascadelake-ib/software/GCCcore/11.3.0/bin/gcc
-- Check for working C compiler: /apps/gent/RHEL8/cascadelake-ib/software/GCCcore/11.3.0/bin/gcc - broken
CMake Error at /kyukon/home/apps/RHEL8/cascadelake-ib/software/CMake/3.23.1-GCCcore-11.3.0/share/cmake-3.23/Modules/CMakeTestCCompiler.cmake:69 (message):
  The C compiler

    "/apps/gent/RHEL8/cascadelake-ib/software/GCCcore/11.3.0/bin/gcc"

  is not able to compile a simple test program.

  It fails with the following output:

    Change Dir: /tmp/vsc43810/easybuild/build/LoRDEC/0.9/GCC-11.3.0/lordec-src_0.9/gatb-core-1.4.1/gatb-core/build/CMakeFiles/CMakeTmp
    
    Run Build Command(s):/usr/bin/gmake -f Makefile cmTC_45c9b/fast && gmake[2]: Entering directory '/tmp/vsc43810/easybuild/build/LoRDEC/0.9/GCC-11.3.0/lordec-src_0.9/gatb-core-1.4.1/gatb-core/build/CMakeFiles/CMakeTmp'
    /usr/bin/gmake  -f CMakeFiles/cmTC_45c9b.dir/build.make CMakeFiles/cmTC_45c9b.dir/build
    gmake[3]: Entering directory '/tmp/vsc43810/easybuild/build/LoRDEC/0.9/GCC-11.3.0/lordec-src_0.9/gatb-core-1.4.1/gatb-core/build/CMakeFiles/CMakeTmp'
    Building C object CMakeFiles/cmTC_45c9b.dir/testCCompiler.c.o
    /apps/gent/RHEL8/cascadelake-ib/software/GCCcore/11.3.0/bin/gcc   -O2 -ftree-vectorize -march=native -fno-math-errno  -o CMakeFiles/cmTC_45c9b.dir/testCCompiler.c.o -c /tmp/vsc43810/easybuild/build/LoRDEC/0.9/GCC-11.3.0/lordec-src_0.9/gatb-core-1.4.1/gatb-core/build/CMakeFiles/CMakeTmp/testCCompiler.c
    Linking C executable cmTC_45c9b
    /kyukon/home/apps/RHEL8/cascadelake-ib/software/CMake/3.23.1-GCCcore-11.3.0/bin/cmake -E cmake_link_script CMakeFiles/cmTC_45c9b.dir/link.txt --verbose=1
    /apps/gent/RHEL8/cascadelake-ib/software/GCCcore/11.3.0/bin/gcc -O2 -ftree-vectorize -march=native -fno-math-errno  -Lgatb_v1.4.1/lib/ -lgatbcore -lhdf5 -ldl -lz -lpthread -std=c++0x -O3  -rdynamic CMakeFiles/cmTC_45c9b.dir/testCCompiler.c.o -o cmTC_45c9b 
    /apps/gent/RHEL8/cascadelake-ib/software/binutils/2.38-GCCcore-11.3.0/bin/ld: cannot find -lgatbcore: No such file or directory
    /apps/gent/RHEL8/cascadelake-ib/software/binutils/2.38-GCCcore-11.3.0/bin/ld: cannot find -lhdf5: No such file or directory
    collect2: error: ld returned 1 exit status
    gmake[3]: *** [CMakeFiles/cmTC_45c9b.dir/build.make:99: cmTC_45c9b] Error 1
    gmake[3]: Leaving directory '/tmp/vsc43810/easybuild/build/LoRDEC/0.9/GCC-11.3.0/lordec-src_0.9/gatb-core-1.4.1/gatb-core/build/CMakeFiles/CMakeTmp'
    gmake[2]: *** [Makefile:127: cmTC_45c9b/fast] Error 2
    gmake[2]: Leaving directory '/tmp/vsc43810/easybuild/build/LoRDEC/0.9/GCC-11.3.0/lordec-src_0.9/gatb-core-1.4.1/gatb-core/build/CMakeFiles/CMakeTmp'
    
    

  

  CMake will not be able to correctly generate this project.
Call Stack (most recent call first):
  CMakeLists.txt:1 (project)


-- Configuring incomplete, errors occurred!
See also "/tmp/vsc43810/easybuild/build/LoRDEC/0.9/GCC-11.3.0/lordec-src_0.9/gatb-core-1.4.1/gatb-core/build/CMakeFiles/CMakeOutput.log".
See also "/tmp/vsc43810/easybuild/build/LoRDEC/0.9/GCC-11.3.0/lordec-src_0.9/gatb-core-1.4.1/gatb-core/build/CMakeFiles/CMakeError.log".
make[1]: *** [Makefile:193: gatb_v1.4.1/include/gatb/gatb_core.hpp] Error 1
make[1]: Leaving directory '/tmp/vsc43810/easybuild/build/LoRDEC/0.9/GCC-11.3.0/lordec-src_0.9'
make: *** [Makefile:158: lordec_141] Error 2
