# output for command: make clean all  -j 8

rm -f lordec-correct.o utils.o unittest-lordec-correct.o catchtest-lordec-correct.o lordec-stat.o lordec-trim.o lordec-trim-split.o lordec-correct lordec-stat lordec-trim lordec-trim-split pb-stat lordec-build-SR-graph LoRDEC unittest-lordec-correct catchtest-lordec-correct
GATBSHORTVERSION=141;\
GATBVERSION=1.4.1;\
GATBSHORTVERSION=$GATBSHORTVERSION GATBVERSION=$GATBVERSION CMAKEDEBUG= SUFFIX= HDFSUFFIX= CDEBUG= EXTRALDFLAGS= make lordecbins
make[1]: Entering directory '/tmp/vsc43810/easybuild/build/LoRDEC/0.9/foss-2022a/lordec-src_0.9'
rm -rf boost_include boost_1_64_0 boost_1_64_0.tar.gz && \
	wget --no-check-certificate https://kent.dl.sourceforge.net/project/boost/boost/1.64.0/boost_1_64_0.tar.gz && \
	tar xf boost_1_64_0.tar.gz && \
	mkdir boost_include && \
	mv boost_1_64_0/boost boost_include/ && \
	rm -rf boost_1_64_0 boost_1_64_0.tar.gz
echo gatb_v1.4.1/include/gatb/gatb_core.hpp;\
	rm -rf v1.4.1.tar.gz gatb-core-1.4.1 && \
	wget https://github.com/GATB/gatb-core/archive/v1.4.1.tar.gz && \
	tar xf v1.4.1.tar.gz && \
	cd gatb-core-1.4.1/gatb-core/ && \
	mkdir build && cd build && \
	cmake -DCMAKE_INSTALL_PREFIX=../../../gatb_v1.4.1  .. && \
	make && make install && \
	cd ../../.. && rm -r v1.4.1.tar.gz gatb-core-1.4.1
gatb_v1.4.1/include/gatb/gatb_core.hpp
--2023-03-31 15:55:39--  https://github.com/GATB/gatb-core/archive/v1.4.1.tar.gz
--2023-03-31 15:55:39--  https://kent.dl.sourceforge.net/project/boost/boost/1.64.0/boost_1_64_0.tar.gz
Resolving kent.dl.sourceforge.net (kent.dl.sourceforge.net)... Resolving github.com (github.com)... 140.82.121.4
Connecting to github.com (github.com)|140.82.121.4|:443... connected.
failed: Name or service not known.
wget: unable to resolve host address kent.dl.sourceforge.net
make[1]: *** [Makefile:205: boost_include/boost/graph/graph_traits.hpp] Error 4
make[1]: *** Waiting for unfinished jobs....
HTTP request sent, awaiting response... 302 Found
Location: https://codeload.github.com/GATB/gatb-core/tar.gz/refs/tags/v1.4.1 [following]
--2023-03-31 15:55:40--  https://codeload.github.com/GATB/gatb-core/tar.gz/refs/tags/v1.4.1
Resolving codeload.github.com (codeload.github.com)... 140.82.121.9
Connecting to codeload.github.com (codeload.github.com)|140.82.121.9|:443... connected.
HTTP request sent, awaiting response... 200 OK
Length: unspecified [application/x-gzip]
Saving to: v1.4.1.tar.gz

     0K .......... .......... .......... .......... .......... 1.68M
    50K .......... .......... .......... .......... .......... 3.35M
   100K .......... .......... .......... .......... ..........  120M
   150K .......... .......... .......... .......... .......... 3.44M
   200K .......... .......... .......... .......... .......... 89.6M
   250K .......... .......... .......... .......... .......... 5.85M
   300K .......... .......... .......... .......... .......... 4.76M
   350K .......... .......... .......... .......... .......... 4.98M
   400K .......... .......... .......... .......... .......... 3.61M
   450K .......... .......... .......... .......... .......... 4.47M
   500K .......... .......... .......... .......... .......... 23.8M
   550K .......... .......... .......... .......... .......... 22.2M
   600K .......... .......... .......... .......... .......... 16.0M
   650K .......... .......... .......... .......... .......... 14.5M
   700K .......... .......... .......... .......... .......... 12.8M
   750K .......... .......... .......... .......... .......... 16.6M
   800K .......... .......... .......... .......... .......... 14.9M
   850K .......... .......... .......... .......... .......... 25.9M
   900K .......... .......... .......... .......... .......... 13.9M
   950K .......... .......... .......... .......... .......... 4.87M
  1000K .......... .......... .......... .......... .......... 4.97M
  1050K .......... .......... .......... .......... .......... 4.89M
  1100K .......... .......... .......... .......... .......... 4.68M
  1150K .......... .......... .......... .......... .......... 79.2M
  1200K .......... .......... .......... .......... .......... 4.84M
  1250K .......... .......... .......... .......... .......... 5.40M
  1300K .......... .......... .......... .......... .......... 4.69M
  1350K .......... .......... .......... .......... .......... 4.91M
  1400K .......... .......... .......... .......... .......... 4.76M
  1450K .......... .......... .......... .......... .......... 3.98M
  1500K .......... .......... .......... .......... .......... 14.8M
  1550K .......... .......... .......... .......... .......... 5.97M
  1600K .......... .......... .......... .......... .......... 3.49M
  1650K .......... .......... .......... .......... .......... 1.55M
  1700K .......... .......... .......... .......... .......... 1.86M
  1750K .......... .......... .......... .......... .......... 60.8M
  1800K .......... .......... .......... .......... .......... 3.68M
  1850K .......... .......... .......... .......... .......... 32.3M
  1900K .......... .......... .......... .......... .......... 16.7M
  1950K .......... .......... .......... .......... .......... 60.8M
  2000K .......... .......... .......... .......... .......... 22.0M
  2050K .......... .......... .......... .......... .......... 22.0M
  2100K .......... .......... .......... .......... .......... 33.0M
  2150K .......... .......... .......... .......... .......... 22.5M
  2200K .......... .......... .......... .......... .......... 32.5M
  2250K .......... .......... .......... .......... .......... 21.5M
  2300K .......... .......... .......... .......... .......... 36.5M
  2350K .......... .......... .......... .......... .......... 20.4M
  2400K .......... .......... .......... .......... .......... 24.3M
  2450K .......... .......... .......... .......... .......... 31.7M
  2500K .......... .......... .......... .......... .......... 20.5M
  2550K .......... .......... .......... .......... .......... 28.1M
  2600K .......... .......... .......... .......... .......... 2.24M
  2650K .......... .......... .......... .......... .......... 1.87M
  2700K .......... .......... .......... .......... .......... 3.81M
  2750K .......... .......... .......... .......... .......... 39.9M
  2800K .......... .......... .......... .......... .......... 22.5M
  2850K .......... .......... .......... .......... .......... 21.3M
  2900K .......... .......... .......... .......... .......... 36.2M
  2950K .......... .......... .......... .......... .......... 22.9M
  3000K .......... .......... .......... .......... .......... 29.5M
  3050K .......... .......... .......... .......... .......... 33.4M
  3100K .......... .......... .......... .......... .......... 22.8M
  3150K .......... .......... .......... .......... .......... 34.5M
  3200K .......... .......... .......... .......... .......... 20.8M
  3250K .......... .......... .......... .......... .......... 40.8M
  3300K .......... .......... .......... .......... .......... 19.7M
  3350K .......... .......... .......... .......... .......... 24.6M
  3400K .......... .......... .......... .......... .......... 34.9M
  3450K .......... .......... .......... .......... .......... 26.2M
  3500K .......... .......... .......... .......... .......... 20.9M
  3550K .......... .......... .......... .......... .......... 2.27M
  3600K .......... .......... .......... .......... .......... 1.85M
  3650K .......... .......... .......... .......... .......... 5.10M
  3700K .......... .......... .......... .......... .......... 11.0M
  3750K .......... .......... .......... .......... .......... 22.7M
  3800K .......... .......... .......... .......... .......... 22.1M
  3850K .......... .......... .......... .......... .......... 35.7M
  3900K .......... .......... .......... .......... .......... 34.6M
  3950K .......... .......... .......... .......... .......... 20.0M
  4000K .......... .......... .......... .......... .......... 31.9M
  4050K .......... .......... .......... .......... .......... 23.7M
  4100K .......... .......... .......... .......... .......... 31.0M
  4150K .......... .......... .......... .......... .......... 9.77M
  4200K .......... .......... .......... .......... .......... 4.14M
  4250K .......... .......... .......... .......... .......... 3.60M
  4300K .......... .......... .......... .......... .......... 3.56M
  4350K .......... .......... .......... .......... .......... 3.81M
  4400K .......... .......... .......... .......... .......... 4.27M
  4450K .......... .......... .......... .......... .......... 71.9M
  4500K .......... .......... .......... .......... .......... 3.74M
  4550K .......... .......... .......... .......... .......... 4.67M
  4600K .......... .......... .......... .......... .......... 4.82M
  4650K .......... .......... .......... .......... .......... 4.39M
  4700K .......... .......... .......... .......... ..........  112M
  4750K .......... .......... .......... .......... .......... 4.08M
  4800K .......... .......... .......... .......... .......... 5.22M
  4850K .......... .......... .......... .......... .......... 5.74M
  4900K .......... .......... .......... .......... .......... 12.5M
  4950K .......... .......... .......... .......... .......... 17.5M
  5000K .......... .......... .......... .......... .......... 25.2M
  5050K .......... .......... .......... .......... .......... 24.4M
  5100K .......... .......... .......... .......... .......... 34.3M
  5150K .......... .......... .......... .......... .......... 15.7M
  5200K .......... .......... .......... .......... .......... 5.01M
  5250K .......... .......... .......... .......... .......... 4.21M
  5300K .......... .......... .......... .......... .......... 3.50M
  5350K .......... .......... .......... .......... ..........  111M
  5400K .......... .......... .......... .......... .......... 5.03M
  5450K .......... .......... .......... .......... .......... 4.64M
  5500K .......... .......... .......... .......... .......... 4.39M
  5550K .......... .......... .......... .......... .......... 4.45M
  5600K .......... .......... .......... .......... .......... 4.94M
  5650K .......... .......... .......... .......... .......... 67.2M
  5700K .......... .......... .......... .......... .......... 4.59M
  5750K .......... .......... .......... .......... .......... 4.51M
  5800K .......... .......... .......... .......... .......... 4.19M
  5850K .......... .......... .......... .......... .......... 4.41M
  5900K .......... .......... .......... .......... .......... 4.52M
  5950K .......... .......... .......... .......... .......... 78.8M
  6000K .......... .......... .......... .......... .......... 4.17M
  6050K .......... .......... .......... .......... .......... 4.04M
  6100K .......... .......... .......... .......... .......... 4.57M
  6150K .......... .......... .......... .......... .......... 4.42M
  6200K .......... .......... .......... .......... .......... 61.1M
  6250K .......... .......... .......... .......... .......... 4.34M
  6300K .......... .......... .......... .......... .......... 4.62M
  6350K .......... .......... .......... .......... .......... 4.74M
  6400K .......... .......... .......... .......... .......... 4.16M
  6450K .......... .......... .......... .......... .......... 4.56M
  6500K .......... .......... .......... .......... .......... 4.16M
  6550K .......... .......... .......... .......... .......... 17.4M
  6600K .......... .......... .......... .......... .......... 3.27M
  6650K .......... .......... .......... .......... .......... 7.77M
  6700K .......... .......... .......... .......... .......... 4.71M
  6750K .......... .......... .......... .......... .......... 44.5M
  6800K .......... .......... .......... .......... .......... 2.50M
  6850K .......... .......... .......... .......... .......... 63.8M
  6900K .......... .......... .......... .......... .......... 4.87M
  6950K .......... .......... .......... .......... .......... 5.69M
  7000K .......... .......... .......... .......... .......... 4.36M
  7050K .......... .......... .......... .......... .......... 5.25M
  7100K .......... .......... .......... .......... .......... 4.38M
  7150K .......... .......... .......... .......... .......... 53.8M
  7200K .......... .......... .......... .......... .........  3.91M=1.1s

2023-03-31 15:55:41 (6.62 MB/s) - v1.4.1.tar.gz saved [7423453]

-- The C compiler identification is GNU 11.3.0
-- The CXX compiler identification is GNU 11.3.0
-- Detecting C compiler ABI info
-- Detecting C compiler ABI info - failed
-- Check for working C compiler: /apps/gent/RHEL8/cascadelake-ib/software/GCCcore/11.3.0/bin/gcc
-- Check for working C compiler: /apps/gent/RHEL8/cascadelake-ib/software/GCCcore/11.3.0/bin/gcc - broken
CMake Error at /kyukon/home/apps/RHEL8/cascadelake-ib/software/CMake/3.23.1-GCCcore-11.3.0/share/cmake-3.23/Modules/CMakeTestCCompiler.cmake:69 (message):
  The C compiler

    "/apps/gent/RHEL8/cascadelake-ib/software/GCCcore/11.3.0/bin/gcc"

  is not able to compile a simple test program.

  It fails with the following output:

    Change Dir: /tmp/vsc43810/easybuild/build/LoRDEC/0.9/foss-2022a/lordec-src_0.9/gatb-core-1.4.1/gatb-core/build/CMakeFiles/CMakeTmp
    
    Run Build Command(s):/usr/bin/gmake -f Makefile cmTC_85350/fast && gmake[2]: Entering directory '/tmp/vsc43810/easybuild/build/LoRDEC/0.9/foss-2022a/lordec-src_0.9/gatb-core-1.4.1/gatb-core/build/CMakeFiles/CMakeTmp'
    /usr/bin/gmake  -f CMakeFiles/cmTC_85350.dir/build.make CMakeFiles/cmTC_85350.dir/build
    gmake[3]: Entering directory '/tmp/vsc43810/easybuild/build/LoRDEC/0.9/foss-2022a/lordec-src_0.9/gatb-core-1.4.1/gatb-core/build/CMakeFiles/CMakeTmp'
    Building C object CMakeFiles/cmTC_85350.dir/testCCompiler.c.o
    /apps/gent/RHEL8/cascadelake-ib/software/GCCcore/11.3.0/bin/gcc   -O2 -ftree-vectorize -march=native -fno-math-errno  -o CMakeFiles/cmTC_85350.dir/testCCompiler.c.o -c /tmp/vsc43810/easybuild/build/LoRDEC/0.9/foss-2022a/lordec-src_0.9/gatb-core-1.4.1/gatb-core/build/CMakeFiles/CMakeTmp/testCCompiler.c
    Linking C executable cmTC_85350
    /kyukon/home/apps/RHEL8/cascadelake-ib/software/CMake/3.23.1-GCCcore-11.3.0/bin/cmake -E cmake_link_script CMakeFiles/cmTC_85350.dir/link.txt --verbose=1
    /apps/gent/RHEL8/cascadelake-ib/software/GCCcore/11.3.0/bin/gcc -O2 -ftree-vectorize -march=native -fno-math-errno  -Lgatb_v1.4.1/lib/ -lgatbcore -lhdf5 -ldl -lz -lpthread -std=c++0x -O3  -rdynamic CMakeFiles/cmTC_85350.dir/testCCompiler.c.o -o cmTC_85350 
    /apps/gent/RHEL8/cascadelake-ib/software/binutils/2.38-GCCcore-11.3.0/bin/ld: cannot find -lgatbcore: No such file or directory
    collect2: error: ld returned 1 exit status
    gmake[3]: *** [CMakeFiles/cmTC_85350.dir/build.make:99: cmTC_85350] Error 1
    gmake[3]: Leaving directory '/tmp/vsc43810/easybuild/build/LoRDEC/0.9/foss-2022a/lordec-src_0.9/gatb-core-1.4.1/gatb-core/build/CMakeFiles/CMakeTmp'
    gmake[2]: *** [Makefile:127: cmTC_85350/fast] Error 2
    gmake[2]: Leaving directory '/tmp/vsc43810/easybuild/build/LoRDEC/0.9/foss-2022a/lordec-src_0.9/gatb-core-1.4.1/gatb-core/build/CMakeFiles/CMakeTmp'
    
    

  

  CMake will not be able to correctly generate this project.
Call Stack (most recent call first):
  CMakeLists.txt:1 (project)


-- Configuring incomplete, errors occurred!
See also "/tmp/vsc43810/easybuild/build/LoRDEC/0.9/foss-2022a/lordec-src_0.9/gatb-core-1.4.1/gatb-core/build/CMakeFiles/CMakeOutput.log".
See also "/tmp/vsc43810/easybuild/build/LoRDEC/0.9/foss-2022a/lordec-src_0.9/gatb-core-1.4.1/gatb-core/build/CMakeFiles/CMakeError.log".
make[1]: *** [Makefile:193: gatb_v1.4.1/include/gatb/gatb_core.hpp] Error 1
make[1]: Leaving directory '/tmp/vsc43810/easybuild/build/LoRDEC/0.9/foss-2022a/lordec-src_0.9'
make: *** [Makefile:158: lordec_141] Error 2
