# output for command: make clean all  -j 8 AUTOMATIC_LIBBOOST_LOCAL_INSTALL=no

rm -f lordec-correct.o utils.o unittest-lordec-correct.o catchtest-lordec-correct.o lordec-stat.o lordec-trim.o lordec-trim-split.o lordec-correct lordec-stat lordec-trim lordec-trim-split pb-stat lordec-build-SR-graph LoRDEC unittest-lordec-correct catchtest-lordec-correct
GATBSHORTVERSION=141;\
GATBVERSION=1.4.1;\
GATBSHORTVERSION=$GATBSHORTVERSION GATBVERSION=$GATBVERSION CMAKEDEBUG= SUFFIX= HDFSUFFIX= CDEBUG= EXTRALDFLAGS= make lordecbins
make[1]: Entering directory '/tmp/vsc43810/easybuild/build/LoRDEC/0.9/foss-2022a/lordec-src_0.9'
echo gatb_v1.4.1/include/gatb/gatb_core.hpp;\
	rm -rf v1.4.1.tar.gz gatb-core-1.4.1 && \
	wget https://github.com/GATB/gatb-core/archive/v1.4.1.tar.gz && \
	tar xf v1.4.1.tar.gz && \
	cd gatb-core-1.4.1/gatb-core/ && \
	mkdir build && cd build && \
	cmake -DCMAKE_INSTALL_PREFIX=../../../gatb_v1.4.1  .. && \
	make && make install && \
	cd ../../.. && rm -r v1.4.1.tar.gz gatb-core-1.4.1
gatb_v1.4.1/include/gatb/gatb_core.hpp
--2023-03-28 15:58:15--  https://github.com/GATB/gatb-core/archive/v1.4.1.tar.gz
Resolving github.com (github.com)... 140.82.121.3
Connecting to github.com (github.com)|140.82.121.3|:443... connected.
HTTP request sent, awaiting response... 302 Found
Location: https://codeload.github.com/GATB/gatb-core/tar.gz/refs/tags/v1.4.1 [following]
--2023-03-28 15:58:16--  https://codeload.github.com/GATB/gatb-core/tar.gz/refs/tags/v1.4.1
Resolving codeload.github.com (codeload.github.com)... 140.82.121.10
Connecting to codeload.github.com (codeload.github.com)|140.82.121.10|:443... connected.
HTTP request sent, awaiting response... 200 OK
Length: 7423453 (7.1M) [application/x-gzip]
Saving to: v1.4.1.tar.gz

     0K .......... .......... .......... .......... ..........  0% 1.67M 4s
    50K .......... .......... .......... .......... ..........  1% 3.34M 3s
   100K .......... .......... .......... .......... ..........  2%  107M 2s
   150K .......... .......... .......... .......... ..........  2%  104M 2s
   200K .......... .......... .......... .......... ..........  3% 3.47M 2s
   250K .......... .......... .......... .......... ..........  4%  107M 1s
   300K .......... .......... .......... .......... ..........  4%  112M 1s
   350K .......... .......... .......... .......... ..........  5%  111M 1s
   400K .......... .......... .......... .......... ..........  6% 3.72M 1s
   450K .......... .......... .......... .......... ..........  6%  107M 1s
   500K .......... .......... .......... .......... ..........  7% 90.0M 1s
   550K .......... .......... .......... .......... ..........  8%  115M 1s
   600K .......... .......... .......... .......... ..........  8%  115M 1s
   650K .......... .......... .......... .......... ..........  9%  115M 1s
   700K .......... .......... .......... .......... .......... 10%  112M 1s
   750K .......... .......... .......... .......... .......... 11%  115M 1s
   800K .......... .......... .......... .......... .......... 11%  134M 1s
   850K .......... .......... .......... .......... .......... 12% 4.28M 1s
   900K .......... .......... .......... .......... .......... 13%  115M 1s
   950K .......... .......... .......... .......... .......... 13%  116M 1s
  1000K .......... .......... .......... .......... .......... 14%  134M 1s
  1050K .......... .......... .......... .......... .......... 15%  111M 1s
  1100K .......... .......... .......... .......... .......... 15%  116M 0s
  1150K .......... .......... .......... .......... .......... 16%  115M 0s
  1200K .......... .......... .......... .......... .......... 17%  115M 0s
  1250K .......... .......... .......... .......... .......... 17% 91.8M 0s
  1300K .......... .......... .......... .......... .......... 18%  115M 0s
  1350K .......... .......... .......... .......... .......... 19%  115M 0s
  1400K .......... .......... .......... .......... .......... 20%  115M 0s
  1450K .......... .......... .......... .......... .......... 20%  112M 0s
  1500K .......... .......... .......... .......... .......... 21%  114M 0s
  1550K .......... .......... .......... .......... .......... 22%  117M 0s
  1600K .......... .......... .......... .......... .......... 22%  115M 0s
  1650K .......... .......... .......... .......... .......... 23% 91.7M 0s
  1700K .......... .......... .......... .......... .......... 24% 6.71M 0s
  1750K .......... .......... .......... .......... .......... 24% 68.6M 0s
  1800K .......... .......... .......... .......... .......... 25%  115M 0s
  1850K .......... .......... .......... .......... .......... 26%  129M 0s
  1900K .......... .......... .......... .......... .......... 26%  115M 0s
  1950K .......... .......... .......... .......... .......... 27%  115M 0s
  2000K .......... .......... .......... .......... .......... 28%  115M 0s
  2050K .......... .......... .......... .......... .......... 28% 92.2M 0s
  2100K .......... .......... .......... .......... .......... 29%  136M 0s
  2150K .......... .......... .......... .......... .......... 30%  113M 0s
  2200K .......... .......... .......... .......... .......... 31%  110M 0s
  2250K .......... .......... .......... .......... .......... 31%  113M 0s
  2300K .......... .......... .......... .......... .......... 32%  107M 0s
  2350K .......... .......... .......... .......... .......... 33%  113M 0s
  2400K .......... .......... .......... .......... .......... 33% 91.4M 0s
  2450K .......... .......... .......... .......... .......... 34%  115M 0s
  2500K .......... .......... .......... .......... .......... 35%  109M 0s
  2550K .......... .......... .......... .......... .......... 35%  118M 0s
  2600K .......... .......... .......... .......... .......... 36%  134M 0s
  2650K .......... .......... .......... .......... .......... 37%  112M 0s
  2700K .......... .......... .......... .......... .......... 37% 84.1M 0s
  2750K .......... .......... .......... .......... .......... 38%  134M 0s
  2800K .......... .......... .......... .......... .......... 39%  115M 0s
  2850K .......... .......... .......... .......... .......... 40%  115M 0s
  2900K .......... .......... .......... .......... .......... 40%  112M 0s
  2950K .......... .......... .......... .......... .......... 41%  115M 0s
  3000K .......... .......... .......... .......... .......... 42%  115M 0s
  3050K .......... .......... .......... .......... .......... 42%  116M 0s
  3100K .......... .......... .......... .......... .......... 43% 91.7M 0s
  3150K .......... .......... .......... .......... .......... 44%  115M 0s
  3200K .......... .......... .......... .......... .......... 44%  115M 0s
  3250K .......... .......... .......... .......... .......... 45%  115M 0s
  3300K .......... .......... .......... .......... .......... 46%  109M 0s
  3350K .......... .......... .......... .......... .......... 46%  117M 0s
  3400K .......... .......... .......... .......... .......... 47%  116M 0s
  3450K .......... .......... .......... .......... .......... 48%  130M 0s
  3500K .......... .......... .......... .......... .......... 48% 83.0M 0s
  3550K .......... .......... .......... .......... .......... 49%  118M 0s
  3600K .......... .......... .......... .......... .......... 50%  134M 0s
  3650K .......... .......... .......... .......... .......... 51%  809K 0s
  3700K .......... .......... .......... .......... .......... 51%  117M 0s
  3750K .......... .......... .......... .......... .......... 52%  121M 0s
  3800K .......... .......... .......... .......... .......... 53%  103M 0s
  3850K .......... .......... .......... .......... .......... 53% 95.9M 0s
  3900K .......... .......... .......... .......... .......... 54%  116M 0s
  3950K .......... .......... .......... .......... .......... 55%  108M 0s
  4000K .......... .......... .......... .......... .......... 55%  120M 0s
  4050K .......... .......... .......... .......... .......... 56%  115M 0s
  4100K .......... .......... .......... .......... .......... 57%  118M 0s
  4150K .......... .......... .......... .......... .......... 57%  118M 0s
  4200K .......... .......... .......... .......... .......... 58%  118M 0s
  4250K .......... .......... .......... .......... .......... 59% 83.7M 0s
  4300K .......... .......... .......... .......... .......... 60%  121M 0s
  4350K .......... .......... .......... .......... .......... 60%  117M 0s
  4400K .......... .......... .......... .......... .......... 61%  120M 0s
  4450K .......... .......... .......... .......... .......... 62%  113M 0s
  4500K .......... .......... .......... .......... .......... 62%  117M 0s
  4550K .......... .......... .......... .......... .......... 63%  120M 0s
  4600K .......... .......... .......... .......... .......... 64%  119M 0s
  4650K .......... .......... .......... .......... .......... 64% 86.2M 0s
  4700K .......... .......... .......... .......... .......... 65%  116M 0s
  4750K .......... .......... .......... .......... .......... 66%  121M 0s
  4800K .......... .......... .......... .......... .......... 66%  117M 0s
  4850K .......... .......... .......... .......... .......... 67%  128M 0s
  4900K .......... .......... .......... .......... .......... 68%  107M 0s
  4950K .......... .......... .......... .......... .......... 68%  114M 0s
  5000K .......... .......... .......... .......... .......... 69%  107M 0s
  5050K .......... .......... .......... .......... .......... 70% 84.0M 0s
  5100K .......... .......... .......... .......... .......... 71%  119M 0s
  5150K .......... .......... .......... .......... .......... 71%  121M 0s
  5200K .......... .......... .......... .......... .......... 72%  120M 0s
  5250K .......... .......... .......... .......... .......... 73%  116M 0s
  5300K .......... .......... .......... .......... .......... 73%  115M 0s
  5350K .......... .......... .......... .......... .......... 74%  108M 0s
  5400K .......... .......... .......... .......... .......... 75%  118M 0s
  5450K .......... .......... .......... .......... .......... 75% 94.7M 0s
  5500K .......... .......... .......... .......... .......... 76%  118M 0s
  5550K .......... .......... .......... .......... .......... 77%  118M 0s
  5600K .......... .......... .......... .......... .......... 77%  112M 0s
  5650K .......... .......... .......... .......... .......... 78%  118M 0s
  5700K .......... .......... .......... .......... .......... 79%  105M 0s
  5750K .......... .......... .......... .......... .......... 80%  693K 0s
  5800K .......... .......... .......... .......... .......... 80% 96.8M 0s
  5850K .......... .......... .......... .......... .......... 81% 27.8M 0s
  5900K .......... .......... .......... .......... .......... 82%  119M 0s
  5950K .......... .......... .......... .......... .......... 82%  120M 0s
  6000K .......... .......... .......... .......... .......... 83%  113M 0s
  6050K .......... .......... .......... .......... .......... 84%  117M 0s
  6100K .......... .......... .......... .......... .......... 84%  119M 0s
  6150K .......... .......... .......... .......... .......... 85%  117M 0s
  6200K .......... .......... .......... .......... .......... 86% 85.8M 0s
  6250K .......... .......... .......... .......... .......... 86%  121M 0s
  6300K .......... .......... .......... .......... .......... 87%  117M 0s
  6350K .......... .......... .......... .......... .......... 88%  120M 0s
  6400K .......... .......... .......... .......... .......... 88%  115M 0s
  6450K .......... .......... .......... .......... .......... 89%  119M 0s
  6500K .......... .......... .......... .......... .......... 90%  104M 0s
  6550K .......... .......... .......... .......... .......... 91%  119M 0s
  6600K .......... .......... .......... .......... .......... 91% 95.9M 0s
  6650K .......... .......... .......... .......... .......... 92%  102M 0s
  6700K .......... .......... .......... .......... .......... 93%  124M 0s
  6750K .......... .......... .......... .......... .......... 93%  132M 0s
  6800K .......... .......... .......... .......... .......... 94%  117M 0s
  6850K .......... .......... .......... .......... .......... 95%  108M 0s
  6900K .......... .......... .......... .......... .......... 95%  113M 0s
  6950K .......... .......... .......... .......... .......... 96%  106M 0s
  7000K .......... .......... .......... .......... .......... 97% 96.4M 0s
  7050K .......... .......... .......... .......... .......... 97%  104M 0s
  7100K .......... .......... .......... .......... .......... 98%  119M 0s
  7150K .......... .......... .......... .......... .......... 99%  119M 0s
  7200K .......... .......... .......... .......... ......... 100%  135M=0.3s

2023-03-28 15:58:16 (24.8 MB/s) - v1.4.1.tar.gz saved [7423453/7423453]

-- The C compiler identification is GNU 11.3.0
-- The CXX compiler identification is GNU 11.3.0
-- Detecting C compiler ABI info
-- Detecting C compiler ABI info - failed
-- Check for working C compiler: /apps/gent/RHEL8/cascadelake-ib/software/GCCcore/11.3.0/bin/gcc
-- Check for working C compiler: /apps/gent/RHEL8/cascadelake-ib/software/GCCcore/11.3.0/bin/gcc - broken
CMake Error at /kyukon/home/apps/RHEL8/cascadelake-ib/software/CMake/3.23.1-GCCcore-11.3.0/share/cmake-3.23/Modules/CMakeTestCCompiler.cmake:69 (message):
  The C compiler

    "/apps/gent/RHEL8/cascadelake-ib/software/GCCcore/11.3.0/bin/gcc"

  is not able to compile a simple test program.

  It fails with the following output:

    Change Dir: /tmp/vsc43810/easybuild/build/LoRDEC/0.9/foss-2022a/lordec-src_0.9/gatb-core-1.4.1/gatb-core/build/CMakeFiles/CMakeTmp
    
    Run Build Command(s):/usr/bin/gmake -f Makefile cmTC_a17e3/fast && gmake[2]: Entering directory '/tmp/vsc43810/easybuild/build/LoRDEC/0.9/foss-2022a/lordec-src_0.9/gatb-core-1.4.1/gatb-core/build/CMakeFiles/CMakeTmp'
    /usr/bin/gmake  -f CMakeFiles/cmTC_a17e3.dir/build.make CMakeFiles/cmTC_a17e3.dir/build
    gmake[3]: Entering directory '/tmp/vsc43810/easybuild/build/LoRDEC/0.9/foss-2022a/lordec-src_0.9/gatb-core-1.4.1/gatb-core/build/CMakeFiles/CMakeTmp'
    Building C object CMakeFiles/cmTC_a17e3.dir/testCCompiler.c.o
    /apps/gent/RHEL8/cascadelake-ib/software/GCCcore/11.3.0/bin/gcc   -O2 -ftree-vectorize -march=native -fno-math-errno  -o CMakeFiles/cmTC_a17e3.dir/testCCompiler.c.o -c /tmp/vsc43810/easybuild/build/LoRDEC/0.9/foss-2022a/lordec-src_0.9/gatb-core-1.4.1/gatb-core/build/CMakeFiles/CMakeTmp/testCCompiler.c
    Linking C executable cmTC_a17e3
    /kyukon/home/apps/RHEL8/cascadelake-ib/software/CMake/3.23.1-GCCcore-11.3.0/bin/cmake -E cmake_link_script CMakeFiles/cmTC_a17e3.dir/link.txt --verbose=1
    /apps/gent/RHEL8/cascadelake-ib/software/GCCcore/11.3.0/bin/gcc -O2 -ftree-vectorize -march=native -fno-math-errno  -Lgatb_v1.4.1/lib/ -lgatbcore -lhdf5 -ldl -lz -lpthread -std=c++0x -O3  -rdynamic CMakeFiles/cmTC_a17e3.dir/testCCompiler.c.o -o cmTC_a17e3 
    /apps/gent/RHEL8/cascadelake-ib/software/binutils/2.38-GCCcore-11.3.0/bin/ld: cannot find -lgatbcore: No such file or directory
    collect2: error: ld returned 1 exit status
    gmake[3]: *** [CMakeFiles/cmTC_a17e3.dir/build.make:99: cmTC_a17e3] Error 1
    gmake[3]: Leaving directory '/tmp/vsc43810/easybuild/build/LoRDEC/0.9/foss-2022a/lordec-src_0.9/gatb-core-1.4.1/gatb-core/build/CMakeFiles/CMakeTmp'
    gmake[2]: *** [Makefile:127: cmTC_a17e3/fast] Error 2
    gmake[2]: Leaving directory '/tmp/vsc43810/easybuild/build/LoRDEC/0.9/foss-2022a/lordec-src_0.9/gatb-core-1.4.1/gatb-core/build/CMakeFiles/CMakeTmp'
    
    

  

  CMake will not be able to correctly generate this project.
Call Stack (most recent call first):
  CMakeLists.txt:1 (project)


-- Configuring incomplete, errors occurred!
See also "/tmp/vsc43810/easybuild/build/LoRDEC/0.9/foss-2022a/lordec-src_0.9/gatb-core-1.4.1/gatb-core/build/CMakeFiles/CMakeOutput.log".
See also "/tmp/vsc43810/easybuild/build/LoRDEC/0.9/foss-2022a/lordec-src_0.9/gatb-core-1.4.1/gatb-core/build/CMakeFiles/CMakeError.log".
make[1]: *** [Makefile:193: gatb_v1.4.1/include/gatb/gatb_core.hpp] Error 1
make[1]: Leaving directory '/tmp/vsc43810/easybuild/build/LoRDEC/0.9/foss-2022a/lordec-src_0.9'
make: *** [Makefile:158: lordec_141] Error 2
