== 2023-01-25 14:25:28,119 easyblock.py:313 INFO This is EasyBuild 4.7.1.dev0-re9b7cea730c4d9ee781648ade877f4fcb8e22e83 (framework: 4.7.1.dev0-re9b7cea730c4d9ee781648ade877f4fcb8e22e83, easyblocks: 4.7.1.dev0-r76bc82f7c69234af3245ab952ece663a9c833702) on host node3703.slaking.os.
== 2023-01-25 14:25:28,119 easyblock.py:319 INFO This is easyblock PythonBundle from module easybuild.easyblocks.generic.pythonbundle (/user/gent/438/vsc43810/easybuild/easybuild-easyblocks/easybuild/easyblocks/generic/pythonbundle.py)
== 2023-01-25 14:25:28,120 easyblock.py:1040 INFO Build dir set to /tmp/vsc43810/easybuild/build/trvaep/0.1.0/foss-2022a
== 2023-01-25 14:25:28,120 easyblock.py:1097 INFO Software install dir set to /scratch/gent/vo/001/gvo00117/easybuild/RHEL8/haswell-ib/software/trvaep/0.1.0-foss-2022a
== 2023-01-25 14:25:28,120 easyblock.py:1102 INFO Module install dir set to /scratch/gent/vo/001/gvo00117/easybuild/RHEL8/haswell-ib/modules/all
== 2023-01-25 14:25:28,120 easyblock.py:288 INFO Init completed for application name trvaep version 0.1.0
== 2023-01-25 14:25:28,121 pythonbundle.py:75 INFO Detection of downloaded extension dependencies is enabled
== 2023-01-25 14:25:28,122 pythonbundle.py:79 INFO exts_default_options: {'buildcmd': None, 'check_ldshared': None, 'download_dep_fail': True, 'install_src': None, 'install_target': 'install', 'pip_ignore_installed': True, 'pip_no_index': None, 'req_py_majver': None, 'req_py_minver': None, 'sanity_pip_check': True, 'runtest': True, 'unpack_sources': None, 'unversioned_packages': [], 'use_pip': True, 'use_pip_editable': False, 'use_pip_extras': None, 'use_pip_for_deps': False, 'use_pip_requirement': False, 'zipped_egg': False, 'source_urls': ['https://pypi.python.org/packages/source/t/trvaep'], 'options': {}}
== 2023-01-25 14:25:28,122 easyblock.py:4151 INFO Obtained application instance of for trvaep (easyblock: PythonBundle)
== 2023-01-25 14:25:28,123 easyconfig.py:1688 INFO Generating template values...
== 2023-01-25 14:25:28,123 mpi.py:122 INFO Using template MPI command 'mpirun -n %(nr_ranks)s %(cmd)s' for MPI family 'OpenMPI'
== 2023-01-25 14:25:28,123 mpi.py:307 INFO Using MPI command template 'mpirun -n %(nr_ranks)s %(cmd)s' (params: {'nr_ranks': 1, 'cmd': 'xxx_command_xxx'})
== 2023-01-25 14:25:28,124 easyconfig.py:1707 INFO Template values: arch='x86_64', bitbucket_account='trvaep', github_account='trvaep', module_name='trvaep/0.1.0-foss-2022a', mpi_cmd_prefix='mpirun -n 1', name='trvaep', nameletter='t', nameletterlower='t', namelower='trvaep', pymajver='3', pyminver='10', pyshortver='3.10', pyver='3.10.4', toolchain_name='foss', toolchain_version='2022a', version='0.1.0', version_major='0', version_major_minor='0.1', version_minor='1', versionprefix='', versionsuffix=''
== 2023-01-25 14:25:28,126 one.py:180 INFO Skipping reformatting value for parameter 'toolchain'
== 2023-01-25 14:25:28,127 filetools.py:1918 INFO Creating directory /tmp/vsc43810/eb-z4uqsciu/reprod_20230125142528_1276048 (parents: True, set_gid: False, sticky: False)
== 2023-01-25 14:25:28,128 easyblock.py:4405 INFO Dumped easyconfig instance to /tmp/vsc43810/eb-z4uqsciu/reprod_20230125142528_1276048/trvaep-0.1.0-foss-2022a.eb
== 2023-01-25 14:25:28,130 filetools.py:1918 INFO Creating directory /tmp/vsc43810/eb-z4uqsciu/reprod_20230125142528_1276048/easyblocks (parents: True, set_gid: False, sticky: False)
== 2023-01-25 14:25:28,147 filetools.py:2431 INFO /user/gent/438/vsc43810/easybuild/easybuild-easyblocks/easybuild/easyblocks/generic/bundle.py copied to /tmp/vsc43810/eb-z4uqsciu/reprod_20230125142528_1276048/easyblocks/bundle.py
== 2023-01-25 14:25:28,147 easyblock.py:4385 INFO Dumped easyblock bundle.py required for reproduction to /tmp/vsc43810/eb-z4uqsciu/reprod_20230125142528_1276048/easyblocks
== 2023-01-25 14:25:28,172 filetools.py:2431 INFO /user/gent/438/vsc43810/easybuild/easybuild-easyblocks/easybuild/easyblocks/generic/pythonbundle.py copied to /tmp/vsc43810/eb-z4uqsciu/reprod_20230125142528_1276048/easyblocks/pythonbundle.py
== 2023-01-25 14:25:28,172 easyblock.py:4385 INFO Dumped easyblock pythonbundle.py required for reproduction to /tmp/vsc43810/eb-z4uqsciu/reprod_20230125142528_1276048/easyblocks
== 2023-01-25 14:25:28,175 easyblock.py:2177 INFO Number of iterations to perform for central part of installation procedure: 1
== 2023-01-25 14:25:28,177 build_log.py:267 INFO building and installing trvaep/0.1.0-foss-2022a...
== 2023-01-25 14:25:28,190 filetools.py:2011 INFO Lock /scratch/gent/vo/001/gvo00117/easybuild/RHEL8/haswell-ib/software/.locks/_scratch_gent_vo_001_gvo00117_easybuild_RHEL8_haswell-ib_software_trvaep_0.1.0-foss-2022a.lock does not exist
== 2023-01-25 14:25:28,190 filetools.py:1952 INFO Creating lock at /scratch/gent/vo/001/gvo00117/easybuild/RHEL8/haswell-ib/software/.locks/_scratch_gent_vo_001_gvo00117_easybuild_RHEL8_haswell-ib_software_trvaep_0.1.0-foss-2022a.lock...
== 2023-01-25 14:25:28,191 filetools.py:1918 INFO Creating directory /scratch/gent/vo/001/gvo00117/easybuild/RHEL8/haswell-ib/software/.locks/_scratch_gent_vo_001_gvo00117_easybuild_RHEL8_haswell-ib_software_trvaep_0.1.0-foss-2022a.lock (parents: True, set_gid: False, sticky: False)
== 2023-01-25 14:25:28,192 filetools.py:1961 INFO Lock created: /scratch/gent/vo/001/gvo00117/easybuild/RHEL8/haswell-ib/software/.locks/_scratch_gent_vo_001_gvo00117_easybuild_RHEL8_haswell-ib_software_trvaep_0.1.0-foss-2022a.lock
== 2023-01-25 14:25:28,193 build_log.py:267 INFO fetching files...
== 2023-01-25 14:25:28,199 easyblock.py:3877 INFO Starting fetch step
== 2023-01-25 14:25:28,199 easyconfig.py:1688 INFO Generating template values...
== 2023-01-25 14:25:28,199 mpi.py:122 INFO Using template MPI command 'mpirun -n %(nr_ranks)s %(cmd)s' for MPI family 'OpenMPI'
== 2023-01-25 14:25:28,200 mpi.py:307 INFO Using MPI command template 'mpirun -n %(nr_ranks)s %(cmd)s' (params: {'nr_ranks': 1, 'cmd': 'xxx_command_xxx'})
== 2023-01-25 14:25:28,200 easyconfig.py:1707 INFO Template values: arch='x86_64', bitbucket_account='trvaep', builddir='/tmp/vsc43810/easybuild/build/trvaep/0.1.0/foss-2022a', github_account='trvaep', installdir='/scratch/gent/vo/001/gvo00117/easybuild/RHEL8/haswell-ib/software/trvaep/0.1.0-foss-2022a', module_name='trvaep/0.1.0-foss-2022a', mpi_cmd_prefix='mpirun -n 1', name='trvaep', nameletter='t', nameletterlower='t', namelower='trvaep', pymajver='3', pyminver='10', pyshortver='3.10', pyver='3.10.4', toolchain_name='foss', toolchain_version='2022a', version='0.1.0', version_major='0', version_major_minor='0.1', version_minor='1', versionprefix='', versionsuffix=''
== 2023-01-25 14:25:28,200 easyblock.py:3885 INFO Running method fetch_step part of step fetch
== 2023-01-25 14:25:28,201 easyblock.py:2299 WARNING Easyconfig does not specify an EasyBuild-version (key 'easybuild_version')! Assuming the latest version
== 2023-01-25 14:25:28,201 easyblock.py:2327 INFO no sources provided
== 2023-01-25 14:25:28,201 easyblock.py:2342 INFO no patches provided
== 2023-01-25 14:25:28,202 easyblock.py:803 INFO Considering directory in which easyconfig file is located when searching for get_version-3.5.4.tar.gz: /kyukon/home/gent/438/vsc43810/vsc-software-stack/33_scib_pipeline
== 2023-01-25 14:25:28,203 tools.py:273 INFO Found location to 'eb' script via $EB_SCRIPT_PATH: /user/gent/438/vsc43810/easybuild/easybuild-framework/eb
== 2023-01-25 14:25:28,203 tools.py:289 INFO Not considering /user/gent/438/vsc43810/easybuild (no easybuild/easyconfigs subdir found)
== 2023-01-25 14:25:28,204 tools.py:297 INFO Also considering installation prefix /kyukon/home/gent/438/vsc43810/easybuild (via resolved path to 'eb')...
== 2023-01-25 14:25:28,218 easyblock.py:844 INFO Found file get_version-3.5.4.tar.gz at /data/gent/vo/001/gvo00117/easybuild/sources/t/trvaep/extensions/get_version-3.5.4.tar.gz
== 2023-01-25 14:25:28,263 easyblock.py:679 INFO md5 checksum for /data/gent/vo/001/gvo00117/easybuild/sources/t/trvaep/extensions/get_version-3.5.4.tar.gz: 164c51221bd5aa2281c59c68d48a05a4
== 2023-01-25 14:25:28,264 easyblock.py:679 INFO sha256 checksum for /data/gent/vo/001/gvo00117/easybuild/sources/t/trvaep/extensions/get_version-3.5.4.tar.gz: 5901c846518d55d52c1f6f037f5d2433952b46bbf36e38c52f064ae836556343
== 2023-01-25 14:25:28,265 easyblock.py:803 INFO Considering directory in which easyconfig file is located when searching for checksums.json: /kyukon/home/gent/438/vsc43810/vsc-software-stack/33_scib_pipeline
== 2023-01-25 14:25:28,265 tools.py:273 INFO Found location to 'eb' script via $EB_SCRIPT_PATH: /user/gent/438/vsc43810/easybuild/easybuild-framework/eb
== 2023-01-25 14:25:28,265 tools.py:289 INFO Not considering /user/gent/438/vsc43810/easybuild (no easybuild/easyconfigs subdir found)
== 2023-01-25 14:25:28,266 tools.py:297 INFO Also considering installation prefix /kyukon/home/gent/438/vsc43810/easybuild (via resolved path to 'eb')...
== 2023-01-25 14:25:28,665 build_log.py:171 ERROR EasyBuild crashed with an error (at easybuild/easybuild-framework/easybuild/base/exceptions.py:126 in __init__): Couldn't find file checksums.json anywhere, and downloading it is disabled... Paths attempted (in order): /kyukon/home/gent/438/vsc43810/vsc-software-stack/33_scib_pipeline/t/trvaep/checksums.json, /kyukon/home/gent/438/vsc43810/vsc-software-stack/33_scib_pipeline/trvaep/checksums.json, /kyukon/home/gent/438/vsc43810/vsc-software-stack/33_scib_pipeline/checksums.json, /user/gent/438/vsc43810/easybuild/easybuild-easyconfigs/easybuild/easyconfigs/t/trvaep/checksums.json, /user/gent/438/vsc43810/easybuild/easybuild-easyconfigs/easybuild/easyconfigs/trvaep/checksums.json, /user/gent/438/vsc43810/easybuild/easybuild-easyconfigs/easybuild/easyconfigs/checksums.json, /user/gent/438/vsc43810/easybuild/easybuild-easyconfigs/easybuild/easyconfigs/t/trvaep/checksums.json, /user/gent/438/vsc43810/easybuild/easybuild-easyconfigs/easybuild/easyconfigs/trvaep/checksums.json, /user/gent/438/vsc43810/easybuild/easybuild-easyconfigs/easybuild/easyconfigs/checksums.json, /data/gent/vo/001/gvo00117/easybuild/sources/t/trvaep/checksums.json, /data/gent/vo/001/gvo00117/easybuild/sources/trvaep/checksums.json, /data/gent/vo/001/gvo00117/easybuild/sources/checksums.json, /apps/gent/sources/t/trvaep/checksums.json, /apps/gent/sources/trvaep/checksums.json, /apps/gent/sources/checksums.json  (at easybuild/easybuild-framework/easybuild/framework/easyblock.py:870 in obtain_file)
== 2023-01-25 14:25:28,666 easyblock.py:685 INFO Checksum for extension source get_version-3.5.4.tar.gz verified
== 2023-01-25 14:25:28,666 easyblock.py:532 INFO Fetched extension patches: []
== 2023-01-25 14:25:28,667 easyblock.py:803 INFO Considering directory in which easyconfig file is located when searching for dunamai-1.15.0.tar.gz: /kyukon/home/gent/438/vsc43810/vsc-software-stack/33_scib_pipeline
== 2023-01-25 14:25:28,667 tools.py:273 INFO Found location to 'eb' script via $EB_SCRIPT_PATH: /user/gent/438/vsc43810/easybuild/easybuild-framework/eb
== 2023-01-25 14:25:28,667 tools.py:289 INFO Not considering /user/gent/438/vsc43810/easybuild (no easybuild/easyconfigs subdir found)
== 2023-01-25 14:25:28,668 tools.py:297 INFO Also considering installation prefix /kyukon/home/gent/438/vsc43810/easybuild (via resolved path to 'eb')...
== 2023-01-25 14:25:28,670 easyblock.py:844 INFO Found file dunamai-1.15.0.tar.gz at /data/gent/vo/001/gvo00117/easybuild/sources/t/trvaep/extensions/dunamai-1.15.0.tar.gz
== 2023-01-25 14:25:28,683 easyblock.py:679 INFO md5 checksum for /data/gent/vo/001/gvo00117/easybuild/sources/t/trvaep/extensions/dunamai-1.15.0.tar.gz: 1be199e266a459aa4796b90dd03d727a
== 2023-01-25 14:25:28,684 easyblock.py:679 INFO sha256 checksum for /data/gent/vo/001/gvo00117/easybuild/sources/t/trvaep/extensions/dunamai-1.15.0.tar.gz: d6088922df3226a8234c228803bb01902a83766d04c2cddb33d4dd3bf85ec9a5
== 2023-01-25 14:25:28,685 easyblock.py:685 INFO Checksum for extension source dunamai-1.15.0.tar.gz verified
== 2023-01-25 14:25:28,685 easyblock.py:532 INFO Fetched extension patches: []
== 2023-01-25 14:25:28,686 easyblock.py:803 INFO Considering directory in which easyconfig file is located when searching for future-fstrings-1.2.0.tar.gz: /kyukon/home/gent/438/vsc43810/vsc-software-stack/33_scib_pipeline
== 2023-01-25 14:25:28,686 tools.py:273 INFO Found location to 'eb' script via $EB_SCRIPT_PATH: /user/gent/438/vsc43810/easybuild/easybuild-framework/eb
== 2023-01-25 14:25:28,686 tools.py:289 INFO Not considering /user/gent/438/vsc43810/easybuild (no easybuild/easyconfigs subdir found)
== 2023-01-25 14:25:28,687 tools.py:297 INFO Also considering installation prefix /kyukon/home/gent/438/vsc43810/easybuild (via resolved path to 'eb')...
== 2023-01-25 14:25:29,010 filetools.py:821 INFO File size for https://pypi.python.org/simple/future-fstrings: 8368
== 2023-01-25 14:25:29,010 filetools.py:271 INFO Not showing progress bar for downloading small file (size 8368)
== 2023-01-25 14:25:29,014 filetools.py:828 INFO Downloaded file future-fstrings_urls.html from url https://pypi.python.org/simple/future-fstrings to /tmp/vsc43810/eb-z4uqsciu/tmpna3o2s1y/future-fstrings_urls.html
== 2023-01-25 14:25:29,014 filetools.py:860 INFO Successful download of file future-fstrings_urls.html from url https://pypi.python.org/simple/future-fstrings to path /tmp/vsc43810/eb-z4uqsciu/tmpna3o2s1y/future-fstrings_urls.html
== 2023-01-25 14:25:29,409 filetools.py:837 WARNING URL https://pypi.python.org/packages/source/f/future-fstrings/future-fstrings-1.2.0.tar.gz was not found (HTTP response code 404), not trying again
== 2023-01-25 14:25:29,410 filetools.py:864 WARNING Download of https://pypi.python.org/packages/source/f/future-fstrings/future-fstrings-1.2.0.tar.gz to /data/gent/vo/001/gvo00117/easybuild/sources/t/trvaep/extensions/future-fstrings-1.2.0.tar.gz failed, done trying
== 2023-01-25 14:25:29,716 filetools.py:821 INFO File size for https://pypi.python.org/simple/trvaep: 5366
== 2023-01-25 14:25:29,716 filetools.py:271 INFO Not showing progress bar for downloading small file (size 5366)
== 2023-01-25 14:25:29,718 filetools.py:828 INFO Downloaded file trvaep_urls.html from url https://pypi.python.org/simple/trvaep to /tmp/vsc43810/eb-z4uqsciu/tmp_c_umlp8/trvaep_urls.html
== 2023-01-25 14:25:29,719 filetools.py:860 INFO Successful download of file trvaep_urls.html from url https://pypi.python.org/simple/trvaep to path /tmp/vsc43810/eb-z4uqsciu/tmp_c_umlp8/trvaep_urls.html
== 2023-01-25 14:25:30,124 filetools.py:837 WARNING URL https://pypi.python.org/packages/source/t/trvaep/future-fstrings-1.2.0.tar.gz was not found (HTTP response code 404), not trying again
== 2023-01-25 14:25:30,126 filetools.py:864 WARNING Download of https://pypi.python.org/packages/source/t/trvaep/future-fstrings-1.2.0.tar.gz to /data/gent/vo/001/gvo00117/easybuild/sources/t/trvaep/extensions/future-fstrings-1.2.0.tar.gz failed, done trying
== 2023-01-25 14:25:30,219 filetools.py:837 WARNING URL https://sources.easybuild.io/t/trvaep/future-fstrings-1.2.0.tar.gz was not found (HTTP response code 404), not trying again
== 2023-01-25 14:25:30,221 filetools.py:864 WARNING Download of https://sources.easybuild.io/t/trvaep/future-fstrings-1.2.0.tar.gz to /data/gent/vo/001/gvo00117/easybuild/sources/t/trvaep/extensions/future-fstrings-1.2.0.tar.gz failed, done trying
== 2023-01-25 14:25:30,229 build_log.py:171 ERROR EasyBuild crashed with an error (at easybuild/easybuild-framework/easybuild/base/exceptions.py:126 in __init__): Couldn't find file future-fstrings-1.2.0.tar.gz anywhere, and downloading it didn't work either... Paths attempted (in order): /kyukon/home/gent/438/vsc43810/vsc-software-stack/33_scib_pipeline/t/trvaep/extensions/future-fstrings-1.2.0.tar.gz, /kyukon/home/gent/438/vsc43810/vsc-software-stack/33_scib_pipeline/t/trvaep/packages/future-fstrings-1.2.0.tar.gz, /kyukon/home/gent/438/vsc43810/vsc-software-stack/33_scib_pipeline/t/trvaep/future-fstrings-1.2.0.tar.gz, /kyukon/home/gent/438/vsc43810/vsc-software-stack/33_scib_pipeline/trvaep/extensions/future-fstrings-1.2.0.tar.gz, /kyukon/home/gent/438/vsc43810/vsc-software-stack/33_scib_pipeline/trvaep/packages/future-fstrings-1.2.0.tar.gz, /kyukon/home/gent/438/vsc43810/vsc-software-stack/33_scib_pipeline/trvaep/future-fstrings-1.2.0.tar.gz, /kyukon/home/gent/438/vsc43810/vsc-software-stack/33_scib_pipeline/extensions/future-fstrings-1.2.0.tar.gz, /kyukon/home/gent/438/vsc43810/vsc-software-stack/33_scib_pipeline/packages/future-fstrings-1.2.0.tar.gz, /kyukon/home/gent/438/vsc43810/vsc-software-stack/33_scib_pipeline/future-fstrings-1.2.0.tar.gz, /user/gent/438/vsc43810/easybuild/easybuild-easyconfigs/easybuild/easyconfigs/t/trvaep/extensions/future-fstrings-1.2.0.tar.gz, /user/gent/438/vsc43810/easybuild/easybuild-easyconfigs/easybuild/easyconfigs/t/trvaep/packages/future-fstrings-1.2.0.tar.gz, /user/gent/438/vsc43810/easybuild/easybuild-easyconfigs/easybuild/easyconfigs/t/trvaep/future-fstrings-1.2.0.tar.gz, /user/gent/438/vsc43810/easybuild/easybuild-easyconfigs/easybuild/easyconfigs/trvaep/extensions/future-fstrings-1.2.0.tar.gz, /user/gent/438/vsc43810/easybuild/easybuild-easyconfigs/easybuild/easyconfigs/trvaep/packages/future-fstrings-1.2.0.tar.gz, /user/gent/438/vsc43810/easybuild/easybuild-easyconfigs/easybuild/easyconfigs/trvaep/future-fstrings-1.2.0.tar.gz, /user/gent/438/vsc43810/easybuild/easybuild-easyconfigs/easybuild/easyconfigs/extensions/future-fstrings-1.2.0.tar.gz, /user/gent/438/vsc43810/easybuild/easybuild-easyconfigs/easybuild/easyconfigs/packages/future-fstrings-1.2.0.tar.gz, /user/gent/438/vsc43810/easybuild/easybuild-easyconfigs/easybuild/easyconfigs/future-fstrings-1.2.0.tar.gz, /user/gent/438/vsc43810/easybuild/easybuild-easyconfigs/easybuild/easyconfigs/t/trvaep/extensions/future-fstrings-1.2.0.tar.gz, /user/gent/438/vsc43810/easybuild/easybuild-easyconfigs/easybuild/easyconfigs/t/trvaep/packages/future-fstrings-1.2.0.tar.gz, /user/gent/438/vsc43810/easybuild/easybuild-easyconfigs/easybuild/easyconfigs/t/trvaep/future-fstrings-1.2.0.tar.gz, /user/gent/438/vsc43810/easybuild/easybuild-easyconfigs/easybuild/easyconfigs/trvaep/extensions/future-fstrings-1.2.0.tar.gz, /user/gent/438/vsc43810/easybuild/easybuild-easyconfigs/easybuild/easyconfigs/trvaep/packages/future-fstrings-1.2.0.tar.gz, /user/gent/438/vsc43810/easybuild/easybuild-easyconfigs/easybuild/easyconfigs/trvaep/future-fstrings-1.2.0.tar.gz, /user/gent/438/vsc43810/easybuild/easybuild-easyconfigs/easybuild/easyconfigs/extensions/future-fstrings-1.2.0.tar.gz, /user/gent/438/vsc43810/easybuild/easybuild-easyconfigs/easybuild/easyconfigs/packages/future-fstrings-1.2.0.tar.gz, /user/gent/438/vsc43810/easybuild/easybuild-easyconfigs/easybuild/easyconfigs/future-fstrings-1.2.0.tar.gz, /data/gent/vo/001/gvo00117/easybuild/sources/t/trvaep/extensions/future-fstrings-1.2.0.tar.gz, /data/gent/vo/001/gvo00117/easybuild/sources/t/trvaep/packages/future-fstrings-1.2.0.tar.gz, /data/gent/vo/001/gvo00117/easybuild/sources/t/trvaep/future-fstrings-1.2.0.tar.gz, /data/gent/vo/001/gvo00117/easybuild/sources/trvaep/extensions/future-fstrings-1.2.0.tar.gz, /data/gent/vo/001/gvo00117/easybuild/sources/trvaep/packages/future-fstrings-1.2.0.tar.gz, /data/gent/vo/001/gvo00117/easybuild/sources/trvaep/future-fstrings-1.2.0.tar.gz, /data/gent/vo/001/gvo00117/easybuild/sources/extensions/future-fstrings-1.2.0.tar.gz, /data/gent/vo/001/gvo00117/easybuild/sources/packages/future-fstrings-1.2.0.tar.gz, /data/gent/vo/001/gvo00117/easybuild/sources/future-fstrings-1.2.0.tar.gz, /apps/gent/sources/t/trvaep/extensions/future-fstrings-1.2.0.tar.gz, /apps/gent/sources/t/trvaep/packages/future-fstrings-1.2.0.tar.gz, /apps/gent/sources/t/trvaep/future-fstrings-1.2.0.tar.gz, /apps/gent/sources/trvaep/extensions/future-fstrings-1.2.0.tar.gz, /apps/gent/sources/trvaep/packages/future-fstrings-1.2.0.tar.gz, /apps/gent/sources/trvaep/future-fstrings-1.2.0.tar.gz, /apps/gent/sources/extensions/future-fstrings-1.2.0.tar.gz, /apps/gent/sources/packages/future-fstrings-1.2.0.tar.gz, /apps/gent/sources/future-fstrings-1.2.0.tar.gz, https://pypi.python.org/packages/source/f/future-fstrings/future-fstrings-1.2.0.tar.gz, https://pypi.python.org/packages/source/t/trvaep/future-fstrings-1.2.0.tar.gz, https://sources.easybuild.io/t/trvaep/future-fstrings-1.2.0.tar.gz  (at easybuild/easybuild-framework/easybuild/framework/easyblock.py:962 in obtain_file)
== 2023-01-25 14:25:30,230 build_log.py:267 INFO ... (took 2 secs)
== 2023-01-25 14:25:30,236 filetools.py:2019 INFO Removing lock /scratch/gent/vo/001/gvo00117/easybuild/RHEL8/haswell-ib/software/.locks/_scratch_gent_vo_001_gvo00117_easybuild_RHEL8_haswell-ib_software_trvaep_0.1.0-foss-2022a.lock...
== 2023-01-25 14:25:30,237 filetools.py:384 INFO Path /scratch/gent/vo/001/gvo00117/easybuild/RHEL8/haswell-ib/software/.locks/_scratch_gent_vo_001_gvo00117_easybuild_RHEL8_haswell-ib_software_trvaep_0.1.0-foss-2022a.lock successfully removed.
== 2023-01-25 14:25:30,238 filetools.py:2023 INFO Lock removed: /scratch/gent/vo/001/gvo00117/easybuild/RHEL8/haswell-ib/software/.locks/_scratch_gent_vo_001_gvo00117_easybuild_RHEL8_haswell-ib_software_trvaep_0.1.0-foss-2022a.lock
== 2023-01-25 14:25:30,238 easyblock.py:4208 WARNING build failed (first 300 chars): Couldn't find file future-fstrings-1.2.0.tar.gz anywhere, and downloading it didn't work either... Paths attempted (in order): /kyukon/home/gent/438/vsc43810/vsc-software-stack/33_scib_pipeline/t/trvaep/extensions/future-fstrings-1.2.0.tar.gz, /kyukon/home/gent/438/vsc43810/vsc-software-stack/33_sci
== 2023-01-25 14:25:30,238 easyblock.py:328 INFO Closing log for application name trvaep version 0.1.0
