# output for command: sed -e 's/#system_freetype = False/system_freetype = True/g' -e 
's/#system_qhull = False/system_qhull = True/g' mplsetup.cfg.template >mplsetup.cfg
&& export CPLUS_INCLUDE_PATH=$EBROOTFREETYPE/include/freetype2:${CPLUS_INCLUDE_PATH} &&  /apps/gent/RHEL8/cascadelake-ib/software/Python/3.11.3-GCCcore-12.3.0/bin/python -m pip install --prefix=/scratch/gent/vo/001/gvo00117/easybuild/RHEL8/cascadelake-ampere-ib/software/matplotlib/3.7.2-gfbf-2023a  --no-deps  --ignore-installed  --no-index  --no-build-isolation  .

sed: option requires an argument -- 'e'
Usage: sed [OPTION]... {script-only-if-no-other-script} [input-file]...

  -n, --quiet, --silent
                 suppress automatic printing of pattern space
  -e script, --expression=script
                 add the script to the commands to be executed
  -f script-file, --file=script-file
                 add the contents of script-file to the commands to be executed
  --follow-symlinks
                 follow symlinks when processing in place
  -i[SUFFIX], --in-place[=SUFFIX]
                 edit files in place (makes backup if SUFFIX supplied)
  -c, --copy
                 use copy instead of rename when shuffling files in -i mode
  -b, --binary
                 does nothing; for compatibility with WIN32/CYGWIN/MSDOS/EMX (
                 open files in binary mode (CR+LFs are not treated specially))
  -l N, --line-length=N
                 specify the desired line-wrap length for the `l' command
  --posix
                 disable all GNU extensions.
  -E, -r, --regexp-extended
                 use extended regular expressions in the script
                 (for portability use POSIX -E).
  -s, --separate
                 consider files as separate rather than as a single,
                 continuous long stream.
      --sandbox
                 operate in sandbox mode (disable e/r/w commands).
  -u, --unbuffered
                 load minimal amounts of data from the input files and flush
                 the output buffers more often
  -z, --null-data
                 separate lines by NUL characters
  --help
                 display this help and exit
  --version
                 output version information and exit

If no -e, --expression, -f, or --file option is given, then the first
non-option argument is taken as the sed script to interpret.  All
remaining arguments are names of input files; if no input files are
specified, then the standard input is read.

GNU sed home page: <https://www.gnu.org/software/sed/>.
General help using GNU software: <https://www.gnu.org/gethelp/>.
/bin/bash: line 1: s/#system_qhull = False/system_qhull = True/g: No such file or directory
/bin/bash: -c: line 2: syntax error near unexpected token `&&'
/bin/bash: -c: line 2: `&& export CPLUS_INCLUDE_PATH=$EBROOTFREETYPE/include/freetype2:${CPLUS_INCLUDE_PATH} &&  /apps/gent/RHEL8/cascadelake-ib/software/Python/3.11.3-GCCcore-12.3.0/bin/python -m pip install --prefix=/scratch/gent/vo/001/gvo00117/easybuild/RHEL8/cascadelake-ampere-ib/software/matplotlib/3.7.2-gfbf-2023a  --no-deps  --ignore-installed  --no-index  --no-build-isolation  .'
