# output for command: /apps/gent/RHEL8/cascadelake-ib/software/Python/3.10.4-GCCcore-11.3.0/bin/python setup.py build

running build
running build_py
creating build
creating build/lib.linux-x86_64-cpython-310
creating build/lib.linux-x86_64-cpython-310/mahotas
copying mahotas/internal.py -> build/lib.linux-x86_64-cpython-310/mahotas
copying mahotas/colors.py -> build/lib.linux-x86_64-cpython-310/mahotas
copying mahotas/features_cli.py -> build/lib.linux-x86_64-cpython-310/mahotas
copying mahotas/interpolate.py -> build/lib.linux-x86_64-cpython-310/mahotas
copying mahotas/surf.py -> build/lib.linux-x86_64-cpython-310/mahotas
copying mahotas/tas.py -> build/lib.linux-x86_64-cpython-310/mahotas
copying mahotas/texture.py -> build/lib.linux-x86_64-cpython-310/mahotas
copying mahotas/freeimage.py -> build/lib.linux-x86_64-cpython-310/mahotas
copying mahotas/lbp.py -> build/lib.linux-x86_64-cpython-310/mahotas
copying mahotas/resize.py -> build/lib.linux-x86_64-cpython-310/mahotas
copying mahotas/stretch.py -> build/lib.linux-x86_64-cpython-310/mahotas
copying mahotas/euler.py -> build/lib.linux-x86_64-cpython-310/mahotas
copying mahotas/bbox.py -> build/lib.linux-x86_64-cpython-310/mahotas
copying mahotas/distance.py -> build/lib.linux-x86_64-cpython-310/mahotas
copying mahotas/mahotas_version.py -> build/lib.linux-x86_64-cpython-310/mahotas
copying mahotas/edge.py -> build/lib.linux-x86_64-cpython-310/mahotas
copying mahotas/center_of_mass.py -> build/lib.linux-x86_64-cpython-310/mahotas
copying mahotas/zernike.py -> build/lib.linux-x86_64-cpython-310/mahotas
copying mahotas/_filters.py -> build/lib.linux-x86_64-cpython-310/mahotas
copying mahotas/convolve.py -> build/lib.linux-x86_64-cpython-310/mahotas
copying mahotas/moments.py -> build/lib.linux-x86_64-cpython-310/mahotas
copying mahotas/thresholding.py -> build/lib.linux-x86_64-cpython-310/mahotas
copying mahotas/segmentation.py -> build/lib.linux-x86_64-cpython-310/mahotas
copying mahotas/thin.py -> build/lib.linux-x86_64-cpython-310/mahotas
copying mahotas/__init__.py -> build/lib.linux-x86_64-cpython-310/mahotas
copying mahotas/bwperim.py -> build/lib.linux-x86_64-cpython-310/mahotas
copying mahotas/morph.py -> build/lib.linux-x86_64-cpython-310/mahotas
copying mahotas/histogram.py -> build/lib.linux-x86_64-cpython-310/mahotas
copying mahotas/labeled.py -> build/lib.linux-x86_64-cpython-310/mahotas
copying mahotas/polygon.py -> build/lib.linux-x86_64-cpython-310/mahotas
creating build/lib.linux-x86_64-cpython-310/mahotas/tests
copying mahotas/tests/test_citation.py -> build/lib.linux-x86_64-cpython-310/mahotas/tests
copying mahotas/tests/test_mahotas.py -> build/lib.linux-x86_64-cpython-310/mahotas/tests
copying mahotas/tests/utils.py -> build/lib.linux-x86_64-cpython-310/mahotas/tests
copying mahotas/tests/test_median_filter.py -> build/lib.linux-x86_64-cpython-310/mahotas/tests
copying mahotas/tests/test_filters.py -> build/lib.linux-x86_64-cpython-310/mahotas/tests
copying mahotas/tests/test_zernike.py -> build/lib.linux-x86_64-cpython-310/mahotas/tests
copying mahotas/tests/test_label.py -> build/lib.linux-x86_64-cpython-310/mahotas/tests
copying mahotas/tests/test_texture.py -> build/lib.linux-x86_64-cpython-310/mahotas/tests
copying mahotas/tests/test_morph.py -> build/lib.linux-x86_64-cpython-310/mahotas/tests
copying mahotas/tests/test_bbox.py -> build/lib.linux-x86_64-cpython-310/mahotas/tests
copying mahotas/tests/test_surf.py -> build/lib.linux-x86_64-cpython-310/mahotas/tests
copying mahotas/tests/test_interpolate.py -> build/lib.linux-x86_64-cpython-310/mahotas/tests
copying mahotas/tests/test_find.py -> build/lib.linux-x86_64-cpython-310/mahotas/tests
copying mahotas/tests/test_lbp.py -> build/lib.linux-x86_64-cpython-310/mahotas/tests
copying mahotas/tests/pymorph_copy.py -> build/lib.linux-x86_64-cpython-310/mahotas/tests
copying mahotas/tests/test_distance.py -> build/lib.linux-x86_64-cpython-310/mahotas/tests
copying mahotas/tests/test_thresholding.py -> build/lib.linux-x86_64-cpython-310/mahotas/tests
copying mahotas/tests/test_majority.py -> build/lib.linux-x86_64-cpython-310/mahotas/tests
copying mahotas/tests/test_histogram.py -> build/lib.linux-x86_64-cpython-310/mahotas/tests
copying mahotas/tests/test_labeled.py -> build/lib.linux-x86_64-cpython-310/mahotas/tests
copying mahotas/tests/test_imresize.py -> build/lib.linux-x86_64-cpython-310/mahotas/tests
copying mahotas/tests/test_surf_regression.py -> build/lib.linux-x86_64-cpython-310/mahotas/tests
copying mahotas/tests/test_thin.py -> build/lib.linux-x86_64-cpython-310/mahotas/tests
copying mahotas/tests/test_mean_filter.py -> build/lib.linux-x86_64-cpython-310/mahotas/tests
copying mahotas/tests/test_demos.py -> build/lib.linux-x86_64-cpython-310/mahotas/tests
copying mahotas/tests/test_hitmiss.py -> build/lib.linux-x86_64-cpython-310/mahotas/tests
copying mahotas/tests/test_euler.py -> build/lib.linux-x86_64-cpython-310/mahotas/tests
copying mahotas/tests/test_center_of_mass.py -> build/lib.linux-x86_64-cpython-310/mahotas/tests
copying mahotas/tests/test_watershed.py -> build/lib.linux-x86_64-cpython-310/mahotas/tests
copying mahotas/tests/test_dilate_erode.py -> build/lib.linux-x86_64-cpython-310/mahotas/tests
copying mahotas/tests/test_io.py -> build/lib.linux-x86_64-cpython-310/mahotas/tests
copying mahotas/tests/test_close_holes.py -> build/lib.linux-x86_64-cpython-310/mahotas/tests
copying mahotas/tests/test_moments.py -> build/lib.linux-x86_64-cpython-310/mahotas/tests
copying mahotas/tests/test_gvoronoi.py -> build/lib.linux-x86_64-cpython-310/mahotas/tests
copying mahotas/tests/test_edge.py -> build/lib.linux-x86_64-cpython-310/mahotas/tests
copying mahotas/tests/test_segmentation.py -> build/lib.linux-x86_64-cpython-310/mahotas/tests
copying mahotas/tests/__init__.py -> build/lib.linux-x86_64-cpython-310/mahotas/tests
copying mahotas/tests/test_stretch.py -> build/lib.linux-x86_64-cpython-310/mahotas/tests
copying mahotas/tests/test_freeimage.py -> build/lib.linux-x86_64-cpython-310/mahotas/tests
copying mahotas/tests/test_features_shape.py -> build/lib.linux-x86_64-cpython-310/mahotas/tests
copying mahotas/tests/test_polygon.py -> build/lib.linux-x86_64-cpython-310/mahotas/tests
copying mahotas/tests/test_internal.py -> build/lib.linux-x86_64-cpython-310/mahotas/tests
copying mahotas/tests/test_template_match.py -> build/lib.linux-x86_64-cpython-310/mahotas/tests
copying mahotas/tests/test_tas.py -> build/lib.linux-x86_64-cpython-310/mahotas/tests
copying mahotas/tests/test_bwperim.py -> build/lib.linux-x86_64-cpython-310/mahotas/tests
copying mahotas/tests/test_colors.py -> build/lib.linux-x86_64-cpython-310/mahotas/tests
copying mahotas/tests/test_convolve.py -> build/lib.linux-x86_64-cpython-310/mahotas/tests
creating build/lib.linux-x86_64-cpython-310/mahotas/features
copying mahotas/features/surf.py -> build/lib.linux-x86_64-cpython-310/mahotas/features
copying mahotas/features/tas.py -> build/lib.linux-x86_64-cpython-310/mahotas/features
copying mahotas/features/texture.py -> build/lib.linux-x86_64-cpython-310/mahotas/features
copying mahotas/features/lbp.py -> build/lib.linux-x86_64-cpython-310/mahotas/features
copying mahotas/features/zernike.py -> build/lib.linux-x86_64-cpython-310/mahotas/features
copying mahotas/features/moments.py -> build/lib.linux-x86_64-cpython-310/mahotas/features
copying mahotas/features/shape.py -> build/lib.linux-x86_64-cpython-310/mahotas/features
copying mahotas/features/__init__.py -> build/lib.linux-x86_64-cpython-310/mahotas/features
creating build/lib.linux-x86_64-cpython-310/mahotas/demos
copying mahotas/demos/surf_luispedro.py -> build/lib.linux-x86_64-cpython-310/mahotas/demos
copying mahotas/demos/wavelet_compress.py -> build/lib.linux-x86_64-cpython-310/mahotas/demos
copying mahotas/demos/surf_gaussians.py -> build/lib.linux-x86_64-cpython-310/mahotas/demos
copying mahotas/demos/edge_demo.py -> build/lib.linux-x86_64-cpython-310/mahotas/demos
copying mahotas/demos/morphology.py -> build/lib.linux-x86_64-cpython-310/mahotas/demos
copying mahotas/demos/superpixels.py -> build/lib.linux-x86_64-cpython-310/mahotas/demos
copying mahotas/demos/wally.py -> build/lib.linux-x86_64-cpython-310/mahotas/demos
copying mahotas/demos/distance.py -> build/lib.linux-x86_64-cpython-310/mahotas/demos
copying mahotas/demos/nuclear_distance_watershed.py -> build/lib.linux-x86_64-cpython-310/mahotas/demos
copying mahotas/demos/nuclear.py -> build/lib.linux-x86_64-cpython-310/mahotas/demos
copying mahotas/demos/thresholding.py -> build/lib.linux-x86_64-cpython-310/mahotas/demos
copying mahotas/demos/__init__.py -> build/lib.linux-x86_64-cpython-310/mahotas/demos
creating build/lib.linux-x86_64-cpython-310/mahotas/io
copying mahotas/io/freeimage.py -> build/lib.linux-x86_64-cpython-310/mahotas/io
copying mahotas/io/__init__.py -> build/lib.linux-x86_64-cpython-310/mahotas/io
copying mahotas/io/pil.py -> build/lib.linux-x86_64-cpython-310/mahotas/io
creating build/lib.linux-x86_64-cpython-310/mahotas/tests/data
copying mahotas/tests/data/luispedro.npy -> build/lib.linux-x86_64-cpython-310/mahotas/tests/data
copying mahotas/tests/data/rgba.png -> build/lib.linux-x86_64-cpython-310/mahotas/tests/data
copying mahotas/tests/data/1bpp.bmp -> build/lib.linux-x86_64-cpython-310/mahotas/tests/data
copying mahotas/tests/data/determinant_zero.png -> build/lib.linux-x86_64-cpython-310/mahotas/tests/data
creating build/lib.linux-x86_64-cpython-310/mahotas/demos/data
copying mahotas/demos/data/nuclear.png -> build/lib.linux-x86_64-cpython-310/mahotas/demos/data
copying mahotas/demos/data/lena.jpg -> build/lib.linux-x86_64-cpython-310/mahotas/demos/data
copying mahotas/demos/data/DepartmentStore.jpg -> build/lib.linux-x86_64-cpython-310/mahotas/demos/data
copying mahotas/demos/data/luispedro.jpg -> build/lib.linux-x86_64-cpython-310/mahotas/demos/data
running build_ext
building 'mahotas._bbox' extension
creating build/temp.linux-x86_64-cpython-310
creating build/temp.linux-x86_64-cpython-310/mahotas
gcc -Wno-unused-result -Wsign-compare -DNDEBUG -g -fwrapv -O3 -Wall -O2 -ftree-vectorize -march=native -fno-math-errno -fPIC -O2 -ftree-vectorize -march=native -fno-math-errno -fPIC -O2 -ftree-vectorize -march=native -fno-math-errno -I/apps/gent/RHEL8/cascadelake-ib/software/Python/3.10.4-GCCcore-11.3.0/include -I/apps/gent/RHEL8/cascadelake-ib/software/FFTW/3.3.10-GCC-11.3.0/include -I/apps/gent/RHEL8/cascadelake-ib/software/FlexiBLAS/3.2.0-GCC-11.3.0/include -I/apps/gent/RHEL8/cascadelake-ib/software/FlexiBLAS/3.2.0-GCC-11.3.0/include/flexiblas -fPIC -DNPY_NO_DEPRECATED_API=NPY_1_7_API_VERSION -DPY_ARRAY_UNIQUE_SYMBOL=Mahotas_PyArray_API_Symbol -I[] -I/apps/gent/RHEL8/cascadelake-ib/software/Python/3.10.4-GCCcore-11.3.0/include/python3.10 -c mahotas/_bbox.cpp -o build/temp.linux-x86_64-cpython-310/mahotas/_bbox.o
In file included from mahotas/numpypp/array.hpp:17,
                 from mahotas/_bbox.cpp:11:
mahotas/numpypp/numpy.hpp:11:10: fatal error: numpy/ndarrayobject.h: No such file or directory
   11 | #include <numpy/ndarrayobject.h>
      |          ^~~~~~~~~~~~~~~~~~~~~~~
compilation terminated.
error: command '/apps/gent/RHEL8/cascadelake-ib/software/GCCcore/11.3.0/bin/gcc' failed with exit code 1
