== 2023-06-09 14:04:26,442 easyblock.py:313 INFO This is EasyBuild 4.7.3.dev0-rf378bac46cc85c9fcdaf7649da28f7e3d1c37f0b (framework: 4.7.3.dev0-rf378bac46cc85c9fcdaf7649da28f7e3d1c37f0b, easyblocks: 4.7.3.dev0-rf93e6cdeef2680ea362c74ec0ac64c502e6e3648) on host node4010.donphan.os.
== 2023-06-09 14:04:26,442 easyblock.py:319 INFO This is easyblock EB_MXNet from module easybuild.easyblocks.mxnet (/user/gent/438/vsc43810/easybuild/easybuild-easyblocks/easybuild/easyblocks/m/mxnet.py)
== 2023-06-09 14:04:26,442 easyblock.py:1040 INFO Build dir set to /tmp/vsc43810/easybuild/build/MXNet/1.9.1/foss-2022a
== 2023-06-09 14:04:26,442 easyblock.py:1097 INFO Software install dir set to /scratch/gent/vo/001/gvo00117/easybuild/RHEL8/cascadelake-ampere-ib/software/MXNet/1.9.1-foss-2022a
== 2023-06-09 14:04:26,442 easyblock.py:1102 INFO Module install dir set to /scratch/gent/vo/001/gvo00117/easybuild/RHEL8/cascadelake-ampere-ib/modules/all
== 2023-06-09 14:04:26,442 easyblock.py:288 INFO Init completed for application name MXNet version 1.9.1
== 2023-06-09 14:04:26,442 easyconfig.py:464 INFO Performing quick parse to check for valid easyconfig file...
== 2023-06-09 14:04:26,443 environment.py:93 INFO Environment variable LMOD_QUIET set to 1 (previous value: '1')
== 2023-06-09 14:04:26,443 environment.py:93 INFO Environment variable LMOD_IGNORE_CACHE set to 1 (previous value: '1')
== 2023-06-09 14:04:26,443 environment.py:93 INFO Environment variable LMOD_REDIRECT set to no (previous value: 'no')
== 2023-06-09 14:04:26,443 environment.py:93 INFO Environment variable LMOD_EXTENDED_DEFAULT set to no (previous value: 'no')
== 2023-06-09 14:04:26,443 modules.py:299 INFO Full path for Lmod command is /usr/share/lmod/lmod/libexec/lmod, so using it
== 2023-06-09 14:04:26,444 modules.py:455 INFO Prepended list of module paths with path used by EasyBuild: /scratch/gent/vo/001/gvo00117/easybuild/RHEL8/cascadelake-ampere-ib/modules/all
== 2023-06-09 14:04:26,444 easyconfig.py:473 INFO Obtained list of valid module classes: ['base', 'ai', 'astro', 'bio', 'cae', 'chem', 'compiler', 'data', 'debugger', 'devel', 'geo', 'ide', 'lang', 'lib', 'math', 'mpi', 'numlib', 'perf', 'quantum', 'phys', 'system', 'toolchain', 'tools', 'vis']
== 2023-06-09 14:04:26,445 easyconfig.py:1926 INFO Successfully obtained EB_MXNet class instance from easybuild.easyblocks.mxnet
== 2023-06-09 14:04:26,445 easyconfig.py:1943 INFO Successfully obtained class 'EB_MXNet' for easyblock 'None' (software name 'MXNet')
== 2023-06-09 14:04:26,445 easyconfig.py:705 INFO Parsing easyconfig file None with rawcontent: name = 'MXNet'
version = '1.9.1'

homepage = 'https://mxnet.io/'
description = """Flexible and Efficient Library for Deep Learning"""

toolchain = {'name': 'foss', 'version': '2022a'}
toolchainopts = {'cstd': 'c++11', 'opt': True, 'pic': True, 'openmp': True}

source_urls = [
    'https://github.com/apache/mxnet/archive',
    'https://github.com/oneapi-src/oneDNN/archive/',
]

# MXNet pulls in a bunch of submodules which don't have releases.
sources = [
    'v%(version)s.tar.gz',  # MXNet
    'https://github.com/dmlc/ps-lite/archive/34fd45cae457d59850fdcb2066467778d0673f21.tar.gz',  # ps-lite
    'https://github.com/apache/tvm/archive/efdac9439506d1de5eec91ecc795982c78e41909.tar.gz',  # tvm
    'https://github.com/dmlc/dmlc-core/archive/5df8305fe699d3b503d10c60a231ab0223142407.tar.gz',  # dmlc-core
    'https://github.com/dmlc/dlpack/archive/3efc489b55385936531a06ff83425b719387ec63.tar.gz',  # dlpack
    'https://github.com/google/googletest/archive/eb9225ce361affe561592e0912320b9db84985d0.tar.gz',  # googletest
    'https://github.com/kpu/intgemm/archive/8f28282c3bd854922da638024d2659be52e892e9.tar.gz',  # intgemm
    'https://github.com/NVlabs/cub/archive/0158fa19f28619886232defd412433974af89611.tar.gz',  # cub
    'https://github.com/onnx/onnx-tensorrt/archive/5df8305fe699d3b503d10c60a231ab0223142407.tar.gz',  # onnx-tensorrt
    # oneDNN:
    {
        'download_filename': '58be3660fb57c4c4a3d306730e849237d1271572.tar.gz',
        'filename': 'mkldnn'
    }
]

builddependencies = [
    ('CMake', '3.23.1'),
]

dependencies = [
    ('Python', '3.10.4'),
    ('graphviz-python', '0.20.1'),
    ('OpenCV', '4.6.0', '-contrib'),
    ('R', '4.2.1'),
]

moduleclass = 'math'

== 2023-06-09 14:04:26,445 parser.py:139 INFO Type checking of easyconfig parameter values passed!
== 2023-06-09 14:04:26,445 easyconfig.py:686 INFO setting easyconfig parameter builddependencies: value [('CMake', '3.23.1')] (type: <class 'list'>)
== 2023-06-09 14:04:26,445 easyconfig.py:686 INFO setting easyconfig parameter dependencies: value [('Python', '3.10.4'), ('graphviz-python', '0.20.1'), ('OpenCV', '4.6.0', '-contrib'), ('R', '4.2.1')] (type: <class 'list'>)
== 2023-06-09 14:04:26,445 easyconfig.py:686 INFO setting easyconfig parameter description: value Flexible and Efficient Library for Deep Learning (type: <class 'str'>)
== 2023-06-09 14:04:26,446 easyconfig.py:686 INFO setting easyconfig parameter homepage: value https://mxnet.io/ (type: <class 'str'>)
== 2023-06-09 14:04:26,446 easyconfig.py:686 INFO setting easyconfig parameter moduleclass: value math (type: <class 'str'>)
== 2023-06-09 14:04:26,446 easyconfig.py:686 INFO setting easyconfig parameter name: value MXNet (type: <class 'str'>)
== 2023-06-09 14:04:26,446 easyconfig.py:686 INFO setting easyconfig parameter source_urls: value ['https://github.com/apache/mxnet/archive', 'https://github.com/oneapi-src/oneDNN/archive/'] (type: <class 'list'>)
== 2023-06-09 14:04:26,446 easyconfig.py:686 INFO setting easyconfig parameter sources: value ['v%(version)s.tar.gz', 'https://github.com/dmlc/ps-lite/archive/34fd45cae457d59850fdcb2066467778d0673f21.tar.gz', 'https://github.com/apache/tvm/archive/efdac9439506d1de5eec91ecc795982c78e41909.tar.gz', 'https://github.com/dmlc/dmlc-core/archive/5df8305fe699d3b503d10c60a231ab0223142407.tar.gz', 'https://github.com/dmlc/dlpack/archive/3efc489b55385936531a06ff83425b719387ec63.tar.gz', 'https://github.com/google/googletest/archive/eb9225ce361affe561592e0912320b9db84985d0.tar.gz', 'https://github.com/kpu/intgemm/archive/8f28282c3bd854922da638024d2659be52e892e9.tar.gz', 'https://github.com/NVlabs/cub/archive/0158fa19f28619886232defd412433974af89611.tar.gz', 'https://github.com/onnx/onnx-tensorrt/archive/5df8305fe699d3b503d10c60a231ab0223142407.tar.gz', {'download_filename': '58be3660fb57c4c4a3d306730e849237d1271572.tar.gz', 'filename': 'mkldnn'}] (type: <class 'list'>)
== 2023-06-09 14:04:26,446 easyconfig.py:686 INFO setting easyconfig parameter toolchain: value {'name': 'foss', 'version': '2022a'} (type: <class 'dict'>)
== 2023-06-09 14:04:26,446 easyconfig.py:686 INFO setting easyconfig parameter toolchainopts: value {'cstd': 'c++11', 'opt': True, 'pic': True, 'openmp': True} (type: <class 'dict'>)
== 2023-06-09 14:04:26,446 easyconfig.py:686 INFO setting easyconfig parameter version: value 1.9.1 (type: <class 'str'>)
== 2023-06-09 14:04:26,446 easyconfig.py:747 INFO Parsing dependency specifications...
== 2023-06-09 14:04:26,446 easyconfig.py:1690 INFO Generating template values...
== 2023-06-09 14:04:26,447 mpi.py:122 INFO Using template MPI command 'mpirun -n %(nr_ranks)s %(cmd)s' for MPI family 'OpenMPI'
== 2023-06-09 14:04:26,447 mpi.py:307 INFO Using MPI command template 'mpirun -n %(nr_ranks)s %(cmd)s' (params: {'nr_ranks': 1, 'cmd': 'xxx_command_xxx'})
== 2023-06-09 14:04:26,447 easyconfig.py:1709 INFO Template values: arch='x86_64', bitbucket_account='mxnet', github_account='mxnet', mpi_cmd_prefix='mpirun -n 1', name='MXNet', nameletter='M', nameletterlower='m', namelower='mxnet', pymajver='3', pyminver='10', pyshortver='3.10', pyver='3.10.4', rmajver='4', rminver='2', rshortver='4.2', rver='4.2.1', toolchain_name='foss', toolchain_version='2022a', version='1.9.1', version_major='1', version_major_minor='1.9', version_minor='9', versionprefix='', versionsuffix=''
== 2023-06-09 14:04:26,448 modules.py:626 INFO Checking whether CMake/3.23.1-foss-2022a exists...
== 2023-06-09 14:04:26,448 modules.py:647 INFO Module CMake/3.23.1-foss-2022a not found via module avail/show, checking whether it is a wrapper
== 2023-06-09 14:04:26,448 modules.py:654 INFO Result for existence check of CMake/3.23.1-foss-2022a module: False
== 2023-06-09 14:04:26,449 modules.py:626 INFO Checking whether CMake/3.23.1-gompi-2022a exists...
== 2023-06-09 14:04:26,449 modules.py:647 INFO Module CMake/3.23.1-gompi-2022a not found via module avail/show, checking whether it is a wrapper
== 2023-06-09 14:04:26,449 modules.py:654 INFO Result for existence check of CMake/3.23.1-gompi-2022a module: False
== 2023-06-09 14:04:26,449 modules.py:626 INFO Checking whether CMake/3.23.1-gfbf-2022a exists...
== 2023-06-09 14:04:26,449 modules.py:647 INFO Module CMake/3.23.1-gfbf-2022a not found via module avail/show, checking whether it is a wrapper
== 2023-06-09 14:04:26,449 modules.py:654 INFO Result for existence check of CMake/3.23.1-gfbf-2022a module: False
== 2023-06-09 14:04:26,449 modules.py:626 INFO Checking whether CMake/3.23.1-GCC-11.3.0 exists...
== 2023-06-09 14:04:26,449 modules.py:647 INFO Module CMake/3.23.1-GCC-11.3.0 not found via module avail/show, checking whether it is a wrapper
== 2023-06-09 14:04:26,450 modules.py:654 INFO Result for existence check of CMake/3.23.1-GCC-11.3.0 module: False
== 2023-06-09 14:04:26,450 easyconfig.py:2181 INFO Found loaded index for /user/gent/438/vsc43810/easybuild/easybuild-easyconfigs/easybuild/easyconfigs
== 2023-06-09 14:04:26,450 easyconfig.py:2181 INFO Found loaded index for /user/gent/438/vsc43810/easybuild/easybuild-easyconfigs/easybuild/easyconfigs
== 2023-06-09 14:04:26,450 easyconfig.py:2181 INFO Found loaded index for /user/gent/438/vsc43810/easybuild/easybuild-easyconfigs/easybuild/easyconfigs
== 2023-06-09 14:04:26,450 easyconfig.py:2181 INFO Found loaded index for /user/gent/438/vsc43810/easybuild/easybuild-easyconfigs/easybuild/easyconfigs
== 2023-06-09 14:04:26,450 easyconfig.py:2357 INFO Minimally resolving dependency {'full_mod_name': None, 'short_mod_name': None, 'name': 'CMake', 'version': '3.23.1', 'versionsuffix': '', 'toolchain': {'name': 'foss', 'version': '2022a'}, 'toolchain_inherited': True, 'system': False, 'hidden': False, 'build_only': True, 'external_module': False, 'external_module_metadata': {}} using toolchain {'name': 'GCCcore', 'version': '11.3.0'}
== 2023-06-09 14:04:26,451 modules.py:626 INFO Checking whether Python/3.10.4-foss-2022a exists...
== 2023-06-09 14:04:26,451 modules.py:647 INFO Module Python/3.10.4-foss-2022a not found via module avail/show, checking whether it is a wrapper
== 2023-06-09 14:04:26,451 modules.py:654 INFO Result for existence check of Python/3.10.4-foss-2022a module: False
== 2023-06-09 14:04:26,451 modules.py:626 INFO Checking whether Python/3.10.4-gompi-2022a exists...
== 2023-06-09 14:04:26,451 modules.py:647 INFO Module Python/3.10.4-gompi-2022a not found via module avail/show, checking whether it is a wrapper
== 2023-06-09 14:04:26,452 modules.py:654 INFO Result for existence check of Python/3.10.4-gompi-2022a module: False
== 2023-06-09 14:04:26,452 modules.py:626 INFO Checking whether Python/3.10.4-gfbf-2022a exists...
== 2023-06-09 14:04:26,452 modules.py:647 INFO Module Python/3.10.4-gfbf-2022a not found via module avail/show, checking whether it is a wrapper
== 2023-06-09 14:04:26,452 modules.py:654 INFO Result for existence check of Python/3.10.4-gfbf-2022a module: False
== 2023-06-09 14:04:26,452 modules.py:626 INFO Checking whether Python/3.10.4-GCC-11.3.0 exists...
== 2023-06-09 14:04:26,452 modules.py:647 INFO Module Python/3.10.4-GCC-11.3.0 not found via module avail/show, checking whether it is a wrapper
== 2023-06-09 14:04:26,452 modules.py:654 INFO Result for existence check of Python/3.10.4-GCC-11.3.0 module: False
== 2023-06-09 14:04:26,453 easyconfig.py:2181 INFO Found loaded index for /user/gent/438/vsc43810/easybuild/easybuild-easyconfigs/easybuild/easyconfigs
== 2023-06-09 14:04:26,453 easyconfig.py:2181 INFO Found loaded index for /user/gent/438/vsc43810/easybuild/easybuild-easyconfigs/easybuild/easyconfigs
== 2023-06-09 14:04:26,453 easyconfig.py:2181 INFO Found loaded index for /user/gent/438/vsc43810/easybuild/easybuild-easyconfigs/easybuild/easyconfigs
== 2023-06-09 14:04:26,453 easyconfig.py:2181 INFO Found loaded index for /user/gent/438/vsc43810/easybuild/easybuild-easyconfigs/easybuild/easyconfigs
== 2023-06-09 14:04:26,453 easyconfig.py:2357 INFO Minimally resolving dependency {'full_mod_name': None, 'short_mod_name': None, 'name': 'Python', 'version': '3.10.4', 'versionsuffix': '', 'toolchain': {'name': 'foss', 'version': '2022a'}, 'toolchain_inherited': True, 'system': False, 'hidden': False, 'build_only': False, 'external_module': False, 'external_module_metadata': {}} using toolchain {'name': 'GCCcore', 'version': '11.3.0'}
== 2023-06-09 14:04:26,454 modules.py:626 INFO Checking whether graphviz-python/0.20.1-foss-2022a exists...
== 2023-06-09 14:04:26,454 modules.py:647 INFO Module graphviz-python/0.20.1-foss-2022a not found via module avail/show, checking whether it is a wrapper
== 2023-06-09 14:04:26,454 modules.py:654 INFO Result for existence check of graphviz-python/0.20.1-foss-2022a module: False
== 2023-06-09 14:04:26,454 modules.py:626 INFO Checking whether graphviz-python/0.20.1-gompi-2022a exists...
== 2023-06-09 14:04:26,454 modules.py:647 INFO Module graphviz-python/0.20.1-gompi-2022a not found via module avail/show, checking whether it is a wrapper
== 2023-06-09 14:04:26,454 modules.py:654 INFO Result for existence check of graphviz-python/0.20.1-gompi-2022a module: False
== 2023-06-09 14:04:26,455 modules.py:626 INFO Checking whether graphviz-python/0.20.1-gfbf-2022a exists...
== 2023-06-09 14:04:26,455 modules.py:647 INFO Module graphviz-python/0.20.1-gfbf-2022a not found via module avail/show, checking whether it is a wrapper
== 2023-06-09 14:04:26,455 modules.py:654 INFO Result for existence check of graphviz-python/0.20.1-gfbf-2022a module: False
== 2023-06-09 14:04:26,455 modules.py:626 INFO Checking whether graphviz-python/0.20.1-GCC-11.3.0 exists...
== 2023-06-09 14:04:26,455 modules.py:647 INFO Module graphviz-python/0.20.1-GCC-11.3.0 not found via module avail/show, checking whether it is a wrapper
== 2023-06-09 14:04:26,455 modules.py:654 INFO Result for existence check of graphviz-python/0.20.1-GCC-11.3.0 module: False
== 2023-06-09 14:04:26,455 easyconfig.py:2181 INFO Found loaded index for /user/gent/438/vsc43810/easybuild/easybuild-easyconfigs/easybuild/easyconfigs
== 2023-06-09 14:04:26,455 easyconfig.py:2181 INFO Found loaded index for /user/gent/438/vsc43810/easybuild/easybuild-easyconfigs/easybuild/easyconfigs
== 2023-06-09 14:04:26,456 easyconfig.py:2181 INFO Found loaded index for /user/gent/438/vsc43810/easybuild/easybuild-easyconfigs/easybuild/easyconfigs
== 2023-06-09 14:04:26,456 easyconfig.py:2181 INFO Found loaded index for /user/gent/438/vsc43810/easybuild/easybuild-easyconfigs/easybuild/easyconfigs
== 2023-06-09 14:04:26,456 easyconfig.py:2357 INFO Minimally resolving dependency {'full_mod_name': None, 'short_mod_name': None, 'name': 'graphviz-python', 'version': '0.20.1', 'versionsuffix': '', 'toolchain': {'name': 'foss', 'version': '2022a'}, 'toolchain_inherited': True, 'system': False, 'hidden': False, 'build_only': False, 'external_module': False, 'external_module_metadata': {}} using toolchain {'name': 'GCCcore', 'version': '11.3.0'}
== 2023-06-09 14:04:26,457 modules.py:626 INFO Checking whether OpenCV/4.6.0-gompi-2022a-contrib exists...
== 2023-06-09 14:04:26,457 modules.py:647 INFO Module OpenCV/4.6.0-gompi-2022a-contrib not found via module avail/show, checking whether it is a wrapper
== 2023-06-09 14:04:26,457 modules.py:654 INFO Result for existence check of OpenCV/4.6.0-gompi-2022a-contrib module: False
== 2023-06-09 14:04:26,457 modules.py:626 INFO Checking whether OpenCV/4.6.0-gfbf-2022a-contrib exists...
== 2023-06-09 14:04:26,457 modules.py:647 INFO Module OpenCV/4.6.0-gfbf-2022a-contrib not found via module avail/show, checking whether it is a wrapper
== 2023-06-09 14:04:26,457 modules.py:654 INFO Result for existence check of OpenCV/4.6.0-gfbf-2022a-contrib module: False
== 2023-06-09 14:04:26,457 modules.py:626 INFO Checking whether OpenCV/4.6.0-GCC-11.3.0-contrib exists...
== 2023-06-09 14:04:26,457 modules.py:647 INFO Module OpenCV/4.6.0-GCC-11.3.0-contrib not found via module avail/show, checking whether it is a wrapper
== 2023-06-09 14:04:26,458 modules.py:654 INFO Result for existence check of OpenCV/4.6.0-GCC-11.3.0-contrib module: False
== 2023-06-09 14:04:26,458 modules.py:626 INFO Checking whether OpenCV/4.6.0-GCCcore-11.3.0-contrib exists...
== 2023-06-09 14:04:26,458 modules.py:647 INFO Module OpenCV/4.6.0-GCCcore-11.3.0-contrib not found via module avail/show, checking whether it is a wrapper
== 2023-06-09 14:04:26,458 modules.py:654 INFO Result for existence check of OpenCV/4.6.0-GCCcore-11.3.0-contrib module: False
== 2023-06-09 14:04:26,458 easyconfig.py:2357 INFO Minimally resolving dependency {'full_mod_name': None, 'short_mod_name': None, 'name': 'OpenCV', 'version': '4.6.0', 'versionsuffix': '-contrib', 'toolchain': {'name': 'foss', 'version': '2022a'}, 'toolchain_inherited': True, 'system': False, 'hidden': False, 'build_only': False, 'external_module': False, 'external_module_metadata': {}} using toolchain {'name': 'foss', 'version': '2022a'}
== 2023-06-09 14:04:26,459 modules.py:626 INFO Checking whether R/4.2.1-gompi-2022a exists...
== 2023-06-09 14:04:26,459 modules.py:647 INFO Module R/4.2.1-gompi-2022a not found via module avail/show, checking whether it is a wrapper
== 2023-06-09 14:04:26,459 modules.py:654 INFO Result for existence check of R/4.2.1-gompi-2022a module: False
== 2023-06-09 14:04:26,459 modules.py:626 INFO Checking whether R/4.2.1-gfbf-2022a exists...
== 2023-06-09 14:04:26,459 modules.py:647 INFO Module R/4.2.1-gfbf-2022a not found via module avail/show, checking whether it is a wrapper
== 2023-06-09 14:04:26,459 modules.py:654 INFO Result for existence check of R/4.2.1-gfbf-2022a module: False
== 2023-06-09 14:04:26,460 modules.py:626 INFO Checking whether R/4.2.1-GCC-11.3.0 exists...
== 2023-06-09 14:04:26,460 modules.py:647 INFO Module R/4.2.1-GCC-11.3.0 not found via module avail/show, checking whether it is a wrapper
== 2023-06-09 14:04:26,460 modules.py:654 INFO Result for existence check of R/4.2.1-GCC-11.3.0 module: False
== 2023-06-09 14:04:26,460 modules.py:626 INFO Checking whether R/4.2.1-GCCcore-11.3.0 exists...
== 2023-06-09 14:04:26,460 modules.py:647 INFO Module R/4.2.1-GCCcore-11.3.0 not found via module avail/show, checking whether it is a wrapper
== 2023-06-09 14:04:26,460 modules.py:654 INFO Result for existence check of R/4.2.1-GCCcore-11.3.0 module: False
== 2023-06-09 14:04:26,460 easyconfig.py:2357 INFO Minimally resolving dependency {'full_mod_name': None, 'short_mod_name': None, 'name': 'R', 'version': '4.2.1', 'versionsuffix': '', 'toolchain': {'name': 'foss', 'version': '2022a'}, 'toolchain_inherited': True, 'system': False, 'hidden': False, 'build_only': False, 'external_module': False, 'external_module_metadata': {}} using toolchain {'name': 'foss', 'version': '2022a'}
== 2023-06-09 14:04:26,461 pythonpackage.py:307 INFO Using default value for expected module name (lowercase software name): 'mxnet'
== 2023-06-09 14:04:26,462 pythonpackage.py:315 INFO Inherited setting for detection of downloaded dependencies from parent: False
== 2023-06-09 14:04:26,462 pythonpackage.py:371 INFO Using '%(python)s setup.py %(install_target)s --prefix=%(prefix)s %(installopts)s' as install command
== 2023-06-09 14:04:26,462 easyconfig.py:464 INFO Performing quick parse to check for valid easyconfig file...
== 2023-06-09 14:04:26,463 environment.py:93 INFO Environment variable LMOD_QUIET set to 1 (previous value: '1')
== 2023-06-09 14:04:26,463 environment.py:93 INFO Environment variable LMOD_IGNORE_CACHE set to 1 (previous value: '1')
== 2023-06-09 14:04:26,463 environment.py:93 INFO Environment variable LMOD_REDIRECT set to no (previous value: 'no')
== 2023-06-09 14:04:26,463 environment.py:93 INFO Environment variable LMOD_EXTENDED_DEFAULT set to no (previous value: 'no')
== 2023-06-09 14:04:26,463 modules.py:299 INFO Full path for Lmod command is /usr/share/lmod/lmod/libexec/lmod, so using it
== 2023-06-09 14:04:26,463 modules.py:455 INFO Prepended list of module paths with path used by EasyBuild: /scratch/gent/vo/001/gvo00117/easybuild/RHEL8/cascadelake-ampere-ib/modules/all
== 2023-06-09 14:04:26,464 easyconfig.py:473 INFO Obtained list of valid module classes: ['base', 'ai', 'astro', 'bio', 'cae', 'chem', 'compiler', 'data', 'debugger', 'devel', 'geo', 'ide', 'lang', 'lib', 'math', 'mpi', 'numlib', 'perf', 'quantum', 'phys', 'system', 'toolchain', 'tools', 'vis']
== 2023-06-09 14:04:26,464 easyconfig.py:1926 INFO Successfully obtained EB_MXNet class instance from easybuild.easyblocks.mxnet
== 2023-06-09 14:04:26,464 easyconfig.py:1943 INFO Successfully obtained class 'EB_MXNet' for easyblock 'None' (software name 'MXNet')
== 2023-06-09 14:04:26,465 easyconfig.py:705 INFO Parsing easyconfig file None with rawcontent: name = 'MXNet'
version = '1.9.1'

homepage = 'https://mxnet.io/'
description = """Flexible and Efficient Library for Deep Learning"""

toolchain = {'name': 'foss', 'version': '2022a'}
toolchainopts = {'cstd': 'c++11', 'opt': True, 'pic': True, 'openmp': True}

source_urls = [
    'https://github.com/apache/mxnet/archive',
    'https://github.com/oneapi-src/oneDNN/archive/',
]

# MXNet pulls in a bunch of submodules which don't have releases.
sources = [
    'v%(version)s.tar.gz',  # MXNet
    'https://github.com/dmlc/ps-lite/archive/34fd45cae457d59850fdcb2066467778d0673f21.tar.gz',  # ps-lite
    'https://github.com/apache/tvm/archive/efdac9439506d1de5eec91ecc795982c78e41909.tar.gz',  # tvm
    'https://github.com/dmlc/dmlc-core/archive/5df8305fe699d3b503d10c60a231ab0223142407.tar.gz',  # dmlc-core
    'https://github.com/dmlc/dlpack/archive/3efc489b55385936531a06ff83425b719387ec63.tar.gz',  # dlpack
    'https://github.com/google/googletest/archive/eb9225ce361affe561592e0912320b9db84985d0.tar.gz',  # googletest
    'https://github.com/kpu/intgemm/archive/8f28282c3bd854922da638024d2659be52e892e9.tar.gz',  # intgemm
    'https://github.com/NVlabs/cub/archive/0158fa19f28619886232defd412433974af89611.tar.gz',  # cub
    'https://github.com/onnx/onnx-tensorrt/archive/5df8305fe699d3b503d10c60a231ab0223142407.tar.gz',  # onnx-tensorrt
    # oneDNN:
    {
        'download_filename': '58be3660fb57c4c4a3d306730e849237d1271572.tar.gz',
        'filename': 'mkldnn'
    }
]

builddependencies = [
    ('CMake', '3.23.1'),
]

dependencies = [
    ('Python', '3.10.4'),
    ('graphviz-python', '0.20.1'),
    ('OpenCV', '4.6.0', '-contrib'),
    ('R', '4.2.1'),
]

moduleclass = 'math'

== 2023-06-09 14:04:26,465 parser.py:139 INFO Type checking of easyconfig parameter values passed!
== 2023-06-09 14:04:26,465 easyconfig.py:686 INFO setting easyconfig parameter builddependencies: value [('CMake', '3.23.1')] (type: <class 'list'>)
== 2023-06-09 14:04:26,465 easyconfig.py:686 INFO setting easyconfig parameter dependencies: value [('Python', '3.10.4'), ('graphviz-python', '0.20.1'), ('OpenCV', '4.6.0', '-contrib'), ('R', '4.2.1')] (type: <class 'list'>)
== 2023-06-09 14:04:26,465 easyconfig.py:686 INFO setting easyconfig parameter description: value Flexible and Efficient Library for Deep Learning (type: <class 'str'>)
== 2023-06-09 14:04:26,465 easyconfig.py:686 INFO setting easyconfig parameter homepage: value https://mxnet.io/ (type: <class 'str'>)
== 2023-06-09 14:04:26,465 easyconfig.py:686 INFO setting easyconfig parameter moduleclass: value math (type: <class 'str'>)
== 2023-06-09 14:04:26,465 easyconfig.py:686 INFO setting easyconfig parameter name: value MXNet (type: <class 'str'>)
== 2023-06-09 14:04:26,465 easyconfig.py:686 INFO setting easyconfig parameter source_urls: value ['https://github.com/apache/mxnet/archive', 'https://github.com/oneapi-src/oneDNN/archive/'] (type: <class 'list'>)
== 2023-06-09 14:04:26,465 easyconfig.py:686 INFO setting easyconfig parameter sources: value ['v%(version)s.tar.gz', 'https://github.com/dmlc/ps-lite/archive/34fd45cae457d59850fdcb2066467778d0673f21.tar.gz', 'https://github.com/apache/tvm/archive/efdac9439506d1de5eec91ecc795982c78e41909.tar.gz', 'https://github.com/dmlc/dmlc-core/archive/5df8305fe699d3b503d10c60a231ab0223142407.tar.gz', 'https://github.com/dmlc/dlpack/archive/3efc489b55385936531a06ff83425b719387ec63.tar.gz', 'https://github.com/google/googletest/archive/eb9225ce361affe561592e0912320b9db84985d0.tar.gz', 'https://github.com/kpu/intgemm/archive/8f28282c3bd854922da638024d2659be52e892e9.tar.gz', 'https://github.com/NVlabs/cub/archive/0158fa19f28619886232defd412433974af89611.tar.gz', 'https://github.com/onnx/onnx-tensorrt/archive/5df8305fe699d3b503d10c60a231ab0223142407.tar.gz', {'download_filename': '58be3660fb57c4c4a3d306730e849237d1271572.tar.gz', 'filename': 'mkldnn'}] (type: <class 'list'>)
== 2023-06-09 14:04:26,465 easyconfig.py:686 INFO setting easyconfig parameter toolchain: value {'name': 'foss', 'version': '2022a'} (type: <class 'dict'>)
== 2023-06-09 14:04:26,466 easyconfig.py:686 INFO setting easyconfig parameter toolchainopts: value {'cstd': 'c++11', 'opt': True, 'pic': True, 'openmp': True} (type: <class 'dict'>)
== 2023-06-09 14:04:26,466 easyconfig.py:686 INFO setting easyconfig parameter version: value 1.9.1 (type: <class 'str'>)
== 2023-06-09 14:04:26,466 easyconfig.py:747 INFO Parsing dependency specifications...
== 2023-06-09 14:04:26,466 easyconfig.py:1690 INFO Generating template values...
== 2023-06-09 14:04:26,467 mpi.py:122 INFO Using template MPI command 'mpirun -n %(nr_ranks)s %(cmd)s' for MPI family 'OpenMPI'
== 2023-06-09 14:04:26,467 mpi.py:307 INFO Using MPI command template 'mpirun -n %(nr_ranks)s %(cmd)s' (params: {'nr_ranks': 1, 'cmd': 'xxx_command_xxx'})
== 2023-06-09 14:04:26,467 easyconfig.py:1709 INFO Template values: arch='x86_64', bitbucket_account='mxnet', github_account='mxnet', mpi_cmd_prefix='mpirun -n 1', name='MXNet', nameletter='M', nameletterlower='m', namelower='mxnet', pymajver='3', pyminver='10', pyshortver='3.10', pyver='3.10.4', rmajver='4', rminver='2', rshortver='4.2', rver='4.2.1', toolchain_name='foss', toolchain_version='2022a', version='1.9.1', version_major='1', version_major_minor='1.9', version_minor='9', versionprefix='', versionsuffix=''
== 2023-06-09 14:04:26,468 modules.py:626 INFO Checking whether CMake/3.23.1-foss-2022a exists...
== 2023-06-09 14:04:26,468 modules.py:647 INFO Module CMake/3.23.1-foss-2022a not found via module avail/show, checking whether it is a wrapper
== 2023-06-09 14:04:26,468 modules.py:654 INFO Result for existence check of CMake/3.23.1-foss-2022a module: False
== 2023-06-09 14:04:26,468 modules.py:626 INFO Checking whether CMake/3.23.1-gompi-2022a exists...
== 2023-06-09 14:04:26,468 modules.py:647 INFO Module CMake/3.23.1-gompi-2022a not found via module avail/show, checking whether it is a wrapper
== 2023-06-09 14:04:26,468 modules.py:654 INFO Result for existence check of CMake/3.23.1-gompi-2022a module: False
== 2023-06-09 14:04:26,468 modules.py:626 INFO Checking whether CMake/3.23.1-gfbf-2022a exists...
== 2023-06-09 14:04:26,469 modules.py:647 INFO Module CMake/3.23.1-gfbf-2022a not found via module avail/show, checking whether it is a wrapper
== 2023-06-09 14:04:26,469 modules.py:654 INFO Result for existence check of CMake/3.23.1-gfbf-2022a module: False
== 2023-06-09 14:04:26,469 modules.py:626 INFO Checking whether CMake/3.23.1-GCC-11.3.0 exists...
== 2023-06-09 14:04:26,469 modules.py:647 INFO Module CMake/3.23.1-GCC-11.3.0 not found via module avail/show, checking whether it is a wrapper
== 2023-06-09 14:04:26,469 modules.py:654 INFO Result for existence check of CMake/3.23.1-GCC-11.3.0 module: False
== 2023-06-09 14:04:26,469 easyconfig.py:2181 INFO Found loaded index for /user/gent/438/vsc43810/easybuild/easybuild-easyconfigs/easybuild/easyconfigs
== 2023-06-09 14:04:26,469 easyconfig.py:2181 INFO Found loaded index for /user/gent/438/vsc43810/easybuild/easybuild-easyconfigs/easybuild/easyconfigs
== 2023-06-09 14:04:26,469 easyconfig.py:2181 INFO Found loaded index for /user/gent/438/vsc43810/easybuild/easybuild-easyconfigs/easybuild/easyconfigs
== 2023-06-09 14:04:26,470 easyconfig.py:2181 INFO Found loaded index for /user/gent/438/vsc43810/easybuild/easybuild-easyconfigs/easybuild/easyconfigs
== 2023-06-09 14:04:26,470 easyconfig.py:2357 INFO Minimally resolving dependency {'full_mod_name': None, 'short_mod_name': None, 'name': 'CMake', 'version': '3.23.1', 'versionsuffix': '', 'toolchain': {'name': 'foss', 'version': '2022a'}, 'toolchain_inherited': True, 'system': False, 'hidden': False, 'build_only': True, 'external_module': False, 'external_module_metadata': {}} using toolchain {'name': 'GCCcore', 'version': '11.3.0'}
== 2023-06-09 14:04:26,470 modules.py:626 INFO Checking whether Python/3.10.4-foss-2022a exists...
== 2023-06-09 14:04:26,471 modules.py:647 INFO Module Python/3.10.4-foss-2022a not found via module avail/show, checking whether it is a wrapper
== 2023-06-09 14:04:26,471 modules.py:654 INFO Result for existence check of Python/3.10.4-foss-2022a module: False
== 2023-06-09 14:04:26,471 modules.py:626 INFO Checking whether Python/3.10.4-gompi-2022a exists...
== 2023-06-09 14:04:26,471 modules.py:647 INFO Module Python/3.10.4-gompi-2022a not found via module avail/show, checking whether it is a wrapper
== 2023-06-09 14:04:26,471 modules.py:654 INFO Result for existence check of Python/3.10.4-gompi-2022a module: False
== 2023-06-09 14:04:26,471 modules.py:626 INFO Checking whether Python/3.10.4-gfbf-2022a exists...
== 2023-06-09 14:04:26,471 modules.py:647 INFO Module Python/3.10.4-gfbf-2022a not found via module avail/show, checking whether it is a wrapper
== 2023-06-09 14:04:26,472 modules.py:654 INFO Result for existence check of Python/3.10.4-gfbf-2022a module: False
== 2023-06-09 14:04:26,472 modules.py:626 INFO Checking whether Python/3.10.4-GCC-11.3.0 exists...
== 2023-06-09 14:04:26,472 modules.py:647 INFO Module Python/3.10.4-GCC-11.3.0 not found via module avail/show, checking whether it is a wrapper
== 2023-06-09 14:04:26,472 modules.py:654 INFO Result for existence check of Python/3.10.4-GCC-11.3.0 module: False
== 2023-06-09 14:04:26,472 easyconfig.py:2181 INFO Found loaded index for /user/gent/438/vsc43810/easybuild/easybuild-easyconfigs/easybuild/easyconfigs
== 2023-06-09 14:04:26,472 easyconfig.py:2181 INFO Found loaded index for /user/gent/438/vsc43810/easybuild/easybuild-easyconfigs/easybuild/easyconfigs
== 2023-06-09 14:04:26,472 easyconfig.py:2181 INFO Found loaded index for /user/gent/438/vsc43810/easybuild/easybuild-easyconfigs/easybuild/easyconfigs
== 2023-06-09 14:04:26,472 easyconfig.py:2181 INFO Found loaded index for /user/gent/438/vsc43810/easybuild/easybuild-easyconfigs/easybuild/easyconfigs
== 2023-06-09 14:04:26,472 easyconfig.py:2357 INFO Minimally resolving dependency {'full_mod_name': None, 'short_mod_name': None, 'name': 'Python', 'version': '3.10.4', 'versionsuffix': '', 'toolchain': {'name': 'foss', 'version': '2022a'}, 'toolchain_inherited': True, 'system': False, 'hidden': False, 'build_only': False, 'external_module': False, 'external_module_metadata': {}} using toolchain {'name': 'GCCcore', 'version': '11.3.0'}
== 2023-06-09 14:04:26,473 modules.py:626 INFO Checking whether graphviz-python/0.20.1-foss-2022a exists...
== 2023-06-09 14:04:26,473 modules.py:647 INFO Module graphviz-python/0.20.1-foss-2022a not found via module avail/show, checking whether it is a wrapper
== 2023-06-09 14:04:26,474 modules.py:654 INFO Result for existence check of graphviz-python/0.20.1-foss-2022a module: False
== 2023-06-09 14:04:26,474 modules.py:626 INFO Checking whether graphviz-python/0.20.1-gompi-2022a exists...
== 2023-06-09 14:04:26,474 modules.py:647 INFO Module graphviz-python/0.20.1-gompi-2022a not found via module avail/show, checking whether it is a wrapper
== 2023-06-09 14:04:26,474 modules.py:654 INFO Result for existence check of graphviz-python/0.20.1-gompi-2022a module: False
== 2023-06-09 14:04:26,474 modules.py:626 INFO Checking whether graphviz-python/0.20.1-gfbf-2022a exists...
== 2023-06-09 14:04:26,474 modules.py:647 INFO Module graphviz-python/0.20.1-gfbf-2022a not found via module avail/show, checking whether it is a wrapper
== 2023-06-09 14:04:26,474 modules.py:654 INFO Result for existence check of graphviz-python/0.20.1-gfbf-2022a module: False
== 2023-06-09 14:04:26,474 modules.py:626 INFO Checking whether graphviz-python/0.20.1-GCC-11.3.0 exists...
== 2023-06-09 14:04:26,474 modules.py:647 INFO Module graphviz-python/0.20.1-GCC-11.3.0 not found via module avail/show, checking whether it is a wrapper
== 2023-06-09 14:04:26,475 modules.py:654 INFO Result for existence check of graphviz-python/0.20.1-GCC-11.3.0 module: False
== 2023-06-09 14:04:26,475 easyconfig.py:2181 INFO Found loaded index for /user/gent/438/vsc43810/easybuild/easybuild-easyconfigs/easybuild/easyconfigs
== 2023-06-09 14:04:26,475 easyconfig.py:2181 INFO Found loaded index for /user/gent/438/vsc43810/easybuild/easybuild-easyconfigs/easybuild/easyconfigs
== 2023-06-09 14:04:26,475 easyconfig.py:2181 INFO Found loaded index for /user/gent/438/vsc43810/easybuild/easybuild-easyconfigs/easybuild/easyconfigs
== 2023-06-09 14:04:26,475 easyconfig.py:2181 INFO Found loaded index for /user/gent/438/vsc43810/easybuild/easybuild-easyconfigs/easybuild/easyconfigs
== 2023-06-09 14:04:26,475 easyconfig.py:2357 INFO Minimally resolving dependency {'full_mod_name': None, 'short_mod_name': None, 'name': 'graphviz-python', 'version': '0.20.1', 'versionsuffix': '', 'toolchain': {'name': 'foss', 'version': '2022a'}, 'toolchain_inherited': True, 'system': False, 'hidden': False, 'build_only': False, 'external_module': False, 'external_module_metadata': {}} using toolchain {'name': 'GCCcore', 'version': '11.3.0'}
== 2023-06-09 14:04:26,476 modules.py:626 INFO Checking whether OpenCV/4.6.0-gompi-2022a-contrib exists...
== 2023-06-09 14:04:26,476 modules.py:647 INFO Module OpenCV/4.6.0-gompi-2022a-contrib not found via module avail/show, checking whether it is a wrapper
== 2023-06-09 14:04:26,476 modules.py:654 INFO Result for existence check of OpenCV/4.6.0-gompi-2022a-contrib module: False
== 2023-06-09 14:04:26,476 modules.py:626 INFO Checking whether OpenCV/4.6.0-gfbf-2022a-contrib exists...
== 2023-06-09 14:04:26,476 modules.py:647 INFO Module OpenCV/4.6.0-gfbf-2022a-contrib not found via module avail/show, checking whether it is a wrapper
== 2023-06-09 14:04:26,477 modules.py:654 INFO Result for existence check of OpenCV/4.6.0-gfbf-2022a-contrib module: False
== 2023-06-09 14:04:26,477 modules.py:626 INFO Checking whether OpenCV/4.6.0-GCC-11.3.0-contrib exists...
== 2023-06-09 14:04:26,477 modules.py:647 INFO Module OpenCV/4.6.0-GCC-11.3.0-contrib not found via module avail/show, checking whether it is a wrapper
== 2023-06-09 14:04:26,477 modules.py:654 INFO Result for existence check of OpenCV/4.6.0-GCC-11.3.0-contrib module: False
== 2023-06-09 14:04:26,477 modules.py:626 INFO Checking whether OpenCV/4.6.0-GCCcore-11.3.0-contrib exists...
== 2023-06-09 14:04:26,477 modules.py:647 INFO Module OpenCV/4.6.0-GCCcore-11.3.0-contrib not found via module avail/show, checking whether it is a wrapper
== 2023-06-09 14:04:26,477 modules.py:654 INFO Result for existence check of OpenCV/4.6.0-GCCcore-11.3.0-contrib module: False
== 2023-06-09 14:04:26,477 easyconfig.py:2357 INFO Minimally resolving dependency {'full_mod_name': None, 'short_mod_name': None, 'name': 'OpenCV', 'version': '4.6.0', 'versionsuffix': '-contrib', 'toolchain': {'name': 'foss', 'version': '2022a'}, 'toolchain_inherited': True, 'system': False, 'hidden': False, 'build_only': False, 'external_module': False, 'external_module_metadata': {}} using toolchain {'name': 'foss', 'version': '2022a'}
== 2023-06-09 14:04:26,478 modules.py:626 INFO Checking whether R/4.2.1-gompi-2022a exists...
== 2023-06-09 14:04:26,478 modules.py:647 INFO Module R/4.2.1-gompi-2022a not found via module avail/show, checking whether it is a wrapper
== 2023-06-09 14:04:26,479 modules.py:654 INFO Result for existence check of R/4.2.1-gompi-2022a module: False
== 2023-06-09 14:04:26,479 modules.py:626 INFO Checking whether R/4.2.1-gfbf-2022a exists...
== 2023-06-09 14:04:26,479 modules.py:647 INFO Module R/4.2.1-gfbf-2022a not found via module avail/show, checking whether it is a wrapper
== 2023-06-09 14:04:26,479 modules.py:654 INFO Result for existence check of R/4.2.1-gfbf-2022a module: False
== 2023-06-09 14:04:26,479 modules.py:626 INFO Checking whether R/4.2.1-GCC-11.3.0 exists...
== 2023-06-09 14:04:26,479 modules.py:647 INFO Module R/4.2.1-GCC-11.3.0 not found via module avail/show, checking whether it is a wrapper
== 2023-06-09 14:04:26,479 modules.py:654 INFO Result for existence check of R/4.2.1-GCC-11.3.0 module: False
== 2023-06-09 14:04:26,479 modules.py:626 INFO Checking whether R/4.2.1-GCCcore-11.3.0 exists...
== 2023-06-09 14:04:26,479 modules.py:647 INFO Module R/4.2.1-GCCcore-11.3.0 not found via module avail/show, checking whether it is a wrapper
== 2023-06-09 14:04:26,480 modules.py:654 INFO Result for existence check of R/4.2.1-GCCcore-11.3.0 module: False
== 2023-06-09 14:04:26,480 easyconfig.py:2357 INFO Minimally resolving dependency {'full_mod_name': None, 'short_mod_name': None, 'name': 'R', 'version': '4.2.1', 'versionsuffix': '', 'toolchain': {'name': 'foss', 'version': '2022a'}, 'toolchain_inherited': True, 'system': False, 'hidden': False, 'build_only': False, 'external_module': False, 'external_module_metadata': {}} using toolchain {'name': 'foss', 'version': '2022a'}
== 2023-06-09 14:04:26,481 easyblock.py:4200 INFO Obtained application instance of for MXNet (easyblock: None)
== 2023-06-09 14:04:26,482 easyconfig.py:1690 INFO Generating template values...
== 2023-06-09 14:04:26,482 mpi.py:122 INFO Using template MPI command 'mpirun -n %(nr_ranks)s %(cmd)s' for MPI family 'OpenMPI'
== 2023-06-09 14:04:26,482 mpi.py:307 INFO Using MPI command template 'mpirun -n %(nr_ranks)s %(cmd)s' (params: {'nr_ranks': 1, 'cmd': 'xxx_command_xxx'})
== 2023-06-09 14:04:26,482 easyconfig.py:1709 INFO Template values: arch='x86_64', bitbucket_account='mxnet', github_account='mxnet', module_name='MXNet/1.9.1-foss-2022a', mpi_cmd_prefix='mpirun -n 1', name='MXNet', nameletter='M', nameletterlower='m', namelower='mxnet', pymajver='3', pyminver='10', pyshortver='3.10', pyver='3.10.4', rmajver='4', rminver='2', rshortver='4.2', rver='4.2.1', toolchain_name='foss', toolchain_version='2022a', version='1.9.1', version_major='1', version_major_minor='1.9', version_minor='9', versionprefix='', versionsuffix=''
== 2023-06-09 14:04:26,483 one.py:180 INFO Skipping reformatting value for parameter 'toolchain'
== 2023-06-09 14:04:26,483 one.py:180 INFO Skipping reformatting value for parameter 'toolchainopts'
== 2023-06-09 14:04:26,484 filetools.py:1914 INFO Creating directory /tmp/vsc43810/eb-7teluaqh/reprod_20230609140426_335479 (parents: True, set_gid: False, sticky: False)
== 2023-06-09 14:04:26,484 easyblock.py:4454 INFO Dumped easyconfig instance to /tmp/vsc43810/eb-7teluaqh/reprod_20230609140426_335479/MXNet-1.9.1-foss-2022a.eb
== 2023-06-09 14:04:26,488 filetools.py:1914 INFO Creating directory /tmp/vsc43810/eb-7teluaqh/reprod_20230609140426_335479/easyblocks (parents: True, set_gid: False, sticky: False)
== 2023-06-09 14:04:26,509 filetools.py:2427 INFO /user/gent/438/vsc43810/easybuild/easybuild-easyblocks/easybuild/easyblocks/generic/configuremake.py copied to /tmp/vsc43810/eb-7teluaqh/reprod_20230609140426_335479/easyblocks/configuremake.py
== 2023-06-09 14:04:26,509 easyblock.py:4434 INFO Dumped easyblock configuremake.py required for reproduction to /tmp/vsc43810/eb-7teluaqh/reprod_20230609140426_335479/easyblocks
== 2023-06-09 14:04:26,528 filetools.py:2427 INFO /user/gent/438/vsc43810/easybuild/easybuild-easyblocks/easybuild/easyblocks/generic/makecp.py copied to /tmp/vsc43810/eb-7teluaqh/reprod_20230609140426_335479/easyblocks/makecp.py
== 2023-06-09 14:04:26,528 easyblock.py:4434 INFO Dumped easyblock makecp.py required for reproduction to /tmp/vsc43810/eb-7teluaqh/reprod_20230609140426_335479/easyblocks
== 2023-06-09 14:04:26,542 filetools.py:2427 INFO /user/gent/438/vsc43810/easybuild/easybuild-easyblocks/easybuild/easyblocks/m/mxnet.py copied to /tmp/vsc43810/eb-7teluaqh/reprod_20230609140426_335479/easyblocks/mxnet.py
== 2023-06-09 14:04:26,542 easyblock.py:4434 INFO Dumped easyblock mxnet.py required for reproduction to /tmp/vsc43810/eb-7teluaqh/reprod_20230609140426_335479/easyblocks
== 2023-06-09 14:04:26,543 easyblock.py:2209 INFO Number of iterations to perform for central part of installation procedure: 1
== 2023-06-09 14:04:26,544 build_log.py:267 INFO building and installing MXNet/1.9.1-foss-2022a...
== 2023-06-09 14:04:26,548 filetools.py:2007 INFO Lock /scratch/gent/vo/001/gvo00117/easybuild/RHEL8/cascadelake-ampere-ib/software/.locks/_scratch_gent_vo_001_gvo00117_easybuild_RHEL8_cascadelake-ampere-ib_software_MXNet_1.9.1-foss-2022a.lock does not exist
== 2023-06-09 14:04:26,548 filetools.py:1948 INFO Creating lock at /scratch/gent/vo/001/gvo00117/easybuild/RHEL8/cascadelake-ampere-ib/software/.locks/_scratch_gent_vo_001_gvo00117_easybuild_RHEL8_cascadelake-ampere-ib_software_MXNet_1.9.1-foss-2022a.lock...
== 2023-06-09 14:04:26,549 filetools.py:1914 INFO Creating directory /scratch/gent/vo/001/gvo00117/easybuild/RHEL8/cascadelake-ampere-ib/software/.locks/_scratch_gent_vo_001_gvo00117_easybuild_RHEL8_cascadelake-ampere-ib_software_MXNet_1.9.1-foss-2022a.lock (parents: True, set_gid: False, sticky: False)
== 2023-06-09 14:04:26,549 filetools.py:1957 INFO Lock created: /scratch/gent/vo/001/gvo00117/easybuild/RHEL8/cascadelake-ampere-ib/software/.locks/_scratch_gent_vo_001_gvo00117_easybuild_RHEL8_cascadelake-ampere-ib_software_MXNet_1.9.1-foss-2022a.lock
== 2023-06-09 14:04:26,550 build_log.py:267 INFO fetching files...
== 2023-06-09 14:04:26,551 easyblock.py:3926 INFO Starting fetch step
== 2023-06-09 14:04:26,552 easyconfig.py:1690 INFO Generating template values...
== 2023-06-09 14:04:26,552 mpi.py:122 INFO Using template MPI command 'mpirun -n %(nr_ranks)s %(cmd)s' for MPI family 'OpenMPI'
== 2023-06-09 14:04:26,552 mpi.py:307 INFO Using MPI command template 'mpirun -n %(nr_ranks)s %(cmd)s' (params: {'nr_ranks': 1, 'cmd': 'xxx_command_xxx'})
== 2023-06-09 14:04:26,552 easyconfig.py:1709 INFO Template values: arch='x86_64', bitbucket_account='mxnet', builddir='/tmp/vsc43810/easybuild/build/MXNet/1.9.1/foss-2022a', github_account='mxnet', installdir='/scratch/gent/vo/001/gvo00117/easybuild/RHEL8/cascadelake-ampere-ib/software/MXNet/1.9.1-foss-2022a', module_name='MXNet/1.9.1-foss-2022a', mpi_cmd_prefix='mpirun -n 1', name='MXNet', nameletter='M', nameletterlower='m', namelower='mxnet', pymajver='3', pyminver='10', pyshortver='3.10', pyver='3.10.4', rmajver='4', rminver='2', rshortver='4.2', rver='4.2.1', start_dir='None', toolchain_name='foss', toolchain_version='2022a', version='1.9.1', version_major='1', version_major_minor='1.9', version_minor='9', versionprefix='', versionsuffix=''
== 2023-06-09 14:04:26,552 easyblock.py:3934 INFO Running method fetch_step part of step fetch
== 2023-06-09 14:04:26,552 easyblock.py:2331 WARNING Easyconfig does not specify an EasyBuild-version (key 'easybuild_version')! Assuming the latest version
== 2023-06-09 14:04:26,552 easyblock.py:803 INFO Considering directory in which easyconfig file is located when searching for checksums.json: /kyukon/home/gent/438/vsc43810/vsc-software-stack/89_omnipose
== 2023-06-09 14:04:26,553 tools.py:273 INFO Found location to 'eb' script via $EB_SCRIPT_PATH: /user/gent/438/vsc43810/easybuild/easybuild-framework/eb
== 2023-06-09 14:04:26,553 tools.py:289 INFO Not considering /user/gent/438/vsc43810/easybuild (no easybuild/easyconfigs subdir found)
== 2023-06-09 14:04:26,553 tools.py:297 INFO Also considering installation prefix /kyukon/home/gent/438/vsc43810/easybuild (via resolved path to 'eb')...
== 2023-06-09 14:04:26,902 build_log.py:171 ERROR EasyBuild crashed with an error (at easybuild/easybuild-framework/easybuild/base/exceptions.py:126 in __init__): Couldn't find file checksums.json anywhere, and downloading it is disabled... Paths attempted (in order): /kyukon/home/gent/438/vsc43810/vsc-software-stack/89_omnipose/m/MXNet/checksums.json, /kyukon/home/gent/438/vsc43810/vsc-software-stack/89_omnipose/MXNet/checksums.json, /kyukon/home/gent/438/vsc43810/vsc-software-stack/89_omnipose/checksums.json, /user/gent/438/vsc43810/easybuild/easybuild-easyconfigs/easybuild/easyconfigs/m/MXNet/checksums.json, /user/gent/438/vsc43810/easybuild/easybuild-easyconfigs/easybuild/easyconfigs/MXNet/checksums.json, /user/gent/438/vsc43810/easybuild/easybuild-easyconfigs/easybuild/easyconfigs/checksums.json, /user/gent/438/vsc43810/easybuild/easybuild-easyconfigs/easybuild/easyconfigs/m/MXNet/checksums.json, /user/gent/438/vsc43810/easybuild/easybuild-easyconfigs/easybuild/easyconfigs/MXNet/checksums.json, /user/gent/438/vsc43810/easybuild/easybuild-easyconfigs/easybuild/easyconfigs/checksums.json, /data/gent/vo/001/gvo00117/easybuild/sources/m/MXNet/checksums.json, /data/gent/vo/001/gvo00117/easybuild/sources/MXNet/checksums.json, /data/gent/vo/001/gvo00117/easybuild/sources/checksums.json, /apps/gent/sources/m/MXNet/checksums.json, /apps/gent/sources/MXNet/checksums.json, /apps/gent/sources/checksums.json  (at easybuild/easybuild-framework/easybuild/framework/easyblock.py:870 in obtain_file)
== 2023-06-09 14:04:26,902 easyblock.py:803 INFO Considering directory in which easyconfig file is located when searching for v1.9.1.tar.gz: /kyukon/home/gent/438/vsc43810/vsc-software-stack/89_omnipose
== 2023-06-09 14:04:26,902 tools.py:273 INFO Found location to 'eb' script via $EB_SCRIPT_PATH: /user/gent/438/vsc43810/easybuild/easybuild-framework/eb
== 2023-06-09 14:04:26,902 tools.py:289 INFO Not considering /user/gent/438/vsc43810/easybuild (no easybuild/easyconfigs subdir found)
== 2023-06-09 14:04:26,902 tools.py:297 INFO Also considering installation prefix /kyukon/home/gent/438/vsc43810/easybuild (via resolved path to 'eb')...
== 2023-06-09 14:04:26,903 easyblock.py:844 INFO Found file v1.9.1.tar.gz at /data/gent/vo/001/gvo00117/easybuild/sources/m/MXNet/v1.9.1.tar.gz
== 2023-06-09 14:04:26,903 easyblock.py:774 INFO Creating path /data/gent/vo/001/gvo00117/easybuild/sources/m/MXNet to download file to
== 2023-06-09 14:04:26,904 easyblock.py:785 INFO Found file 34fd45cae457d59850fdcb2066467778d0673f21.tar.gz at /data/gent/vo/001/gvo00117/easybuild/sources/m/MXNet, no need to download it
== 2023-06-09 14:04:26,904 easyblock.py:774 INFO Creating path /data/gent/vo/001/gvo00117/easybuild/sources/m/MXNet to download file to
== 2023-06-09 14:04:26,904 easyblock.py:785 INFO Found file efdac9439506d1de5eec91ecc795982c78e41909.tar.gz at /data/gent/vo/001/gvo00117/easybuild/sources/m/MXNet, no need to download it
== 2023-06-09 14:04:26,904 easyblock.py:774 INFO Creating path /data/gent/vo/001/gvo00117/easybuild/sources/m/MXNet to download file to
== 2023-06-09 14:04:26,905 easyblock.py:785 INFO Found file 5df8305fe699d3b503d10c60a231ab0223142407.tar.gz at /data/gent/vo/001/gvo00117/easybuild/sources/m/MXNet, no need to download it
== 2023-06-09 14:04:26,905 easyblock.py:774 INFO Creating path /data/gent/vo/001/gvo00117/easybuild/sources/m/MXNet to download file to
== 2023-06-09 14:04:26,906 easyblock.py:785 INFO Found file 3efc489b55385936531a06ff83425b719387ec63.tar.gz at /data/gent/vo/001/gvo00117/easybuild/sources/m/MXNet, no need to download it
== 2023-06-09 14:04:26,906 easyblock.py:774 INFO Creating path /data/gent/vo/001/gvo00117/easybuild/sources/m/MXNet to download file to
== 2023-06-09 14:04:26,906 easyblock.py:785 INFO Found file eb9225ce361affe561592e0912320b9db84985d0.tar.gz at /data/gent/vo/001/gvo00117/easybuild/sources/m/MXNet, no need to download it
== 2023-06-09 14:04:26,906 easyblock.py:774 INFO Creating path /data/gent/vo/001/gvo00117/easybuild/sources/m/MXNet to download file to
== 2023-06-09 14:04:26,907 easyblock.py:785 INFO Found file 8f28282c3bd854922da638024d2659be52e892e9.tar.gz at /data/gent/vo/001/gvo00117/easybuild/sources/m/MXNet, no need to download it
== 2023-06-09 14:04:26,907 easyblock.py:774 INFO Creating path /data/gent/vo/001/gvo00117/easybuild/sources/m/MXNet to download file to
== 2023-06-09 14:04:26,907 easyblock.py:785 INFO Found file 0158fa19f28619886232defd412433974af89611.tar.gz at /data/gent/vo/001/gvo00117/easybuild/sources/m/MXNet, no need to download it
== 2023-06-09 14:04:26,907 easyblock.py:774 INFO Creating path /data/gent/vo/001/gvo00117/easybuild/sources/m/MXNet to download file to
== 2023-06-09 14:04:26,907 easyblock.py:785 INFO Found file 5df8305fe699d3b503d10c60a231ab0223142407.tar.gz at /data/gent/vo/001/gvo00117/easybuild/sources/m/MXNet, no need to download it
== 2023-06-09 14:04:26,907 easyblock.py:803 INFO Considering directory in which easyconfig file is located when searching for mkldnn: /kyukon/home/gent/438/vsc43810/vsc-software-stack/89_omnipose
== 2023-06-09 14:04:26,907 tools.py:273 INFO Found location to 'eb' script via $EB_SCRIPT_PATH: /user/gent/438/vsc43810/easybuild/easybuild-framework/eb
== 2023-06-09 14:04:26,908 tools.py:289 INFO Not considering /user/gent/438/vsc43810/easybuild (no easybuild/easyconfigs subdir found)
== 2023-06-09 14:04:26,908 tools.py:297 INFO Also considering installation prefix /kyukon/home/gent/438/vsc43810/easybuild (via resolved path to 'eb')...
== 2023-06-09 14:04:27,348 filetools.py:833 WARNING URL https://github.com/apache/mxnet/archive/58be3660fb57c4c4a3d306730e849237d1271572.tar.gz was not found (HTTP response code 404), not trying again
== 2023-06-09 14:04:27,349 filetools.py:860 WARNING Download of https://github.com/apache/mxnet/archive/58be3660fb57c4c4a3d306730e849237d1271572.tar.gz to /data/gent/vo/001/gvo00117/easybuild/sources/m/MXNet/mkldnn failed, done trying
== 2023-06-09 14:04:27,803 filetools.py:817 INFO File size for https://github.com/oneapi-src/oneDNN/archive/58be3660fb57c4c4a3d306730e849237d1271572.tar.gz: None
== 2023-06-09 14:04:28,723 filetools.py:824 INFO Downloaded file mkldnn from url https://github.com/oneapi-src/oneDNN/archive/58be3660fb57c4c4a3d306730e849237d1271572.tar.gz to /data/gent/vo/001/gvo00117/easybuild/sources/m/MXNet/mkldnn
== 2023-06-09 14:04:28,723 filetools.py:856 INFO Successful download of file mkldnn from url https://github.com/oneapi-src/oneDNN/archive/58be3660fb57c4c4a3d306730e849237d1271572.tar.gz to path /data/gent/vo/001/gvo00117/easybuild/sources/m/MXNet/mkldnn
== 2023-06-09 14:04:28,726 easyblock.py:939 INFO Successfully downloaded source file mkldnn from https://github.com/oneapi-src/oneDNN/archive/58be3660fb57c4c4a3d306730e849237d1271572.tar.gz
== 2023-06-09 14:04:28,726 easyblock.py:496 INFO Added sources: [{'name': 'v1.9.1.tar.gz', 'path': '/data/gent/vo/001/gvo00117/easybuild/sources/m/MXNet/v1.9.1.tar.gz', 'cmd': None, 'checksum': None, 'finalpath': '/tmp/vsc43810/easybuild/build/MXNet/1.9.1/foss-2022a'}, {'name': 'https://github.com/dmlc/ps-lite/archive/34fd45cae457d59850fdcb2066467778d0673f21.tar.gz', 'path': '/data/gent/vo/001/gvo00117/easybuild/sources/m/MXNet/34fd45cae457d59850fdcb2066467778d0673f21.tar.gz', 'cmd': None, 'checksum': None, 'finalpath': '/tmp/vsc43810/easybuild/build/MXNet/1.9.1/foss-2022a'}, {'name': 'https://github.com/apache/tvm/archive/efdac9439506d1de5eec91ecc795982c78e41909.tar.gz', 'path': '/data/gent/vo/001/gvo00117/easybuild/sources/m/MXNet/efdac9439506d1de5eec91ecc795982c78e41909.tar.gz', 'cmd': None, 'checksum': None, 'finalpath': '/tmp/vsc43810/easybuild/build/MXNet/1.9.1/foss-2022a'}, {'name': 'https://github.com/dmlc/dmlc-core/archive/5df8305fe699d3b503d10c60a231ab0223142407.tar.gz', 'path': '/data/gent/vo/001/gvo00117/easybuild/sources/m/MXNet/5df8305fe699d3b503d10c60a231ab0223142407.tar.gz', 'cmd': None, 'checksum': None, 'finalpath': '/tmp/vsc43810/easybuild/build/MXNet/1.9.1/foss-2022a'}, {'name': 'https://github.com/dmlc/dlpack/archive/3efc489b55385936531a06ff83425b719387ec63.tar.gz', 'path': '/data/gent/vo/001/gvo00117/easybuild/sources/m/MXNet/3efc489b55385936531a06ff83425b719387ec63.tar.gz', 'cmd': None, 'checksum': None, 'finalpath': '/tmp/vsc43810/easybuild/build/MXNet/1.9.1/foss-2022a'}, {'name': 'https://github.com/google/googletest/archive/eb9225ce361affe561592e0912320b9db84985d0.tar.gz', 'path': '/data/gent/vo/001/gvo00117/easybuild/sources/m/MXNet/eb9225ce361affe561592e0912320b9db84985d0.tar.gz', 'cmd': None, 'checksum': None, 'finalpath': '/tmp/vsc43810/easybuild/build/MXNet/1.9.1/foss-2022a'}, {'name': 'https://github.com/kpu/intgemm/archive/8f28282c3bd854922da638024d2659be52e892e9.tar.gz', 'path': '/data/gent/vo/001/gvo00117/easybuild/sources/m/MXNet/8f28282c3bd854922da638024d2659be52e892e9.tar.gz', 'cmd': None, 'checksum': None, 'finalpath': '/tmp/vsc43810/easybuild/build/MXNet/1.9.1/foss-2022a'}, {'name': 'https://github.com/NVlabs/cub/archive/0158fa19f28619886232defd412433974af89611.tar.gz', 'path': '/data/gent/vo/001/gvo00117/easybuild/sources/m/MXNet/0158fa19f28619886232defd412433974af89611.tar.gz', 'cmd': None, 'checksum': None, 'finalpath': '/tmp/vsc43810/easybuild/build/MXNet/1.9.1/foss-2022a'}, {'name': 'https://github.com/onnx/onnx-tensorrt/archive/5df8305fe699d3b503d10c60a231ab0223142407.tar.gz', 'path': '/data/gent/vo/001/gvo00117/easybuild/sources/m/MXNet/5df8305fe699d3b503d10c60a231ab0223142407.tar.gz', 'cmd': None, 'checksum': None, 'finalpath': '/tmp/vsc43810/easybuild/build/MXNet/1.9.1/foss-2022a'}, {'name': 'mkldnn', 'path': '/data/gent/vo/001/gvo00117/easybuild/sources/m/MXNet/mkldnn', 'cmd': None, 'checksum': None, 'finalpath': '/tmp/vsc43810/easybuild/build/MXNet/1.9.1/foss-2022a'}]
== 2023-06-09 14:04:28,726 easyblock.py:2374 INFO no patches provided
== 2023-06-09 14:04:28,813 easyblock.py:2384 INFO md5 checksum for /data/gent/vo/001/gvo00117/easybuild/sources/m/MXNet/v1.9.1.tar.gz: f248e915a8739ef3d8d52c2b87e04dd3
== 2023-06-09 14:04:28,876 easyblock.py:2384 INFO sha256 checksum for /data/gent/vo/001/gvo00117/easybuild/sources/m/MXNet/v1.9.1.tar.gz: 9927f986b2c2c8315f2ba675e050ce1f4e24e84c4692e5f0a96248876784a8a7
== 2023-06-09 14:04:28,889 easyblock.py:2384 INFO md5 checksum for /data/gent/vo/001/gvo00117/easybuild/sources/m/MXNet/34fd45cae457d59850fdcb2066467778d0673f21.tar.gz: 2d680ad7b47975612e2ed1b3f03df6cf
== 2023-06-09 14:04:28,889 easyblock.py:2384 INFO sha256 checksum for /data/gent/vo/001/gvo00117/easybuild/sources/m/MXNet/34fd45cae457d59850fdcb2066467778d0673f21.tar.gz: ec5d5baab8bbf0c3983ad5f18d7f963f15ae7cd4d154ec204b03c1dceccf209b
== 2023-06-09 14:04:28,925 easyblock.py:2384 INFO md5 checksum for /data/gent/vo/001/gvo00117/easybuild/sources/m/MXNet/efdac9439506d1de5eec91ecc795982c78e41909.tar.gz: c49be10dc9ab9c7013b551ebccc84fd8
== 2023-06-09 14:04:28,935 easyblock.py:2384 INFO sha256 checksum for /data/gent/vo/001/gvo00117/easybuild/sources/m/MXNet/efdac9439506d1de5eec91ecc795982c78e41909.tar.gz: 656c38d66baeab885b0212602148bb55ad3cf7d22f52ded8ece53f88e103a2f5
== 2023-06-09 14:04:28,947 easyblock.py:2384 INFO md5 checksum for /data/gent/vo/001/gvo00117/easybuild/sources/m/MXNet/5df8305fe699d3b503d10c60a231ab0223142407.tar.gz: 825a6ffa63c1241417e185d29501336c
== 2023-06-09 14:04:28,948 easyblock.py:2384 INFO sha256 checksum for /data/gent/vo/001/gvo00117/easybuild/sources/m/MXNet/5df8305fe699d3b503d10c60a231ab0223142407.tar.gz: a8046f752f36005564d2924b4b6f73e1aea3cce7ff10f9e19d99ad6a22a045b2
== 2023-06-09 14:04:28,957 easyblock.py:2384 INFO md5 checksum for /data/gent/vo/001/gvo00117/easybuild/sources/m/MXNet/3efc489b55385936531a06ff83425b719387ec63.tar.gz: 8dc1c5bce2cf24ed6b92d779c9d0a5c7
== 2023-06-09 14:04:28,958 easyblock.py:2384 INFO sha256 checksum for /data/gent/vo/001/gvo00117/easybuild/sources/m/MXNet/3efc489b55385936531a06ff83425b719387ec63.tar.gz: b59586ce69bcf3efdbf3cf4803fadfeaae4948044e2b8d89cf912194cf28f233
== 2023-06-09 14:04:28,983 easyblock.py:2384 INFO md5 checksum for /data/gent/vo/001/gvo00117/easybuild/sources/m/MXNet/eb9225ce361affe561592e0912320b9db84985d0.tar.gz: c7d3fc535cda2aae46c06f1ab7655a2d
== 2023-06-09 14:04:28,986 easyblock.py:2384 INFO sha256 checksum for /data/gent/vo/001/gvo00117/easybuild/sources/m/MXNet/eb9225ce361affe561592e0912320b9db84985d0.tar.gz: a4cb4b0c3ebb191b798594aca674ad47eee255dcb4c26885cf7f49777703484f
== 2023-06-09 14:04:29,017 easyblock.py:2384 INFO md5 checksum for /data/gent/vo/001/gvo00117/easybuild/sources/m/MXNet/8f28282c3bd854922da638024d2659be52e892e9.tar.gz: ab31b6e4354fdf849edc53ea5a5f5883
== 2023-06-09 14:04:29,018 easyblock.py:2384 INFO sha256 checksum for /data/gent/vo/001/gvo00117/easybuild/sources/m/MXNet/8f28282c3bd854922da638024d2659be52e892e9.tar.gz: bc8bd8015613a13747eb769876385ec53e8c1ea7ae3f8414521dc53b8fcdfc65
== 2023-06-09 14:04:29,028 easyblock.py:2384 INFO md5 checksum for /data/gent/vo/001/gvo00117/easybuild/sources/m/MXNet/0158fa19f28619886232defd412433974af89611.tar.gz: 4cb0e21450774de616a0a5ccb4cd0b94
== 2023-06-09 14:04:29,029 easyblock.py:2384 INFO sha256 checksum for /data/gent/vo/001/gvo00117/easybuild/sources/m/MXNet/0158fa19f28619886232defd412433974af89611.tar.gz: 43424c4c17a997d1d730c89ec14688671245de7941e02b388d7d3df6ea53777a
== 2023-06-09 14:04:29,030 easyblock.py:2384 INFO md5 checksum for /data/gent/vo/001/gvo00117/easybuild/sources/m/MXNet/5df8305fe699d3b503d10c60a231ab0223142407.tar.gz: 825a6ffa63c1241417e185d29501336c
== 2023-06-09 14:04:29,031 easyblock.py:2384 INFO sha256 checksum for /data/gent/vo/001/gvo00117/easybuild/sources/m/MXNet/5df8305fe699d3b503d10c60a231ab0223142407.tar.gz: a8046f752f36005564d2924b4b6f73e1aea3cce7ff10f9e19d99ad6a22a045b2
== 2023-06-09 14:04:29,042 easyblock.py:2384 INFO md5 checksum for /data/gent/vo/001/gvo00117/easybuild/sources/m/MXNet/mkldnn: 4ee2879844267c3086be0ef8424f89ab
== 2023-06-09 14:04:29,057 easyblock.py:2384 INFO sha256 checksum for /data/gent/vo/001/gvo00117/easybuild/sources/m/MXNet/mkldnn: 0d170c30ea0a35fbe48008e0e7e729d0993720c14f320ce8e73a891ae176eec4
== 2023-06-09 14:04:29,084 easyblock.py:2419 INFO Checking dirs that need to be created: ['/scratch/gent/vo/001/gvo00117/easybuild/RHEL8/cascadelake-ampere-ib/software/MXNet/1.9.1-foss-2022a', '/scratch/gent/vo/001/gvo00117/easybuild/RHEL8/cascadelake-ampere-ib/modules/all/MXNet', '/scratch/gent/vo/001/gvo00117/easybuild/RHEL8/cascadelake-ampere-ib/modules/math/MXNet']
== 2023-06-09 14:04:29,119 configuremake.py:95 INFO config.guess version: 2018-08-29 (last updated: 2023-06-02T18:14:10.977767, SHA256 checksum: c02eb9cc55c86cfd1e9a794e548d25db5c9539e7b2154beb649bc6e2cbffc74c)
== 2023-06-09 14:04:29,120 configuremake.py:150 INFO Found config.guess at /apps/gent/sources/generic/eb_v4.7.3.dev0/ConfigureMake/config.guess
== 2023-06-09 14:04:29,120 build_log.py:267 INFO ... (took 2 secs)
== 2023-06-09 14:04:29,122 build_log.py:267 INFO creating build dir, resetting environment...
== 2023-06-09 14:04:29,124 easyblock.py:3926 INFO Starting ready step
== 2023-06-09 14:04:29,124 easyconfig.py:1690 INFO Generating template values...
== 2023-06-09 14:04:29,124 mpi.py:122 INFO Using template MPI command 'mpirun -n %(nr_ranks)s %(cmd)s' for MPI family 'OpenMPI'
== 2023-06-09 14:04:29,124 mpi.py:307 INFO Using MPI command template 'mpirun -n %(nr_ranks)s %(cmd)s' (params: {'nr_ranks': 1, 'cmd': 'xxx_command_xxx'})
== 2023-06-09 14:04:29,124 easyconfig.py:1709 INFO Template values: arch='x86_64', bitbucket_account='mxnet', builddir='/tmp/vsc43810/easybuild/build/MXNet/1.9.1/foss-2022a', github_account='mxnet', installdir='/scratch/gent/vo/001/gvo00117/easybuild/RHEL8/cascadelake-ampere-ib/software/MXNet/1.9.1-foss-2022a', module_name='MXNet/1.9.1-foss-2022a', mpi_cmd_prefix='mpirun -n 1', name='MXNet', nameletter='M', nameletterlower='m', namelower='mxnet', pymajver='3', pyminver='10', pyshortver='3.10', pyver='3.10.4', rmajver='4', rminver='2', rshortver='4.2', rver='4.2.1', start_dir='None', toolchain_name='foss', toolchain_version='2022a', version='1.9.1', version_major='1', version_major_minor='1.9', version_minor='9', versionprefix='', versionsuffix=''
== 2023-06-09 14:04:29,124 easyblock.py:3934 INFO Running method check_readiness_step part of step ready
== 2023-06-09 14:04:29,129 run.py:236 INFO running cmd: ulimit -u 
== 2023-06-09 14:04:29,132 easyblock.py:2228 INFO Setting parallelism: 8
== 2023-06-09 14:04:29,175 easyblock.py:2280 WARNING Loaded modules detected: ['env/vsc/donphan', 'env/slurm/donphan', 'env/software/donphan', 'cluster/donphan']
== 2023-06-09 14:04:29,175 easyblock.py:3934 INFO Running method make_builddir part of step ready
== 2023-06-09 14:04:29,175 easyblock.py:1122 INFO Found old directory /tmp/vsc43810/easybuild/build/MXNet/1.9.1/foss-2022a
== 2023-06-09 14:04:29,396 filetools.py:384 INFO Path /tmp/vsc43810/easybuild/build/MXNet/1.9.1/foss-2022a successfully removed.
== 2023-06-09 14:04:29,396 easyblock.py:1130 INFO Removed old directory /tmp/vsc43810/easybuild/build/MXNet/1.9.1/foss-2022a
== 2023-06-09 14:04:29,396 filetools.py:1914 INFO Creating directory /tmp/vsc43810/easybuild/build/MXNet/1.9.1/foss-2022a (parents: True, set_gid: False, sticky: False)
== 2023-06-09 14:04:29,398 easyblock.py:3934 INFO Running method reset_env part of step ready
== 2023-06-09 14:04:29,399 easyblock.py:3934 INFO Running method handle_iterate_opts part of step ready
== 2023-06-09 14:04:29,399 easyconfig.py:1690 INFO Generating template values...
== 2023-06-09 14:04:29,399 mpi.py:122 INFO Using template MPI command 'mpirun -n %(nr_ranks)s %(cmd)s' for MPI family 'OpenMPI'
== 2023-06-09 14:04:29,399 mpi.py:307 INFO Using MPI command template 'mpirun -n %(nr_ranks)s %(cmd)s' (params: {'nr_ranks': 1, 'cmd': 'xxx_command_xxx'})
== 2023-06-09 14:04:29,399 easyconfig.py:1709 INFO Template values: arch='x86_64', bitbucket_account='mxnet', builddir='/tmp/vsc43810/easybuild/build/MXNet/1.9.1/foss-2022a', github_account='mxnet', installdir='/scratch/gent/vo/001/gvo00117/easybuild/RHEL8/cascadelake-ampere-ib/software/MXNet/1.9.1-foss-2022a', module_name='MXNet/1.9.1-foss-2022a', mpi_cmd_prefix='mpirun -n 1', name='MXNet', nameletter='M', nameletterlower='m', namelower='mxnet', parallel='8', pymajver='3', pyminver='10', pyshortver='3.10', pyver='3.10.4', rmajver='4', rminver='2', rshortver='4.2', rver='4.2.1', start_dir='None', toolchain_name='foss', toolchain_version='2022a', version='1.9.1', version_major='1', version_major_minor='1.9', version_minor='9', versionprefix='', versionsuffix=''
== 2023-06-09 14:04:29,400 build_log.py:267 INFO ... (took < 1 sec)
== 2023-06-09 14:04:29,402 build_log.py:267 INFO unpacking...
== 2023-06-09 14:04:29,404 easyblock.py:3926 INFO Starting source step
== 2023-06-09 14:04:29,404 easyconfig.py:1690 INFO Generating template values...
== 2023-06-09 14:04:29,404 mpi.py:122 INFO Using template MPI command 'mpirun -n %(nr_ranks)s %(cmd)s' for MPI family 'OpenMPI'
== 2023-06-09 14:04:29,404 mpi.py:307 INFO Using MPI command template 'mpirun -n %(nr_ranks)s %(cmd)s' (params: {'nr_ranks': 1, 'cmd': 'xxx_command_xxx'})
== 2023-06-09 14:04:29,404 easyconfig.py:1709 INFO Template values: arch='x86_64', bitbucket_account='mxnet', builddir='/tmp/vsc43810/easybuild/build/MXNet/1.9.1/foss-2022a', github_account='mxnet', installdir='/scratch/gent/vo/001/gvo00117/easybuild/RHEL8/cascadelake-ampere-ib/software/MXNet/1.9.1-foss-2022a', module_name='MXNet/1.9.1-foss-2022a', mpi_cmd_prefix='mpirun -n 1', name='MXNet', nameletter='M', nameletterlower='m', namelower='mxnet', parallel='8', pymajver='3', pyminver='10', pyshortver='3.10', pyver='3.10.4', rmajver='4', rminver='2', rshortver='4.2', rver='4.2.1', start_dir='None', toolchain_name='foss', toolchain_version='2022a', version='1.9.1', version_major='1', version_major_minor='1.9', version_minor='9', versionprefix='', versionsuffix=''
== 2023-06-09 14:04:29,404 easyblock.py:3934 INFO Running method checksum_step part of step source
== 2023-06-09 14:04:29,404 easyblock.py:2437 INFO Checksum verification for /data/gent/vo/001/gvo00117/easybuild/sources/m/MXNet/v1.9.1.tar.gz using None passed.
== 2023-06-09 14:04:29,404 easyblock.py:2437 INFO Checksum verification for /data/gent/vo/001/gvo00117/easybuild/sources/m/MXNet/34fd45cae457d59850fdcb2066467778d0673f21.tar.gz using None passed.
== 2023-06-09 14:04:29,404 easyblock.py:2437 INFO Checksum verification for /data/gent/vo/001/gvo00117/easybuild/sources/m/MXNet/efdac9439506d1de5eec91ecc795982c78e41909.tar.gz using None passed.
== 2023-06-09 14:04:29,405 easyblock.py:2437 INFO Checksum verification for /data/gent/vo/001/gvo00117/easybuild/sources/m/MXNet/5df8305fe699d3b503d10c60a231ab0223142407.tar.gz using None passed.
== 2023-06-09 14:04:29,405 easyblock.py:2437 INFO Checksum verification for /data/gent/vo/001/gvo00117/easybuild/sources/m/MXNet/3efc489b55385936531a06ff83425b719387ec63.tar.gz using None passed.
== 2023-06-09 14:04:29,405 easyblock.py:2437 INFO Checksum verification for /data/gent/vo/001/gvo00117/easybuild/sources/m/MXNet/eb9225ce361affe561592e0912320b9db84985d0.tar.gz using None passed.
== 2023-06-09 14:04:29,405 easyblock.py:2437 INFO Checksum verification for /data/gent/vo/001/gvo00117/easybuild/sources/m/MXNet/8f28282c3bd854922da638024d2659be52e892e9.tar.gz using None passed.
== 2023-06-09 14:04:29,405 easyblock.py:2437 INFO Checksum verification for /data/gent/vo/001/gvo00117/easybuild/sources/m/MXNet/0158fa19f28619886232defd412433974af89611.tar.gz using None passed.
== 2023-06-09 14:04:29,405 easyblock.py:2437 INFO Checksum verification for /data/gent/vo/001/gvo00117/easybuild/sources/m/MXNet/5df8305fe699d3b503d10c60a231ab0223142407.tar.gz using None passed.
== 2023-06-09 14:04:29,405 easyblock.py:2437 INFO Checksum verification for /data/gent/vo/001/gvo00117/easybuild/sources/m/MXNet/mkldnn using None passed.
== 2023-06-09 14:04:29,405 easyblock.py:3934 INFO Running method extract_step part of step source
== 2023-06-09 14:04:29,405 easyblock.py:2549 INFO Unpacking source v1.9.1.tar.gz
== 2023-06-09 14:04:29,409 run.py:236 INFO running cmd: tar xzf /data/gent/vo/001/gvo00117/easybuild/sources/m/MXNet/v1.9.1.tar.gz 
== 2023-06-09 14:04:29,805 easyblock.py:2549 INFO Unpacking source https://github.com/dmlc/ps-lite/archive/34fd45cae457d59850fdcb2066467778d0673f21.tar.gz
== 2023-06-09 14:04:29,808 run.py:236 INFO running cmd: tar xzf /data/gent/vo/001/gvo00117/easybuild/sources/m/MXNet/34fd45cae457d59850fdcb2066467778d0673f21.tar.gz 
== 2023-06-09 14:04:29,818 easyblock.py:2549 INFO Unpacking source https://github.com/apache/tvm/archive/efdac9439506d1de5eec91ecc795982c78e41909.tar.gz
== 2023-06-09 14:04:29,821 run.py:236 INFO running cmd: tar xzf /data/gent/vo/001/gvo00117/easybuild/sources/m/MXNet/efdac9439506d1de5eec91ecc795982c78e41909.tar.gz 
== 2023-06-09 14:04:29,941 easyblock.py:2549 INFO Unpacking source https://github.com/dmlc/dmlc-core/archive/5df8305fe699d3b503d10c60a231ab0223142407.tar.gz
== 2023-06-09 14:04:29,944 run.py:236 INFO running cmd: tar xzf /data/gent/vo/001/gvo00117/easybuild/sources/m/MXNet/5df8305fe699d3b503d10c60a231ab0223142407.tar.gz 
== 2023-06-09 14:04:29,959 easyblock.py:2549 INFO Unpacking source https://github.com/dmlc/dlpack/archive/3efc489b55385936531a06ff83425b719387ec63.tar.gz
== 2023-06-09 14:04:29,962 run.py:236 INFO running cmd: tar xzf /data/gent/vo/001/gvo00117/easybuild/sources/m/MXNet/3efc489b55385936531a06ff83425b719387ec63.tar.gz 
== 2023-06-09 14:04:29,970 easyblock.py:2549 INFO Unpacking source https://github.com/google/googletest/archive/eb9225ce361affe561592e0912320b9db84985d0.tar.gz
== 2023-06-09 14:04:29,973 run.py:236 INFO running cmd: tar xzf /data/gent/vo/001/gvo00117/easybuild/sources/m/MXNet/eb9225ce361affe561592e0912320b9db84985d0.tar.gz 
== 2023-06-09 14:04:30,007 easyblock.py:2549 INFO Unpacking source https://github.com/kpu/intgemm/archive/8f28282c3bd854922da638024d2659be52e892e9.tar.gz
== 2023-06-09 14:04:30,010 run.py:236 INFO running cmd: tar xzf /data/gent/vo/001/gvo00117/easybuild/sources/m/MXNet/8f28282c3bd854922da638024d2659be52e892e9.tar.gz 
== 2023-06-09 14:04:30,022 easyblock.py:2549 INFO Unpacking source https://github.com/NVlabs/cub/archive/0158fa19f28619886232defd412433974af89611.tar.gz
== 2023-06-09 14:04:30,025 run.py:236 INFO running cmd: tar xzf /data/gent/vo/001/gvo00117/easybuild/sources/m/MXNet/0158fa19f28619886232defd412433974af89611.tar.gz 
== 2023-06-09 14:04:30,046 easyblock.py:2549 INFO Unpacking source https://github.com/onnx/onnx-tensorrt/archive/5df8305fe699d3b503d10c60a231ab0223142407.tar.gz
== 2023-06-09 14:04:30,049 run.py:236 INFO running cmd: tar xzf /data/gent/vo/001/gvo00117/easybuild/sources/m/MXNet/5df8305fe699d3b503d10c60a231ab0223142407.tar.gz 
== 2023-06-09 14:04:30,063 easyblock.py:2549 INFO Unpacking source mkldnn
== 2023-06-09 14:04:30,083 build_log.py:171 ERROR EasyBuild crashed with an error (at easybuild/easybuild-framework/easybuild/base/exceptions.py:126 in __init__): mkldnn has unknown file extension (at easybuild/easybuild-framework/easybuild/tools/filetools.py:1377 in find_extension)
== 2023-06-09 14:04:30,083 build_log.py:267 INFO ... (took < 1 sec)
== 2023-06-09 14:04:30,085 filetools.py:2015 INFO Removing lock /scratch/gent/vo/001/gvo00117/easybuild/RHEL8/cascadelake-ampere-ib/software/.locks/_scratch_gent_vo_001_gvo00117_easybuild_RHEL8_cascadelake-ampere-ib_software_MXNet_1.9.1-foss-2022a.lock...
== 2023-06-09 14:04:30,086 filetools.py:384 INFO Path /scratch/gent/vo/001/gvo00117/easybuild/RHEL8/cascadelake-ampere-ib/software/.locks/_scratch_gent_vo_001_gvo00117_easybuild_RHEL8_cascadelake-ampere-ib_software_MXNet_1.9.1-foss-2022a.lock successfully removed.
== 2023-06-09 14:04:30,086 filetools.py:2019 INFO Lock removed: /scratch/gent/vo/001/gvo00117/easybuild/RHEL8/cascadelake-ampere-ib/software/.locks/_scratch_gent_vo_001_gvo00117_easybuild_RHEL8_cascadelake-ampere-ib_software_MXNet_1.9.1-foss-2022a.lock
== 2023-06-09 14:04:30,086 easyblock.py:4257 WARNING build failed (first 300 chars): mkldnn has unknown file extension
== 2023-06-09 14:04:30,086 easyblock.py:328 INFO Closing log for application name MXNet version 1.9.1
