== 2023-07-14 10:52:57,676 easyblock.py:313 INFO This is EasyBuild 4.7.3.dev0-rf378bac46cc85c9fcdaf7649da28f7e3d1c37f0b (framework: 4.7.3.dev0-rf378bac46cc85c9fcdaf7649da28f7e3d1c37f0b, easyblocks: 4.7.3.dev0-r430098ecb88e036e142c350b067b35f7b5e1f0bb) on host node4001.donphan.os.
== 2023-07-14 10:52:57,676 easyblock.py:319 INFO This is easyblock PythonPackage from module easybuild.easyblocks.generic.pythonpackage (/user/gent/438/vsc43810/easybuild/easybuild-easyblocks/easybuild/easyblocks/generic/pythonpackage.py)
== 2023-07-14 10:52:57,676 easyblock.py:1040 INFO Build dir set to /tmp/vsc43810/easybuild/build/cellposeomni/0.6.5/foss-2022a
== 2023-07-14 10:52:57,676 easyblock.py:1097 INFO Software install dir set to /scratch/gent/vo/001/gvo00117/easybuild/RHEL8/cascadelake-ampere-ib/software/cellpose-omni/0.6.5-foss-2022a
== 2023-07-14 10:52:57,676 easyblock.py:1102 INFO Module install dir set to /scratch/gent/vo/001/gvo00117/easybuild/RHEL8/cascadelake-ampere-ib/modules/all
== 2023-07-14 10:52:57,676 easyblock.py:288 INFO Init completed for application name cellpose-omni version 0.6.5
== 2023-07-14 10:52:57,676 pythonpackage.py:307 INFO Using default value for expected module name (lowercase software name): 'cellpose_omni'
== 2023-07-14 10:52:57,677 pythonpackage.py:339 INFO Using pip with --no-deps option
== 2023-07-14 10:52:57,677 environment.py:93 INFO Environment variable XDG_CACHE_HOME set to /tmp/vsc43810/eb-_plgum4b (previously undefined)
== 2023-07-14 10:52:57,677 pythonpackage.py:356 INFO Using /tmp/vsc43810/eb-_plgum4b as pip cache directory
== 2023-07-14 10:52:57,677 pythonpackage.py:371 INFO Using '%(python)s -m pip install --prefix=%(prefix)s %(installopts)s %(loc)s' as install command
== 2023-07-14 10:52:57,677 easyblock.py:4200 INFO Obtained application instance of for cellpose-omni (easyblock: PythonPackage)
== 2023-07-14 10:52:57,677 easyconfig.py:1690 INFO Generating template values...
== 2023-07-14 10:52:57,677 mpi.py:122 INFO Using template MPI command 'mpirun -n %(nr_ranks)s %(cmd)s' for MPI family 'OpenMPI'
== 2023-07-14 10:52:57,677 mpi.py:307 INFO Using MPI command template 'mpirun -n %(nr_ranks)s %(cmd)s' (params: {'nr_ranks': 1, 'cmd': 'xxx_command_xxx'})
== 2023-07-14 10:52:57,677 easyconfig.py:1709 INFO Template values: arch='x86_64', bitbucket_account='cellpose-omni', github_account='cellpose-omni', module_name='cellpose-omni/0.6.5-foss-2022a', mpi_cmd_prefix='mpirun -n 1', name='cellpose-omni', nameletter='c', nameletterlower='c', namelower='cellpose-omni', pymajver='3', pyminver='10', pyshortver='3.10', pyver='3.10.4', toolchain_name='foss', toolchain_version='2022a', version='0.6.5', version_major='0', version_major_minor='0.6', version_minor='6', versionprefix='', versionsuffix=''
== 2023-07-14 10:52:57,678 one.py:180 INFO Skipping reformatting value for parameter 'toolchain'
== 2023-07-14 10:52:57,679 filetools.py:1914 INFO Creating directory /tmp/vsc43810/eb-_plgum4b/reprod_20230714105257_324906 (parents: True, set_gid: False, sticky: False)
== 2023-07-14 10:52:57,679 easyblock.py:4454 INFO Dumped easyconfig instance to /tmp/vsc43810/eb-_plgum4b/reprod_20230714105257_324906/cellpose-omni-0.6.5-foss-2022a.eb
== 2023-07-14 10:52:57,680 filetools.py:1914 INFO Creating directory /tmp/vsc43810/eb-_plgum4b/reprod_20230714105257_324906/easyblocks (parents: True, set_gid: False, sticky: False)
== 2023-07-14 10:52:57,693 filetools.py:2427 INFO /user/gent/438/vsc43810/easybuild/easybuild-easyblocks/easybuild/easyblocks/generic/pythonpackage.py copied to /tmp/vsc43810/eb-_plgum4b/reprod_20230714105257_324906/easyblocks/pythonpackage.py
== 2023-07-14 10:52:57,693 easyblock.py:4434 INFO Dumped easyblock pythonpackage.py required for reproduction to /tmp/vsc43810/eb-_plgum4b/reprod_20230714105257_324906/easyblocks
== 2023-07-14 10:52:57,694 easyblock.py:2209 INFO Number of iterations to perform for central part of installation procedure: 1
== 2023-07-14 10:52:57,694 build_log.py:267 INFO building and installing cellpose-omni/0.6.5-foss-2022a...
== 2023-07-14 10:52:57,695 filetools.py:2007 INFO Lock /scratch/gent/vo/001/gvo00117/easybuild/RHEL8/cascadelake-ampere-ib/software/.locks/_scratch_gent_vo_001_gvo00117_easybuild_RHEL8_cascadelake-ampere-ib_software_cellpose-omni_0.6.5-foss-2022a.lock does not exist
== 2023-07-14 10:52:57,695 filetools.py:1948 INFO Creating lock at /scratch/gent/vo/001/gvo00117/easybuild/RHEL8/cascadelake-ampere-ib/software/.locks/_scratch_gent_vo_001_gvo00117_easybuild_RHEL8_cascadelake-ampere-ib_software_cellpose-omni_0.6.5-foss-2022a.lock...
== 2023-07-14 10:52:57,695 filetools.py:1914 INFO Creating directory /scratch/gent/vo/001/gvo00117/easybuild/RHEL8/cascadelake-ampere-ib/software/.locks/_scratch_gent_vo_001_gvo00117_easybuild_RHEL8_cascadelake-ampere-ib_software_cellpose-omni_0.6.5-foss-2022a.lock (parents: True, set_gid: False, sticky: False)
== 2023-07-14 10:52:57,696 filetools.py:1957 INFO Lock created: /scratch/gent/vo/001/gvo00117/easybuild/RHEL8/cascadelake-ampere-ib/software/.locks/_scratch_gent_vo_001_gvo00117_easybuild_RHEL8_cascadelake-ampere-ib_software_cellpose-omni_0.6.5-foss-2022a.lock
== 2023-07-14 10:52:57,696 build_log.py:267 INFO fetching files...
== 2023-07-14 10:52:57,696 easyblock.py:3926 INFO Starting fetch step
== 2023-07-14 10:52:57,696 easyconfig.py:1690 INFO Generating template values...
== 2023-07-14 10:52:57,696 mpi.py:122 INFO Using template MPI command 'mpirun -n %(nr_ranks)s %(cmd)s' for MPI family 'OpenMPI'
== 2023-07-14 10:52:57,696 mpi.py:307 INFO Using MPI command template 'mpirun -n %(nr_ranks)s %(cmd)s' (params: {'nr_ranks': 1, 'cmd': 'xxx_command_xxx'})
== 2023-07-14 10:52:57,697 easyconfig.py:1709 INFO Template values: arch='x86_64', bitbucket_account='cellpose-omni', builddir='/tmp/vsc43810/easybuild/build/cellposeomni/0.6.5/foss-2022a', github_account='cellpose-omni', installdir='/scratch/gent/vo/001/gvo00117/easybuild/RHEL8/cascadelake-ampere-ib/software/cellpose-omni/0.6.5-foss-2022a', module_name='cellpose-omni/0.6.5-foss-2022a', mpi_cmd_prefix='mpirun -n 1', name='cellpose-omni', nameletter='c', nameletterlower='c', namelower='cellpose-omni', pymajver='3', pyminver='10', pyshortver='3.10', pyver='3.10.4', start_dir='None', toolchain_name='foss', toolchain_version='2022a', version='0.6.5', version_major='0', version_major_minor='0.6', version_minor='6', versionprefix='', versionsuffix=''
== 2023-07-14 10:52:57,697 easyblock.py:3934 INFO Running method fetch_step part of step fetch
== 2023-07-14 10:52:57,697 easyblock.py:2331 WARNING Easyconfig does not specify an EasyBuild-version (key 'easybuild_version')! Assuming the latest version
== 2023-07-14 10:52:57,697 easyblock.py:803 INFO Considering directory in which easyconfig file is located when searching for checksums.json: /kyukon/home/gent/438/vsc43810/vsc-software-stack/89_omnipose
== 2023-07-14 10:52:57,697 tools.py:273 INFO Found location to 'eb' script via $EB_SCRIPT_PATH: /user/gent/438/vsc43810/easybuild/easybuild-framework/eb
== 2023-07-14 10:52:57,697 tools.py:289 INFO Not considering /user/gent/438/vsc43810/easybuild (no easybuild/easyconfigs subdir found)
== 2023-07-14 10:52:57,698 tools.py:297 INFO Also considering installation prefix /kyukon/home/gent/438/vsc43810/easybuild (via resolved path to 'eb')...
== 2023-07-14 10:52:57,848 build_log.py:171 ERROR EasyBuild crashed with an error (at easybuild/easybuild-framework/easybuild/base/exceptions.py:126 in __init__): Couldn't find file checksums.json anywhere, and downloading it is disabled... Paths attempted (in order): /kyukon/home/gent/438/vsc43810/vsc-software-stack/89_omnipose/c/cellpose-omni/checksums.json, /kyukon/home/gent/438/vsc43810/vsc-software-stack/89_omnipose/cellpose-omni/checksums.json, /kyukon/home/gent/438/vsc43810/vsc-software-stack/89_omnipose/checksums.json, /user/gent/438/vsc43810/easybuild/easybuild-easyconfigs/easybuild/easyconfigs/c/cellpose-omni/checksums.json, /user/gent/438/vsc43810/easybuild/easybuild-easyconfigs/easybuild/easyconfigs/cellpose-omni/checksums.json, /user/gent/438/vsc43810/easybuild/easybuild-easyconfigs/easybuild/easyconfigs/checksums.json, /user/gent/438/vsc43810/easybuild/easybuild-easyconfigs/easybuild/easyconfigs/c/cellpose-omni/checksums.json, /user/gent/438/vsc43810/easybuild/easybuild-easyconfigs/easybuild/easyconfigs/cellpose-omni/checksums.json, /user/gent/438/vsc43810/easybuild/easybuild-easyconfigs/easybuild/easyconfigs/checksums.json, /data/gent/vo/001/gvo00117/easybuild/sources/c/cellpose-omni/checksums.json, /data/gent/vo/001/gvo00117/easybuild/sources/cellpose-omni/checksums.json, /data/gent/vo/001/gvo00117/easybuild/sources/checksums.json, /apps/gent/sources/c/cellpose-omni/checksums.json, /apps/gent/sources/cellpose-omni/checksums.json, /apps/gent/sources/checksums.json  (at easybuild/easybuild-framework/easybuild/framework/easyblock.py:870 in obtain_file)
== 2023-07-14 10:52:57,848 easyblock.py:803 INFO Considering directory in which easyconfig file is located when searching for cellpose-omni-0.6.5.tar.gz: /kyukon/home/gent/438/vsc43810/vsc-software-stack/89_omnipose
== 2023-07-14 10:52:57,849 tools.py:273 INFO Found location to 'eb' script via $EB_SCRIPT_PATH: /user/gent/438/vsc43810/easybuild/easybuild-framework/eb
== 2023-07-14 10:52:57,849 tools.py:289 INFO Not considering /user/gent/438/vsc43810/easybuild (no easybuild/easyconfigs subdir found)
== 2023-07-14 10:52:57,849 tools.py:297 INFO Also considering installation prefix /kyukon/home/gent/438/vsc43810/easybuild (via resolved path to 'eb')...
== 2023-07-14 10:52:57,849 filetools.py:1914 INFO Creating directory /data/gent/vo/001/gvo00117/easybuild/sources/c/cellpose-omni (parents: True, set_gid: False, sticky: False)
== 2023-07-14 10:52:58,162 filetools.py:817 INFO File size for https://pypi.python.org/simple/cellpose-omni: 3981
== 2023-07-14 10:52:58,162 filetools.py:271 INFO Not showing progress bar for downloading small file (size 3981)
== 2023-07-14 10:52:58,163 filetools.py:824 INFO Downloaded file cellpose-omni_urls.html from url https://pypi.python.org/simple/cellpose-omni to /tmp/vsc43810/eb-_plgum4b/tmpz013i3ey/cellpose-omni_urls.html
== 2023-07-14 10:52:58,164 filetools.py:856 INFO Successful download of file cellpose-omni_urls.html from url https://pypi.python.org/simple/cellpose-omni to path /tmp/vsc43810/eb-_plgum4b/tmpz013i3ey/cellpose-omni_urls.html
== 2023-07-14 10:52:58,585 filetools.py:833 WARNING URL https://pypi.python.org/packages/source/c/cellpose-omni/cellpose-omni-0.6.5.tar.gz was not found (HTTP response code 404), not trying again
== 2023-07-14 10:52:58,586 filetools.py:860 WARNING Download of https://pypi.python.org/packages/source/c/cellpose-omni/cellpose-omni-0.6.5.tar.gz to /data/gent/vo/001/gvo00117/easybuild/sources/c/cellpose-omni/cellpose-omni-0.6.5.tar.gz failed, done trying
== 2023-07-14 10:52:58,656 filetools.py:833 WARNING URL https://sources.easybuild.io/c/cellpose-omni/cellpose-omni-0.6.5.tar.gz was not found (HTTP response code 404), not trying again
== 2023-07-14 10:52:58,656 filetools.py:860 WARNING Download of https://sources.easybuild.io/c/cellpose-omni/cellpose-omni-0.6.5.tar.gz to /data/gent/vo/001/gvo00117/easybuild/sources/c/cellpose-omni/cellpose-omni-0.6.5.tar.gz failed, done trying
== 2023-07-14 10:52:58,657 build_log.py:171 ERROR EasyBuild crashed with an error (at easybuild/easybuild-framework/easybuild/base/exceptions.py:126 in __init__): Couldn't find file cellpose-omni-0.6.5.tar.gz anywhere, and downloading it didn't work either... Paths attempted (in order): /kyukon/home/gent/438/vsc43810/vsc-software-stack/89_omnipose/c/cellpose-omni/cellpose-omni-0.6.5.tar.gz, /kyukon/home/gent/438/vsc43810/vsc-software-stack/89_omnipose/cellpose-omni/cellpose-omni-0.6.5.tar.gz, /kyukon/home/gent/438/vsc43810/vsc-software-stack/89_omnipose/cellpose-omni-0.6.5.tar.gz, /user/gent/438/vsc43810/easybuild/easybuild-easyconfigs/easybuild/easyconfigs/c/cellpose-omni/cellpose-omni-0.6.5.tar.gz, /user/gent/438/vsc43810/easybuild/easybuild-easyconfigs/easybuild/easyconfigs/cellpose-omni/cellpose-omni-0.6.5.tar.gz, /user/gent/438/vsc43810/easybuild/easybuild-easyconfigs/easybuild/easyconfigs/cellpose-omni-0.6.5.tar.gz, /user/gent/438/vsc43810/easybuild/easybuild-easyconfigs/easybuild/easyconfigs/c/cellpose-omni/cellpose-omni-0.6.5.tar.gz, /user/gent/438/vsc43810/easybuild/easybuild-easyconfigs/easybuild/easyconfigs/cellpose-omni/cellpose-omni-0.6.5.tar.gz, /user/gent/438/vsc43810/easybuild/easybuild-easyconfigs/easybuild/easyconfigs/cellpose-omni-0.6.5.tar.gz, /data/gent/vo/001/gvo00117/easybuild/sources/c/cellpose-omni/cellpose-omni-0.6.5.tar.gz, /data/gent/vo/001/gvo00117/easybuild/sources/cellpose-omni/cellpose-omni-0.6.5.tar.gz, /data/gent/vo/001/gvo00117/easybuild/sources/cellpose-omni-0.6.5.tar.gz, /apps/gent/sources/c/cellpose-omni/cellpose-omni-0.6.5.tar.gz, /apps/gent/sources/cellpose-omni/cellpose-omni-0.6.5.tar.gz, /apps/gent/sources/cellpose-omni-0.6.5.tar.gz, https://pypi.python.org/packages/source/c/cellpose-omni/cellpose-omni-0.6.5.tar.gz, https://sources.easybuild.io/c/cellpose-omni/cellpose-omni-0.6.5.tar.gz  (at easybuild/easybuild-framework/easybuild/framework/easyblock.py:962 in obtain_file)
== 2023-07-14 10:52:58,657 build_log.py:267 INFO ... (took < 1 sec)
== 2023-07-14 10:52:58,657 filetools.py:2015 INFO Removing lock /scratch/gent/vo/001/gvo00117/easybuild/RHEL8/cascadelake-ampere-ib/software/.locks/_scratch_gent_vo_001_gvo00117_easybuild_RHEL8_cascadelake-ampere-ib_software_cellpose-omni_0.6.5-foss-2022a.lock...
== 2023-07-14 10:52:58,657 filetools.py:384 INFO Path /scratch/gent/vo/001/gvo00117/easybuild/RHEL8/cascadelake-ampere-ib/software/.locks/_scratch_gent_vo_001_gvo00117_easybuild_RHEL8_cascadelake-ampere-ib_software_cellpose-omni_0.6.5-foss-2022a.lock successfully removed.
== 2023-07-14 10:52:58,657 filetools.py:2019 INFO Lock removed: /scratch/gent/vo/001/gvo00117/easybuild/RHEL8/cascadelake-ampere-ib/software/.locks/_scratch_gent_vo_001_gvo00117_easybuild_RHEL8_cascadelake-ampere-ib_software_cellpose-omni_0.6.5-foss-2022a.lock
== 2023-07-14 10:52:58,658 easyblock.py:4257 WARNING build failed (first 300 chars): Couldn't find file cellpose-omni-0.6.5.tar.gz anywhere, and downloading it didn't work either... Paths attempted (in order): /kyukon/home/gent/438/vsc43810/vsc-software-stack/89_omnipose/c/cellpose-omni/cellpose-omni-0.6.5.tar.gz, /kyukon/home/gent/438/vsc43810/vsc-software-stack/89_omnipose/cellpos
== 2023-07-14 10:52:58,658 easyblock.py:328 INFO Closing log for application name cellpose-omni version 0.6.5
