== 2023-06-09 12:49:03,313 easyblock.py:313 INFO This is EasyBuild 4.7.3.dev0-rf378bac46cc85c9fcdaf7649da28f7e3d1c37f0b (framework: 4.7.3.dev0-rf378bac46cc85c9fcdaf7649da28f7e3d1c37f0b, easyblocks: 4.7.3.dev0-rf93e6cdeef2680ea362c74ec0ac64c502e6e3648) on host node4010.donphan.os.
== 2023-06-09 12:49:03,313 easyblock.py:319 INFO This is easyblock EB_MXNet from module easybuild.easyblocks.mxnet (/user/gent/438/vsc43810/easybuild/easybuild-easyblocks/easybuild/easyblocks/m/mxnet.py)
== 2023-06-09 12:49:03,313 easyblock.py:1040 INFO Build dir set to /tmp/vsc43810/easybuild/build/MXNet/1.9.1/foss-2022a
== 2023-06-09 12:49:03,314 easyblock.py:1097 INFO Software install dir set to /scratch/gent/vo/001/gvo00117/easybuild/RHEL8/cascadelake-ampere-ib/software/MXNet/1.9.1-foss-2022a
== 2023-06-09 12:49:03,314 easyblock.py:1102 INFO Module install dir set to /scratch/gent/vo/001/gvo00117/easybuild/RHEL8/cascadelake-ampere-ib/modules/all
== 2023-06-09 12:49:03,314 easyblock.py:288 INFO Init completed for application name MXNet version 1.9.1
== 2023-06-09 12:49:03,314 easyconfig.py:464 INFO Performing quick parse to check for valid easyconfig file...
== 2023-06-09 12:49:03,315 environment.py:93 INFO Environment variable LMOD_QUIET set to 1 (previous value: '1')
== 2023-06-09 12:49:03,315 environment.py:93 INFO Environment variable LMOD_IGNORE_CACHE set to 1 (previous value: '1')
== 2023-06-09 12:49:03,315 environment.py:93 INFO Environment variable LMOD_REDIRECT set to no (previous value: 'no')
== 2023-06-09 12:49:03,315 environment.py:93 INFO Environment variable LMOD_EXTENDED_DEFAULT set to no (previous value: 'no')
== 2023-06-09 12:49:03,315 modules.py:299 INFO Full path for Lmod command is /usr/share/lmod/lmod/libexec/lmod, so using it
== 2023-06-09 12:49:03,315 modules.py:455 INFO Prepended list of module paths with path used by EasyBuild: /scratch/gent/vo/001/gvo00117/easybuild/RHEL8/cascadelake-ampere-ib/modules/all
== 2023-06-09 12:49:03,315 easyconfig.py:473 INFO Obtained list of valid module classes: ['base', 'ai', 'astro', 'bio', 'cae', 'chem', 'compiler', 'data', 'debugger', 'devel', 'geo', 'ide', 'lang', 'lib', 'math', 'mpi', 'numlib', 'perf', 'quantum', 'phys', 'system', 'toolchain', 'tools', 'vis']
== 2023-06-09 12:49:03,316 easyconfig.py:1926 INFO Successfully obtained EB_MXNet class instance from easybuild.easyblocks.mxnet
== 2023-06-09 12:49:03,316 easyconfig.py:1943 INFO Successfully obtained class 'EB_MXNet' for easyblock 'None' (software name 'MXNet')
== 2023-06-09 12:49:03,316 easyconfig.py:705 INFO Parsing easyconfig file None with rawcontent: name = 'MXNet'
version = '1.9.1'

homepage = 'https://mxnet.io/'
description = """Flexible and Efficient Library for Deep Learning"""

toolchain = {'name': 'foss', 'version': '2022a'}
toolchainopts = {'cstd': 'c++11', 'opt': True, 'pic': True, 'openmp': True}

source_urls = ['https://github.com/apache/mxnet/archive']

# MXNet pulls in a bunch of submodules which don't have releases.
sources = [
    'v%(version)s.tar.gz',                                              # MXNet
    'https://github.com/dmlc/ps-lite/archive/34fd45cae457d59850fdcb2066467778d0673f21.tar.gz',    # ps-lite
    'https://github.com/apache/tvm/archive/efdac9439506d1de5eec91ecc795982c78e41909.tar.gz',       # tvm
    'https://github.com/dmlc/dmlc-core/archive/5df8305fe699d3b503d10c60a231ab0223142407.tar.gz',  # dmlc-core
    'https://github.com/dmlc/dlpack/archive/3efc489b55385936531a06ff83425b719387ec63.tar.gz',  # dlpack
    'https://github.com/google/googletest/archive/eb9225ce361affe561592e0912320b9db84985d0.tar.gz',  # googletest
    'https://github.com/kpu/intgemm/archive/8f28282c3bd854922da638024d2659be52e892e9.tar.gz',  # intgemm
    'https://github.com/NVlabs/cub/archive/0158fa19f28619886232defd412433974af89611.tar.gz',  # cub
    'https://github.com/oneapi-src/oneDNN/archive/58be3660fb57c4c4a3d306730e849237d1271572.tar.gz',  # oneDNN
    'https://github.com/onnx/onnx-tensorrt/archive/5df8305fe699d3b503d10c60a231ab0223142407.tar.gz',  # onnx-tensorrt
]

dependencies = [
    ('Python', '3.10.4'),
    ('graphviz-python', '0.20.1'),
    ('OpenCV', '4.6.0', '-contrib'),
    ('R', '4.2.1'),
]

moduleclass = 'math'

== 2023-06-09 12:49:03,317 parser.py:139 INFO Type checking of easyconfig parameter values passed!
== 2023-06-09 12:49:03,317 easyconfig.py:686 INFO setting easyconfig parameter dependencies: value [('Python', '3.10.4'), ('graphviz-python', '0.20.1'), ('OpenCV', '4.6.0', '-contrib'), ('R', '4.2.1')] (type: <class 'list'>)
== 2023-06-09 12:49:03,317 easyconfig.py:686 INFO setting easyconfig parameter description: value Flexible and Efficient Library for Deep Learning (type: <class 'str'>)
== 2023-06-09 12:49:03,317 easyconfig.py:686 INFO setting easyconfig parameter homepage: value https://mxnet.io/ (type: <class 'str'>)
== 2023-06-09 12:49:03,317 easyconfig.py:686 INFO setting easyconfig parameter moduleclass: value math (type: <class 'str'>)
== 2023-06-09 12:49:03,317 easyconfig.py:686 INFO setting easyconfig parameter name: value MXNet (type: <class 'str'>)
== 2023-06-09 12:49:03,317 easyconfig.py:686 INFO setting easyconfig parameter source_urls: value ['https://github.com/apache/mxnet/archive'] (type: <class 'list'>)
== 2023-06-09 12:49:03,317 easyconfig.py:686 INFO setting easyconfig parameter sources: value ['v%(version)s.tar.gz', 'https://github.com/dmlc/ps-lite/archive/34fd45cae457d59850fdcb2066467778d0673f21.tar.gz', 'https://github.com/apache/tvm/archive/efdac9439506d1de5eec91ecc795982c78e41909.tar.gz', 'https://github.com/dmlc/dmlc-core/archive/5df8305fe699d3b503d10c60a231ab0223142407.tar.gz', 'https://github.com/dmlc/dlpack/archive/3efc489b55385936531a06ff83425b719387ec63.tar.gz', 'https://github.com/google/googletest/archive/eb9225ce361affe561592e0912320b9db84985d0.tar.gz', 'https://github.com/kpu/intgemm/archive/8f28282c3bd854922da638024d2659be52e892e9.tar.gz', 'https://github.com/NVlabs/cub/archive/0158fa19f28619886232defd412433974af89611.tar.gz', 'https://github.com/oneapi-src/oneDNN/archive/58be3660fb57c4c4a3d306730e849237d1271572.tar.gz', 'https://github.com/onnx/onnx-tensorrt/archive/5df8305fe699d3b503d10c60a231ab0223142407.tar.gz'] (type: <class 'list'>)
== 2023-06-09 12:49:03,317 easyconfig.py:686 INFO setting easyconfig parameter toolchain: value {'name': 'foss', 'version': '2022a'} (type: <class 'dict'>)
== 2023-06-09 12:49:03,317 easyconfig.py:686 INFO setting easyconfig parameter toolchainopts: value {'cstd': 'c++11', 'opt': True, 'pic': True, 'openmp': True} (type: <class 'dict'>)
== 2023-06-09 12:49:03,317 easyconfig.py:686 INFO setting easyconfig parameter version: value 1.9.1 (type: <class 'str'>)
== 2023-06-09 12:49:03,318 easyconfig.py:747 INFO Parsing dependency specifications...
== 2023-06-09 12:49:03,318 easyconfig.py:1690 INFO Generating template values...
== 2023-06-09 12:49:03,319 mpi.py:122 INFO Using template MPI command 'mpirun -n %(nr_ranks)s %(cmd)s' for MPI family 'OpenMPI'
== 2023-06-09 12:49:03,319 mpi.py:307 INFO Using MPI command template 'mpirun -n %(nr_ranks)s %(cmd)s' (params: {'nr_ranks': 1, 'cmd': 'xxx_command_xxx'})
== 2023-06-09 12:49:03,319 easyconfig.py:1709 INFO Template values: arch='x86_64', bitbucket_account='mxnet', github_account='mxnet', mpi_cmd_prefix='mpirun -n 1', name='MXNet', nameletter='M', nameletterlower='m', namelower='mxnet', pymajver='3', pyminver='10', pyshortver='3.10', pyver='3.10.4', rmajver='4', rminver='2', rshortver='4.2', rver='4.2.1', toolchain_name='foss', toolchain_version='2022a', version='1.9.1', version_major='1', version_major_minor='1.9', version_minor='9', versionprefix='', versionsuffix=''
== 2023-06-09 12:49:03,320 modules.py:626 INFO Checking whether Python/3.10.4-foss-2022a exists...
== 2023-06-09 12:49:03,320 modules.py:647 INFO Module Python/3.10.4-foss-2022a not found via module avail/show, checking whether it is a wrapper
== 2023-06-09 12:49:03,320 modules.py:654 INFO Result for existence check of Python/3.10.4-foss-2022a module: False
== 2023-06-09 12:49:03,320 modules.py:626 INFO Checking whether Python/3.10.4-gompi-2022a exists...
== 2023-06-09 12:49:03,320 modules.py:647 INFO Module Python/3.10.4-gompi-2022a not found via module avail/show, checking whether it is a wrapper
== 2023-06-09 12:49:03,320 modules.py:654 INFO Result for existence check of Python/3.10.4-gompi-2022a module: False
== 2023-06-09 12:49:03,320 modules.py:626 INFO Checking whether Python/3.10.4-gfbf-2022a exists...
== 2023-06-09 12:49:03,321 modules.py:647 INFO Module Python/3.10.4-gfbf-2022a not found via module avail/show, checking whether it is a wrapper
== 2023-06-09 12:49:03,321 modules.py:654 INFO Result for existence check of Python/3.10.4-gfbf-2022a module: False
== 2023-06-09 12:49:03,321 modules.py:626 INFO Checking whether Python/3.10.4-GCC-11.3.0 exists...
== 2023-06-09 12:49:03,321 modules.py:647 INFO Module Python/3.10.4-GCC-11.3.0 not found via module avail/show, checking whether it is a wrapper
== 2023-06-09 12:49:03,321 modules.py:654 INFO Result for existence check of Python/3.10.4-GCC-11.3.0 module: False
== 2023-06-09 12:49:03,321 easyconfig.py:2181 INFO Found loaded index for /user/gent/438/vsc43810/easybuild/easybuild-easyconfigs/easybuild/easyconfigs
== 2023-06-09 12:49:03,321 easyconfig.py:2181 INFO Found loaded index for /user/gent/438/vsc43810/easybuild/easybuild-easyconfigs/easybuild/easyconfigs
== 2023-06-09 12:49:03,321 easyconfig.py:2181 INFO Found loaded index for /user/gent/438/vsc43810/easybuild/easybuild-easyconfigs/easybuild/easyconfigs
== 2023-06-09 12:49:03,322 easyconfig.py:2181 INFO Found loaded index for /user/gent/438/vsc43810/easybuild/easybuild-easyconfigs/easybuild/easyconfigs
== 2023-06-09 12:49:03,322 easyconfig.py:2357 INFO Minimally resolving dependency {'full_mod_name': None, 'short_mod_name': None, 'name': 'Python', 'version': '3.10.4', 'versionsuffix': '', 'toolchain': {'name': 'foss', 'version': '2022a'}, 'toolchain_inherited': True, 'system': False, 'hidden': False, 'build_only': False, 'external_module': False, 'external_module_metadata': {}} using toolchain {'name': 'GCCcore', 'version': '11.3.0'}
== 2023-06-09 12:49:03,322 modules.py:626 INFO Checking whether graphviz-python/0.20.1-foss-2022a exists...
== 2023-06-09 12:49:03,323 modules.py:647 INFO Module graphviz-python/0.20.1-foss-2022a not found via module avail/show, checking whether it is a wrapper
== 2023-06-09 12:49:03,323 modules.py:654 INFO Result for existence check of graphviz-python/0.20.1-foss-2022a module: False
== 2023-06-09 12:49:03,323 modules.py:626 INFO Checking whether graphviz-python/0.20.1-gompi-2022a exists...
== 2023-06-09 12:49:03,323 modules.py:647 INFO Module graphviz-python/0.20.1-gompi-2022a not found via module avail/show, checking whether it is a wrapper
== 2023-06-09 12:49:03,323 modules.py:654 INFO Result for existence check of graphviz-python/0.20.1-gompi-2022a module: False
== 2023-06-09 12:49:03,323 modules.py:626 INFO Checking whether graphviz-python/0.20.1-gfbf-2022a exists...
== 2023-06-09 12:49:03,323 modules.py:647 INFO Module graphviz-python/0.20.1-gfbf-2022a not found via module avail/show, checking whether it is a wrapper
== 2023-06-09 12:49:03,323 modules.py:654 INFO Result for existence check of graphviz-python/0.20.1-gfbf-2022a module: False
== 2023-06-09 12:49:03,324 modules.py:626 INFO Checking whether graphviz-python/0.20.1-GCC-11.3.0 exists...
== 2023-06-09 12:49:03,324 modules.py:647 INFO Module graphviz-python/0.20.1-GCC-11.3.0 not found via module avail/show, checking whether it is a wrapper
== 2023-06-09 12:49:03,324 modules.py:654 INFO Result for existence check of graphviz-python/0.20.1-GCC-11.3.0 module: False
== 2023-06-09 12:49:03,324 easyconfig.py:2181 INFO Found loaded index for /user/gent/438/vsc43810/easybuild/easybuild-easyconfigs/easybuild/easyconfigs
== 2023-06-09 12:49:03,324 easyconfig.py:2181 INFO Found loaded index for /user/gent/438/vsc43810/easybuild/easybuild-easyconfigs/easybuild/easyconfigs
== 2023-06-09 12:49:03,324 easyconfig.py:2181 INFO Found loaded index for /user/gent/438/vsc43810/easybuild/easybuild-easyconfigs/easybuild/easyconfigs
== 2023-06-09 12:49:03,324 easyconfig.py:2181 INFO Found loaded index for /user/gent/438/vsc43810/easybuild/easybuild-easyconfigs/easybuild/easyconfigs
== 2023-06-09 12:49:03,324 easyconfig.py:2357 INFO Minimally resolving dependency {'full_mod_name': None, 'short_mod_name': None, 'name': 'graphviz-python', 'version': '0.20.1', 'versionsuffix': '', 'toolchain': {'name': 'foss', 'version': '2022a'}, 'toolchain_inherited': True, 'system': False, 'hidden': False, 'build_only': False, 'external_module': False, 'external_module_metadata': {}} using toolchain {'name': 'GCCcore', 'version': '11.3.0'}
== 2023-06-09 12:49:03,325 modules.py:626 INFO Checking whether OpenCV/4.6.0-gompi-2022a-contrib exists...
== 2023-06-09 12:49:03,325 modules.py:647 INFO Module OpenCV/4.6.0-gompi-2022a-contrib not found via module avail/show, checking whether it is a wrapper
== 2023-06-09 12:49:03,325 modules.py:654 INFO Result for existence check of OpenCV/4.6.0-gompi-2022a-contrib module: False
== 2023-06-09 12:49:03,326 modules.py:626 INFO Checking whether OpenCV/4.6.0-gfbf-2022a-contrib exists...
== 2023-06-09 12:49:03,326 modules.py:647 INFO Module OpenCV/4.6.0-gfbf-2022a-contrib not found via module avail/show, checking whether it is a wrapper
== 2023-06-09 12:49:03,326 modules.py:654 INFO Result for existence check of OpenCV/4.6.0-gfbf-2022a-contrib module: False
== 2023-06-09 12:49:03,326 modules.py:626 INFO Checking whether OpenCV/4.6.0-GCC-11.3.0-contrib exists...
== 2023-06-09 12:49:03,326 modules.py:647 INFO Module OpenCV/4.6.0-GCC-11.3.0-contrib not found via module avail/show, checking whether it is a wrapper
== 2023-06-09 12:49:03,326 modules.py:654 INFO Result for existence check of OpenCV/4.6.0-GCC-11.3.0-contrib module: False
== 2023-06-09 12:49:03,326 modules.py:626 INFO Checking whether OpenCV/4.6.0-GCCcore-11.3.0-contrib exists...
== 2023-06-09 12:49:03,326 modules.py:647 INFO Module OpenCV/4.6.0-GCCcore-11.3.0-contrib not found via module avail/show, checking whether it is a wrapper
== 2023-06-09 12:49:03,327 modules.py:654 INFO Result for existence check of OpenCV/4.6.0-GCCcore-11.3.0-contrib module: False
== 2023-06-09 12:49:03,327 easyconfig.py:2357 INFO Minimally resolving dependency {'full_mod_name': None, 'short_mod_name': None, 'name': 'OpenCV', 'version': '4.6.0', 'versionsuffix': '-contrib', 'toolchain': {'name': 'foss', 'version': '2022a'}, 'toolchain_inherited': True, 'system': False, 'hidden': False, 'build_only': False, 'external_module': False, 'external_module_metadata': {}} using toolchain {'name': 'foss', 'version': '2022a'}
== 2023-06-09 12:49:03,327 modules.py:626 INFO Checking whether R/4.2.1-gompi-2022a exists...
== 2023-06-09 12:49:03,328 modules.py:647 INFO Module R/4.2.1-gompi-2022a not found via module avail/show, checking whether it is a wrapper
== 2023-06-09 12:49:03,328 modules.py:654 INFO Result for existence check of R/4.2.1-gompi-2022a module: False
== 2023-06-09 12:49:03,328 modules.py:626 INFO Checking whether R/4.2.1-gfbf-2022a exists...
== 2023-06-09 12:49:03,328 modules.py:647 INFO Module R/4.2.1-gfbf-2022a not found via module avail/show, checking whether it is a wrapper
== 2023-06-09 12:49:03,328 modules.py:654 INFO Result for existence check of R/4.2.1-gfbf-2022a module: False
== 2023-06-09 12:49:03,328 modules.py:626 INFO Checking whether R/4.2.1-GCC-11.3.0 exists...
== 2023-06-09 12:49:03,328 modules.py:647 INFO Module R/4.2.1-GCC-11.3.0 not found via module avail/show, checking whether it is a wrapper
== 2023-06-09 12:49:03,329 modules.py:654 INFO Result for existence check of R/4.2.1-GCC-11.3.0 module: False
== 2023-06-09 12:49:03,329 modules.py:626 INFO Checking whether R/4.2.1-GCCcore-11.3.0 exists...
== 2023-06-09 12:49:03,329 modules.py:647 INFO Module R/4.2.1-GCCcore-11.3.0 not found via module avail/show, checking whether it is a wrapper
== 2023-06-09 12:49:03,329 modules.py:654 INFO Result for existence check of R/4.2.1-GCCcore-11.3.0 module: False
== 2023-06-09 12:49:03,329 easyconfig.py:2357 INFO Minimally resolving dependency {'full_mod_name': None, 'short_mod_name': None, 'name': 'R', 'version': '4.2.1', 'versionsuffix': '', 'toolchain': {'name': 'foss', 'version': '2022a'}, 'toolchain_inherited': True, 'system': False, 'hidden': False, 'build_only': False, 'external_module': False, 'external_module_metadata': {}} using toolchain {'name': 'foss', 'version': '2022a'}
== 2023-06-09 12:49:03,330 pythonpackage.py:307 INFO Using default value for expected module name (lowercase software name): 'mxnet'
== 2023-06-09 12:49:03,330 pythonpackage.py:315 INFO Inherited setting for detection of downloaded dependencies from parent: False
== 2023-06-09 12:49:03,331 pythonpackage.py:371 INFO Using '%(python)s setup.py %(install_target)s --prefix=%(prefix)s %(installopts)s' as install command
== 2023-06-09 12:49:03,331 easyconfig.py:464 INFO Performing quick parse to check for valid easyconfig file...
== 2023-06-09 12:49:03,331 environment.py:93 INFO Environment variable LMOD_QUIET set to 1 (previous value: '1')
== 2023-06-09 12:49:03,332 environment.py:93 INFO Environment variable LMOD_IGNORE_CACHE set to 1 (previous value: '1')
== 2023-06-09 12:49:03,332 environment.py:93 INFO Environment variable LMOD_REDIRECT set to no (previous value: 'no')
== 2023-06-09 12:49:03,332 environment.py:93 INFO Environment variable LMOD_EXTENDED_DEFAULT set to no (previous value: 'no')
== 2023-06-09 12:49:03,332 modules.py:299 INFO Full path for Lmod command is /usr/share/lmod/lmod/libexec/lmod, so using it
== 2023-06-09 12:49:03,332 modules.py:455 INFO Prepended list of module paths with path used by EasyBuild: /scratch/gent/vo/001/gvo00117/easybuild/RHEL8/cascadelake-ampere-ib/modules/all
== 2023-06-09 12:49:03,332 easyconfig.py:473 INFO Obtained list of valid module classes: ['base', 'ai', 'astro', 'bio', 'cae', 'chem', 'compiler', 'data', 'debugger', 'devel', 'geo', 'ide', 'lang', 'lib', 'math', 'mpi', 'numlib', 'perf', 'quantum', 'phys', 'system', 'toolchain', 'tools', 'vis']
== 2023-06-09 12:49:03,333 easyconfig.py:1926 INFO Successfully obtained EB_MXNet class instance from easybuild.easyblocks.mxnet
== 2023-06-09 12:49:03,333 easyconfig.py:1943 INFO Successfully obtained class 'EB_MXNet' for easyblock 'None' (software name 'MXNet')
== 2023-06-09 12:49:03,333 easyconfig.py:705 INFO Parsing easyconfig file None with rawcontent: name = 'MXNet'
version = '1.9.1'

homepage = 'https://mxnet.io/'
description = """Flexible and Efficient Library for Deep Learning"""

toolchain = {'name': 'foss', 'version': '2022a'}
toolchainopts = {'cstd': 'c++11', 'opt': True, 'pic': True, 'openmp': True}

source_urls = ['https://github.com/apache/mxnet/archive']

# MXNet pulls in a bunch of submodules which don't have releases.
sources = [
    'v%(version)s.tar.gz',                                              # MXNet
    'https://github.com/dmlc/ps-lite/archive/34fd45cae457d59850fdcb2066467778d0673f21.tar.gz',    # ps-lite
    'https://github.com/apache/tvm/archive/efdac9439506d1de5eec91ecc795982c78e41909.tar.gz',       # tvm
    'https://github.com/dmlc/dmlc-core/archive/5df8305fe699d3b503d10c60a231ab0223142407.tar.gz',  # dmlc-core
    'https://github.com/dmlc/dlpack/archive/3efc489b55385936531a06ff83425b719387ec63.tar.gz',  # dlpack
    'https://github.com/google/googletest/archive/eb9225ce361affe561592e0912320b9db84985d0.tar.gz',  # googletest
    'https://github.com/kpu/intgemm/archive/8f28282c3bd854922da638024d2659be52e892e9.tar.gz',  # intgemm
    'https://github.com/NVlabs/cub/archive/0158fa19f28619886232defd412433974af89611.tar.gz',  # cub
    'https://github.com/oneapi-src/oneDNN/archive/58be3660fb57c4c4a3d306730e849237d1271572.tar.gz',  # oneDNN
    'https://github.com/onnx/onnx-tensorrt/archive/5df8305fe699d3b503d10c60a231ab0223142407.tar.gz',  # onnx-tensorrt
]

dependencies = [
    ('Python', '3.10.4'),
    ('graphviz-python', '0.20.1'),
    ('OpenCV', '4.6.0', '-contrib'),
    ('R', '4.2.1'),
]

moduleclass = 'math'

== 2023-06-09 12:49:03,333 parser.py:139 INFO Type checking of easyconfig parameter values passed!
== 2023-06-09 12:49:03,334 easyconfig.py:686 INFO setting easyconfig parameter dependencies: value [('Python', '3.10.4'), ('graphviz-python', '0.20.1'), ('OpenCV', '4.6.0', '-contrib'), ('R', '4.2.1')] (type: <class 'list'>)
== 2023-06-09 12:49:03,334 easyconfig.py:686 INFO setting easyconfig parameter description: value Flexible and Efficient Library for Deep Learning (type: <class 'str'>)
== 2023-06-09 12:49:03,334 easyconfig.py:686 INFO setting easyconfig parameter homepage: value https://mxnet.io/ (type: <class 'str'>)
== 2023-06-09 12:49:03,334 easyconfig.py:686 INFO setting easyconfig parameter moduleclass: value math (type: <class 'str'>)
== 2023-06-09 12:49:03,334 easyconfig.py:686 INFO setting easyconfig parameter name: value MXNet (type: <class 'str'>)
== 2023-06-09 12:49:03,334 easyconfig.py:686 INFO setting easyconfig parameter source_urls: value ['https://github.com/apache/mxnet/archive'] (type: <class 'list'>)
== 2023-06-09 12:49:03,334 easyconfig.py:686 INFO setting easyconfig parameter sources: value ['v%(version)s.tar.gz', 'https://github.com/dmlc/ps-lite/archive/34fd45cae457d59850fdcb2066467778d0673f21.tar.gz', 'https://github.com/apache/tvm/archive/efdac9439506d1de5eec91ecc795982c78e41909.tar.gz', 'https://github.com/dmlc/dmlc-core/archive/5df8305fe699d3b503d10c60a231ab0223142407.tar.gz', 'https://github.com/dmlc/dlpack/archive/3efc489b55385936531a06ff83425b719387ec63.tar.gz', 'https://github.com/google/googletest/archive/eb9225ce361affe561592e0912320b9db84985d0.tar.gz', 'https://github.com/kpu/intgemm/archive/8f28282c3bd854922da638024d2659be52e892e9.tar.gz', 'https://github.com/NVlabs/cub/archive/0158fa19f28619886232defd412433974af89611.tar.gz', 'https://github.com/oneapi-src/oneDNN/archive/58be3660fb57c4c4a3d306730e849237d1271572.tar.gz', 'https://github.com/onnx/onnx-tensorrt/archive/5df8305fe699d3b503d10c60a231ab0223142407.tar.gz'] (type: <class 'list'>)
== 2023-06-09 12:49:03,334 easyconfig.py:686 INFO setting easyconfig parameter toolchain: value {'name': 'foss', 'version': '2022a'} (type: <class 'dict'>)
== 2023-06-09 12:49:03,334 easyconfig.py:686 INFO setting easyconfig parameter toolchainopts: value {'cstd': 'c++11', 'opt': True, 'pic': True, 'openmp': True} (type: <class 'dict'>)
== 2023-06-09 12:49:03,334 easyconfig.py:686 INFO setting easyconfig parameter version: value 1.9.1 (type: <class 'str'>)
== 2023-06-09 12:49:03,334 easyconfig.py:747 INFO Parsing dependency specifications...
== 2023-06-09 12:49:03,334 easyconfig.py:1690 INFO Generating template values...
== 2023-06-09 12:49:03,335 mpi.py:122 INFO Using template MPI command 'mpirun -n %(nr_ranks)s %(cmd)s' for MPI family 'OpenMPI'
== 2023-06-09 12:49:03,335 mpi.py:307 INFO Using MPI command template 'mpirun -n %(nr_ranks)s %(cmd)s' (params: {'nr_ranks': 1, 'cmd': 'xxx_command_xxx'})
== 2023-06-09 12:49:03,335 easyconfig.py:1709 INFO Template values: arch='x86_64', bitbucket_account='mxnet', github_account='mxnet', mpi_cmd_prefix='mpirun -n 1', name='MXNet', nameletter='M', nameletterlower='m', namelower='mxnet', pymajver='3', pyminver='10', pyshortver='3.10', pyver='3.10.4', rmajver='4', rminver='2', rshortver='4.2', rver='4.2.1', toolchain_name='foss', toolchain_version='2022a', version='1.9.1', version_major='1', version_major_minor='1.9', version_minor='9', versionprefix='', versionsuffix=''
== 2023-06-09 12:49:03,336 modules.py:626 INFO Checking whether Python/3.10.4-foss-2022a exists...
== 2023-06-09 12:49:03,336 modules.py:647 INFO Module Python/3.10.4-foss-2022a not found via module avail/show, checking whether it is a wrapper
== 2023-06-09 12:49:03,337 modules.py:654 INFO Result for existence check of Python/3.10.4-foss-2022a module: False
== 2023-06-09 12:49:03,337 modules.py:626 INFO Checking whether Python/3.10.4-gompi-2022a exists...
== 2023-06-09 12:49:03,337 modules.py:647 INFO Module Python/3.10.4-gompi-2022a not found via module avail/show, checking whether it is a wrapper
== 2023-06-09 12:49:03,337 modules.py:654 INFO Result for existence check of Python/3.10.4-gompi-2022a module: False
== 2023-06-09 12:49:03,337 modules.py:626 INFO Checking whether Python/3.10.4-gfbf-2022a exists...
== 2023-06-09 12:49:03,337 modules.py:647 INFO Module Python/3.10.4-gfbf-2022a not found via module avail/show, checking whether it is a wrapper
== 2023-06-09 12:49:03,337 modules.py:654 INFO Result for existence check of Python/3.10.4-gfbf-2022a module: False
== 2023-06-09 12:49:03,337 modules.py:626 INFO Checking whether Python/3.10.4-GCC-11.3.0 exists...
== 2023-06-09 12:49:03,338 modules.py:647 INFO Module Python/3.10.4-GCC-11.3.0 not found via module avail/show, checking whether it is a wrapper
== 2023-06-09 12:49:03,338 modules.py:654 INFO Result for existence check of Python/3.10.4-GCC-11.3.0 module: False
== 2023-06-09 12:49:03,338 easyconfig.py:2181 INFO Found loaded index for /user/gent/438/vsc43810/easybuild/easybuild-easyconfigs/easybuild/easyconfigs
== 2023-06-09 12:49:03,338 easyconfig.py:2181 INFO Found loaded index for /user/gent/438/vsc43810/easybuild/easybuild-easyconfigs/easybuild/easyconfigs
== 2023-06-09 12:49:03,338 easyconfig.py:2181 INFO Found loaded index for /user/gent/438/vsc43810/easybuild/easybuild-easyconfigs/easybuild/easyconfigs
== 2023-06-09 12:49:03,338 easyconfig.py:2181 INFO Found loaded index for /user/gent/438/vsc43810/easybuild/easybuild-easyconfigs/easybuild/easyconfigs
== 2023-06-09 12:49:03,338 easyconfig.py:2357 INFO Minimally resolving dependency {'full_mod_name': None, 'short_mod_name': None, 'name': 'Python', 'version': '3.10.4', 'versionsuffix': '', 'toolchain': {'name': 'foss', 'version': '2022a'}, 'toolchain_inherited': True, 'system': False, 'hidden': False, 'build_only': False, 'external_module': False, 'external_module_metadata': {}} using toolchain {'name': 'GCCcore', 'version': '11.3.0'}
== 2023-06-09 12:49:03,339 modules.py:626 INFO Checking whether graphviz-python/0.20.1-foss-2022a exists...
== 2023-06-09 12:49:03,339 modules.py:647 INFO Module graphviz-python/0.20.1-foss-2022a not found via module avail/show, checking whether it is a wrapper
== 2023-06-09 12:49:03,339 modules.py:654 INFO Result for existence check of graphviz-python/0.20.1-foss-2022a module: False
== 2023-06-09 12:49:03,339 modules.py:626 INFO Checking whether graphviz-python/0.20.1-gompi-2022a exists...
== 2023-06-09 12:49:03,339 modules.py:647 INFO Module graphviz-python/0.20.1-gompi-2022a not found via module avail/show, checking whether it is a wrapper
== 2023-06-09 12:49:03,340 modules.py:654 INFO Result for existence check of graphviz-python/0.20.1-gompi-2022a module: False
== 2023-06-09 12:49:03,340 modules.py:626 INFO Checking whether graphviz-python/0.20.1-gfbf-2022a exists...
== 2023-06-09 12:49:03,340 modules.py:647 INFO Module graphviz-python/0.20.1-gfbf-2022a not found via module avail/show, checking whether it is a wrapper
== 2023-06-09 12:49:03,340 modules.py:654 INFO Result for existence check of graphviz-python/0.20.1-gfbf-2022a module: False
== 2023-06-09 12:49:03,340 modules.py:626 INFO Checking whether graphviz-python/0.20.1-GCC-11.3.0 exists...
== 2023-06-09 12:49:03,340 modules.py:647 INFO Module graphviz-python/0.20.1-GCC-11.3.0 not found via module avail/show, checking whether it is a wrapper
== 2023-06-09 12:49:03,340 modules.py:654 INFO Result for existence check of graphviz-python/0.20.1-GCC-11.3.0 module: False
== 2023-06-09 12:49:03,341 easyconfig.py:2181 INFO Found loaded index for /user/gent/438/vsc43810/easybuild/easybuild-easyconfigs/easybuild/easyconfigs
== 2023-06-09 12:49:03,341 easyconfig.py:2181 INFO Found loaded index for /user/gent/438/vsc43810/easybuild/easybuild-easyconfigs/easybuild/easyconfigs
== 2023-06-09 12:49:03,341 easyconfig.py:2181 INFO Found loaded index for /user/gent/438/vsc43810/easybuild/easybuild-easyconfigs/easybuild/easyconfigs
== 2023-06-09 12:49:03,341 easyconfig.py:2181 INFO Found loaded index for /user/gent/438/vsc43810/easybuild/easybuild-easyconfigs/easybuild/easyconfigs
== 2023-06-09 12:49:03,341 easyconfig.py:2357 INFO Minimally resolving dependency {'full_mod_name': None, 'short_mod_name': None, 'name': 'graphviz-python', 'version': '0.20.1', 'versionsuffix': '', 'toolchain': {'name': 'foss', 'version': '2022a'}, 'toolchain_inherited': True, 'system': False, 'hidden': False, 'build_only': False, 'external_module': False, 'external_module_metadata': {}} using toolchain {'name': 'GCCcore', 'version': '11.3.0'}
== 2023-06-09 12:49:03,342 modules.py:626 INFO Checking whether OpenCV/4.6.0-gompi-2022a-contrib exists...
== 2023-06-09 12:49:03,342 modules.py:647 INFO Module OpenCV/4.6.0-gompi-2022a-contrib not found via module avail/show, checking whether it is a wrapper
== 2023-06-09 12:49:03,342 modules.py:654 INFO Result for existence check of OpenCV/4.6.0-gompi-2022a-contrib module: False
== 2023-06-09 12:49:03,342 modules.py:626 INFO Checking whether OpenCV/4.6.0-gfbf-2022a-contrib exists...
== 2023-06-09 12:49:03,342 modules.py:647 INFO Module OpenCV/4.6.0-gfbf-2022a-contrib not found via module avail/show, checking whether it is a wrapper
== 2023-06-09 12:49:03,342 modules.py:654 INFO Result for existence check of OpenCV/4.6.0-gfbf-2022a-contrib module: False
== 2023-06-09 12:49:03,343 modules.py:626 INFO Checking whether OpenCV/4.6.0-GCC-11.3.0-contrib exists...
== 2023-06-09 12:49:03,343 modules.py:647 INFO Module OpenCV/4.6.0-GCC-11.3.0-contrib not found via module avail/show, checking whether it is a wrapper
== 2023-06-09 12:49:03,343 modules.py:654 INFO Result for existence check of OpenCV/4.6.0-GCC-11.3.0-contrib module: False
== 2023-06-09 12:49:03,343 modules.py:626 INFO Checking whether OpenCV/4.6.0-GCCcore-11.3.0-contrib exists...
== 2023-06-09 12:49:03,343 modules.py:647 INFO Module OpenCV/4.6.0-GCCcore-11.3.0-contrib not found via module avail/show, checking whether it is a wrapper
== 2023-06-09 12:49:03,343 modules.py:654 INFO Result for existence check of OpenCV/4.6.0-GCCcore-11.3.0-contrib module: False
== 2023-06-09 12:49:03,343 easyconfig.py:2357 INFO Minimally resolving dependency {'full_mod_name': None, 'short_mod_name': None, 'name': 'OpenCV', 'version': '4.6.0', 'versionsuffix': '-contrib', 'toolchain': {'name': 'foss', 'version': '2022a'}, 'toolchain_inherited': True, 'system': False, 'hidden': False, 'build_only': False, 'external_module': False, 'external_module_metadata': {}} using toolchain {'name': 'foss', 'version': '2022a'}
== 2023-06-09 12:49:03,344 modules.py:626 INFO Checking whether R/4.2.1-gompi-2022a exists...
== 2023-06-09 12:49:03,344 modules.py:647 INFO Module R/4.2.1-gompi-2022a not found via module avail/show, checking whether it is a wrapper
== 2023-06-09 12:49:03,344 modules.py:654 INFO Result for existence check of R/4.2.1-gompi-2022a module: False
== 2023-06-09 12:49:03,344 modules.py:626 INFO Checking whether R/4.2.1-gfbf-2022a exists...
== 2023-06-09 12:49:03,345 modules.py:647 INFO Module R/4.2.1-gfbf-2022a not found via module avail/show, checking whether it is a wrapper
== 2023-06-09 12:49:03,345 modules.py:654 INFO Result for existence check of R/4.2.1-gfbf-2022a module: False
== 2023-06-09 12:49:03,345 modules.py:626 INFO Checking whether R/4.2.1-GCC-11.3.0 exists...
== 2023-06-09 12:49:03,345 modules.py:647 INFO Module R/4.2.1-GCC-11.3.0 not found via module avail/show, checking whether it is a wrapper
== 2023-06-09 12:49:03,345 modules.py:654 INFO Result for existence check of R/4.2.1-GCC-11.3.0 module: False
== 2023-06-09 12:49:03,345 modules.py:626 INFO Checking whether R/4.2.1-GCCcore-11.3.0 exists...
== 2023-06-09 12:49:03,345 modules.py:647 INFO Module R/4.2.1-GCCcore-11.3.0 not found via module avail/show, checking whether it is a wrapper
== 2023-06-09 12:49:03,345 modules.py:654 INFO Result for existence check of R/4.2.1-GCCcore-11.3.0 module: False
== 2023-06-09 12:49:03,346 easyconfig.py:2357 INFO Minimally resolving dependency {'full_mod_name': None, 'short_mod_name': None, 'name': 'R', 'version': '4.2.1', 'versionsuffix': '', 'toolchain': {'name': 'foss', 'version': '2022a'}, 'toolchain_inherited': True, 'system': False, 'hidden': False, 'build_only': False, 'external_module': False, 'external_module_metadata': {}} using toolchain {'name': 'foss', 'version': '2022a'}
== 2023-06-09 12:49:03,347 easyblock.py:4200 INFO Obtained application instance of for MXNet (easyblock: None)
== 2023-06-09 12:49:03,347 easyconfig.py:1690 INFO Generating template values...
== 2023-06-09 12:49:03,347 mpi.py:122 INFO Using template MPI command 'mpirun -n %(nr_ranks)s %(cmd)s' for MPI family 'OpenMPI'
== 2023-06-09 12:49:03,347 mpi.py:307 INFO Using MPI command template 'mpirun -n %(nr_ranks)s %(cmd)s' (params: {'nr_ranks': 1, 'cmd': 'xxx_command_xxx'})
== 2023-06-09 12:49:03,347 easyconfig.py:1709 INFO Template values: arch='x86_64', bitbucket_account='mxnet', github_account='mxnet', module_name='MXNet/1.9.1-foss-2022a', mpi_cmd_prefix='mpirun -n 1', name='MXNet', nameletter='M', nameletterlower='m', namelower='mxnet', pymajver='3', pyminver='10', pyshortver='3.10', pyver='3.10.4', rmajver='4', rminver='2', rshortver='4.2', rver='4.2.1', toolchain_name='foss', toolchain_version='2022a', version='1.9.1', version_major='1', version_major_minor='1.9', version_minor='9', versionprefix='', versionsuffix=''
== 2023-06-09 12:49:03,348 one.py:180 INFO Skipping reformatting value for parameter 'toolchain'
== 2023-06-09 12:49:03,348 one.py:180 INFO Skipping reformatting value for parameter 'toolchainopts'
== 2023-06-09 12:49:03,349 filetools.py:1914 INFO Creating directory /tmp/vsc43810/eb-qao_5vvs/reprod_20230609124903_324445 (parents: True, set_gid: False, sticky: False)
== 2023-06-09 12:49:03,349 easyblock.py:4454 INFO Dumped easyconfig instance to /tmp/vsc43810/eb-qao_5vvs/reprod_20230609124903_324445/MXNet-1.9.1-foss-2022a.eb
== 2023-06-09 12:49:03,350 filetools.py:1914 INFO Creating directory /tmp/vsc43810/eb-qao_5vvs/reprod_20230609124903_324445/easyblocks (parents: True, set_gid: False, sticky: False)
== 2023-06-09 12:49:03,363 filetools.py:2427 INFO /user/gent/438/vsc43810/easybuild/easybuild-easyblocks/easybuild/easyblocks/generic/makecp.py copied to /tmp/vsc43810/eb-qao_5vvs/reprod_20230609124903_324445/easyblocks/makecp.py
== 2023-06-09 12:49:03,363 easyblock.py:4434 INFO Dumped easyblock makecp.py required for reproduction to /tmp/vsc43810/eb-qao_5vvs/reprod_20230609124903_324445/easyblocks
== 2023-06-09 12:49:03,363 filetools.py:2427 INFO /user/gent/438/vsc43810/easybuild/easybuild-easyblocks/easybuild/easyblocks/m/mxnet.py copied to /tmp/vsc43810/eb-qao_5vvs/reprod_20230609124903_324445/easyblocks/mxnet.py
== 2023-06-09 12:49:03,363 easyblock.py:4434 INFO Dumped easyblock mxnet.py required for reproduction to /tmp/vsc43810/eb-qao_5vvs/reprod_20230609124903_324445/easyblocks
== 2023-06-09 12:49:03,373 filetools.py:2427 INFO /user/gent/438/vsc43810/easybuild/easybuild-easyblocks/easybuild/easyblocks/generic/configuremake.py copied to /tmp/vsc43810/eb-qao_5vvs/reprod_20230609124903_324445/easyblocks/configuremake.py
== 2023-06-09 12:49:03,373 easyblock.py:4434 INFO Dumped easyblock configuremake.py required for reproduction to /tmp/vsc43810/eb-qao_5vvs/reprod_20230609124903_324445/easyblocks
== 2023-06-09 12:49:03,375 easyblock.py:2209 INFO Number of iterations to perform for central part of installation procedure: 1
== 2023-06-09 12:49:03,376 build_log.py:267 INFO building and installing MXNet/1.9.1-foss-2022a...
== 2023-06-09 12:49:03,381 filetools.py:2007 INFO Lock /scratch/gent/vo/001/gvo00117/easybuild/RHEL8/cascadelake-ampere-ib/software/.locks/_scratch_gent_vo_001_gvo00117_easybuild_RHEL8_cascadelake-ampere-ib_software_MXNet_1.9.1-foss-2022a.lock does not exist
== 2023-06-09 12:49:03,381 filetools.py:1948 INFO Creating lock at /scratch/gent/vo/001/gvo00117/easybuild/RHEL8/cascadelake-ampere-ib/software/.locks/_scratch_gent_vo_001_gvo00117_easybuild_RHEL8_cascadelake-ampere-ib_software_MXNet_1.9.1-foss-2022a.lock...
== 2023-06-09 12:49:03,381 filetools.py:1914 INFO Creating directory /scratch/gent/vo/001/gvo00117/easybuild/RHEL8/cascadelake-ampere-ib/software/.locks/_scratch_gent_vo_001_gvo00117_easybuild_RHEL8_cascadelake-ampere-ib_software_MXNet_1.9.1-foss-2022a.lock (parents: True, set_gid: False, sticky: False)
== 2023-06-09 12:49:03,407 filetools.py:1957 INFO Lock created: /scratch/gent/vo/001/gvo00117/easybuild/RHEL8/cascadelake-ampere-ib/software/.locks/_scratch_gent_vo_001_gvo00117_easybuild_RHEL8_cascadelake-ampere-ib_software_MXNet_1.9.1-foss-2022a.lock
== 2023-06-09 12:49:03,407 build_log.py:267 INFO fetching files...
== 2023-06-09 12:49:03,409 easyblock.py:3926 INFO Starting fetch step
== 2023-06-09 12:49:03,409 easyconfig.py:1690 INFO Generating template values...
== 2023-06-09 12:49:03,409 mpi.py:122 INFO Using template MPI command 'mpirun -n %(nr_ranks)s %(cmd)s' for MPI family 'OpenMPI'
== 2023-06-09 12:49:03,409 mpi.py:307 INFO Using MPI command template 'mpirun -n %(nr_ranks)s %(cmd)s' (params: {'nr_ranks': 1, 'cmd': 'xxx_command_xxx'})
== 2023-06-09 12:49:03,409 easyconfig.py:1709 INFO Template values: arch='x86_64', bitbucket_account='mxnet', builddir='/tmp/vsc43810/easybuild/build/MXNet/1.9.1/foss-2022a', github_account='mxnet', installdir='/scratch/gent/vo/001/gvo00117/easybuild/RHEL8/cascadelake-ampere-ib/software/MXNet/1.9.1-foss-2022a', module_name='MXNet/1.9.1-foss-2022a', mpi_cmd_prefix='mpirun -n 1', name='MXNet', nameletter='M', nameletterlower='m', namelower='mxnet', pymajver='3', pyminver='10', pyshortver='3.10', pyver='3.10.4', rmajver='4', rminver='2', rshortver='4.2', rver='4.2.1', start_dir='None', toolchain_name='foss', toolchain_version='2022a', version='1.9.1', version_major='1', version_major_minor='1.9', version_minor='9', versionprefix='', versionsuffix=''
== 2023-06-09 12:49:03,409 easyblock.py:3934 INFO Running method fetch_step part of step fetch
== 2023-06-09 12:49:03,410 easyblock.py:2331 WARNING Easyconfig does not specify an EasyBuild-version (key 'easybuild_version')! Assuming the latest version
== 2023-06-09 12:49:03,410 easyblock.py:803 INFO Considering directory in which easyconfig file is located when searching for checksums.json: /kyukon/home/gent/438/vsc43810/vsc-software-stack/89_omnipose
== 2023-06-09 12:49:03,410 tools.py:273 INFO Found location to 'eb' script via $EB_SCRIPT_PATH: /user/gent/438/vsc43810/easybuild/easybuild-framework/eb
== 2023-06-09 12:49:03,410 tools.py:289 INFO Not considering /user/gent/438/vsc43810/easybuild (no easybuild/easyconfigs subdir found)
== 2023-06-09 12:49:03,410 tools.py:297 INFO Also considering installation prefix /kyukon/home/gent/438/vsc43810/easybuild (via resolved path to 'eb')...
== 2023-06-09 12:49:03,630 build_log.py:171 ERROR EasyBuild crashed with an error (at easybuild/easybuild-framework/easybuild/base/exceptions.py:126 in __init__): Couldn't find file checksums.json anywhere, and downloading it is disabled... Paths attempted (in order): /kyukon/home/gent/438/vsc43810/vsc-software-stack/89_omnipose/m/MXNet/checksums.json, /kyukon/home/gent/438/vsc43810/vsc-software-stack/89_omnipose/MXNet/checksums.json, /kyukon/home/gent/438/vsc43810/vsc-software-stack/89_omnipose/checksums.json, /user/gent/438/vsc43810/easybuild/easybuild-easyconfigs/easybuild/easyconfigs/m/MXNet/checksums.json, /user/gent/438/vsc43810/easybuild/easybuild-easyconfigs/easybuild/easyconfigs/MXNet/checksums.json, /user/gent/438/vsc43810/easybuild/easybuild-easyconfigs/easybuild/easyconfigs/checksums.json, /user/gent/438/vsc43810/easybuild/easybuild-easyconfigs/easybuild/easyconfigs/m/MXNet/checksums.json, /user/gent/438/vsc43810/easybuild/easybuild-easyconfigs/easybuild/easyconfigs/MXNet/checksums.json, /user/gent/438/vsc43810/easybuild/easybuild-easyconfigs/easybuild/easyconfigs/checksums.json, /data/gent/vo/001/gvo00117/easybuild/sources/m/MXNet/checksums.json, /data/gent/vo/001/gvo00117/easybuild/sources/MXNet/checksums.json, /data/gent/vo/001/gvo00117/easybuild/sources/checksums.json, /apps/gent/sources/m/MXNet/checksums.json, /apps/gent/sources/MXNet/checksums.json, /apps/gent/sources/checksums.json  (at easybuild/easybuild-framework/easybuild/framework/easyblock.py:870 in obtain_file)
== 2023-06-09 12:49:03,630 easyblock.py:803 INFO Considering directory in which easyconfig file is located when searching for v1.9.1.tar.gz: /kyukon/home/gent/438/vsc43810/vsc-software-stack/89_omnipose
== 2023-06-09 12:49:03,630 tools.py:273 INFO Found location to 'eb' script via $EB_SCRIPT_PATH: /user/gent/438/vsc43810/easybuild/easybuild-framework/eb
== 2023-06-09 12:49:03,631 tools.py:289 INFO Not considering /user/gent/438/vsc43810/easybuild (no easybuild/easyconfigs subdir found)
== 2023-06-09 12:49:03,631 tools.py:297 INFO Also considering installation prefix /kyukon/home/gent/438/vsc43810/easybuild (via resolved path to 'eb')...
== 2023-06-09 12:49:03,631 easyblock.py:844 INFO Found file v1.9.1.tar.gz at /data/gent/vo/001/gvo00117/easybuild/sources/m/MXNet/v1.9.1.tar.gz
== 2023-06-09 12:49:03,631 easyblock.py:774 INFO Creating path /data/gent/vo/001/gvo00117/easybuild/sources/m/MXNet to download file to
== 2023-06-09 12:49:03,632 easyblock.py:785 INFO Found file 34fd45cae457d59850fdcb2066467778d0673f21.tar.gz at /data/gent/vo/001/gvo00117/easybuild/sources/m/MXNet, no need to download it
== 2023-06-09 12:49:03,632 easyblock.py:774 INFO Creating path /data/gent/vo/001/gvo00117/easybuild/sources/m/MXNet to download file to
== 2023-06-09 12:49:03,632 easyblock.py:785 INFO Found file efdac9439506d1de5eec91ecc795982c78e41909.tar.gz at /data/gent/vo/001/gvo00117/easybuild/sources/m/MXNet, no need to download it
== 2023-06-09 12:49:03,632 easyblock.py:774 INFO Creating path /data/gent/vo/001/gvo00117/easybuild/sources/m/MXNet to download file to
== 2023-06-09 12:49:03,633 easyblock.py:785 INFO Found file 5df8305fe699d3b503d10c60a231ab0223142407.tar.gz at /data/gent/vo/001/gvo00117/easybuild/sources/m/MXNet, no need to download it
== 2023-06-09 12:49:03,633 easyblock.py:774 INFO Creating path /data/gent/vo/001/gvo00117/easybuild/sources/m/MXNet to download file to
== 2023-06-09 12:49:03,634 easyblock.py:785 INFO Found file 3efc489b55385936531a06ff83425b719387ec63.tar.gz at /data/gent/vo/001/gvo00117/easybuild/sources/m/MXNet, no need to download it
== 2023-06-09 12:49:03,634 easyblock.py:774 INFO Creating path /data/gent/vo/001/gvo00117/easybuild/sources/m/MXNet to download file to
== 2023-06-09 12:49:03,634 easyblock.py:785 INFO Found file eb9225ce361affe561592e0912320b9db84985d0.tar.gz at /data/gent/vo/001/gvo00117/easybuild/sources/m/MXNet, no need to download it
== 2023-06-09 12:49:03,634 easyblock.py:774 INFO Creating path /data/gent/vo/001/gvo00117/easybuild/sources/m/MXNet to download file to
== 2023-06-09 12:49:03,635 easyblock.py:785 INFO Found file 8f28282c3bd854922da638024d2659be52e892e9.tar.gz at /data/gent/vo/001/gvo00117/easybuild/sources/m/MXNet, no need to download it
== 2023-06-09 12:49:03,635 easyblock.py:774 INFO Creating path /data/gent/vo/001/gvo00117/easybuild/sources/m/MXNet to download file to
== 2023-06-09 12:49:03,635 easyblock.py:785 INFO Found file 0158fa19f28619886232defd412433974af89611.tar.gz at /data/gent/vo/001/gvo00117/easybuild/sources/m/MXNet, no need to download it
== 2023-06-09 12:49:03,635 easyblock.py:774 INFO Creating path /data/gent/vo/001/gvo00117/easybuild/sources/m/MXNet to download file to
== 2023-06-09 12:49:03,636 easyblock.py:785 INFO Found file 58be3660fb57c4c4a3d306730e849237d1271572.tar.gz at /data/gent/vo/001/gvo00117/easybuild/sources/m/MXNet, no need to download it
== 2023-06-09 12:49:03,636 easyblock.py:774 INFO Creating path /data/gent/vo/001/gvo00117/easybuild/sources/m/MXNet to download file to
== 2023-06-09 12:49:03,636 easyblock.py:785 INFO Found file 5df8305fe699d3b503d10c60a231ab0223142407.tar.gz at /data/gent/vo/001/gvo00117/easybuild/sources/m/MXNet, no need to download it
== 2023-06-09 12:49:03,636 easyblock.py:496 INFO Added sources: [{'name': 'v1.9.1.tar.gz', 'path': '/data/gent/vo/001/gvo00117/easybuild/sources/m/MXNet/v1.9.1.tar.gz', 'cmd': None, 'checksum': None, 'finalpath': '/tmp/vsc43810/easybuild/build/MXNet/1.9.1/foss-2022a'}, {'name': 'https://github.com/dmlc/ps-lite/archive/34fd45cae457d59850fdcb2066467778d0673f21.tar.gz', 'path': '/data/gent/vo/001/gvo00117/easybuild/sources/m/MXNet/34fd45cae457d59850fdcb2066467778d0673f21.tar.gz', 'cmd': None, 'checksum': None, 'finalpath': '/tmp/vsc43810/easybuild/build/MXNet/1.9.1/foss-2022a'}, {'name': 'https://github.com/apache/tvm/archive/efdac9439506d1de5eec91ecc795982c78e41909.tar.gz', 'path': '/data/gent/vo/001/gvo00117/easybuild/sources/m/MXNet/efdac9439506d1de5eec91ecc795982c78e41909.tar.gz', 'cmd': None, 'checksum': None, 'finalpath': '/tmp/vsc43810/easybuild/build/MXNet/1.9.1/foss-2022a'}, {'name': 'https://github.com/dmlc/dmlc-core/archive/5df8305fe699d3b503d10c60a231ab0223142407.tar.gz', 'path': '/data/gent/vo/001/gvo00117/easybuild/sources/m/MXNet/5df8305fe699d3b503d10c60a231ab0223142407.tar.gz', 'cmd': None, 'checksum': None, 'finalpath': '/tmp/vsc43810/easybuild/build/MXNet/1.9.1/foss-2022a'}, {'name': 'https://github.com/dmlc/dlpack/archive/3efc489b55385936531a06ff83425b719387ec63.tar.gz', 'path': '/data/gent/vo/001/gvo00117/easybuild/sources/m/MXNet/3efc489b55385936531a06ff83425b719387ec63.tar.gz', 'cmd': None, 'checksum': None, 'finalpath': '/tmp/vsc43810/easybuild/build/MXNet/1.9.1/foss-2022a'}, {'name': 'https://github.com/google/googletest/archive/eb9225ce361affe561592e0912320b9db84985d0.tar.gz', 'path': '/data/gent/vo/001/gvo00117/easybuild/sources/m/MXNet/eb9225ce361affe561592e0912320b9db84985d0.tar.gz', 'cmd': None, 'checksum': None, 'finalpath': '/tmp/vsc43810/easybuild/build/MXNet/1.9.1/foss-2022a'}, {'name': 'https://github.com/kpu/intgemm/archive/8f28282c3bd854922da638024d2659be52e892e9.tar.gz', 'path': '/data/gent/vo/001/gvo00117/easybuild/sources/m/MXNet/8f28282c3bd854922da638024d2659be52e892e9.tar.gz', 'cmd': None, 'checksum': None, 'finalpath': '/tmp/vsc43810/easybuild/build/MXNet/1.9.1/foss-2022a'}, {'name': 'https://github.com/NVlabs/cub/archive/0158fa19f28619886232defd412433974af89611.tar.gz', 'path': '/data/gent/vo/001/gvo00117/easybuild/sources/m/MXNet/0158fa19f28619886232defd412433974af89611.tar.gz', 'cmd': None, 'checksum': None, 'finalpath': '/tmp/vsc43810/easybuild/build/MXNet/1.9.1/foss-2022a'}, {'name': 'https://github.com/oneapi-src/oneDNN/archive/58be3660fb57c4c4a3d306730e849237d1271572.tar.gz', 'path': '/data/gent/vo/001/gvo00117/easybuild/sources/m/MXNet/58be3660fb57c4c4a3d306730e849237d1271572.tar.gz', 'cmd': None, 'checksum': None, 'finalpath': '/tmp/vsc43810/easybuild/build/MXNet/1.9.1/foss-2022a'}, {'name': 'https://github.com/onnx/onnx-tensorrt/archive/5df8305fe699d3b503d10c60a231ab0223142407.tar.gz', 'path': '/data/gent/vo/001/gvo00117/easybuild/sources/m/MXNet/5df8305fe699d3b503d10c60a231ab0223142407.tar.gz', 'cmd': None, 'checksum': None, 'finalpath': '/tmp/vsc43810/easybuild/build/MXNet/1.9.1/foss-2022a'}]
== 2023-06-09 12:49:03,636 easyblock.py:2374 INFO no patches provided
== 2023-06-09 12:49:03,739 easyblock.py:2384 INFO md5 checksum for /data/gent/vo/001/gvo00117/easybuild/sources/m/MXNet/v1.9.1.tar.gz: f248e915a8739ef3d8d52c2b87e04dd3
== 2023-06-09 12:49:03,802 easyblock.py:2384 INFO sha256 checksum for /data/gent/vo/001/gvo00117/easybuild/sources/m/MXNet/v1.9.1.tar.gz: 9927f986b2c2c8315f2ba675e050ce1f4e24e84c4692e5f0a96248876784a8a7
== 2023-06-09 12:49:03,816 easyblock.py:2384 INFO md5 checksum for /data/gent/vo/001/gvo00117/easybuild/sources/m/MXNet/34fd45cae457d59850fdcb2066467778d0673f21.tar.gz: 2d680ad7b47975612e2ed1b3f03df6cf
== 2023-06-09 12:49:03,816 easyblock.py:2384 INFO sha256 checksum for /data/gent/vo/001/gvo00117/easybuild/sources/m/MXNet/34fd45cae457d59850fdcb2066467778d0673f21.tar.gz: ec5d5baab8bbf0c3983ad5f18d7f963f15ae7cd4d154ec204b03c1dceccf209b
== 2023-06-09 12:49:03,847 easyblock.py:2384 INFO md5 checksum for /data/gent/vo/001/gvo00117/easybuild/sources/m/MXNet/efdac9439506d1de5eec91ecc795982c78e41909.tar.gz: c49be10dc9ab9c7013b551ebccc84fd8
== 2023-06-09 12:49:03,857 easyblock.py:2384 INFO sha256 checksum for /data/gent/vo/001/gvo00117/easybuild/sources/m/MXNet/efdac9439506d1de5eec91ecc795982c78e41909.tar.gz: 656c38d66baeab885b0212602148bb55ad3cf7d22f52ded8ece53f88e103a2f5
== 2023-06-09 12:49:03,873 easyblock.py:2384 INFO md5 checksum for /data/gent/vo/001/gvo00117/easybuild/sources/m/MXNet/5df8305fe699d3b503d10c60a231ab0223142407.tar.gz: 825a6ffa63c1241417e185d29501336c
== 2023-06-09 12:49:03,874 easyblock.py:2384 INFO sha256 checksum for /data/gent/vo/001/gvo00117/easybuild/sources/m/MXNet/5df8305fe699d3b503d10c60a231ab0223142407.tar.gz: a8046f752f36005564d2924b4b6f73e1aea3cce7ff10f9e19d99ad6a22a045b2
== 2023-06-09 12:49:03,884 easyblock.py:2384 INFO md5 checksum for /data/gent/vo/001/gvo00117/easybuild/sources/m/MXNet/3efc489b55385936531a06ff83425b719387ec63.tar.gz: 8dc1c5bce2cf24ed6b92d779c9d0a5c7
== 2023-06-09 12:49:03,884 easyblock.py:2384 INFO sha256 checksum for /data/gent/vo/001/gvo00117/easybuild/sources/m/MXNet/3efc489b55385936531a06ff83425b719387ec63.tar.gz: b59586ce69bcf3efdbf3cf4803fadfeaae4948044e2b8d89cf912194cf28f233
== 2023-06-09 12:49:03,916 easyblock.py:2384 INFO md5 checksum for /data/gent/vo/001/gvo00117/easybuild/sources/m/MXNet/eb9225ce361affe561592e0912320b9db84985d0.tar.gz: c7d3fc535cda2aae46c06f1ab7655a2d
== 2023-06-09 12:49:03,918 easyblock.py:2384 INFO sha256 checksum for /data/gent/vo/001/gvo00117/easybuild/sources/m/MXNet/eb9225ce361affe561592e0912320b9db84985d0.tar.gz: a4cb4b0c3ebb191b798594aca674ad47eee255dcb4c26885cf7f49777703484f
== 2023-06-09 12:49:03,930 easyblock.py:2384 INFO md5 checksum for /data/gent/vo/001/gvo00117/easybuild/sources/m/MXNet/8f28282c3bd854922da638024d2659be52e892e9.tar.gz: ab31b6e4354fdf849edc53ea5a5f5883
== 2023-06-09 12:49:03,931 easyblock.py:2384 INFO sha256 checksum for /data/gent/vo/001/gvo00117/easybuild/sources/m/MXNet/8f28282c3bd854922da638024d2659be52e892e9.tar.gz: bc8bd8015613a13747eb769876385ec53e8c1ea7ae3f8414521dc53b8fcdfc65
== 2023-06-09 12:49:03,956 easyblock.py:2384 INFO md5 checksum for /data/gent/vo/001/gvo00117/easybuild/sources/m/MXNet/0158fa19f28619886232defd412433974af89611.tar.gz: 4cb0e21450774de616a0a5ccb4cd0b94
== 2023-06-09 12:49:03,958 easyblock.py:2384 INFO sha256 checksum for /data/gent/vo/001/gvo00117/easybuild/sources/m/MXNet/0158fa19f28619886232defd412433974af89611.tar.gz: 43424c4c17a997d1d730c89ec14688671245de7941e02b388d7d3df6ea53777a
== 2023-06-09 12:49:04,012 easyblock.py:2384 INFO md5 checksum for /data/gent/vo/001/gvo00117/easybuild/sources/m/MXNet/58be3660fb57c4c4a3d306730e849237d1271572.tar.gz: 4ee2879844267c3086be0ef8424f89ab
== 2023-06-09 12:49:04,027 easyblock.py:2384 INFO sha256 checksum for /data/gent/vo/001/gvo00117/easybuild/sources/m/MXNet/58be3660fb57c4c4a3d306730e849237d1271572.tar.gz: 0d170c30ea0a35fbe48008e0e7e729d0993720c14f320ce8e73a891ae176eec4
== 2023-06-09 12:49:04,027 easyblock.py:2384 INFO md5 checksum for /data/gent/vo/001/gvo00117/easybuild/sources/m/MXNet/5df8305fe699d3b503d10c60a231ab0223142407.tar.gz: 825a6ffa63c1241417e185d29501336c
== 2023-06-09 12:49:04,028 easyblock.py:2384 INFO sha256 checksum for /data/gent/vo/001/gvo00117/easybuild/sources/m/MXNet/5df8305fe699d3b503d10c60a231ab0223142407.tar.gz: a8046f752f36005564d2924b4b6f73e1aea3cce7ff10f9e19d99ad6a22a045b2
== 2023-06-09 12:49:04,057 easyblock.py:2419 INFO Checking dirs that need to be created: ['/scratch/gent/vo/001/gvo00117/easybuild/RHEL8/cascadelake-ampere-ib/software/MXNet/1.9.1-foss-2022a', '/scratch/gent/vo/001/gvo00117/easybuild/RHEL8/cascadelake-ampere-ib/modules/all/MXNet', '/scratch/gent/vo/001/gvo00117/easybuild/RHEL8/cascadelake-ampere-ib/modules/math/MXNet']
== 2023-06-09 12:49:04,073 configuremake.py:95 INFO config.guess version: 2018-08-29 (last updated: 2023-06-02T18:14:10.977767, SHA256 checksum: c02eb9cc55c86cfd1e9a794e548d25db5c9539e7b2154beb649bc6e2cbffc74c)
== 2023-06-09 12:49:04,073 configuremake.py:150 INFO Found config.guess at /apps/gent/sources/generic/eb_v4.7.3.dev0/ConfigureMake/config.guess
== 2023-06-09 12:49:04,073 build_log.py:267 INFO ... (took < 1 sec)
== 2023-06-09 12:49:04,075 build_log.py:267 INFO creating build dir, resetting environment...
== 2023-06-09 12:49:04,077 easyblock.py:3926 INFO Starting ready step
== 2023-06-09 12:49:04,077 easyconfig.py:1690 INFO Generating template values...
== 2023-06-09 12:49:04,078 mpi.py:122 INFO Using template MPI command 'mpirun -n %(nr_ranks)s %(cmd)s' for MPI family 'OpenMPI'
== 2023-06-09 12:49:04,078 mpi.py:307 INFO Using MPI command template 'mpirun -n %(nr_ranks)s %(cmd)s' (params: {'nr_ranks': 1, 'cmd': 'xxx_command_xxx'})
== 2023-06-09 12:49:04,078 easyconfig.py:1709 INFO Template values: arch='x86_64', bitbucket_account='mxnet', builddir='/tmp/vsc43810/easybuild/build/MXNet/1.9.1/foss-2022a', github_account='mxnet', installdir='/scratch/gent/vo/001/gvo00117/easybuild/RHEL8/cascadelake-ampere-ib/software/MXNet/1.9.1-foss-2022a', module_name='MXNet/1.9.1-foss-2022a', mpi_cmd_prefix='mpirun -n 1', name='MXNet', nameletter='M', nameletterlower='m', namelower='mxnet', pymajver='3', pyminver='10', pyshortver='3.10', pyver='3.10.4', rmajver='4', rminver='2', rshortver='4.2', rver='4.2.1', start_dir='None', toolchain_name='foss', toolchain_version='2022a', version='1.9.1', version_major='1', version_major_minor='1.9', version_minor='9', versionprefix='', versionsuffix=''
== 2023-06-09 12:49:04,078 easyblock.py:3934 INFO Running method check_readiness_step part of step ready
== 2023-06-09 12:49:04,082 run.py:236 INFO running cmd: ulimit -u 
== 2023-06-09 12:49:04,086 easyblock.py:2228 INFO Setting parallelism: 8
== 2023-06-09 12:49:04,128 easyblock.py:2280 WARNING Loaded modules detected: ['env/vsc/donphan', 'env/slurm/donphan', 'env/software/donphan', 'cluster/donphan']
== 2023-06-09 12:49:04,129 easyblock.py:3934 INFO Running method make_builddir part of step ready
== 2023-06-09 12:49:04,129 filetools.py:1914 INFO Creating directory /tmp/vsc43810/easybuild/build/MXNet/1.9.1/foss-2022a (parents: True, set_gid: False, sticky: False)
== 2023-06-09 12:49:04,131 easyblock.py:3934 INFO Running method reset_env part of step ready
== 2023-06-09 12:49:04,132 easyblock.py:3934 INFO Running method handle_iterate_opts part of step ready
== 2023-06-09 12:49:04,132 easyconfig.py:1690 INFO Generating template values...
== 2023-06-09 12:49:04,132 mpi.py:122 INFO Using template MPI command 'mpirun -n %(nr_ranks)s %(cmd)s' for MPI family 'OpenMPI'
== 2023-06-09 12:49:04,132 mpi.py:307 INFO Using MPI command template 'mpirun -n %(nr_ranks)s %(cmd)s' (params: {'nr_ranks': 1, 'cmd': 'xxx_command_xxx'})
== 2023-06-09 12:49:04,132 easyconfig.py:1709 INFO Template values: arch='x86_64', bitbucket_account='mxnet', builddir='/tmp/vsc43810/easybuild/build/MXNet/1.9.1/foss-2022a', github_account='mxnet', installdir='/scratch/gent/vo/001/gvo00117/easybuild/RHEL8/cascadelake-ampere-ib/software/MXNet/1.9.1-foss-2022a', module_name='MXNet/1.9.1-foss-2022a', mpi_cmd_prefix='mpirun -n 1', name='MXNet', nameletter='M', nameletterlower='m', namelower='mxnet', parallel='8', pymajver='3', pyminver='10', pyshortver='3.10', pyver='3.10.4', rmajver='4', rminver='2', rshortver='4.2', rver='4.2.1', start_dir='None', toolchain_name='foss', toolchain_version='2022a', version='1.9.1', version_major='1', version_major_minor='1.9', version_minor='9', versionprefix='', versionsuffix=''
== 2023-06-09 12:49:04,132 build_log.py:267 INFO ... (took < 1 sec)
== 2023-06-09 12:49:04,134 build_log.py:267 INFO unpacking...
== 2023-06-09 12:49:04,136 easyblock.py:3926 INFO Starting source step
== 2023-06-09 12:49:04,136 easyconfig.py:1690 INFO Generating template values...
== 2023-06-09 12:49:04,137 mpi.py:122 INFO Using template MPI command 'mpirun -n %(nr_ranks)s %(cmd)s' for MPI family 'OpenMPI'
== 2023-06-09 12:49:04,137 mpi.py:307 INFO Using MPI command template 'mpirun -n %(nr_ranks)s %(cmd)s' (params: {'nr_ranks': 1, 'cmd': 'xxx_command_xxx'})
== 2023-06-09 12:49:04,137 easyconfig.py:1709 INFO Template values: arch='x86_64', bitbucket_account='mxnet', builddir='/tmp/vsc43810/easybuild/build/MXNet/1.9.1/foss-2022a', github_account='mxnet', installdir='/scratch/gent/vo/001/gvo00117/easybuild/RHEL8/cascadelake-ampere-ib/software/MXNet/1.9.1-foss-2022a', module_name='MXNet/1.9.1-foss-2022a', mpi_cmd_prefix='mpirun -n 1', name='MXNet', nameletter='M', nameletterlower='m', namelower='mxnet', parallel='8', pymajver='3', pyminver='10', pyshortver='3.10', pyver='3.10.4', rmajver='4', rminver='2', rshortver='4.2', rver='4.2.1', start_dir='None', toolchain_name='foss', toolchain_version='2022a', version='1.9.1', version_major='1', version_major_minor='1.9', version_minor='9', versionprefix='', versionsuffix=''
== 2023-06-09 12:49:04,137 easyblock.py:3934 INFO Running method checksum_step part of step source
== 2023-06-09 12:49:04,137 easyblock.py:2437 INFO Checksum verification for /data/gent/vo/001/gvo00117/easybuild/sources/m/MXNet/v1.9.1.tar.gz using None passed.
== 2023-06-09 12:49:04,137 easyblock.py:2437 INFO Checksum verification for /data/gent/vo/001/gvo00117/easybuild/sources/m/MXNet/34fd45cae457d59850fdcb2066467778d0673f21.tar.gz using None passed.
== 2023-06-09 12:49:04,137 easyblock.py:2437 INFO Checksum verification for /data/gent/vo/001/gvo00117/easybuild/sources/m/MXNet/efdac9439506d1de5eec91ecc795982c78e41909.tar.gz using None passed.
== 2023-06-09 12:49:04,137 easyblock.py:2437 INFO Checksum verification for /data/gent/vo/001/gvo00117/easybuild/sources/m/MXNet/5df8305fe699d3b503d10c60a231ab0223142407.tar.gz using None passed.
== 2023-06-09 12:49:04,137 easyblock.py:2437 INFO Checksum verification for /data/gent/vo/001/gvo00117/easybuild/sources/m/MXNet/3efc489b55385936531a06ff83425b719387ec63.tar.gz using None passed.
== 2023-06-09 12:49:04,137 easyblock.py:2437 INFO Checksum verification for /data/gent/vo/001/gvo00117/easybuild/sources/m/MXNet/eb9225ce361affe561592e0912320b9db84985d0.tar.gz using None passed.
== 2023-06-09 12:49:04,137 easyblock.py:2437 INFO Checksum verification for /data/gent/vo/001/gvo00117/easybuild/sources/m/MXNet/8f28282c3bd854922da638024d2659be52e892e9.tar.gz using None passed.
== 2023-06-09 12:49:04,137 easyblock.py:2437 INFO Checksum verification for /data/gent/vo/001/gvo00117/easybuild/sources/m/MXNet/0158fa19f28619886232defd412433974af89611.tar.gz using None passed.
== 2023-06-09 12:49:04,137 easyblock.py:2437 INFO Checksum verification for /data/gent/vo/001/gvo00117/easybuild/sources/m/MXNet/58be3660fb57c4c4a3d306730e849237d1271572.tar.gz using None passed.
== 2023-06-09 12:49:04,137 easyblock.py:2437 INFO Checksum verification for /data/gent/vo/001/gvo00117/easybuild/sources/m/MXNet/5df8305fe699d3b503d10c60a231ab0223142407.tar.gz using None passed.
== 2023-06-09 12:49:04,137 easyblock.py:3934 INFO Running method extract_step part of step source
== 2023-06-09 12:49:04,138 easyblock.py:2549 INFO Unpacking source v1.9.1.tar.gz
== 2023-06-09 12:49:04,141 run.py:236 INFO running cmd: tar xzf /data/gent/vo/001/gvo00117/easybuild/sources/m/MXNet/v1.9.1.tar.gz 
== 2023-06-09 12:49:04,536 easyblock.py:2549 INFO Unpacking source https://github.com/dmlc/ps-lite/archive/34fd45cae457d59850fdcb2066467778d0673f21.tar.gz
== 2023-06-09 12:49:04,540 run.py:236 INFO running cmd: tar xzf /data/gent/vo/001/gvo00117/easybuild/sources/m/MXNet/34fd45cae457d59850fdcb2066467778d0673f21.tar.gz 
== 2023-06-09 12:49:04,550 easyblock.py:2549 INFO Unpacking source https://github.com/apache/tvm/archive/efdac9439506d1de5eec91ecc795982c78e41909.tar.gz
== 2023-06-09 12:49:04,553 run.py:236 INFO running cmd: tar xzf /data/gent/vo/001/gvo00117/easybuild/sources/m/MXNet/efdac9439506d1de5eec91ecc795982c78e41909.tar.gz 
== 2023-06-09 12:49:04,678 easyblock.py:2549 INFO Unpacking source https://github.com/dmlc/dmlc-core/archive/5df8305fe699d3b503d10c60a231ab0223142407.tar.gz
== 2023-06-09 12:49:04,681 run.py:236 INFO running cmd: tar xzf /data/gent/vo/001/gvo00117/easybuild/sources/m/MXNet/5df8305fe699d3b503d10c60a231ab0223142407.tar.gz 
== 2023-06-09 12:49:04,696 easyblock.py:2549 INFO Unpacking source https://github.com/dmlc/dlpack/archive/3efc489b55385936531a06ff83425b719387ec63.tar.gz
== 2023-06-09 12:49:04,698 run.py:236 INFO running cmd: tar xzf /data/gent/vo/001/gvo00117/easybuild/sources/m/MXNet/3efc489b55385936531a06ff83425b719387ec63.tar.gz 
== 2023-06-09 12:49:04,706 easyblock.py:2549 INFO Unpacking source https://github.com/google/googletest/archive/eb9225ce361affe561592e0912320b9db84985d0.tar.gz
== 2023-06-09 12:49:04,709 run.py:236 INFO running cmd: tar xzf /data/gent/vo/001/gvo00117/easybuild/sources/m/MXNet/eb9225ce361affe561592e0912320b9db84985d0.tar.gz 
== 2023-06-09 12:49:04,742 easyblock.py:2549 INFO Unpacking source https://github.com/kpu/intgemm/archive/8f28282c3bd854922da638024d2659be52e892e9.tar.gz
== 2023-06-09 12:49:04,745 run.py:236 INFO running cmd: tar xzf /data/gent/vo/001/gvo00117/easybuild/sources/m/MXNet/8f28282c3bd854922da638024d2659be52e892e9.tar.gz 
== 2023-06-09 12:49:04,756 easyblock.py:2549 INFO Unpacking source https://github.com/NVlabs/cub/archive/0158fa19f28619886232defd412433974af89611.tar.gz
== 2023-06-09 12:49:04,759 run.py:236 INFO running cmd: tar xzf /data/gent/vo/001/gvo00117/easybuild/sources/m/MXNet/0158fa19f28619886232defd412433974af89611.tar.gz 
== 2023-06-09 12:49:04,780 easyblock.py:2549 INFO Unpacking source https://github.com/oneapi-src/oneDNN/archive/58be3660fb57c4c4a3d306730e849237d1271572.tar.gz
== 2023-06-09 12:49:04,783 run.py:236 INFO running cmd: tar xzf /data/gent/vo/001/gvo00117/easybuild/sources/m/MXNet/58be3660fb57c4c4a3d306730e849237d1271572.tar.gz 
== 2023-06-09 12:49:04,958 easyblock.py:2549 INFO Unpacking source https://github.com/onnx/onnx-tensorrt/archive/5df8305fe699d3b503d10c60a231ab0223142407.tar.gz
== 2023-06-09 12:49:04,961 run.py:236 INFO running cmd: tar xzf /data/gent/vo/001/gvo00117/easybuild/sources/m/MXNet/5df8305fe699d3b503d10c60a231ab0223142407.tar.gz 
== 2023-06-09 12:49:04,998 build_log.py:171 ERROR EasyBuild crashed with an error (at easybuild/easybuild-framework/easybuild/base/exceptions.py:126 in __init__): Symlinking /tmp/vsc43810/easybuild/build/MXNet/1.9.1/foss-2022a/mxnet-1.9.1/dmlc-core to /tmp/vsc43810/easybuild/build/MXNet/1.9.1/foss-2022a/mxnet-1.9.1/nnvm/dmlc-core failed: [Errno 2] No such file or directory: '/tmp/vsc43810/easybuild/build/MXNet/1.9.1/foss-2022a/mxnet-1.9.1/dmlc-core' -> '/tmp/vsc43810/easybuild/build/MXNet/1.9.1/foss-2022a/mxnet-1.9.1/nnvm/dmlc-core' (at easybuild/easybuild-framework/easybuild/tools/filetools.py:341 in symlink)
== 2023-06-09 12:49:04,999 build_log.py:267 INFO ... (took < 1 sec)
== 2023-06-09 12:49:05,000 filetools.py:2015 INFO Removing lock /scratch/gent/vo/001/gvo00117/easybuild/RHEL8/cascadelake-ampere-ib/software/.locks/_scratch_gent_vo_001_gvo00117_easybuild_RHEL8_cascadelake-ampere-ib_software_MXNet_1.9.1-foss-2022a.lock...
== 2023-06-09 12:49:05,001 filetools.py:384 INFO Path /scratch/gent/vo/001/gvo00117/easybuild/RHEL8/cascadelake-ampere-ib/software/.locks/_scratch_gent_vo_001_gvo00117_easybuild_RHEL8_cascadelake-ampere-ib_software_MXNet_1.9.1-foss-2022a.lock successfully removed.
== 2023-06-09 12:49:05,001 filetools.py:2019 INFO Lock removed: /scratch/gent/vo/001/gvo00117/easybuild/RHEL8/cascadelake-ampere-ib/software/.locks/_scratch_gent_vo_001_gvo00117_easybuild_RHEL8_cascadelake-ampere-ib_software_MXNet_1.9.1-foss-2022a.lock
== 2023-06-09 12:49:05,001 easyblock.py:4257 WARNING build failed (first 300 chars): Symlinking /tmp/vsc43810/easybuild/build/MXNet/1.9.1/foss-2022a/mxnet-1.9.1/dmlc-core to /tmp/vsc43810/easybuild/build/MXNet/1.9.1/foss-2022a/mxnet-1.9.1/nnvm/dmlc-core failed: [Errno 2] No such file or directory: '/tmp/vsc43810/easybuild/build/MXNet/1.9.1/foss-2022a/mxnet-1.9.1/dmlc-core' -> '/tmp/
== 2023-06-09 12:49:05,001 easyblock.py:328 INFO Closing log for application name MXNet version 1.9.1
