# output for command: make  -j 8

curl -L -o longphase-1.3.tar.gz https://github.com/twolinin/longphase/archive/refs/tags/v1.3.tar.gz; \
tar -zxvf longphase-1.3.tar.gz; \
rm longphase-1.3.tar.gz
make: *** No rule to make target 'samtools-1.15.1/htslib-1.15.1', needed by 'libclair3.so'.  Stop.
make: *** Waiting for unfinished jobs....
  % Total    % Received % Xferd  Average Speed   Time    Time     Time  Current
                                 Dload  Upload   Total   Spent    Left  Speed
  0     0    0     0    0     0      0      0 --:--:-- --:--:-- --:--:--     0  0     0    0     0    0     0      0      0 --:--:-- --:--:-- --:--:--     0
100 3777k    0 3777k    0     0  4227k      0 --:--:-- --:--:-- --:--:-- 4227k100 4720k    0 4720k    0     0  3741k      0 --:--:--  0:00:01 --:--:-- 2563k
longphase-1.3/
longphase-1.3/Haplotag.cpp
longphase-1.3/Haplotag.h
longphase-1.3/HaplotagProcess.cpp
longphase-1.3/HaplotagProcess.h
longphase-1.3/Makefile
longphase-1.3/ParsingBam.cpp
longphase-1.3/ParsingBam.h
longphase-1.3/Phasing.cpp
longphase-1.3/Phasing.h
longphase-1.3/PhasingGraph.cpp
longphase-1.3/PhasingGraph.h
longphase-1.3/PhasingProcess.cpp
longphase-1.3/PhasingProcess.h
longphase-1.3/README.md
longphase-1.3/Util.cpp
longphase-1.3/Util.h
longphase-1.3/config.mk.in
longphase-1.3/configure.ac
longphase-1.3/htslib/
longphase-1.3/htslib/INSTALL
longphase-1.3/htslib/LICENSE
longphase-1.3/htslib/Makefile
longphase-1.3/htslib/NEWS
longphase-1.3/htslib/README
longphase-1.3/htslib/README.large_positions.md
longphase-1.3/htslib/autom4te.cache/
longphase-1.3/htslib/autom4te.cache/output.0
longphase-1.3/htslib/autom4te.cache/output.1
longphase-1.3/htslib/autom4te.cache/requests
longphase-1.3/htslib/autom4te.cache/traces.0
longphase-1.3/htslib/autom4te.cache/traces.1
longphase-1.3/htslib/bcf_sr_sort.c
longphase-1.3/htslib/bcf_sr_sort.h
longphase-1.3/htslib/bgzf.c
longphase-1.3/htslib/bgzip.1
longphase-1.3/htslib/bgzip.c
longphase-1.3/htslib/builddir_vars.mk.in
longphase-1.3/htslib/config.h
longphase-1.3/htslib/config.h.in
longphase-1.3/htslib/config.log
longphase-1.3/htslib/config.mk
longphase-1.3/htslib/config.mk.in
longphase-1.3/htslib/config.status
longphase-1.3/htslib/configure
longphase-1.3/htslib/configure.ac
longphase-1.3/htslib/cram/
longphase-1.3/htslib/cram/cram.h
longphase-1.3/htslib/cram/cram_codecs.c
longphase-1.3/htslib/cram/cram_codecs.h
longphase-1.3/htslib/cram/cram_decode.c
longphase-1.3/htslib/cram/cram_decode.h
longphase-1.3/htslib/cram/cram_encode.c
longphase-1.3/htslib/cram/cram_encode.h
longphase-1.3/htslib/cram/cram_external.c
longphase-1.3/htslib/cram/cram_index.c
longphase-1.3/htslib/cram/cram_index.h
longphase-1.3/htslib/cram/cram_io.c
longphase-1.3/htslib/cram/cram_io.h
longphase-1.3/htslib/cram/cram_samtools.h
longphase-1.3/htslib/cram/cram_stats.c
longphase-1.3/htslib/cram/cram_stats.h
longphase-1.3/htslib/cram/cram_structs.h
longphase-1.3/htslib/cram/mFILE.c
longphase-1.3/htslib/cram/mFILE.h
longphase-1.3/htslib/cram/misc.h
longphase-1.3/htslib/cram/open_trace_file.c
longphase-1.3/htslib/cram/open_trace_file.h
longphase-1.3/htslib/cram/os.h
longphase-1.3/htslib/cram/pooled_alloc.c
longphase-1.3/htslib/cram/pooled_alloc.h
longphase-1.3/htslib/cram/string_alloc.c
longphase-1.3/htslib/cram/string_alloc.h
longphase-1.3/htslib/errmod.c
longphase-1.3/htslib/faidx.5
longphase-1.3/htslib/faidx.c
longphase-1.3/htslib/header.c
longphase-1.3/htslib/header.h
longphase-1.3/htslib/hfile.c
longphase-1.3/htslib/hfile_gcs.c
longphase-1.3/htslib/hfile_internal.h
longphase-1.3/htslib/hfile_libcurl.c
longphase-1.3/htslib/hfile_s3.c
longphase-1.3/htslib/hfile_s3_write.c
longphase-1.3/htslib/hts.c
longphase-1.3/htslib/hts_expr.c
longphase-1.3/htslib/hts_internal.h
longphase-1.3/htslib/hts_os.c
longphase-1.3/htslib/hts_probe_cc.sh
longphase-1.3/htslib/hts_time_funcs.h
longphase-1.3/htslib/htscodecs.mk
longphase-1.3/htslib/htscodecs/
longphase-1.3/htslib/htscodecs/BENCHMARKS.md
longphase-1.3/htslib/htscodecs/LICENSE.md
longphase-1.3/htslib/htscodecs/MAINTAINERS.md
longphase-1.3/htslib/htscodecs/NEWS.md
longphase-1.3/htslib/htscodecs/htscodecs/
longphase-1.3/htslib/htscodecs/htscodecs/arith_dynamic.c
longphase-1.3/htslib/htscodecs/htscodecs/arith_dynamic.h
longphase-1.3/htslib/htscodecs/htscodecs/c_range_coder.h
longphase-1.3/htslib/htscodecs/htscodecs/c_simple_model.h
longphase-1.3/htslib/htscodecs/htscodecs/fqzcomp_qual.c
longphase-1.3/htslib/htscodecs/htscodecs/fqzcomp_qual.h
longphase-1.3/htslib/htscodecs/htscodecs/htscodecs.c
longphase-1.3/htslib/htscodecs/htscodecs/htscodecs.h
longphase-1.3/htslib/htscodecs/htscodecs/htscodecs_endian.h
longphase-1.3/htslib/htscodecs/htscodecs/pack.c
longphase-1.3/htslib/htscodecs/htscodecs/pack.h
longphase-1.3/htslib/htscodecs/htscodecs/permute.h
longphase-1.3/htslib/htscodecs/htscodecs/pooled_alloc.h
longphase-1.3/htslib/htscodecs/htscodecs/rANS_byte.h
longphase-1.3/htslib/htscodecs/htscodecs/rANS_static.c
longphase-1.3/htslib/htscodecs/htscodecs/rANS_static.h
longphase-1.3/htslib/htscodecs/htscodecs/rANS_static16_int.h
longphase-1.3/htslib/htscodecs/htscodecs/rANS_static32x16pr.c
longphase-1.3/htslib/htscodecs/htscodecs/rANS_static32x16pr.h
longphase-1.3/htslib/htscodecs/htscodecs/rANS_static32x16pr_avx2.c
longphase-1.3/htslib/htscodecs/htscodecs/rANS_static32x16pr_avx512.c
longphase-1.3/htslib/htscodecs/htscodecs/rANS_static32x16pr_neon.c
longphase-1.3/htslib/htscodecs/htscodecs/rANS_static32x16pr_sse4.c
longphase-1.3/htslib/htscodecs/htscodecs/rANS_static4x16.h
longphase-1.3/htslib/htscodecs/htscodecs/rANS_static4x16pr.c
longphase-1.3/htslib/htscodecs/htscodecs/rANS_word.h
longphase-1.3/htslib/htscodecs/htscodecs/rle.c
longphase-1.3/htslib/htscodecs/htscodecs/rle.h
longphase-1.3/htslib/htscodecs/htscodecs/tokenise_name3.c
longphase-1.3/htslib/htscodecs/htscodecs/tokenise_name3.h
longphase-1.3/htslib/htscodecs/htscodecs/utils.c
longphase-1.3/htslib/htscodecs/htscodecs/utils.h
longphase-1.3/htslib/htscodecs/htscodecs/varint.h
longphase-1.3/htslib/htscodecs/htscodecs/varint2.h
longphase-1.3/htslib/htscodecs/htscodecs/version.h
longphase-1.3/htslib/htscodecs/tests/
longphase-1.3/htslib/htscodecs/tests/arith.test
longphase-1.3/htslib/htscodecs/tests/arith_dynamic_fuzz.c
longphase-1.3/htslib/htscodecs/tests/arith_dynamic_test.c
longphase-1.3/htslib/htscodecs/tests/benchmark.sh
longphase-1.3/htslib/htscodecs/tests/dat/
longphase-1.3/htslib/htscodecs/tests/dat/arith/
longphase-1.3/htslib/htscodecs/tests/dat/arith/q4.0
longphase-1.3/htslib/htscodecs/tests/dat/arith/q4.1
longphase-1.3/htslib/htscodecs/tests/dat/arith/q4.128
longphase-1.3/htslib/htscodecs/tests/dat/arith/q4.129
longphase-1.3/htslib/htscodecs/tests/dat/arith/q4.192
longphase-1.3/htslib/htscodecs/tests/dat/arith/q4.193
longphase-1.3/htslib/htscodecs/tests/dat/arith/q4.64
longphase-1.3/htslib/htscodecs/tests/dat/arith/q4.65
longphase-1.3/htslib/htscodecs/tests/dat/arith/q4.8
longphase-1.3/htslib/htscodecs/tests/dat/arith/q4.9
longphase-1.3/htslib/htscodecs/tests/dat/arith/q40+dir.0
longphase-1.3/htslib/htscodecs/tests/dat/arith/q40+dir.1
longphase-1.3/htslib/htscodecs/tests/dat/arith/q40+dir.64
longphase-1.3/htslib/htscodecs/tests/dat/arith/q40+dir.65
longphase-1.3/htslib/htscodecs/tests/dat/arith/q40+dir.8
longphase-1.3/htslib/htscodecs/tests/dat/arith/q40+dir.9
longphase-1.3/htslib/htscodecs/tests/dat/arith/q8.0
longphase-1.3/htslib/htscodecs/tests/dat/arith/q8.1
longphase-1.3/htslib/htscodecs/tests/dat/arith/q8.128
longphase-1.3/htslib/htscodecs/tests/dat/arith/q8.129
longphase-1.3/htslib/htscodecs/tests/dat/arith/q8.192
longphase-1.3/htslib/htscodecs/tests/dat/arith/q8.193
longphase-1.3/htslib/htscodecs/tests/dat/arith/q8.64
longphase-1.3/htslib/htscodecs/tests/dat/arith/q8.65
longphase-1.3/htslib/htscodecs/tests/dat/arith/qvar.0
longphase-1.3/htslib/htscodecs/tests/dat/arith/qvar.1
longphase-1.3/htslib/htscodecs/tests/dat/arith/qvar.64
longphase-1.3/htslib/htscodecs/tests/dat/arith/qvar.65
longphase-1.3/htslib/htscodecs/tests/dat/fqzcomp/
longphase-1.3/htslib/htscodecs/tests/dat/fqzcomp/q4.0
longphase-1.3/htslib/htscodecs/tests/dat/fqzcomp/q4.1
longphase-1.3/htslib/htscodecs/tests/dat/fqzcomp/q4.2
longphase-1.3/htslib/htscodecs/tests/dat/fqzcomp/q4.3
longphase-1.3/htslib/htscodecs/tests/dat/fqzcomp/q40+dir.0
longphase-1.3/htslib/htscodecs/tests/dat/fqzcomp/q40+dir.1
longphase-1.3/htslib/htscodecs/tests/dat/fqzcomp/q40+dir.2
longphase-1.3/htslib/htscodecs/tests/dat/fqzcomp/q40+dir.3
longphase-1.3/htslib/htscodecs/tests/dat/fqzcomp/q8.0
longphase-1.3/htslib/htscodecs/tests/dat/fqzcomp/q8.1
longphase-1.3/htslib/htscodecs/tests/dat/fqzcomp/q8.2
longphase-1.3/htslib/htscodecs/tests/dat/fqzcomp/q8.3
longphase-1.3/htslib/htscodecs/tests/dat/fqzcomp/qvar.0
longphase-1.3/htslib/htscodecs/tests/dat/fqzcomp/qvar.1
longphase-1.3/htslib/htscodecs/tests/dat/fqzcomp/qvar.2
longphase-1.3/htslib/htscodecs/tests/dat/fqzcomp/qvar.3
longphase-1.3/htslib/htscodecs/tests/dat/q4
longphase-1.3/htslib/htscodecs/tests/dat/q40+dir
longphase-1.3/htslib/htscodecs/tests/dat/q8
longphase-1.3/htslib/htscodecs/tests/dat/qvar
longphase-1.3/htslib/htscodecs/tests/dat/r4x16/
longphase-1.3/htslib/htscodecs/tests/dat/r4x16/q4.0
longphase-1.3/htslib/htscodecs/tests/dat/r4x16/q4.1
longphase-1.3/htslib/htscodecs/tests/dat/r4x16/q4.128
longphase-1.3/htslib/htscodecs/tests/dat/r4x16/q4.129
longphase-1.3/htslib/htscodecs/tests/dat/r4x16/q4.192
longphase-1.3/htslib/htscodecs/tests/dat/r4x16/q4.193
longphase-1.3/htslib/htscodecs/tests/dat/r4x16/q4.4
longphase-1.3/htslib/htscodecs/tests/dat/r4x16/q4.5
longphase-1.3/htslib/htscodecs/tests/dat/r4x16/q4.64
longphase-1.3/htslib/htscodecs/tests/dat/r4x16/q4.65
longphase-1.3/htslib/htscodecs/tests/dat/r4x16/q4.8
longphase-1.3/htslib/htscodecs/tests/dat/r4x16/q4.9
longphase-1.3/htslib/htscodecs/tests/dat/r4x16/q40+dir.0
longphase-1.3/htslib/htscodecs/tests/dat/r4x16/q40+dir.1
longphase-1.3/htslib/htscodecs/tests/dat/r4x16/q40+dir.4
longphase-1.3/htslib/htscodecs/tests/dat/r4x16/q40+dir.5
longphase-1.3/htslib/htscodecs/tests/dat/r4x16/q40+dir.8
longphase-1.3/htslib/htscodecs/tests/dat/r4x16/q40+dir.9
longphase-1.3/htslib/htscodecs/tests/dat/r4x16/q8.0
longphase-1.3/htslib/htscodecs/tests/dat/r4x16/q8.1
longphase-1.3/htslib/htscodecs/tests/dat/r4x16/q8.128
longphase-1.3/htslib/htscodecs/tests/dat/r4x16/q8.129
longphase-1.3/htslib/htscodecs/tests/dat/r4x16/q8.192
longphase-1.3/htslib/htscodecs/tests/dat/r4x16/q8.193
longphase-1.3/htslib/htscodecs/tests/dat/r4x16/q8.4
longphase-1.3/htslib/htscodecs/tests/dat/r4x16/q8.5
longphase-1.3/htslib/htscodecs/tests/dat/r4x16/q8.64
longphase-1.3/htslib/htscodecs/tests/dat/r4x16/q8.65
longphase-1.3/htslib/htscodecs/tests/dat/r4x16/qvar.0
longphase-1.3/htslib/htscodecs/tests/dat/r4x16/qvar.1
longphase-1.3/htslib/htscodecs/tests/dat/r4x16/qvar.4
longphase-1.3/htslib/htscodecs/tests/dat/r4x16/qvar.5
longphase-1.3/htslib/htscodecs/tests/dat/r4x8/
longphase-1.3/htslib/htscodecs/tests/dat/r4x8/q4.0
longphase-1.3/htslib/htscodecs/tests/dat/r4x8/q4.1
longphase-1.3/htslib/htscodecs/tests/dat/r4x8/q40+dir.0
longphase-1.3/htslib/htscodecs/tests/dat/r4x8/q40+dir.1
longphase-1.3/htslib/htscodecs/tests/dat/r4x8/q8.0
longphase-1.3/htslib/htscodecs/tests/dat/r4x8/q8.1
longphase-1.3/htslib/htscodecs/tests/dat/r4x8/qvar.0
longphase-1.3/htslib/htscodecs/tests/dat/r4x8/qvar.1
longphase-1.3/htslib/htscodecs/tests/entropy.c
longphase-1.3/htslib/htscodecs/tests/entropy.test
longphase-1.3/htslib/htscodecs/tests/fqzcomp.test
longphase-1.3/htslib/htscodecs/tests/fqzcomp_qual_fuzz.c
longphase-1.3/htslib/htscodecs/tests/fqzcomp_qual_test.c
longphase-1.3/htslib/htscodecs/tests/names/
longphase-1.3/htslib/htscodecs/tests/names/01.names
longphase-1.3/htslib/htscodecs/tests/names/02.names
longphase-1.3/htslib/htscodecs/tests/names/03.names
longphase-1.3/htslib/htscodecs/tests/names/05.names
longphase-1.3/htslib/htscodecs/tests/names/08.names
longphase-1.3/htslib/htscodecs/tests/names/09.names
longphase-1.3/htslib/htscodecs/tests/names/10.names
longphase-1.3/htslib/htscodecs/tests/names/20.names
longphase-1.3/htslib/htscodecs/tests/names/nv.names
longphase-1.3/htslib/htscodecs/tests/names/nv2.names
longphase-1.3/htslib/htscodecs/tests/names/rr.names
longphase-1.3/htslib/htscodecs/tests/names/tok3/
longphase-1.3/htslib/htscodecs/tests/names/tok3/01.names.1
longphase-1.3/htslib/htscodecs/tests/names/tok3/01.names.11
longphase-1.3/htslib/htscodecs/tests/names/tok3/01.names.13
longphase-1.3/htslib/htscodecs/tests/names/tok3/01.names.15
longphase-1.3/htslib/htscodecs/tests/names/tok3/01.names.17
longphase-1.3/htslib/htscodecs/tests/names/tok3/01.names.19
longphase-1.3/htslib/htscodecs/tests/names/tok3/01.names.3
longphase-1.3/htslib/htscodecs/tests/names/tok3/01.names.5
longphase-1.3/htslib/htscodecs/tests/names/tok3/01.names.7
longphase-1.3/htslib/htscodecs/tests/names/tok3/01.names.9
longphase-1.3/htslib/htscodecs/tests/names/tok3/02.names.1
longphase-1.3/htslib/htscodecs/tests/names/tok3/02.names.11
longphase-1.3/htslib/htscodecs/tests/names/tok3/02.names.13
longphase-1.3/htslib/htscodecs/tests/names/tok3/02.names.15
longphase-1.3/htslib/htscodecs/tests/names/tok3/02.names.17
longphase-1.3/htslib/htscodecs/tests/names/tok3/02.names.19
longphase-1.3/htslib/htscodecs/tests/names/tok3/02.names.3
longphase-1.3/htslib/htscodecs/tests/names/tok3/02.names.5
longphase-1.3/htslib/htscodecs/tests/names/tok3/02.names.7
longphase-1.3/htslib/htscodecs/tests/names/tok3/02.names.9
longphase-1.3/htslib/htscodecs/tests/names/tok3/03.names.1
longphase-1.3/htslib/htscodecs/tests/names/tok3/03.names.11
longphase-1.3/htslib/htscodecs/tests/names/tok3/03.names.13
longphase-1.3/htslib/htscodecs/tests/names/tok3/03.names.15
longphase-1.3/htslib/htscodecs/tests/names/tok3/03.names.17
longphase-1.3/htslib/htscodecs/tests/names/tok3/03.names.19
longphase-1.3/htslib/htscodecs/tests/names/tok3/03.names.3
longphase-1.3/htslib/htscodecs/tests/names/tok3/03.names.5
longphase-1.3/htslib/htscodecs/tests/names/tok3/03.names.7
longphase-1.3/htslib/htscodecs/tests/names/tok3/03.names.9
longphase-1.3/htslib/htscodecs/tests/names/tok3/05.names.1
longphase-1.3/htslib/htscodecs/tests/names/tok3/05.names.11
longphase-1.3/htslib/htscodecs/tests/names/tok3/05.names.13
longphase-1.3/htslib/htscodecs/tests/names/tok3/05.names.15
longphase-1.3/htslib/htscodecs/tests/names/tok3/05.names.17
longphase-1.3/htslib/htscodecs/tests/names/tok3/05.names.19
longphase-1.3/htslib/htscodecs/tests/names/tok3/05.names.3
longphase-1.3/htslib/htscodecs/tests/names/tok3/05.names.5
longphase-1.3/htslib/htscodecs/tests/names/tok3/05.names.7
longphase-1.3/htslib/htscodecs/tests/names/tok3/05.names.9
longphase-1.3/htslib/htscodecs/tests/names/tok3/08.names.1
longphase-1.3/htslib/htscodecs/tests/names/tok3/08.names.11
longphase-1.3/htslib/htscodecs/tests/names/tok3/08.names.13
longphase-1.3/htslib/htscodecs/tests/names/tok3/08.names.15
longphase-1.3/htslib/htscodecs/tests/names/tok3/08.names.17
longphase-1.3/htslib/htscodecs/tests/names/tok3/08.names.19
longphase-1.3/htslib/htscodecs/tests/names/tok3/08.names.3
longphase-1.3/htslib/htscodecs/tests/names/tok3/08.names.5
longphase-1.3/htslib/htscodecs/tests/names/tok3/08.names.7
longphase-1.3/htslib/htscodecs/tests/names/tok3/08.names.9
longphase-1.3/htslib/htscodecs/tests/names/tok3/09.names.1
longphase-1.3/htslib/htscodecs/tests/names/tok3/09.names.11
longphase-1.3/htslib/htscodecs/tests/names/tok3/09.names.13
longphase-1.3/htslib/htscodecs/tests/names/tok3/09.names.15
longphase-1.3/htslib/htscodecs/tests/names/tok3/09.names.17
longphase-1.3/htslib/htscodecs/tests/names/tok3/09.names.19
longphase-1.3/htslib/htscodecs/tests/names/tok3/09.names.3
longphase-1.3/htslib/htscodecs/tests/names/tok3/09.names.5
longphase-1.3/htslib/htscodecs/tests/names/tok3/09.names.7
longphase-1.3/htslib/htscodecs/tests/names/tok3/09.names.9
longphase-1.3/htslib/htscodecs/tests/names/tok3/10.names.1
longphase-1.3/htslib/htscodecs/tests/names/tok3/10.names.11
longphase-1.3/htslib/htscodecs/tests/names/tok3/10.names.13
longphase-1.3/htslib/htscodecs/tests/names/tok3/10.names.15
longphase-1.3/htslib/htscodecs/tests/names/tok3/10.names.17
longphase-1.3/htslib/htscodecs/tests/names/tok3/10.names.19
longphase-1.3/htslib/htscodecs/tests/names/tok3/10.names.3
longphase-1.3/htslib/htscodecs/tests/names/tok3/10.names.5
longphase-1.3/htslib/htscodecs/tests/names/tok3/10.names.7
longphase-1.3/htslib/htscodecs/tests/names/tok3/10.names.9
longphase-1.3/htslib/htscodecs/tests/names/tok3/20.names.1
longphase-1.3/htslib/htscodecs/tests/names/tok3/20.names.11
longphase-1.3/htslib/htscodecs/tests/names/tok3/20.names.13
longphase-1.3/htslib/htscodecs/tests/names/tok3/20.names.15
longphase-1.3/htslib/htscodecs/tests/names/tok3/20.names.17
longphase-1.3/htslib/htscodecs/tests/names/tok3/20.names.19
longphase-1.3/htslib/htscodecs/tests/names/tok3/20.names.3
longphase-1.3/htslib/htscodecs/tests/names/tok3/20.names.5
longphase-1.3/htslib/htscodecs/tests/names/tok3/20.names.7
longphase-1.3/htslib/htscodecs/tests/names/tok3/20.names.9
longphase-1.3/htslib/htscodecs/tests/names/tok3/nv.names.1
longphase-1.3/htslib/htscodecs/tests/names/tok3/nv.names.11
longphase-1.3/htslib/htscodecs/tests/names/tok3/nv.names.13
longphase-1.3/htslib/htscodecs/tests/names/tok3/nv.names.15
longphase-1.3/htslib/htscodecs/tests/names/tok3/nv.names.17
longphase-1.3/htslib/htscodecs/tests/names/tok3/nv.names.19
longphase-1.3/htslib/htscodecs/tests/names/tok3/nv.names.3
longphase-1.3/htslib/htscodecs/tests/names/tok3/nv.names.5
longphase-1.3/htslib/htscodecs/tests/names/tok3/nv.names.7
longphase-1.3/htslib/htscodecs/tests/names/tok3/nv.names.9
longphase-1.3/htslib/htscodecs/tests/names/tok3/nv2.names.1
longphase-1.3/htslib/htscodecs/tests/names/tok3/nv2.names.11
longphase-1.3/htslib/htscodecs/tests/names/tok3/nv2.names.13
longphase-1.3/htslib/htscodecs/tests/names/tok3/nv2.names.15
longphase-1.3/htslib/htscodecs/tests/names/tok3/nv2.names.17
longphase-1.3/htslib/htscodecs/tests/names/tok3/nv2.names.19
longphase-1.3/htslib/htscodecs/tests/names/tok3/nv2.names.3
longphase-1.3/htslib/htscodecs/tests/names/tok3/nv2.names.5
longphase-1.3/htslib/htscodecs/tests/names/tok3/nv2.names.7
longphase-1.3/htslib/htscodecs/tests/names/tok3/nv2.names.9
longphase-1.3/htslib/htscodecs/tests/names/tok3/rr.names.1
longphase-1.3/htslib/htscodecs/tests/names/tok3/rr.names.11
longphase-1.3/htslib/htscodecs/tests/names/tok3/rr.names.13
longphase-1.3/htslib/htscodecs/tests/names/tok3/rr.names.15
longphase-1.3/htslib/htscodecs/tests/names/tok3/rr.names.17
longphase-1.3/htslib/htscodecs/tests/names/tok3/rr.names.19
longphase-1.3/htslib/htscodecs/tests/names/tok3/rr.names.3
longphase-1.3/htslib/htscodecs/tests/names/tok3/rr.names.5
longphase-1.3/htslib/htscodecs/tests/names/tok3/rr.names.7
longphase-1.3/htslib/htscodecs/tests/names/tok3/rr.names.9
longphase-1.3/htslib/htscodecs/tests/rANS_static4x16pr_fuzz.c
longphase-1.3/htslib/htscodecs/tests/rANS_static4x16pr_test.c
longphase-1.3/htslib/htscodecs/tests/rANS_static_fuzz.c
longphase-1.3/htslib/htscodecs/tests/rANS_static_test.c
longphase-1.3/htslib/htscodecs/tests/rans4x16.test
longphase-1.3/htslib/htscodecs/tests/rans4x8.test
longphase-1.3/htslib/htscodecs/tests/tok3.test
longphase-1.3/htslib/htscodecs/tests/tokenise_name3_fuzz.c
longphase-1.3/htslib/htscodecs/tests/tokenise_name3_test.c
longphase-1.3/htslib/htscodecs/tests/varint_test.c
longphase-1.3/htslib/htscodecs_bundled.mk
longphase-1.3/htslib/htscodecs_external.mk
longphase-1.3/htslib/htsfile.1
longphase-1.3/htslib/htsfile.c
longphase-1.3/htslib/htslib-s3-plugin.7
longphase-1.3/htslib/htslib.mk
longphase-1.3/htslib/htslib.pc.in
longphase-1.3/htslib/htslib.pc.tmp
longphase-1.3/htslib/htslib/
longphase-1.3/htslib/htslib/bgzf.h
longphase-1.3/htslib/htslib/cram.h
longphase-1.3/htslib/htslib/faidx.h
longphase-1.3/htslib/htslib/hfile.h
longphase-1.3/htslib/htslib/hts.h
longphase-1.3/htslib/htslib/hts_defs.h
longphase-1.3/htslib/htslib/hts_endian.h
longphase-1.3/htslib/htslib/hts_expr.h
longphase-1.3/htslib/htslib/hts_log.h
longphase-1.3/htslib/htslib/hts_os.h
longphase-1.3/htslib/htslib/kbitset.h
longphase-1.3/htslib/htslib/kfunc.h
longphase-1.3/htslib/htslib/khash.h
longphase-1.3/htslib/htslib/khash_str2int.h
longphase-1.3/htslib/htslib/klist.h
longphase-1.3/htslib/htslib/knetfile.h
longphase-1.3/htslib/htslib/kroundup.h
longphase-1.3/htslib/htslib/kseq.h
longphase-1.3/htslib/htslib/ksort.h
longphase-1.3/htslib/htslib/kstring.h
longphase-1.3/htslib/htslib/regidx.h
longphase-1.3/htslib/htslib/sam.h
longphase-1.3/htslib/htslib/synced_bcf_reader.h
longphase-1.3/htslib/htslib/tbx.h
longphase-1.3/htslib/htslib/thread_pool.h
longphase-1.3/htslib/htslib/vcf.h
longphase-1.3/htslib/htslib/vcf_sweep.h
longphase-1.3/htslib/htslib/vcfutils.h
longphase-1.3/htslib/htslib_vars.mk
longphase-1.3/htslib/kfunc.c
longphase-1.3/htslib/kstring.c
longphase-1.3/htslib/m4/
longphase-1.3/htslib/m4/ax_check_compile_flag.m4
longphase-1.3/htslib/m4/hts_hide_dynamic_syms.m4
longphase-1.3/htslib/m4/hts_prog_cc_warnings.m4
longphase-1.3/htslib/m4/pkg.m4
longphase-1.3/htslib/md5.c
longphase-1.3/htslib/multipart.c
longphase-1.3/htslib/os/
longphase-1.3/htslib/os/lzma_stub.h
longphase-1.3/htslib/os/rand.c
longphase-1.3/htslib/plugin.c
longphase-1.3/htslib/probaln.c
longphase-1.3/htslib/realn.c
longphase-1.3/htslib/regidx.c
longphase-1.3/htslib/region.c
longphase-1.3/htslib/sam.5
longphase-1.3/htslib/sam.c
longphase-1.3/htslib/sam_internal.h
longphase-1.3/htslib/synced_bcf_reader.c
longphase-1.3/htslib/tabix.1
longphase-1.3/htslib/tabix.c
longphase-1.3/htslib/tbx.c
longphase-1.3/htslib/test/
longphase-1.3/htslib/test/auxf#values.sam
longphase-1.3/htslib/test/auxf#values_java.cram
longphase-1.3/htslib/test/auxf.fa
longphase-1.3/htslib/test/auxf.fa.fai
longphase-1.3/htslib/test/base_mods/
longphase-1.3/htslib/test/base_mods/MM-chebi.out
longphase-1.3/htslib/test/base_mods/MM-chebi.sam
longphase-1.3/htslib/test/base_mods/MM-double.out
longphase-1.3/htslib/test/base_mods/MM-double.sam
longphase-1.3/htslib/test/base_mods/MM-explicit-x.out
longphase-1.3/htslib/test/base_mods/MM-explicit.out
longphase-1.3/htslib/test/base_mods/MM-explicit.sam
longphase-1.3/htslib/test/base_mods/MM-multi.out
longphase-1.3/htslib/test/base_mods/MM-multi.sam
longphase-1.3/htslib/test/base_mods/MM-orient.sam
longphase-1.3/htslib/test/base_mods/MM-pileup.out
longphase-1.3/htslib/test/base_mods/MM-pileup.sam
longphase-1.3/htslib/test/base_mods/MM-pileup2.out
longphase-1.3/htslib/test/base_mods/MM-pileup2.sam
longphase-1.3/htslib/test/base_mods/base-mods.sh
longphase-1.3/htslib/test/base_mods/base-mods.tst
longphase-1.3/htslib/test/bcf-sr/
longphase-1.3/htslib/test/bcf-sr/merge.noidx.a.vcf
longphase-1.3/htslib/test/bcf-sr/merge.noidx.abc.expected.out
longphase-1.3/htslib/test/bcf-sr/merge.noidx.b.vcf
longphase-1.3/htslib/test/bcf-sr/merge.noidx.c.vcf
longphase-1.3/htslib/test/bcf-sr/merge.noidx.hdr_order.vcf
longphase-1.3/htslib/test/bcf-sr/merge.noidx.rec_order.vcf
longphase-1.3/htslib/test/bgziptest.txt
longphase-1.3/htslib/test/bgziptest.txt.gz
longphase-1.3/htslib/test/bgziptest.txt.gz.gzi
longphase-1.3/htslib/test/c1#bounds.sam
longphase-1.3/htslib/test/c1#clip.sam
longphase-1.3/htslib/test/c1#noseq.sam
longphase-1.3/htslib/test/c1#pad1.sam
longphase-1.3/htslib/test/c1#pad2.sam
longphase-1.3/htslib/test/c1#pad3.sam
longphase-1.3/htslib/test/c1#unknown.sam
longphase-1.3/htslib/test/c1.fa
longphase-1.3/htslib/test/c1.fa.fai
longphase-1.3/htslib/test/c2#pad.sam
longphase-1.3/htslib/test/c2.fa
longphase-1.3/htslib/test/c2.fa.fai
longphase-1.3/htslib/test/ce#1.sam
longphase-1.3/htslib/test/ce#1000.sam
longphase-1.3/htslib/test/ce#2.sam
longphase-1.3/htslib/test/ce#5.sam
longphase-1.3/htslib/test/ce#5b.sam
longphase-1.3/htslib/test/ce#5b_java.cram
longphase-1.3/htslib/test/ce#large_seq.sam
longphase-1.3/htslib/test/ce#supp.sam
longphase-1.3/htslib/test/ce#tag_depadded.sam
longphase-1.3/htslib/test/ce#tag_padded.sam
longphase-1.3/htslib/test/ce#unmap.sam
longphase-1.3/htslib/test/ce#unmap1.sam
longphase-1.3/htslib/test/ce#unmap2.sam
longphase-1.3/htslib/test/ce.fa
longphase-1.3/htslib/test/ce.fa.fai
longphase-1.3/htslib/test/colons.bam
longphase-1.3/htslib/test/colons.bam.bai
longphase-1.3/htslib/test/compare_sam.pl
longphase-1.3/htslib/test/cross_validate.sh
longphase-1.3/htslib/test/emptyfile
longphase-1.3/htslib/test/faidx.fa
longphase-1.3/htslib/test/fastq/
longphase-1.3/htslib/test/fastq/fastq.tst
longphase-1.3/htslib/test/fastq/filter_casava-q.sam
longphase-1.3/htslib/test/fastq/filter_casava.fa
longphase-1.3/htslib/test/fastq/filter_casava.fq
longphase-1.3/htslib/test/fastq/filter_casava.sam
longphase-1.3/htslib/test/fastq/inter_aux-q.sam
longphase-1.3/htslib/test/fastq/inter_aux.sam
longphase-1.3/htslib/test/fastq/inter_casava-q.sam
longphase-1.3/htslib/test/fastq/inter_casava.sam
longphase-1.3/htslib/test/fastq/inter_casavaOX-q.sam
longphase-1.3/htslib/test/fastq/inter_casavaOX.sam
longphase-1.3/htslib/test/fastq/inter_noaux-q.sam
longphase-1.3/htslib/test/fastq/inter_noaux.sam
longphase-1.3/htslib/test/fastq/interleaved.fa
longphase-1.3/htslib/test/fastq/interleaved.fq
longphase-1.3/htslib/test/fastq/interleaved_casava.fa
longphase-1.3/htslib/test/fastq/interleaved_casava.fq
longphase-1.3/htslib/test/fastq/longline.fq
longphase-1.3/htslib/test/fastq/longline.sam
longphase-1.3/htslib/test/fastq/minimal-q.sam
longphase-1.3/htslib/test/fastq/minimal.fa
longphase-1.3/htslib/test/fastq/minimal.fq
longphase-1.3/htslib/test/fastq/minimal.sam
longphase-1.3/htslib/test/fastq/multiline-q.sam
longphase-1.3/htslib/test/fastq/multiline.fa
longphase-1.3/htslib/test/fastq/multiline.fq
longphase-1.3/htslib/test/fastq/multiline.sam
longphase-1.3/htslib/test/fastq/name2-q.sam
longphase-1.3/htslib/test/fastq/name2.fa
longphase-1.3/htslib/test/fastq/name2.fq
longphase-1.3/htslib/test/fastq/name2.sam
longphase-1.3/htslib/test/fastq/r1-q.sam
longphase-1.3/htslib/test/fastq/r1.fa
longphase-1.3/htslib/test/fastq/r1.fq
longphase-1.3/htslib/test/fastq/r1.sam
longphase-1.3/htslib/test/fastq/r2-q.sam
longphase-1.3/htslib/test/fastq/r2.fa
longphase-1.3/htslib/test/fastq/r2.fq
longphase-1.3/htslib/test/fastq/r2.sam
longphase-1.3/htslib/test/fastq/single.fa
longphase-1.3/htslib/test/fastq/single.fq
longphase-1.3/htslib/test/fastq/single_aux-q.sam
longphase-1.3/htslib/test/fastq/single_aux.sam
longphase-1.3/htslib/test/fastq/single_noaux-q.sam
longphase-1.3/htslib/test/fastq/single_noaux.sam
longphase-1.3/htslib/test/fastq/test-fastq.sh
longphase-1.3/htslib/test/fastqs.fq
longphase-1.3/htslib/test/fastqs_README.txt
longphase-1.3/htslib/test/fieldarith.c
longphase-1.3/htslib/test/fieldarith.sam
longphase-1.3/htslib/test/formatcols.vcf
longphase-1.3/htslib/test/formatmissing-out.vcf
longphase-1.3/htslib/test/formatmissing.vcf
longphase-1.3/htslib/test/fuzz/
longphase-1.3/htslib/test/fuzz/hts_open_fuzzer.c
longphase-1.3/htslib/test/header_syms.pl
longphase-1.3/htslib/test/hfile.c
longphase-1.3/htslib/test/hts_endian.c
longphase-1.3/htslib/test/index.bam.bai
longphase-1.3/htslib/test/index.bam.csi
longphase-1.3/htslib/test/index.bcf.csi
longphase-1.3/htslib/test/index.cram.crai
longphase-1.3/htslib/test/index.sam
longphase-1.3/htslib/test/index.sam.gz.bai
longphase-1.3/htslib/test/index.sam.gz.csi
longphase-1.3/htslib/test/index.vcf
longphase-1.3/htslib/test/index.vcf.gz.csi
longphase-1.3/htslib/test/index.vcf.gz.tbi
longphase-1.3/htslib/test/index2.sam
longphase-1.3/htslib/test/index_dos.sam
longphase-1.3/htslib/test/longrefs/
longphase-1.3/htslib/test/longrefs/index.expected1.vcf
longphase-1.3/htslib/test/longrefs/index.expected2.vcf
longphase-1.3/htslib/test/longrefs/index.vcf
longphase-1.3/htslib/test/longrefs/longref.sam
longphase-1.3/htslib/test/longrefs/longref_itr.expected.sam
longphase-1.3/htslib/test/longrefs/longref_multi.expected.sam
longphase-1.3/htslib/test/maintainer/
longphase-1.3/htslib/test/maintainer/check_copyright.pl
longphase-1.3/htslib/test/maintainer/check_spaces.pl
longphase-1.3/htslib/test/md#1.sam
longphase-1.3/htslib/test/md.fa
longphase-1.3/htslib/test/md.fa.fai
longphase-1.3/htslib/test/mpileup/
longphase-1.3/htslib/test/mpileup/c1#pad1.out
longphase-1.3/htslib/test/mpileup/c1#pad1.sam
longphase-1.3/htslib/test/mpileup/c1#pad2.out
longphase-1.3/htslib/test/mpileup/c1#pad2.sam
longphase-1.3/htslib/test/mpileup/c1#pad3.out
longphase-1.3/htslib/test/mpileup/c1#pad3.sam
longphase-1.3/htslib/test/mpileup/mp_D.out
longphase-1.3/htslib/test/mpileup/mp_D.sam
longphase-1.3/htslib/test/mpileup/mp_DI.out
longphase-1.3/htslib/test/mpileup/mp_DI.sam
longphase-1.3/htslib/test/mpileup/mp_I.out
longphase-1.3/htslib/test/mpileup/mp_I.sam
longphase-1.3/htslib/test/mpileup/mp_ID.out
longphase-1.3/htslib/test/mpileup/mp_ID.sam
longphase-1.3/htslib/test/mpileup/mp_N.out
longphase-1.3/htslib/test/mpileup/mp_N.sam
longphase-1.3/htslib/test/mpileup/mp_N2.out
longphase-1.3/htslib/test/mpileup/mp_N2.sam
longphase-1.3/htslib/test/mpileup/mp_P.out
longphase-1.3/htslib/test/mpileup/mp_P.sam
longphase-1.3/htslib/test/mpileup/mpileup.tst
longphase-1.3/htslib/test/mpileup/small.bam
longphase-1.3/htslib/test/mpileup/small.out
longphase-1.3/htslib/test/mpileup/test-pileup.sh
longphase-1.3/htslib/test/no_hdr_sq_1.bam
longphase-1.3/htslib/test/no_hdr_sq_1.bam.csi
longphase-1.3/htslib/test/no_hdr_sq_1.expected.sam
longphase-1.3/htslib/test/noroundtrip-out.vcf
longphase-1.3/htslib/test/noroundtrip.vcf
longphase-1.3/htslib/test/pileup.c
longphase-1.3/htslib/test/pileup_mod.c
longphase-1.3/htslib/test/plugins-dlhts.c
longphase-1.3/htslib/test/range.bam
longphase-1.3/htslib/test/range.bam.bai
longphase-1.3/htslib/test/range.cram
longphase-1.3/htslib/test/range.cram.crai
longphase-1.3/htslib/test/range.out
longphase-1.3/htslib/test/realn01.fa
longphase-1.3/htslib/test/realn01.fa.fai
longphase-1.3/htslib/test/realn01.sam
longphase-1.3/htslib/test/realn01_exp-a.sam
longphase-1.3/htslib/test/realn01_exp-e.sam
longphase-1.3/htslib/test/realn01_exp.sam
longphase-1.3/htslib/test/realn02-r.sam
longphase-1.3/htslib/test/realn02.fa
longphase-1.3/htslib/test/realn02.fa.fai
longphase-1.3/htslib/test/realn02.sam
longphase-1.3/htslib/test/realn02_exp-a.sam
longphase-1.3/htslib/test/realn02_exp-e.sam
longphase-1.3/htslib/test/realn02_exp.sam
longphase-1.3/htslib/test/sam.c
longphase-1.3/htslib/test/sam_filter/
longphase-1.3/htslib/test/sam_filter/filter.sh
longphase-1.3/htslib/test/sam_filter/filter.tst
longphase-1.3/htslib/test/sam_filter/func1.out
longphase-1.3/htslib/test/sam_filter/func2.out
longphase-1.3/htslib/test/sam_filter/func3.out
longphase-1.3/htslib/test/sam_filter/func4.out
longphase-1.3/htslib/test/sam_filter/func5.out
longphase-1.3/htslib/test/sam_filter/func6.out
longphase-1.3/htslib/test/sam_filter/func7.out
longphase-1.3/htslib/test/sam_filter/int1.out
longphase-1.3/htslib/test/sam_filter/int2.out
longphase-1.3/htslib/test/sam_filter/int3.out
longphase-1.3/htslib/test/sam_filter/string1.out
longphase-1.3/htslib/test/sam_filter/string2.out
longphase-1.3/htslib/test/sam_filter/string3.out
longphase-1.3/htslib/test/sam_filter/string4.out
longphase-1.3/htslib/test/sam_filter/string5.out
longphase-1.3/htslib/test/sam_filter/string6.out
longphase-1.3/htslib/test/sam_filter/string7.out
longphase-1.3/htslib/test/simple_test_driver.sh
longphase-1.3/htslib/test/tabix.out
longphase-1.3/htslib/test/tabix/
longphase-1.3/htslib/test/tabix/bed_file.Y.100200.out
longphase-1.3/htslib/test/tabix/bed_file.bed
longphase-1.3/htslib/test/tabix/bed_file.separate.out
longphase-1.3/htslib/test/tabix/gff_file.X.2934832.2935190.out
longphase-1.3/htslib/test/tabix/gff_file.gff
longphase-1.3/htslib/test/tabix/large_chr.20.1.2147483647.out
longphase-1.3/htslib/test/tabix/large_chr.vcf
longphase-1.3/htslib/test/tabix/tabix.tst
longphase-1.3/htslib/test/tabix/test-tabix.sh
longphase-1.3/htslib/test/tabix/vcf_file.1.3000151.out
longphase-1.3/htslib/test/tabix/vcf_file.2.3199812.out
longphase-1.3/htslib/test/tabix/vcf_file.bcf
longphase-1.3/htslib/test/tabix/vcf_file.vcf
longphase-1.3/htslib/test/test-bcf-sr.c
longphase-1.3/htslib/test/test-bcf-sr.pl
longphase-1.3/htslib/test/test-bcf-translate.c
longphase-1.3/htslib/test/test-bcf-translate.out
longphase-1.3/htslib/test/test-bcf_set_variant_type.c
longphase-1.3/htslib/test/test-logging.pl
longphase-1.3/htslib/test/test-parse-reg.c
longphase-1.3/htslib/test/test-regidx.c
longphase-1.3/htslib/test/test-vcf-api.c
longphase-1.3/htslib/test/test-vcf-api.out
longphase-1.3/htslib/test/test-vcf-hdr-in.vcf
longphase-1.3/htslib/test/test-vcf-hdr.out
longphase-1.3/htslib/test/test-vcf-sweep.c
longphase-1.3/htslib/test/test-vcf-sweep.out
longphase-1.3/htslib/test/test.pl
longphase-1.3/htslib/test/test_bgzf.c
longphase-1.3/htslib/test/test_expr.c
longphase-1.3/htslib/test/test_index.c
longphase-1.3/htslib/test/test_introspection.c
longphase-1.3/htslib/test/test_kfunc.c
longphase-1.3/htslib/test/test_kstring.c
longphase-1.3/htslib/test/test_mod.c
longphase-1.3/htslib/test/test_realn.c
longphase-1.3/htslib/test/test_str2int.c
longphase-1.3/htslib/test/test_time_funcs.c
longphase-1.3/htslib/test/test_view.c
longphase-1.3/htslib/test/thrash_threads1.c
longphase-1.3/htslib/test/thrash_threads2.c
longphase-1.3/htslib/test/thrash_threads3.c
longphase-1.3/htslib/test/thrash_threads4.c
longphase-1.3/htslib/test/thrash_threads5.c
longphase-1.3/htslib/test/thrash_threads6.c
longphase-1.3/htslib/test/thrash_threads7.c
longphase-1.3/htslib/test/thread_pool.md
longphase-1.3/htslib/test/vcf_meta_meta.vcf
longphase-1.3/htslib/test/with-shlib.sh
longphase-1.3/htslib/test/xx#MD.sam
longphase-1.3/htslib/test/xx#MD2.sam
longphase-1.3/htslib/test/xx#blank.sam
longphase-1.3/htslib/test/xx#large_aux.sam
longphase-1.3/htslib/test/xx#large_aux2.sam
longphase-1.3/htslib/test/xx#large_aux_java.cram
longphase-1.3/htslib/test/xx#minimal.sam
longphase-1.3/htslib/test/xx#pair.sam
longphase-1.3/htslib/test/xx#repeated.sam
longphase-1.3/htslib/test/xx#rg.sam
longphase-1.3/htslib/test/xx#tlen.sam
longphase-1.3/htslib/test/xx#tlen2.sam
longphase-1.3/htslib/test/xx#triplet.sam
longphase-1.3/htslib/test/xx#unsorted.sam
longphase-1.3/htslib/test/xx.fa
longphase-1.3/htslib/test/xx.fa.fai
longphase-1.3/htslib/textutils.c
longphase-1.3/htslib/textutils_internal.h
longphase-1.3/htslib/thread_pool.c
longphase-1.3/htslib/thread_pool_internal.h
longphase-1.3/htslib/vcf.5
longphase-1.3/htslib/vcf.c
longphase-1.3/htslib/vcf_sweep.c
longphase-1.3/htslib/vcfutils.c
longphase-1.3/htslib/version.sh
longphase-1.3/install-sh
longphase-1.3/m4/
longphase-1.3/m4/ax_with_htslib.m4
longphase-1.3/m4/hts_prog_cc_warnings.m4
longphase-1.3/m4/hts_with_curses.m4
longphase-1.3/main.cpp
