# output for command: python setup.py test &&  /apps/gent/RHEL8/haswell-ib/software/Python/3.9.6-GCCcore-11.2.0/bin/python -m pip install --prefix=/scratch/gent/vo/001/gvo00117/easybuild/RHEL8/haswell-ib/software/leidenalg/0.9.1-foss-2021b  --no-pkg-config  --no-deps  --ignore-installed  --no-index  --no-build-isolation  .

running test
WARNING: Testing via this command is deprecated and will be removed in a future version. Users looking for a generic test entry point independent of test runner are encouraged to use tox.
running egg_info
writing leidenalg.egg-info/PKG-INFO
writing dependency_links to leidenalg.egg-info/dependency_links.txt
writing requirements to leidenalg.egg-info/requires.txt
writing top-level names to leidenalg.egg-info/top_level.txt
reading manifest file 'leidenalg.egg-info/SOURCES.txt'
reading manifest template 'MANIFEST.in'
warning: no files found matching 'pyproject.toml'
warning: no files found matching 'include/'
warning: no previously-included files found matching '.git*'
warning: no previously-included files found matching '*.yml'
warning: no previously-included files found matching 'release*'
no previously-included directories found matching '.github'
adding license file 'LICENSE'
writing manifest file 'leidenalg.egg-info/SOURCES.txt'
running build_ext
running build_c_core
We are going to build the C core of igraph.
  Source folder: vendor/source/igraph
  Build folder: vendor/build/igraph
  Install folder: vendor/install/igraph

igraph uses CMake as the build system. You need to install CMake before compiling igraph.
Build failed for the C core of igraph.

