# output for command: CFLAGS="$CFLAGS -pthread" /apps/gent/RHEL8/haswell-ib/software/Python/3.10.4-GCCcore-11.3.0/bin/python -m pip install --prefix=/scratch/gent/vo/001/gvo00117/easybuild/RHEL8/haswell-ib/software/scib-pipeline/0.2.0-foss-2022a  --no-deps  --ignore-installed  --no-index  --no-build-isolation  .

Processing /tmp/vsc43810/easybuild/build/scibpipeline/0.2.0/foss-2022a/cryptography/cryptography-39.0.0
  Preparing metadata (pyproject.toml): started
  Preparing metadata (pyproject.toml): finished with status 'done'
Building wheels for collected packages: cryptography
  Building wheel for cryptography (pyproject.toml): started
  Building wheel for cryptography (pyproject.toml): finished with status 'error'
  error: subprocess-exited-with-error
  
   Building wheel for cryptography (pyproject.toml) did not run successfully.
   exit code: 1
  > [166 lines of output]
      running bdist_wheel
      running build
      running build_py
      creating build
      creating build/lib.linux-x86_64-cpython-310
      creating build/lib.linux-x86_64-cpython-310/cryptography
      copying src/cryptography/exceptions.py -> build/lib.linux-x86_64-cpython-310/cryptography
      copying src/cryptography/utils.py -> build/lib.linux-x86_64-cpython-310/cryptography
      copying src/cryptography/__init__.py -> build/lib.linux-x86_64-cpython-310/cryptography
      copying src/cryptography/__about__.py -> build/lib.linux-x86_64-cpython-310/cryptography
      copying src/cryptography/fernet.py -> build/lib.linux-x86_64-cpython-310/cryptography
      creating build/lib.linux-x86_64-cpython-310/cryptography/hazmat
      copying src/cryptography/hazmat/__init__.py -> build/lib.linux-x86_64-cpython-310/cryptography/hazmat
      copying src/cryptography/hazmat/_oid.py -> build/lib.linux-x86_64-cpython-310/cryptography/hazmat
      creating build/lib.linux-x86_64-cpython-310/cryptography/x509
      copying src/cryptography/x509/__init__.py -> build/lib.linux-x86_64-cpython-310/cryptography/x509
      copying src/cryptography/x509/certificate_transparency.py -> build/lib.linux-x86_64-cpython-310/cryptography/x509
      copying src/cryptography/x509/oid.py -> build/lib.linux-x86_64-cpython-310/cryptography/x509
      copying src/cryptography/x509/general_name.py -> build/lib.linux-x86_64-cpython-310/cryptography/x509
      copying src/cryptography/x509/name.py -> build/lib.linux-x86_64-cpython-310/cryptography/x509
      copying src/cryptography/x509/base.py -> build/lib.linux-x86_64-cpython-310/cryptography/x509
      copying src/cryptography/x509/extensions.py -> build/lib.linux-x86_64-cpython-310/cryptography/x509
      copying src/cryptography/x509/ocsp.py -> build/lib.linux-x86_64-cpython-310/cryptography/x509
      creating build/lib.linux-x86_64-cpython-310/cryptography/hazmat/primitives
      copying src/cryptography/hazmat/primitives/__init__.py -> build/lib.linux-x86_64-cpython-310/cryptography/hazmat/primitives
      copying src/cryptography/hazmat/primitives/constant_time.py -> build/lib.linux-x86_64-cpython-310/cryptography/hazmat/primitives
      copying src/cryptography/hazmat/primitives/_serialization.py -> build/lib.linux-x86_64-cpython-310/cryptography/hazmat/primitives
      copying src/cryptography/hazmat/primitives/padding.py -> build/lib.linux-x86_64-cpython-310/cryptography/hazmat/primitives
      copying src/cryptography/hazmat/primitives/hashes.py -> build/lib.linux-x86_64-cpython-310/cryptography/hazmat/primitives
      copying src/cryptography/hazmat/primitives/poly1305.py -> build/lib.linux-x86_64-cpython-310/cryptography/hazmat/primitives
      copying src/cryptography/hazmat/primitives/keywrap.py -> build/lib.linux-x86_64-cpython-310/cryptography/hazmat/primitives
      copying src/cryptography/hazmat/primitives/cmac.py -> build/lib.linux-x86_64-cpython-310/cryptography/hazmat/primitives
      copying src/cryptography/hazmat/primitives/_cipheralgorithm.py -> build/lib.linux-x86_64-cpython-310/cryptography/hazmat/primitives
      copying src/cryptography/hazmat/primitives/_asymmetric.py -> build/lib.linux-x86_64-cpython-310/cryptography/hazmat/primitives
      copying src/cryptography/hazmat/primitives/hmac.py -> build/lib.linux-x86_64-cpython-310/cryptography/hazmat/primitives
      creating build/lib.linux-x86_64-cpython-310/cryptography/hazmat/bindings
      copying src/cryptography/hazmat/bindings/__init__.py -> build/lib.linux-x86_64-cpython-310/cryptography/hazmat/bindings
      creating build/lib.linux-x86_64-cpython-310/cryptography/hazmat/backends
      copying src/cryptography/hazmat/backends/__init__.py -> build/lib.linux-x86_64-cpython-310/cryptography/hazmat/backends
      creating build/lib.linux-x86_64-cpython-310/cryptography/hazmat/primitives/serialization
      copying src/cryptography/hazmat/primitives/serialization/pkcs7.py -> build/lib.linux-x86_64-cpython-310/cryptography/hazmat/primitives/serialization
      copying src/cryptography/hazmat/primitives/serialization/__init__.py -> build/lib.linux-x86_64-cpython-310/cryptography/hazmat/primitives/serialization
      copying src/cryptography/hazmat/primitives/serialization/ssh.py -> build/lib.linux-x86_64-cpython-310/cryptography/hazmat/primitives/serialization
      copying src/cryptography/hazmat/primitives/serialization/base.py -> build/lib.linux-x86_64-cpython-310/cryptography/hazmat/primitives/serialization
      copying src/cryptography/hazmat/primitives/serialization/pkcs12.py -> build/lib.linux-x86_64-cpython-310/cryptography/hazmat/primitives/serialization
      creating build/lib.linux-x86_64-cpython-310/cryptography/hazmat/primitives/ciphers
      copying src/cryptography/hazmat/primitives/ciphers/algorithms.py -> build/lib.linux-x86_64-cpython-310/cryptography/hazmat/primitives/ciphers
      copying src/cryptography/hazmat/primitives/ciphers/__init__.py -> build/lib.linux-x86_64-cpython-310/cryptography/hazmat/primitives/ciphers
      copying src/cryptography/hazmat/primitives/ciphers/modes.py -> build/lib.linux-x86_64-cpython-310/cryptography/hazmat/primitives/ciphers
      copying src/cryptography/hazmat/primitives/ciphers/aead.py -> build/lib.linux-x86_64-cpython-310/cryptography/hazmat/primitives/ciphers
      copying src/cryptography/hazmat/primitives/ciphers/base.py -> build/lib.linux-x86_64-cpython-310/cryptography/hazmat/primitives/ciphers
      creating build/lib.linux-x86_64-cpython-310/cryptography/hazmat/primitives/twofactor
      copying src/cryptography/hazmat/primitives/twofactor/__init__.py -> build/lib.linux-x86_64-cpython-310/cryptography/hazmat/primitives/twofactor
      copying src/cryptography/hazmat/primitives/twofactor/totp.py -> build/lib.linux-x86_64-cpython-310/cryptography/hazmat/primitives/twofactor
      copying src/cryptography/hazmat/primitives/twofactor/hotp.py -> build/lib.linux-x86_64-cpython-310/cryptography/hazmat/primitives/twofactor
      creating build/lib.linux-x86_64-cpython-310/cryptography/hazmat/primitives/asymmetric
      copying src/cryptography/hazmat/primitives/asymmetric/utils.py -> build/lib.linux-x86_64-cpython-310/cryptography/hazmat/primitives/asymmetric
      copying src/cryptography/hazmat/primitives/asymmetric/__init__.py -> build/lib.linux-x86_64-cpython-310/cryptography/hazmat/primitives/asymmetric
      copying src/cryptography/hazmat/primitives/asymmetric/types.py -> build/lib.linux-x86_64-cpython-310/cryptography/hazmat/primitives/asymmetric
      copying src/cryptography/hazmat/primitives/asymmetric/x25519.py -> build/lib.linux-x86_64-cpython-310/cryptography/hazmat/primitives/asymmetric
      copying src/cryptography/hazmat/primitives/asymmetric/ec.py -> build/lib.linux-x86_64-cpython-310/cryptography/hazmat/primitives/asymmetric
      copying src/cryptography/hazmat/primitives/asymmetric/padding.py -> build/lib.linux-x86_64-cpython-310/cryptography/hazmat/primitives/asymmetric
      copying src/cryptography/hazmat/primitives/asymmetric/ed25519.py -> build/lib.linux-x86_64-cpython-310/cryptography/hazmat/primitives/asymmetric
      copying src/cryptography/hazmat/primitives/asymmetric/dsa.py -> build/lib.linux-x86_64-cpython-310/cryptography/hazmat/primitives/asymmetric
      copying src/cryptography/hazmat/primitives/asymmetric/dh.py -> build/lib.linux-x86_64-cpython-310/cryptography/hazmat/primitives/asymmetric
      copying src/cryptography/hazmat/primitives/asymmetric/rsa.py -> build/lib.linux-x86_64-cpython-310/cryptography/hazmat/primitives/asymmetric
      copying src/cryptography/hazmat/primitives/asymmetric/ed448.py -> build/lib.linux-x86_64-cpython-310/cryptography/hazmat/primitives/asymmetric
      copying src/cryptography/hazmat/primitives/asymmetric/x448.py -> build/lib.linux-x86_64-cpython-310/cryptography/hazmat/primitives/asymmetric
      creating build/lib.linux-x86_64-cpython-310/cryptography/hazmat/primitives/kdf
      copying src/cryptography/hazmat/primitives/kdf/scrypt.py -> build/lib.linux-x86_64-cpython-310/cryptography/hazmat/primitives/kdf
      copying src/cryptography/hazmat/primitives/kdf/__init__.py -> build/lib.linux-x86_64-cpython-310/cryptography/hazmat/primitives/kdf
      copying src/cryptography/hazmat/primitives/kdf/pbkdf2.py -> build/lib.linux-x86_64-cpython-310/cryptography/hazmat/primitives/kdf
      copying src/cryptography/hazmat/primitives/kdf/kbkdf.py -> build/lib.linux-x86_64-cpython-310/cryptography/hazmat/primitives/kdf
      copying src/cryptography/hazmat/primitives/kdf/x963kdf.py -> build/lib.linux-x86_64-cpython-310/cryptography/hazmat/primitives/kdf
      copying src/cryptography/hazmat/primitives/kdf/hkdf.py -> build/lib.linux-x86_64-cpython-310/cryptography/hazmat/primitives/kdf
      copying src/cryptography/hazmat/primitives/kdf/concatkdf.py -> build/lib.linux-x86_64-cpython-310/cryptography/hazmat/primitives/kdf
      creating build/lib.linux-x86_64-cpython-310/cryptography/hazmat/bindings/openssl
      copying src/cryptography/hazmat/bindings/openssl/binding.py -> build/lib.linux-x86_64-cpython-310/cryptography/hazmat/bindings/openssl
      copying src/cryptography/hazmat/bindings/openssl/__init__.py -> build/lib.linux-x86_64-cpython-310/cryptography/hazmat/bindings/openssl
      copying src/cryptography/hazmat/bindings/openssl/_conditional.py -> build/lib.linux-x86_64-cpython-310/cryptography/hazmat/bindings/openssl
      creating build/lib.linux-x86_64-cpython-310/cryptography/hazmat/backends/openssl
      copying src/cryptography/hazmat/backends/openssl/utils.py -> build/lib.linux-x86_64-cpython-310/cryptography/hazmat/backends/openssl
      copying src/cryptography/hazmat/backends/openssl/decode_asn1.py -> build/lib.linux-x86_64-cpython-310/cryptography/hazmat/backends/openssl
      copying src/cryptography/hazmat/backends/openssl/__init__.py -> build/lib.linux-x86_64-cpython-310/cryptography/hazmat/backends/openssl
      copying src/cryptography/hazmat/backends/openssl/x25519.py -> build/lib.linux-x86_64-cpython-310/cryptography/hazmat/backends/openssl
      copying src/cryptography/hazmat/backends/openssl/ec.py -> build/lib.linux-x86_64-cpython-310/cryptography/hazmat/backends/openssl
      copying src/cryptography/hazmat/backends/openssl/backend.py -> build/lib.linux-x86_64-cpython-310/cryptography/hazmat/backends/openssl
      copying src/cryptography/hazmat/backends/openssl/ed25519.py -> build/lib.linux-x86_64-cpython-310/cryptography/hazmat/backends/openssl
      copying src/cryptography/hazmat/backends/openssl/hashes.py -> build/lib.linux-x86_64-cpython-310/cryptography/hazmat/backends/openssl
      copying src/cryptography/hazmat/backends/openssl/aead.py -> build/lib.linux-x86_64-cpython-310/cryptography/hazmat/backends/openssl
      copying src/cryptography/hazmat/backends/openssl/poly1305.py -> build/lib.linux-x86_64-cpython-310/cryptography/hazmat/backends/openssl
      copying src/cryptography/hazmat/backends/openssl/ciphers.py -> build/lib.linux-x86_64-cpython-310/cryptography/hazmat/backends/openssl
      copying src/cryptography/hazmat/backends/openssl/cmac.py -> build/lib.linux-x86_64-cpython-310/cryptography/hazmat/backends/openssl
      copying src/cryptography/hazmat/backends/openssl/dsa.py -> build/lib.linux-x86_64-cpython-310/cryptography/hazmat/backends/openssl
      copying src/cryptography/hazmat/backends/openssl/dh.py -> build/lib.linux-x86_64-cpython-310/cryptography/hazmat/backends/openssl
      copying src/cryptography/hazmat/backends/openssl/rsa.py -> build/lib.linux-x86_64-cpython-310/cryptography/hazmat/backends/openssl
      copying src/cryptography/hazmat/backends/openssl/ed448.py -> build/lib.linux-x86_64-cpython-310/cryptography/hazmat/backends/openssl
      copying src/cryptography/hazmat/backends/openssl/x448.py -> build/lib.linux-x86_64-cpython-310/cryptography/hazmat/backends/openssl
      copying src/cryptography/hazmat/backends/openssl/hmac.py -> build/lib.linux-x86_64-cpython-310/cryptography/hazmat/backends/openssl
      running egg_info
      writing src/cryptography.egg-info/PKG-INFO
      writing dependency_links to src/cryptography.egg-info/dependency_links.txt
      writing requirements to src/cryptography.egg-info/requires.txt
      writing top-level names to src/cryptography.egg-info/top_level.txt
      listing git files failed - pretending there aren't any
      reading manifest file 'src/cryptography.egg-info/SOURCES.txt'
      reading manifest template 'MANIFEST.in'
      no previously-included directories found matching 'docs/_build'
      warning: no previously-included files found matching 'vectors'
      warning: no previously-included files matching '*' found under directory 'vectors'
      warning: no previously-included files matching '*' found under directory '.github'
      warning: no previously-included files found matching 'release.py'
      warning: no previously-included files found matching '.readthedocs.yml'
      warning: no previously-included files found matching 'dev-requirements.txt'
      warning: no previously-included files found matching 'tox.ini'
      warning: no previously-included files found matching 'mypy.ini'
      warning: no previously-included files matching '*' found under directory '.circleci'
      adding license file 'LICENSE'
      adding license file 'LICENSE.APACHE'
      adding license file 'LICENSE.BSD'
      adding license file 'LICENSE.PSF'
      writing manifest file 'src/cryptography.egg-info/SOURCES.txt'
      copying src/cryptography/py.typed -> build/lib.linux-x86_64-cpython-310/cryptography
      copying src/cryptography/hazmat/bindings/_openssl.pyi -> build/lib.linux-x86_64-cpython-310/cryptography/hazmat/bindings
      creating build/lib.linux-x86_64-cpython-310/cryptography/hazmat/bindings/_rust
      copying src/cryptography/hazmat/bindings/_rust/__init__.pyi -> build/lib.linux-x86_64-cpython-310/cryptography/hazmat/bindings/_rust
      copying src/cryptography/hazmat/bindings/_rust/asn1.pyi -> build/lib.linux-x86_64-cpython-310/cryptography/hazmat/bindings/_rust
      copying src/cryptography/hazmat/bindings/_rust/ocsp.pyi -> build/lib.linux-x86_64-cpython-310/cryptography/hazmat/bindings/_rust
      copying src/cryptography/hazmat/bindings/_rust/pkcs7.pyi -> build/lib.linux-x86_64-cpython-310/cryptography/hazmat/bindings/_rust
      copying src/cryptography/hazmat/bindings/_rust/x509.pyi -> build/lib.linux-x86_64-cpython-310/cryptography/hazmat/bindings/_rust
      running build_ext
      running build_rust
      
          =============================DEBUG ASSISTANCE=============================
          If you are seeing a compilation error please try the following steps to
          successfully install cryptography:
          1) Upgrade to the latest pip and try again. This will fix errors for most
             users. See: https://pip.pypa.io/en/stable/installing/#upgrading-pip
          2) Read https://cryptography.io/en/latest/installation/ for specific
             instructions for your platform.
          3) Check our frequently asked questions for more information:
             https://cryptography.io/en/latest/faq/
          4) Ensure you have a recent Rust toolchain installed:
             https://cryptography.io/en/latest/installation/#rust
      
          Python: 3.10.4
          platform: Linux-4.18.0-372.36.1.el8_6.x86_64-x86_64-with-glibc2.28
          pip: 22.0.4
          setuptools: 62.1.0
          setuptools_rust: 1.3.0
          rustc: n/a
          =============================DEBUG ASSISTANCE=============================
      
      error: can't find Rust compiler
      
      If you are using an outdated pip version, it is possible a prebuilt wheel is available for this package but pip is not able to install from it. Installing from the wheel would avoid the need for a Rust compiler.
      
      To update pip, run:
      
          pip install --upgrade pip
      
      and then retry package installation.
      
      If you did intend to build this package from source, try installing a Rust compiler from your system package manager and ensure it is on the PATH during installation. Alternatively, rustup (available at https://rustup.rs) is the recommended way to download and update the Rust compiler toolchain.
      
      This package requires Rust >=1.48.0.
      [end of output]
  
  note: This error originates from a subprocess, and is likely not a problem with pip.
  ERROR: Failed building wheel for cryptography
Failed to build cryptography
ERROR: Could not build wheels for cryptography, which is required to install pyproject.toml-based projects
