# output for command: mv zlib zlib.no && mv jpeg jpeg.no && mv freetype freetype.no && mv libpng libpng.no && export LIBS="$LIBS -L$EBROOTZLIB/lib -lz" &&  ./configure --prefix=/scratch/gent/vo/001/gvo00117/easybuild/RHEL8/cascadelake-ampere-ib/software/Ghostscript/10.01.2-GCCcore-12.3.0  --build=x86_64-pc-linux-gnu  --host=x86_64-pc-linux-gnu --with-system-libtiff --enable-dynamic

checking build system type... x86_64-pc-linux-gnu
checking host system type... x86_64-pc-linux-gnu
checking for x86_64-pc-linux-gnu-gcc... gcc
checking whether the C compiler works... yes
checking for C compiler default output file name... a.out
checking for suffix of executables... 
checking whether we are cross compiling... no
checking for suffix of object files... o
checking whether the compiler supports GNU C... yes
checking whether gcc accepts -g... yes
checking for gcc option to enable C11 features... none needed
checking how to run the C preprocessor... gcc -E
checking for a sed that does not truncate output... /usr/bin/sed
checking for x86_64-pc-linux-gnu-ranlib... no
checking for ranlib... ranlib
checking for grep that handles long lines and -e... /usr/bin/grep
checking for x86_64-pc-linux-gnu-pkg-config... no
checking for pkg-config... /apps/gent/RHEL8/cascadelake-ib/software/pkgconf/1.9.5-GCCcore-12.3.0/bin/pkg-config
checking for x86_64-pc-linux-gnu-strip... no
checking for strip... /apps/gent/RHEL8/cascadelake-ib/software/binutils/2.40-GCCcore-12.3.0/bin/strip
checking if compiler supports restrict... yes
checking supported compiler flags...    -O2
   -DNDEBUG
   -Wall
   -Wstrict-prototypes
   -Wundef
   -Wmissing-declarations
   -Wmissing-prototypes
   -Wwrite-strings
   -fno-strict-aliasing
   -Werror=declaration-after-statement
   -fno-builtin
   -fno-common
   -Werror=return-type
   -Wno-unused-local-typedefs
   -gdwarf-2
   -g3
   -O0
   -fvisibility=hidden
 ...done.
checking compiler/linker address santizer support...  ...done.
checking compiler/linker address santizer build warnings support...  ...done.
checking for stdio.h... yes
checking for stdlib.h... yes
checking for string.h... yes
checking for inttypes.h... yes
checking for stdint.h... yes
checking for strings.h... yes
checking for sys/stat.h... yes
checking for sys/types.h... yes
checking for unistd.h... yes
checking for vfork.h... no
checking whether byte ordering is bigendian... no
checking sse2 support... yes
checking for dirent.h that defines DIR... yes
checking for library containing opendir... none required
checking for errno.h... yes
checking for fcntl.h... yes
checking for limits.h... yes
checking for malloc.h... yes
checking for memory.h... yes
checking for stdlib.h... (cached) yes
checking for string.h... (cached) yes
checking for strings.h... (cached) yes
checking for sys/ioctl.h... yes
checking for sys/param.h... yes
checking for sys/time.h... yes
checking for sys/times.h... yes
checking for syslog.h... yes
checking for unistd.h... (cached) yes
checking for dirent.h... yes
checking for ndir.h... no
checking for sys/dir.h... yes
checking for sys/ndir.h... no
checking for inttypes.h... (cached) yes
checking for make... yes
checking if make is GNU make... yes
checking for sys/window.h... no
checking for an ANSI C-conforming const... yes
checking for inline... inline
checking for mode_t... yes
checking for off_t... yes
checking for size_t... yes
checking for struct stat.st_blocks... yes
checking whether struct tm is in sys/time.h or time.h... time.h
checking for dlopen in -ldl... yes
checking for dlfcn.h... yes
checking size of unsigned long long... 8
checking for cos in -lm... yes
checking for pread... yes
checking for pwrite... yes
checking for gcc options needed to detect all undeclared functions... none needed
checking whether pwrite is declared... yes
checking whether pread is declared... yes
checking whether popen is declared... yes
checking for pthread_create in -lpthread... yes
checking for recursive mutexes... PTHREAD_MUTEX_RECURSIVE
checking for local Tesseract library source... yes
checking whether the compiler supports GNU C++... yes
checking whether g++ accepts -g... yes
checking for g++ option to enable C++11 features... none needed
checking supported C++ compiler flags...    -std=c++17
-std=c++17
checking sse4.1 support... yes
checking avx support... yes
checking avx2 support... yes
checking fma support... yes
checking neon support... no
checking for iconv_open... yes
checking for libidn with pkg-config... no
checking for stringprep in -lidn... no
checking for systempapername in -lpaper... no
configure: WARNING: disabling support for libpaper
checking for fontconfig with pkg-config... yes
checking for dbus with pkg-config... yes
checking for local freetype library source... no
checking for system freetype2 >= 2.4.2 with pkg-config... yes
checking for local jpeg library source... no
checking for jpeg_set_defaults in -ljpeg... yes
checking for jpeglib.h... yes
checking for jmemsys.h... no
checking for local zlib source... no
checking for deflate in -lz... yes
checking for zlib.h... yes
checking for local png library source... no
checking for png_create_write_struct in -lpng... yes
checking for png.h... yes
checking for local lcms2mt library source... yes
checking for libtiff with pkg-config... yes
checking for x86_64-pc-linux-gnu-cups-config... no
checking for cups-config... no
checking for cups/cups.h... no
checking for local ijs library source... yes
checking for local jbig2dec library source... ./jbig2dec
Continuing with Ghostscript configuration...
checking for fseeko... yes
checking whether lrintf is declared... yes
checking for local OpenJPEG library source... yes
checking for memalign... yes
checking for aligned_alloc... yes
checking for _aligned_malloc... no
checking for posix_memalign... yes
checking for URF support... checking for SmartOffice support... checking for local CAL library source... no
checking for GTK+ 3.x... yes
checking for X... libraries , headers 
checking for gethostbyname... yes
checking for connect... yes
checking for remove... yes
checking for shmat... yes
checking for IceConnectionNumber in -lICE... yes
checking for XOpenDisplay in -lX11... yes
checking for XdbeQueryExtension in -lXext... yes
checking for XtAppCreateShell in -lXt... yes
checking Checking for "extract" in default location... yes
configure: error: Sorry, (deprecated) dynamic driver support not compatible with hidden symbols - use --disable-hidden-visibility
