== 2023-08-16 19:13:26,930 easyblock.py:313 INFO This is EasyBuild 4.8.1.dev0-rac916590bce289a01a4a123d61337ef203c9894f (framework: 4.8.1.dev0-rac916590bce289a01a4a123d61337ef203c9894f, easyblocks: 4.8.1.dev0-r63af48e1e59d1cfd9f65cc92f7f0c1f97d2b89f2) on host node4009.donphan.os.
== 2023-08-16 19:13:26,931 easyblock.py:319 INFO This is easyblock EB_Qt from module easybuild.easyblocks.qt (/user/gent/438/vsc43810/easybuild/easybuild-easyblocks/easybuild/easyblocks/q/qt.py)
== 2023-08-16 19:13:26,931 easyblock.py:1040 INFO Build dir set to /tmp/vsc43810/easybuild/build/Qt5/5.15.10/GCCcore-12.3.0
== 2023-08-16 19:13:26,931 easyblock.py:1097 INFO Software install dir set to /scratch/gent/vo/001/gvo00117/easybuild/RHEL8/cascadelake-ampere-ib/software/Qt5/5.15.10-GCCcore-12.3.0
== 2023-08-16 19:13:26,931 easyblock.py:1102 INFO Module install dir set to /scratch/gent/vo/001/gvo00117/easybuild/RHEL8/cascadelake-ampere-ib/modules/all
== 2023-08-16 19:13:26,931 easyblock.py:288 INFO Init completed for application name Qt5 version 5.15.10
== 2023-08-16 19:13:26,931 easyblock.py:4204 INFO Obtained application instance of for Qt5 (easyblock: EB_Qt)
== 2023-08-16 19:13:26,931 easyconfig.py:1693 INFO Generating template values...
== 2023-08-16 19:13:26,931 easyconfig.py:1712 INFO Template values: arch='x86_64', bitbucket_account='qt5', github_account='qt5', module_name='Qt5/5.15.10-GCCcore-12.3.0', name='Qt5', nameletter='Q', nameletterlower='q', namelower='qt5', pymajver='2', pyminver='7', pyshortver='2.7', pyver='2.7.18', toolchain_name='GCCcore', toolchain_version='12.3.0', version='5.15.10', version_major='5', version_major_minor='5.15', version_minor='15', versionprefix='', versionsuffix=''
== 2023-08-16 19:13:26,933 one.py:180 INFO Skipping reformatting value for parameter 'toolchain'
== 2023-08-16 19:13:26,933 one.py:180 INFO Skipping reformatting value for parameter 'toolchainopts'
== 2023-08-16 19:13:26,934 filetools.py:1913 INFO Creating directory /tmp/vsc43810/eb-74z2yqp7/reprod_20230816191326_816998 (parents: True, set_gid: False, sticky: False)
== 2023-08-16 19:13:26,934 easyblock.py:4458 INFO Dumped easyconfig instance to /tmp/vsc43810/eb-74z2yqp7/reprod_20230816191326_816998/Qt5-5.15.10-GCCcore-12.3.0.eb
== 2023-08-16 19:13:26,938 filetools.py:1913 INFO Creating directory /tmp/vsc43810/eb-74z2yqp7/reprod_20230816191326_816998/easyblocks (parents: True, set_gid: False, sticky: False)
== 2023-08-16 19:13:26,955 filetools.py:2432 INFO /user/gent/438/vsc43810/easybuild/easybuild-easyblocks/easybuild/easyblocks/q/qt.py copied to /tmp/vsc43810/eb-74z2yqp7/reprod_20230816191326_816998/easyblocks/qt.py
== 2023-08-16 19:13:26,956 easyblock.py:4438 INFO Dumped easyblock qt.py required for reproduction to /tmp/vsc43810/eb-74z2yqp7/reprod_20230816191326_816998/easyblocks
== 2023-08-16 19:13:26,981 filetools.py:2432 INFO /user/gent/438/vsc43810/easybuild/easybuild-easyblocks/easybuild/easyblocks/generic/configuremake.py copied to /tmp/vsc43810/eb-74z2yqp7/reprod_20230816191326_816998/easyblocks/configuremake.py
== 2023-08-16 19:13:26,981 easyblock.py:4438 INFO Dumped easyblock configuremake.py required for reproduction to /tmp/vsc43810/eb-74z2yqp7/reprod_20230816191326_816998/easyblocks
== 2023-08-16 19:13:26,981 easyblock.py:2209 INFO Number of iterations to perform for central part of installation procedure: 1
== 2023-08-16 19:13:26,981 build_log.py:267 INFO building and installing Qt5/5.15.10-GCCcore-12.3.0...
== 2023-08-16 19:13:26,982 filetools.py:2012 INFO Lock /scratch/gent/vo/001/gvo00117/easybuild/RHEL8/cascadelake-ampere-ib/software/.locks/_scratch_gent_vo_001_gvo00117_easybuild_RHEL8_cascadelake-ampere-ib_software_Qt5_5.15.10-GCCcore-12.3.0.lock does not exist
== 2023-08-16 19:13:26,982 filetools.py:1953 INFO Creating lock at /scratch/gent/vo/001/gvo00117/easybuild/RHEL8/cascadelake-ampere-ib/software/.locks/_scratch_gent_vo_001_gvo00117_easybuild_RHEL8_cascadelake-ampere-ib_software_Qt5_5.15.10-GCCcore-12.3.0.lock...
== 2023-08-16 19:13:26,982 filetools.py:1913 INFO Creating directory /scratch/gent/vo/001/gvo00117/easybuild/RHEL8/cascadelake-ampere-ib/software/.locks/_scratch_gent_vo_001_gvo00117_easybuild_RHEL8_cascadelake-ampere-ib_software_Qt5_5.15.10-GCCcore-12.3.0.lock (parents: True, set_gid: False, sticky: False)
== 2023-08-16 19:13:26,982 filetools.py:1962 INFO Lock created: /scratch/gent/vo/001/gvo00117/easybuild/RHEL8/cascadelake-ampere-ib/software/.locks/_scratch_gent_vo_001_gvo00117_easybuild_RHEL8_cascadelake-ampere-ib_software_Qt5_5.15.10-GCCcore-12.3.0.lock
== 2023-08-16 19:13:26,982 build_log.py:267 INFO fetching files...
== 2023-08-16 19:13:26,982 easyblock.py:3926 INFO Starting fetch step
== 2023-08-16 19:13:26,982 easyconfig.py:1693 INFO Generating template values...
== 2023-08-16 19:13:26,983 easyconfig.py:1712 INFO Template values: arch='x86_64', bitbucket_account='qt5', builddir='/tmp/vsc43810/easybuild/build/Qt5/5.15.10/GCCcore-12.3.0', github_account='qt5', installdir='/scratch/gent/vo/001/gvo00117/easybuild/RHEL8/cascadelake-ampere-ib/software/Qt5/5.15.10-GCCcore-12.3.0', module_name='Qt5/5.15.10-GCCcore-12.3.0', name='Qt5', nameletter='Q', nameletterlower='q', namelower='qt5', pymajver='2', pyminver='7', pyshortver='2.7', pyver='2.7.18', start_dir='None', toolchain_name='GCCcore', toolchain_version='12.3.0', version='5.15.10', version_major='5', version_major_minor='5.15', version_minor='15', versionprefix='', versionsuffix=''
== 2023-08-16 19:13:26,983 easyblock.py:3934 INFO Running method fetch_step part of step fetch
== 2023-08-16 19:13:26,983 easyblock.py:2331 WARNING Easyconfig does not specify an EasyBuild-version (key 'easybuild_version')! Assuming the latest version
== 2023-08-16 19:13:26,983 easyblock.py:803 INFO Considering directory in which easyconfig file is located when searching for checksums.json: /kyukon/home/gent/438/vsc43810/vsc-software-stack/128_catboost
== 2023-08-16 19:13:26,983 tools.py:273 INFO Found location to 'eb' script via $EB_SCRIPT_PATH: /user/gent/438/vsc43810/easybuild/easybuild-framework/eb
== 2023-08-16 19:13:26,983 tools.py:289 INFO Not considering /user/gent/438/vsc43810/easybuild (no easybuild/easyconfigs subdir found)
== 2023-08-16 19:13:26,984 tools.py:297 INFO Also considering installation prefix /kyukon/home/gent/438/vsc43810/easybuild (via resolved path to 'eb')...
== 2023-08-16 19:13:27,215 build_log.py:171 ERROR EasyBuild crashed with an error (at easybuild/easybuild-framework/easybuild/base/exceptions.py:126 in __init__): Couldn't find file checksums.json anywhere, and downloading it is disabled... Paths attempted (in order): /kyukon/home/gent/438/vsc43810/vsc-software-stack/128_catboost/q/Qt5/checksums.json, /kyukon/home/gent/438/vsc43810/vsc-software-stack/128_catboost/Qt5/checksums.json, /kyukon/home/gent/438/vsc43810/vsc-software-stack/128_catboost/checksums.json, /user/gent/438/vsc43810/easybuild/easybuild-easyconfigs/easybuild/easyconfigs/q/Qt5/checksums.json, /user/gent/438/vsc43810/easybuild/easybuild-easyconfigs/easybuild/easyconfigs/Qt5/checksums.json, /user/gent/438/vsc43810/easybuild/easybuild-easyconfigs/easybuild/easyconfigs/checksums.json, /user/gent/438/vsc43810/easybuild/easybuild-easyconfigs/easybuild/easyconfigs/q/Qt5/checksums.json, /user/gent/438/vsc43810/easybuild/easybuild-easyconfigs/easybuild/easyconfigs/Qt5/checksums.json, /user/gent/438/vsc43810/easybuild/easybuild-easyconfigs/easybuild/easyconfigs/checksums.json, /data/gent/vo/001/gvo00117/easybuild/sources/q/Qt5/checksums.json, /data/gent/vo/001/gvo00117/easybuild/sources/Qt5/checksums.json, /data/gent/vo/001/gvo00117/easybuild/sources/checksums.json, /apps/gent/sources/q/Qt5/checksums.json, /apps/gent/sources/Qt5/checksums.json, /apps/gent/sources/checksums.json  (at easybuild/easybuild-framework/easybuild/framework/easyblock.py:870 in obtain_file)
== 2023-08-16 19:13:27,215 easyblock.py:803 INFO Considering directory in which easyconfig file is located when searching for qt-everywhere-opensource-src-5.15.10.tar.xz: /kyukon/home/gent/438/vsc43810/vsc-software-stack/128_catboost
== 2023-08-16 19:13:27,215 tools.py:273 INFO Found location to 'eb' script via $EB_SCRIPT_PATH: /user/gent/438/vsc43810/easybuild/easybuild-framework/eb
== 2023-08-16 19:13:27,215 tools.py:289 INFO Not considering /user/gent/438/vsc43810/easybuild (no easybuild/easyconfigs subdir found)
== 2023-08-16 19:13:27,215 tools.py:297 INFO Also considering installation prefix /kyukon/home/gent/438/vsc43810/easybuild (via resolved path to 'eb')...
== 2023-08-16 19:13:27,216 filetools.py:1913 INFO Creating directory /data/gent/vo/001/gvo00117/easybuild/sources/q/Qt5 (parents: True, set_gid: False, sticky: False)
== 2023-08-16 19:13:27,667 filetools.py:816 INFO File size for https://download.qt.io/official_releases/qt/5.15/5.15.10/single/qt-everywhere-opensource-src-5.15.10.tar.xz: 659711492
== 2023-08-16 19:15:43,366 filetools.py:823 INFO Downloaded file qt-everywhere-opensource-src-5.15.10.tar.xz from url https://download.qt.io/official_releases/qt/5.15/5.15.10/single/qt-everywhere-opensource-src-5.15.10.tar.xz to /data/gent/vo/001/gvo00117/easybuild/sources/q/Qt5/qt-everywhere-opensource-src-5.15.10.tar.xz
== 2023-08-16 19:15:43,366 filetools.py:855 INFO Successful download of file qt-everywhere-opensource-src-5.15.10.tar.xz from url https://download.qt.io/official_releases/qt/5.15/5.15.10/single/qt-everywhere-opensource-src-5.15.10.tar.xz to path /data/gent/vo/001/gvo00117/easybuild/sources/q/Qt5/qt-everywhere-opensource-src-5.15.10.tar.xz
== 2023-08-16 19:15:43,367 easyblock.py:939 INFO Successfully downloaded source file qt-everywhere-opensource-src-5.15.10.tar.xz from https://download.qt.io/official_releases/qt/5.15/5.15.10/single/qt-everywhere-opensource-src-5.15.10.tar.xz
== 2023-08-16 19:15:43,367 easyblock.py:496 INFO Added sources: [{'name': 'qt-everywhere-opensource-src-5.15.10.tar.xz', 'path': '/data/gent/vo/001/gvo00117/easybuild/sources/q/Qt5/qt-everywhere-opensource-src-5.15.10.tar.xz', 'cmd': None, 'checksum': None, 'finalpath': '/tmp/vsc43810/easybuild/build/Qt5/5.15.10/GCCcore-12.3.0'}]
== 2023-08-16 19:15:43,367 easyblock.py:803 INFO Considering directory in which easyconfig file is located when searching for Qt5-5.13.1_fix-avx2.patch: /kyukon/home/gent/438/vsc43810/vsc-software-stack/128_catboost
== 2023-08-16 19:15:43,367 tools.py:273 INFO Found location to 'eb' script via $EB_SCRIPT_PATH: /user/gent/438/vsc43810/easybuild/easybuild-framework/eb
== 2023-08-16 19:15:43,367 tools.py:289 INFO Not considering /user/gent/438/vsc43810/easybuild (no easybuild/easyconfigs subdir found)
== 2023-08-16 19:15:43,367 tools.py:297 INFO Also considering installation prefix /kyukon/home/gent/438/vsc43810/easybuild (via resolved path to 'eb')...
== 2023-08-16 19:15:43,368 easyblock.py:844 INFO Found file Qt5-5.13.1_fix-avx2.patch at /user/gent/438/vsc43810/easybuild/easybuild-easyconfigs/easybuild/easyconfigs/q/Qt5/Qt5-5.13.1_fix-avx2.patch
== 2023-08-16 19:15:43,368 easyblock.py:803 INFO Considering directory in which easyconfig file is located when searching for Qt5-5.13.1_fix-qmake-libdir.patch: /kyukon/home/gent/438/vsc43810/vsc-software-stack/128_catboost
== 2023-08-16 19:15:43,368 tools.py:273 INFO Found location to 'eb' script via $EB_SCRIPT_PATH: /user/gent/438/vsc43810/easybuild/easybuild-framework/eb
== 2023-08-16 19:15:43,368 tools.py:289 INFO Not considering /user/gent/438/vsc43810/easybuild (no easybuild/easyconfigs subdir found)
== 2023-08-16 19:15:43,368 tools.py:297 INFO Also considering installation prefix /kyukon/home/gent/438/vsc43810/easybuild (via resolved path to 'eb')...
== 2023-08-16 19:15:43,369 easyblock.py:844 INFO Found file Qt5-5.13.1_fix-qmake-libdir.patch at /user/gent/438/vsc43810/easybuild/easybuild-easyconfigs/easybuild/easyconfigs/q/Qt5/Qt5-5.13.1_fix-qmake-libdir.patch
== 2023-08-16 19:15:43,369 easyblock.py:803 INFO Considering directory in which easyconfig file is located when searching for Qt5-5.14.1_fix-OF-Gentoo.patch: /kyukon/home/gent/438/vsc43810/vsc-software-stack/128_catboost
== 2023-08-16 19:15:43,369 tools.py:273 INFO Found location to 'eb' script via $EB_SCRIPT_PATH: /user/gent/438/vsc43810/easybuild/easybuild-framework/eb
== 2023-08-16 19:15:43,369 tools.py:289 INFO Not considering /user/gent/438/vsc43810/easybuild (no easybuild/easyconfigs subdir found)
== 2023-08-16 19:15:43,369 tools.py:297 INFO Also considering installation prefix /kyukon/home/gent/438/vsc43810/easybuild (via resolved path to 'eb')...
== 2023-08-16 19:15:43,370 easyblock.py:844 INFO Found file Qt5-5.14.1_fix-OF-Gentoo.patch at /user/gent/438/vsc43810/easybuild/easybuild-easyconfigs/easybuild/easyconfigs/q/Qt5/Qt5-5.14.1_fix-OF-Gentoo.patch
== 2023-08-16 19:15:43,370 easyblock.py:803 INFO Considering directory in which easyconfig file is located when searching for Qt5-5.15.2_fix-qtwebengine-abseil-cpp-glibc-2.34.patch: /kyukon/home/gent/438/vsc43810/vsc-software-stack/128_catboost
== 2023-08-16 19:15:43,370 tools.py:273 INFO Found location to 'eb' script via $EB_SCRIPT_PATH: /user/gent/438/vsc43810/easybuild/easybuild-framework/eb
== 2023-08-16 19:15:43,370 tools.py:289 INFO Not considering /user/gent/438/vsc43810/easybuild (no easybuild/easyconfigs subdir found)
== 2023-08-16 19:15:43,370 tools.py:297 INFO Also considering installation prefix /kyukon/home/gent/438/vsc43810/easybuild (via resolved path to 'eb')...
== 2023-08-16 19:15:43,373 easyblock.py:844 INFO Found file Qt5-5.15.2_fix-qtwebengine-abseil-cpp-glibc-2.34.patch at /user/gent/438/vsc43810/easybuild/easybuild-easyconfigs/easybuild/easyconfigs/q/Qt5/Qt5-5.15.2_fix-qtwebengine-abseil-cpp-glibc-2.34.patch
== 2023-08-16 19:15:43,373 easyblock.py:803 INFO Considering directory in which easyconfig file is located when searching for Qt5-5.15.2_fix-qtwebengine-breakpad-glibc-2.34.patch: /kyukon/home/gent/438/vsc43810/vsc-software-stack/128_catboost
== 2023-08-16 19:15:43,373 tools.py:273 INFO Found location to 'eb' script via $EB_SCRIPT_PATH: /user/gent/438/vsc43810/easybuild/easybuild-framework/eb
== 2023-08-16 19:15:43,373 tools.py:289 INFO Not considering /user/gent/438/vsc43810/easybuild (no easybuild/easyconfigs subdir found)
== 2023-08-16 19:15:43,373 tools.py:297 INFO Also considering installation prefix /kyukon/home/gent/438/vsc43810/easybuild (via resolved path to 'eb')...
== 2023-08-16 19:15:43,374 easyblock.py:844 INFO Found file Qt5-5.15.2_fix-qtwebengine-breakpad-glibc-2.34.patch at /user/gent/438/vsc43810/easybuild/easybuild-easyconfigs/easybuild/easyconfigs/q/Qt5/Qt5-5.15.2_fix-qtwebengine-breakpad-glibc-2.34.patch
== 2023-08-16 19:15:43,374 easyblock.py:803 INFO Considering directory in which easyconfig file is located when searching for Qt5-5.15.7_GCC-12.patch: /kyukon/home/gent/438/vsc43810/vsc-software-stack/128_catboost
== 2023-08-16 19:15:43,374 tools.py:273 INFO Found location to 'eb' script via $EB_SCRIPT_PATH: /user/gent/438/vsc43810/easybuild/easybuild-framework/eb
== 2023-08-16 19:15:43,374 tools.py:289 INFO Not considering /user/gent/438/vsc43810/easybuild (no easybuild/easyconfigs subdir found)
== 2023-08-16 19:15:43,374 tools.py:297 INFO Also considering installation prefix /kyukon/home/gent/438/vsc43810/easybuild (via resolved path to 'eb')...
== 2023-08-16 19:15:43,375 easyblock.py:844 INFO Found file Qt5-5.15.7_GCC-12.patch at /kyukon/home/gent/438/vsc43810/vsc-software-stack/128_catboost/Qt5-5.15.7_GCC-12.patch
== 2023-08-16 19:15:43,375 easyblock.py:535 INFO Added patches: [{'name': 'Qt5-5.13.1_fix-avx2.patch', 'postinstall': False, 'path': '/user/gent/438/vsc43810/easybuild/easybuild-easyconfigs/easybuild/easyconfigs/q/Qt5/Qt5-5.13.1_fix-avx2.patch', 'checksum': None}, {'name': 'Qt5-5.13.1_fix-qmake-libdir.patch', 'postinstall': False, 'path': '/user/gent/438/vsc43810/easybuild/easybuild-easyconfigs/easybuild/easyconfigs/q/Qt5/Qt5-5.13.1_fix-qmake-libdir.patch', 'checksum': None}, {'name': 'Qt5-5.14.1_fix-OF-Gentoo.patch', 'postinstall': False, 'path': '/user/gent/438/vsc43810/easybuild/easybuild-easyconfigs/easybuild/easyconfigs/q/Qt5/Qt5-5.14.1_fix-OF-Gentoo.patch', 'checksum': None}, {'name': 'Qt5-5.15.2_fix-qtwebengine-abseil-cpp-glibc-2.34.patch', 'postinstall': False, 'path': '/user/gent/438/vsc43810/easybuild/easybuild-easyconfigs/easybuild/easyconfigs/q/Qt5/Qt5-5.15.2_fix-qtwebengine-abseil-cpp-glibc-2.34.patch', 'checksum': None}, {'name': 'Qt5-5.15.2_fix-qtwebengine-breakpad-glibc-2.34.patch', 'postinstall': False, 'path': '/user/gent/438/vsc43810/easybuild/easybuild-easyconfigs/easybuild/easyconfigs/q/Qt5/Qt5-5.15.2_fix-qtwebengine-breakpad-glibc-2.34.patch', 'checksum': None}, {'name': 'Qt5-5.15.7_GCC-12.patch', 'postinstall': False, 'path': '/kyukon/home/gent/438/vsc43810/vsc-software-stack/128_catboost/Qt5-5.15.7_GCC-12.patch', 'checksum': None}]
== 2023-08-16 19:15:44,528 easyblock.py:2384 INFO md5 checksum for /data/gent/vo/001/gvo00117/easybuild/sources/q/Qt5/qt-everywhere-opensource-src-5.15.10.tar.xz: fb41d86bea6bc4886030a5092c910b09
== 2023-08-16 19:15:46,230 easyblock.py:2384 INFO sha256 checksum for /data/gent/vo/001/gvo00117/easybuild/sources/q/Qt5/qt-everywhere-opensource-src-5.15.10.tar.xz: b545cb83c60934adc9a6bbd27e2af79e5013de77d46f5b9f5bb2a3c762bf55ca
== 2023-08-16 19:15:46,231 easyblock.py:2384 INFO md5 checksum for /user/gent/438/vsc43810/easybuild/easybuild-easyconfigs/easybuild/easyconfigs/q/Qt5/Qt5-5.13.1_fix-avx2.patch: 7d4355427ba0f9d7885568d851b9b492
== 2023-08-16 19:15:46,231 easyblock.py:2384 INFO sha256 checksum for /user/gent/438/vsc43810/easybuild/easybuild-easyconfigs/easybuild/easyconfigs/q/Qt5/Qt5-5.13.1_fix-avx2.patch: 6f46005f056bf9e6ff3e5d012a874d18ee03b33e685941f2979c970be91a9dbc
== 2023-08-16 19:15:46,231 easyblock.py:2384 INFO md5 checksum for /user/gent/438/vsc43810/easybuild/easybuild-easyconfigs/easybuild/easyconfigs/q/Qt5/Qt5-5.13.1_fix-qmake-libdir.patch: c1890248fe59f63a5d1ba08320795c40
== 2023-08-16 19:15:46,231 easyblock.py:2384 INFO sha256 checksum for /user/gent/438/vsc43810/easybuild/easybuild-easyconfigs/easybuild/easyconfigs/q/Qt5/Qt5-5.13.1_fix-qmake-libdir.patch: 511ca9c0599ceb1989f73d8ceea9199c041512d3a26ee8c5fd870ead2c10cb63
== 2023-08-16 19:15:46,249 easyblock.py:2384 INFO md5 checksum for /user/gent/438/vsc43810/easybuild/easybuild-easyconfigs/easybuild/easyconfigs/q/Qt5/Qt5-5.14.1_fix-OF-Gentoo.patch: f6a78b4efe80d20ead05c0cecd7cf6ed
== 2023-08-16 19:15:46,249 easyblock.py:2384 INFO sha256 checksum for /user/gent/438/vsc43810/easybuild/easybuild-easyconfigs/easybuild/easyconfigs/q/Qt5/Qt5-5.14.1_fix-OF-Gentoo.patch: 0b9defb7ce75314d85bebe07e143db7f7de316fec64c17cbd13f7eec5d2d1afa
== 2023-08-16 19:15:46,262 easyblock.py:2384 INFO md5 checksum for /user/gent/438/vsc43810/easybuild/easybuild-easyconfigs/easybuild/easyconfigs/q/Qt5/Qt5-5.15.2_fix-qtwebengine-abseil-cpp-glibc-2.34.patch: 5444cac5a197e2c5a93b00f0ff72dc33
== 2023-08-16 19:15:46,262 easyblock.py:2384 INFO sha256 checksum for /user/gent/438/vsc43810/easybuild/easybuild-easyconfigs/easybuild/easyconfigs/q/Qt5/Qt5-5.15.2_fix-qtwebengine-abseil-cpp-glibc-2.34.patch: f39506495b70cc0968fb7a5f4c9028b0f0a180c552906ff4e58e0bcae83cf187
== 2023-08-16 19:15:46,280 easyblock.py:2384 INFO md5 checksum for /user/gent/438/vsc43810/easybuild/easybuild-easyconfigs/easybuild/easyconfigs/q/Qt5/Qt5-5.15.2_fix-qtwebengine-breakpad-glibc-2.34.patch: ddb2b02baba5bce0302de93f29d03ad2
== 2023-08-16 19:15:46,281 easyblock.py:2384 INFO sha256 checksum for /user/gent/438/vsc43810/easybuild/easybuild-easyconfigs/easybuild/easyconfigs/q/Qt5/Qt5-5.15.2_fix-qtwebengine-breakpad-glibc-2.34.patch: 74590de2b9e32f2c88123cb096c4f5c3001b00710aad096a4d16444a8e9eb991
== 2023-08-16 19:15:46,281 easyblock.py:2384 INFO md5 checksum for /kyukon/home/gent/438/vsc43810/vsc-software-stack/128_catboost/Qt5-5.15.7_GCC-12.patch: eb8c1533c92ea2c89eefe67a7e011e27
== 2023-08-16 19:15:46,281 easyblock.py:2384 INFO sha256 checksum for /kyukon/home/gent/438/vsc43810/vsc-software-stack/128_catboost/Qt5-5.15.7_GCC-12.patch: 9a5bde91b223a3e2e90d3d6bec107af69a1a0f18d789593738a953080473fa68
== 2023-08-16 19:15:46,281 easyblock.py:2419 INFO Checking dirs that need to be created: ['/scratch/gent/vo/001/gvo00117/easybuild/RHEL8/cascadelake-ampere-ib/software/Qt5/5.15.10-GCCcore-12.3.0', '/scratch/gent/vo/001/gvo00117/easybuild/RHEL8/cascadelake-ampere-ib/modules/all/Qt5', '/scratch/gent/vo/001/gvo00117/easybuild/RHEL8/cascadelake-ampere-ib/modules/devel/Qt5']
== 2023-08-16 19:15:46,281 filetools.py:1913 INFO Creating directory /scratch/gent/vo/001/gvo00117/easybuild/RHEL8/cascadelake-ampere-ib/software/Qt5/5.15.10-GCCcore-12.3.0 (parents: True, set_gid: False, sticky: False)
== 2023-08-16 19:15:46,282 filetools.py:1913 INFO Creating directory /scratch/gent/vo/001/gvo00117/easybuild/RHEL8/cascadelake-ampere-ib/modules/all/Qt5 (parents: True, set_gid: False, sticky: False)
== 2023-08-16 19:15:46,284 filetools.py:1913 INFO Creating directory /scratch/gent/vo/001/gvo00117/easybuild/RHEL8/cascadelake-ampere-ib/modules/devel/Qt5 (parents: True, set_gid: False, sticky: False)
== 2023-08-16 19:15:46,304 configuremake.py:95 INFO config.guess version: 2018-08-29 (last updated: 2023-08-16T16:15:01.473942, SHA256 checksum: c02eb9cc55c86cfd1e9a794e548d25db5c9539e7b2154beb649bc6e2cbffc74c)
== 2023-08-16 19:15:46,304 configuremake.py:150 INFO Found config.guess at /data/gent/vo/001/gvo00117/easybuild/sources/generic/eb_v4.8.1.dev0/ConfigureMake/config.guess
== 2023-08-16 19:15:46,304 build_log.py:267 INFO ... (took 2 mins 19 secs)
== 2023-08-16 19:15:46,304 build_log.py:267 INFO creating build dir, resetting environment...
== 2023-08-16 19:15:46,304 easyblock.py:3926 INFO Starting ready step
== 2023-08-16 19:15:46,304 easyconfig.py:1693 INFO Generating template values...
== 2023-08-16 19:15:46,305 easyconfig.py:1712 INFO Template values: arch='x86_64', bitbucket_account='qt5', builddir='/tmp/vsc43810/easybuild/build/Qt5/5.15.10/GCCcore-12.3.0', github_account='qt5', installdir='/scratch/gent/vo/001/gvo00117/easybuild/RHEL8/cascadelake-ampere-ib/software/Qt5/5.15.10-GCCcore-12.3.0', module_name='Qt5/5.15.10-GCCcore-12.3.0', name='Qt5', nameletter='Q', nameletterlower='q', namelower='qt5', pymajver='2', pyminver='7', pyshortver='2.7', pyver='2.7.18', start_dir='None', toolchain_name='GCCcore', toolchain_version='12.3.0', version='5.15.10', version_major='5', version_major_minor='5.15', version_minor='15', versionprefix='', versionsuffix=''
== 2023-08-16 19:15:46,305 easyblock.py:3934 INFO Running method check_readiness_step part of step ready
== 2023-08-16 19:15:46,305 easyblock.py:2228 INFO Setting parallelism: 8
== 2023-08-16 19:15:46,349 easyblock.py:2280 WARNING Loaded modules detected: ['env/vsc/donphan', 'env/slurm/donphan', 'env/software/donphan', 'cluster/donphan']
== 2023-08-16 19:15:46,349 easyblock.py:3934 INFO Running method make_builddir part of step ready
== 2023-08-16 19:15:46,349 filetools.py:1913 INFO Creating directory /tmp/vsc43810/easybuild/build/Qt5/5.15.10/GCCcore-12.3.0 (parents: True, set_gid: False, sticky: False)
== 2023-08-16 19:15:46,349 easyblock.py:3934 INFO Running method reset_env part of step ready
== 2023-08-16 19:15:46,350 easyblock.py:3934 INFO Running method handle_iterate_opts part of step ready
== 2023-08-16 19:15:46,350 easyconfig.py:1693 INFO Generating template values...
== 2023-08-16 19:15:46,350 easyconfig.py:1712 INFO Template values: arch='x86_64', bitbucket_account='qt5', builddir='/tmp/vsc43810/easybuild/build/Qt5/5.15.10/GCCcore-12.3.0', github_account='qt5', installdir='/scratch/gent/vo/001/gvo00117/easybuild/RHEL8/cascadelake-ampere-ib/software/Qt5/5.15.10-GCCcore-12.3.0', module_name='Qt5/5.15.10-GCCcore-12.3.0', name='Qt5', nameletter='Q', nameletterlower='q', namelower='qt5', parallel='8', pymajver='2', pyminver='7', pyshortver='2.7', pyver='2.7.18', start_dir='None', toolchain_name='GCCcore', toolchain_version='12.3.0', version='5.15.10', version_major='5', version_major_minor='5.15', version_minor='15', versionprefix='', versionsuffix=''
== 2023-08-16 19:15:46,350 build_log.py:267 INFO ... (took < 1 sec)
== 2023-08-16 19:15:46,351 build_log.py:267 INFO unpacking...
== 2023-08-16 19:15:46,351 easyblock.py:3926 INFO Starting source step
== 2023-08-16 19:15:46,351 easyconfig.py:1693 INFO Generating template values...
== 2023-08-16 19:15:46,351 easyconfig.py:1712 INFO Template values: arch='x86_64', bitbucket_account='qt5', builddir='/tmp/vsc43810/easybuild/build/Qt5/5.15.10/GCCcore-12.3.0', github_account='qt5', installdir='/scratch/gent/vo/001/gvo00117/easybuild/RHEL8/cascadelake-ampere-ib/software/Qt5/5.15.10-GCCcore-12.3.0', module_name='Qt5/5.15.10-GCCcore-12.3.0', name='Qt5', nameletter='Q', nameletterlower='q', namelower='qt5', parallel='8', pymajver='2', pyminver='7', pyshortver='2.7', pyver='2.7.18', start_dir='None', toolchain_name='GCCcore', toolchain_version='12.3.0', version='5.15.10', version_major='5', version_major_minor='5.15', version_minor='15', versionprefix='', versionsuffix=''
== 2023-08-16 19:15:46,351 easyblock.py:3934 INFO Running method checksum_step part of step source
== 2023-08-16 19:15:46,351 easyblock.py:2437 INFO Checksum verification for /data/gent/vo/001/gvo00117/easybuild/sources/q/Qt5/qt-everywhere-opensource-src-5.15.10.tar.xz using None passed.
== 2023-08-16 19:15:46,351 easyblock.py:2437 INFO Checksum verification for /user/gent/438/vsc43810/easybuild/easybuild-easyconfigs/easybuild/easyconfigs/q/Qt5/Qt5-5.13.1_fix-avx2.patch using None passed.
== 2023-08-16 19:15:46,351 easyblock.py:2437 INFO Checksum verification for /user/gent/438/vsc43810/easybuild/easybuild-easyconfigs/easybuild/easyconfigs/q/Qt5/Qt5-5.13.1_fix-qmake-libdir.patch using None passed.
== 2023-08-16 19:15:46,351 easyblock.py:2437 INFO Checksum verification for /user/gent/438/vsc43810/easybuild/easybuild-easyconfigs/easybuild/easyconfigs/q/Qt5/Qt5-5.14.1_fix-OF-Gentoo.patch using None passed.
== 2023-08-16 19:15:46,351 easyblock.py:2437 INFO Checksum verification for /user/gent/438/vsc43810/easybuild/easybuild-easyconfigs/easybuild/easyconfigs/q/Qt5/Qt5-5.15.2_fix-qtwebengine-abseil-cpp-glibc-2.34.patch using None passed.
== 2023-08-16 19:15:46,351 easyblock.py:2437 INFO Checksum verification for /user/gent/438/vsc43810/easybuild/easybuild-easyconfigs/easybuild/easyconfigs/q/Qt5/Qt5-5.15.2_fix-qtwebengine-breakpad-glibc-2.34.patch using None passed.
== 2023-08-16 19:15:46,351 easyblock.py:2437 INFO Checksum verification for /kyukon/home/gent/438/vsc43810/vsc-software-stack/128_catboost/Qt5-5.15.7_GCC-12.patch using None passed.
== 2023-08-16 19:15:46,352 easyblock.py:3934 INFO Running method extract_step part of step source
== 2023-08-16 19:15:46,352 easyblock.py:2549 INFO Unpacking source qt-everywhere-opensource-src-5.15.10.tar.xz
== 2023-08-16 19:15:46,352 run.py:246 INFO running cmd: unset TAPE; unxz /data/gent/vo/001/gvo00117/easybuild/sources/q/Qt5/qt-everywhere-opensource-src-5.15.10.tar.xz --stdout | tar x 
== 2023-08-16 19:16:27,876 build_log.py:267 INFO ... (took 41 secs)
== 2023-08-16 19:16:27,876 build_log.py:267 INFO patching...
== 2023-08-16 19:16:27,876 easyblock.py:3926 INFO Starting patch step
== 2023-08-16 19:16:27,876 easyconfig.py:1693 INFO Generating template values...
== 2023-08-16 19:16:27,877 easyconfig.py:1712 INFO Template values: arch='x86_64', bitbucket_account='qt5', builddir='/tmp/vsc43810/easybuild/build/Qt5/5.15.10/GCCcore-12.3.0', github_account='qt5', installdir='/scratch/gent/vo/001/gvo00117/easybuild/RHEL8/cascadelake-ampere-ib/software/Qt5/5.15.10-GCCcore-12.3.0', module_name='Qt5/5.15.10-GCCcore-12.3.0', name='Qt5', nameletter='Q', nameletterlower='q', namelower='qt5', parallel='8', pymajver='2', pyminver='7', pyshortver='2.7', pyver='2.7.18', start_dir='None', toolchain_name='GCCcore', toolchain_version='12.3.0', version='5.15.10', version_major='5', version_major_minor='5.15', version_minor='15', versionprefix='', versionsuffix=''
== 2023-08-16 19:16:27,877 easyblock.py:3934 INFO Running method patch_step part of step patch
== 2023-08-16 19:16:27,877 easyblock.py:2567 INFO Applying patch Qt5-5.13.1_fix-avx2.patch
== 2023-08-16 19:16:27,878 run.py:246 INFO running cmd: patch -p1 -i /user/gent/438/vsc43810/easybuild/easybuild-easyconfigs/easybuild/easyconfigs/q/Qt5/Qt5-5.13.1_fix-avx2.patch 
== 2023-08-16 19:16:27,882 easyblock.py:2567 INFO Applying patch Qt5-5.13.1_fix-qmake-libdir.patch
== 2023-08-16 19:16:27,883 run.py:246 INFO running cmd: patch -p0 -i /user/gent/438/vsc43810/easybuild/easybuild-easyconfigs/easybuild/easyconfigs/q/Qt5/Qt5-5.13.1_fix-qmake-libdir.patch 
== 2023-08-16 19:16:27,887 easyblock.py:2567 INFO Applying patch Qt5-5.14.1_fix-OF-Gentoo.patch
== 2023-08-16 19:16:27,888 run.py:246 INFO running cmd: patch -p1 -i /user/gent/438/vsc43810/easybuild/easybuild-easyconfigs/easybuild/easyconfigs/q/Qt5/Qt5-5.14.1_fix-OF-Gentoo.patch 
== 2023-08-16 19:16:27,915 build_log.py:171 ERROR EasyBuild crashed with an error (at easybuild/easybuild-framework/easybuild/base/exceptions.py:126 in __init__): Couldn't apply patch file /user/gent/438/vsc43810/easybuild/easybuild-easyconfigs/easybuild/easyconfigs/q/Qt5/Qt5-5.14.1_fix-OF-Gentoo.patch. Process exited with code 1: can't find file to patch at input line 8
Perhaps you used the wrong -p or --strip option?
The text leading up to this was:
--------------------------
|fix compilation on top of zlib provided by Gentoo,
|where OF macro has been renamed to _Z_OF
|see https://bugreports.qt.io/browse/QTBUG-68467 and https://bugs.gentoo.org/383179
|author: Kenneth Hoste (HPC-UGent)
|diff -ru qt-everywhere-src-5.14.1.orig/qt3d/src/3rdparty/assimp/contrib/unzip/ioapi.h qt-everywhere-src-5.14.1/qt3d/src/3rdparty/assimp/contrib/unzip/ioapi.h
|--- qt-everywhere-src-5.14.1.orig/qt3d/src/3rdparty/assimp/contrib/unzip/ioapi.h	2020-01-15 17:09:24.000000000 -0000
|+++ qt-everywhere-src-5.14.1/qt3d/src/3rdparty/assimp/contrib/unzip/ioapi.h	2020-09-25 18:30:03.146291932 -0000
--------------------------
File to patch: 
Skip this patch? [y] 
Skipping patch.
1 out of 1 hunk ignored
patching file qtquick3d/src/3rdparty/assimp/src/contrib/unzip/ioapi.h
patching file qtquick3d/src/3rdparty/assimp/src/contrib/zlib/contrib/minizip/ioapi.h
patching file qtwebengine/src/3rdparty/chromium/third_party/zlib/contrib/minizip/ioapi.h
 (at easybuild/easybuild-framework/easybuild/tools/filetools.py:1631 in apply_patch)
== 2023-08-16 19:16:27,915 build_log.py:267 INFO ... (took < 1 sec)
== 2023-08-16 19:16:27,915 filetools.py:2020 INFO Removing lock /scratch/gent/vo/001/gvo00117/easybuild/RHEL8/cascadelake-ampere-ib/software/.locks/_scratch_gent_vo_001_gvo00117_easybuild_RHEL8_cascadelake-ampere-ib_software_Qt5_5.15.10-GCCcore-12.3.0.lock...
== 2023-08-16 19:16:27,915 filetools.py:383 INFO Path /scratch/gent/vo/001/gvo00117/easybuild/RHEL8/cascadelake-ampere-ib/software/.locks/_scratch_gent_vo_001_gvo00117_easybuild_RHEL8_cascadelake-ampere-ib_software_Qt5_5.15.10-GCCcore-12.3.0.lock successfully removed.
== 2023-08-16 19:16:27,915 filetools.py:2024 INFO Lock removed: /scratch/gent/vo/001/gvo00117/easybuild/RHEL8/cascadelake-ampere-ib/software/.locks/_scratch_gent_vo_001_gvo00117_easybuild_RHEL8_cascadelake-ampere-ib_software_Qt5_5.15.10-GCCcore-12.3.0.lock
== 2023-08-16 19:16:27,915 easyblock.py:4261 WARNING build failed (first 300 chars): Couldn't apply patch file /user/gent/438/vsc43810/easybuild/easybuild-easyconfigs/easybuild/easyconfigs/q/Qt5/Qt5-5.14.1_fix-OF-Gentoo.patch. Process exited with code 1: can't find file to patch at input line 8
Perhaps you used the wrong -p or --strip option?
The text leading up to this was:
-------
== 2023-08-16 19:16:27,916 easyblock.py:328 INFO Closing log for application name Qt5 version 5.15.10
