# output for command: /apps/gent/RHEL8/cascadelake-ib/software/Python/3.10.4-GCCcore-11.3.0/bin/python -m pip install --prefix=/scratch/gent/vo/001/gvo00117/easybuild/RHEL8/cascadelake-ampere-ib/software/catboost/1.2-foss-2022a  --no-deps  --ignore-installed  --no-index  --no-build-isolation  .

Processing /tmp/vsc43810/easybuild/build/catboost/1.2/foss-2022a/catboost/catboost-1.2
  Preparing metadata (pyproject.toml): started
  Preparing metadata (pyproject.toml): finished with status 'done'
Building wheels for collected packages: catboost
  Building wheel for catboost (pyproject.toml): started
  Building wheel for catboost (pyproject.toml): finished with status 'error'
  error: subprocess-exited-with-error
  
   Building wheel for catboost (pyproject.toml) did not run successfully.
   exit code: 1
  > [120 lines of output]
      running bdist_wheel
      running build
      running build_py
      creating build
      creating build/lib.linux-x86_64-cpython-310
      creating build/lib.linux-x86_64-cpython-310/catboost
      copying catboost/dev_utils.py -> build/lib.linux-x86_64-cpython-310/catboost
      copying catboost/metrics.py -> build/lib.linux-x86_64-cpython-310/catboost
      copying catboost/monoforest.py -> build/lib.linux-x86_64-cpython-310/catboost
      copying catboost/utils.py -> build/lib.linux-x86_64-cpython-310/catboost
      copying catboost/datasets.py -> build/lib.linux-x86_64-cpython-310/catboost
      copying catboost/version.py -> build/lib.linux-x86_64-cpython-310/catboost
      copying catboost/plot_helpers.py -> build/lib.linux-x86_64-cpython-310/catboost
      copying catboost/__init__.py -> build/lib.linux-x86_64-cpython-310/catboost
      copying catboost/core.py -> build/lib.linux-x86_64-cpython-310/catboost
      copying catboost/text_processing.py -> build/lib.linux-x86_64-cpython-310/catboost
      creating build/lib.linux-x86_64-cpython-310/catboost/widget
      copying catboost/widget/ipythonwidget.py -> build/lib.linux-x86_64-cpython-310/catboost/widget
      copying catboost/widget/metrics_plotter.py -> build/lib.linux-x86_64-cpython-310/catboost/widget
      copying catboost/widget/callbacks.py -> build/lib.linux-x86_64-cpython-310/catboost/widget
      copying catboost/widget/__init__.py -> build/lib.linux-x86_64-cpython-310/catboost/widget
      creating build/lib.linux-x86_64-cpython-310/catboost/eval
      copying catboost/eval/_fold_models_handler.py -> build/lib.linux-x86_64-cpython-310/catboost/eval
      copying catboost/eval/evaluation_result.py -> build/lib.linux-x86_64-cpython-310/catboost/eval
      copying catboost/eval/utils.py -> build/lib.linux-x86_64-cpython-310/catboost/eval
      copying catboost/eval/_fold_model.py -> build/lib.linux-x86_64-cpython-310/catboost/eval
      copying catboost/eval/_fold_storage.py -> build/lib.linux-x86_64-cpython-310/catboost/eval
      copying catboost/eval/catboost_evaluation.py -> build/lib.linux-x86_64-cpython-310/catboost/eval
      copying catboost/eval/__init__.py -> build/lib.linux-x86_64-cpython-310/catboost/eval
      copying catboost/eval/log_config.py -> build/lib.linux-x86_64-cpython-310/catboost/eval
      copying catboost/eval/execution_case.py -> build/lib.linux-x86_64-cpython-310/catboost/eval
      copying catboost/eval/_readers.py -> build/lib.linux-x86_64-cpython-310/catboost/eval
      copying catboost/eval/_splitter.py -> build/lib.linux-x86_64-cpython-310/catboost/eval
      copying catboost/eval/factor_utils.py -> build/lib.linux-x86_64-cpython-310/catboost/eval
      running build_ext
      Buildling _catboost with cmake and ninja
      target_platform=linux-x86_64. Building targets _catboost with PIC
      Running "cmake /tmp/vsc43810/easybuild/build/catboost/1.2/foss-2022a/catboost/catboost-1.2/catboost_all_src -B /tmp/vsc43810/easybuild/build/catboost/1.2/foss-2022a/catboost/catboost-1.2/build/temp.linux-x86_64-cpython-310 -G Ninja -DCMAKE_BUILD_TYPE=Release -DCMAKE_TOOLCHAIN_FILE=/tmp/vsc43810/easybuild/build/catboost/1.2/foss-2022a/catboost/catboost-1.2/catboost_all_src/build/toolchains/clang.toolchain --log-level=VERBOSE -DCMAKE_POSITION_INDEPENDENT_CODE=On -DCATBOOST_COMPONENTS=python-package -DHAVE_CUDA=no -DPython3_ROOT_DIR=/apps/gent/RHEL8/cascadelake-ib/software/Python/3.10.4-GCCcore-11.3.0"
      -- The C compiler identification is Clang 15.0.5
      -- The CXX compiler identification is Clang 15.0.5
      -- The ASM compiler identification is GNU
      -- Found assembler: /scratch/gent/vo/001/gvo00117/easybuild/RHEL8/cascadelake-ampere-ib/software/Clang/15.0.5-GCCcore-11.3.0/bin/clang
      -- Detecting C compiler ABI info
      -- Detecting C compiler ABI info - done
      -- Check for working C compiler: /scratch/gent/vo/001/gvo00117/easybuild/RHEL8/cascadelake-ampere-ib/software/Clang/15.0.5-GCCcore-11.3.0/bin/clang - skipped
      -- Detecting C compile features
      -- Detecting C compile features - done
      -- Detecting CXX compiler ABI info
      -- Detecting CXX compiler ABI info - done
      -- Check for working CXX compiler: /scratch/gent/vo/001/gvo00117/easybuild/RHEL8/cascadelake-ampere-ib/software/Clang/15.0.5-GCCcore-11.3.0/bin/clang++ - skipped
      -- Detecting CXX compile features
      -- Detecting CXX compile features - done
      -- Found Python3: /apps/gent/RHEL8/cascadelake-ib/software/Python/3.10.4-GCCcore-11.3.0/bin/python3.10 (found version "3.10.4") found components: Interpreter
      -- CMAKE_C_FLAGS = "   -fexceptions   -fno-common   -fcolor-diagnostics   -faligned-allocation   -fdebug-default-version=4   -ffunction-sections   -fdata-sections   -Wall   -Wextra   -Wno-parentheses   -Wno-implicit-const-int-float-conversion   -Wno-unknown-warning-option   -pipe   -D_THREAD_SAFE   -D_PTHREADS   -D_REENTRANT   -D_LIBCPP_ENABLE_CXX17_REMOVED_FEATURES   -D_LARGEFILE_SOURCE   -D__STDC_CONSTANT_MACROS   -D__STDC_FORMAT_MACROS   -D__LONG_LONG_SUPPORTED  -D_GNU_SOURCE -DLIBCXX_BUILDING_LIBCXXRT -fuse-init-array -D_FILE_OFFSET_BITS=64 -m64    -msse2     -msse3     -mssse3         -msse4.1       -msse4.2       -mpopcnt      -mcx16 -D_YNDX_LIBUNWIND_ENABLE_EXCEPTION_BACKTRACE     -DSSE_ENABLED=1     -DSSE3_ENABLED=1     -DSSSE3_ENABLED=1         -DSSE41_ENABLED=1       -DSSE42_ENABLED=1       -DPOPCNT_ENABLED=1      -DCX16_ENABLED=1"
      -- CMAKE_CXX_FLAGS = "   -fexceptions   -fno-common   -fcolor-diagnostics   -faligned-allocation   -fdebug-default-version=4   -ffunction-sections   -fdata-sections   -Wall   -Wextra   -Wno-parentheses   -Wno-implicit-const-int-float-conversion   -Wno-unknown-warning-option   -pipe   -D_THREAD_SAFE   -D_PTHREADS   -D_REENTRANT   -D_LIBCPP_ENABLE_CXX17_REMOVED_FEATURES   -D_LARGEFILE_SOURCE   -D__STDC_CONSTANT_MACROS   -D__STDC_FORMAT_MACROS   -D__LONG_LONG_SUPPORTED  -D_GNU_SOURCE -DLIBCXX_BUILDING_LIBCXXRT -fuse-init-array -D_FILE_OFFSET_BITS=64 -m64    -msse2     -msse3     -mssse3         -msse4.1       -msse4.2       -mpopcnt      -mcx16 -D_YNDX_LIBUNWIND_ENABLE_EXCEPTION_BACKTRACE   -Woverloaded-virtual   -Wimport-preprocessor-directive-pedantic   -Wno-undefined-var-template   -Wno-return-std-move   -Wno-defaulted-function-deleted   -Wno-pessimizing-move   -Wno-deprecated-anon-enum-enum-conversion   -Wno-deprecated-enum-enum-conversion   -Wno-deprecated-enum-float-conversion   -Wno-ambiguous-reversed-operator   -Wno-deprecated-volatile      -DSSE_ENABLED=1     -DSSE3_ENABLED=1     -DSSSE3_ENABLED=1         -DSSE41_ENABLED=1       -DSSE42_ENABLED=1       -DPOPCNT_ENABLED=1      -DCX16_ENABLED=1"
      -- Conan: checking conan executable
      CMake Error at cmake/conan.cmake:832 (message):
        Conan executable not found! Please install conan.
      Call Stack (most recent call first):
        cmake/conan.cmake:566 (conan_check)
        CMakeLists.txt:44 (conan_cmake_install)
      
      
      -- Configuring incomplete, errors occurred!
      See also "/tmp/vsc43810/easybuild/build/catboost/1.2/foss-2022a/catboost/catboost-1.2/build/temp.linux-x86_64-cpython-310/CMakeFiles/CMakeOutput.log".
      Traceback (most recent call last):
        File "/apps/gent/RHEL8/cascadelake-ib/software/Python/3.10.4-GCCcore-11.3.0/lib/python3.10/site-packages/pip/_vendor/pep517/in_process/_in_process.py", line 363, in <module>
          main()
        File "/apps/gent/RHEL8/cascadelake-ib/software/Python/3.10.4-GCCcore-11.3.0/lib/python3.10/site-packages/pip/_vendor/pep517/in_process/_in_process.py", line 345, in main
          json_out['return_val'] = hook(**hook_input['kwargs'])
        File "/apps/gent/RHEL8/cascadelake-ib/software/Python/3.10.4-GCCcore-11.3.0/lib/python3.10/site-packages/pip/_vendor/pep517/in_process/_in_process.py", line 261, in build_wheel
          return _build_backend().build_wheel(wheel_directory, config_settings,
        File "/scratch/gent/vo/001/gvo00117/easybuild/RHEL8/cascadelake-ampere-ib/software/catboost/1.2-foss-2022a/lib/python3.10/site-packages/setuptools/build_meta.py", line 416, in build_wheel
          return self._build_with_temp_dir(['bdist_wheel'], '.whl',
        File "/scratch/gent/vo/001/gvo00117/easybuild/RHEL8/cascadelake-ampere-ib/software/catboost/1.2-foss-2022a/lib/python3.10/site-packages/setuptools/build_meta.py", line 401, in _build_with_temp_dir
          self.run_setup()
        File "/scratch/gent/vo/001/gvo00117/easybuild/RHEL8/cascadelake-ampere-ib/software/catboost/1.2-foss-2022a/lib/python3.10/site-packages/setuptools/build_meta.py", line 487, in run_setup
          super(_BuildMetaLegacyBackend,
        File "/scratch/gent/vo/001/gvo00117/easybuild/RHEL8/cascadelake-ampere-ib/software/catboost/1.2-foss-2022a/lib/python3.10/site-packages/setuptools/build_meta.py", line 338, in run_setup
          exec(code, locals())
        File "<string>", line 723, in <module>
        File "/scratch/gent/vo/001/gvo00117/easybuild/RHEL8/cascadelake-ampere-ib/software/catboost/1.2-foss-2022a/lib/python3.10/site-packages/setuptools/__init__.py", line 107, in setup
          return distutils.core.setup(**attrs)
        File "/scratch/gent/vo/001/gvo00117/easybuild/RHEL8/cascadelake-ampere-ib/software/catboost/1.2-foss-2022a/lib/python3.10/site-packages/setuptools/_distutils/core.py", line 185, in setup
          return run_commands(dist)
        File "/scratch/gent/vo/001/gvo00117/easybuild/RHEL8/cascadelake-ampere-ib/software/catboost/1.2-foss-2022a/lib/python3.10/site-packages/setuptools/_distutils/core.py", line 201, in run_commands
          dist.run_commands()
        File "/scratch/gent/vo/001/gvo00117/easybuild/RHEL8/cascadelake-ampere-ib/software/catboost/1.2-foss-2022a/lib/python3.10/site-packages/setuptools/_distutils/dist.py", line 969, in run_commands
          self.run_command(cmd)
        File "/scratch/gent/vo/001/gvo00117/easybuild/RHEL8/cascadelake-ampere-ib/software/catboost/1.2-foss-2022a/lib/python3.10/site-packages/setuptools/dist.py", line 1244, in run_command
          super().run_command(command)
        File "/scratch/gent/vo/001/gvo00117/easybuild/RHEL8/cascadelake-ampere-ib/software/catboost/1.2-foss-2022a/lib/python3.10/site-packages/setuptools/_distutils/dist.py", line 988, in run_command
          cmd_obj.run()
        File "<string>", line 389, in run
        File "/apps/gent/RHEL8/cascadelake-ib/software/Python/3.10.4-GCCcore-11.3.0/lib/python3.10/site-packages/wheel/bdist_wheel.py", line 299, in run
          self.run_command('build')
        File "/scratch/gent/vo/001/gvo00117/easybuild/RHEL8/cascadelake-ampere-ib/software/catboost/1.2-foss-2022a/lib/python3.10/site-packages/setuptools/_distutils/cmd.py", line 318, in run_command
          self.distribution.run_command(command)
        File "/scratch/gent/vo/001/gvo00117/easybuild/RHEL8/cascadelake-ampere-ib/software/catboost/1.2-foss-2022a/lib/python3.10/site-packages/setuptools/dist.py", line 1244, in run_command
          super().run_command(command)
        File "/scratch/gent/vo/001/gvo00117/easybuild/RHEL8/cascadelake-ampere-ib/software/catboost/1.2-foss-2022a/lib/python3.10/site-packages/setuptools/_distutils/dist.py", line 988, in run_command
          cmd_obj.run()
        File "<string>", line 324, in run
        File "/scratch/gent/vo/001/gvo00117/easybuild/RHEL8/cascadelake-ampere-ib/software/catboost/1.2-foss-2022a/lib/python3.10/site-packages/setuptools/_distutils/command/build.py", line 131, in run
          self.run_command(cmd_name)
        File "/scratch/gent/vo/001/gvo00117/easybuild/RHEL8/cascadelake-ampere-ib/software/catboost/1.2-foss-2022a/lib/python3.10/site-packages/setuptools/_distutils/cmd.py", line 318, in run_command
          self.distribution.run_command(command)
        File "/scratch/gent/vo/001/gvo00117/easybuild/RHEL8/cascadelake-ampere-ib/software/catboost/1.2-foss-2022a/lib/python3.10/site-packages/setuptools/dist.py", line 1244, in run_command
          super().run_command(command)
        File "/scratch/gent/vo/001/gvo00117/easybuild/RHEL8/cascadelake-ampere-ib/software/catboost/1.2-foss-2022a/lib/python3.10/site-packages/setuptools/_distutils/dist.py", line 988, in run_command
          cmd_obj.run()
        File "<string>", line 436, in run
        File "<string>", line 454, in build_with_cmake_and_ninja
        File "/tmp/vsc43810/easybuild/build/catboost/1.2/foss-2022a/catboost/catboost-1.2/catboost_all_src/build/build_native.py", line 517, in build
          cmd_runner.run(cmake_cmd, env=build_environ)
        File "/tmp/vsc43810/easybuild/build/catboost/1.2/foss-2022a/catboost/catboost-1.2/catboost_all_src/build/build_native.py", line 164, in run
          subprocess.run(cmd, check=True, **subprocess_run_kwargs)
        File "/apps/gent/RHEL8/cascadelake-ib/software/Python/3.10.4-GCCcore-11.3.0/lib/python3.10/subprocess.py", line 524, in run
          raise CalledProcessError(retcode, process.args,
      subprocess.CalledProcessError: Command '['cmake', '/tmp/vsc43810/easybuild/build/catboost/1.2/foss-2022a/catboost/catboost-1.2/catboost_all_src', '-B', '/tmp/vsc43810/easybuild/build/catboost/1.2/foss-2022a/catboost/catboost-1.2/build/temp.linux-x86_64-cpython-310', '-G', 'Ninja', '-DCMAKE_BUILD_TYPE=Release', '-DCMAKE_TOOLCHAIN_FILE=/tmp/vsc43810/easybuild/build/catboost/1.2/foss-2022a/catboost/catboost-1.2/catboost_all_src/build/toolchains/clang.toolchain', '--log-level=VERBOSE', '-DCMAKE_POSITION_INDEPENDENT_CODE=On', '-DCATBOOST_COMPONENTS=python-package', '-DHAVE_CUDA=no', '-DPython3_ROOT_DIR=/apps/gent/RHEL8/cascadelake-ib/software/Python/3.10.4-GCCcore-11.3.0']' returned non-zero exit status 1.
      [end of output]
  
  note: This error originates from a subprocess, and is likely not a problem with pip.
  ERROR: Failed building wheel for catboost
Failed to build catboost
ERROR: Could not build wheels for catboost, which is required to install pyproject.toml-based projects
