== 2023-08-14 14:55:18,252 easyblock.py:313 INFO This is EasyBuild 4.8.1.dev0-rb19094d77c07c3730c0809a89af464a3ea729202 (framework: 4.8.1.dev0-rb19094d77c07c3730c0809a89af464a3ea729202, easyblocks: 4.8.1.dev0-r3f95af4acb2d8c86728027ec0688ca357e6e1808) on host node4004.donphan.os.
== 2023-08-14 14:55:18,252 easyblock.py:319 INFO This is easyblock ConfigureMake from module easybuild.easyblocks.generic.configuremake (/user/gent/438/vsc43810/easybuild/easybuild-easyblocks/easybuild/easyblocks/generic/configuremake.py)
== 2023-08-14 14:55:18,252 easyblock.py:1040 INFO Build dir set to /tmp/vsc43810/easybuild/build/utillinux/2.39/GCCcore-12.3.0
== 2023-08-14 14:55:18,253 easyblock.py:1097 INFO Software install dir set to /scratch/gent/vo/001/gvo00117/easybuild/RHEL8/cascadelake-ampere-ib/software/util-linux/2.39-GCCcore-12.3.0
== 2023-08-14 14:55:18,253 easyblock.py:1102 INFO Module install dir set to /scratch/gent/vo/001/gvo00117/easybuild/RHEL8/cascadelake-ampere-ib/modules/all
== 2023-08-14 14:55:18,253 easyblock.py:288 INFO Init completed for application name util-linux version 2.39
== 2023-08-14 14:55:18,253 easyblock.py:4204 INFO Obtained application instance of for util-linux (easyblock: ConfigureMake)
== 2023-08-14 14:55:18,253 easyconfig.py:1693 INFO Generating template values...
== 2023-08-14 14:55:18,253 easyconfig.py:1712 INFO Template values: arch='x86_64', bitbucket_account='util-linux', github_account='util-linux', module_name='util-linux/2.39-GCCcore-12.3.0', name='util-linux', nameletter='u', nameletterlower='u', namelower='util-linux', toolchain_name='GCCcore', toolchain_version='12.3.0', version='2.39', version_major='2', version_major_minor='2.39', version_minor='39', versionprefix='', versionsuffix=''
== 2023-08-14 14:55:18,254 one.py:180 INFO Skipping reformatting value for parameter 'toolchain'
== 2023-08-14 14:55:18,254 one.py:180 INFO Skipping reformatting value for parameter 'toolchainopts'
== 2023-08-14 14:55:18,255 filetools.py:1913 INFO Creating directory /tmp/vsc43810/eb-oexdkc4y/reprod_20230814145518_2808329 (parents: True, set_gid: False, sticky: False)
== 2023-08-14 14:55:18,255 easyblock.py:4458 INFO Dumped easyconfig instance to /tmp/vsc43810/eb-oexdkc4y/reprod_20230814145518_2808329/util-linux-2.39-GCCcore-12.3.0.eb
== 2023-08-14 14:55:18,257 filetools.py:1913 INFO Creating directory /tmp/vsc43810/eb-oexdkc4y/reprod_20230814145518_2808329/easyblocks (parents: True, set_gid: False, sticky: False)
== 2023-08-14 14:55:18,273 filetools.py:2432 INFO /user/gent/438/vsc43810/easybuild/easybuild-easyblocks/easybuild/easyblocks/generic/configuremake.py copied to /tmp/vsc43810/eb-oexdkc4y/reprod_20230814145518_2808329/easyblocks/configuremake.py
== 2023-08-14 14:55:18,273 easyblock.py:4438 INFO Dumped easyblock configuremake.py required for reproduction to /tmp/vsc43810/eb-oexdkc4y/reprod_20230814145518_2808329/easyblocks
== 2023-08-14 14:55:18,273 easyblock.py:2209 INFO Number of iterations to perform for central part of installation procedure: 1
== 2023-08-14 14:55:18,273 build_log.py:267 INFO building and installing util-linux/2.39-GCCcore-12.3.0...
== 2023-08-14 14:55:18,273 filetools.py:2012 INFO Lock /scratch/gent/vo/001/gvo00117/easybuild/RHEL8/cascadelake-ampere-ib/software/.locks/_scratch_gent_vo_001_gvo00117_easybuild_RHEL8_cascadelake-ampere-ib_software_util-linux_2.39-GCCcore-12.3.0.lock does not exist
== 2023-08-14 14:55:18,273 filetools.py:1953 INFO Creating lock at /scratch/gent/vo/001/gvo00117/easybuild/RHEL8/cascadelake-ampere-ib/software/.locks/_scratch_gent_vo_001_gvo00117_easybuild_RHEL8_cascadelake-ampere-ib_software_util-linux_2.39-GCCcore-12.3.0.lock...
== 2023-08-14 14:55:18,273 filetools.py:1913 INFO Creating directory /scratch/gent/vo/001/gvo00117/easybuild/RHEL8/cascadelake-ampere-ib/software/.locks/_scratch_gent_vo_001_gvo00117_easybuild_RHEL8_cascadelake-ampere-ib_software_util-linux_2.39-GCCcore-12.3.0.lock (parents: True, set_gid: False, sticky: False)
== 2023-08-14 14:55:18,274 filetools.py:1962 INFO Lock created: /scratch/gent/vo/001/gvo00117/easybuild/RHEL8/cascadelake-ampere-ib/software/.locks/_scratch_gent_vo_001_gvo00117_easybuild_RHEL8_cascadelake-ampere-ib_software_util-linux_2.39-GCCcore-12.3.0.lock
== 2023-08-14 14:55:18,274 build_log.py:267 INFO fetching files...
== 2023-08-14 14:55:18,274 easyblock.py:3926 INFO Starting fetch step
== 2023-08-14 14:55:18,274 easyconfig.py:1693 INFO Generating template values...
== 2023-08-14 14:55:18,274 easyconfig.py:1712 INFO Template values: arch='x86_64', bitbucket_account='util-linux', builddir='/tmp/vsc43810/easybuild/build/utillinux/2.39/GCCcore-12.3.0', github_account='util-linux', installdir='/scratch/gent/vo/001/gvo00117/easybuild/RHEL8/cascadelake-ampere-ib/software/util-linux/2.39-GCCcore-12.3.0', module_name='util-linux/2.39-GCCcore-12.3.0', name='util-linux', nameletter='u', nameletterlower='u', namelower='util-linux', start_dir='None', toolchain_name='GCCcore', toolchain_version='12.3.0', version='2.39', version_major='2', version_major_minor='2.39', version_minor='39', versionprefix='', versionsuffix=''
== 2023-08-14 14:55:18,274 easyblock.py:3934 INFO Running method fetch_step part of step fetch
== 2023-08-14 14:55:18,274 easyblock.py:2331 WARNING Easyconfig does not specify an EasyBuild-version (key 'easybuild_version')! Assuming the latest version
== 2023-08-14 14:55:18,274 easyblock.py:803 INFO Considering directory in which easyconfig file is located when searching for util-linux-2.39.tar.gz: /user/gent/438/vsc43810/easybuild/easybuild-easyconfigs/easybuild/easyconfigs/u/util-linux
== 2023-08-14 14:55:18,275 tools.py:273 INFO Found location to 'eb' script via $EB_SCRIPT_PATH: /user/gent/438/vsc43810/easybuild/easybuild-framework/eb
== 2023-08-14 14:55:18,275 tools.py:289 INFO Not considering /user/gent/438/vsc43810/easybuild (no easybuild/easyconfigs subdir found)
== 2023-08-14 14:55:18,275 tools.py:297 INFO Also considering installation prefix /kyukon/home/gent/438/vsc43810/easybuild (via resolved path to 'eb')...
== 2023-08-14 14:55:18,284 filetools.py:1913 INFO Creating directory /data/gent/vo/001/gvo00117/easybuild/sources/u/util-linux (parents: True, set_gid: False, sticky: False)
== 2023-08-14 14:55:18,925 filetools.py:816 INFO File size for https://www.kernel.org/pub/linux/utils/util-linux/v2.39/util-linux-2.39.tar.gz: 17422555
== 2023-08-14 14:55:32,904 build_log.py:171 ERROR EasyBuild crashed with an error (at easybuild/easybuild-framework/easybuild/base/exceptions.py:126 in __init__): Failed to write to /data/gent/vo/001/gvo00117/easybuild/sources/u/util-linux/util-linux-2.39.tar.gz: The read operation timed out (at easybuild/easybuild-framework/easybuild/tools/filetools.py:293 in write_file)
== 2023-08-14 14:55:32,905 build_log.py:171 ERROR EasyBuild crashed with an error (at easybuild/easybuild-framework/easybuild/base/exceptions.py:126 in __init__): Unexpected error occurred when trying to download https://www.kernel.org/pub/linux/utils/util-linux/v2.39/util-linux-2.39.tar.gz to /data/gent/vo/001/gvo00117/easybuild/sources/u/util-linux/util-linux-2.39.tar.gz: 'Failed to write to /data/gent/vo/001/gvo00117/easybuild/sources/u/util-linux/util-linux-2.39.tar.gz: The read operation timed out' (at easybuild/easybuild-framework/easybuild/tools/filetools.py:843 in download_file)
== 2023-08-14 14:55:32,905 build_log.py:267 INFO ... (took 14 secs)
== 2023-08-14 14:55:32,905 filetools.py:2020 INFO Removing lock /scratch/gent/vo/001/gvo00117/easybuild/RHEL8/cascadelake-ampere-ib/software/.locks/_scratch_gent_vo_001_gvo00117_easybuild_RHEL8_cascadelake-ampere-ib_software_util-linux_2.39-GCCcore-12.3.0.lock...
== 2023-08-14 14:55:32,905 filetools.py:383 INFO Path /scratch/gent/vo/001/gvo00117/easybuild/RHEL8/cascadelake-ampere-ib/software/.locks/_scratch_gent_vo_001_gvo00117_easybuild_RHEL8_cascadelake-ampere-ib_software_util-linux_2.39-GCCcore-12.3.0.lock successfully removed.
== 2023-08-14 14:55:32,905 filetools.py:2024 INFO Lock removed: /scratch/gent/vo/001/gvo00117/easybuild/RHEL8/cascadelake-ampere-ib/software/.locks/_scratch_gent_vo_001_gvo00117_easybuild_RHEL8_cascadelake-ampere-ib_software_util-linux_2.39-GCCcore-12.3.0.lock
== 2023-08-14 14:55:32,905 easyblock.py:4261 WARNING build failed (first 300 chars): Unexpected error occurred when trying to download https://www.kernel.org/pub/linux/utils/util-linux/v2.39/util-linux-2.39.tar.gz to /data/gent/vo/001/gvo00117/easybuild/sources/u/util-linux/util-linux-2.39.tar.gz: 'Failed to write to /data/gent/vo/001/gvo00117/easybuild/sources/u/util-linux/util-lin
== 2023-08-14 14:55:32,907 easyblock.py:328 INFO Closing log for application name util-linux version 2.39
