# output for command: make install

make[1]: Entering directory '/tmp/vsc43810/easybuild/build/GTK3/3.24.35/GCCcore-12.3.0/hicolor-icon-theme-0.17'
make[1]: Nothing to be done for 'install-exec-am'.
 /usr/bin/mkdir -p '/scratch/gent/vo/001/gvo00117/easybuild/RHEL8/cascadelake-ampere-ib/software/GTK3/3.24.35-GCCcore-12.3.0/share/icons/hicolor'
 /usr/bin/install -c -m 644 index.theme '/scratch/gent/vo/001/gvo00117/easybuild/RHEL8/cascadelake-ampere-ib/software/GTK3/3.24.35-GCCcore-12.3.0/share/icons/hicolor'
make  install-data-hook
make[2]: Entering directory '/tmp/vsc43810/easybuild/build/GTK3/3.24.35/GCCcore-12.3.0/hicolor-icon-theme-0.17'
mkdir -p /scratch/gent/vo/001/gvo00117/easybuild/RHEL8/cascadelake-ampere-ib/software/GTK3/3.24.35-GCCcore-12.3.0/share/icons/hicolor
for dir in 16x16 22x22 24x24 32x32 36x36 48x48 64x64 72x72 96x96 128x128 192x192 256x256 512x512 scalable; do \
  for ctxt in actions animations apps categories devices emblems emotes filesystems intl mimetypes places status stock; do \
    mkdir -p /scratch/gent/vo/001/gvo00117/easybuild/RHEL8/cascadelake-ampere-ib/software/GTK3/3.24.35-GCCcore-12.3.0/share/icons/hicolor/$dir/$ctxt; \
    if [ "$ctxt" = "stock" ]; then \
      for sub in chart code data form image io media navigation net object table text; do \
        mkdir -p /scratch/gent/vo/001/gvo00117/easybuild/RHEL8/cascadelake-ampere-ib/software/GTK3/3.24.35-GCCcore-12.3.0/share/icons/hicolor/$dir/$ctxt/$sub; \
      done \
    fi \
  done \
done
mkdir -p /scratch/gent/vo/001/gvo00117/easybuild/RHEL8/cascadelake-ampere-ib/software/GTK3/3.24.35-GCCcore-12.3.0/share/icons/hicolor/symbolic/apps
make[2]: Leaving directory '/tmp/vsc43810/easybuild/build/GTK3/3.24.35/GCCcore-12.3.0/hicolor-icon-theme-0.17'
make[1]: Leaving directory '/tmp/vsc43810/easybuild/build/GTK3/3.24.35/GCCcore-12.3.0/hicolor-icon-theme-0.17'
