== 2022-07-08 13:35:39,336 easyblock.py:303 INFO This is EasyBuild 4.6.1.dev0-r85234d886a40231d164e0a5c2fc2b9e8d82087bb (framework: 4.5.4.dev0-rd559852df0618afeba101601360e98ee4f005ff6, easyblocks: 4.6.1.dev0-r85234d886a40231d164e0a5c2fc2b9e8d82087bb) on host node3702.slaking.os.
== 2022-07-08 13:35:39,337 easyblock.py:309 INFO This is easyblock CMakeMake from module easybuild.easyblocks.generic.cmakemake (/user/gent/445/vsc44588/easybuild/easybuild-easyblocks/easybuild/easyblocks/generic/cmakemake.py)
== 2022-07-08 13:35:39,337 easyblock.py:967 INFO Build dir set to /tmp/vsc44588/easybuild/build/Raven/1.8.1/GCC-11.2.0
== 2022-07-08 13:35:39,337 easyblock.py:1024 INFO Software install dir set to /scratch/gent/vo/001/gvo00117/easybuild/RHEL8/haswell-ib/software/Raven/1.8.1-GCC-11.2.0
== 2022-07-08 13:35:39,338 easyblock.py:1029 INFO Module install dir set to /scratch/gent/vo/001/gvo00117/easybuild/RHEL8/haswell-ib/modules/all
== 2022-07-08 13:35:39,338 easyblock.py:278 INFO Init completed for application name Raven version 1.8.1
== 2022-07-08 13:35:39,338 easyblock.py:4020 INFO Obtained application instance of for Raven (easyblock: CMakeMake)
== 2022-07-08 13:35:39,338 easyconfig.py:1686 INFO Generating template values...
== 2022-07-08 13:35:39,339 easyconfig.py:1705 INFO Template values: arch='x86_64', bitbucket_account='raven', github_account='raven', module_name='Raven/1.8.1-GCC-11.2.0', name='Raven', nameletter='R', nameletterlower='r', namelower='raven', pymajver='3', pyminver='9', pyshortver='3.9', pyver='3.9.6', toolchain_name='GCC', toolchain_version='11.2.0', version='1.8.1', version_major='1', version_major_minor='1.8', version_minor='8', versionprefix='', versionsuffix=''
== 2022-07-08 13:35:39,341 one.py:175 INFO Skipping reformatting value for parameter 'toolchain'
== 2022-07-08 13:35:39,343 filetools.py:1882 INFO Creating directory /tmp/vsc44588/eb-p2h7jdiy/reprod_20220708133539_1446573 (parents: True, set_gid: False, sticky: False)
== 2022-07-08 13:35:39,343 easyblock.py:4274 INFO Dumped easyconfig instance to /tmp/vsc44588/eb-p2h7jdiy/reprod_20220708133539_1446573/Raven-1.8.1-GCC-11.2.0.eb
== 2022-07-08 13:35:39,347 filetools.py:1882 INFO Creating directory /tmp/vsc44588/eb-p2h7jdiy/reprod_20220708133539_1446573/easyblocks (parents: True, set_gid: False, sticky: False)
== 2022-07-08 13:35:39,378 filetools.py:2395 INFO /user/gent/445/vsc44588/easybuild/easybuild-easyblocks/easybuild/easyblocks/generic/cmakemake.py copied to /tmp/vsc44588/eb-p2h7jdiy/reprod_20220708133539_1446573/easyblocks/cmakemake.py
== 2022-07-08 13:35:39,378 easyblock.py:4254 INFO Dumped easyblock cmakemake.py required for reproduction to /tmp/vsc44588/eb-p2h7jdiy/reprod_20220708133539_1446573/easyblocks
== 2022-07-08 13:35:39,393 filetools.py:2395 INFO /user/gent/445/vsc44588/easybuild/easybuild-easyblocks/easybuild/easyblocks/generic/configuremake.py copied to /tmp/vsc44588/eb-p2h7jdiy/reprod_20220708133539_1446573/easyblocks/configuremake.py
== 2022-07-08 13:35:39,393 easyblock.py:4254 INFO Dumped easyblock configuremake.py required for reproduction to /tmp/vsc44588/eb-p2h7jdiy/reprod_20220708133539_1446573/easyblocks
== 2022-07-08 13:35:39,397 easyblock.py:2096 INFO Number of iterations to perform for central part of installation procedure: 1
== 2022-07-08 13:35:39,398 build_log.py:265 INFO building and installing Raven/1.8.1-GCC-11.2.0...
== 2022-07-08 13:35:39,412 filetools.py:1975 INFO Lock /scratch/gent/vo/001/gvo00117/easybuild/RHEL8/haswell-ib/software/.locks/_scratch_gent_vo_001_gvo00117_easybuild_RHEL8_haswell-ib_software_Raven_1.8.1-GCC-11.2.0.lock does not exist
== 2022-07-08 13:35:39,412 filetools.py:1916 INFO Creating lock at /scratch/gent/vo/001/gvo00117/easybuild/RHEL8/haswell-ib/software/.locks/_scratch_gent_vo_001_gvo00117_easybuild_RHEL8_haswell-ib_software_Raven_1.8.1-GCC-11.2.0.lock...
== 2022-07-08 13:35:39,412 filetools.py:1882 INFO Creating directory /scratch/gent/vo/001/gvo00117/easybuild/RHEL8/haswell-ib/software/.locks/_scratch_gent_vo_001_gvo00117_easybuild_RHEL8_haswell-ib_software_Raven_1.8.1-GCC-11.2.0.lock (parents: True, set_gid: False, sticky: False)
== 2022-07-08 13:35:39,414 filetools.py:1925 INFO Lock created: /scratch/gent/vo/001/gvo00117/easybuild/RHEL8/haswell-ib/software/.locks/_scratch_gent_vo_001_gvo00117_easybuild_RHEL8_haswell-ib_software_Raven_1.8.1-GCC-11.2.0.lock
== 2022-07-08 13:35:39,415 build_log.py:265 INFO fetching files...
== 2022-07-08 13:35:39,421 easyblock.py:3746 INFO Starting fetch step
== 2022-07-08 13:35:39,421 easyconfig.py:1686 INFO Generating template values...
== 2022-07-08 13:35:39,421 easyconfig.py:1705 INFO Template values: arch='x86_64', bitbucket_account='raven', builddir='/tmp/vsc44588/easybuild/build/Raven/1.8.1/GCC-11.2.0', github_account='raven', installdir='/scratch/gent/vo/001/gvo00117/easybuild/RHEL8/haswell-ib/software/Raven/1.8.1-GCC-11.2.0', module_name='Raven/1.8.1-GCC-11.2.0', name='Raven', nameletter='R', nameletterlower='r', namelower='raven', pymajver='3', pyminver='9', pyshortver='3.9', pyver='3.9.6', toolchain_name='GCC', toolchain_version='11.2.0', version='1.8.1', version_major='1', version_major_minor='1.8', version_minor='8', versionprefix='', versionsuffix=''
== 2022-07-08 13:35:39,422 easyblock.py:3754 INFO Running method fetch_step part of step fetch
== 2022-07-08 13:35:39,422 easyblock.py:2218 WARNING Easyconfig does not specify an EasyBuild-version (key 'easybuild_version')! Assuming the latest version
== 2022-07-08 13:35:39,423 tools.py:271 INFO Found location to 'eb' script via $EB_SCRIPT_PATH: /user/gent/445/vsc44588/easybuild/easybuild-framework/eb
== 2022-07-08 13:35:39,424 tools.py:287 INFO Not considering /user/gent/445/vsc44588/easybuild (no easybuild/easyconfigs subdir found)
== 2022-07-08 13:35:39,424 tools.py:295 INFO Also considering installation prefix /kyukon/home/gent/445/vsc44588/easybuild (via resolved path to 'eb')...
== 2022-07-08 13:35:39,437 easyblock.py:780 INFO Found file 1.8.1.tar.gz at /data/gent/vo/001/gvo00117/easybuild/sources/r/Raven/1.8.1.tar.gz
== 2022-07-08 13:35:39,437 easyblock.py:451 INFO Added sources: [{'name': '1.8.1.tar.gz', 'path': '/data/gent/vo/001/gvo00117/easybuild/sources/r/Raven/1.8.1.tar.gz', 'cmd': None, 'checksum': None, 'finalpath': '/tmp/vsc44588/easybuild/build/Raven/1.8.1/GCC-11.2.0'}]
== 2022-07-08 13:35:39,437 easyblock.py:2261 INFO no patches provided
== 2022-07-08 13:35:39,842 easyblock.py:2271 INFO md5 checksum for /data/gent/vo/001/gvo00117/easybuild/sources/r/Raven/1.8.1.tar.gz: 1090e73fc3a9ecc7933a4136e75d9d4f
== 2022-07-08 13:35:39,854 easyblock.py:2271 INFO sha256 checksum for /data/gent/vo/001/gvo00117/easybuild/sources/r/Raven/1.8.1.tar.gz: 00009e9027761fa28313db4e2b5c5f40ebc10e6631b43b755e321ac6bbcc2c06
== 2022-07-08 13:35:39,870 tools.py:271 INFO Found location to 'eb' script via $EB_SCRIPT_PATH: /user/gent/445/vsc44588/easybuild/easybuild-framework/eb
== 2022-07-08 13:35:39,871 tools.py:287 INFO Not considering /user/gent/445/vsc44588/easybuild (no easybuild/easyconfigs subdir found)
== 2022-07-08 13:35:39,871 tools.py:295 INFO Also considering installation prefix /kyukon/home/gent/445/vsc44588/easybuild (via resolved path to 'eb')...
== 2022-07-08 13:35:39,873 easyblock.py:780 INFO Found file 1.8.1.tar.gz at /data/gent/vo/001/gvo00117/easybuild/sources/r/Raven/1.8.1.tar.gz
== 2022-07-08 13:35:39,882 easyblock.py:630 INFO md5 checksum for /data/gent/vo/001/gvo00117/easybuild/sources/r/Raven/1.8.1.tar.gz: 1090e73fc3a9ecc7933a4136e75d9d4f
== 2022-07-08 13:35:39,894 easyblock.py:630 INFO sha256 checksum for /data/gent/vo/001/gvo00117/easybuild/sources/r/Raven/1.8.1.tar.gz: 00009e9027761fa28313db4e2b5c5f40ebc10e6631b43b755e321ac6bbcc2c06
== 2022-07-08 13:35:39,894 easyblock.py:636 INFO Checksum for extension source 1.8.1.tar.gz verified
== 2022-07-08 13:35:39,894 easyblock.py:485 INFO Fetched extension patches: []
== 2022-07-08 13:35:39,895 easyblock.py:2306 INFO Checking dirs that need to be created: ['/scratch/gent/vo/001/gvo00117/easybuild/RHEL8/haswell-ib/software/Raven/1.8.1-GCC-11.2.0', '/scratch/gent/vo/001/gvo00117/easybuild/RHEL8/haswell-ib/modules/all/Raven', '/scratch/gent/vo/001/gvo00117/easybuild/RHEL8/haswell-ib/modules/bio/Raven']
== 2022-07-08 13:35:39,923 configuremake.py:95 INFO config.guess version: 2018-08-29 (last updated: 2022-07-08T10:33:03.694929, SHA256 checksum: c02eb9cc55c86cfd1e9a794e548d25db5c9539e7b2154beb649bc6e2cbffc74c)
== 2022-07-08 13:35:39,923 configuremake.py:150 INFO Found config.guess at /data/gent/vo/001/gvo00117/easybuild/sources/generic/eb_v4.6.1.dev0/ConfigureMake/config.guess
== 2022-07-08 13:35:39,923 build_log.py:265 INFO ... (took < 1 sec)
== 2022-07-08 13:35:39,929 build_log.py:265 INFO creating build dir, resetting environment...
== 2022-07-08 13:35:39,936 easyblock.py:3746 INFO Starting ready step
== 2022-07-08 13:35:39,936 easyconfig.py:1686 INFO Generating template values...
== 2022-07-08 13:35:39,936 easyconfig.py:1705 INFO Template values: arch='x86_64', bitbucket_account='raven', builddir='/tmp/vsc44588/easybuild/build/Raven/1.8.1/GCC-11.2.0', github_account='raven', installdir='/scratch/gent/vo/001/gvo00117/easybuild/RHEL8/haswell-ib/software/Raven/1.8.1-GCC-11.2.0', module_name='Raven/1.8.1-GCC-11.2.0', name='Raven', nameletter='R', nameletterlower='r', namelower='raven', pymajver='3', pyminver='9', pyshortver='3.9', pyver='3.9.6', toolchain_name='GCC', toolchain_version='11.2.0', version='1.8.1', version_major='1', version_major_minor='1.8', version_minor='8', versionprefix='', versionsuffix=''
== 2022-07-08 13:35:39,937 easyblock.py:3754 INFO Running method check_readiness_step part of step ready
== 2022-07-08 13:35:39,946 run.py:233 INFO running cmd: ulimit -u 
== 2022-07-08 13:35:39,954 easyblock.py:2115 INFO Setting parallelism: 8
== 2022-07-08 13:35:40,053 easyblock.py:2167 WARNING Loaded modules detected: ['cluster/slaking']
== 2022-07-08 13:35:40,054 easyblock.py:3754 INFO Running method make_builddir part of step ready
== 2022-07-08 13:35:40,054 easyblock.py:1049 INFO Found old directory /tmp/vsc44588/easybuild/build/Raven/1.8.1/GCC-11.2.0
== 2022-07-08 13:35:40,175 filetools.py:382 INFO Path /tmp/vsc44588/easybuild/build/Raven/1.8.1/GCC-11.2.0 successfully removed.
== 2022-07-08 13:35:40,176 easyblock.py:1057 INFO Removed old directory /tmp/vsc44588/easybuild/build/Raven/1.8.1/GCC-11.2.0
== 2022-07-08 13:35:40,176 filetools.py:1882 INFO Creating directory /tmp/vsc44588/easybuild/build/Raven/1.8.1/GCC-11.2.0 (parents: True, set_gid: False, sticky: False)
== 2022-07-08 13:35:40,183 easyblock.py:3754 INFO Running method reset_env part of step ready
== 2022-07-08 13:35:40,184 easyblock.py:3754 INFO Running method handle_iterate_opts part of step ready
== 2022-07-08 13:35:40,184 build_log.py:265 INFO starting iteration #0 ...
== 2022-07-08 13:35:40,190 easyblock.py:2055 INFO Current iteration index: 0
== 2022-07-08 13:35:40,190 easyconfig.py:1686 INFO Generating template values...
== 2022-07-08 13:35:40,191 easyconfig.py:1705 INFO Template values: arch='x86_64', bitbucket_account='raven', builddir='/tmp/vsc44588/easybuild/build/Raven/1.8.1/GCC-11.2.0', github_account='raven', installdir='/scratch/gent/vo/001/gvo00117/easybuild/RHEL8/haswell-ib/software/Raven/1.8.1-GCC-11.2.0', module_name='Raven/1.8.1-GCC-11.2.0', name='Raven', nameletter='R', nameletterlower='r', namelower='raven', parallel='8', pymajver='3', pyminver='9', pyshortver='3.9', pyver='3.9.6', toolchain_name='GCC', toolchain_version='11.2.0', version='1.8.1', version_major='1', version_major_minor='1.8', version_minor='8', versionprefix='', versionsuffix=''
== 2022-07-08 13:35:40,192 build_log.py:265 INFO ... (took < 1 sec)
== 2022-07-08 13:35:40,198 build_log.py:265 INFO unpacking...
== 2022-07-08 13:35:40,204 easyblock.py:3746 INFO Starting source step
== 2022-07-08 13:35:40,204 easyconfig.py:1686 INFO Generating template values...
== 2022-07-08 13:35:40,204 easyconfig.py:1705 INFO Template values: arch='x86_64', bitbucket_account='raven', builddir='/tmp/vsc44588/easybuild/build/Raven/1.8.1/GCC-11.2.0', github_account='raven', installdir='/scratch/gent/vo/001/gvo00117/easybuild/RHEL8/haswell-ib/software/Raven/1.8.1-GCC-11.2.0', module_name='Raven/1.8.1-GCC-11.2.0', name='Raven', nameletter='R', nameletterlower='r', namelower='raven', parallel='8', pymajver='3', pyminver='9', pyshortver='3.9', pyver='3.9.6', toolchain_name='GCC', toolchain_version='11.2.0', version='1.8.1', version_major='1', version_major_minor='1.8', version_minor='8', versionprefix='', versionsuffix=''
== 2022-07-08 13:35:40,205 easyblock.py:3754 INFO Running method checksum_step part of step source
== 2022-07-08 13:35:40,205 easyblock.py:2324 INFO Checksum verification for /data/gent/vo/001/gvo00117/easybuild/sources/r/Raven/1.8.1.tar.gz using None passed.
== 2022-07-08 13:35:40,205 easyblock.py:3754 INFO Running method extract_step part of step source
== 2022-07-08 13:35:40,205 easyblock.py:2416 INFO Unpacking source 1.8.1.tar.gz
== 2022-07-08 13:35:40,216 run.py:233 INFO running cmd: tar xzf /data/gent/vo/001/gvo00117/easybuild/sources/r/Raven/1.8.1.tar.gz 
== 2022-07-08 13:35:40,264 build_log.py:265 INFO ... (took < 1 sec)
== 2022-07-08 13:35:40,270 build_log.py:265 INFO patching...
== 2022-07-08 13:35:40,276 easyblock.py:3746 INFO Starting patch step
== 2022-07-08 13:35:40,276 easyconfig.py:1686 INFO Generating template values...
== 2022-07-08 13:35:40,277 easyconfig.py:1705 INFO Template values: arch='x86_64', bitbucket_account='raven', builddir='/tmp/vsc44588/easybuild/build/Raven/1.8.1/GCC-11.2.0', github_account='raven', installdir='/scratch/gent/vo/001/gvo00117/easybuild/RHEL8/haswell-ib/software/Raven/1.8.1-GCC-11.2.0', module_name='Raven/1.8.1-GCC-11.2.0', name='Raven', nameletter='R', nameletterlower='r', namelower='raven', parallel='8', pymajver='3', pyminver='9', pyshortver='3.9', pyver='3.9.6', toolchain_name='GCC', toolchain_version='11.2.0', version='1.8.1', version_major='1', version_major_minor='1.8', version_minor='8', versionprefix='', versionsuffix=''
== 2022-07-08 13:35:40,278 easyblock.py:3754 INFO Running method patch_step part of step patch
== 2022-07-08 13:35:40,278 build_log.py:265 INFO ... (took < 1 sec)
== 2022-07-08 13:35:40,284 build_log.py:265 INFO preparing...
== 2022-07-08 13:35:40,290 easyblock.py:3746 INFO Starting prepare step
== 2022-07-08 13:35:40,290 easyconfig.py:1686 INFO Generating template values...
== 2022-07-08 13:35:40,291 easyconfig.py:1705 INFO Template values: arch='x86_64', bitbucket_account='raven', builddir='/tmp/vsc44588/easybuild/build/Raven/1.8.1/GCC-11.2.0', github_account='raven', installdir='/scratch/gent/vo/001/gvo00117/easybuild/RHEL8/haswell-ib/software/Raven/1.8.1-GCC-11.2.0', module_name='Raven/1.8.1-GCC-11.2.0', name='Raven', nameletter='R', nameletterlower='r', namelower='raven', parallel='8', pymajver='3', pyminver='9', pyshortver='3.9', pyver='3.9.6', toolchain_name='GCC', toolchain_version='11.2.0', version='1.8.1', version_major='1', version_major_minor='1.8', version_minor='8', versionprefix='', versionsuffix=''
== 2022-07-08 13:35:40,291 easyblock.py:3754 INFO Running method prepare_step part of step prepare
== 2022-07-08 13:35:40,293 modules.py:626 INFO Checking whether CMake/3.22.1-GCCcore-11.2.0 exists...
== 2022-07-08 13:35:40,293 modules.py:631 INFO Module CMake/3.22.1-GCCcore-11.2.0 exists (found in list of available modules)
== 2022-07-08 13:35:40,293 modules.py:654 INFO Result for existence check of CMake/3.22.1-GCCcore-11.2.0 module: True
== 2022-07-08 13:35:40,293 modules.py:626 INFO Checking whether Ninja/1.10.2-GCCcore-11.2.0 exists...
== 2022-07-08 13:35:40,294 modules.py:631 INFO Module Ninja/1.10.2-GCCcore-11.2.0 exists (found in list of available modules)
== 2022-07-08 13:35:40,294 modules.py:654 INFO Result for existence check of Ninja/1.10.2-GCCcore-11.2.0 module: True
== 2022-07-08 13:35:40,294 modules.py:626 INFO Checking whether Python/3.9.6-GCCcore-11.2.0 exists...
== 2022-07-08 13:35:40,294 modules.py:631 INFO Module Python/3.9.6-GCCcore-11.2.0 exists (found in list of available modules)
== 2022-07-08 13:35:40,294 modules.py:654 INFO Result for existence check of Python/3.9.6-GCCcore-11.2.0 module: True
== 2022-07-08 13:35:40,294 modules.py:626 INFO Checking whether zlib/1.2.11-GCCcore-11.2.0 exists...
== 2022-07-08 13:35:40,295 modules.py:631 INFO Module zlib/1.2.11-GCCcore-11.2.0 exists (found in list of available modules)
== 2022-07-08 13:35:40,295 modules.py:654 INFO Result for existence check of zlib/1.2.11-GCCcore-11.2.0 module: True
== 2022-07-08 13:35:40,295 modules.py:626 INFO Checking whether GCC/11.2.0 exists...
== 2022-07-08 13:35:40,295 modules.py:634 INFO Module GCC/11.2.0 not found in list of available modules, checking via 'module show'...
== 2022-07-08 13:35:42,202 modules.py:654 INFO Result for existence check of GCC/11.2.0 module: True
== 2022-07-08 13:35:43,828 environment.py:91 INFO Environment variable LD_LIBRARY_PATH set to /apps/gent/RHEL8/haswell-ib/software/libarchive/3.5.1-GCCcore-11.2.0/lib:/apps/gent/RHEL8/haswell-ib/software/XZ/5.2.5-GCCcore-11.2.0/lib:/apps/gent/RHEL8/haswell-ib/software/cURL/7.78.0-GCCcore-11.2.0/lib:/apps/gent/RHEL8/haswell-ib/software/OpenSSL/1.1/lib:/apps/gent/RHEL8/haswell-ib/software/bzip2/1.0.8-GCCcore-11.2.0/lib:/apps/gent/RHEL8/haswell-ib/software/ncurses/6.2-GCCcore-11.2.0/lib:/apps/gent/RHEL8/haswell-ib/software/binutils/2.37-GCCcore-11.2.0/lib:/apps/gent/RHEL8/haswell-ib/software/zlib/1.2.11-GCCcore-11.2.0/lib:/apps/gent/RHEL8/haswell-ib/software/GCCcore/11.2.0/lib64 (previous value: '/apps/gent/RHEL8/haswell-ib/software/libarchive/3.5.1-GCCcore-11.2.0/lib:/apps/gent/RHEL8/haswell-ib/software/XZ/5.2.5-GCCcore-11.2.0/lib:/apps/gent/RHEL8/haswell-ib/software/cURL/7.78.0-GCCcore-11.2.0/lib:/apps/gent/RHEL8/haswell-ib/software/OpenSSL/1.1/lib:/apps/gent/RHEL8/haswell-ib/software/bzip2/1.0.8-GCCcore-11.2.0/lib:/apps/gent/RHEL8/haswell-ib/software/ncurses/6.2-GCCcore-11.2.0/lib')
== 2022-07-08 13:35:45,271 environment.py:91 INFO Environment variable LD_LIBRARY_PATH set to /apps/gent/RHEL8/haswell-ib/software/Python/3.9.6-GCCcore-11.2.0/lib:/apps/gent/RHEL8/haswell-ib/software/libffi/3.4.2-GCCcore-11.2.0/lib64:/apps/gent/RHEL8/haswell-ib/software/GMP/6.2.1-GCCcore-11.2.0/lib:/apps/gent/RHEL8/haswell-ib/software/SQLite/3.36-GCCcore-11.2.0/lib:/apps/gent/RHEL8/haswell-ib/software/Tcl/8.6.11-GCCcore-11.2.0/lib:/apps/gent/RHEL8/haswell-ib/software/libreadline/8.1-GCCcore-11.2.0/lib:/apps/gent/RHEL8/haswell-ib/software/libarchive/3.5.1-GCCcore-11.2.0/lib:/apps/gent/RHEL8/haswell-ib/software/XZ/5.2.5-GCCcore-11.2.0/lib:/apps/gent/RHEL8/haswell-ib/software/cURL/7.78.0-GCCcore-11.2.0/lib:/apps/gent/RHEL8/haswell-ib/software/OpenSSL/1.1/lib:/apps/gent/RHEL8/haswell-ib/software/bzip2/1.0.8-GCCcore-11.2.0/lib:/apps/gent/RHEL8/haswell-ib/software/ncurses/6.2-GCCcore-11.2.0/lib:/apps/gent/RHEL8/haswell-ib/software/binutils/2.37-GCCcore-11.2.0/lib:/apps/gent/RHEL8/haswell-ib/software/zlib/1.2.11-GCCcore-11.2.0/lib:/apps/gent/RHEL8/haswell-ib/software/GCCcore/11.2.0/lib64 (previous value: '/apps/gent/RHEL8/haswell-ib/software/Python/3.9.6-GCCcore-11.2.0/lib:/apps/gent/RHEL8/haswell-ib/software/libffi/3.4.2-GCCcore-11.2.0/lib64:/apps/gent/RHEL8/haswell-ib/software/GMP/6.2.1-GCCcore-11.2.0/lib:/apps/gent/RHEL8/haswell-ib/software/SQLite/3.36-GCCcore-11.2.0/lib:/apps/gent/RHEL8/haswell-ib/software/Tcl/8.6.11-GCCcore-11.2.0/lib:/apps/gent/RHEL8/haswell-ib/software/libreadline/8.1-GCCcore-11.2.0/lib')
== 2022-07-08 13:35:45,997 environment.py:91 INFO Environment variable LD_LIBRARY_PATH set to /apps/gent/RHEL8/haswell-ib/software/Python/3.9.6-GCCcore-11.2.0/lib:/apps/gent/RHEL8/haswell-ib/software/libffi/3.4.2-GCCcore-11.2.0/lib64:/apps/gent/RHEL8/haswell-ib/software/GMP/6.2.1-GCCcore-11.2.0/lib:/apps/gent/RHEL8/haswell-ib/software/SQLite/3.36-GCCcore-11.2.0/lib:/apps/gent/RHEL8/haswell-ib/software/Tcl/8.6.11-GCCcore-11.2.0/lib:/apps/gent/RHEL8/haswell-ib/software/libreadline/8.1-GCCcore-11.2.0/lib:/apps/gent/RHEL8/haswell-ib/software/libarchive/3.5.1-GCCcore-11.2.0/lib:/apps/gent/RHEL8/haswell-ib/software/XZ/5.2.5-GCCcore-11.2.0/lib:/apps/gent/RHEL8/haswell-ib/software/cURL/7.78.0-GCCcore-11.2.0/lib:/apps/gent/RHEL8/haswell-ib/software/OpenSSL/1.1/lib:/apps/gent/RHEL8/haswell-ib/software/bzip2/1.0.8-GCCcore-11.2.0/lib:/apps/gent/RHEL8/haswell-ib/software/ncurses/6.2-GCCcore-11.2.0/lib:/apps/gent/RHEL8/haswell-ib/software/binutils/2.37-GCCcore-11.2.0/lib:/apps/gent/RHEL8/haswell-ib/software/zlib/1.2.11-GCCcore-11.2.0/lib:/apps/gent/RHEL8/haswell-ib/software/GCCcore/11.2.0/lib64 (previous value: '/apps/gent/RHEL8/haswell-ib/software/zlib/1.2.11-GCCcore-11.2.0/lib')
== 2022-07-08 13:35:46,038 modules.py:626 INFO Checking whether GCC/11.2.0 exists...
== 2022-07-08 13:35:46,038 modules.py:634 INFO Module GCC/11.2.0 not found in list of available modules, checking via 'module show'...
== 2022-07-08 13:35:46,039 modules.py:654 INFO Result for existence check of GCC/11.2.0 module: True
== 2022-07-08 13:35:46,040 toolchain.py:760 INFO List of toolchain dependency modules and toolchain definition match!
== 2022-07-08 13:35:46,045 compiler.py:361 INFO _set_optimal_architecture: using march=native as optarch for x86_64.
== 2022-07-08 13:35:46,049 variables.py:201 WARNING flags_for_subdirs: directory /apps/gent/RHEL8/haswell-ib/software/CMake/3.22.1-GCCcore-11.2.0/include was not found
== 2022-07-08 13:35:46,050 variables.py:201 WARNING flags_for_subdirs: directory /apps/gent/RHEL8/haswell-ib/software/CMake/3.22.1-GCCcore-11.2.0/lib64 was not found
== 2022-07-08 13:35:46,050 variables.py:201 WARNING flags_for_subdirs: directory /apps/gent/RHEL8/haswell-ib/software/CMake/3.22.1-GCCcore-11.2.0/lib was not found
== 2022-07-08 13:35:46,051 variables.py:201 WARNING flags_for_subdirs: directory /apps/gent/RHEL8/haswell-ib/software/Ninja/1.10.2-GCCcore-11.2.0/include was not found
== 2022-07-08 13:35:46,051 variables.py:201 WARNING flags_for_subdirs: directory /apps/gent/RHEL8/haswell-ib/software/Ninja/1.10.2-GCCcore-11.2.0/lib64 was not found
== 2022-07-08 13:35:46,051 variables.py:201 WARNING flags_for_subdirs: directory /apps/gent/RHEL8/haswell-ib/software/Ninja/1.10.2-GCCcore-11.2.0/lib was not found
== 2022-07-08 13:35:46,059 environment.py:91 INFO Environment variable CC set to gcc (previously undefined)
== 2022-07-08 13:35:46,059 environment.py:91 INFO Environment variable EBVARCC set to gcc (previously undefined)
== 2022-07-08 13:35:46,059 environment.py:91 INFO Environment variable CFLAGS set to -O2 -ftree-vectorize -march=native -fno-math-errno (previously undefined)
== 2022-07-08 13:35:46,060 environment.py:91 INFO Environment variable EBVARCFLAGS set to -O2 -ftree-vectorize -march=native -fno-math-errno (previously undefined)
== 2022-07-08 13:35:46,060 environment.py:91 INFO Environment variable CPPFLAGS set to -I/apps/gent/RHEL8/haswell-ib/software/zlib/1.2.11-GCCcore-11.2.0/include -I/apps/gent/RHEL8/haswell-ib/software/Python/3.9.6-GCCcore-11.2.0/include (previously undefined)
== 2022-07-08 13:35:46,060 environment.py:91 INFO Environment variable EBVARCPPFLAGS set to -I/apps/gent/RHEL8/haswell-ib/software/zlib/1.2.11-GCCcore-11.2.0/include -I/apps/gent/RHEL8/haswell-ib/software/Python/3.9.6-GCCcore-11.2.0/include (previously undefined)
== 2022-07-08 13:35:46,060 environment.py:91 INFO Environment variable CXX set to g++ (previously undefined)
== 2022-07-08 13:35:46,060 environment.py:91 INFO Environment variable EBVARCXX set to g++ (previously undefined)
== 2022-07-08 13:35:46,061 environment.py:91 INFO Environment variable CXXFLAGS set to -O2 -ftree-vectorize -march=native -fno-math-errno (previously undefined)
== 2022-07-08 13:35:46,061 environment.py:91 INFO Environment variable EBVARCXXFLAGS set to -O2 -ftree-vectorize -march=native -fno-math-errno (previously undefined)
== 2022-07-08 13:35:46,061 environment.py:91 INFO Environment variable F77 set to gfortran (previously undefined)
== 2022-07-08 13:35:46,061 environment.py:91 INFO Environment variable EBVARF77 set to gfortran (previously undefined)
== 2022-07-08 13:35:46,061 environment.py:91 INFO Environment variable F90 set to gfortran (previously undefined)
== 2022-07-08 13:35:46,061 environment.py:91 INFO Environment variable EBVARF90 set to gfortran (previously undefined)
== 2022-07-08 13:35:46,062 environment.py:91 INFO Environment variable F90FLAGS set to -O2 -ftree-vectorize -march=native -fno-math-errno (previously undefined)
== 2022-07-08 13:35:46,062 environment.py:91 INFO Environment variable EBVARF90FLAGS set to -O2 -ftree-vectorize -march=native -fno-math-errno (previously undefined)
== 2022-07-08 13:35:46,062 environment.py:91 INFO Environment variable FC set to gfortran (previously undefined)
== 2022-07-08 13:35:46,062 environment.py:91 INFO Environment variable EBVARFC set to gfortran (previously undefined)
== 2022-07-08 13:35:46,062 environment.py:91 INFO Environment variable FCFLAGS set to -O2 -ftree-vectorize -march=native -fno-math-errno (previously undefined)
== 2022-07-08 13:35:46,063 environment.py:91 INFO Environment variable EBVARFCFLAGS set to -O2 -ftree-vectorize -march=native -fno-math-errno (previously undefined)
== 2022-07-08 13:35:46,063 environment.py:91 INFO Environment variable FFLAGS set to -O2 -ftree-vectorize -march=native -fno-math-errno (previously undefined)
== 2022-07-08 13:35:46,063 environment.py:91 INFO Environment variable EBVARFFLAGS set to -O2 -ftree-vectorize -march=native -fno-math-errno (previously undefined)
== 2022-07-08 13:35:46,063 environment.py:91 INFO Environment variable FLIBS set to -lgfortran (previously undefined)
== 2022-07-08 13:35:46,063 environment.py:91 INFO Environment variable EBVARFLIBS set to -lgfortran (previously undefined)
== 2022-07-08 13:35:46,063 environment.py:91 INFO Environment variable LDFLAGS set to -L/apps/gent/RHEL8/haswell-ib/software/zlib/1.2.11-GCCcore-11.2.0/lib64 -L/apps/gent/RHEL8/haswell-ib/software/zlib/1.2.11-GCCcore-11.2.0/lib -L/apps/gent/RHEL8/haswell-ib/software/Python/3.9.6-GCCcore-11.2.0/lib64 -L/apps/gent/RHEL8/haswell-ib/software/Python/3.9.6-GCCcore-11.2.0/lib -L/apps/gent/RHEL8/haswell-ib/software/GCCcore/11.2.0/lib64 -L/apps/gent/RHEL8/haswell-ib/software/GCCcore/11.2.0/lib (previously undefined)
== 2022-07-08 13:35:46,064 environment.py:91 INFO Environment variable EBVARLDFLAGS set to -L/apps/gent/RHEL8/haswell-ib/software/zlib/1.2.11-GCCcore-11.2.0/lib64 -L/apps/gent/RHEL8/haswell-ib/software/zlib/1.2.11-GCCcore-11.2.0/lib -L/apps/gent/RHEL8/haswell-ib/software/Python/3.9.6-GCCcore-11.2.0/lib64 -L/apps/gent/RHEL8/haswell-ib/software/Python/3.9.6-GCCcore-11.2.0/lib -L/apps/gent/RHEL8/haswell-ib/software/GCCcore/11.2.0/lib64 -L/apps/gent/RHEL8/haswell-ib/software/GCCcore/11.2.0/lib (previously undefined)
== 2022-07-08 13:35:46,064 environment.py:91 INFO Environment variable LIBS set to -lm -lpthread (previously undefined)
== 2022-07-08 13:35:46,064 environment.py:91 INFO Environment variable EBVARLIBS set to -lm -lpthread (previously undefined)
== 2022-07-08 13:35:46,064 environment.py:91 INFO Environment variable OPTFLAGS set to -O2 -ftree-vectorize -march=native (previously undefined)
== 2022-07-08 13:35:46,064 environment.py:91 INFO Environment variable EBVAROPTFLAGS set to -O2 -ftree-vectorize -march=native (previously undefined)
== 2022-07-08 13:35:46,065 environment.py:91 INFO Environment variable PRECFLAGS set to -fno-math-errno (previously undefined)
== 2022-07-08 13:35:46,065 environment.py:91 INFO Environment variable EBVARPRECFLAGS set to -fno-math-errno (previously undefined)
== 2022-07-08 13:35:46,065 easyblock.py:1999 INFO Using /tmp/vsc44588/easybuild/build/Raven/1.8.1/GCC-11.2.0/raven-1.8.1/ as start dir
== 2022-07-08 13:35:46,066 build_log.py:265 INFO ... (took 5 secs)
== 2022-07-08 13:35:46,072 build_log.py:265 INFO configuring...
== 2022-07-08 13:35:46,078 easyblock.py:3746 INFO Starting configure step
== 2022-07-08 13:35:46,078 easyconfig.py:1686 INFO Generating template values...
== 2022-07-08 13:35:46,079 easyconfig.py:1705 INFO Template values: arch='x86_64', bitbucket_account='raven', builddir='/tmp/vsc44588/easybuild/build/Raven/1.8.1/GCC-11.2.0', github_account='raven', installdir='/scratch/gent/vo/001/gvo00117/easybuild/RHEL8/haswell-ib/software/Raven/1.8.1-GCC-11.2.0', module_name='Raven/1.8.1-GCC-11.2.0', name='Raven', nameletter='R', nameletterlower='r', namelower='raven', parallel='8', pymajver='3', pyminver='9', pyshortver='3.9', pyver='3.9.6', toolchain_name='GCC', toolchain_version='11.2.0', version='1.8.1', version_major='1', version_major_minor='1.8', version_minor='8', versionprefix='', versionsuffix=''
== 2022-07-08 13:35:46,079 easyblock.py:3754 INFO Running method configure_step part of step configure
== 2022-07-08 13:35:46,079 environment.py:91 INFO Environment variable CMAKE_INCLUDE_PATH set to /apps/gent/RHEL8/haswell-ib/software/Python/3.9.6-GCCcore-11.2.0/include:/apps/gent/RHEL8/haswell-ib/software/zlib/1.2.11-GCCcore-11.2.0/include:/apps/gent/RHEL8/haswell-ib/software/libffi/3.4.2-GCCcore-11.2.0/include:/apps/gent/RHEL8/haswell-ib/software/GMP/6.2.1-GCCcore-11.2.0/include:/apps/gent/RHEL8/haswell-ib/software/SQLite/3.36-GCCcore-11.2.0/include:/apps/gent/RHEL8/haswell-ib/software/Tcl/8.6.11-GCCcore-11.2.0/include:/apps/gent/RHEL8/haswell-ib/software/libreadline/8.1-GCCcore-11.2.0/include:/apps/gent/RHEL8/haswell-ib/software/libarchive/3.5.1-GCCcore-11.2.0/include:/apps/gent/RHEL8/haswell-ib/software/XZ/5.2.5-GCCcore-11.2.0/include:/apps/gent/RHEL8/haswell-ib/software/cURL/7.78.0-GCCcore-11.2.0/include:/apps/gent/RHEL8/haswell-ib/software/OpenSSL/1.1/include:/apps/gent/RHEL8/haswell-ib/software/bzip2/1.0.8-GCCcore-11.2.0/include:/apps/gent/RHEL8/haswell-ib/software/ncurses/6.2-GCCcore-11.2.0/include:/apps/gent/RHEL8/haswell-ib/software/binutils/2.37-GCCcore-11.2.0/include (previously undefined)
== 2022-07-08 13:35:46,080 environment.py:91 INFO Environment variable CMAKE_LIBRARY_PATH set to /apps/gent/RHEL8/haswell-ib/software/GCCcore/11.2.0/lib64:/apps/gent/RHEL8/haswell-ib/software/GCCcore/11.2.0/lib:/apps/gent/RHEL8/haswell-ib/software/Python/3.9.6-GCCcore-11.2.0/lib64:/apps/gent/RHEL8/haswell-ib/software/Python/3.9.6-GCCcore-11.2.0/lib:/apps/gent/RHEL8/haswell-ib/software/zlib/1.2.11-GCCcore-11.2.0/lib64:/apps/gent/RHEL8/haswell-ib/software/zlib/1.2.11-GCCcore-11.2.0/lib:/apps/gent/RHEL8/haswell-ib/software/libffi/3.4.2-GCCcore-11.2.0/lib64:/apps/gent/RHEL8/haswell-ib/software/GMP/6.2.1-GCCcore-11.2.0/lib:/apps/gent/RHEL8/haswell-ib/software/SQLite/3.36-GCCcore-11.2.0/lib:/apps/gent/RHEL8/haswell-ib/software/Tcl/8.6.11-GCCcore-11.2.0/lib:/apps/gent/RHEL8/haswell-ib/software/libreadline/8.1-GCCcore-11.2.0/lib:/apps/gent/RHEL8/haswell-ib/software/libarchive/3.5.1-GCCcore-11.2.0/lib:/apps/gent/RHEL8/haswell-ib/software/XZ/5.2.5-GCCcore-11.2.0/lib:/apps/gent/RHEL8/haswell-ib/software/cURL/7.78.0-GCCcore-11.2.0/lib:/apps/gent/RHEL8/haswell-ib/software/OpenSSL/1.1/lib:/apps/gent/RHEL8/haswell-ib/software/bzip2/1.0.8-GCCcore-11.2.0/lib:/apps/gent/RHEL8/haswell-ib/software/ncurses/6.2-GCCcore-11.2.0/lib:/apps/gent/RHEL8/haswell-ib/software/binutils/2.37-GCCcore-11.2.0/lib (previous value: '/apps/gent/RHEL8/haswell-ib/software/libffi/3.4.2-GCCcore-11.2.0/lib64:/apps/gent/RHEL8/haswell-ib/software/GCCcore/11.2.0/lib64')
== 2022-07-08 13:35:46,090 run.py:233 INFO running cmd:  cmake -DCMAKE_INSTALL_PREFIX=/scratch/gent/vo/001/gvo00117/easybuild/RHEL8/haswell-ib/software/Raven/1.8.1-GCC-11.2.0 -DCMAKE_BUILD_TYPE=Release -DCMAKE_C_COMPILER='gcc' -DCMAKE_C_FLAGS='-O2 -ftree-vectorize -march=native -fno-math-errno' -DCMAKE_CXX_COMPILER='g++' -DCMAKE_CXX_FLAGS='-O2 -ftree-vectorize -march=native -fno-math-errno' -DCMAKE_Fortran_COMPILER='gfortran' -DCMAKE_Fortran_FLAGS='-O2 -ftree-vectorize -march=native -fno-math-errno' -DCMAKE_VERBOSE_MAKEFILE=ON -DCMAKE_FIND_USE_PACKAGE_REGISTRY=FALSE -DRAVEN_BUILD_EXE=1 -G Ninja  /tmp/vsc44588/easybuild/build/Raven/1.8.1/GCC-11.2.0/raven-1.8.1/ 
== 2022-07-08 13:36:11,101 run.py:623 INFO cmd " cmake -DCMAKE_INSTALL_PREFIX=/scratch/gent/vo/001/gvo00117/easybuild/RHEL8/haswell-ib/software/Raven/1.8.1-GCC-11.2.0 -DCMAKE_BUILD_TYPE=Release -DCMAKE_C_COMPILER='gcc' -DCMAKE_C_FLAGS='-O2 -ftree-vectorize -march=native -fno-math-errno' -DCMAKE_CXX_COMPILER='g++' -DCMAKE_CXX_FLAGS='-O2 -ftree-vectorize -march=native -fno-math-errno' -DCMAKE_Fortran_COMPILER='gfortran' -DCMAKE_Fortran_FLAGS='-O2 -ftree-vectorize -march=native -fno-math-errno' -DCMAKE_VERBOSE_MAKEFILE=ON -DCMAKE_FIND_USE_PACKAGE_REGISTRY=FALSE -DRAVEN_BUILD_EXE=1 -G Ninja  /tmp/vsc44588/easybuild/build/Raven/1.8.1/GCC-11.2.0/raven-1.8.1/" exited with exit code 0 and output:
-- The CXX compiler identification is GNU 11.2.0
-- Detecting CXX compiler ABI info
-- Detecting CXX compiler ABI info - done
-- Check for working CXX compiler: /apps/gent/RHEL8/haswell-ib/software/GCCcore/11.2.0/bin/g++ - skipped
-- Detecting CXX compile features
-- Detecting CXX compile features - done
-- Found ZLIB: /apps/gent/RHEL8/haswell-ib/software/zlib/1.2.11-GCCcore-11.2.0/lib/libz.so (found suitable version "1.2.11", minimum required is "1.2.8") 
CMake Deprecation Warning at /tmp/vsc44588/easybuild/build/Raven/1.8.1/GCC-11.2.0/easybuild_obj/_deps/cereal-src/CMakeLists.txt:1 (cmake_minimum_required):
  Compatibility with CMake < 2.8.12 will be removed from a future version of
  CMake.

  Update the VERSION argument <min> value or use a ...<max> suffix to tell
  CMake that the project does not need compatibility with older versions.


CMake Warning (dev) at /tmp/vsc44588/easybuild/build/Raven/1.8.1/GCC-11.2.0/easybuild_obj/_deps/cereal-src/CMakeLists.txt:2 (project):
  Policy CMP0048 is not set: project() command manages VERSION variables.
  Run "cmake --help-policy CMP0048" for policy details.  Use the cmake_policy
  command to set the policy and suppress this warning.

  The following variable(s) would be set to empty:

    PROJECT_VERSION
    PROJECT_VERSION_MAJOR
    PROJECT_VERSION_MINOR
    PROJECT_VERSION_PATCH
This warning is for project developers.  Use -Wno-dev to suppress it.

-- The C compiler identification is GNU 11.2.0
-- Detecting C compiler ABI info
-- Detecting C compiler ABI info - done
-- Check for working C compiler: /apps/gent/RHEL8/haswell-ib/software/GCCcore/11.2.0/bin/gcc - skipped
-- Detecting C compile features
-- Detecting C compile features - done
-- Could NOT find Boost (missing: Boost_INCLUDE_DIR serialization) 
-- optional.cpp
-- variant.cpp
-- Found Doxygen: /usr/bin/doxygen (found version "1.8.14") found components: doxygen dot 
Setting warning flags
-- Performing Test WOLD_STYLE_CAST
-- Performing Test WOLD_STYLE_CAST - Success
-- Performing Test WSHADOW
-- Performing Test WSHADOW - Success
-- Looking for C++ include pthread.h
-- Looking for C++ include pthread.h - found
-- Performing Test CMAKE_HAVE_LIBC_PTHREAD
-- Performing Test CMAKE_HAVE_LIBC_PTHREAD - Failed
-- Check if compiler accepts -pthread
-- Check if compiler accepts -pthread - yes
-- Found Threads: TRUE  
-- Performing Test COMPILER_HAS_HIDDEN_VISIBILITY
-- Performing Test COMPILER_HAS_HIDDEN_VISIBILITY - Success
-- Performing Test COMPILER_HAS_HIDDEN_INLINE_VISIBILITY
-- Performing Test COMPILER_HAS_HIDDEN_INLINE_VISIBILITY - Success
-- Performing Test COMPILER_HAS_DEPRECATED_ATTR
-- Performing Test COMPILER_HAS_DEPRECATED_ATTR - Success
-- Configuring done
CMake Warning (dev) at /tmp/vsc44588/easybuild/build/Raven/1.8.1/GCC-11.2.0/easybuild_obj/_deps/edlib-src/CMakeLists.txt:54 (add_library):
  Policy CMP0063 is not set: Honor visibility properties for all target
  types.  Run "cmake --help-policy CMP0063" for policy details.  Use the
  cmake_policy command to set the policy and suppress this warning.

  Target "edlib" of type "STATIC_LIBRARY" has the following visibility
  properties set for CXX:

    CXX_VISIBILITY_PRESET
    VISIBILITY_INLINES_HIDDEN

  For compatibility CMake is not honoring them for this target.
This warning is for project developers.  Use -Wno-dev to suppress it.

CMake Warning (dev) at /tmp/vsc44588/easybuild/build/Raven/1.8.1/GCC-11.2.0/easybuild_obj/_deps/edlib-src/CMakeLists.txt:81 (add_executable):
  Policy CMP0063 is not set: Honor visibility properties for all target
  types.  Run "cmake --help-policy CMP0063" for policy details.  Use the
  cmake_policy command to set the policy and suppress this warning.

  Target "runTests" of type "EXECUTABLE" has the following visibility
  properties set for CXX:

    VISIBILITY_INLINES_HIDDEN

  For compatibility CMake is not honoring them for this target.
This warning is for project developers.  Use -Wno-dev to suppress it.

CMake Warning (dev) at /tmp/vsc44588/easybuild/build/Raven/1.8.1/GCC-11.2.0/easybuild_obj/_deps/edlib-src/CMakeLists.txt:89 (add_executable):
  Policy CMP0063 is not set: Honor visibility properties for all target
  types.  Run "cmake --help-policy CMP0063" for policy details.  Use the
  cmake_policy command to set the policy and suppress this warning.

  Target "edlib-aligner" of type "EXECUTABLE" has the following visibility
  properties set for CXX:

    VISIBILITY_INLINES_HIDDEN

  For compatibility CMake is not honoring them for this target.
This warning is for project developers.  Use -Wno-dev to suppress it.

-- Generating done
CMake Warning:
  Manually-specified variables were not used by the project:

    CMAKE_Fortran_COMPILER
    CMAKE_Fortran_FLAGS


-- Build files have been written to: /tmp/vsc44588/easybuild/build/Raven/1.8.1/GCC-11.2.0/easybuild_obj

== 2022-07-08 13:36:11,102 run.py:676 INFO parse_log_for_error msg: Command used:  cmake -DCMAKE_INSTALL_PREFIX=/scratch/gent/vo/001/gvo00117/easybuild/RHEL8/haswell-ib/software/Raven/1.8.1-GCC-11.2.0 -DCMAKE_BUILD_TYPE=Release -DCMAKE_C_COMPILER='gcc' -DCMAKE_C_FLAGS='-O2 -ftree-vectorize -march=native -fno-math-errno' -DCMAKE_CXX_COMPILER='g++' -DCMAKE_CXX_FLAGS='-O2 -ftree-vectorize -march=native -fno-math-errno' -DCMAKE_Fortran_COMPILER='gfortran' -DCMAKE_Fortran_FLAGS='-O2 -ftree-vectorize -march=native -fno-math-errno' -DCMAKE_VERBOSE_MAKEFILE=ON -DCMAKE_FIND_USE_PACKAGE_REGISTRY=FALSE -DRAVEN_BUILD_EXE=1 -G Ninja  /tmp/vsc44588/easybuild/build/Raven/1.8.1/GCC-11.2.0/raven-1.8.1/
== 2022-07-08 13:36:11,103 run.py:678 INFO parse_log_for_error (some may be harmless) regExp (?<![(,-]|\w)(?:error|segmentation fault|failed)(?![(,-]|\.?\w) found:
-- Performing Test CMAKE_HAVE_LIBC_PTHREAD - Failed
== 2022-07-08 13:36:11,103 run.py:635 WARNING Found 1 errors in command output (output: -- Performing Test CMAKE_HAVE_LIBC_PTHREAD - Failed)
== 2022-07-08 13:36:11,103 build_log.py:265 INFO ... (took 25 secs)
== 2022-07-08 13:36:11,109 build_log.py:265 INFO building...
== 2022-07-08 13:36:11,115 easyblock.py:3746 INFO Starting build step
== 2022-07-08 13:36:11,115 easyconfig.py:1686 INFO Generating template values...
== 2022-07-08 13:36:11,116 easyconfig.py:1705 INFO Template values: arch='x86_64', bitbucket_account='raven', builddir='/tmp/vsc44588/easybuild/build/Raven/1.8.1/GCC-11.2.0', github_account='raven', installdir='/scratch/gent/vo/001/gvo00117/easybuild/RHEL8/haswell-ib/software/Raven/1.8.1-GCC-11.2.0', module_name='Raven/1.8.1-GCC-11.2.0', name='Raven', nameletter='R', nameletterlower='r', namelower='raven', parallel='8', pymajver='3', pyminver='9', pyshortver='3.9', pyver='3.9.6', toolchain_name='GCC', toolchain_version='11.2.0', version='1.8.1', version_major='1', version_major_minor='1.8', version_minor='8', versionprefix='', versionsuffix=''
== 2022-07-08 13:36:11,116 easyblock.py:3754 INFO Running method build_step part of step build
== 2022-07-08 13:36:11,116 configuremake.py:340 INFO Building target ''
== 2022-07-08 13:36:11,124 run.py:233 INFO running cmd:  make  -j 8  
== 2022-07-08 13:36:11,777 build_log.py:169 ERROR EasyBuild crashed with an error (at easybuild/easybuild-framework/easybuild/base/exceptions.py:124 in __init__): cmd " make  -j 8 " exited with exit code 2 and output:
make: *** No targets specified and no makefile found.  Stop.
 (at easybuild/easybuild-framework/easybuild/tools/run.py:618 in parse_cmd_output)
== 2022-07-08 13:36:11,778 build_log.py:265 INFO ... (took < 1 sec)
== 2022-07-08 13:36:11,790 filetools.py:1983 INFO Removing lock /scratch/gent/vo/001/gvo00117/easybuild/RHEL8/haswell-ib/software/.locks/_scratch_gent_vo_001_gvo00117_easybuild_RHEL8_haswell-ib_software_Raven_1.8.1-GCC-11.2.0.lock...
== 2022-07-08 13:36:11,791 filetools.py:382 INFO Path /scratch/gent/vo/001/gvo00117/easybuild/RHEL8/haswell-ib/software/.locks/_scratch_gent_vo_001_gvo00117_easybuild_RHEL8_haswell-ib_software_Raven_1.8.1-GCC-11.2.0.lock successfully removed.
== 2022-07-08 13:36:11,791 filetools.py:1987 INFO Lock removed: /scratch/gent/vo/001/gvo00117/easybuild/RHEL8/haswell-ib/software/.locks/_scratch_gent_vo_001_gvo00117_easybuild_RHEL8_haswell-ib_software_Raven_1.8.1-GCC-11.2.0.lock
== 2022-07-08 13:36:11,792 easyblock.py:4077 WARNING build failed (first 300 chars): cmd " make  -j 8 " exited with exit code 2 and output:
make: *** No targets specified and no makefile found.  Stop.

== 2022-07-08 13:36:11,792 easyblock.py:318 INFO Closing log for application name Raven version 1.8.1
