== 2023-08-29 16:04:42,065 easyblock.py:313 INFO This is EasyBuild 4.8.1.dev0-rd6b2161327db9407f5990e01ac3c4df741c6b1cc (framework: 4.8.1.dev0-r46654a6ad13199908c0567ac81c58cd0a71e8d1e, easyblocks: 4.8.1.dev0-rd6b2161327db9407f5990e01ac3c4df741c6b1cc) on host node4004.donphan.os.
== 2023-08-29 16:04:42,065 easyblock.py:319 INFO This is easyblock PythonBundle from module easybuild.easyblocks.generic.pythonbundle (/user/gent/438/vsc43810/easybuild/easybuild-easyblocks/easybuild/easyblocks/generic/pythonbundle.py)
== 2023-08-29 16:04:42,065 easyblock.py:1040 INFO Build dir set to /tmp/vsc43810/easybuild/build/biobakeryworkflows/3.1/foss-2022a
== 2023-08-29 16:04:42,065 easyblock.py:1097 INFO Software install dir set to /scratch/gent/vo/001/gvo00117/easybuild/RHEL8/cascadelake-ampere-ib/software/biobakery-workflows/3.1-foss-2022a
== 2023-08-29 16:04:42,065 easyblock.py:1102 INFO Module install dir set to /scratch/gent/vo/001/gvo00117/easybuild/RHEL8/cascadelake-ampere-ib/modules/all
== 2023-08-29 16:04:42,065 easyblock.py:288 INFO Init completed for application name biobakery-workflows version 3.1
== 2023-08-29 16:04:42,065 pythonbundle.py:73 INFO Detection of downloaded extension dependencies is enabled
== 2023-08-29 16:04:42,065 pythonbundle.py:75 INFO exts_default_options: {'buildcmd': None, 'check_ldshared': None, 'download_dep_fail': True, 'install_src': None, 'install_target': 'install', 'pip_ignore_installed': True, 'pip_no_index': None, 'req_py_majver': None, 'req_py_minver': None, 'sanity_pip_check': True, 'runtest': True, 'testinstall': False, 'unpack_sources': None, 'unversioned_packages': [], 'use_pip': True, 'use_pip_editable': False, 'use_pip_extras': None, 'use_pip_for_deps': False, 'use_pip_requirement': False, 'zipped_egg': False, 'source_urls': ['https://pypi.python.org/packages/source/%(nameletter)s/%(name)s'], 'options': {}}
== 2023-08-29 16:04:42,066 easyblock.py:4204 INFO Obtained application instance of for biobakery-workflows (easyblock: PythonBundle)
== 2023-08-29 16:04:42,066 easyconfig.py:1693 INFO Generating template values...
== 2023-08-29 16:04:42,066 mpi.py:122 INFO Using template MPI command 'mpirun -n %(nr_ranks)s %(cmd)s' for MPI family 'OpenMPI'
== 2023-08-29 16:04:42,066 mpi.py:307 INFO Using MPI command template 'mpirun -n %(nr_ranks)s %(cmd)s' (params: {'nr_ranks': 1, 'cmd': 'xxx_command_xxx'})
== 2023-08-29 16:04:42,066 easyconfig.py:1712 INFO Template values: arch='x86_64', bitbucket_account='biobakery-workflows', github_account='biobakery-workflows', module_name='biobakery-workflows/3.1-foss-2022a', mpi_cmd_prefix='mpirun -n 1', name='biobakery-workflows', nameletter='b', nameletterlower='b', namelower='biobakery-workflows', pymajver='3', pyminver='10', pyshortver='3.10', pyver='3.10.4', toolchain_name='foss', toolchain_version='2022a', version='3.1', version_major='3', version_major_minor='3.1', version_minor='1', versionprefix='', versionsuffix=''
== 2023-08-29 16:04:42,067 one.py:180 INFO Skipping reformatting value for parameter 'toolchain'
== 2023-08-29 16:04:42,067 filetools.py:1913 INFO Creating directory /tmp/vsc43810/eb-8oi82063/reprod_20230829160442_2461482 (parents: True, set_gid: False, sticky: False)
== 2023-08-29 16:04:42,067 easyblock.py:4458 INFO Dumped easyconfig instance to /tmp/vsc43810/eb-8oi82063/reprod_20230829160442_2461482/biobakery-workflows-3.1-foss-2022a.eb
== 2023-08-29 16:04:42,073 filetools.py:1913 INFO Creating directory /tmp/vsc43810/eb-8oi82063/reprod_20230829160442_2461482/easyblocks (parents: True, set_gid: False, sticky: False)
== 2023-08-29 16:04:42,086 filetools.py:2426 INFO /user/gent/438/vsc43810/easybuild/easybuild-easyblocks/easybuild/easyblocks/generic/pythonbundle.py copied to /tmp/vsc43810/eb-8oi82063/reprod_20230829160442_2461482/easyblocks/pythonbundle.py
== 2023-08-29 16:04:42,086 easyblock.py:4438 INFO Dumped easyblock pythonbundle.py required for reproduction to /tmp/vsc43810/eb-8oi82063/reprod_20230829160442_2461482/easyblocks
== 2023-08-29 16:04:42,107 filetools.py:2426 INFO /user/gent/438/vsc43810/easybuild/easybuild-easyblocks/easybuild/easyblocks/generic/bundle.py copied to /tmp/vsc43810/eb-8oi82063/reprod_20230829160442_2461482/easyblocks/bundle.py
== 2023-08-29 16:04:42,107 easyblock.py:4438 INFO Dumped easyblock bundle.py required for reproduction to /tmp/vsc43810/eb-8oi82063/reprod_20230829160442_2461482/easyblocks
== 2023-08-29 16:04:42,112 easyblock.py:2209 INFO Number of iterations to perform for central part of installation procedure: 1
== 2023-08-29 16:04:42,112 build_log.py:267 INFO building and installing biobakery-workflows/3.1-foss-2022a...
== 2023-08-29 16:04:42,113 filetools.py:2006 INFO Lock /scratch/gent/vo/001/gvo00117/easybuild/RHEL8/cascadelake-ampere-ib/software/.locks/_scratch_gent_vo_001_gvo00117_easybuild_RHEL8_cascadelake-ampere-ib_software_biobakery-workflows_3.1-foss-2022a.lock does not exist
== 2023-08-29 16:04:42,113 filetools.py:1947 INFO Creating lock at /scratch/gent/vo/001/gvo00117/easybuild/RHEL8/cascadelake-ampere-ib/software/.locks/_scratch_gent_vo_001_gvo00117_easybuild_RHEL8_cascadelake-ampere-ib_software_biobakery-workflows_3.1-foss-2022a.lock...
== 2023-08-29 16:04:42,113 filetools.py:1913 INFO Creating directory /scratch/gent/vo/001/gvo00117/easybuild/RHEL8/cascadelake-ampere-ib/software/.locks/_scratch_gent_vo_001_gvo00117_easybuild_RHEL8_cascadelake-ampere-ib_software_biobakery-workflows_3.1-foss-2022a.lock (parents: True, set_gid: False, sticky: False)
== 2023-08-29 16:04:42,114 filetools.py:1956 INFO Lock created: /scratch/gent/vo/001/gvo00117/easybuild/RHEL8/cascadelake-ampere-ib/software/.locks/_scratch_gent_vo_001_gvo00117_easybuild_RHEL8_cascadelake-ampere-ib_software_biobakery-workflows_3.1-foss-2022a.lock
== 2023-08-29 16:04:42,114 build_log.py:267 INFO fetching files...
== 2023-08-29 16:04:42,114 easyblock.py:3926 INFO Starting fetch step
== 2023-08-29 16:04:42,114 easyconfig.py:1693 INFO Generating template values...
== 2023-08-29 16:04:42,114 mpi.py:122 INFO Using template MPI command 'mpirun -n %(nr_ranks)s %(cmd)s' for MPI family 'OpenMPI'
== 2023-08-29 16:04:42,115 mpi.py:307 INFO Using MPI command template 'mpirun -n %(nr_ranks)s %(cmd)s' (params: {'nr_ranks': 1, 'cmd': 'xxx_command_xxx'})
== 2023-08-29 16:04:42,115 easyconfig.py:1712 INFO Template values: arch='x86_64', bitbucket_account='biobakery-workflows', builddir='/tmp/vsc43810/easybuild/build/biobakeryworkflows/3.1/foss-2022a', github_account='biobakery-workflows', installdir='/scratch/gent/vo/001/gvo00117/easybuild/RHEL8/cascadelake-ampere-ib/software/biobakery-workflows/3.1-foss-2022a', module_name='biobakery-workflows/3.1-foss-2022a', mpi_cmd_prefix='mpirun -n 1', name='biobakery-workflows', nameletter='b', nameletterlower='b', namelower='biobakery-workflows', pymajver='3', pyminver='10', pyshortver='3.10', pyver='3.10.4', start_dir='None', toolchain_name='foss', toolchain_version='2022a', version='3.1', version_major='3', version_major_minor='3.1', version_minor='1', versionprefix='', versionsuffix=''
== 2023-08-29 16:04:42,115 easyblock.py:3934 INFO Running method fetch_step part of step fetch
== 2023-08-29 16:04:42,115 easyblock.py:2331 WARNING Easyconfig does not specify an EasyBuild-version (key 'easybuild_version')! Assuming the latest version
== 2023-08-29 16:04:42,115 easyblock.py:2359 INFO no sources provided
== 2023-08-29 16:04:42,115 easyblock.py:2374 INFO no patches provided
== 2023-08-29 16:04:42,115 easyblock.py:803 INFO Considering directory in which easyconfig file is located when searching for biobakery_workflows-3.1.tar.gz: /kyukon/home/gent/438/vsc43810/vsc-software-stack/138_biobakery_workflows
== 2023-08-29 16:04:42,116 tools.py:273 INFO Found location to 'eb' script via $EB_SCRIPT_PATH: /user/gent/438/vsc43810/easybuild/easybuild-framework/eb
== 2023-08-29 16:04:42,116 tools.py:289 INFO Not considering /user/gent/438/vsc43810/easybuild (no easybuild/easyconfigs subdir found)
== 2023-08-29 16:04:42,116 tools.py:297 INFO Also considering installation prefix /kyukon/home/gent/438/vsc43810/easybuild (via resolved path to 'eb')...
== 2023-08-29 16:04:42,302 filetools.py:816 INFO File size for https://pypi.python.org/simple/biobakery-workflows: 6785
== 2023-08-29 16:04:42,302 filetools.py:270 INFO Not showing progress bar for downloading small file (size 6785)
== 2023-08-29 16:04:42,303 filetools.py:823 INFO Downloaded file biobakery-workflows_urls.html from url https://pypi.python.org/simple/biobakery-workflows to /tmp/vsc43810/eb-8oi82063/tmpa_xzluk3/biobakery-workflows_urls.html
== 2023-08-29 16:04:42,304 filetools.py:855 INFO Successful download of file biobakery-workflows_urls.html from url https://pypi.python.org/simple/biobakery-workflows to path /tmp/vsc43810/eb-8oi82063/tmpa_xzluk3/biobakery-workflows_urls.html
== 2023-08-29 16:04:42,593 filetools.py:816 INFO File size for https://pypi.python.org/packages/9e/7c/8b19b9e18cff1aebd3087871ce06563761d4946715f4fc28d99af7b99b07/biobakery_workflows-3.1.tar.gz: 45928856
== 2023-08-29 16:04:50,708 filetools.py:823 INFO Downloaded file biobakery_workflows-3.1.tar.gz from url https://pypi.python.org/packages/9e/7c/8b19b9e18cff1aebd3087871ce06563761d4946715f4fc28d99af7b99b07/biobakery_workflows-3.1.tar.gz to /data/gent/vo/001/gvo00117/easybuild/sources/b/biobakery-workflows/extensions/biobakery_workflows-3.1.tar.gz
== 2023-08-29 16:04:50,709 filetools.py:855 INFO Successful download of file biobakery_workflows-3.1.tar.gz from url https://pypi.python.org/packages/9e/7c/8b19b9e18cff1aebd3087871ce06563761d4946715f4fc28d99af7b99b07/biobakery_workflows-3.1.tar.gz to path /data/gent/vo/001/gvo00117/easybuild/sources/b/biobakery-workflows/extensions/biobakery_workflows-3.1.tar.gz
== 2023-08-29 16:04:50,709 easyblock.py:939 INFO Successfully downloaded source file biobakery_workflows-3.1.tar.gz from https://pypi.python.org/packages/9e/7c/8b19b9e18cff1aebd3087871ce06563761d4946715f4fc28d99af7b99b07/biobakery_workflows-3.1.tar.gz
== 2023-08-29 16:04:50,797 easyblock.py:679 INFO md5 checksum for /data/gent/vo/001/gvo00117/easybuild/sources/b/biobakery-workflows/extensions/biobakery_workflows-3.1.tar.gz: 29169702f9f844cecc2970ddeb2e06f8
== 2023-08-29 16:04:50,919 easyblock.py:679 INFO sha256 checksum for /data/gent/vo/001/gvo00117/easybuild/sources/b/biobakery-workflows/extensions/biobakery_workflows-3.1.tar.gz: c11a00192aa0bd6a6978eabef768c483dd240281991ce2a31bfaf291fe3d0e2b
== 2023-08-29 16:04:50,919 easyblock.py:803 INFO Considering directory in which easyconfig file is located when searching for checksums.json: /kyukon/home/gent/438/vsc43810/vsc-software-stack/138_biobakery_workflows
== 2023-08-29 16:04:50,919 tools.py:273 INFO Found location to 'eb' script via $EB_SCRIPT_PATH: /user/gent/438/vsc43810/easybuild/easybuild-framework/eb
== 2023-08-29 16:04:50,919 tools.py:289 INFO Not considering /user/gent/438/vsc43810/easybuild (no easybuild/easyconfigs subdir found)
== 2023-08-29 16:04:50,919 tools.py:297 INFO Also considering installation prefix /kyukon/home/gent/438/vsc43810/easybuild (via resolved path to 'eb')...
== 2023-08-29 16:04:51,121 build_log.py:171 ERROR EasyBuild crashed with an error (at easybuild/easybuild-framework/easybuild/base/exceptions.py:126 in __init__): Couldn't find file checksums.json anywhere, and downloading it is disabled... Paths attempted (in order): /kyukon/home/gent/438/vsc43810/vsc-software-stack/138_biobakery_workflows/b/biobakery-workflows/checksums.json, /kyukon/home/gent/438/vsc43810/vsc-software-stack/138_biobakery_workflows/biobakery-workflows/checksums.json, /kyukon/home/gent/438/vsc43810/vsc-software-stack/138_biobakery_workflows/checksums.json, /user/gent/438/vsc43810/easybuild/easybuild-easyconfigs/easybuild/easyconfigs/b/biobakery-workflows/checksums.json, /user/gent/438/vsc43810/easybuild/easybuild-easyconfigs/easybuild/easyconfigs/biobakery-workflows/checksums.json, /user/gent/438/vsc43810/easybuild/easybuild-easyconfigs/easybuild/easyconfigs/checksums.json, /user/gent/438/vsc43810/easybuild/easybuild-easyconfigs/easybuild/easyconfigs/b/biobakery-workflows/checksums.json, /user/gent/438/vsc43810/easybuild/easybuild-easyconfigs/easybuild/easyconfigs/biobakery-workflows/checksums.json, /user/gent/438/vsc43810/easybuild/easybuild-easyconfigs/easybuild/easyconfigs/checksums.json, /data/gent/vo/001/gvo00117/easybuild/sources/b/biobakery-workflows/checksums.json, /data/gent/vo/001/gvo00117/easybuild/sources/biobakery-workflows/checksums.json, /data/gent/vo/001/gvo00117/easybuild/sources/checksums.json, /apps/gent/sources/b/biobakery-workflows/checksums.json, /apps/gent/sources/biobakery-workflows/checksums.json, /apps/gent/sources/checksums.json  (at easybuild/easybuild-framework/easybuild/framework/easyblock.py:870 in obtain_file)
== 2023-08-29 16:04:51,122 easyblock.py:685 INFO Checksum for extension source biobakery_workflows-3.1.tar.gz verified
== 2023-08-29 16:04:51,122 easyblock.py:532 INFO Fetched extension patches: []
== 2023-08-29 16:04:51,122 easyblock.py:2419 INFO Checking dirs that need to be created: ['/scratch/gent/vo/001/gvo00117/easybuild/RHEL8/cascadelake-ampere-ib/software/biobakery-workflows/3.1-foss-2022a', '/scratch/gent/vo/001/gvo00117/easybuild/RHEL8/cascadelake-ampere-ib/modules/all/biobakery-workflows', '/scratch/gent/vo/001/gvo00117/easybuild/RHEL8/cascadelake-ampere-ib/modules/base/biobakery-workflows']
== 2023-08-29 16:04:51,122 filetools.py:1913 INFO Creating directory /scratch/gent/vo/001/gvo00117/easybuild/RHEL8/cascadelake-ampere-ib/software/biobakery-workflows/3.1-foss-2022a (parents: True, set_gid: False, sticky: False)
== 2023-08-29 16:04:51,123 filetools.py:1913 INFO Creating directory /scratch/gent/vo/001/gvo00117/easybuild/RHEL8/cascadelake-ampere-ib/modules/all/biobakery-workflows (parents: True, set_gid: False, sticky: False)
== 2023-08-29 16:04:51,124 filetools.py:1913 INFO Creating directory /scratch/gent/vo/001/gvo00117/easybuild/RHEL8/cascadelake-ampere-ib/modules/base/biobakery-workflows (parents: True, set_gid: False, sticky: False)
== 2023-08-29 16:04:51,124 build_log.py:267 INFO ... (took 9 secs)
== 2023-08-29 16:04:51,124 build_log.py:267 INFO creating build dir, resetting environment...
== 2023-08-29 16:04:51,124 easyblock.py:3926 INFO Starting ready step
== 2023-08-29 16:04:51,124 easyconfig.py:1693 INFO Generating template values...
== 2023-08-29 16:04:51,125 mpi.py:122 INFO Using template MPI command 'mpirun -n %(nr_ranks)s %(cmd)s' for MPI family 'OpenMPI'
== 2023-08-29 16:04:51,125 mpi.py:307 INFO Using MPI command template 'mpirun -n %(nr_ranks)s %(cmd)s' (params: {'nr_ranks': 1, 'cmd': 'xxx_command_xxx'})
== 2023-08-29 16:04:51,125 easyconfig.py:1712 INFO Template values: arch='x86_64', bitbucket_account='biobakery-workflows', builddir='/tmp/vsc43810/easybuild/build/biobakeryworkflows/3.1/foss-2022a', github_account='biobakery-workflows', installdir='/scratch/gent/vo/001/gvo00117/easybuild/RHEL8/cascadelake-ampere-ib/software/biobakery-workflows/3.1-foss-2022a', module_name='biobakery-workflows/3.1-foss-2022a', mpi_cmd_prefix='mpirun -n 1', name='biobakery-workflows', nameletter='b', nameletterlower='b', namelower='biobakery-workflows', pymajver='3', pyminver='10', pyshortver='3.10', pyver='3.10.4', start_dir='None', toolchain_name='foss', toolchain_version='2022a', version='3.1', version_major='3', version_major_minor='3.1', version_minor='1', versionprefix='', versionsuffix=''
== 2023-08-29 16:04:51,125 easyblock.py:3934 INFO Running method check_readiness_step part of step ready
== 2023-08-29 16:04:51,130 run.py:246 INFO running cmd: ulimit -u 
== 2023-08-29 16:04:51,134 easyblock.py:2228 INFO Setting parallelism: 8
== 2023-08-29 16:04:51,177 easyblock.py:2280 WARNING Loaded modules detected: ['env/vsc/donphan', 'env/slurm/donphan', 'env/software/donphan', 'cluster/donphan']
== 2023-08-29 16:04:51,177 easyblock.py:3934 INFO Running method make_builddir part of step ready
== 2023-08-29 16:04:51,178 filetools.py:1913 INFO Creating directory /tmp/vsc43810/easybuild/build/biobakeryworkflows/3.1/foss-2022a (parents: True, set_gid: False, sticky: False)
== 2023-08-29 16:04:51,178 easyblock.py:3934 INFO Running method reset_env part of step ready
== 2023-08-29 16:04:51,178 easyblock.py:3934 INFO Running method handle_iterate_opts part of step ready
== 2023-08-29 16:04:51,178 easyconfig.py:1693 INFO Generating template values...
== 2023-08-29 16:04:51,178 mpi.py:122 INFO Using template MPI command 'mpirun -n %(nr_ranks)s %(cmd)s' for MPI family 'OpenMPI'
== 2023-08-29 16:04:51,179 mpi.py:307 INFO Using MPI command template 'mpirun -n %(nr_ranks)s %(cmd)s' (params: {'nr_ranks': 1, 'cmd': 'xxx_command_xxx'})
== 2023-08-29 16:04:51,179 easyconfig.py:1712 INFO Template values: arch='x86_64', bitbucket_account='biobakery-workflows', builddir='/tmp/vsc43810/easybuild/build/biobakeryworkflows/3.1/foss-2022a', github_account='biobakery-workflows', installdir='/scratch/gent/vo/001/gvo00117/easybuild/RHEL8/cascadelake-ampere-ib/software/biobakery-workflows/3.1-foss-2022a', module_name='biobakery-workflows/3.1-foss-2022a', mpi_cmd_prefix='mpirun -n 1', name='biobakery-workflows', nameletter='b', nameletterlower='b', namelower='biobakery-workflows', parallel='8', pymajver='3', pyminver='10', pyshortver='3.10', pyver='3.10.4', start_dir='None', toolchain_name='foss', toolchain_version='2022a', version='3.1', version_major='3', version_major_minor='3.1', version_minor='1', versionprefix='', versionsuffix=''
== 2023-08-29 16:04:51,179 build_log.py:267 INFO ... (took < 1 sec)
== 2023-08-29 16:04:51,179 build_log.py:267 INFO unpacking...
== 2023-08-29 16:04:51,179 easyblock.py:3926 INFO Starting source step
== 2023-08-29 16:04:51,179 easyconfig.py:1693 INFO Generating template values...
== 2023-08-29 16:04:51,179 mpi.py:122 INFO Using template MPI command 'mpirun -n %(nr_ranks)s %(cmd)s' for MPI family 'OpenMPI'
== 2023-08-29 16:04:51,179 mpi.py:307 INFO Using MPI command template 'mpirun -n %(nr_ranks)s %(cmd)s' (params: {'nr_ranks': 1, 'cmd': 'xxx_command_xxx'})
== 2023-08-29 16:04:51,179 easyconfig.py:1712 INFO Template values: arch='x86_64', bitbucket_account='biobakery-workflows', builddir='/tmp/vsc43810/easybuild/build/biobakeryworkflows/3.1/foss-2022a', github_account='biobakery-workflows', installdir='/scratch/gent/vo/001/gvo00117/easybuild/RHEL8/cascadelake-ampere-ib/software/biobakery-workflows/3.1-foss-2022a', module_name='biobakery-workflows/3.1-foss-2022a', mpi_cmd_prefix='mpirun -n 1', name='biobakery-workflows', nameletter='b', nameletterlower='b', namelower='biobakery-workflows', parallel='8', pymajver='3', pyminver='10', pyshortver='3.10', pyver='3.10.4', start_dir='None', toolchain_name='foss', toolchain_version='2022a', version='3.1', version_major='3', version_major_minor='3.1', version_minor='1', versionprefix='', versionsuffix=''
== 2023-08-29 16:04:51,180 easyblock.py:3934 INFO Running method checksum_step part of step source
== 2023-08-29 16:04:51,180 easyblock.py:3934 INFO Running method extract_step part of step source
== 2023-08-29 16:04:51,180 build_log.py:267 INFO ... (took < 1 sec)
== 2023-08-29 16:04:51,180 build_log.py:267 INFO patching...
== 2023-08-29 16:04:51,180 easyblock.py:3926 INFO Starting patch step
== 2023-08-29 16:04:51,180 easyconfig.py:1693 INFO Generating template values...
== 2023-08-29 16:04:51,180 mpi.py:122 INFO Using template MPI command 'mpirun -n %(nr_ranks)s %(cmd)s' for MPI family 'OpenMPI'
== 2023-08-29 16:04:51,180 mpi.py:307 INFO Using MPI command template 'mpirun -n %(nr_ranks)s %(cmd)s' (params: {'nr_ranks': 1, 'cmd': 'xxx_command_xxx'})
== 2023-08-29 16:04:51,180 easyconfig.py:1712 INFO Template values: arch='x86_64', bitbucket_account='biobakery-workflows', builddir='/tmp/vsc43810/easybuild/build/biobakeryworkflows/3.1/foss-2022a', github_account='biobakery-workflows', installdir='/scratch/gent/vo/001/gvo00117/easybuild/RHEL8/cascadelake-ampere-ib/software/biobakery-workflows/3.1-foss-2022a', module_name='biobakery-workflows/3.1-foss-2022a', mpi_cmd_prefix='mpirun -n 1', name='biobakery-workflows', nameletter='b', nameletterlower='b', namelower='biobakery-workflows', parallel='8', pymajver='3', pyminver='10', pyshortver='3.10', pyver='3.10.4', start_dir='None', toolchain_name='foss', toolchain_version='2022a', version='3.1', version_major='3', version_major_minor='3.1', version_minor='1', versionprefix='', versionsuffix=''
== 2023-08-29 16:04:51,180 easyblock.py:3934 INFO Running method patch_step part of step patch
== 2023-08-29 16:04:51,180 build_log.py:267 INFO ... (took < 1 sec)
== 2023-08-29 16:04:51,180 build_log.py:267 INFO preparing...
== 2023-08-29 16:04:51,181 easyblock.py:3926 INFO Starting prepare step
== 2023-08-29 16:04:51,181 easyconfig.py:1693 INFO Generating template values...
== 2023-08-29 16:04:51,181 mpi.py:122 INFO Using template MPI command 'mpirun -n %(nr_ranks)s %(cmd)s' for MPI family 'OpenMPI'
== 2023-08-29 16:04:51,181 mpi.py:307 INFO Using MPI command template 'mpirun -n %(nr_ranks)s %(cmd)s' (params: {'nr_ranks': 1, 'cmd': 'xxx_command_xxx'})
== 2023-08-29 16:04:51,181 easyconfig.py:1712 INFO Template values: arch='x86_64', bitbucket_account='biobakery-workflows', builddir='/tmp/vsc43810/easybuild/build/biobakeryworkflows/3.1/foss-2022a', github_account='biobakery-workflows', installdir='/scratch/gent/vo/001/gvo00117/easybuild/RHEL8/cascadelake-ampere-ib/software/biobakery-workflows/3.1-foss-2022a', module_name='biobakery-workflows/3.1-foss-2022a', mpi_cmd_prefix='mpirun -n 1', name='biobakery-workflows', nameletter='b', nameletterlower='b', namelower='biobakery-workflows', parallel='8', pymajver='3', pyminver='10', pyshortver='3.10', pyver='3.10.4', start_dir='None', toolchain_name='foss', toolchain_version='2022a', version='3.1', version_major='3', version_major_minor='3.1', version_minor='1', versionprefix='', versionsuffix=''
== 2023-08-29 16:04:51,181 easyblock.py:3934 INFO Running method prepare_step part of step prepare
== 2023-08-29 16:04:51,182 modules.py:626 INFO Checking whether SciPy-bundle/2022.05-foss-2022a exists...
== 2023-08-29 16:04:51,182 modules.py:631 INFO Module SciPy-bundle/2022.05-foss-2022a exists (found in list of available modules)
== 2023-08-29 16:04:51,182 modules.py:654 INFO Result for existence check of SciPy-bundle/2022.05-foss-2022a module: True
== 2023-08-29 16:04:51,183 modules.py:626 INFO Checking whether MetaPhlAn/4.0.6-foss-2022a exists...
== 2023-08-29 16:04:51,183 modules.py:631 INFO Module MetaPhlAn/4.0.6-foss-2022a exists (found in list of available modules)
== 2023-08-29 16:04:51,183 modules.py:654 INFO Result for existence check of MetaPhlAn/4.0.6-foss-2022a module: True
== 2023-08-29 16:04:51,183 modules.py:626 INFO Checking whether kneaddata/0.12.0-foss-2022a exists...
== 2023-08-29 16:04:51,183 modules.py:631 INFO Module kneaddata/0.12.0-foss-2022a exists (found in list of available modules)
== 2023-08-29 16:04:51,183 modules.py:654 INFO Result for existence check of kneaddata/0.12.0-foss-2022a module: True
== 2023-08-29 16:04:51,183 modules.py:626 INFO Checking whether Python/3.10.4-GCCcore-11.3.0 exists...
== 2023-08-29 16:04:51,183 modules.py:631 INFO Module Python/3.10.4-GCCcore-11.3.0 exists (found in list of available modules)
== 2023-08-29 16:04:51,183 modules.py:654 INFO Result for existence check of Python/3.10.4-GCCcore-11.3.0 module: True
== 2023-08-29 16:04:51,183 modules.py:626 INFO Checking whether anadama2/0.10.0-foss-2022a exists...
== 2023-08-29 16:04:51,183 modules.py:631 INFO Module anadama2/0.10.0-foss-2022a exists (found in list of available modules)
== 2023-08-29 16:04:51,183 modules.py:654 INFO Result for existence check of anadama2/0.10.0-foss-2022a module: True
== 2023-08-29 16:04:51,183 modules.py:626 INFO Checking whether humann/3.6-foss-2022a exists...
== 2023-08-29 16:04:51,183 modules.py:631 INFO Module humann/3.6-foss-2022a exists (found in list of available modules)
== 2023-08-29 16:04:51,183 modules.py:654 INFO Result for existence check of humann/3.6-foss-2022a module: True
== 2023-08-29 16:04:51,184 modules.py:626 INFO Checking whether foss/2022a exists...
== 2023-08-29 16:04:51,184 modules.py:634 INFO Module foss/2022a not found in list of available modules, checking via 'module show'...
== 2023-08-29 16:04:57,636 modules.py:654 INFO Result for existence check of foss/2022a module: True
== 2023-08-29 16:05:11,926 environment.py:93 INFO Environment variable LD_LIBRARY_PATH set to /apps/gent/RHEL8/cascadelake-ib/software/SciPy-bundle/2022.05-foss-2022a/lib/python3.10/site-packages/numpy/core/lib:/apps/gent/RHEL8/cascadelake-ib/software/Python/3.10.4-GCCcore-11.3.0/lib:/apps/gent/RHEL8/cascadelake-ib/software/libffi/3.4.2-GCCcore-11.3.0/lib64:/apps/gent/RHEL8/cascadelake-ib/software/GMP/6.2.1-GCCcore-11.3.0/lib:/apps/gent/RHEL8/cascadelake-ib/software/SQLite/3.38.3-GCCcore-11.3.0/lib:/apps/gent/RHEL8/cascadelake-ib/software/Tcl/8.6.12-GCCcore-11.3.0/lib:/apps/gent/RHEL8/cascadelake-ib/software/libreadline/8.1.2-GCCcore-11.3.0/lib:/apps/gent/RHEL8/cascadelake-ib/software/ncurses/6.3-GCCcore-11.3.0/lib:/scratch/gent/vo/001/gvo00117/easybuild/RHEL8/cascadelake-ampere-ib/software/bzip2/1.0.8-GCCcore-11.3.0/lib:/apps/gent/RHEL8/cascadelake-ib/software/ScaLAPACK/2.2.0-gompi-2022a-fb/lib:/apps/gent/RHEL8/cascadelake-ib/software/FFTW.MPI/3.3.10-gompi-2022a/lib:/apps/gent/RHEL8/cascadelake-ib/software/FFTW/3.3.10-GCC-11.3.0/lib:/apps/gent/RHEL8/cascadelake-ib/software/FlexiBLAS/3.2.0-GCC-11.3.0/lib:/apps/gent/RHEL8/cascadelake-ib/software/OpenBLAS/0.3.20-GCC-11.3.0/lib:/apps/gent/RHEL8/cascadelake-ib/software/OpenMPI/4.1.4-GCC-11.3.0/lib:/apps/gent/RHEL8/cascadelake-ib/software/UCC/1.0.0-GCCcore-11.3.0/lib:/apps/gent/RHEL8/cascadelake-ib/software/PMIx/4.1.2-GCCcore-11.3.0/lib:/apps/gent/RHEL8/cascadelake-ib/software/libfabric/1.15.1-GCCcore-11.3.0/lib:/apps/gent/RHEL8/cascadelake-ib/software/UCX/1.12.1-GCCcore-11.3.0/lib:/apps/gent/RHEL8/cascadelake-ib/software/libevent/2.1.12-GCCcore-11.3.0/lib:/apps/gent/RHEL8/cascadelake-ib/software/OpenSSL/1.1/lib:/apps/gent/RHEL8/cascadelake-ib/software/hwloc/2.7.1-GCCcore-11.3.0/lib:/apps/gent/RHEL8/cascadelake-ib/software/libpciaccess/0.16-GCCcore-11.3.0/lib:/apps/gent/RHEL8/cascadelake-ib/software/libxml2/2.9.13-GCCcore-11.3.0/lib:/apps/gent/RHEL8/cascadelake-ib/software/XZ/5.2.5-GCCcore-11.3.0/lib:/apps/gent/RHEL8/cascadelake-ib/software/numactl/2.0.14-GCCcore-11.3.0/lib:/apps/gent/RHEL8/cascadelake-ib/software/binutils/2.38-GCCcore-11.3.0/lib:/apps/gent/RHEL8/cascadelake-ib/software/zlib/1.2.12-GCCcore-11.3.0/lib:/apps/gent/RHEL8/cascadelake-ib/software/GCCcore/11.3.0/lib64 (previous value: '/apps/gent/RHEL8/cascadelake-ib/software/SciPy-bundle/2022.05-foss-2022a/lib/python3.10/site-packages/numpy/core/lib:/apps/gent/RHEL8/cascadelake-ib/software/Python/3.10.4-GCCcore-11.3.0/lib:/apps/gent/RHEL8/cascadelake-ib/software/libffi/3.4.2-GCCcore-11.3.0/lib64:/apps/gent/RHEL8/cascadelake-ib/software/GMP/6.2.1-GCCcore-11.3.0/lib:/apps/gent/RHEL8/cascadelake-ib/software/SQLite/3.38.3-GCCcore-11.3.0/lib:/apps/gent/RHEL8/cascadelake-ib/software/Tcl/8.6.12-GCCcore-11.3.0/lib:/apps/gent/RHEL8/cascadelake-ib/software/libreadline/8.1.2-GCCcore-11.3.0/lib:/apps/gent/RHEL8/cascadelake-ib/software/ncurses/6.3-GCCcore-11.3.0/lib:/scratch/gent/vo/001/gvo00117/easybuild/RHEL8/cascadelake-ampere-ib/software/bzip2/1.0.8-GCCcore-11.3.0/lib')
== 2023-08-29 16:05:20,291 environment.py:93 INFO Environment variable LD_LIBRARY_PATH set to /apps/gent/RHEL8/cascadelake-ib/software/BLAST+/2.13.0-gompi-2022a/lib:/apps/gent/RHEL8/cascadelake-ib/software/LMDB/0.9.29-GCCcore-11.3.0/lib:/apps/gent/RHEL8/cascadelake-ib/software/PCRE/8.45-GCCcore-11.3.0/lib:/apps/gent/RHEL8/cascadelake-ib/software/LSD2/2.3-GCCcore-11.3.0/lib:/apps/gent/RHEL8/cascadelake-ib/software/Boost/1.79.0-GCC-11.3.0/lib:/apps/gent/RHEL8/cascadelake-ib/software/ICU/71.1-GCCcore-11.3.0/lib:/apps/gent/RHEL8/cascadelake-ib/software/Qhull/2020.2-GCCcore-11.3.0/lib:/apps/gent/RHEL8/cascadelake-ib/software/LibTIFF/4.3.0-GCCcore-11.3.0/lib:/apps/gent/RHEL8/cascadelake-ib/software/libdeflate/1.10-GCCcore-11.3.0/lib:/apps/gent/RHEL8/cascadelake-ib/software/zstd/1.5.2-GCCcore-11.3.0/lib:/apps/gent/RHEL8/cascadelake-ib/software/lz4/1.9.3-GCCcore-11.3.0/lib:/apps/gent/RHEL8/cascadelake-ib/software/jbigkit/2.1-GCCcore-11.3.0/lib:/apps/gent/RHEL8/cascadelake-ib/software/libjpeg-turbo/2.1.3-GCCcore-11.3.0/lib:/apps/gent/RHEL8/cascadelake-ib/software/Tk/8.6.12-GCCcore-11.3.0/lib:/apps/gent/RHEL8/cascadelake-ib/software/X11/20220504-GCCcore-11.3.0/lib:/apps/gent/RHEL8/cascadelake-ib/software/fontconfig/2.14.0-GCCcore-11.3.0/lib:/apps/gent/RHEL8/cascadelake-ib/software/util-linux/2.38-GCCcore-11.3.0/lib:/apps/gent/RHEL8/cascadelake-ib/software/expat/2.4.8-GCCcore-11.3.0/lib:/apps/gent/RHEL8/cascadelake-ib/software/freetype/2.12.1-GCCcore-11.3.0/lib:/apps/gent/RHEL8/cascadelake-ib/software/Brotli/1.0.9-GCCcore-11.3.0/lib:/apps/gent/RHEL8/cascadelake-ib/software/libpng/1.6.37-GCCcore-11.3.0/lib:/apps/gent/RHEL8/cascadelake-ib/software/SAMtools/1.16.1-GCC-11.3.0/lib:/apps/gent/RHEL8/cascadelake-ib/software/HDF5/1.12.2-gompi-2022a/lib:/apps/gent/RHEL8/cascadelake-ib/software/Szip/2.1.1-GCCcore-11.3.0/lib:/apps/gent/RHEL8/cascadelake-ib/software/cURL/7.83.0-GCCcore-11.3.0/lib:/apps/gent/RHEL8/cascadelake-ib/software/SciPy-bundle/2022.05-foss-2022a/lib/python3.10/site-packages/numpy/core/lib:/apps/gent/RHEL8/cascadelake-ib/software/Python/3.10.4-GCCcore-11.3.0/lib:/apps/gent/RHEL8/cascadelake-ib/software/libffi/3.4.2-GCCcore-11.3.0/lib64:/apps/gent/RHEL8/cascadelake-ib/software/GMP/6.2.1-GCCcore-11.3.0/lib:/apps/gent/RHEL8/cascadelake-ib/software/SQLite/3.38.3-GCCcore-11.3.0/lib:/apps/gent/RHEL8/cascadelake-ib/software/Tcl/8.6.12-GCCcore-11.3.0/lib:/apps/gent/RHEL8/cascadelake-ib/software/libreadline/8.1.2-GCCcore-11.3.0/lib:/apps/gent/RHEL8/cascadelake-ib/software/ncurses/6.3-GCCcore-11.3.0/lib:/scratch/gent/vo/001/gvo00117/easybuild/RHEL8/cascadelake-ampere-ib/software/bzip2/1.0.8-GCCcore-11.3.0/lib:/apps/gent/RHEL8/cascadelake-ib/software/ScaLAPACK/2.2.0-gompi-2022a-fb/lib:/apps/gent/RHEL8/cascadelake-ib/software/FFTW.MPI/3.3.10-gompi-2022a/lib:/apps/gent/RHEL8/cascadelake-ib/software/FFTW/3.3.10-GCC-11.3.0/lib:/apps/gent/RHEL8/cascadelake-ib/software/FlexiBLAS/3.2.0-GCC-11.3.0/lib:/apps/gent/RHEL8/cascadelake-ib/software/OpenBLAS/0.3.20-GCC-11.3.0/lib:/apps/gent/RHEL8/cascadelake-ib/software/OpenMPI/4.1.4-GCC-11.3.0/lib:/apps/gent/RHEL8/cascadelake-ib/software/UCC/1.0.0-GCCcore-11.3.0/lib:/apps/gent/RHEL8/cascadelake-ib/software/PMIx/4.1.2-GCCcore-11.3.0/lib:/apps/gent/RHEL8/cascadelake-ib/software/libfabric/1.15.1-GCCcore-11.3.0/lib:/apps/gent/RHEL8/cascadelake-ib/software/UCX/1.12.1-GCCcore-11.3.0/lib:/apps/gent/RHEL8/cascadelake-ib/software/libevent/2.1.12-GCCcore-11.3.0/lib:/apps/gent/RHEL8/cascadelake-ib/software/OpenSSL/1.1/lib:/apps/gent/RHEL8/cascadelake-ib/software/hwloc/2.7.1-GCCcore-11.3.0/lib:/apps/gent/RHEL8/cascadelake-ib/software/libpciaccess/0.16-GCCcore-11.3.0/lib:/apps/gent/RHEL8/cascadelake-ib/software/libxml2/2.9.13-GCCcore-11.3.0/lib:/apps/gent/RHEL8/cascadelake-ib/software/XZ/5.2.5-GCCcore-11.3.0/lib:/apps/gent/RHEL8/cascadelake-ib/software/numactl/2.0.14-GCCcore-11.3.0/lib:/apps/gent/RHEL8/cascadelake-ib/software/binutils/2.38-GCCcore-11.3.0/lib:/apps/gent/RHEL8/cascadelake-ib/software/zlib/1.2.12-GCCcore-11.3.0/lib:/apps/gent/RHEL8/cascadelake-ib/software/GCCcore/11.3.0/lib64 (previous value: '/apps/gent/RHEL8/cascadelake-ib/software/BLAST+/2.13.0-gompi-2022a/lib:/apps/gent/RHEL8/cascadelake-ib/software/LMDB/0.9.29-GCCcore-11.3.0/lib:/apps/gent/RHEL8/cascadelake-ib/software/PCRE/8.45-GCCcore-11.3.0/lib:/apps/gent/RHEL8/cascadelake-ib/software/LSD2/2.3-GCCcore-11.3.0/lib:/apps/gent/RHEL8/cascadelake-ib/software/Boost/1.79.0-GCC-11.3.0/lib:/apps/gent/RHEL8/cascadelake-ib/software/ICU/71.1-GCCcore-11.3.0/lib:/apps/gent/RHEL8/cascadelake-ib/software/Qhull/2020.2-GCCcore-11.3.0/lib:/apps/gent/RHEL8/cascadelake-ib/software/LibTIFF/4.3.0-GCCcore-11.3.0/lib:/apps/gent/RHEL8/cascadelake-ib/software/libdeflate/1.10-GCCcore-11.3.0/lib:/apps/gent/RHEL8/cascadelake-ib/software/zstd/1.5.2-GCCcore-11.3.0/lib:/apps/gent/RHEL8/cascadelake-ib/software/lz4/1.9.3-GCCcore-11.3.0/lib:/apps/gent/RHEL8/cascadelake-ib/software/jbigkit/2.1-GCCcore-11.3.0/lib:/apps/gent/RHEL8/cascadelake-ib/software/libjpeg-turbo/2.1.3-GCCcore-11.3.0/lib:/apps/gent/RHEL8/cascadelake-ib/software/Tk/8.6.12-GCCcore-11.3.0/lib:/apps/gent/RHEL8/cascadelake-ib/software/X11/20220504-GCCcore-11.3.0/lib:/apps/gent/RHEL8/cascadelake-ib/software/fontconfig/2.14.0-GCCcore-11.3.0/lib:/apps/gent/RHEL8/cascadelake-ib/software/util-linux/2.38-GCCcore-11.3.0/lib:/apps/gent/RHEL8/cascadelake-ib/software/expat/2.4.8-GCCcore-11.3.0/lib:/apps/gent/RHEL8/cascadelake-ib/software/freetype/2.12.1-GCCcore-11.3.0/lib:/apps/gent/RHEL8/cascadelake-ib/software/Brotli/1.0.9-GCCcore-11.3.0/lib:/apps/gent/RHEL8/cascadelake-ib/software/libpng/1.6.37-GCCcore-11.3.0/lib:/apps/gent/RHEL8/cascadelake-ib/software/SAMtools/1.16.1-GCC-11.3.0/lib:/apps/gent/RHEL8/cascadelake-ib/software/HDF5/1.12.2-gompi-2022a/lib:/apps/gent/RHEL8/cascadelake-ib/software/Szip/2.1.1-GCCcore-11.3.0/lib:/apps/gent/RHEL8/cascadelake-ib/software/cURL/7.83.0-GCCcore-11.3.0/lib')
== 2023-08-29 16:05:27,720 build_log.py:171 ERROR EasyBuild crashed with an error (at easybuild/easybuild-framework/easybuild/base/exceptions.py:126 in __init__): Module command '/usr/share/lmod/lmod/libexec/lmod python load kneaddata/0.12.0-foss-2022a' failed with exit code 1; stderr: To execute Trimmomatic run: java -jar $EBROOTTRIMMOMATIC/trimmomatic-0.39.jar
Lmod has detected the following error: A different version of the 'SAMtools' module is already loaded (see output of 'ml').
You should load another 'kneaddata' module for that is compatible with the currently loaded version of 'SAMtools'.
Use 'ml spider kneaddata' to get an overview of the available versions.


If you don't understand the warning or error, contact the helpdesk at hpc@ugent.be 
While processing the following module(s):
    Module fullname              Module Filename
    ---------------              ---------------
    kneaddata/0.12.0-foss-2022a  /scratch/gent/vo/001/gvo00117/easybuild/RHEL8/cascadelake-ampere-ib/modules/all/kneaddata/0.12.0-foss-2022a.lua

; stdout: _mlstatus = False
 (at easybuild/easybuild-framework/easybuild/tools/modules.py:839 in run_module)
== 2023-08-29 16:05:27,721 build_log.py:267 INFO ... (took 36 secs)
== 2023-08-29 16:05:27,721 filetools.py:2014 INFO Removing lock /scratch/gent/vo/001/gvo00117/easybuild/RHEL8/cascadelake-ampere-ib/software/.locks/_scratch_gent_vo_001_gvo00117_easybuild_RHEL8_cascadelake-ampere-ib_software_biobakery-workflows_3.1-foss-2022a.lock...
== 2023-08-29 16:05:27,722 filetools.py:383 INFO Path /scratch/gent/vo/001/gvo00117/easybuild/RHEL8/cascadelake-ampere-ib/software/.locks/_scratch_gent_vo_001_gvo00117_easybuild_RHEL8_cascadelake-ampere-ib_software_biobakery-workflows_3.1-foss-2022a.lock successfully removed.
== 2023-08-29 16:05:27,722 filetools.py:2018 INFO Lock removed: /scratch/gent/vo/001/gvo00117/easybuild/RHEL8/cascadelake-ampere-ib/software/.locks/_scratch_gent_vo_001_gvo00117_easybuild_RHEL8_cascadelake-ampere-ib_software_biobakery-workflows_3.1-foss-2022a.lock
== 2023-08-29 16:05:27,722 easyblock.py:4261 WARNING build failed (first 300 chars): Module command '/usr/share/lmod/lmod/libexec/lmod python load kneaddata/0.12.0-foss-2022a' failed with exit code 1; stderr: To execute Trimmomatic run: java -jar $EBROOTTRIMMOMATIC/trimmomatic-0.39.jar
Lmod has detected the following error: A different version of the 'SAMtools' module is already loa
== 2023-08-29 16:05:27,722 easyblock.py:328 INFO Closing log for application name biobakery-workflows version 3.1
