== 2023-02-24 12:37:03,828 easyblock.py:313 INFO This is EasyBuild 4.7.1.dev0-r61d2f58bc8a5d8af17d15fdfaaa6cdefde6f4efc (framework: 4.7.1.dev0-r7ba437b16074b1724c059772816196fb675fe0cf, easyblocks: 4.7.1.dev0-r61d2f58bc8a5d8af17d15fdfaaa6cdefde6f4efc) on host node3707.slaking.os.
== 2023-02-24 12:37:03,828 easyblock.py:319 INFO This is easyblock CMakeMake from module easybuild.easyblocks.generic.cmakemake (/user/gent/438/vsc43810/easybuild/easybuild-easyblocks/easybuild/easyblocks/generic/cmakemake.py)
== 2023-02-24 12:37:03,828 easyblock.py:1040 INFO Build dir set to /tmp/vsc43810/easybuild/build/OPENSURFEX/2021-03-28/foss-2022a
== 2023-02-24 12:37:03,829 easyblock.py:1097 INFO Software install dir set to /scratch/gent/vo/001/gvo00117/easybuild/RHEL8/haswell-ib/software/OPEN-SURFEX/2021-03-28-foss-2022a
== 2023-02-24 12:37:03,829 easyblock.py:1102 INFO Module install dir set to /scratch/gent/vo/001/gvo00117/easybuild/RHEL8/haswell-ib/modules/all
== 2023-02-24 12:37:03,829 easyblock.py:288 INFO Init completed for application name OPEN-SURFEX version 2021-03-28
== 2023-02-24 12:37:03,830 easyblock.py:4151 INFO Obtained application instance of for OPEN-SURFEX (easyblock: CMakeMake)
== 2023-02-24 12:37:03,830 easyconfig.py:1688 INFO Generating template values...
== 2023-02-24 12:37:03,831 mpi.py:122 INFO Using template MPI command 'mpirun -n %(nr_ranks)s %(cmd)s' for MPI family 'OpenMPI'
== 2023-02-24 12:37:03,831 mpi.py:307 INFO Using MPI command template 'mpirun -n %(nr_ranks)s %(cmd)s' (params: {'nr_ranks': 1, 'cmd': 'xxx_command_xxx'})
== 2023-02-24 12:37:03,831 easyconfig.py:1707 INFO Template values: arch='x86_64', bitbucket_account='open-surfex', github_account='open-surfex', module_name='OPEN-SURFEX/2021-03-28-foss-2022a', mpi_cmd_prefix='mpirun -n 1', name='OPEN-SURFEX', nameletter='O', nameletterlower='o', namelower='open-surfex', pymajver='3', pyminver='10', pyshortver='3.10', pyver='3.10.4', toolchain_name='foss', toolchain_version='2022a', version='2021-03-28', version_major='2021-03-28', versionprefix='', versionsuffix=''
== 2023-02-24 12:37:03,834 one.py:180 INFO Skipping reformatting value for parameter 'toolchain'
== 2023-02-24 12:37:03,835 filetools.py:1918 INFO Creating directory /tmp/vsc43810/eb-dq6zh9dx/reprod_20230224123703_2030779 (parents: True, set_gid: False, sticky: False)
== 2023-02-24 12:37:03,837 easyblock.py:4405 INFO Dumped easyconfig instance to /tmp/vsc43810/eb-dq6zh9dx/reprod_20230224123703_2030779/OPEN-SURFEX-2021-03-28-foss-2022a.eb
== 2023-02-24 12:37:03,839 filetools.py:1918 INFO Creating directory /tmp/vsc43810/eb-dq6zh9dx/reprod_20230224123703_2030779/easyblocks (parents: True, set_gid: False, sticky: False)
== 2023-02-24 12:37:03,859 filetools.py:2431 INFO /user/gent/438/vsc43810/easybuild/easybuild-easyblocks/easybuild/easyblocks/generic/cmakemake.py copied to /tmp/vsc43810/eb-dq6zh9dx/reprod_20230224123703_2030779/easyblocks/cmakemake.py
== 2023-02-24 12:37:03,859 easyblock.py:4385 INFO Dumped easyblock cmakemake.py required for reproduction to /tmp/vsc43810/eb-dq6zh9dx/reprod_20230224123703_2030779/easyblocks
== 2023-02-24 12:37:03,880 filetools.py:2431 INFO /user/gent/438/vsc43810/easybuild/easybuild-easyblocks/easybuild/easyblocks/generic/configuremake.py copied to /tmp/vsc43810/eb-dq6zh9dx/reprod_20230224123703_2030779/easyblocks/configuremake.py
== 2023-02-24 12:37:03,881 easyblock.py:4385 INFO Dumped easyblock configuremake.py required for reproduction to /tmp/vsc43810/eb-dq6zh9dx/reprod_20230224123703_2030779/easyblocks
== 2023-02-24 12:37:03,890 easyblock.py:2177 INFO Number of iterations to perform for central part of installation procedure: 1
== 2023-02-24 12:37:03,892 build_log.py:267 INFO building and installing OPEN-SURFEX/2021-03-28-foss-2022a...
== 2023-02-24 12:37:03,906 filetools.py:2011 INFO Lock /scratch/gent/vo/001/gvo00117/easybuild/RHEL8/haswell-ib/software/.locks/_scratch_gent_vo_001_gvo00117_easybuild_RHEL8_haswell-ib_software_OPEN-SURFEX_2021-03-28-foss-2022a.lock does not exist
== 2023-02-24 12:37:03,906 filetools.py:1952 INFO Creating lock at /scratch/gent/vo/001/gvo00117/easybuild/RHEL8/haswell-ib/software/.locks/_scratch_gent_vo_001_gvo00117_easybuild_RHEL8_haswell-ib_software_OPEN-SURFEX_2021-03-28-foss-2022a.lock...
== 2023-02-24 12:37:03,907 filetools.py:1918 INFO Creating directory /scratch/gent/vo/001/gvo00117/easybuild/RHEL8/haswell-ib/software/.locks/_scratch_gent_vo_001_gvo00117_easybuild_RHEL8_haswell-ib_software_OPEN-SURFEX_2021-03-28-foss-2022a.lock (parents: True, set_gid: False, sticky: False)
== 2023-02-24 12:37:03,938 filetools.py:1961 INFO Lock created: /scratch/gent/vo/001/gvo00117/easybuild/RHEL8/haswell-ib/software/.locks/_scratch_gent_vo_001_gvo00117_easybuild_RHEL8_haswell-ib_software_OPEN-SURFEX_2021-03-28-foss-2022a.lock
== 2023-02-24 12:37:03,939 build_log.py:267 INFO fetching files...
== 2023-02-24 12:37:03,945 easyblock.py:3877 INFO Starting fetch step
== 2023-02-24 12:37:03,945 easyconfig.py:1688 INFO Generating template values...
== 2023-02-24 12:37:03,946 mpi.py:122 INFO Using template MPI command 'mpirun -n %(nr_ranks)s %(cmd)s' for MPI family 'OpenMPI'
== 2023-02-24 12:37:03,946 mpi.py:307 INFO Using MPI command template 'mpirun -n %(nr_ranks)s %(cmd)s' (params: {'nr_ranks': 1, 'cmd': 'xxx_command_xxx'})
== 2023-02-24 12:37:03,946 easyconfig.py:1707 INFO Template values: arch='x86_64', bitbucket_account='open-surfex', builddir='/tmp/vsc43810/easybuild/build/OPENSURFEX/2021-03-28/foss-2022a', github_account='open-surfex', installdir='/scratch/gent/vo/001/gvo00117/easybuild/RHEL8/haswell-ib/software/OPEN-SURFEX/2021-03-28-foss-2022a', module_name='OPEN-SURFEX/2021-03-28-foss-2022a', mpi_cmd_prefix='mpirun -n 1', name='OPEN-SURFEX', nameletter='O', nameletterlower='o', namelower='open-surfex', pymajver='3', pyminver='10', pyshortver='3.10', pyver='3.10.4', toolchain_name='foss', toolchain_version='2022a', version='2021-03-28', version_major='2021-03-28', versionprefix='', versionsuffix=''
== 2023-02-24 12:37:03,947 easyblock.py:3885 INFO Running method fetch_step part of step fetch
== 2023-02-24 12:37:03,947 easyblock.py:2299 WARNING Easyconfig does not specify an EasyBuild-version (key 'easybuild_version')! Assuming the latest version
== 2023-02-24 12:37:03,948 easyblock.py:803 INFO Considering directory in which easyconfig file is located when searching for checksums.json: /kyukon/home/gent/438/vsc43810/vsc-software-stack/85_openSurfex
== 2023-02-24 12:37:03,948 tools.py:273 INFO Found location to 'eb' script via $EB_SCRIPT_PATH: /user/gent/438/vsc43810/easybuild/easybuild-framework/eb
== 2023-02-24 12:37:03,948 tools.py:289 INFO Not considering /user/gent/438/vsc43810/easybuild (no easybuild/easyconfigs subdir found)
== 2023-02-24 12:37:03,949 tools.py:297 INFO Also considering installation prefix /kyukon/home/gent/438/vsc43810/easybuild (via resolved path to 'eb')...
== 2023-02-24 12:37:04,333 build_log.py:171 ERROR EasyBuild crashed with an error (at easybuild/easybuild-framework/easybuild/base/exceptions.py:126 in __init__): Couldn't find file checksums.json anywhere, and downloading it is disabled... Paths attempted (in order): /kyukon/home/gent/438/vsc43810/vsc-software-stack/85_openSurfex/o/OPEN-SURFEX/checksums.json, /kyukon/home/gent/438/vsc43810/vsc-software-stack/85_openSurfex/OPEN-SURFEX/checksums.json, /kyukon/home/gent/438/vsc43810/vsc-software-stack/85_openSurfex/checksums.json, /user/gent/438/vsc43810/easybuild/easybuild-easyconfigs/easybuild/easyconfigs/o/OPEN-SURFEX/checksums.json, /user/gent/438/vsc43810/easybuild/easybuild-easyconfigs/easybuild/easyconfigs/OPEN-SURFEX/checksums.json, /user/gent/438/vsc43810/easybuild/easybuild-easyconfigs/easybuild/easyconfigs/checksums.json, /user/gent/438/vsc43810/easybuild/easybuild-easyconfigs/easybuild/easyconfigs/o/OPEN-SURFEX/checksums.json, /user/gent/438/vsc43810/easybuild/easybuild-easyconfigs/easybuild/easyconfigs/OPEN-SURFEX/checksums.json, /user/gent/438/vsc43810/easybuild/easybuild-easyconfigs/easybuild/easyconfigs/checksums.json, /data/gent/vo/001/gvo00117/easybuild/sources/o/OPEN-SURFEX/checksums.json, /data/gent/vo/001/gvo00117/easybuild/sources/OPEN-SURFEX/checksums.json, /data/gent/vo/001/gvo00117/easybuild/sources/checksums.json, /apps/gent/sources/o/OPEN-SURFEX/checksums.json, /apps/gent/sources/OPEN-SURFEX/checksums.json, /apps/gent/sources/checksums.json  (at easybuild/easybuild-framework/easybuild/framework/easyblock.py:870 in obtain_file)
== 2023-02-24 12:37:04,334 easyblock.py:803 INFO Considering directory in which easyconfig file is located when searching for 70d2395.tar.gz: /kyukon/home/gent/438/vsc43810/vsc-software-stack/85_openSurfex
== 2023-02-24 12:37:04,334 tools.py:273 INFO Found location to 'eb' script via $EB_SCRIPT_PATH: /user/gent/438/vsc43810/easybuild/easybuild-framework/eb
== 2023-02-24 12:37:04,334 tools.py:289 INFO Not considering /user/gent/438/vsc43810/easybuild (no easybuild/easyconfigs subdir found)
== 2023-02-24 12:37:04,335 tools.py:297 INFO Also considering installation prefix /kyukon/home/gent/438/vsc43810/easybuild (via resolved path to 'eb')...
== 2023-02-24 12:37:04,337 easyblock.py:844 INFO Found file 70d2395.tar.gz at /data/gent/vo/001/gvo00117/easybuild/sources/o/OPEN-SURFEX/70d2395.tar.gz
== 2023-02-24 12:37:04,337 easyblock.py:496 INFO Added sources: [{'name': '70d2395.tar.gz', 'path': '/data/gent/vo/001/gvo00117/easybuild/sources/o/OPEN-SURFEX/70d2395.tar.gz', 'cmd': None, 'checksum': None, 'finalpath': '/tmp/vsc43810/easybuild/build/OPENSURFEX/2021-03-28/foss-2022a'}]
== 2023-02-24 12:37:04,338 easyblock.py:2342 INFO no patches provided
== 2023-02-24 12:37:04,631 easyblock.py:2352 INFO md5 checksum for /data/gent/vo/001/gvo00117/easybuild/sources/o/OPEN-SURFEX/70d2395.tar.gz: f395608d0b061cf70cdcaff687597817
== 2023-02-24 12:37:04,791 easyblock.py:2352 INFO sha256 checksum for /data/gent/vo/001/gvo00117/easybuild/sources/o/OPEN-SURFEX/70d2395.tar.gz: 44341eee2ae952a21cc0055533c1ea7b3ef27fc88b716b46f88ca339a7bfebe1
== 2023-02-24 12:37:04,798 easyblock.py:2387 INFO Checking dirs that need to be created: ['/scratch/gent/vo/001/gvo00117/easybuild/RHEL8/haswell-ib/software/OPEN-SURFEX/2021-03-28-foss-2022a', '/scratch/gent/vo/001/gvo00117/easybuild/RHEL8/haswell-ib/modules/all/OPEN-SURFEX', '/scratch/gent/vo/001/gvo00117/easybuild/RHEL8/haswell-ib/modules/bio/OPEN-SURFEX']
== 2023-02-24 12:37:04,818 configuremake.py:95 INFO config.guess version: 2018-08-29 (last updated: 2023-01-20T12:49:14.776403, SHA256 checksum: c02eb9cc55c86cfd1e9a794e548d25db5c9539e7b2154beb649bc6e2cbffc74c)
== 2023-02-24 12:37:04,818 configuremake.py:150 INFO Found config.guess at /data/gent/vo/001/gvo00117/easybuild/sources/generic/eb_v4.7.1.dev0/ConfigureMake/config.guess
== 2023-02-24 12:37:04,819 build_log.py:267 INFO ... (took < 1 sec)
== 2023-02-24 12:37:04,822 build_log.py:267 INFO creating build dir, resetting environment...
== 2023-02-24 12:37:04,825 easyblock.py:3877 INFO Starting ready step
== 2023-02-24 12:37:04,825 easyconfig.py:1688 INFO Generating template values...
== 2023-02-24 12:37:04,825 mpi.py:122 INFO Using template MPI command 'mpirun -n %(nr_ranks)s %(cmd)s' for MPI family 'OpenMPI'
== 2023-02-24 12:37:04,826 mpi.py:307 INFO Using MPI command template 'mpirun -n %(nr_ranks)s %(cmd)s' (params: {'nr_ranks': 1, 'cmd': 'xxx_command_xxx'})
== 2023-02-24 12:37:04,826 easyconfig.py:1707 INFO Template values: arch='x86_64', bitbucket_account='open-surfex', builddir='/tmp/vsc43810/easybuild/build/OPENSURFEX/2021-03-28/foss-2022a', github_account='open-surfex', installdir='/scratch/gent/vo/001/gvo00117/easybuild/RHEL8/haswell-ib/software/OPEN-SURFEX/2021-03-28-foss-2022a', module_name='OPEN-SURFEX/2021-03-28-foss-2022a', mpi_cmd_prefix='mpirun -n 1', name='OPEN-SURFEX', nameletter='O', nameletterlower='o', namelower='open-surfex', pymajver='3', pyminver='10', pyshortver='3.10', pyver='3.10.4', toolchain_name='foss', toolchain_version='2022a', version='2021-03-28', version_major='2021-03-28', versionprefix='', versionsuffix=''
== 2023-02-24 12:37:04,826 easyblock.py:3885 INFO Running method check_readiness_step part of step ready
== 2023-02-24 12:37:04,835 run.py:236 INFO running cmd: ulimit -u 
== 2023-02-24 12:37:04,849 easyblock.py:2196 INFO Setting parallelism: 8
== 2023-02-24 12:37:04,965 easyblock.py:2248 WARNING Loaded modules detected: ['env/vsc/slaking', 'env/slurm/slaking', 'env/software/slaking', 'cluster/slaking']
== 2023-02-24 12:37:04,965 easyblock.py:3885 INFO Running method make_builddir part of step ready
== 2023-02-24 12:37:04,966 filetools.py:1918 INFO Creating directory /tmp/vsc43810/easybuild/build/OPENSURFEX/2021-03-28/foss-2022a (parents: True, set_gid: False, sticky: False)
== 2023-02-24 12:37:04,976 easyblock.py:3885 INFO Running method reset_env part of step ready
== 2023-02-24 12:37:04,977 easyblock.py:3885 INFO Running method handle_iterate_opts part of step ready
== 2023-02-24 12:37:04,977 easyconfig.py:1688 INFO Generating template values...
== 2023-02-24 12:37:04,977 mpi.py:122 INFO Using template MPI command 'mpirun -n %(nr_ranks)s %(cmd)s' for MPI family 'OpenMPI'
== 2023-02-24 12:37:04,978 mpi.py:307 INFO Using MPI command template 'mpirun -n %(nr_ranks)s %(cmd)s' (params: {'nr_ranks': 1, 'cmd': 'xxx_command_xxx'})
== 2023-02-24 12:37:04,978 easyconfig.py:1707 INFO Template values: arch='x86_64', bitbucket_account='open-surfex', builddir='/tmp/vsc43810/easybuild/build/OPENSURFEX/2021-03-28/foss-2022a', github_account='open-surfex', installdir='/scratch/gent/vo/001/gvo00117/easybuild/RHEL8/haswell-ib/software/OPEN-SURFEX/2021-03-28-foss-2022a', module_name='OPEN-SURFEX/2021-03-28-foss-2022a', mpi_cmd_prefix='mpirun -n 1', name='OPEN-SURFEX', nameletter='O', nameletterlower='o', namelower='open-surfex', parallel='8', pymajver='3', pyminver='10', pyshortver='3.10', pyver='3.10.4', toolchain_name='foss', toolchain_version='2022a', version='2021-03-28', version_major='2021-03-28', versionprefix='', versionsuffix=''
== 2023-02-24 12:37:04,978 build_log.py:267 INFO ... (took < 1 sec)
== 2023-02-24 12:37:04,983 build_log.py:267 INFO unpacking...
== 2023-02-24 12:37:04,989 easyblock.py:3877 INFO Starting source step
== 2023-02-24 12:37:04,989 easyconfig.py:1688 INFO Generating template values...
== 2023-02-24 12:37:04,990 mpi.py:122 INFO Using template MPI command 'mpirun -n %(nr_ranks)s %(cmd)s' for MPI family 'OpenMPI'
== 2023-02-24 12:37:04,990 mpi.py:307 INFO Using MPI command template 'mpirun -n %(nr_ranks)s %(cmd)s' (params: {'nr_ranks': 1, 'cmd': 'xxx_command_xxx'})
== 2023-02-24 12:37:04,990 easyconfig.py:1707 INFO Template values: arch='x86_64', bitbucket_account='open-surfex', builddir='/tmp/vsc43810/easybuild/build/OPENSURFEX/2021-03-28/foss-2022a', github_account='open-surfex', installdir='/scratch/gent/vo/001/gvo00117/easybuild/RHEL8/haswell-ib/software/OPEN-SURFEX/2021-03-28-foss-2022a', module_name='OPEN-SURFEX/2021-03-28-foss-2022a', mpi_cmd_prefix='mpirun -n 1', name='OPEN-SURFEX', nameletter='O', nameletterlower='o', namelower='open-surfex', parallel='8', pymajver='3', pyminver='10', pyshortver='3.10', pyver='3.10.4', toolchain_name='foss', toolchain_version='2022a', version='2021-03-28', version_major='2021-03-28', versionprefix='', versionsuffix=''
== 2023-02-24 12:37:04,991 easyblock.py:3885 INFO Running method checksum_step part of step source
== 2023-02-24 12:37:04,991 easyblock.py:2405 INFO Checksum verification for /data/gent/vo/001/gvo00117/easybuild/sources/o/OPEN-SURFEX/70d2395.tar.gz using None passed.
== 2023-02-24 12:37:04,991 easyblock.py:3885 INFO Running method extract_step part of step source
== 2023-02-24 12:37:04,991 easyblock.py:2517 INFO Unpacking source 70d2395.tar.gz
== 2023-02-24 12:37:05,003 run.py:236 INFO running cmd: tar xzf /data/gent/vo/001/gvo00117/easybuild/sources/o/OPEN-SURFEX/70d2395.tar.gz 
== 2023-02-24 12:37:06,064 build_log.py:267 INFO ... (took 1 secs)
== 2023-02-24 12:37:06,070 build_log.py:267 INFO patching...
== 2023-02-24 12:37:06,076 easyblock.py:3877 INFO Starting patch step
== 2023-02-24 12:37:06,076 easyconfig.py:1688 INFO Generating template values...
== 2023-02-24 12:37:06,077 mpi.py:122 INFO Using template MPI command 'mpirun -n %(nr_ranks)s %(cmd)s' for MPI family 'OpenMPI'
== 2023-02-24 12:37:06,077 mpi.py:307 INFO Using MPI command template 'mpirun -n %(nr_ranks)s %(cmd)s' (params: {'nr_ranks': 1, 'cmd': 'xxx_command_xxx'})
== 2023-02-24 12:37:06,078 easyconfig.py:1707 INFO Template values: arch='x86_64', bitbucket_account='open-surfex', builddir='/tmp/vsc43810/easybuild/build/OPENSURFEX/2021-03-28/foss-2022a', github_account='open-surfex', installdir='/scratch/gent/vo/001/gvo00117/easybuild/RHEL8/haswell-ib/software/OPEN-SURFEX/2021-03-28-foss-2022a', module_name='OPEN-SURFEX/2021-03-28-foss-2022a', mpi_cmd_prefix='mpirun -n 1', name='OPEN-SURFEX', nameletter='O', nameletterlower='o', namelower='open-surfex', parallel='8', pymajver='3', pyminver='10', pyshortver='3.10', pyver='3.10.4', toolchain_name='foss', toolchain_version='2022a', version='2021-03-28', version_major='2021-03-28', versionprefix='', versionsuffix=''
== 2023-02-24 12:37:06,078 easyblock.py:3885 INFO Running method patch_step part of step patch
== 2023-02-24 12:37:06,078 build_log.py:267 INFO ... (took < 1 sec)
== 2023-02-24 12:37:06,084 build_log.py:267 INFO preparing...
== 2023-02-24 12:37:06,089 easyblock.py:3877 INFO Starting prepare step
== 2023-02-24 12:37:06,090 easyconfig.py:1688 INFO Generating template values...
== 2023-02-24 12:37:06,090 mpi.py:122 INFO Using template MPI command 'mpirun -n %(nr_ranks)s %(cmd)s' for MPI family 'OpenMPI'
== 2023-02-24 12:37:06,090 mpi.py:307 INFO Using MPI command template 'mpirun -n %(nr_ranks)s %(cmd)s' (params: {'nr_ranks': 1, 'cmd': 'xxx_command_xxx'})
== 2023-02-24 12:37:06,091 easyconfig.py:1707 INFO Template values: arch='x86_64', bitbucket_account='open-surfex', builddir='/tmp/vsc43810/easybuild/build/OPENSURFEX/2021-03-28/foss-2022a', github_account='open-surfex', installdir='/scratch/gent/vo/001/gvo00117/easybuild/RHEL8/haswell-ib/software/OPEN-SURFEX/2021-03-28-foss-2022a', module_name='OPEN-SURFEX/2021-03-28-foss-2022a', mpi_cmd_prefix='mpirun -n 1', name='OPEN-SURFEX', nameletter='O', nameletterlower='o', namelower='open-surfex', parallel='8', pymajver='3', pyminver='10', pyshortver='3.10', pyver='3.10.4', toolchain_name='foss', toolchain_version='2022a', version='2021-03-28', version_major='2021-03-28', versionprefix='', versionsuffix=''
== 2023-02-24 12:37:06,091 easyblock.py:3885 INFO Running method prepare_step part of step prepare
== 2023-02-24 12:37:06,094 modules.py:628 INFO Checking whether CMake/3.23.1-GCCcore-11.3.0 exists...
== 2023-02-24 12:37:06,094 modules.py:633 INFO Module CMake/3.23.1-GCCcore-11.3.0 exists (found in list of available modules)
== 2023-02-24 12:37:06,094 modules.py:656 INFO Result for existence check of CMake/3.23.1-GCCcore-11.3.0 module: True
== 2023-02-24 12:37:06,094 modules.py:628 INFO Checking whether Python/3.10.4-GCCcore-11.3.0 exists...
== 2023-02-24 12:37:06,094 modules.py:633 INFO Module Python/3.10.4-GCCcore-11.3.0 exists (found in list of available modules)
== 2023-02-24 12:37:06,095 modules.py:656 INFO Result for existence check of Python/3.10.4-GCCcore-11.3.0 module: True
== 2023-02-24 12:37:06,095 modules.py:628 INFO Checking whether netCDF/4.9.0-gompi-2022a exists...
== 2023-02-24 12:37:06,095 modules.py:633 INFO Module netCDF/4.9.0-gompi-2022a exists (found in list of available modules)
== 2023-02-24 12:37:06,095 modules.py:656 INFO Result for existence check of netCDF/4.9.0-gompi-2022a module: True
== 2023-02-24 12:37:06,095 modules.py:628 INFO Checking whether netCDF-Fortran/4.6.0-gompi-2022a exists...
== 2023-02-24 12:37:06,096 modules.py:633 INFO Module netCDF-Fortran/4.6.0-gompi-2022a exists (found in list of available modules)
== 2023-02-24 12:37:06,096 modules.py:656 INFO Result for existence check of netCDF-Fortran/4.6.0-gompi-2022a module: True
== 2023-02-24 12:37:06,096 modules.py:628 INFO Checking whether HDF5/1.12.2-gompi-2022a exists...
== 2023-02-24 12:37:06,096 modules.py:633 INFO Module HDF5/1.12.2-gompi-2022a exists (found in list of available modules)
== 2023-02-24 12:37:06,097 modules.py:656 INFO Result for existence check of HDF5/1.12.2-gompi-2022a module: True
== 2023-02-24 12:37:06,097 modules.py:628 INFO Checking whether cURL/7.83.0-GCCcore-11.3.0 exists...
== 2023-02-24 12:37:06,097 modules.py:633 INFO Module cURL/7.83.0-GCCcore-11.3.0 exists (found in list of available modules)
== 2023-02-24 12:37:06,097 modules.py:656 INFO Result for existence check of cURL/7.83.0-GCCcore-11.3.0 module: True
== 2023-02-24 12:37:06,097 modules.py:628 INFO Checking whether Szip/2.1.1-GCCcore-11.3.0 exists...
== 2023-02-24 12:37:06,098 modules.py:633 INFO Module Szip/2.1.1-GCCcore-11.3.0 exists (found in list of available modules)
== 2023-02-24 12:37:06,098 modules.py:656 INFO Result for existence check of Szip/2.1.1-GCCcore-11.3.0 module: True
== 2023-02-24 12:37:06,098 modules.py:628 INFO Checking whether zlib/1.2.12-GCCcore-11.3.0 exists...
== 2023-02-24 12:37:06,098 modules.py:633 INFO Module zlib/1.2.12-GCCcore-11.3.0 exists (found in list of available modules)
== 2023-02-24 12:37:06,098 modules.py:656 INFO Result for existence check of zlib/1.2.12-GCCcore-11.3.0 module: True
== 2023-02-24 12:37:06,099 modules.py:628 INFO Checking whether M4/1.4.19-GCCcore-11.3.0 exists...
== 2023-02-24 12:37:06,099 modules.py:633 INFO Module M4/1.4.19-GCCcore-11.3.0 exists (found in list of available modules)
== 2023-02-24 12:37:06,099 modules.py:656 INFO Result for existence check of M4/1.4.19-GCCcore-11.3.0 module: True
== 2023-02-24 12:37:06,099 modules.py:628 INFO Checking whether ecCodes/2.27.0-gompi-2022a exists...
== 2023-02-24 12:37:06,099 modules.py:633 INFO Module ecCodes/2.27.0-gompi-2022a exists (found in list of available modules)
== 2023-02-24 12:37:06,100 modules.py:656 INFO Result for existence check of ecCodes/2.27.0-gompi-2022a module: True
== 2023-02-24 12:37:06,100 modules.py:628 INFO Checking whether foss/2022a exists...
== 2023-02-24 12:37:06,100 modules.py:636 INFO Module foss/2022a not found in list of available modules, checking via 'module show'...
== 2023-02-24 12:37:09,255 modules.py:656 INFO Result for existence check of foss/2022a module: True
== 2023-02-24 12:37:14,032 environment.py:93 INFO Environment variable LD_LIBRARY_PATH set to /apps/gent/RHEL8/haswell-ib/software/libarchive/3.6.1-GCCcore-11.3.0/lib:/apps/gent/RHEL8/haswell-ib/software/cURL/7.83.0-GCCcore-11.3.0/lib:/apps/gent/RHEL8/haswell-ib/software/bzip2/1.0.8-GCCcore-11.3.0/lib:/apps/gent/RHEL8/haswell-ib/software/ncurses/6.3-GCCcore-11.3.0/lib:/apps/gent/RHEL8/haswell-ib/software/ScaLAPACK/2.2.0-gompi-2022a-fb/lib:/apps/gent/RHEL8/haswell-ib/software/FFTW.MPI/3.3.10-gompi-2022a/lib:/apps/gent/RHEL8/haswell-ib/software/FFTW/3.3.10-GCC-11.3.0/lib:/apps/gent/RHEL8/haswell-ib/software/FlexiBLAS/3.2.0-GCC-11.3.0/lib:/apps/gent/RHEL8/haswell-ib/software/OpenBLAS/0.3.20-GCC-11.3.0/lib:/apps/gent/RHEL8/haswell-ib/software/OpenMPI/4.1.4-GCC-11.3.0/lib:/apps/gent/RHEL8/haswell-ib/software/UCC/1.0.0-GCCcore-11.3.0/lib:/apps/gent/RHEL8/haswell-ib/software/PMIx/4.1.2-GCCcore-11.3.0/lib:/apps/gent/RHEL8/haswell-ib/software/libfabric/1.15.1-GCCcore-11.3.0/lib:/apps/gent/RHEL8/haswell-ib/software/UCX/1.12.1-GCCcore-11.3.0/lib:/apps/gent/RHEL8/haswell-ib/software/libevent/2.1.12-GCCcore-11.3.0/lib:/apps/gent/RHEL8/haswell-ib/software/OpenSSL/1.1/lib:/apps/gent/RHEL8/haswell-ib/software/hwloc/2.7.1-GCCcore-11.3.0/lib:/apps/gent/RHEL8/haswell-ib/software/libpciaccess/0.16-GCCcore-11.3.0/lib:/apps/gent/RHEL8/haswell-ib/software/libxml2/2.9.13-GCCcore-11.3.0/lib:/apps/gent/RHEL8/haswell-ib/software/XZ/5.2.5-GCCcore-11.3.0/lib:/apps/gent/RHEL8/haswell-ib/software/numactl/2.0.14-GCCcore-11.3.0/lib:/apps/gent/RHEL8/haswell-ib/software/binutils/2.38-GCCcore-11.3.0/lib:/apps/gent/RHEL8/haswell-ib/software/zlib/1.2.12-GCCcore-11.3.0/lib:/apps/gent/RHEL8/haswell-ib/software/GCCcore/11.3.0/lib64 (previous value: '/apps/gent/RHEL8/haswell-ib/software/libarchive/3.6.1-GCCcore-11.3.0/lib:/apps/gent/RHEL8/haswell-ib/software/cURL/7.83.0-GCCcore-11.3.0/lib:/apps/gent/RHEL8/haswell-ib/software/bzip2/1.0.8-GCCcore-11.3.0/lib:/apps/gent/RHEL8/haswell-ib/software/ncurses/6.3-GCCcore-11.3.0/lib')
== 2023-02-24 12:37:16,295 environment.py:93 INFO Environment variable LD_LIBRARY_PATH set to /apps/gent/RHEL8/haswell-ib/software/Python/3.10.4-GCCcore-11.3.0/lib:/apps/gent/RHEL8/haswell-ib/software/libffi/3.4.2-GCCcore-11.3.0/lib64:/apps/gent/RHEL8/haswell-ib/software/GMP/6.2.1-GCCcore-11.3.0/lib:/apps/gent/RHEL8/haswell-ib/software/SQLite/3.38.3-GCCcore-11.3.0/lib:/apps/gent/RHEL8/haswell-ib/software/Tcl/8.6.12-GCCcore-11.3.0/lib:/apps/gent/RHEL8/haswell-ib/software/libreadline/8.1.2-GCCcore-11.3.0/lib:/apps/gent/RHEL8/haswell-ib/software/libarchive/3.6.1-GCCcore-11.3.0/lib:/apps/gent/RHEL8/haswell-ib/software/cURL/7.83.0-GCCcore-11.3.0/lib:/apps/gent/RHEL8/haswell-ib/software/bzip2/1.0.8-GCCcore-11.3.0/lib:/apps/gent/RHEL8/haswell-ib/software/ncurses/6.3-GCCcore-11.3.0/lib:/apps/gent/RHEL8/haswell-ib/software/ScaLAPACK/2.2.0-gompi-2022a-fb/lib:/apps/gent/RHEL8/haswell-ib/software/FFTW.MPI/3.3.10-gompi-2022a/lib:/apps/gent/RHEL8/haswell-ib/software/FFTW/3.3.10-GCC-11.3.0/lib:/apps/gent/RHEL8/haswell-ib/software/FlexiBLAS/3.2.0-GCC-11.3.0/lib:/apps/gent/RHEL8/haswell-ib/software/OpenBLAS/0.3.20-GCC-11.3.0/lib:/apps/gent/RHEL8/haswell-ib/software/OpenMPI/4.1.4-GCC-11.3.0/lib:/apps/gent/RHEL8/haswell-ib/software/UCC/1.0.0-GCCcore-11.3.0/lib:/apps/gent/RHEL8/haswell-ib/software/PMIx/4.1.2-GCCcore-11.3.0/lib:/apps/gent/RHEL8/haswell-ib/software/libfabric/1.15.1-GCCcore-11.3.0/lib:/apps/gent/RHEL8/haswell-ib/software/UCX/1.12.1-GCCcore-11.3.0/lib:/apps/gent/RHEL8/haswell-ib/software/libevent/2.1.12-GCCcore-11.3.0/lib:/apps/gent/RHEL8/haswell-ib/software/OpenSSL/1.1/lib:/apps/gent/RHEL8/haswell-ib/software/hwloc/2.7.1-GCCcore-11.3.0/lib:/apps/gent/RHEL8/haswell-ib/software/libpciaccess/0.16-GCCcore-11.3.0/lib:/apps/gent/RHEL8/haswell-ib/software/libxml2/2.9.13-GCCcore-11.3.0/lib:/apps/gent/RHEL8/haswell-ib/software/XZ/5.2.5-GCCcore-11.3.0/lib:/apps/gent/RHEL8/haswell-ib/software/numactl/2.0.14-GCCcore-11.3.0/lib:/apps/gent/RHEL8/haswell-ib/software/binutils/2.38-GCCcore-11.3.0/lib:/apps/gent/RHEL8/haswell-ib/software/zlib/1.2.12-GCCcore-11.3.0/lib:/apps/gent/RHEL8/haswell-ib/software/GCCcore/11.3.0/lib64 (previous value: '/apps/gent/RHEL8/haswell-ib/software/Python/3.10.4-GCCcore-11.3.0/lib:/apps/gent/RHEL8/haswell-ib/software/libffi/3.4.2-GCCcore-11.3.0/lib64:/apps/gent/RHEL8/haswell-ib/software/GMP/6.2.1-GCCcore-11.3.0/lib:/apps/gent/RHEL8/haswell-ib/software/SQLite/3.38.3-GCCcore-11.3.0/lib:/apps/gent/RHEL8/haswell-ib/software/Tcl/8.6.12-GCCcore-11.3.0/lib:/apps/gent/RHEL8/haswell-ib/software/libreadline/8.1.2-GCCcore-11.3.0/lib')
== 2023-02-24 12:37:18,660 environment.py:93 INFO Environment variable LD_LIBRARY_PATH set to /apps/gent/RHEL8/haswell-ib/software/netCDF/4.9.0-gompi-2022a/lib:/apps/gent/RHEL8/haswell-ib/software/zstd/1.5.2-GCCcore-11.3.0/lib:/apps/gent/RHEL8/haswell-ib/software/lz4/1.9.3-GCCcore-11.3.0/lib:/apps/gent/RHEL8/haswell-ib/software/HDF5/1.12.2-gompi-2022a/lib:/apps/gent/RHEL8/haswell-ib/software/Szip/2.1.1-GCCcore-11.3.0/lib:/apps/gent/RHEL8/haswell-ib/software/Python/3.10.4-GCCcore-11.3.0/lib:/apps/gent/RHEL8/haswell-ib/software/libffi/3.4.2-GCCcore-11.3.0/lib64:/apps/gent/RHEL8/haswell-ib/software/GMP/6.2.1-GCCcore-11.3.0/lib:/apps/gent/RHEL8/haswell-ib/software/SQLite/3.38.3-GCCcore-11.3.0/lib:/apps/gent/RHEL8/haswell-ib/software/Tcl/8.6.12-GCCcore-11.3.0/lib:/apps/gent/RHEL8/haswell-ib/software/libreadline/8.1.2-GCCcore-11.3.0/lib:/apps/gent/RHEL8/haswell-ib/software/libarchive/3.6.1-GCCcore-11.3.0/lib:/apps/gent/RHEL8/haswell-ib/software/cURL/7.83.0-GCCcore-11.3.0/lib:/apps/gent/RHEL8/haswell-ib/software/bzip2/1.0.8-GCCcore-11.3.0/lib:/apps/gent/RHEL8/haswell-ib/software/ncurses/6.3-GCCcore-11.3.0/lib:/apps/gent/RHEL8/haswell-ib/software/ScaLAPACK/2.2.0-gompi-2022a-fb/lib:/apps/gent/RHEL8/haswell-ib/software/FFTW.MPI/3.3.10-gompi-2022a/lib:/apps/gent/RHEL8/haswell-ib/software/FFTW/3.3.10-GCC-11.3.0/lib:/apps/gent/RHEL8/haswell-ib/software/FlexiBLAS/3.2.0-GCC-11.3.0/lib:/apps/gent/RHEL8/haswell-ib/software/OpenBLAS/0.3.20-GCC-11.3.0/lib:/apps/gent/RHEL8/haswell-ib/software/OpenMPI/4.1.4-GCC-11.3.0/lib:/apps/gent/RHEL8/haswell-ib/software/UCC/1.0.0-GCCcore-11.3.0/lib:/apps/gent/RHEL8/haswell-ib/software/PMIx/4.1.2-GCCcore-11.3.0/lib:/apps/gent/RHEL8/haswell-ib/software/libfabric/1.15.1-GCCcore-11.3.0/lib:/apps/gent/RHEL8/haswell-ib/software/UCX/1.12.1-GCCcore-11.3.0/lib:/apps/gent/RHEL8/haswell-ib/software/libevent/2.1.12-GCCcore-11.3.0/lib:/apps/gent/RHEL8/haswell-ib/software/OpenSSL/1.1/lib:/apps/gent/RHEL8/haswell-ib/software/hwloc/2.7.1-GCCcore-11.3.0/lib:/apps/gent/RHEL8/haswell-ib/software/libpciaccess/0.16-GCCcore-11.3.0/lib:/apps/gent/RHEL8/haswell-ib/software/libxml2/2.9.13-GCCcore-11.3.0/lib:/apps/gent/RHEL8/haswell-ib/software/XZ/5.2.5-GCCcore-11.3.0/lib:/apps/gent/RHEL8/haswell-ib/software/numactl/2.0.14-GCCcore-11.3.0/lib:/apps/gent/RHEL8/haswell-ib/software/binutils/2.38-GCCcore-11.3.0/lib:/apps/gent/RHEL8/haswell-ib/software/zlib/1.2.12-GCCcore-11.3.0/lib:/apps/gent/RHEL8/haswell-ib/software/GCCcore/11.3.0/lib64 (previous value: '/apps/gent/RHEL8/haswell-ib/software/netCDF/4.9.0-gompi-2022a/lib:/apps/gent/RHEL8/haswell-ib/software/zstd/1.5.2-GCCcore-11.3.0/lib:/apps/gent/RHEL8/haswell-ib/software/lz4/1.9.3-GCCcore-11.3.0/lib:/apps/gent/RHEL8/haswell-ib/software/HDF5/1.12.2-gompi-2022a/lib:/apps/gent/RHEL8/haswell-ib/software/Szip/2.1.1-GCCcore-11.3.0/lib')
== 2023-02-24 12:37:20,146 environment.py:93 INFO Environment variable LD_LIBRARY_PATH set to /scratch/gent/vo/001/gvo00117/easybuild/RHEL8/haswell-ib/software/netCDF-Fortran/4.6.0-gompi-2022a/lib:/apps/gent/RHEL8/haswell-ib/software/netCDF/4.9.0-gompi-2022a/lib:/apps/gent/RHEL8/haswell-ib/software/zstd/1.5.2-GCCcore-11.3.0/lib:/apps/gent/RHEL8/haswell-ib/software/lz4/1.9.3-GCCcore-11.3.0/lib:/apps/gent/RHEL8/haswell-ib/software/HDF5/1.12.2-gompi-2022a/lib:/apps/gent/RHEL8/haswell-ib/software/Szip/2.1.1-GCCcore-11.3.0/lib:/apps/gent/RHEL8/haswell-ib/software/Python/3.10.4-GCCcore-11.3.0/lib:/apps/gent/RHEL8/haswell-ib/software/libffi/3.4.2-GCCcore-11.3.0/lib64:/apps/gent/RHEL8/haswell-ib/software/GMP/6.2.1-GCCcore-11.3.0/lib:/apps/gent/RHEL8/haswell-ib/software/SQLite/3.38.3-GCCcore-11.3.0/lib:/apps/gent/RHEL8/haswell-ib/software/Tcl/8.6.12-GCCcore-11.3.0/lib:/apps/gent/RHEL8/haswell-ib/software/libreadline/8.1.2-GCCcore-11.3.0/lib:/apps/gent/RHEL8/haswell-ib/software/libarchive/3.6.1-GCCcore-11.3.0/lib:/apps/gent/RHEL8/haswell-ib/software/cURL/7.83.0-GCCcore-11.3.0/lib:/apps/gent/RHEL8/haswell-ib/software/bzip2/1.0.8-GCCcore-11.3.0/lib:/apps/gent/RHEL8/haswell-ib/software/ncurses/6.3-GCCcore-11.3.0/lib:/apps/gent/RHEL8/haswell-ib/software/ScaLAPACK/2.2.0-gompi-2022a-fb/lib:/apps/gent/RHEL8/haswell-ib/software/FFTW.MPI/3.3.10-gompi-2022a/lib:/apps/gent/RHEL8/haswell-ib/software/FFTW/3.3.10-GCC-11.3.0/lib:/apps/gent/RHEL8/haswell-ib/software/FlexiBLAS/3.2.0-GCC-11.3.0/lib:/apps/gent/RHEL8/haswell-ib/software/OpenBLAS/0.3.20-GCC-11.3.0/lib:/apps/gent/RHEL8/haswell-ib/software/OpenMPI/4.1.4-GCC-11.3.0/lib:/apps/gent/RHEL8/haswell-ib/software/UCC/1.0.0-GCCcore-11.3.0/lib:/apps/gent/RHEL8/haswell-ib/software/PMIx/4.1.2-GCCcore-11.3.0/lib:/apps/gent/RHEL8/haswell-ib/software/libfabric/1.15.1-GCCcore-11.3.0/lib:/apps/gent/RHEL8/haswell-ib/software/UCX/1.12.1-GCCcore-11.3.0/lib:/apps/gent/RHEL8/haswell-ib/software/libevent/2.1.12-GCCcore-11.3.0/lib:/apps/gent/RHEL8/haswell-ib/software/OpenSSL/1.1/lib:/apps/gent/RHEL8/haswell-ib/software/hwloc/2.7.1-GCCcore-11.3.0/lib:/apps/gent/RHEL8/haswell-ib/software/libpciaccess/0.16-GCCcore-11.3.0/lib:/apps/gent/RHEL8/haswell-ib/software/libxml2/2.9.13-GCCcore-11.3.0/lib:/apps/gent/RHEL8/haswell-ib/software/XZ/5.2.5-GCCcore-11.3.0/lib:/apps/gent/RHEL8/haswell-ib/software/numactl/2.0.14-GCCcore-11.3.0/lib:/apps/gent/RHEL8/haswell-ib/software/binutils/2.38-GCCcore-11.3.0/lib:/apps/gent/RHEL8/haswell-ib/software/zlib/1.2.12-GCCcore-11.3.0/lib:/apps/gent/RHEL8/haswell-ib/software/GCCcore/11.3.0/lib64 (previous value: '/scratch/gent/vo/001/gvo00117/easybuild/RHEL8/haswell-ib/software/netCDF-Fortran/4.6.0-gompi-2022a/lib')
== 2023-02-24 12:37:21,139 environment.py:93 INFO Environment variable LD_LIBRARY_PATH set to /scratch/gent/vo/001/gvo00117/easybuild/RHEL8/haswell-ib/software/netCDF-Fortran/4.6.0-gompi-2022a/lib:/apps/gent/RHEL8/haswell-ib/software/netCDF/4.9.0-gompi-2022a/lib:/apps/gent/RHEL8/haswell-ib/software/zstd/1.5.2-GCCcore-11.3.0/lib:/apps/gent/RHEL8/haswell-ib/software/lz4/1.9.3-GCCcore-11.3.0/lib:/apps/gent/RHEL8/haswell-ib/software/HDF5/1.12.2-gompi-2022a/lib:/apps/gent/RHEL8/haswell-ib/software/Szip/2.1.1-GCCcore-11.3.0/lib:/apps/gent/RHEL8/haswell-ib/software/Python/3.10.4-GCCcore-11.3.0/lib:/apps/gent/RHEL8/haswell-ib/software/libffi/3.4.2-GCCcore-11.3.0/lib64:/apps/gent/RHEL8/haswell-ib/software/GMP/6.2.1-GCCcore-11.3.0/lib:/apps/gent/RHEL8/haswell-ib/software/SQLite/3.38.3-GCCcore-11.3.0/lib:/apps/gent/RHEL8/haswell-ib/software/Tcl/8.6.12-GCCcore-11.3.0/lib:/apps/gent/RHEL8/haswell-ib/software/libreadline/8.1.2-GCCcore-11.3.0/lib:/apps/gent/RHEL8/haswell-ib/software/libarchive/3.6.1-GCCcore-11.3.0/lib:/apps/gent/RHEL8/haswell-ib/software/cURL/7.83.0-GCCcore-11.3.0/lib:/apps/gent/RHEL8/haswell-ib/software/bzip2/1.0.8-GCCcore-11.3.0/lib:/apps/gent/RHEL8/haswell-ib/software/ncurses/6.3-GCCcore-11.3.0/lib:/apps/gent/RHEL8/haswell-ib/software/ScaLAPACK/2.2.0-gompi-2022a-fb/lib:/apps/gent/RHEL8/haswell-ib/software/FFTW.MPI/3.3.10-gompi-2022a/lib:/apps/gent/RHEL8/haswell-ib/software/FFTW/3.3.10-GCC-11.3.0/lib:/apps/gent/RHEL8/haswell-ib/software/FlexiBLAS/3.2.0-GCC-11.3.0/lib:/apps/gent/RHEL8/haswell-ib/software/OpenBLAS/0.3.20-GCC-11.3.0/lib:/apps/gent/RHEL8/haswell-ib/software/OpenMPI/4.1.4-GCC-11.3.0/lib:/apps/gent/RHEL8/haswell-ib/software/UCC/1.0.0-GCCcore-11.3.0/lib:/apps/gent/RHEL8/haswell-ib/software/PMIx/4.1.2-GCCcore-11.3.0/lib:/apps/gent/RHEL8/haswell-ib/software/libfabric/1.15.1-GCCcore-11.3.0/lib:/apps/gent/RHEL8/haswell-ib/software/UCX/1.12.1-GCCcore-11.3.0/lib:/apps/gent/RHEL8/haswell-ib/software/libevent/2.1.12-GCCcore-11.3.0/lib:/apps/gent/RHEL8/haswell-ib/software/OpenSSL/1.1/lib:/apps/gent/RHEL8/haswell-ib/software/hwloc/2.7.1-GCCcore-11.3.0/lib:/apps/gent/RHEL8/haswell-ib/software/libpciaccess/0.16-GCCcore-11.3.0/lib:/apps/gent/RHEL8/haswell-ib/software/libxml2/2.9.13-GCCcore-11.3.0/lib:/apps/gent/RHEL8/haswell-ib/software/XZ/5.2.5-GCCcore-11.3.0/lib:/apps/gent/RHEL8/haswell-ib/software/numactl/2.0.14-GCCcore-11.3.0/lib:/apps/gent/RHEL8/haswell-ib/software/binutils/2.38-GCCcore-11.3.0/lib:/apps/gent/RHEL8/haswell-ib/software/zlib/1.2.12-GCCcore-11.3.0/lib:/apps/gent/RHEL8/haswell-ib/software/GCCcore/11.3.0/lib64 (previous value: '/apps/gent/RHEL8/haswell-ib/software/HDF5/1.12.2-gompi-2022a/lib')
== 2023-02-24 12:37:22,093 environment.py:93 INFO Environment variable LD_LIBRARY_PATH set to /scratch/gent/vo/001/gvo00117/easybuild/RHEL8/haswell-ib/software/netCDF-Fortran/4.6.0-gompi-2022a/lib:/apps/gent/RHEL8/haswell-ib/software/netCDF/4.9.0-gompi-2022a/lib:/apps/gent/RHEL8/haswell-ib/software/zstd/1.5.2-GCCcore-11.3.0/lib:/apps/gent/RHEL8/haswell-ib/software/lz4/1.9.3-GCCcore-11.3.0/lib:/apps/gent/RHEL8/haswell-ib/software/HDF5/1.12.2-gompi-2022a/lib:/apps/gent/RHEL8/haswell-ib/software/Szip/2.1.1-GCCcore-11.3.0/lib:/apps/gent/RHEL8/haswell-ib/software/Python/3.10.4-GCCcore-11.3.0/lib:/apps/gent/RHEL8/haswell-ib/software/libffi/3.4.2-GCCcore-11.3.0/lib64:/apps/gent/RHEL8/haswell-ib/software/GMP/6.2.1-GCCcore-11.3.0/lib:/apps/gent/RHEL8/haswell-ib/software/SQLite/3.38.3-GCCcore-11.3.0/lib:/apps/gent/RHEL8/haswell-ib/software/Tcl/8.6.12-GCCcore-11.3.0/lib:/apps/gent/RHEL8/haswell-ib/software/libreadline/8.1.2-GCCcore-11.3.0/lib:/apps/gent/RHEL8/haswell-ib/software/libarchive/3.6.1-GCCcore-11.3.0/lib:/apps/gent/RHEL8/haswell-ib/software/cURL/7.83.0-GCCcore-11.3.0/lib:/apps/gent/RHEL8/haswell-ib/software/bzip2/1.0.8-GCCcore-11.3.0/lib:/apps/gent/RHEL8/haswell-ib/software/ncurses/6.3-GCCcore-11.3.0/lib:/apps/gent/RHEL8/haswell-ib/software/ScaLAPACK/2.2.0-gompi-2022a-fb/lib:/apps/gent/RHEL8/haswell-ib/software/FFTW.MPI/3.3.10-gompi-2022a/lib:/apps/gent/RHEL8/haswell-ib/software/FFTW/3.3.10-GCC-11.3.0/lib:/apps/gent/RHEL8/haswell-ib/software/FlexiBLAS/3.2.0-GCC-11.3.0/lib:/apps/gent/RHEL8/haswell-ib/software/OpenBLAS/0.3.20-GCC-11.3.0/lib:/apps/gent/RHEL8/haswell-ib/software/OpenMPI/4.1.4-GCC-11.3.0/lib:/apps/gent/RHEL8/haswell-ib/software/UCC/1.0.0-GCCcore-11.3.0/lib:/apps/gent/RHEL8/haswell-ib/software/PMIx/4.1.2-GCCcore-11.3.0/lib:/apps/gent/RHEL8/haswell-ib/software/libfabric/1.15.1-GCCcore-11.3.0/lib:/apps/gent/RHEL8/haswell-ib/software/UCX/1.12.1-GCCcore-11.3.0/lib:/apps/gent/RHEL8/haswell-ib/software/libevent/2.1.12-GCCcore-11.3.0/lib:/apps/gent/RHEL8/haswell-ib/software/OpenSSL/1.1/lib:/apps/gent/RHEL8/haswell-ib/software/hwloc/2.7.1-GCCcore-11.3.0/lib:/apps/gent/RHEL8/haswell-ib/software/libpciaccess/0.16-GCCcore-11.3.0/lib:/apps/gent/RHEL8/haswell-ib/software/libxml2/2.9.13-GCCcore-11.3.0/lib:/apps/gent/RHEL8/haswell-ib/software/XZ/5.2.5-GCCcore-11.3.0/lib:/apps/gent/RHEL8/haswell-ib/software/numactl/2.0.14-GCCcore-11.3.0/lib:/apps/gent/RHEL8/haswell-ib/software/binutils/2.38-GCCcore-11.3.0/lib:/apps/gent/RHEL8/haswell-ib/software/zlib/1.2.12-GCCcore-11.3.0/lib:/apps/gent/RHEL8/haswell-ib/software/GCCcore/11.3.0/lib64 (previous value: '/apps/gent/RHEL8/haswell-ib/software/cURL/7.83.0-GCCcore-11.3.0/lib')
== 2023-02-24 12:37:23,063 environment.py:93 INFO Environment variable LD_LIBRARY_PATH set to /scratch/gent/vo/001/gvo00117/easybuild/RHEL8/haswell-ib/software/netCDF-Fortran/4.6.0-gompi-2022a/lib:/apps/gent/RHEL8/haswell-ib/software/netCDF/4.9.0-gompi-2022a/lib:/apps/gent/RHEL8/haswell-ib/software/zstd/1.5.2-GCCcore-11.3.0/lib:/apps/gent/RHEL8/haswell-ib/software/lz4/1.9.3-GCCcore-11.3.0/lib:/apps/gent/RHEL8/haswell-ib/software/HDF5/1.12.2-gompi-2022a/lib:/apps/gent/RHEL8/haswell-ib/software/Szip/2.1.1-GCCcore-11.3.0/lib:/apps/gent/RHEL8/haswell-ib/software/Python/3.10.4-GCCcore-11.3.0/lib:/apps/gent/RHEL8/haswell-ib/software/libffi/3.4.2-GCCcore-11.3.0/lib64:/apps/gent/RHEL8/haswell-ib/software/GMP/6.2.1-GCCcore-11.3.0/lib:/apps/gent/RHEL8/haswell-ib/software/SQLite/3.38.3-GCCcore-11.3.0/lib:/apps/gent/RHEL8/haswell-ib/software/Tcl/8.6.12-GCCcore-11.3.0/lib:/apps/gent/RHEL8/haswell-ib/software/libreadline/8.1.2-GCCcore-11.3.0/lib:/apps/gent/RHEL8/haswell-ib/software/libarchive/3.6.1-GCCcore-11.3.0/lib:/apps/gent/RHEL8/haswell-ib/software/cURL/7.83.0-GCCcore-11.3.0/lib:/apps/gent/RHEL8/haswell-ib/software/bzip2/1.0.8-GCCcore-11.3.0/lib:/apps/gent/RHEL8/haswell-ib/software/ncurses/6.3-GCCcore-11.3.0/lib:/apps/gent/RHEL8/haswell-ib/software/ScaLAPACK/2.2.0-gompi-2022a-fb/lib:/apps/gent/RHEL8/haswell-ib/software/FFTW.MPI/3.3.10-gompi-2022a/lib:/apps/gent/RHEL8/haswell-ib/software/FFTW/3.3.10-GCC-11.3.0/lib:/apps/gent/RHEL8/haswell-ib/software/FlexiBLAS/3.2.0-GCC-11.3.0/lib:/apps/gent/RHEL8/haswell-ib/software/OpenBLAS/0.3.20-GCC-11.3.0/lib:/apps/gent/RHEL8/haswell-ib/software/OpenMPI/4.1.4-GCC-11.3.0/lib:/apps/gent/RHEL8/haswell-ib/software/UCC/1.0.0-GCCcore-11.3.0/lib:/apps/gent/RHEL8/haswell-ib/software/PMIx/4.1.2-GCCcore-11.3.0/lib:/apps/gent/RHEL8/haswell-ib/software/libfabric/1.15.1-GCCcore-11.3.0/lib:/apps/gent/RHEL8/haswell-ib/software/UCX/1.12.1-GCCcore-11.3.0/lib:/apps/gent/RHEL8/haswell-ib/software/libevent/2.1.12-GCCcore-11.3.0/lib:/apps/gent/RHEL8/haswell-ib/software/OpenSSL/1.1/lib:/apps/gent/RHEL8/haswell-ib/software/hwloc/2.7.1-GCCcore-11.3.0/lib:/apps/gent/RHEL8/haswell-ib/software/libpciaccess/0.16-GCCcore-11.3.0/lib:/apps/gent/RHEL8/haswell-ib/software/libxml2/2.9.13-GCCcore-11.3.0/lib:/apps/gent/RHEL8/haswell-ib/software/XZ/5.2.5-GCCcore-11.3.0/lib:/apps/gent/RHEL8/haswell-ib/software/numactl/2.0.14-GCCcore-11.3.0/lib:/apps/gent/RHEL8/haswell-ib/software/binutils/2.38-GCCcore-11.3.0/lib:/apps/gent/RHEL8/haswell-ib/software/zlib/1.2.12-GCCcore-11.3.0/lib:/apps/gent/RHEL8/haswell-ib/software/GCCcore/11.3.0/lib64 (previous value: '/apps/gent/RHEL8/haswell-ib/software/Szip/2.1.1-GCCcore-11.3.0/lib')
== 2023-02-24 12:37:24,084 environment.py:93 INFO Environment variable LD_LIBRARY_PATH set to /scratch/gent/vo/001/gvo00117/easybuild/RHEL8/haswell-ib/software/netCDF-Fortran/4.6.0-gompi-2022a/lib:/apps/gent/RHEL8/haswell-ib/software/netCDF/4.9.0-gompi-2022a/lib:/apps/gent/RHEL8/haswell-ib/software/zstd/1.5.2-GCCcore-11.3.0/lib:/apps/gent/RHEL8/haswell-ib/software/lz4/1.9.3-GCCcore-11.3.0/lib:/apps/gent/RHEL8/haswell-ib/software/HDF5/1.12.2-gompi-2022a/lib:/apps/gent/RHEL8/haswell-ib/software/Szip/2.1.1-GCCcore-11.3.0/lib:/apps/gent/RHEL8/haswell-ib/software/Python/3.10.4-GCCcore-11.3.0/lib:/apps/gent/RHEL8/haswell-ib/software/libffi/3.4.2-GCCcore-11.3.0/lib64:/apps/gent/RHEL8/haswell-ib/software/GMP/6.2.1-GCCcore-11.3.0/lib:/apps/gent/RHEL8/haswell-ib/software/SQLite/3.38.3-GCCcore-11.3.0/lib:/apps/gent/RHEL8/haswell-ib/software/Tcl/8.6.12-GCCcore-11.3.0/lib:/apps/gent/RHEL8/haswell-ib/software/libreadline/8.1.2-GCCcore-11.3.0/lib:/apps/gent/RHEL8/haswell-ib/software/libarchive/3.6.1-GCCcore-11.3.0/lib:/apps/gent/RHEL8/haswell-ib/software/cURL/7.83.0-GCCcore-11.3.0/lib:/apps/gent/RHEL8/haswell-ib/software/bzip2/1.0.8-GCCcore-11.3.0/lib:/apps/gent/RHEL8/haswell-ib/software/ncurses/6.3-GCCcore-11.3.0/lib:/apps/gent/RHEL8/haswell-ib/software/ScaLAPACK/2.2.0-gompi-2022a-fb/lib:/apps/gent/RHEL8/haswell-ib/software/FFTW.MPI/3.3.10-gompi-2022a/lib:/apps/gent/RHEL8/haswell-ib/software/FFTW/3.3.10-GCC-11.3.0/lib:/apps/gent/RHEL8/haswell-ib/software/FlexiBLAS/3.2.0-GCC-11.3.0/lib:/apps/gent/RHEL8/haswell-ib/software/OpenBLAS/0.3.20-GCC-11.3.0/lib:/apps/gent/RHEL8/haswell-ib/software/OpenMPI/4.1.4-GCC-11.3.0/lib:/apps/gent/RHEL8/haswell-ib/software/UCC/1.0.0-GCCcore-11.3.0/lib:/apps/gent/RHEL8/haswell-ib/software/PMIx/4.1.2-GCCcore-11.3.0/lib:/apps/gent/RHEL8/haswell-ib/software/libfabric/1.15.1-GCCcore-11.3.0/lib:/apps/gent/RHEL8/haswell-ib/software/UCX/1.12.1-GCCcore-11.3.0/lib:/apps/gent/RHEL8/haswell-ib/software/libevent/2.1.12-GCCcore-11.3.0/lib:/apps/gent/RHEL8/haswell-ib/software/OpenSSL/1.1/lib:/apps/gent/RHEL8/haswell-ib/software/hwloc/2.7.1-GCCcore-11.3.0/lib:/apps/gent/RHEL8/haswell-ib/software/libpciaccess/0.16-GCCcore-11.3.0/lib:/apps/gent/RHEL8/haswell-ib/software/libxml2/2.9.13-GCCcore-11.3.0/lib:/apps/gent/RHEL8/haswell-ib/software/XZ/5.2.5-GCCcore-11.3.0/lib:/apps/gent/RHEL8/haswell-ib/software/numactl/2.0.14-GCCcore-11.3.0/lib:/apps/gent/RHEL8/haswell-ib/software/binutils/2.38-GCCcore-11.3.0/lib:/apps/gent/RHEL8/haswell-ib/software/zlib/1.2.12-GCCcore-11.3.0/lib:/apps/gent/RHEL8/haswell-ib/software/GCCcore/11.3.0/lib64 (previous value: '/apps/gent/RHEL8/haswell-ib/software/zlib/1.2.12-GCCcore-11.3.0/lib')
== 2023-02-24 12:37:26,249 environment.py:93 INFO Environment variable LD_LIBRARY_PATH set to /scratch/gent/vo/001/gvo00117/easybuild/RHEL8/haswell-ib/software/ecCodes/2.27.0-gompi-2022a/lib:/scratch/gent/vo/001/gvo00117/easybuild/RHEL8/haswell-ib/software/libaec/1.0.6-GCCcore-11.3.0/lib:/apps/gent/RHEL8/haswell-ib/software/libpng/1.6.37-GCCcore-11.3.0/lib:/apps/gent/RHEL8/haswell-ib/software/libjpeg-turbo/2.1.3-GCCcore-11.3.0/lib:/apps/gent/RHEL8/haswell-ib/software/JasPer/2.0.33-GCCcore-11.3.0/lib:/scratch/gent/vo/001/gvo00117/easybuild/RHEL8/haswell-ib/software/netCDF-Fortran/4.6.0-gompi-2022a/lib:/apps/gent/RHEL8/haswell-ib/software/netCDF/4.9.0-gompi-2022a/lib:/apps/gent/RHEL8/haswell-ib/software/zstd/1.5.2-GCCcore-11.3.0/lib:/apps/gent/RHEL8/haswell-ib/software/lz4/1.9.3-GCCcore-11.3.0/lib:/apps/gent/RHEL8/haswell-ib/software/HDF5/1.12.2-gompi-2022a/lib:/apps/gent/RHEL8/haswell-ib/software/Szip/2.1.1-GCCcore-11.3.0/lib:/apps/gent/RHEL8/haswell-ib/software/Python/3.10.4-GCCcore-11.3.0/lib:/apps/gent/RHEL8/haswell-ib/software/libffi/3.4.2-GCCcore-11.3.0/lib64:/apps/gent/RHEL8/haswell-ib/software/GMP/6.2.1-GCCcore-11.3.0/lib:/apps/gent/RHEL8/haswell-ib/software/SQLite/3.38.3-GCCcore-11.3.0/lib:/apps/gent/RHEL8/haswell-ib/software/Tcl/8.6.12-GCCcore-11.3.0/lib:/apps/gent/RHEL8/haswell-ib/software/libreadline/8.1.2-GCCcore-11.3.0/lib:/apps/gent/RHEL8/haswell-ib/software/libarchive/3.6.1-GCCcore-11.3.0/lib:/apps/gent/RHEL8/haswell-ib/software/cURL/7.83.0-GCCcore-11.3.0/lib:/apps/gent/RHEL8/haswell-ib/software/bzip2/1.0.8-GCCcore-11.3.0/lib:/apps/gent/RHEL8/haswell-ib/software/ncurses/6.3-GCCcore-11.3.0/lib:/apps/gent/RHEL8/haswell-ib/software/ScaLAPACK/2.2.0-gompi-2022a-fb/lib:/apps/gent/RHEL8/haswell-ib/software/FFTW.MPI/3.3.10-gompi-2022a/lib:/apps/gent/RHEL8/haswell-ib/software/FFTW/3.3.10-GCC-11.3.0/lib:/apps/gent/RHEL8/haswell-ib/software/FlexiBLAS/3.2.0-GCC-11.3.0/lib:/apps/gent/RHEL8/haswell-ib/software/OpenBLAS/0.3.20-GCC-11.3.0/lib:/apps/gent/RHEL8/haswell-ib/software/OpenMPI/4.1.4-GCC-11.3.0/lib:/apps/gent/RHEL8/haswell-ib/software/UCC/1.0.0-GCCcore-11.3.0/lib:/apps/gent/RHEL8/haswell-ib/software/PMIx/4.1.2-GCCcore-11.3.0/lib:/apps/gent/RHEL8/haswell-ib/software/libfabric/1.15.1-GCCcore-11.3.0/lib:/apps/gent/RHEL8/haswell-ib/software/UCX/1.12.1-GCCcore-11.3.0/lib:/apps/gent/RHEL8/haswell-ib/software/libevent/2.1.12-GCCcore-11.3.0/lib:/apps/gent/RHEL8/haswell-ib/software/OpenSSL/1.1/lib:/apps/gent/RHEL8/haswell-ib/software/hwloc/2.7.1-GCCcore-11.3.0/lib:/apps/gent/RHEL8/haswell-ib/software/libpciaccess/0.16-GCCcore-11.3.0/lib:/apps/gent/RHEL8/haswell-ib/software/libxml2/2.9.13-GCCcore-11.3.0/lib:/apps/gent/RHEL8/haswell-ib/software/XZ/5.2.5-GCCcore-11.3.0/lib:/apps/gent/RHEL8/haswell-ib/software/numactl/2.0.14-GCCcore-11.3.0/lib:/apps/gent/RHEL8/haswell-ib/software/binutils/2.38-GCCcore-11.3.0/lib:/apps/gent/RHEL8/haswell-ib/software/zlib/1.2.12-GCCcore-11.3.0/lib:/apps/gent/RHEL8/haswell-ib/software/GCCcore/11.3.0/lib64 (previous value: '/scratch/gent/vo/001/gvo00117/easybuild/RHEL8/haswell-ib/software/ecCodes/2.27.0-gompi-2022a/lib:/scratch/gent/vo/001/gvo00117/easybuild/RHEL8/haswell-ib/software/libaec/1.0.6-GCCcore-11.3.0/lib:/apps/gent/RHEL8/haswell-ib/software/libpng/1.6.37-GCCcore-11.3.0/lib:/apps/gent/RHEL8/haswell-ib/software/libjpeg-turbo/2.1.3-GCCcore-11.3.0/lib:/apps/gent/RHEL8/haswell-ib/software/JasPer/2.0.33-GCCcore-11.3.0/lib')
== 2023-02-24 12:37:26,324 modules.py:628 INFO Checking whether foss/2022a exists...
== 2023-02-24 12:37:26,324 modules.py:636 INFO Module foss/2022a not found in list of available modules, checking via 'module show'...
== 2023-02-24 12:37:26,325 modules.py:656 INFO Result for existence check of foss/2022a module: True
== 2023-02-24 12:37:26,328 toolchain.py:762 INFO List of toolchain dependency modules and toolchain definition match!
== 2023-02-24 12:37:26,333 compiler.py:363 INFO _set_optimal_architecture: using march=native as optarch for x86_64.
== 2023-02-24 12:37:26,369 variables.py:203 WARNING flags_for_subdirs: directory /apps/gent/RHEL8/haswell-ib/software/ScaLAPACK/2.2.0-gompi-2022a-fb/include was not found
== 2023-02-24 12:37:26,386 variables.py:203 WARNING flags_for_subdirs: directory /apps/gent/RHEL8/haswell-ib/software/CMake/3.23.1-GCCcore-11.3.0/include was not found
== 2023-02-24 12:37:26,387 variables.py:203 WARNING flags_for_subdirs: directory /apps/gent/RHEL8/haswell-ib/software/CMake/3.23.1-GCCcore-11.3.0/lib64 was not found
== 2023-02-24 12:37:26,387 variables.py:203 WARNING flags_for_subdirs: directory /apps/gent/RHEL8/haswell-ib/software/CMake/3.23.1-GCCcore-11.3.0/lib was not found
== 2023-02-24 12:37:26,416 variables.py:203 WARNING flags_for_subdirs: directory /apps/gent/RHEL8/haswell-ib/software/M4/1.4.19-GCCcore-11.3.0/include was not found
== 2023-02-24 12:37:26,417 variables.py:203 WARNING flags_for_subdirs: directory /apps/gent/RHEL8/haswell-ib/software/M4/1.4.19-GCCcore-11.3.0/lib64 was not found
== 2023-02-24 12:37:26,417 variables.py:203 WARNING flags_for_subdirs: directory /apps/gent/RHEL8/haswell-ib/software/M4/1.4.19-GCCcore-11.3.0/lib was not found
== 2023-02-24 12:37:26,428 environment.py:93 INFO Environment variable BLAS_INC_DIR set to /apps/gent/RHEL8/haswell-ib/software/FlexiBLAS/3.2.0-GCC-11.3.0/include/flexiblas (previously undefined)
== 2023-02-24 12:37:26,429 environment.py:93 INFO Environment variable EBVARBLAS_INC_DIR set to /apps/gent/RHEL8/haswell-ib/software/FlexiBLAS/3.2.0-GCC-11.3.0/include/flexiblas (previously undefined)
== 2023-02-24 12:37:26,429 environment.py:93 INFO Environment variable BLAS_LAPACK_INC_DIR set to /apps/gent/RHEL8/haswell-ib/software/FlexiBLAS/3.2.0-GCC-11.3.0/include/flexiblas (previously undefined)
== 2023-02-24 12:37:26,429 environment.py:93 INFO Environment variable EBVARBLAS_LAPACK_INC_DIR set to /apps/gent/RHEL8/haswell-ib/software/FlexiBLAS/3.2.0-GCC-11.3.0/include/flexiblas (previously undefined)
== 2023-02-24 12:37:26,430 environment.py:93 INFO Environment variable BLAS_LAPACK_LIB_DIR set to /apps/gent/RHEL8/haswell-ib/software/FlexiBLAS/3.2.0-GCC-11.3.0/lib (previously undefined)
== 2023-02-24 12:37:26,430 environment.py:93 INFO Environment variable EBVARBLAS_LAPACK_LIB_DIR set to /apps/gent/RHEL8/haswell-ib/software/FlexiBLAS/3.2.0-GCC-11.3.0/lib (previously undefined)
== 2023-02-24 12:37:26,430 environment.py:93 INFO Environment variable BLAS_LAPACK_MT_SHARED_LIBS set to libflexiblas.so,libgfortran.so (previously undefined)
== 2023-02-24 12:37:26,430 environment.py:93 INFO Environment variable EBVARBLAS_LAPACK_MT_SHARED_LIBS set to libflexiblas.so,libgfortran.so (previously undefined)
== 2023-02-24 12:37:26,431 environment.py:93 INFO Environment variable BLAS_LAPACK_MT_STATIC_LIBS set to libflexiblas.a,libgfortran.a (previously undefined)
== 2023-02-24 12:37:26,431 environment.py:93 INFO Environment variable EBVARBLAS_LAPACK_MT_STATIC_LIBS set to libflexiblas.a,libgfortran.a (previously undefined)
== 2023-02-24 12:37:26,431 environment.py:93 INFO Environment variable BLAS_LAPACK_SHARED_LIBS set to libflexiblas.so,libgfortran.so (previously undefined)
== 2023-02-24 12:37:26,431 environment.py:93 INFO Environment variable EBVARBLAS_LAPACK_SHARED_LIBS set to libflexiblas.so,libgfortran.so (previously undefined)
== 2023-02-24 12:37:26,432 environment.py:93 INFO Environment variable BLAS_LAPACK_STATIC_LIBS set to libflexiblas.a,libgfortran.a (previously undefined)
== 2023-02-24 12:37:26,432 environment.py:93 INFO Environment variable EBVARBLAS_LAPACK_STATIC_LIBS set to libflexiblas.a,libgfortran.a (previously undefined)
== 2023-02-24 12:37:26,432 environment.py:93 INFO Environment variable BLAS_LIB_DIR set to /apps/gent/RHEL8/haswell-ib/software/FlexiBLAS/3.2.0-GCC-11.3.0/lib (previously undefined)
== 2023-02-24 12:37:26,432 environment.py:93 INFO Environment variable EBVARBLAS_LIB_DIR set to /apps/gent/RHEL8/haswell-ib/software/FlexiBLAS/3.2.0-GCC-11.3.0/lib (previously undefined)
== 2023-02-24 12:37:26,433 environment.py:93 INFO Environment variable BLAS_MT_SHARED_LIBS set to libflexiblas.so,libgfortran.so (previously undefined)
== 2023-02-24 12:37:26,433 environment.py:93 INFO Environment variable EBVARBLAS_MT_SHARED_LIBS set to libflexiblas.so,libgfortran.so (previously undefined)
== 2023-02-24 12:37:26,433 environment.py:93 INFO Environment variable BLAS_MT_STATIC_LIBS set to libflexiblas.a,libgfortran.a (previously undefined)
== 2023-02-24 12:37:26,433 environment.py:93 INFO Environment variable EBVARBLAS_MT_STATIC_LIBS set to libflexiblas.a,libgfortran.a (previously undefined)
== 2023-02-24 12:37:26,433 environment.py:93 INFO Environment variable BLAS_SHARED_LIBS set to libflexiblas.so,libgfortran.so (previously undefined)
== 2023-02-24 12:37:26,434 environment.py:93 INFO Environment variable EBVARBLAS_SHARED_LIBS set to libflexiblas.so,libgfortran.so (previously undefined)
== 2023-02-24 12:37:26,434 environment.py:93 INFO Environment variable BLAS_STATIC_LIBS set to libflexiblas.a,libgfortran.a (previously undefined)
== 2023-02-24 12:37:26,434 environment.py:93 INFO Environment variable EBVARBLAS_STATIC_LIBS set to libflexiblas.a,libgfortran.a (previously undefined)
== 2023-02-24 12:37:26,434 environment.py:93 INFO Environment variable CC set to gcc (previously undefined)
== 2023-02-24 12:37:26,435 environment.py:93 INFO Environment variable EBVARCC set to gcc (previously undefined)
== 2023-02-24 12:37:26,435 environment.py:93 INFO Environment variable CFLAGS set to -O2 -ftree-vectorize -march=native -fno-math-errno (previously undefined)
== 2023-02-24 12:37:26,435 environment.py:93 INFO Environment variable EBVARCFLAGS set to -O2 -ftree-vectorize -march=native -fno-math-errno (previously undefined)
== 2023-02-24 12:37:26,435 environment.py:93 INFO Environment variable CPPFLAGS set to -I/scratch/gent/vo/001/gvo00117/easybuild/RHEL8/haswell-ib/software/ecCodes/2.27.0-gompi-2022a/include -I/apps/gent/RHEL8/haswell-ib/software/zlib/1.2.12-GCCcore-11.3.0/include -I/apps/gent/RHEL8/haswell-ib/software/Szip/2.1.1-GCCcore-11.3.0/include -I/apps/gent/RHEL8/haswell-ib/software/cURL/7.83.0-GCCcore-11.3.0/include -I/apps/gent/RHEL8/haswell-ib/software/HDF5/1.12.2-gompi-2022a/include -I/scratch/gent/vo/001/gvo00117/easybuild/RHEL8/haswell-ib/software/netCDF-Fortran/4.6.0-gompi-2022a/include -I/apps/gent/RHEL8/haswell-ib/software/netCDF/4.9.0-gompi-2022a/include -I/apps/gent/RHEL8/haswell-ib/software/Python/3.10.4-GCCcore-11.3.0/include -I/apps/gent/RHEL8/haswell-ib/software/FFTW/3.3.10-GCC-11.3.0/include -I/apps/gent/RHEL8/haswell-ib/software/FlexiBLAS/3.2.0-GCC-11.3.0/include -I/apps/gent/RHEL8/haswell-ib/software/FlexiBLAS/3.2.0-GCC-11.3.0/include/flexiblas (previously undefined)
== 2023-02-24 12:37:26,436 environment.py:93 INFO Environment variable EBVARCPPFLAGS set to -I/scratch/gent/vo/001/gvo00117/easybuild/RHEL8/haswell-ib/software/ecCodes/2.27.0-gompi-2022a/include -I/apps/gent/RHEL8/haswell-ib/software/zlib/1.2.12-GCCcore-11.3.0/include -I/apps/gent/RHEL8/haswell-ib/software/Szip/2.1.1-GCCcore-11.3.0/include -I/apps/gent/RHEL8/haswell-ib/software/cURL/7.83.0-GCCcore-11.3.0/include -I/apps/gent/RHEL8/haswell-ib/software/HDF5/1.12.2-gompi-2022a/include -I/scratch/gent/vo/001/gvo00117/easybuild/RHEL8/haswell-ib/software/netCDF-Fortran/4.6.0-gompi-2022a/include -I/apps/gent/RHEL8/haswell-ib/software/netCDF/4.9.0-gompi-2022a/include -I/apps/gent/RHEL8/haswell-ib/software/Python/3.10.4-GCCcore-11.3.0/include -I/apps/gent/RHEL8/haswell-ib/software/FFTW/3.3.10-GCC-11.3.0/include -I/apps/gent/RHEL8/haswell-ib/software/FlexiBLAS/3.2.0-GCC-11.3.0/include -I/apps/gent/RHEL8/haswell-ib/software/FlexiBLAS/3.2.0-GCC-11.3.0/include/flexiblas (previously undefined)
== 2023-02-24 12:37:26,436 environment.py:93 INFO Environment variable CXX set to g++ (previously undefined)
== 2023-02-24 12:37:26,436 environment.py:93 INFO Environment variable EBVARCXX set to g++ (previously undefined)
== 2023-02-24 12:37:26,437 environment.py:93 INFO Environment variable CXXFLAGS set to -O2 -ftree-vectorize -march=native -fno-math-errno (previously undefined)
== 2023-02-24 12:37:26,437 environment.py:93 INFO Environment variable EBVARCXXFLAGS set to -O2 -ftree-vectorize -march=native -fno-math-errno (previously undefined)
== 2023-02-24 12:37:26,437 environment.py:93 INFO Environment variable F77 set to gfortran (previously undefined)
== 2023-02-24 12:37:26,437 environment.py:93 INFO Environment variable EBVARF77 set to gfortran (previously undefined)
== 2023-02-24 12:37:26,438 environment.py:93 INFO Environment variable F90 set to gfortran (previously undefined)
== 2023-02-24 12:37:26,438 environment.py:93 INFO Environment variable EBVARF90 set to gfortran (previously undefined)
== 2023-02-24 12:37:26,438 environment.py:93 INFO Environment variable F90FLAGS set to -O2 -ftree-vectorize -march=native -fno-math-errno (previously undefined)
== 2023-02-24 12:37:26,438 environment.py:93 INFO Environment variable EBVARF90FLAGS set to -O2 -ftree-vectorize -march=native -fno-math-errno (previously undefined)
== 2023-02-24 12:37:26,438 environment.py:93 INFO Environment variable FC set to gfortran (previously undefined)
== 2023-02-24 12:37:26,439 environment.py:93 INFO Environment variable EBVARFC set to gfortran (previously undefined)
== 2023-02-24 12:37:26,439 environment.py:93 INFO Environment variable FCFLAGS set to -O2 -ftree-vectorize -march=native -fno-math-errno (previously undefined)
== 2023-02-24 12:37:26,439 environment.py:93 INFO Environment variable EBVARFCFLAGS set to -O2 -ftree-vectorize -march=native -fno-math-errno (previously undefined)
== 2023-02-24 12:37:26,439 environment.py:93 INFO Environment variable FFLAGS set to -O2 -ftree-vectorize -march=native -fno-math-errno (previously undefined)
== 2023-02-24 12:37:26,440 environment.py:93 INFO Environment variable EBVARFFLAGS set to -O2 -ftree-vectorize -march=native -fno-math-errno (previously undefined)
== 2023-02-24 12:37:26,440 environment.py:93 INFO Environment variable FFTW_INC_DIR set to /apps/gent/RHEL8/haswell-ib/software/FFTW/3.3.10-GCC-11.3.0/include (previously undefined)
== 2023-02-24 12:37:26,440 environment.py:93 INFO Environment variable EBVARFFTW_INC_DIR set to /apps/gent/RHEL8/haswell-ib/software/FFTW/3.3.10-GCC-11.3.0/include (previously undefined)
== 2023-02-24 12:37:26,440 environment.py:93 INFO Environment variable FFTW_LIB_DIR set to /apps/gent/RHEL8/haswell-ib/software/FFTW/3.3.10-GCC-11.3.0/lib (previously undefined)
== 2023-02-24 12:37:26,441 environment.py:93 INFO Environment variable EBVARFFTW_LIB_DIR set to /apps/gent/RHEL8/haswell-ib/software/FFTW/3.3.10-GCC-11.3.0/lib (previously undefined)
== 2023-02-24 12:37:26,441 environment.py:93 INFO Environment variable FFTW_SHARED_LIBS set to libfftw3.so (previously undefined)
== 2023-02-24 12:37:26,441 environment.py:93 INFO Environment variable EBVARFFTW_SHARED_LIBS set to libfftw3.so (previously undefined)
== 2023-02-24 12:37:26,441 environment.py:93 INFO Environment variable FFTW_SHARED_LIBS_MT set to libfftw3.so,libpthread.so (previously undefined)
== 2023-02-24 12:37:26,442 environment.py:93 INFO Environment variable EBVARFFTW_SHARED_LIBS_MT set to libfftw3.so,libpthread.so (previously undefined)
== 2023-02-24 12:37:26,442 environment.py:93 INFO Environment variable FFTW_STATIC_LIBS set to libfftw3.a (previously undefined)
== 2023-02-24 12:37:26,442 environment.py:93 INFO Environment variable EBVARFFTW_STATIC_LIBS set to libfftw3.a (previously undefined)
== 2023-02-24 12:37:26,442 environment.py:93 INFO Environment variable FFTW_STATIC_LIBS_MT set to libfftw3.a,libpthread.a (previously undefined)
== 2023-02-24 12:37:26,443 environment.py:93 INFO Environment variable EBVARFFTW_STATIC_LIBS_MT set to libfftw3.a,libpthread.a (previously undefined)
== 2023-02-24 12:37:26,443 environment.py:93 INFO Environment variable FFT_INC_DIR set to /apps/gent/RHEL8/haswell-ib/software/FFTW/3.3.10-GCC-11.3.0/include (previously undefined)
== 2023-02-24 12:37:26,443 environment.py:93 INFO Environment variable EBVARFFT_INC_DIR set to /apps/gent/RHEL8/haswell-ib/software/FFTW/3.3.10-GCC-11.3.0/include (previously undefined)
== 2023-02-24 12:37:26,443 environment.py:93 INFO Environment variable FFT_LIB_DIR set to /apps/gent/RHEL8/haswell-ib/software/FFTW/3.3.10-GCC-11.3.0/lib (previously undefined)
== 2023-02-24 12:37:26,444 environment.py:93 INFO Environment variable EBVARFFT_LIB_DIR set to /apps/gent/RHEL8/haswell-ib/software/FFTW/3.3.10-GCC-11.3.0/lib (previously undefined)
== 2023-02-24 12:37:26,444 environment.py:93 INFO Environment variable FFT_SHARED_LIBS set to libfftw3.so (previously undefined)
== 2023-02-24 12:37:26,444 environment.py:93 INFO Environment variable EBVARFFT_SHARED_LIBS set to libfftw3.so (previously undefined)
== 2023-02-24 12:37:26,444 environment.py:93 INFO Environment variable FFT_SHARED_LIBS_MT set to libfftw3.so,libpthread.so (previously undefined)
== 2023-02-24 12:37:26,445 environment.py:93 INFO Environment variable EBVARFFT_SHARED_LIBS_MT set to libfftw3.so,libpthread.so (previously undefined)
== 2023-02-24 12:37:26,445 environment.py:93 INFO Environment variable FFT_STATIC_LIBS set to libfftw3.a (previously undefined)
== 2023-02-24 12:37:26,445 environment.py:93 INFO Environment variable EBVARFFT_STATIC_LIBS set to libfftw3.a (previously undefined)
== 2023-02-24 12:37:26,445 environment.py:93 INFO Environment variable FFT_STATIC_LIBS_MT set to libfftw3.a,libpthread.a (previously undefined)
== 2023-02-24 12:37:26,446 environment.py:93 INFO Environment variable EBVARFFT_STATIC_LIBS_MT set to libfftw3.a,libpthread.a (previously undefined)
== 2023-02-24 12:37:26,446 environment.py:93 INFO Environment variable FLIBS set to -lgfortran (previously undefined)
== 2023-02-24 12:37:26,446 environment.py:93 INFO Environment variable EBVARFLIBS set to -lgfortran (previously undefined)
== 2023-02-24 12:37:26,446 environment.py:93 INFO Environment variable LAPACK_INC_DIR set to /apps/gent/RHEL8/haswell-ib/software/FlexiBLAS/3.2.0-GCC-11.3.0/include/flexiblas (previously undefined)
== 2023-02-24 12:37:26,447 environment.py:93 INFO Environment variable EBVARLAPACK_INC_DIR set to /apps/gent/RHEL8/haswell-ib/software/FlexiBLAS/3.2.0-GCC-11.3.0/include/flexiblas (previously undefined)
== 2023-02-24 12:37:26,447 environment.py:93 INFO Environment variable LAPACK_LIB_DIR set to /apps/gent/RHEL8/haswell-ib/software/FlexiBLAS/3.2.0-GCC-11.3.0/lib (previously undefined)
== 2023-02-24 12:37:26,447 environment.py:93 INFO Environment variable EBVARLAPACK_LIB_DIR set to /apps/gent/RHEL8/haswell-ib/software/FlexiBLAS/3.2.0-GCC-11.3.0/lib (previously undefined)
== 2023-02-24 12:37:26,447 environment.py:93 INFO Environment variable LAPACK_MT_SHARED_LIBS set to libflexiblas.so,libgfortran.so (previously undefined)
== 2023-02-24 12:37:26,448 environment.py:93 INFO Environment variable EBVARLAPACK_MT_SHARED_LIBS set to libflexiblas.so,libgfortran.so (previously undefined)
== 2023-02-24 12:37:26,448 environment.py:93 INFO Environment variable LAPACK_MT_STATIC_LIBS set to libflexiblas.a,libgfortran.a (previously undefined)
== 2023-02-24 12:37:26,448 environment.py:93 INFO Environment variable EBVARLAPACK_MT_STATIC_LIBS set to libflexiblas.a,libgfortran.a (previously undefined)
== 2023-02-24 12:37:26,448 environment.py:93 INFO Environment variable LAPACK_SHARED_LIBS set to libflexiblas.so,libgfortran.so (previously undefined)
== 2023-02-24 12:37:26,449 environment.py:93 INFO Environment variable EBVARLAPACK_SHARED_LIBS set to libflexiblas.so,libgfortran.so (previously undefined)
== 2023-02-24 12:37:26,449 environment.py:93 INFO Environment variable LAPACK_STATIC_LIBS set to libflexiblas.a,libgfortran.a (previously undefined)
== 2023-02-24 12:37:26,449 environment.py:93 INFO Environment variable EBVARLAPACK_STATIC_LIBS set to libflexiblas.a,libgfortran.a (previously undefined)
== 2023-02-24 12:37:26,449 environment.py:93 INFO Environment variable LDFLAGS set to -L/scratch/gent/vo/001/gvo00117/easybuild/RHEL8/haswell-ib/software/ecCodes/2.27.0-gompi-2022a/lib64 -L/scratch/gent/vo/001/gvo00117/easybuild/RHEL8/haswell-ib/software/ecCodes/2.27.0-gompi-2022a/lib -L/apps/gent/RHEL8/haswell-ib/software/zlib/1.2.12-GCCcore-11.3.0/lib64 -L/apps/gent/RHEL8/haswell-ib/software/zlib/1.2.12-GCCcore-11.3.0/lib -L/apps/gent/RHEL8/haswell-ib/software/Szip/2.1.1-GCCcore-11.3.0/lib64 -L/apps/gent/RHEL8/haswell-ib/software/Szip/2.1.1-GCCcore-11.3.0/lib -L/apps/gent/RHEL8/haswell-ib/software/cURL/7.83.0-GCCcore-11.3.0/lib64 -L/apps/gent/RHEL8/haswell-ib/software/cURL/7.83.0-GCCcore-11.3.0/lib -L/apps/gent/RHEL8/haswell-ib/software/HDF5/1.12.2-gompi-2022a/lib64 -L/apps/gent/RHEL8/haswell-ib/software/HDF5/1.12.2-gompi-2022a/lib -L/scratch/gent/vo/001/gvo00117/easybuild/RHEL8/haswell-ib/software/netCDF-Fortran/4.6.0-gompi-2022a/lib64 -L/scratch/gent/vo/001/gvo00117/easybuild/RHEL8/haswell-ib/software/netCDF-Fortran/4.6.0-gompi-2022a/lib -L/apps/gent/RHEL8/haswell-ib/software/netCDF/4.9.0-gompi-2022a/lib64 -L/apps/gent/RHEL8/haswell-ib/software/netCDF/4.9.0-gompi-2022a/lib -L/apps/gent/RHEL8/haswell-ib/software/Python/3.10.4-GCCcore-11.3.0/lib64 -L/apps/gent/RHEL8/haswell-ib/software/Python/3.10.4-GCCcore-11.3.0/lib -L/apps/gent/RHEL8/haswell-ib/software/FFTW/3.3.10-GCC-11.3.0/lib64 -L/apps/gent/RHEL8/haswell-ib/software/FFTW/3.3.10-GCC-11.3.0/lib -L/apps/gent/RHEL8/haswell-ib/software/ScaLAPACK/2.2.0-gompi-2022a-fb/lib64 -L/apps/gent/RHEL8/haswell-ib/software/ScaLAPACK/2.2.0-gompi-2022a-fb/lib -L/apps/gent/RHEL8/haswell-ib/software/FlexiBLAS/3.2.0-GCC-11.3.0/lib64 -L/apps/gent/RHEL8/haswell-ib/software/FlexiBLAS/3.2.0-GCC-11.3.0/lib -L/apps/gent/RHEL8/haswell-ib/software/GCCcore/11.3.0/lib64 -L/apps/gent/RHEL8/haswell-ib/software/GCCcore/11.3.0/lib (previously undefined)
== 2023-02-24 12:37:26,450 environment.py:93 INFO Environment variable EBVARLDFLAGS set to -L/scratch/gent/vo/001/gvo00117/easybuild/RHEL8/haswell-ib/software/ecCodes/2.27.0-gompi-2022a/lib64 -L/scratch/gent/vo/001/gvo00117/easybuild/RHEL8/haswell-ib/software/ecCodes/2.27.0-gompi-2022a/lib -L/apps/gent/RHEL8/haswell-ib/software/zlib/1.2.12-GCCcore-11.3.0/lib64 -L/apps/gent/RHEL8/haswell-ib/software/zlib/1.2.12-GCCcore-11.3.0/lib -L/apps/gent/RHEL8/haswell-ib/software/Szip/2.1.1-GCCcore-11.3.0/lib64 -L/apps/gent/RHEL8/haswell-ib/software/Szip/2.1.1-GCCcore-11.3.0/lib -L/apps/gent/RHEL8/haswell-ib/software/cURL/7.83.0-GCCcore-11.3.0/lib64 -L/apps/gent/RHEL8/haswell-ib/software/cURL/7.83.0-GCCcore-11.3.0/lib -L/apps/gent/RHEL8/haswell-ib/software/HDF5/1.12.2-gompi-2022a/lib64 -L/apps/gent/RHEL8/haswell-ib/software/HDF5/1.12.2-gompi-2022a/lib -L/scratch/gent/vo/001/gvo00117/easybuild/RHEL8/haswell-ib/software/netCDF-Fortran/4.6.0-gompi-2022a/lib64 -L/scratch/gent/vo/001/gvo00117/easybuild/RHEL8/haswell-ib/software/netCDF-Fortran/4.6.0-gompi-2022a/lib -L/apps/gent/RHEL8/haswell-ib/software/netCDF/4.9.0-gompi-2022a/lib64 -L/apps/gent/RHEL8/haswell-ib/software/netCDF/4.9.0-gompi-2022a/lib -L/apps/gent/RHEL8/haswell-ib/software/Python/3.10.4-GCCcore-11.3.0/lib64 -L/apps/gent/RHEL8/haswell-ib/software/Python/3.10.4-GCCcore-11.3.0/lib -L/apps/gent/RHEL8/haswell-ib/software/FFTW/3.3.10-GCC-11.3.0/lib64 -L/apps/gent/RHEL8/haswell-ib/software/FFTW/3.3.10-GCC-11.3.0/lib -L/apps/gent/RHEL8/haswell-ib/software/ScaLAPACK/2.2.0-gompi-2022a-fb/lib64 -L/apps/gent/RHEL8/haswell-ib/software/ScaLAPACK/2.2.0-gompi-2022a-fb/lib -L/apps/gent/RHEL8/haswell-ib/software/FlexiBLAS/3.2.0-GCC-11.3.0/lib64 -L/apps/gent/RHEL8/haswell-ib/software/FlexiBLAS/3.2.0-GCC-11.3.0/lib -L/apps/gent/RHEL8/haswell-ib/software/GCCcore/11.3.0/lib64 -L/apps/gent/RHEL8/haswell-ib/software/GCCcore/11.3.0/lib (previously undefined)
== 2023-02-24 12:37:26,450 environment.py:93 INFO Environment variable LIBBLAS set to -lflexiblas -lgfortran (previously undefined)
== 2023-02-24 12:37:26,450 environment.py:93 INFO Environment variable EBVARLIBBLAS set to -lflexiblas -lgfortran (previously undefined)
== 2023-02-24 12:37:26,450 environment.py:93 INFO Environment variable LIBBLAS_MT set to -lflexiblas -lgfortran (previously undefined)
== 2023-02-24 12:37:26,451 environment.py:93 INFO Environment variable EBVARLIBBLAS_MT set to -lflexiblas -lgfortran (previously undefined)
== 2023-02-24 12:37:26,451 environment.py:93 INFO Environment variable LIBFFT set to -lfftw3 (previously undefined)
== 2023-02-24 12:37:26,451 environment.py:93 INFO Environment variable EBVARLIBFFT set to -lfftw3 (previously undefined)
== 2023-02-24 12:37:26,451 environment.py:93 INFO Environment variable LIBFFT_MT set to -lfftw3 -lpthread (previously undefined)
== 2023-02-24 12:37:26,452 environment.py:93 INFO Environment variable EBVARLIBFFT_MT set to -lfftw3 -lpthread (previously undefined)
== 2023-02-24 12:37:26,452 environment.py:93 INFO Environment variable LIBLAPACK set to -lflexiblas -lgfortran (previously undefined)
== 2023-02-24 12:37:26,452 environment.py:93 INFO Environment variable EBVARLIBLAPACK set to -lflexiblas -lgfortran (previously undefined)
== 2023-02-24 12:37:26,452 environment.py:93 INFO Environment variable LIBLAPACK_MT set to -lflexiblas -lgfortran (previously undefined)
== 2023-02-24 12:37:26,453 environment.py:93 INFO Environment variable EBVARLIBLAPACK_MT set to -lflexiblas -lgfortran (previously undefined)
== 2023-02-24 12:37:26,453 environment.py:93 INFO Environment variable LIBLAPACK_MT_ONLY set to -lflexiblas -lgfortran (previously undefined)
== 2023-02-24 12:37:26,453 environment.py:93 INFO Environment variable EBVARLIBLAPACK_MT_ONLY set to -lflexiblas -lgfortran (previously undefined)
== 2023-02-24 12:37:26,453 environment.py:93 INFO Environment variable LIBLAPACK_ONLY set to -lflexiblas -lgfortran (previously undefined)
== 2023-02-24 12:37:26,454 environment.py:93 INFO Environment variable EBVARLIBLAPACK_ONLY set to -lflexiblas -lgfortran (previously undefined)
== 2023-02-24 12:37:26,454 environment.py:93 INFO Environment variable LIBS set to -lm -lpthread (previously undefined)
== 2023-02-24 12:37:26,454 environment.py:93 INFO Environment variable EBVARLIBS set to -lm -lpthread (previously undefined)
== 2023-02-24 12:37:26,454 environment.py:93 INFO Environment variable LIBSCALAPACK set to -lscalapack -lflexiblas -lgfortran (previously undefined)
== 2023-02-24 12:37:26,455 environment.py:93 INFO Environment variable EBVARLIBSCALAPACK set to -lscalapack -lflexiblas -lgfortran (previously undefined)
== 2023-02-24 12:37:26,455 environment.py:93 INFO Environment variable LIBSCALAPACK_MT set to -lscalapack -lflexiblas -lpthread -lgfortran (previously undefined)
== 2023-02-24 12:37:26,455 environment.py:93 INFO Environment variable EBVARLIBSCALAPACK_MT set to -lscalapack -lflexiblas -lpthread -lgfortran (previously undefined)
== 2023-02-24 12:37:26,455 environment.py:93 INFO Environment variable LIBSCALAPACK_MT_ONLY set to -lscalapack -lgfortran (previously undefined)
== 2023-02-24 12:37:26,456 environment.py:93 INFO Environment variable EBVARLIBSCALAPACK_MT_ONLY set to -lscalapack -lgfortran (previously undefined)
== 2023-02-24 12:37:26,456 environment.py:93 INFO Environment variable LIBSCALAPACK_ONLY set to -lscalapack -lgfortran (previously undefined)
== 2023-02-24 12:37:26,456 environment.py:93 INFO Environment variable EBVARLIBSCALAPACK_ONLY set to -lscalapack -lgfortran (previously undefined)
== 2023-02-24 12:37:26,456 environment.py:93 INFO Environment variable MPICC set to mpicc (previously undefined)
== 2023-02-24 12:37:26,457 environment.py:93 INFO Environment variable EBVARMPICC set to mpicc (previously undefined)
== 2023-02-24 12:37:26,457 environment.py:93 INFO Environment variable MPICXX set to mpicxx (previously undefined)
== 2023-02-24 12:37:26,457 environment.py:93 INFO Environment variable EBVARMPICXX set to mpicxx (previously undefined)
== 2023-02-24 12:37:26,457 environment.py:93 INFO Environment variable MPIF77 set to mpifort (previously undefined)
== 2023-02-24 12:37:26,458 environment.py:93 INFO Environment variable EBVARMPIF77 set to mpifort (previously undefined)
== 2023-02-24 12:37:26,458 environment.py:93 INFO Environment variable MPIF90 set to mpifort (previously undefined)
== 2023-02-24 12:37:26,458 environment.py:93 INFO Environment variable EBVARMPIF90 set to mpifort (previously undefined)
== 2023-02-24 12:37:26,458 environment.py:93 INFO Environment variable MPIFC set to mpifort (previously undefined)
== 2023-02-24 12:37:26,459 environment.py:93 INFO Environment variable EBVARMPIFC set to mpifort (previously undefined)
== 2023-02-24 12:37:26,459 environment.py:93 INFO Environment variable MPI_INC_DIR set to /apps/gent/RHEL8/haswell-ib/software/OpenMPI/4.1.4-GCC-11.3.0/include (previously undefined)
== 2023-02-24 12:37:26,459 environment.py:93 INFO Environment variable EBVARMPI_INC_DIR set to /apps/gent/RHEL8/haswell-ib/software/OpenMPI/4.1.4-GCC-11.3.0/include (previously undefined)
== 2023-02-24 12:37:26,459 environment.py:93 INFO Environment variable MPI_LIB_DIR set to /apps/gent/RHEL8/haswell-ib/software/OpenMPI/4.1.4-GCC-11.3.0/lib64 (previously undefined)
== 2023-02-24 12:37:26,460 environment.py:93 INFO Environment variable EBVARMPI_LIB_DIR set to /apps/gent/RHEL8/haswell-ib/software/OpenMPI/4.1.4-GCC-11.3.0/lib64 (previously undefined)
== 2023-02-24 12:37:26,460 environment.py:93 INFO Environment variable MPI_LIB_SHARED set to /apps/gent/RHEL8/haswell-ib/software/OpenMPI/4.1.4-GCC-11.3.0/lib64/libmpi.so (previously undefined)
== 2023-02-24 12:37:26,460 environment.py:93 INFO Environment variable EBVARMPI_LIB_SHARED set to /apps/gent/RHEL8/haswell-ib/software/OpenMPI/4.1.4-GCC-11.3.0/lib64/libmpi.so (previously undefined)
== 2023-02-24 12:37:26,460 environment.py:93 INFO Environment variable MPI_LIB_STATIC set to  (previously undefined)
== 2023-02-24 12:37:26,461 environment.py:93 INFO Environment variable EBVARMPI_LIB_STATIC set to  (previously undefined)
== 2023-02-24 12:37:26,461 environment.py:93 INFO Environment variable OMPI_CC set to gcc (previously undefined)
== 2023-02-24 12:37:26,461 environment.py:93 INFO Environment variable EBVAROMPI_CC set to gcc (previously undefined)
== 2023-02-24 12:37:26,461 environment.py:93 INFO Environment variable OMPI_CXX set to g++ (previously undefined)
== 2023-02-24 12:37:26,462 environment.py:93 INFO Environment variable EBVAROMPI_CXX set to g++ (previously undefined)
== 2023-02-24 12:37:26,462 environment.py:93 INFO Environment variable OMPI_F77 set to gfortran (previously undefined)
== 2023-02-24 12:37:26,462 environment.py:93 INFO Environment variable EBVAROMPI_F77 set to gfortran (previously undefined)
== 2023-02-24 12:37:26,462 environment.py:93 INFO Environment variable OMPI_F90 set to gfortran (previously undefined)
== 2023-02-24 12:37:26,462 environment.py:93 INFO Environment variable EBVAROMPI_F90 set to gfortran (previously undefined)
== 2023-02-24 12:37:26,463 environment.py:93 INFO Environment variable OMPI_FC set to gfortran (previously undefined)
== 2023-02-24 12:37:26,463 environment.py:93 INFO Environment variable EBVAROMPI_FC set to gfortran (previously undefined)
== 2023-02-24 12:37:26,463 environment.py:93 INFO Environment variable OPTFLAGS set to -O2 -ftree-vectorize -march=native (previously undefined)
== 2023-02-24 12:37:26,464 environment.py:93 INFO Environment variable EBVAROPTFLAGS set to -O2 -ftree-vectorize -march=native (previously undefined)
== 2023-02-24 12:37:26,464 environment.py:93 INFO Environment variable PRECFLAGS set to -fno-math-errno (previously undefined)
== 2023-02-24 12:37:26,464 environment.py:93 INFO Environment variable EBVARPRECFLAGS set to -fno-math-errno (previously undefined)
== 2023-02-24 12:37:26,464 environment.py:93 INFO Environment variable SCALAPACK_INC_DIR set to  (previously undefined)
== 2023-02-24 12:37:26,464 environment.py:93 INFO Environment variable EBVARSCALAPACK_INC_DIR set to  (previously undefined)
== 2023-02-24 12:37:26,465 environment.py:93 INFO Environment variable SCALAPACK_LIB_DIR set to /apps/gent/RHEL8/haswell-ib/software/ScaLAPACK/2.2.0-gompi-2022a-fb/lib (previously undefined)
== 2023-02-24 12:37:26,465 environment.py:93 INFO Environment variable EBVARSCALAPACK_LIB_DIR set to /apps/gent/RHEL8/haswell-ib/software/ScaLAPACK/2.2.0-gompi-2022a-fb/lib (previously undefined)
== 2023-02-24 12:37:26,465 environment.py:93 INFO Environment variable SCALAPACK_MT_SHARED_LIBS set to libscalapack.so,libflexiblas.so,libgfortran.so,libpthread.so (previously undefined)
== 2023-02-24 12:37:26,465 environment.py:93 INFO Environment variable EBVARSCALAPACK_MT_SHARED_LIBS set to libscalapack.so,libflexiblas.so,libgfortran.so,libpthread.so (previously undefined)
== 2023-02-24 12:37:26,466 environment.py:93 INFO Environment variable SCALAPACK_MT_STATIC_LIBS set to libscalapack.a,libflexiblas.a,libgfortran.a,libpthread.a (previously undefined)
== 2023-02-24 12:37:26,466 environment.py:93 INFO Environment variable EBVARSCALAPACK_MT_STATIC_LIBS set to libscalapack.a,libflexiblas.a,libgfortran.a,libpthread.a (previously undefined)
== 2023-02-24 12:37:26,466 environment.py:93 INFO Environment variable SCALAPACK_SHARED_LIBS set to libscalapack.so,libflexiblas.so,libgfortran.so (previously undefined)
== 2023-02-24 12:37:26,466 environment.py:93 INFO Environment variable EBVARSCALAPACK_SHARED_LIBS set to libscalapack.so,libflexiblas.so,libgfortran.so (previously undefined)
== 2023-02-24 12:37:26,467 environment.py:93 INFO Environment variable SCALAPACK_STATIC_LIBS set to libscalapack.a,libflexiblas.a,libgfortran.a (previously undefined)
== 2023-02-24 12:37:26,467 environment.py:93 INFO Environment variable EBVARSCALAPACK_STATIC_LIBS set to libscalapack.a,libflexiblas.a,libgfortran.a (previously undefined)
== 2023-02-24 12:37:26,468 easyblock.py:2080 INFO Using /tmp/vsc43810/easybuild/build/OPENSURFEX/2021-03-28/foss-2022a/open-SURFEX-70d23957e90ac9dfe4f076669f78e967a5e234e3/ as start dir
== 2023-02-24 12:37:26,468 build_log.py:267 INFO ... (took 20 secs)
== 2023-02-24 12:37:26,474 build_log.py:267 INFO configuring...
== 2023-02-24 12:37:26,481 easyblock.py:3877 INFO Starting configure step
== 2023-02-24 12:37:26,481 easyconfig.py:1688 INFO Generating template values...
== 2023-02-24 12:37:26,482 mpi.py:122 INFO Using template MPI command 'mpirun -n %(nr_ranks)s %(cmd)s' for MPI family 'OpenMPI'
== 2023-02-24 12:37:26,482 mpi.py:307 INFO Using MPI command template 'mpirun -n %(nr_ranks)s %(cmd)s' (params: {'nr_ranks': 1, 'cmd': 'xxx_command_xxx'})
== 2023-02-24 12:37:26,482 easyconfig.py:1707 INFO Template values: arch='x86_64', bitbucket_account='open-surfex', builddir='/tmp/vsc43810/easybuild/build/OPENSURFEX/2021-03-28/foss-2022a', github_account='open-surfex', installdir='/scratch/gent/vo/001/gvo00117/easybuild/RHEL8/haswell-ib/software/OPEN-SURFEX/2021-03-28-foss-2022a', module_name='OPEN-SURFEX/2021-03-28-foss-2022a', mpi_cmd_prefix='mpirun -n 1', name='OPEN-SURFEX', nameletter='O', nameletterlower='o', namelower='open-surfex', parallel='8', pymajver='3', pyminver='10', pyshortver='3.10', pyver='3.10.4', toolchain_name='foss', toolchain_version='2022a', version='2021-03-28', version_major='2021-03-28', versionprefix='', versionsuffix=''
== 2023-02-24 12:37:26,483 easyblock.py:3885 INFO Running method configure_step part of step configure
== 2023-02-24 12:37:26,483 environment.py:93 INFO Environment variable CMAKE_INCLUDE_PATH set to /apps/gent/RHEL8/haswell-ib/software/FlexiBLAS/3.2.0-GCC-11.3.0/include:/apps/gent/RHEL8/haswell-ib/software/FlexiBLAS/3.2.0-GCC-11.3.0/include/flexiblas:/apps/gent/RHEL8/haswell-ib/software/FFTW/3.3.10-GCC-11.3.0/include:/apps/gent/RHEL8/haswell-ib/software/Python/3.10.4-GCCcore-11.3.0/include:/apps/gent/RHEL8/haswell-ib/software/netCDF/4.9.0-gompi-2022a/include:/scratch/gent/vo/001/gvo00117/easybuild/RHEL8/haswell-ib/software/netCDF-Fortran/4.6.0-gompi-2022a/include:/apps/gent/RHEL8/haswell-ib/software/HDF5/1.12.2-gompi-2022a/include:/apps/gent/RHEL8/haswell-ib/software/cURL/7.83.0-GCCcore-11.3.0/include:/apps/gent/RHEL8/haswell-ib/software/Szip/2.1.1-GCCcore-11.3.0/include:/apps/gent/RHEL8/haswell-ib/software/zlib/1.2.12-GCCcore-11.3.0/include:/scratch/gent/vo/001/gvo00117/easybuild/RHEL8/haswell-ib/software/ecCodes/2.27.0-gompi-2022a/include:/scratch/gent/vo/001/gvo00117/easybuild/RHEL8/haswell-ib/software/libaec/1.0.6-GCCcore-11.3.0/include:/apps/gent/RHEL8/haswell-ib/software/libpng/1.6.37-GCCcore-11.3.0/include:/apps/gent/RHEL8/haswell-ib/software/libjpeg-turbo/2.1.3-GCCcore-11.3.0/include:/apps/gent/RHEL8/haswell-ib/software/JasPer/2.0.33-GCCcore-11.3.0/include:/apps/gent/RHEL8/haswell-ib/software/zstd/1.5.2-GCCcore-11.3.0/include:/apps/gent/RHEL8/haswell-ib/software/lz4/1.9.3-GCCcore-11.3.0/include:/apps/gent/RHEL8/haswell-ib/software/libffi/3.4.2-GCCcore-11.3.0/include:/apps/gent/RHEL8/haswell-ib/software/GMP/6.2.1-GCCcore-11.3.0/include:/apps/gent/RHEL8/haswell-ib/software/SQLite/3.38.3-GCCcore-11.3.0/include:/apps/gent/RHEL8/haswell-ib/software/Tcl/8.6.12-GCCcore-11.3.0/include:/apps/gent/RHEL8/haswell-ib/software/libreadline/8.1.2-GCCcore-11.3.0/include:/apps/gent/RHEL8/haswell-ib/software/libarchive/3.6.1-GCCcore-11.3.0/include:/apps/gent/RHEL8/haswell-ib/software/bzip2/1.0.8-GCCcore-11.3.0/include:/apps/gent/RHEL8/haswell-ib/software/ncurses/6.3-GCCcore-11.3.0/include:/apps/gent/RHEL8/haswell-ib/software/FFTW.MPI/3.3.10-gompi-2022a/include:/apps/gent/RHEL8/haswell-ib/software/OpenBLAS/0.3.20-GCC-11.3.0/include:/apps/gent/RHEL8/haswell-ib/software/OpenMPI/4.1.4-GCC-11.3.0/include:/apps/gent/RHEL8/haswell-ib/software/UCC/1.0.0-GCCcore-11.3.0/include:/apps/gent/RHEL8/haswell-ib/software/PMIx/4.1.2-GCCcore-11.3.0/include:/apps/gent/RHEL8/haswell-ib/software/libfabric/1.15.1-GCCcore-11.3.0/include:/apps/gent/RHEL8/haswell-ib/software/UCX/1.12.1-GCCcore-11.3.0/include:/apps/gent/RHEL8/haswell-ib/software/libevent/2.1.12-GCCcore-11.3.0/include:/apps/gent/RHEL8/haswell-ib/software/OpenSSL/1.1/include:/apps/gent/RHEL8/haswell-ib/software/hwloc/2.7.1-GCCcore-11.3.0/include:/apps/gent/RHEL8/haswell-ib/software/libpciaccess/0.16-GCCcore-11.3.0/include:/apps/gent/RHEL8/haswell-ib/software/libxml2/2.9.13-GCCcore-11.3.0/include/libxml2:/apps/gent/RHEL8/haswell-ib/software/libxml2/2.9.13-GCCcore-11.3.0/include:/apps/gent/RHEL8/haswell-ib/software/XZ/5.2.5-GCCcore-11.3.0/include:/apps/gent/RHEL8/haswell-ib/software/numactl/2.0.14-GCCcore-11.3.0/include:/apps/gent/RHEL8/haswell-ib/software/binutils/2.38-GCCcore-11.3.0/include (previously undefined)
== 2023-02-24 12:37:26,484 environment.py:93 INFO Environment variable CMAKE_LIBRARY_PATH set to /apps/gent/RHEL8/haswell-ib/software/GCCcore/11.3.0/lib64:/apps/gent/RHEL8/haswell-ib/software/GCCcore/11.3.0/lib:/apps/gent/RHEL8/haswell-ib/software/FlexiBLAS/3.2.0-GCC-11.3.0/lib64:/apps/gent/RHEL8/haswell-ib/software/FlexiBLAS/3.2.0-GCC-11.3.0/lib:/apps/gent/RHEL8/haswell-ib/software/ScaLAPACK/2.2.0-gompi-2022a-fb/lib64:/apps/gent/RHEL8/haswell-ib/software/ScaLAPACK/2.2.0-gompi-2022a-fb/lib:/apps/gent/RHEL8/haswell-ib/software/FFTW/3.3.10-GCC-11.3.0/lib64:/apps/gent/RHEL8/haswell-ib/software/FFTW/3.3.10-GCC-11.3.0/lib:/apps/gent/RHEL8/haswell-ib/software/Python/3.10.4-GCCcore-11.3.0/lib64:/apps/gent/RHEL8/haswell-ib/software/Python/3.10.4-GCCcore-11.3.0/lib:/apps/gent/RHEL8/haswell-ib/software/netCDF/4.9.0-gompi-2022a/lib64:/apps/gent/RHEL8/haswell-ib/software/netCDF/4.9.0-gompi-2022a/lib:/scratch/gent/vo/001/gvo00117/easybuild/RHEL8/haswell-ib/software/netCDF-Fortran/4.6.0-gompi-2022a/lib64:/scratch/gent/vo/001/gvo00117/easybuild/RHEL8/haswell-ib/software/netCDF-Fortran/4.6.0-gompi-2022a/lib:/apps/gent/RHEL8/haswell-ib/software/HDF5/1.12.2-gompi-2022a/lib64:/apps/gent/RHEL8/haswell-ib/software/HDF5/1.12.2-gompi-2022a/lib:/apps/gent/RHEL8/haswell-ib/software/cURL/7.83.0-GCCcore-11.3.0/lib64:/apps/gent/RHEL8/haswell-ib/software/cURL/7.83.0-GCCcore-11.3.0/lib:/apps/gent/RHEL8/haswell-ib/software/Szip/2.1.1-GCCcore-11.3.0/lib64:/apps/gent/RHEL8/haswell-ib/software/Szip/2.1.1-GCCcore-11.3.0/lib:/apps/gent/RHEL8/haswell-ib/software/zlib/1.2.12-GCCcore-11.3.0/lib64:/apps/gent/RHEL8/haswell-ib/software/zlib/1.2.12-GCCcore-11.3.0/lib:/scratch/gent/vo/001/gvo00117/easybuild/RHEL8/haswell-ib/software/ecCodes/2.27.0-gompi-2022a/lib64:/scratch/gent/vo/001/gvo00117/easybuild/RHEL8/haswell-ib/software/ecCodes/2.27.0-gompi-2022a/lib:/scratch/gent/vo/001/gvo00117/easybuild/RHEL8/haswell-ib/software/libaec/1.0.6-GCCcore-11.3.0/lib:/apps/gent/RHEL8/haswell-ib/software/libpng/1.6.37-GCCcore-11.3.0/lib:/apps/gent/RHEL8/haswell-ib/software/libjpeg-turbo/2.1.3-GCCcore-11.3.0/lib:/apps/gent/RHEL8/haswell-ib/software/JasPer/2.0.33-GCCcore-11.3.0/lib:/apps/gent/RHEL8/haswell-ib/software/zstd/1.5.2-GCCcore-11.3.0/lib:/apps/gent/RHEL8/haswell-ib/software/lz4/1.9.3-GCCcore-11.3.0/lib:/apps/gent/RHEL8/haswell-ib/software/libffi/3.4.2-GCCcore-11.3.0/lib64:/apps/gent/RHEL8/haswell-ib/software/GMP/6.2.1-GCCcore-11.3.0/lib:/apps/gent/RHEL8/haswell-ib/software/SQLite/3.38.3-GCCcore-11.3.0/lib:/apps/gent/RHEL8/haswell-ib/software/Tcl/8.6.12-GCCcore-11.3.0/lib:/apps/gent/RHEL8/haswell-ib/software/libreadline/8.1.2-GCCcore-11.3.0/lib:/apps/gent/RHEL8/haswell-ib/software/libarchive/3.6.1-GCCcore-11.3.0/lib:/apps/gent/RHEL8/haswell-ib/software/bzip2/1.0.8-GCCcore-11.3.0/lib:/apps/gent/RHEL8/haswell-ib/software/ncurses/6.3-GCCcore-11.3.0/lib:/apps/gent/RHEL8/haswell-ib/software/FFTW.MPI/3.3.10-gompi-2022a/lib:/apps/gent/RHEL8/haswell-ib/software/OpenBLAS/0.3.20-GCC-11.3.0/lib:/apps/gent/RHEL8/haswell-ib/software/OpenMPI/4.1.4-GCC-11.3.0/lib:/apps/gent/RHEL8/haswell-ib/software/UCC/1.0.0-GCCcore-11.3.0/lib:/apps/gent/RHEL8/haswell-ib/software/PMIx/4.1.2-GCCcore-11.3.0/lib:/apps/gent/RHEL8/haswell-ib/software/libfabric/1.15.1-GCCcore-11.3.0/lib:/apps/gent/RHEL8/haswell-ib/software/UCX/1.12.1-GCCcore-11.3.0/lib:/apps/gent/RHEL8/haswell-ib/software/libevent/2.1.12-GCCcore-11.3.0/lib:/apps/gent/RHEL8/haswell-ib/software/OpenSSL/1.1/lib:/apps/gent/RHEL8/haswell-ib/software/hwloc/2.7.1-GCCcore-11.3.0/lib:/apps/gent/RHEL8/haswell-ib/software/libpciaccess/0.16-GCCcore-11.3.0/lib:/apps/gent/RHEL8/haswell-ib/software/libxml2/2.9.13-GCCcore-11.3.0/lib:/apps/gent/RHEL8/haswell-ib/software/XZ/5.2.5-GCCcore-11.3.0/lib:/apps/gent/RHEL8/haswell-ib/software/numactl/2.0.14-GCCcore-11.3.0/lib:/apps/gent/RHEL8/haswell-ib/software/binutils/2.38-GCCcore-11.3.0/lib (previous value: '/apps/gent/RHEL8/haswell-ib/software/libffi/3.4.2-GCCcore-11.3.0/lib64:/apps/gent/RHEL8/haswell-ib/software/GCCcore/11.3.0/lib64')
== 2023-02-24 12:37:26,485 environment.py:93 INFO Environment variable FC set to gfortran (previous value: 'gfortran')
== 2023-02-24 12:37:26,494 run.py:236 INFO running cmd:  cmake  -DCMAKE_BUILD_TYPE=Release -DCMAKE_VERBOSE_MAKEFILE=ON -DCMAKE_FIND_USE_PACKAGE_REGISTRY=OFF  -DCMAKE_INSTALL_PREFIX=/scratch/gent/vo/001/gvo00117/easybuild/RHEL8/haswell-ib/software/OPEN-SURFEX/2021-03-28-foss-2022a  -DBUILD_NETCDF=OFF -DBUILD_GRIB_API=OFF  /tmp/vsc43810/easybuild/build/OPENSURFEX/2021-03-28/foss-2022a/open-SURFEX-70d23957e90ac9dfe4f076669f78e967a5e234e3/ 
== 2023-02-24 12:37:30,945 build_log.py:171 ERROR EasyBuild crashed with an error (at easybuild/easybuild-framework/easybuild/base/exceptions.py:126 in __init__): cmd " cmake  -DCMAKE_BUILD_TYPE=Release -DCMAKE_VERBOSE_MAKEFILE=ON -DCMAKE_FIND_USE_PACKAGE_REGISTRY=OFF  -DCMAKE_INSTALL_PREFIX=/scratch/gent/vo/001/gvo00117/easybuild/RHEL8/haswell-ib/software/OPEN-SURFEX/2021-03-28-foss-2022a  -DBUILD_NETCDF=OFF -DBUILD_GRIB_API=OFF  /tmp/vsc43810/easybuild/build/OPENSURFEX/2021-03-28/foss-2022a/open-SURFEX-70d23957e90ac9dfe4f076669f78e967a5e234e3/" exited with exit code 1 and output:
-- The Fortran compiler identification is GNU 11.3.0
-- Detecting Fortran compiler ABI info
-- Detecting Fortran compiler ABI info - done
-- Check for working Fortran compiler: /apps/gent/RHEL8/haswell-ib/software/GCCcore/11.3.0/bin/gfortran - skipped
-- Using /tmp/vsc43810/easybuild/build/OPENSURFEX/2021-03-28/foss-2022a/open-SURFEX-70d23957e90ac9dfe4f076669f78e967a5e234e3/conf/config.GNU.cmake
-- Failed to find NetCDF interface for F90
CMake Error at /kyukon/home/apps/RHEL8/haswell-ib/software/CMake/3.23.1-GCCcore-11.3.0/share/cmake-3.23/Modules/FindPackageHandleStandardArgs.cmake:230 (message):
  Could NOT find NetCDF (missing: NETCDF_HAS_INTERFACES)
Call Stack (most recent call first):
  /kyukon/home/apps/RHEL8/haswell-ib/software/CMake/3.23.1-GCCcore-11.3.0/share/cmake-3.23/Modules/FindPackageHandleStandardArgs.cmake:594 (_FPHSA_FAILURE_MESSAGE)
  cmake/FindNetCDF.cmake:155 (find_package_handle_standard_args)
  cmake/Dependencies.cmake:112 (find_package)
  CMakeLists.txt:50 (include)


-- Configuring incomplete, errors occurred!
See also "/tmp/vsc43810/easybuild/build/OPENSURFEX/2021-03-28/foss-2022a/easybuild_obj/CMakeFiles/CMakeOutput.log".
 (at easybuild/easybuild-framework/easybuild/tools/run.py:643 in parse_cmd_output)
== 2023-02-24 12:37:30,945 build_log.py:267 INFO ... (took 4 secs)
== 2023-02-24 12:37:30,952 filetools.py:2019 INFO Removing lock /scratch/gent/vo/001/gvo00117/easybuild/RHEL8/haswell-ib/software/.locks/_scratch_gent_vo_001_gvo00117_easybuild_RHEL8_haswell-ib_software_OPEN-SURFEX_2021-03-28-foss-2022a.lock...
== 2023-02-24 12:37:30,955 filetools.py:384 INFO Path /scratch/gent/vo/001/gvo00117/easybuild/RHEL8/haswell-ib/software/.locks/_scratch_gent_vo_001_gvo00117_easybuild_RHEL8_haswell-ib_software_OPEN-SURFEX_2021-03-28-foss-2022a.lock successfully removed.
== 2023-02-24 12:37:30,955 filetools.py:2023 INFO Lock removed: /scratch/gent/vo/001/gvo00117/easybuild/RHEL8/haswell-ib/software/.locks/_scratch_gent_vo_001_gvo00117_easybuild_RHEL8_haswell-ib_software_OPEN-SURFEX_2021-03-28-foss-2022a.lock
== 2023-02-24 12:37:30,955 easyblock.py:4208 WARNING build failed (first 300 chars): cmd " cmake  -DCMAKE_BUILD_TYPE=Release -DCMAKE_VERBOSE_MAKEFILE=ON -DCMAKE_FIND_USE_PACKAGE_REGISTRY=OFF  -DCMAKE_INSTALL_PREFIX=/scratch/gent/vo/001/gvo00117/easybuild/RHEL8/haswell-ib/software/OPEN-SURFEX/2021-03-28-foss-2022a  -DBUILD_NETCDF=OFF -DBUILD_GRIB_API=OFF  /tmp/vsc43810/easybuild/buil
== 2023-02-24 12:37:30,956 easyblock.py:328 INFO Closing log for application name OPEN-SURFEX version 2021-03-28
