== 2022-10-12 14:04:46,449 easyblock.py:304 INFO This is EasyBuild 4.6.2.dev0 (framework: 4.6.2.dev0, easyblocks: 4.6.2.dev0) on host node3702.slaking.os.
== 2022-10-12 14:04:46,450 easyblock.py:310 INFO This is easyblock Binary from module easybuild.easyblocks.generic.binary (/user/gent/438/vsc43810/easybuild/easybuild-easyblocks/easybuild/easyblocks/generic/binary.py)
== 2022-10-12 14:04:46,450 easyblock.py:983 INFO Build dir set to /tmp/vsc43810/easybuild/build/cctbxbase/2022.9/foss-2021b
== 2022-10-12 14:04:46,450 easyblock.py:1040 INFO Software install dir set to /scratch/gent/vo/001/gvo00117/easybuild/RHEL8/haswell-ib/software/cctbx-base/2022.9-foss-2021b
== 2022-10-12 14:04:46,451 easyblock.py:1045 INFO Module install dir set to /scratch/gent/vo/001/gvo00117/easybuild/RHEL8/haswell-ib/modules/all
== 2022-10-12 14:04:46,451 easyblock.py:279 INFO Init completed for application name cctbx-base version 2022.9
== 2022-10-12 14:04:46,451 easyblock.py:4033 INFO Obtained application instance of for cctbx-base (easyblock: Binary)
== 2022-10-12 14:04:46,452 easyconfig.py:1686 INFO Generating template values...
== 2022-10-12 14:04:46,452 mpi.py:120 INFO Using template MPI command 'mpirun -n %(nr_ranks)s %(cmd)s' for MPI family 'OpenMPI'
== 2022-10-12 14:04:46,452 mpi.py:305 INFO Using MPI command template 'mpirun -n %(nr_ranks)s %(cmd)s' (params: {'nr_ranks': 1, 'cmd': 'xxx_command_xxx'})
== 2022-10-12 14:04:46,453 easyconfig.py:1705 INFO Template values: arch='x86_64', bitbucket_account='cctbx-base', github_account='cctbx-base', module_name='cctbx-base/2022.9-foss-2021b', mpi_cmd_prefix='mpirun -n 1', name='cctbx-base', nameletter='c', nameletterlower='c', namelower='cctbx-base', pymajver='3', pyminver='9', pyshortver='3.9', pyver='3.9.6', toolchain_name='foss', toolchain_version='2021b', version='2022.9', version_major='2022', version_major_minor='2022.9', version_minor='9', versionprefix='', versionsuffix=''
== 2022-10-12 14:04:46,454 one.py:178 INFO Skipping reformatting value for parameter 'toolchain'
== 2022-10-12 14:04:46,455 filetools.py:1913 INFO Creating directory /tmp/vsc43810/eb-letjo5te/reprod_20221012140446_3337595 (parents: True, set_gid: False, sticky: False)
== 2022-10-12 14:04:46,456 easyblock.py:4287 INFO Dumped easyconfig instance to /tmp/vsc43810/eb-letjo5te/reprod_20221012140446_3337595/cctbx-base-2022.9-foss-2021b.eb
== 2022-10-12 14:04:46,458 filetools.py:1913 INFO Creating directory /tmp/vsc43810/eb-letjo5te/reprod_20221012140446_3337595/easyblocks (parents: True, set_gid: False, sticky: False)
== 2022-10-12 14:04:46,473 filetools.py:2426 INFO /user/gent/438/vsc43810/easybuild/easybuild-easyblocks/easybuild/easyblocks/generic/binary.py copied to /tmp/vsc43810/eb-letjo5te/reprod_20221012140446_3337595/easyblocks/binary.py
== 2022-10-12 14:04:46,473 easyblock.py:4267 INFO Dumped easyblock binary.py required for reproduction to /tmp/vsc43810/eb-letjo5te/reprod_20221012140446_3337595/easyblocks
== 2022-10-12 14:04:46,475 easyblock.py:2118 INFO Number of iterations to perform for central part of installation procedure: 1
== 2022-10-12 14:04:46,476 build_log.py:265 INFO building and installing cctbx-base/2022.9-foss-2021b...
== 2022-10-12 14:04:46,477 filetools.py:2006 INFO Lock /scratch/gent/vo/001/gvo00117/easybuild/RHEL8/haswell-ib/software/.locks/_scratch_gent_vo_001_gvo00117_easybuild_RHEL8_haswell-ib_software_cctbx-base_2022.9-foss-2021b.lock does not exist
== 2022-10-12 14:04:46,477 filetools.py:1947 INFO Creating lock at /scratch/gent/vo/001/gvo00117/easybuild/RHEL8/haswell-ib/software/.locks/_scratch_gent_vo_001_gvo00117_easybuild_RHEL8_haswell-ib_software_cctbx-base_2022.9-foss-2021b.lock...
== 2022-10-12 14:04:46,477 filetools.py:1913 INFO Creating directory /scratch/gent/vo/001/gvo00117/easybuild/RHEL8/haswell-ib/software/.locks/_scratch_gent_vo_001_gvo00117_easybuild_RHEL8_haswell-ib_software_cctbx-base_2022.9-foss-2021b.lock (parents: True, set_gid: False, sticky: False)
== 2022-10-12 14:04:46,503 filetools.py:1956 INFO Lock created: /scratch/gent/vo/001/gvo00117/easybuild/RHEL8/haswell-ib/software/.locks/_scratch_gent_vo_001_gvo00117_easybuild_RHEL8_haswell-ib_software_cctbx-base_2022.9-foss-2021b.lock
== 2022-10-12 14:04:46,503 build_log.py:265 INFO fetching files...
== 2022-10-12 14:04:46,503 easyblock.py:3759 INFO Starting fetch step
== 2022-10-12 14:04:46,504 easyconfig.py:1686 INFO Generating template values...
== 2022-10-12 14:04:46,504 mpi.py:120 INFO Using template MPI command 'mpirun -n %(nr_ranks)s %(cmd)s' for MPI family 'OpenMPI'
== 2022-10-12 14:04:46,504 mpi.py:305 INFO Using MPI command template 'mpirun -n %(nr_ranks)s %(cmd)s' (params: {'nr_ranks': 1, 'cmd': 'xxx_command_xxx'})
== 2022-10-12 14:04:46,505 easyconfig.py:1705 INFO Template values: arch='x86_64', bitbucket_account='cctbx-base', builddir='/tmp/vsc43810/easybuild/build/cctbxbase/2022.9/foss-2021b', github_account='cctbx-base', installdir='/scratch/gent/vo/001/gvo00117/easybuild/RHEL8/haswell-ib/software/cctbx-base/2022.9-foss-2021b', module_name='cctbx-base/2022.9-foss-2021b', mpi_cmd_prefix='mpirun -n 1', name='cctbx-base', nameletter='c', nameletterlower='c', namelower='cctbx-base', pymajver='3', pyminver='9', pyshortver='3.9', pyver='3.9.6', toolchain_name='foss', toolchain_version='2021b', version='2022.9', version_major='2022', version_major_minor='2022.9', version_minor='9', versionprefix='', versionsuffix=''
== 2022-10-12 14:04:46,505 easyblock.py:3767 INFO Running method fetch_step part of step fetch
== 2022-10-12 14:04:46,505 easyblock.py:2240 WARNING Easyconfig does not specify an EasyBuild-version (key 'easybuild_version')! Assuming the latest version
== 2022-10-12 14:04:46,506 tools.py:271 INFO Found location to 'eb' script via $EB_SCRIPT_PATH: /user/gent/438/vsc43810/easybuild/easybuild-framework/eb
== 2022-10-12 14:04:46,507 tools.py:287 INFO Not considering /user/gent/438/vsc43810/easybuild (no easybuild/easyconfigs subdir found)
== 2022-10-12 14:04:46,508 tools.py:295 INFO Also considering installation prefix /kyukon/home/gent/438/vsc43810/easybuild (via resolved path to 'eb')...
== 2022-10-12 14:04:46,522 filetools.py:1913 INFO Creating directory /data/gent/vo/001/gvo00117/easybuild/sources/c/cctbx-base (parents: True, set_gid: False, sticky: False)
== 2022-10-12 14:04:46,784 filetools.py:819 INFO File size for https://raw.githubusercontent.com/cctbx/cctbx_project/master/libtbx/auto_build/bootstrap.py: 106038
== 2022-10-12 14:04:46,784 filetools.py:269 INFO Not showing progress bar for downloading small file (size 106038)
== 2022-10-12 14:04:46,789 filetools.py:826 INFO Downloaded file bootstrap.py from url https://raw.githubusercontent.com/cctbx/cctbx_project/master/libtbx/auto_build/bootstrap.py to /data/gent/vo/001/gvo00117/easybuild/sources/c/cctbx-base/bootstrap.py
== 2022-10-12 14:04:46,790 filetools.py:858 INFO Successful download of file bootstrap.py from url https://raw.githubusercontent.com/cctbx/cctbx_project/master/libtbx/auto_build/bootstrap.py to path /data/gent/vo/001/gvo00117/easybuild/sources/c/cctbx-base/bootstrap.py
== 2022-10-12 14:04:46,790 easyblock.py:882 INFO Successfully downloaded source file bootstrap.py from https://raw.githubusercontent.com/cctbx/cctbx_project/master/libtbx/auto_build/bootstrap.py
== 2022-10-12 14:04:46,790 easyblock.py:454 INFO Added sources: [{'name': 'bootstrap.py', 'path': '/data/gent/vo/001/gvo00117/easybuild/sources/c/cctbx-base/bootstrap.py', 'cmd': 'cp %s /tmp/vsc43810/easybuild/build/cctbxbase/2022.9/foss-2021b', 'checksum': None, 'finalpath': '/tmp/vsc43810/easybuild/build/cctbxbase/2022.9/foss-2021b'}]
== 2022-10-12 14:04:46,790 easyblock.py:2283 INFO no patches provided
== 2022-10-12 14:04:46,792 easyblock.py:2293 INFO md5 checksum for /data/gent/vo/001/gvo00117/easybuild/sources/c/cctbx-base/bootstrap.py: 0475f012fc43ea726f265efbb9c210c9
== 2022-10-12 14:04:46,793 easyblock.py:2293 INFO sha256 checksum for /data/gent/vo/001/gvo00117/easybuild/sources/c/cctbx-base/bootstrap.py: 32224b4c192ebb40347ff4f97f221645ed0d5beb7825ca0bef2b81a4b2ce4c75
== 2022-10-12 14:04:46,794 easyblock.py:2328 INFO Checking dirs that need to be created: ['/scratch/gent/vo/001/gvo00117/easybuild/RHEL8/haswell-ib/software/cctbx-base/2022.9-foss-2021b', '/scratch/gent/vo/001/gvo00117/easybuild/RHEL8/haswell-ib/modules/all/cctbx-base', '/scratch/gent/vo/001/gvo00117/easybuild/RHEL8/haswell-ib/modules/lib/cctbx-base']
== 2022-10-12 14:04:46,794 filetools.py:1913 INFO Creating directory /scratch/gent/vo/001/gvo00117/easybuild/RHEL8/haswell-ib/software/cctbx-base/2022.9-foss-2021b (parents: True, set_gid: False, sticky: False)
== 2022-10-12 14:04:46,838 filetools.py:1913 INFO Creating directory /scratch/gent/vo/001/gvo00117/easybuild/RHEL8/haswell-ib/modules/all/cctbx-base (parents: True, set_gid: False, sticky: False)
== 2022-10-12 14:04:46,868 filetools.py:1913 INFO Creating directory /scratch/gent/vo/001/gvo00117/easybuild/RHEL8/haswell-ib/modules/lib/cctbx-base (parents: True, set_gid: False, sticky: False)
== 2022-10-12 14:04:46,880 build_log.py:265 INFO ... (took < 1 sec)
== 2022-10-12 14:04:46,881 build_log.py:265 INFO creating build dir, resetting environment...
== 2022-10-12 14:04:46,881 easyblock.py:3759 INFO Starting ready step
== 2022-10-12 14:04:46,881 easyconfig.py:1686 INFO Generating template values...
== 2022-10-12 14:04:46,882 mpi.py:120 INFO Using template MPI command 'mpirun -n %(nr_ranks)s %(cmd)s' for MPI family 'OpenMPI'
== 2022-10-12 14:04:46,882 mpi.py:305 INFO Using MPI command template 'mpirun -n %(nr_ranks)s %(cmd)s' (params: {'nr_ranks': 1, 'cmd': 'xxx_command_xxx'})
== 2022-10-12 14:04:46,882 easyconfig.py:1705 INFO Template values: arch='x86_64', bitbucket_account='cctbx-base', builddir='/tmp/vsc43810/easybuild/build/cctbxbase/2022.9/foss-2021b', github_account='cctbx-base', installdir='/scratch/gent/vo/001/gvo00117/easybuild/RHEL8/haswell-ib/software/cctbx-base/2022.9-foss-2021b', module_name='cctbx-base/2022.9-foss-2021b', mpi_cmd_prefix='mpirun -n 1', name='cctbx-base', nameletter='c', nameletterlower='c', namelower='cctbx-base', pymajver='3', pyminver='9', pyshortver='3.9', pyver='3.9.6', toolchain_name='foss', toolchain_version='2021b', version='2022.9', version_major='2022', version_major_minor='2022.9', version_minor='9', versionprefix='', versionsuffix=''
== 2022-10-12 14:04:46,883 easyblock.py:3767 INFO Running method check_readiness_step part of step ready
== 2022-10-12 14:04:46,888 run.py:234 INFO running cmd: ulimit -u 
== 2022-10-12 14:04:46,898 easyblock.py:2137 INFO Setting parallelism: 8
== 2022-10-12 14:04:47,094 easyblock.py:2189 WARNING Loaded modules detected: ['cluster/slaking', 'GCCcore/11.3.0', 'zlib/1.2.12-GCCcore-11.3.0', 'binutils/2.38-GCCcore-11.3.0', 'bzip2/1.0.8-GCCcore-11.3.0', 'ncurses/6.3-GCCcore-11.3.0', 'libreadline/8.1.2-GCCcore-11.3.0', 'Tcl/8.6.12-GCCcore-11.3.0', 'SQLite/3.38.3-GCCcore-11.3.0', 'XZ/5.2.5-GCCcore-11.3.0', 'GMP/6.2.1-GCCcore-11.3.0', 'libffi/3.4.2-GCCcore-11.3.0', 'OpenSSL/1.1', 'Python/3.10.4-GCCcore-11.3.0']
== 2022-10-12 14:04:47,095 easyblock.py:3767 INFO Running method make_builddir part of step ready
== 2022-10-12 14:04:47,095 filetools.py:1913 INFO Creating directory /tmp/vsc43810/easybuild/build/cctbxbase/2022.9/foss-2021b (parents: True, set_gid: False, sticky: False)
== 2022-10-12 14:04:47,096 easyblock.py:3767 INFO Running method reset_env part of step ready
== 2022-10-12 14:04:47,096 easyblock.py:3767 INFO Running method handle_iterate_opts part of step ready
== 2022-10-12 14:04:47,097 easyconfig.py:1686 INFO Generating template values...
== 2022-10-12 14:04:47,097 mpi.py:120 INFO Using template MPI command 'mpirun -n %(nr_ranks)s %(cmd)s' for MPI family 'OpenMPI'
== 2022-10-12 14:04:47,097 mpi.py:305 INFO Using MPI command template 'mpirun -n %(nr_ranks)s %(cmd)s' (params: {'nr_ranks': 1, 'cmd': 'xxx_command_xxx'})
== 2022-10-12 14:04:47,098 easyconfig.py:1705 INFO Template values: arch='x86_64', bitbucket_account='cctbx-base', builddir='/tmp/vsc43810/easybuild/build/cctbxbase/2022.9/foss-2021b', github_account='cctbx-base', installdir='/scratch/gent/vo/001/gvo00117/easybuild/RHEL8/haswell-ib/software/cctbx-base/2022.9-foss-2021b', module_name='cctbx-base/2022.9-foss-2021b', mpi_cmd_prefix='mpirun -n 1', name='cctbx-base', nameletter='c', nameletterlower='c', namelower='cctbx-base', parallel='8', pymajver='3', pyminver='9', pyshortver='3.9', pyver='3.9.6', toolchain_name='foss', toolchain_version='2021b', version='2022.9', version_major='2022', version_major_minor='2022.9', version_minor='9', versionprefix='', versionsuffix=''
== 2022-10-12 14:04:47,098 build_log.py:265 INFO ... (took < 1 sec)
== 2022-10-12 14:04:47,098 build_log.py:265 INFO unpacking...
== 2022-10-12 14:04:47,099 easyblock.py:3759 INFO Starting source step
== 2022-10-12 14:04:47,099 easyconfig.py:1686 INFO Generating template values...
== 2022-10-12 14:04:47,099 mpi.py:120 INFO Using template MPI command 'mpirun -n %(nr_ranks)s %(cmd)s' for MPI family 'OpenMPI'
== 2022-10-12 14:04:47,100 mpi.py:305 INFO Using MPI command template 'mpirun -n %(nr_ranks)s %(cmd)s' (params: {'nr_ranks': 1, 'cmd': 'xxx_command_xxx'})
== 2022-10-12 14:04:47,100 easyconfig.py:1705 INFO Template values: arch='x86_64', bitbucket_account='cctbx-base', builddir='/tmp/vsc43810/easybuild/build/cctbxbase/2022.9/foss-2021b', github_account='cctbx-base', installdir='/scratch/gent/vo/001/gvo00117/easybuild/RHEL8/haswell-ib/software/cctbx-base/2022.9-foss-2021b', module_name='cctbx-base/2022.9-foss-2021b', mpi_cmd_prefix='mpirun -n 1', name='cctbx-base', nameletter='c', nameletterlower='c', namelower='cctbx-base', parallel='8', pymajver='3', pyminver='9', pyshortver='3.9', pyver='3.9.6', toolchain_name='foss', toolchain_version='2021b', version='2022.9', version_major='2022', version_major_minor='2022.9', version_minor='9', versionprefix='', versionsuffix=''
== 2022-10-12 14:04:47,100 easyblock.py:3767 INFO Running method checksum_step part of step source
== 2022-10-12 14:04:47,101 easyblock.py:2346 INFO Checksum verification for /data/gent/vo/001/gvo00117/easybuild/sources/c/cctbx-base/bootstrap.py using None passed.
== 2022-10-12 14:04:47,101 easyblock.py:3767 INFO Running method extract_step part of step source
== 2022-10-12 14:04:47,102 filetools.py:2426 INFO /data/gent/vo/001/gvo00117/easybuild/sources/c/cctbx-base/bootstrap.py copied to /tmp/vsc43810/easybuild/build/cctbxbase/2022.9/foss-2021b/bootstrap.py
== 2022-10-12 14:04:47,102 filetools.py:1765 INFO Adjusting permissions recursively for /tmp/vsc43810/easybuild/build/cctbxbase/2022.9/foss-2021b/bootstrap.py
== 2022-10-12 14:04:47,103 build_log.py:265 INFO ... (took < 1 sec)
== 2022-10-12 14:04:47,103 build_log.py:265 INFO patching...
== 2022-10-12 14:04:47,103 easyblock.py:3759 INFO Starting patch step
== 2022-10-12 14:04:47,103 easyconfig.py:1686 INFO Generating template values...
== 2022-10-12 14:04:47,104 mpi.py:120 INFO Using template MPI command 'mpirun -n %(nr_ranks)s %(cmd)s' for MPI family 'OpenMPI'
== 2022-10-12 14:04:47,104 mpi.py:305 INFO Using MPI command template 'mpirun -n %(nr_ranks)s %(cmd)s' (params: {'nr_ranks': 1, 'cmd': 'xxx_command_xxx'})
== 2022-10-12 14:04:47,105 easyconfig.py:1705 INFO Template values: arch='x86_64', bitbucket_account='cctbx-base', builddir='/tmp/vsc43810/easybuild/build/cctbxbase/2022.9/foss-2021b', github_account='cctbx-base', installdir='/scratch/gent/vo/001/gvo00117/easybuild/RHEL8/haswell-ib/software/cctbx-base/2022.9-foss-2021b', module_name='cctbx-base/2022.9-foss-2021b', mpi_cmd_prefix='mpirun -n 1', name='cctbx-base', nameletter='c', nameletterlower='c', namelower='cctbx-base', parallel='8', pymajver='3', pyminver='9', pyshortver='3.9', pyver='3.9.6', toolchain_name='foss', toolchain_version='2021b', version='2022.9', version_major='2022', version_major_minor='2022.9', version_minor='9', versionprefix='', versionsuffix=''
== 2022-10-12 14:04:47,105 easyblock.py:3767 INFO Running method patch_step part of step patch
== 2022-10-12 14:04:47,105 build_log.py:265 INFO ... (took < 1 sec)
== 2022-10-12 14:04:47,105 build_log.py:265 INFO preparing...
== 2022-10-12 14:04:47,106 easyblock.py:3759 INFO Starting prepare step
== 2022-10-12 14:04:47,106 easyconfig.py:1686 INFO Generating template values...
== 2022-10-12 14:04:47,106 mpi.py:120 INFO Using template MPI command 'mpirun -n %(nr_ranks)s %(cmd)s' for MPI family 'OpenMPI'
== 2022-10-12 14:04:47,106 mpi.py:305 INFO Using MPI command template 'mpirun -n %(nr_ranks)s %(cmd)s' (params: {'nr_ranks': 1, 'cmd': 'xxx_command_xxx'})
== 2022-10-12 14:04:47,107 easyconfig.py:1705 INFO Template values: arch='x86_64', bitbucket_account='cctbx-base', builddir='/tmp/vsc43810/easybuild/build/cctbxbase/2022.9/foss-2021b', github_account='cctbx-base', installdir='/scratch/gent/vo/001/gvo00117/easybuild/RHEL8/haswell-ib/software/cctbx-base/2022.9-foss-2021b', module_name='cctbx-base/2022.9-foss-2021b', mpi_cmd_prefix='mpirun -n 1', name='cctbx-base', nameletter='c', nameletterlower='c', namelower='cctbx-base', parallel='8', pymajver='3', pyminver='9', pyshortver='3.9', pyver='3.9.6', toolchain_name='foss', toolchain_version='2021b', version='2022.9', version_major='2022', version_major_minor='2022.9', version_minor='9', versionprefix='', versionsuffix=''
== 2022-10-12 14:04:47,107 easyblock.py:3767 INFO Running method prepare_step part of step prepare
== 2022-10-12 14:04:49,696 modules.py:626 INFO Checking whether Python/3.9.6-GCCcore-11.2.0 exists...
== 2022-10-12 14:04:49,696 modules.py:631 INFO Module Python/3.9.6-GCCcore-11.2.0 exists (found in list of available modules)
== 2022-10-12 14:04:49,697 modules.py:654 INFO Result for existence check of Python/3.9.6-GCCcore-11.2.0 module: True
== 2022-10-12 14:04:49,697 modules.py:626 INFO Checking whether foss/2021b exists...
== 2022-10-12 14:04:49,697 modules.py:633 INFO Module foss/2021b not found in list of available modules, checking via 'module show'...
== 2022-10-12 14:04:50,796 modules.py:654 INFO Result for existence check of foss/2021b module: True
== 2022-10-12 14:04:52,228 build_log.py:169 ERROR EasyBuild crashed with an error (at easybuild/easybuild-framework/easybuild/base/exceptions.py:124 in __init__): Module command '/usr/share/lmod/lmod/libexec/lmod python load foss/2021b' failed with exit code 1; stderr: Lmod has detected the following error: A different version of the 'GCCcore' module is already loaded (see output of 'ml').
You should load another 'GCC' module for that is compatible with the currently loaded version of 'GCCcore'.
Use 'ml spider GCC' to get an overview of the available versions.


If you don't understand the warning or error, contact the helpdesk at hpc@ugent.be 
While processing the following module(s):
    Module fullname  Module Filename
    ---------------  ---------------
    GCC/11.2.0       /apps/gent/RHEL8/haswell-ib/modules/all/GCC/11.2.0.lua
    foss/2021b       /apps/gent/RHEL8/haswell-ib/modules/all/foss/2021b.lua

; stdout: _mlstatus = False
 (at easybuild/easybuild-framework/easybuild/tools/modules.py:838 in run_module)
== 2022-10-12 14:04:52,228 build_log.py:265 INFO ... (took 5 secs)
== 2022-10-12 14:04:52,228 filetools.py:2014 INFO Removing lock /scratch/gent/vo/001/gvo00117/easybuild/RHEL8/haswell-ib/software/.locks/_scratch_gent_vo_001_gvo00117_easybuild_RHEL8_haswell-ib_software_cctbx-base_2022.9-foss-2021b.lock...
== 2022-10-12 14:04:52,231 filetools.py:382 INFO Path /scratch/gent/vo/001/gvo00117/easybuild/RHEL8/haswell-ib/software/.locks/_scratch_gent_vo_001_gvo00117_easybuild_RHEL8_haswell-ib_software_cctbx-base_2022.9-foss-2021b.lock successfully removed.
== 2022-10-12 14:04:52,231 filetools.py:2018 INFO Lock removed: /scratch/gent/vo/001/gvo00117/easybuild/RHEL8/haswell-ib/software/.locks/_scratch_gent_vo_001_gvo00117_easybuild_RHEL8_haswell-ib_software_cctbx-base_2022.9-foss-2021b.lock
== 2022-10-12 14:04:52,231 easyblock.py:4090 WARNING build failed (first 300 chars): Module command '/usr/share/lmod/lmod/libexec/lmod python load foss/2021b' failed with exit code 1; stderr: Lmod has detected the following error: A different version of the 'GCCcore' module is already loaded (see output of 'ml').
You should load another 'GCC' module for that is compatible with the c
== 2022-10-12 14:04:52,232 easyblock.py:319 INFO Closing log for application name cctbx-base version 2022.9
