== 2022-10-10 16:32:27,887 easyblock.py:304 INFO This is EasyBuild 4.6.2.dev0-r3f63d69a6ad4cf85665ab50f7974b1949ef39bbb (framework: 4.6.2.dev0-r3f63d69a6ad4cf85665ab50f7974b1949ef39bbb, easyblocks: 4.6.2.dev0-r0e8d0ba2234bdb4b307ebd4295418f07d2de2e1c) on host node3702.slaking.os.
== 2022-10-10 16:32:27,888 easyblock.py:310 INFO This is easyblock PythonBundle from module easybuild.easyblocks.generic.pythonbundle (/user/gent/438/vsc43810/easybuild/easybuild-easyblocks/easybuild/easyblocks/generic/pythonbundle.py)
== 2022-10-10 16:32:27,888 easyblock.py:983 INFO Build dir set to /tmp/vsc43810/easybuild/build/AlphaPulldown/0.21.6/foss-2021b
== 2022-10-10 16:32:27,888 easyblock.py:1040 INFO Software install dir set to /scratch/gent/vo/001/gvo00117/easybuild/RHEL8/haswell-ib/software/AlphaPulldown/0.21.6-foss-2021b
== 2022-10-10 16:32:27,889 easyblock.py:1045 INFO Module install dir set to /scratch/gent/vo/001/gvo00117/easybuild/RHEL8/haswell-ib/modules/all
== 2022-10-10 16:32:27,889 easyblock.py:279 INFO Init completed for application name AlphaPulldown version 0.21.6
== 2022-10-10 16:32:27,889 pythonbundle.py:74 INFO Detection of downloaded extension dependencies is enabled
== 2022-10-10 16:32:27,890 pythonbundle.py:78 INFO exts_default_options: {'buildcmd': None, 'check_ldshared': None, 'download_dep_fail': True, 'install_src': None, 'install_target': 'install', 'pip_ignore_installed': True, 'pip_no_index': None, 'req_py_majver': None, 'req_py_minver': None, 'sanity_pip_check': True, 'runtest': True, 'unpack_sources': None, 'unversioned_packages': [], 'use_pip': True, 'use_pip_editable': False, 'use_pip_extras': None, 'use_pip_for_deps': False, 'use_pip_requirement': False, 'zipped_egg': False, 'source_urls': ['https://pypi.python.org/packages/source/A/AlphaPulldown'], 'options': {}}
== 2022-10-10 16:32:27,890 easyblock.py:4033 INFO Obtained application instance of for AlphaPulldown (easyblock: PythonBundle)
== 2022-10-10 16:32:27,891 easyconfig.py:1686 INFO Generating template values...
== 2022-10-10 16:32:27,891 mpi.py:120 INFO Using template MPI command 'mpirun -n %(nr_ranks)s %(cmd)s' for MPI family 'OpenMPI'
== 2022-10-10 16:32:27,891 mpi.py:305 INFO Using MPI command template 'mpirun -n %(nr_ranks)s %(cmd)s' (params: {'nr_ranks': 1, 'cmd': 'xxx_command_xxx'})
== 2022-10-10 16:32:27,892 easyconfig.py:1705 INFO Template values: arch='x86_64', bitbucket_account='alphapulldown', github_account='alphapulldown', module_name='AlphaPulldown/0.21.6-foss-2021b', mpi_cmd_prefix='mpirun -n 1', name='AlphaPulldown', nameletter='A', nameletterlower='a', namelower='alphapulldown', pymajver='3', pyminver='9', pyshortver='3.9', pyver='3.9.6', toolchain_name='foss', toolchain_version='2021b', version='0.21.6', version_major='0', version_major_minor='0.21', version_minor='21', versionprefix='', versionsuffix=''
== 2022-10-10 16:32:27,894 one.py:178 INFO Skipping reformatting value for parameter 'toolchain'
== 2022-10-10 16:32:27,895 filetools.py:1913 INFO Creating directory /tmp/vsc43810/eb-ytpcge7o/reprod_20221010163227_2927969 (parents: True, set_gid: False, sticky: False)
== 2022-10-10 16:32:27,896 easyblock.py:4287 INFO Dumped easyconfig instance to /tmp/vsc43810/eb-ytpcge7o/reprod_20221010163227_2927969/AlphaPulldown-0.21.6-foss-2021b.eb
== 2022-10-10 16:32:27,899 filetools.py:1913 INFO Creating directory /tmp/vsc43810/eb-ytpcge7o/reprod_20221010163227_2927969/easyblocks (parents: True, set_gid: False, sticky: False)
== 2022-10-10 16:32:27,915 filetools.py:2426 INFO /user/gent/438/vsc43810/easybuild/easybuild-easyblocks/easybuild/easyblocks/generic/bundle.py copied to /tmp/vsc43810/eb-ytpcge7o/reprod_20221010163227_2927969/easyblocks/bundle.py
== 2022-10-10 16:32:27,915 easyblock.py:4267 INFO Dumped easyblock bundle.py required for reproduction to /tmp/vsc43810/eb-ytpcge7o/reprod_20221010163227_2927969/easyblocks
== 2022-10-10 16:32:27,941 filetools.py:2426 INFO /user/gent/438/vsc43810/easybuild/easybuild-easyblocks/easybuild/easyblocks/generic/pythonbundle.py copied to /tmp/vsc43810/eb-ytpcge7o/reprod_20221010163227_2927969/easyblocks/pythonbundle.py
== 2022-10-10 16:32:27,941 easyblock.py:4267 INFO Dumped easyblock pythonbundle.py required for reproduction to /tmp/vsc43810/eb-ytpcge7o/reprod_20221010163227_2927969/easyblocks
== 2022-10-10 16:32:27,943 easyblock.py:2118 INFO Number of iterations to perform for central part of installation procedure: 1
== 2022-10-10 16:32:27,945 build_log.py:265 INFO building and installing AlphaPulldown/0.21.6-foss-2021b...
== 2022-10-10 16:32:27,959 filetools.py:2006 INFO Lock /scratch/gent/vo/001/gvo00117/easybuild/RHEL8/haswell-ib/software/.locks/_scratch_gent_vo_001_gvo00117_easybuild_RHEL8_haswell-ib_software_AlphaPulldown_0.21.6-foss-2021b.lock does not exist
== 2022-10-10 16:32:27,959 filetools.py:1947 INFO Creating lock at /scratch/gent/vo/001/gvo00117/easybuild/RHEL8/haswell-ib/software/.locks/_scratch_gent_vo_001_gvo00117_easybuild_RHEL8_haswell-ib_software_AlphaPulldown_0.21.6-foss-2021b.lock...
== 2022-10-10 16:32:27,960 filetools.py:1913 INFO Creating directory /scratch/gent/vo/001/gvo00117/easybuild/RHEL8/haswell-ib/software/.locks/_scratch_gent_vo_001_gvo00117_easybuild_RHEL8_haswell-ib_software_AlphaPulldown_0.21.6-foss-2021b.lock (parents: True, set_gid: False, sticky: False)
== 2022-10-10 16:32:27,961 filetools.py:1956 INFO Lock created: /scratch/gent/vo/001/gvo00117/easybuild/RHEL8/haswell-ib/software/.locks/_scratch_gent_vo_001_gvo00117_easybuild_RHEL8_haswell-ib_software_AlphaPulldown_0.21.6-foss-2021b.lock
== 2022-10-10 16:32:27,961 build_log.py:265 INFO fetching files...
== 2022-10-10 16:32:27,967 easyblock.py:3759 INFO Starting fetch step
== 2022-10-10 16:32:27,967 easyconfig.py:1686 INFO Generating template values...
== 2022-10-10 16:32:27,968 mpi.py:120 INFO Using template MPI command 'mpirun -n %(nr_ranks)s %(cmd)s' for MPI family 'OpenMPI'
== 2022-10-10 16:32:27,968 mpi.py:305 INFO Using MPI command template 'mpirun -n %(nr_ranks)s %(cmd)s' (params: {'nr_ranks': 1, 'cmd': 'xxx_command_xxx'})
== 2022-10-10 16:32:27,968 easyconfig.py:1705 INFO Template values: arch='x86_64', bitbucket_account='alphapulldown', builddir='/tmp/vsc43810/easybuild/build/AlphaPulldown/0.21.6/foss-2021b', github_account='alphapulldown', installdir='/scratch/gent/vo/001/gvo00117/easybuild/RHEL8/haswell-ib/software/AlphaPulldown/0.21.6-foss-2021b', module_name='AlphaPulldown/0.21.6-foss-2021b', mpi_cmd_prefix='mpirun -n 1', name='AlphaPulldown', nameletter='A', nameletterlower='a', namelower='alphapulldown', pymajver='3', pyminver='9', pyshortver='3.9', pyver='3.9.6', toolchain_name='foss', toolchain_version='2021b', version='0.21.6', version_major='0', version_major_minor='0.21', version_minor='21', versionprefix='', versionsuffix=''
== 2022-10-10 16:32:27,969 easyblock.py:3767 INFO Running method fetch_step part of step fetch
== 2022-10-10 16:32:27,969 easyblock.py:2240 WARNING Easyconfig does not specify an EasyBuild-version (key 'easybuild_version')! Assuming the latest version
== 2022-10-10 16:32:27,969 easyblock.py:2268 INFO no sources provided
== 2022-10-10 16:32:27,969 easyblock.py:2283 INFO no patches provided
== 2022-10-10 16:32:27,970 tools.py:271 INFO Found location to 'eb' script via $EB_SCRIPT_PATH: /user/gent/438/vsc43810/easybuild/easybuild-framework/eb
== 2022-10-10 16:32:27,971 tools.py:287 INFO Not considering /user/gent/438/vsc43810/easybuild (no easybuild/easyconfigs subdir found)
== 2022-10-10 16:32:27,972 tools.py:295 INFO Also considering installation prefix /kyukon/home/gent/438/vsc43810/easybuild (via resolved path to 'eb')...
== 2022-10-10 16:32:27,987 easyblock.py:794 INFO Found file PDBFixer-1.8.1.tar.gz at /data/gent/vo/001/gvo00117/easybuild/sources/a/AlphaPulldown/extensions/PDBFixer-1.8.1.tar.gz
== 2022-10-10 16:32:27,995 easyblock.py:637 INFO md5 checksum for /data/gent/vo/001/gvo00117/easybuild/sources/a/AlphaPulldown/extensions/PDBFixer-1.8.1.tar.gz: 9186c650d15bd3f0477ff7eadab24900
== 2022-10-10 16:32:28,000 easyblock.py:637 INFO sha256 checksum for /data/gent/vo/001/gvo00117/easybuild/sources/a/AlphaPulldown/extensions/PDBFixer-1.8.1.tar.gz: d50551abfe9dbaefc066f4d9d400cdebe57f1fefd9de9d01e12beb87efd99595
== 2022-10-10 16:32:28,001 easyblock.py:643 INFO Checksum for extension source PDBFixer-1.8.1.tar.gz verified
== 2022-10-10 16:32:28,001 easyblock.py:490 INFO Fetched extension patches: []
== 2022-10-10 16:32:28,002 tools.py:271 INFO Found location to 'eb' script via $EB_SCRIPT_PATH: /user/gent/438/vsc43810/easybuild/easybuild-framework/eb
== 2022-10-10 16:32:28,002 tools.py:287 INFO Not considering /user/gent/438/vsc43810/easybuild (no easybuild/easyconfigs subdir found)
== 2022-10-10 16:32:28,002 tools.py:295 INFO Also considering installation prefix /kyukon/home/gent/438/vsc43810/easybuild (via resolved path to 'eb')...
== 2022-10-10 16:32:28,340 filetools.py:819 INFO File size for https://pypi.python.org/simple/cctbx-base: 564
== 2022-10-10 16:32:28,340 filetools.py:269 INFO Not showing progress bar for downloading small file (size 564)
== 2022-10-10 16:32:28,344 filetools.py:826 INFO Downloaded file cctbx-base_urls.html from url https://pypi.python.org/simple/cctbx-base to /tmp/vsc43810/eb-ytpcge7o/tmp83kn58ji/cctbx-base_urls.html
== 2022-10-10 16:32:28,344 filetools.py:858 INFO Successful download of file cctbx-base_urls.html from url https://pypi.python.org/simple/cctbx-base to path /tmp/vsc43810/eb-ytpcge7o/tmp83kn58ji/cctbx-base_urls.html
== 2022-10-10 16:32:28,831 filetools.py:835 WARNING URL https://pypi.python.org/packages/source/c/cctbx-base/cctbx-base-2020.8.tar.gz was not found (HTTP response code 404), not trying again
== 2022-10-10 16:32:28,832 filetools.py:862 WARNING Download of https://pypi.python.org/packages/source/c/cctbx-base/cctbx-base-2020.8.tar.gz to /data/gent/vo/001/gvo00117/easybuild/sources/a/AlphaPulldown/extensions/cctbx-base-2020.8.tar.gz failed, done trying
== 2022-10-10 16:32:29,153 filetools.py:819 INFO File size for https://pypi.python.org/simple/alphapulldown: 2637
== 2022-10-10 16:32:29,153 filetools.py:269 INFO Not showing progress bar for downloading small file (size 2637)
== 2022-10-10 16:32:29,155 filetools.py:826 INFO Downloaded file AlphaPulldown_urls.html from url https://pypi.python.org/simple/alphapulldown to /tmp/vsc43810/eb-ytpcge7o/tmpcz3oz051/AlphaPulldown_urls.html
== 2022-10-10 16:32:29,156 filetools.py:858 INFO Successful download of file AlphaPulldown_urls.html from url https://pypi.python.org/simple/alphapulldown to path /tmp/vsc43810/eb-ytpcge7o/tmpcz3oz051/AlphaPulldown_urls.html
== 2022-10-10 16:32:29,568 filetools.py:835 WARNING URL https://pypi.python.org/packages/source/A/AlphaPulldown/cctbx-base-2020.8.tar.gz was not found (HTTP response code 404), not trying again
== 2022-10-10 16:32:29,569 filetools.py:862 WARNING Download of https://pypi.python.org/packages/source/A/AlphaPulldown/cctbx-base-2020.8.tar.gz to /data/gent/vo/001/gvo00117/easybuild/sources/a/AlphaPulldown/extensions/cctbx-base-2020.8.tar.gz failed, done trying
== 2022-10-10 16:32:30,009 filetools.py:835 WARNING URL https://sources.easybuild.io/a/AlphaPulldown/cctbx-base-2020.8.tar.gz was not found (HTTP response code 404), not trying again
== 2022-10-10 16:32:30,010 filetools.py:862 WARNING Download of https://sources.easybuild.io/a/AlphaPulldown/cctbx-base-2020.8.tar.gz to /data/gent/vo/001/gvo00117/easybuild/sources/a/AlphaPulldown/extensions/cctbx-base-2020.8.tar.gz failed, done trying
== 2022-10-10 16:32:30,448 build_log.py:169 ERROR EasyBuild crashed with an error (at easybuild/easybuild-framework/easybuild/base/exceptions.py:124 in __init__): Couldn't find file cctbx-base-2020.8.tar.gz anywhere, and downloading it didn't work either... Paths attempted (in order): /kyukon/home/gent/438/vsc43810/vsc-software-stack/39_alphapulldown/a/AlphaPulldown/extensions/cctbx-base-2020.8.tar.gz, /kyukon/home/gent/438/vsc43810/vsc-software-stack/39_alphapulldown/a/AlphaPulldown/packages/cctbx-base-2020.8.tar.gz, /kyukon/home/gent/438/vsc43810/vsc-software-stack/39_alphapulldown/a/AlphaPulldown/cctbx-base-2020.8.tar.gz, /kyukon/home/gent/438/vsc43810/vsc-software-stack/39_alphapulldown/AlphaPulldown/extensions/cctbx-base-2020.8.tar.gz, /kyukon/home/gent/438/vsc43810/vsc-software-stack/39_alphapulldown/AlphaPulldown/packages/cctbx-base-2020.8.tar.gz, /kyukon/home/gent/438/vsc43810/vsc-software-stack/39_alphapulldown/AlphaPulldown/cctbx-base-2020.8.tar.gz, /kyukon/home/gent/438/vsc43810/vsc-software-stack/39_alphapulldown/extensions/cctbx-base-2020.8.tar.gz, /kyukon/home/gent/438/vsc43810/vsc-software-stack/39_alphapulldown/packages/cctbx-base-2020.8.tar.gz, /kyukon/home/gent/438/vsc43810/vsc-software-stack/39_alphapulldown/cctbx-base-2020.8.tar.gz, /user/gent/438/vsc43810/easybuild/easybuild-easyconfigs/easybuild/easyconfigs/a/AlphaPulldown/extensions/cctbx-base-2020.8.tar.gz, /user/gent/438/vsc43810/easybuild/easybuild-easyconfigs/easybuild/easyconfigs/a/AlphaPulldown/packages/cctbx-base-2020.8.tar.gz, /user/gent/438/vsc43810/easybuild/easybuild-easyconfigs/easybuild/easyconfigs/a/AlphaPulldown/cctbx-base-2020.8.tar.gz, /user/gent/438/vsc43810/easybuild/easybuild-easyconfigs/easybuild/easyconfigs/AlphaPulldown/extensions/cctbx-base-2020.8.tar.gz, /user/gent/438/vsc43810/easybuild/easybuild-easyconfigs/easybuild/easyconfigs/AlphaPulldown/packages/cctbx-base-2020.8.tar.gz, /user/gent/438/vsc43810/easybuild/easybuild-easyconfigs/easybuild/easyconfigs/AlphaPulldown/cctbx-base-2020.8.tar.gz, /user/gent/438/vsc43810/easybuild/easybuild-easyconfigs/easybuild/easyconfigs/extensions/cctbx-base-2020.8.tar.gz, /user/gent/438/vsc43810/easybuild/easybuild-easyconfigs/easybuild/easyconfigs/packages/cctbx-base-2020.8.tar.gz, /user/gent/438/vsc43810/easybuild/easybuild-easyconfigs/easybuild/easyconfigs/cctbx-base-2020.8.tar.gz, /user/gent/438/vsc43810/easybuild/easybuild-easyconfigs/easybuild/easyconfigs/a/AlphaPulldown/extensions/cctbx-base-2020.8.tar.gz, /user/gent/438/vsc43810/easybuild/easybuild-easyconfigs/easybuild/easyconfigs/a/AlphaPulldown/packages/cctbx-base-2020.8.tar.gz, /user/gent/438/vsc43810/easybuild/easybuild-easyconfigs/easybuild/easyconfigs/a/AlphaPulldown/cctbx-base-2020.8.tar.gz, /user/gent/438/vsc43810/easybuild/easybuild-easyconfigs/easybuild/easyconfigs/AlphaPulldown/extensions/cctbx-base-2020.8.tar.gz, /user/gent/438/vsc43810/easybuild/easybuild-easyconfigs/easybuild/easyconfigs/AlphaPulldown/packages/cctbx-base-2020.8.tar.gz, /user/gent/438/vsc43810/easybuild/easybuild-easyconfigs/easybuild/easyconfigs/AlphaPulldown/cctbx-base-2020.8.tar.gz, /user/gent/438/vsc43810/easybuild/easybuild-easyconfigs/easybuild/easyconfigs/extensions/cctbx-base-2020.8.tar.gz, /user/gent/438/vsc43810/easybuild/easybuild-easyconfigs/easybuild/easyconfigs/packages/cctbx-base-2020.8.tar.gz, /user/gent/438/vsc43810/easybuild/easybuild-easyconfigs/easybuild/easyconfigs/cctbx-base-2020.8.tar.gz, /data/gent/vo/001/gvo00117/easybuild/sources/a/AlphaPulldown/extensions/cctbx-base-2020.8.tar.gz, /data/gent/vo/001/gvo00117/easybuild/sources/a/AlphaPulldown/packages/cctbx-base-2020.8.tar.gz, /data/gent/vo/001/gvo00117/easybuild/sources/a/AlphaPulldown/cctbx-base-2020.8.tar.gz, /data/gent/vo/001/gvo00117/easybuild/sources/AlphaPulldown/extensions/cctbx-base-2020.8.tar.gz, /data/gent/vo/001/gvo00117/easybuild/sources/AlphaPulldown/packages/cctbx-base-2020.8.tar.gz, /data/gent/vo/001/gvo00117/easybuild/sources/AlphaPulldown/cctbx-base-2020.8.tar.gz, /data/gent/vo/001/gvo00117/easybuild/sources/extensions/cctbx-base-2020.8.tar.gz, /data/gent/vo/001/gvo00117/easybuild/sources/packages/cctbx-base-2020.8.tar.gz, /data/gent/vo/001/gvo00117/easybuild/sources/cctbx-base-2020.8.tar.gz, /apps/gent/sources/a/AlphaPulldown/extensions/cctbx-base-2020.8.tar.gz, /apps/gent/sources/a/AlphaPulldown/packages/cctbx-base-2020.8.tar.gz, /apps/gent/sources/a/AlphaPulldown/cctbx-base-2020.8.tar.gz, /apps/gent/sources/AlphaPulldown/extensions/cctbx-base-2020.8.tar.gz, /apps/gent/sources/AlphaPulldown/packages/cctbx-base-2020.8.tar.gz, /apps/gent/sources/AlphaPulldown/cctbx-base-2020.8.tar.gz, /apps/gent/sources/extensions/cctbx-base-2020.8.tar.gz, /apps/gent/sources/packages/cctbx-base-2020.8.tar.gz, /apps/gent/sources/cctbx-base-2020.8.tar.gz, https://pypi.python.org/packages/source/c/cctbx-base/cctbx-base-2020.8.tar.gz, https://pypi.python.org/packages/source/A/AlphaPulldown/cctbx-base-2020.8.tar.gz, https://sources.easybuild.io/a/AlphaPulldown/cctbx-base-2020.8.tar.gz  (at easybuild/easybuild-framework/easybuild/framework/easyblock.py:905 in obtain_file)
== 2022-10-10 16:32:30,449 build_log.py:265 INFO ... (took 2 secs)
== 2022-10-10 16:32:30,455 filetools.py:2014 INFO Removing lock /scratch/gent/vo/001/gvo00117/easybuild/RHEL8/haswell-ib/software/.locks/_scratch_gent_vo_001_gvo00117_easybuild_RHEL8_haswell-ib_software_AlphaPulldown_0.21.6-foss-2021b.lock...
== 2022-10-10 16:32:30,456 filetools.py:382 INFO Path /scratch/gent/vo/001/gvo00117/easybuild/RHEL8/haswell-ib/software/.locks/_scratch_gent_vo_001_gvo00117_easybuild_RHEL8_haswell-ib_software_AlphaPulldown_0.21.6-foss-2021b.lock successfully removed.
== 2022-10-10 16:32:30,456 filetools.py:2018 INFO Lock removed: /scratch/gent/vo/001/gvo00117/easybuild/RHEL8/haswell-ib/software/.locks/_scratch_gent_vo_001_gvo00117_easybuild_RHEL8_haswell-ib_software_AlphaPulldown_0.21.6-foss-2021b.lock
== 2022-10-10 16:32:30,456 easyblock.py:4090 WARNING build failed (first 300 chars): Couldn't find file cctbx-base-2020.8.tar.gz anywhere, and downloading it didn't work either... Paths attempted (in order): /kyukon/home/gent/438/vsc43810/vsc-software-stack/39_alphapulldown/a/AlphaPulldown/extensions/cctbx-base-2020.8.tar.gz, /kyukon/home/gent/438/vsc43810/vsc-software-stack/39_alph
== 2022-10-10 16:32:30,457 easyblock.py:319 INFO Closing log for application name AlphaPulldown version 0.21.6
