# output for command: cmake  -DCMAKE_INSTALL_PREFIX=/scratch/gent/vo/001/gvo00117/easybuild/RHEL8/cascadelake-ampere-ib/software/libjxl/0.6.1-GCCcore-11.3.0 -DCMAKE_BUILD_TYPE=Release -DCMAKE_VERBOSE_MAKEFILE=ON -DCMAKE_FIND_USE_PACKAGE_REGISTRY=OFF -DJPEGXL_WARNINGS_AS_ERRORS=OFF -DJPEGXL_ENABLE_SJPEG=OFF -DJPEGXL_ENABLE_SKCMS=OFF -DJPEGXL_ENABLE_MANPAGES=OFF /tmp/vsc43810/easybuild/build/libjxl/0.6.1/GCCcore-11.3.0/libjxl-0.6.1/

-- The C compiler identification is GNU 11.3.0
-- The CXX compiler identification is GNU 11.3.0
-- Detecting C compiler ABI info
-- Detecting C compiler ABI info - done
-- Check for working C compiler: /apps/gent/RHEL8/cascadelake-ib/software/GCCcore/11.3.0/bin/gcc - skipped
-- Detecting C compile features
-- Detecting C compile features - done
-- Detecting CXX compiler ABI info
-- Detecting CXX compiler ABI info - done
-- Check for working CXX compiler: /apps/gent/RHEL8/cascadelake-ib/software/GCCcore/11.3.0/bin/g++ - skipped
-- Detecting CXX compile features
-- Detecting CXX compile features - done
-- Performing Test JPEGXL_EMSCRIPTEN
-- Performing Test JPEGXL_EMSCRIPTEN - Failed
-- CMAKE_SYSTEM_PROCESSOR is x86_64
-- Performing Test CXX_FUZZERS_SUPPORTED
-- Performing Test CXX_FUZZERS_SUPPORTED - Failed
-- Performing Test CXX_CONSTRUCTOR_ALIASES_SUPPORTED
-- Performing Test CXX_CONSTRUCTOR_ALIASES_SUPPORTED - Failed
-- Found PkgConfig: /apps/gent/RHEL8/cascadelake-ib/software/pkg-config/0.29.2-GCCcore-11.3.0/bin/pkg-config (found version "0.29.2") 
-- Compiled IDs C:GNU, C++:GNU
-- Looking for pthread.h
-- Looking for pthread.h - found
-- Performing Test CMAKE_HAVE_LIBC_PTHREAD
-- Performing Test CMAKE_HAVE_LIBC_PTHREAD - Failed
-- Check if compiler accepts -pthread
-- Check if compiler accepts -pthread - yes
-- Found Threads: TRUE  
-- Found GTest: /scratch/gent/vo/001/gvo00117/easybuild/RHEL8/cascadelake-ampere-ib/software/googletest/1.13.0-GCCcore-11.3.0/lib64/cmake/GTest/GTestConfig.cmake (found version "1.13.0")  
-- Found GMock: /scratch/gent/vo/001/gvo00117/easybuild/RHEL8/cascadelake-ampere-ib/software/googletest/1.13.0-GCCcore-11.3.0/include
-- Checking for module 'libhwy'
--   Found libhwy, version 1.0.3
-- Checking for module 'libbrotlienc'
--   Found libbrotlienc, version 1.0.9
-- Checking for module 'libbrotlidec'
--   Found libbrotlidec, version 1.0.9
-- Checking for module 'libbrotlicommon'
--   Found libbrotlicommon, version 1.0.9
-- Performing Test COMPILER_HAS_HIDDEN_VISIBILITY
-- Performing Test COMPILER_HAS_HIDDEN_VISIBILITY - Success
-- Performing Test COMPILER_HAS_HIDDEN_INLINE_VISIBILITY
-- Performing Test COMPILER_HAS_HIDDEN_INLINE_VISIBILITY - Success
-- Performing Test COMPILER_HAS_DEPRECATED_ATTR
-- Performing Test COMPILER_HAS_DEPRECATED_ATTR - Success
-- Checking for module 'libtcmalloc_minimal'
--   Found libtcmalloc_minimal, version 2.10
-- Found GIF: /apps/gent/RHEL8/cascadelake-ib/software/giflib/5.2.1-GCCcore-11.3.0/lib/libgif.so (found suitable version "5.2.1", minimum required is "5.1") 
-- Found JPEG: /apps/gent/RHEL8/cascadelake-ib/software/libjpeg-turbo/2.1.3-GCCcore-11.3.0/lib/libjpeg.so (found version "80") 
-- Found ZLIB: /apps/gent/RHEL8/cascadelake-ib/software/zlib/1.2.12-GCCcore-11.3.0/lib/libz.so (found version "1.2.12") 
-- Found PNG: /apps/gent/RHEL8/cascadelake-ib/software/libpng/1.6.37-GCCcore-11.3.0/lib/libpng.so (found version "1.6.37") 
-- Checking for module 'OpenEXR'
--   Found OpenEXR, version 3.1.5
-- Found Doxygen: /usr/bin/doxygen (found version "1.8.14") found components: doxygen dot 
-- Building with JPEGXL_VERSION=(unknown)
-- Checking for module 'libwebp'
--   Found libwebp, version 1.2.4
-- Checking for module 'libavif'
--   No package 'libavif' found
-- Building tools: cjxl;djxl;benchmark_xl
-- Configuring done
-- Generating done
-- Build files have been written to: /tmp/vsc43810/easybuild/build/libjxl/0.6.1/GCCcore-11.3.0/easybuild_obj
