# output for command: /apps/gent/RHEL8/cascadelake-ib/software/Python/3.10.4-GCCcore-11.3.0/bin/python -m pip install --prefix=/scratch/gent/vo/001/gvo00117/easybuild/RHEL8/cascadelake-ampere-ib/software/cellpose/2.2.2-foss-2022a  --no-deps  --ignore-installed  --no-index  --no-build-isolation  .

Processing /tmp/vsc43810/easybuild/build/cellpose/2.2.2/foss-2022a/opencvpythonheadless/opencv-python-headless-4.7.0.72
  Preparing metadata (pyproject.toml): started
  Preparing metadata (pyproject.toml): finished with status 'error'
  error: subprocess-exited-with-error
  
   Preparing metadata (pyproject.toml) did not run successfully.
   exit code: 1
  > [16 lines of output]
      Traceback (most recent call last):
        File "/apps/gent/RHEL8/cascadelake-ib/software/Python/3.10.4-GCCcore-11.3.0/lib/python3.10/site-packages/pip/_vendor/pep517/in_process/_in_process.py", line 363, in <module>
          main()
        File "/apps/gent/RHEL8/cascadelake-ib/software/Python/3.10.4-GCCcore-11.3.0/lib/python3.10/site-packages/pip/_vendor/pep517/in_process/_in_process.py", line 345, in main
          json_out['return_val'] = hook(**hook_input['kwargs'])
        File "/apps/gent/RHEL8/cascadelake-ib/software/Python/3.10.4-GCCcore-11.3.0/lib/python3.10/site-packages/pip/_vendor/pep517/in_process/_in_process.py", line 164, in prepare_metadata_for_build_wheel
          return hook(metadata_directory, config_settings)
        File "/apps/gent/RHEL8/cascadelake-ib/software/Python/3.10.4-GCCcore-11.3.0/lib/python3.10/site-packages/setuptools/build_meta.py", line 188, in prepare_metadata_for_build_wheel
          self.run_setup()
        File "/apps/gent/RHEL8/cascadelake-ib/software/Python/3.10.4-GCCcore-11.3.0/lib/python3.10/site-packages/setuptools/build_meta.py", line 281, in run_setup
          super(_BuildMetaLegacyBackend,
        File "/apps/gent/RHEL8/cascadelake-ib/software/Python/3.10.4-GCCcore-11.3.0/lib/python3.10/site-packages/setuptools/build_meta.py", line 174, in run_setup
          exec(compile(code, __file__, 'exec'), locals())
        File "setup.py", line 10, in <module>
          import skbuild
      ModuleNotFoundError: No module named 'skbuild'
      [end of output]
  
  note: This error originates from a subprocess, and is likely not a problem with pip.
error: metadata-generation-failed

 Encountered error while generating package metadata.
> See above for output.

note: This is an issue with the package mentioned above, not pip.
hint: See above for details.
