# output for command: /apps/gent/RHEL8/cascadelake-ib/software/Python/3.10.4-GCCcore-11.3.0/bin/python -m pip install --prefix=/scratch/gent/vo/001/gvo00117/easybuild/RHEL8/cascadelake-ampere-ib/software/cellpose/2.2.2-foss-2022a  --no-deps  --ignore-installed  --no-index  --no-build-isolation  .

Processing /tmp/vsc43810/easybuild/build/cellpose/2.2.2/foss-2022a/opencvpythonheadless/opencv-python-headless-4.7.0.72
  Preparing metadata (pyproject.toml): started
  Preparing metadata (pyproject.toml): finished with status 'done'
Building wheels for collected packages: opencv-python-headless
  Building wheel for opencv-python-headless (pyproject.toml): started
  Building wheel for opencv-python-headless (pyproject.toml): finished with status 'error'
  error: subprocess-exited-with-error
  
   Building wheel for opencv-python-headless (pyproject.toml) did not run successfully.
   exit code: 1
  > [9 lines of output]
        File "/apps/gent/RHEL8/cascadelake-ib/software/scikit-build/0.15.0-GCCcore-11.3.0/lib/python3.10/site-packages/skbuild/setuptools_wrap.py", line 613, in setup
          cmkr = cmaker.CMaker(cmake_executable)
        File "/apps/gent/RHEL8/cascadelake-ib/software/scikit-build/0.15.0-GCCcore-11.3.0/lib/python3.10/site-packages/skbuild/cmaker.py", line 141, in __init__
          self.cmake_version = get_cmake_version(self.cmake_executable)
        File "/apps/gent/RHEL8/cascadelake-ib/software/scikit-build/0.15.0-GCCcore-11.3.0/lib/python3.10/site-packages/skbuild/cmaker.py", line 95, in get_cmake_version
          raise SKBuildError(
      Traceback (most recent call last):
      
      Problem with the CMake installation, aborting build. CMake executable is cmake
      [end of output]
  
  note: This error originates from a subprocess, and is likely not a problem with pip.
  ERROR: Failed building wheel for opencv-python-headless
Failed to build opencv-python-headless
ERROR: Could not build wheels for opencv-python-headless, which is required to install pyproject.toml-based projects
